nohup: ignoring input
/home/dgxuser16/anaconda3/envs/ihpc/lib/python3.8/site-packages/albumentations/__init__.py:13: UserWarning: A new version of Albumentations is available: 2.0.4 (you have 1.4.18). Upgrade using: pip install -U albumentations. To disable automatic update checks, set the environment variable NO_ALBUMENTATIONS_UPDATE to 1.
  check_for_updates()
/raid/home/dgxuser16/NTL/mccarthy/ahmad/github/adaptive_privacy_fl/isic/adagrad/fixed_noise/4.88, e=1/flamby/datasets/fed_isic2019/dataset.py:222: DeprecationWarning: Flip is deprecated. Consider using HorizontalFlip, VerticalFlip, RandomRotate90 or D4.
  albumentations.Flip(p=0.5),
/home/dgxuser16/anaconda3/envs/ihpc/lib/python3.8/site-packages/pydantic/main.py:214: DeprecationWarning: `max_holes` is deprecated. Use num_holes_range instead.
  validated_self = self.__pydantic_validator__.validate_python(data, self_instance=self)
/home/dgxuser16/anaconda3/envs/ihpc/lib/python3.8/site-packages/pydantic/main.py:214: DeprecationWarning: `max_height` is deprecated. Use hole_height_range instead.
  validated_self = self.__pydantic_validator__.validate_python(data, self_instance=self)
/home/dgxuser16/anaconda3/envs/ihpc/lib/python3.8/site-packages/pydantic/main.py:214: DeprecationWarning: `max_width` is deprecated. Use hole_width_range instead.
  validated_self = self.__pydantic_validator__.validate_python(data, self_instance=self)
/home/dgxuser16/anaconda3/envs/ihpc/lib/python3.8/site-packages/albumentations/core/validation.py:45: DeprecationWarning: always_apply is deprecated. Use `p=1` if you want to always apply the transform. self.p will be set to 1.
  original_init(self, **validated_kwargs)
/home/dgxuser16/anaconda3/envs/ihpc/lib/python3.8/site-packages/albumentations/core/validation.py:45: DeprecationWarning: always_apply is deprecated. Use `p=1` if you want to always apply the transform. self.p will be set to 1.
  original_init(self, **validated_kwargs)
/home/dgxuser16/anaconda3/envs/ihpc/lib/python3.8/site-packages/opacus/privacy_engine.py:95: UserWarning: Secure RNG turned off. This is perfectly fine for experimentation as it allows for much faster training performance, but remember to turn it on and retrain one last time before production with ``secure_mode`` turned on.
  warnings.warn(
02/14/2025 11:20:16:DEBUG:Opened insecure gRPC connection (no certificates were passed)
02/14/2025 11:20:16:DEBUG:ChannelConnectivity.IDLE
02/14/2025 11:20:16:DEBUG:ChannelConnectivity.CONNECTING
02/14/2025 11:20:16:DEBUG:ChannelConnectivity.READY
WARNING: All log messages before absl::InitializeLog() is called are written to STDERR
I0000 00:00:1739560816.155084 1101172 fork_posix.cc:75] Other threads are currently calling into gRPC, skipping fork() handlers
[92mINFO [0m:      
02/14/2025 11:20:44:INFO:
[92mINFO [0m:      Received: train message e58b7747-d206-47e6-825d-00037d771c13
02/14/2025 11:20:44:INFO:Received: train message e58b7747-d206-47e6-825d-00037d771c13
/home/dgxuser16/anaconda3/envs/ihpc/lib/python3.8/site-packages/torch/nn/modules/module.py:1640: FutureWarning: Using a non-full backward hook when the forward contains multiple autograd Nodes is deprecated and will be removed in future versions. This hook will be missing some grad_input. Please use register_full_backward_hook to get the documented behavior.
  self._maybe_warn_non_full_backward_hook(args, result, grad_fn)
/home/dgxuser16/anaconda3/envs/ihpc/lib/python3.8/site-packages/opacus/accountants/analysis/rdp.py:332: UserWarning: Optimal order is the largest alpha. Please consider expanding the range of alphas to get a tighter privacy bound.
  warnings.warn(
[92mINFO [0m:      Sent reply
02/14/2025 11:23:06:INFO:Sent reply
[92mINFO [0m:      
02/14/2025 11:44:07:INFO:
[92mINFO [0m:      Received: evaluate message cf93914d-d6ac-4b02-a726-1afb4ae03c65
02/14/2025 11:44:07:INFO:Received: evaluate message cf93914d-d6ac-4b02-a726-1afb4ae03c65
[92mINFO [0m:      Sent reply
02/14/2025 11:47:50:INFO:Sent reply
[92mINFO [0m:      
02/14/2025 11:48:39:INFO:
[92mINFO [0m:      Received: train message 8f77ff51-7e9e-4306-8717-cb10540abad7
02/14/2025 11:48:39:INFO:Received: train message 8f77ff51-7e9e-4306-8717-cb10540abad7
/home/dgxuser16/anaconda3/envs/ihpc/lib/python3.8/site-packages/torch/nn/modules/module.py:1640: FutureWarning: Using a non-full backward hook when the forward contains multiple autograd Nodes is deprecated and will be removed in future versions. This hook will be missing some grad_input. Please use register_full_backward_hook to get the documented behavior.
  self._maybe_warn_non_full_backward_hook(args, result, grad_fn)
/home/dgxuser16/anaconda3/envs/ihpc/lib/python3.8/site-packages/opacus/accountants/analysis/rdp.py:332: UserWarning: Optimal order is the largest alpha. Please consider expanding the range of alphas to get a tighter privacy bound.
  warnings.warn(
[92mINFO [0m:      Sent reply
02/14/2025 11:50:38:INFO:Sent reply
[92mINFO [0m:      
02/14/2025 12:10:20:INFO:
[92mINFO [0m:      Received: evaluate message f8219f4b-0836-42b3-9478-faa394ffe24a
02/14/2025 12:10:20:INFO:Received: evaluate message f8219f4b-0836-42b3-9478-faa394ffe24a
[92mINFO [0m:      Sent reply
02/14/2025 12:14:37:INFO:Sent reply
[92mINFO [0m:      
02/14/2025 12:15:19:INFO:
[92mINFO [0m:      Received: train message 2e80b797-a8af-4ffb-bf05-3d96d4f909c5
02/14/2025 12:15:19:INFO:Received: train message 2e80b797-a8af-4ffb-bf05-3d96d4f909c5
/home/dgxuser16/anaconda3/envs/ihpc/lib/python3.8/site-packages/torch/nn/modules/module.py:1640: FutureWarning: Using a non-full backward hook when the forward contains multiple autograd Nodes is deprecated and will be removed in future versions. This hook will be missing some grad_input. Please use register_full_backward_hook to get the documented behavior.
  self._maybe_warn_non_full_backward_hook(args, result, grad_fn)
/home/dgxuser16/anaconda3/envs/ihpc/lib/python3.8/site-packages/opacus/accountants/analysis/rdp.py:332: UserWarning: Optimal order is the largest alpha. Please consider expanding the range of alphas to get a tighter privacy bound.
  warnings.warn(
[92mINFO [0m:      Sent reply
02/14/2025 12:17:40:INFO:Sent reply
[92mINFO [0m:      
02/14/2025 12:38:58:INFO:
[92mINFO [0m:      Received: evaluate message 83b75c03-8089-473d-92b4-e2f674bd9de9
02/14/2025 12:38:58:INFO:Received: evaluate message 83b75c03-8089-473d-92b4-e2f674bd9de9
[92mINFO [0m:      Sent reply
02/14/2025 12:42:50:INFO:Sent reply
[92mINFO [0m:      
02/14/2025 12:43:45:INFO:
[92mINFO [0m:      Received: train message 223a714d-0a27-4a70-afd6-617de84d816a
02/14/2025 12:43:45:INFO:Received: train message 223a714d-0a27-4a70-afd6-617de84d816a
/home/dgxuser16/anaconda3/envs/ihpc/lib/python3.8/site-packages/torch/nn/modules/module.py:1640: FutureWarning: Using a non-full backward hook when the forward contains multiple autograd Nodes is deprecated and will be removed in future versions. This hook will be missing some grad_input. Please use register_full_backward_hook to get the documented behavior.
  self._maybe_warn_non_full_backward_hook(args, result, grad_fn)
/home/dgxuser16/anaconda3/envs/ihpc/lib/python3.8/site-packages/opacus/accountants/analysis/rdp.py:332: UserWarning: Optimal order is the largest alpha. Please consider expanding the range of alphas to get a tighter privacy bound.
  warnings.warn(
[92mINFO [0m:      Sent reply
02/14/2025 12:45:27:INFO:Sent reply
[92mINFO [0m:      
02/14/2025 13:07:00:INFO:
[92mINFO [0m:      Received: evaluate message 38e7c66a-82a4-40f2-867e-d8ea6632da10
02/14/2025 13:07:00:INFO:Received: evaluate message 38e7c66a-82a4-40f2-867e-d8ea6632da10
[92mINFO [0m:      Sent reply
02/14/2025 13:11:04:INFO:Sent reply
[92mINFO [0m:      
02/14/2025 13:11:31:INFO:
[92mINFO [0m:      Received: train message 2345d34f-919c-4161-8361-6774662f5b6a
02/14/2025 13:11:31:INFO:Received: train message 2345d34f-919c-4161-8361-6774662f5b6a
/home/dgxuser16/anaconda3/envs/ihpc/lib/python3.8/site-packages/torch/nn/modules/module.py:1640: FutureWarning: Using a non-full backward hook when the forward contains multiple autograd Nodes is deprecated and will be removed in future versions. This hook will be missing some grad_input. Please use register_full_backward_hook to get the documented behavior.
  self._maybe_warn_non_full_backward_hook(args, result, grad_fn)
/home/dgxuser16/anaconda3/envs/ihpc/lib/python3.8/site-packages/opacus/accountants/analysis/rdp.py:332: UserWarning: Optimal order is the largest alpha. Please consider expanding the range of alphas to get a tighter privacy bound.
  warnings.warn(
[92mINFO [0m:      Sent reply
02/14/2025 13:12:47:INFO:Sent reply
[92mINFO [0m:      
02/14/2025 13:33:02:INFO:
[92mINFO [0m:      Received: evaluate message a8a9bcfa-4c50-48cf-868f-742c4d718aa7
02/14/2025 13:33:02:INFO:Received: evaluate message a8a9bcfa-4c50-48cf-868f-742c4d718aa7
[92mINFO [0m:      Sent reply
02/14/2025 13:36:52:INFO:Sent reply
[92mINFO [0m:      
02/14/2025 13:37:41:INFO:
[92mINFO [0m:      Received: train message 1ebb7d4a-a887-4886-9f3d-b35213e95849
02/14/2025 13:37:41:INFO:Received: train message 1ebb7d4a-a887-4886-9f3d-b35213e95849
/home/dgxuser16/anaconda3/envs/ihpc/lib/python3.8/site-packages/torch/nn/modules/module.py:1640: FutureWarning: Using a non-full backward hook when the forward contains multiple autograd Nodes is deprecated and will be removed in future versions. This hook will be missing some grad_input. Please use register_full_backward_hook to get the documented behavior.
  self._maybe_warn_non_full_backward_hook(args, result, grad_fn)
/home/dgxuser16/anaconda3/envs/ihpc/lib/python3.8/site-packages/opacus/accountants/analysis/rdp.py:332: UserWarning: Optimal order is the largest alpha. Please consider expanding the range of alphas to get a tighter privacy bound.
  warnings.warn(
[92mINFO [0m:      Sent reply
02/14/2025 13:39:49:INFO:Sent reply
[92mINFO [0m:      
02/14/2025 13:59:10:INFO:
[92mINFO [0m:      Received: evaluate message 8d6bd470-d31a-42fd-a623-8433bd1e729b
02/14/2025 13:59:10:INFO:Received: evaluate message 8d6bd470-d31a-42fd-a623-8433bd1e729b
[92mINFO [0m:      Sent reply
02/14/2025 14:02:34:INFO:Sent reply
[92mINFO [0m:      
02/14/2025 14:03:56:INFO:
[92mINFO [0m:      Received: train message 46540176-c18f-480e-8234-fac225fcc2a3
02/14/2025 14:03:56:INFO:Received: train message 46540176-c18f-480e-8234-fac225fcc2a3
/home/dgxuser16/anaconda3/envs/ihpc/lib/python3.8/site-packages/torch/nn/modules/module.py:1640: FutureWarning: Using a non-full backward hook when the forward contains multiple autograd Nodes is deprecated and will be removed in future versions. This hook will be missing some grad_input. Please use register_full_backward_hook to get the documented behavior.
  self._maybe_warn_non_full_backward_hook(args, result, grad_fn)
/home/dgxuser16/anaconda3/envs/ihpc/lib/python3.8/site-packages/opacus/accountants/analysis/rdp.py:332: UserWarning: Optimal order is the largest alpha. Please consider expanding the range of alphas to get a tighter privacy bound.
  warnings.warn(
[92mINFO [0m:      Sent reply
02/14/2025 14:06:12:INFO:Sent reply
[92mINFO [0m:      
02/14/2025 14:25:24:INFO:
[92mINFO [0m:      Received: evaluate message 6920ea41-6a40-4388-b371-58416272e564
02/14/2025 14:25:24:INFO:Received: evaluate message 6920ea41-6a40-4388-b371-58416272e564
[92mINFO [0m:      Sent reply
02/14/2025 14:29:25:INFO:Sent reply
[92mINFO [0m:      
02/14/2025 14:30:05:INFO:
[92mINFO [0m:      Received: train message 8e3bc39c-3a5c-4912-9f9e-97fc737f11da
02/14/2025 14:30:05:INFO:Received: train message 8e3bc39c-3a5c-4912-9f9e-97fc737f11da
/home/dgxuser16/anaconda3/envs/ihpc/lib/python3.8/site-packages/torch/nn/modules/module.py:1640: FutureWarning: Using a non-full backward hook when the forward contains multiple autograd Nodes is deprecated and will be removed in future versions. This hook will be missing some grad_input. Please use register_full_backward_hook to get the documented behavior.
  self._maybe_warn_non_full_backward_hook(args, result, grad_fn)
/home/dgxuser16/anaconda3/envs/ihpc/lib/python3.8/site-packages/opacus/accountants/analysis/rdp.py:332: UserWarning: Optimal order is the largest alpha. Please consider expanding the range of alphas to get a tighter privacy bound.
  warnings.warn(
[92mINFO [0m:      Sent reply
02/14/2025 14:32:25:INFO:Sent reply
[92mINFO [0m:      
02/14/2025 14:51:38:INFO:
[92mINFO [0m:      Received: evaluate message f38c9f54-b4f2-464a-ad6a-c1b0b3f48be9
02/14/2025 14:51:38:INFO:Received: evaluate message f38c9f54-b4f2-464a-ad6a-c1b0b3f48be9
[92mINFO [0m:      Sent reply
02/14/2025 14:55:30:INFO:Sent reply
[92mINFO [0m:      
02/14/2025 14:56:04:INFO:
[92mINFO [0m:      Received: train message 435a106d-2d78-4928-aa6c-3d3ff945ed95
02/14/2025 14:56:04:INFO:Received: train message 435a106d-2d78-4928-aa6c-3d3ff945ed95
/home/dgxuser16/anaconda3/envs/ihpc/lib/python3.8/site-packages/torch/nn/modules/module.py:1640: FutureWarning: Using a non-full backward hook when the forward contains multiple autograd Nodes is deprecated and will be removed in future versions. This hook will be missing some grad_input. Please use register_full_backward_hook to get the documented behavior.
  self._maybe_warn_non_full_backward_hook(args, result, grad_fn)
/home/dgxuser16/anaconda3/envs/ihpc/lib/python3.8/site-packages/opacus/accountants/analysis/rdp.py:332: UserWarning: Optimal order is the largest alpha. Please consider expanding the range of alphas to get a tighter privacy bound.
  warnings.warn(
[92mINFO [0m:      Sent reply
02/14/2025 14:58:21:INFO:Sent reply
[92mINFO [0m:      
02/14/2025 15:17:38:INFO:
[92mINFO [0m:      Received: evaluate message 8464882e-6e81-4019-833e-06a04d8e1e71
02/14/2025 15:17:38:INFO:Received: evaluate message 8464882e-6e81-4019-833e-06a04d8e1e71
[92mINFO [0m:      Sent reply
02/14/2025 15:21:34:INFO:Sent reply
[92mINFO [0m:      
02/14/2025 15:22:02:INFO:
[92mINFO [0m:      Received: train message 08b0c1ef-daa7-4542-a84c-e95d6885c2ba
02/14/2025 15:22:02:INFO:Received: train message 08b0c1ef-daa7-4542-a84c-e95d6885c2ba
/home/dgxuser16/anaconda3/envs/ihpc/lib/python3.8/site-packages/torch/nn/modules/module.py:1640: FutureWarning: Using a non-full backward hook when the forward contains multiple autograd Nodes is deprecated and will be removed in future versions. This hook will be missing some grad_input. Please use register_full_backward_hook to get the documented behavior.
  self._maybe_warn_non_full_backward_hook(args, result, grad_fn)
/home/dgxuser16/anaconda3/envs/ihpc/lib/python3.8/site-packages/opacus/accountants/analysis/rdp.py:332: UserWarning: Optimal order is the largest alpha. Please consider expanding the range of alphas to get a tighter privacy bound.
  warnings.warn(
[92mINFO [0m:      Sent reply
02/14/2025 15:24:11:INFO:Sent reply
[92mINFO [0m:      
02/14/2025 15:43:28:INFO:
[92mINFO [0m:      Received: evaluate message 28476671-984c-4e9e-89a7-fe057ffdb942
02/14/2025 15:43:28:INFO:Received: evaluate message 28476671-984c-4e9e-89a7-fe057ffdb942
[92mINFO [0m:      Sent reply
02/14/2025 15:47:22:INFO:Sent reply
[92mINFO [0m:      
02/14/2025 15:48:10:INFO:
[92mINFO [0m:      Received: train message a6e01862-8f1a-4d28-b347-bf992ed4e4b6
02/14/2025 15:48:10:INFO:Received: train message a6e01862-8f1a-4d28-b347-bf992ed4e4b6
/home/dgxuser16/anaconda3/envs/ihpc/lib/python3.8/site-packages/torch/nn/modules/module.py:1640: FutureWarning: Using a non-full backward hook when the forward contains multiple autograd Nodes is deprecated and will be removed in future versions. This hook will be missing some grad_input. Please use register_full_backward_hook to get the documented behavior.
  self._maybe_warn_non_full_backward_hook(args, result, grad_fn)
/home/dgxuser16/anaconda3/envs/ihpc/lib/python3.8/site-packages/opacus/accountants/analysis/rdp.py:332: UserWarning: Optimal order is the largest alpha. Please consider expanding the range of alphas to get a tighter privacy bound.
  warnings.warn(
[92mINFO [0m:      Sent reply
02/14/2025 15:50:22:INFO:Sent reply
[92mINFO [0m:      
02/14/2025 16:09:38:INFO:
[92mINFO [0m:      Received: evaluate message a3b01599-135c-4cb0-a39c-7cbb98d1bc2c
02/14/2025 16:09:38:INFO:Received: evaluate message a3b01599-135c-4cb0-a39c-7cbb98d1bc2c
[92mINFO [0m:      Sent reply
02/14/2025 16:13:29:INFO:Sent reply
[92mINFO [0m:      
02/14/2025 16:13:57:INFO:
[92mINFO [0m:      Received: train message e2aa164e-c7b4-40d4-9c76-efba04895aa3
02/14/2025 16:13:57:INFO:Received: train message e2aa164e-c7b4-40d4-9c76-efba04895aa3
/home/dgxuser16/anaconda3/envs/ihpc/lib/python3.8/site-packages/torch/nn/modules/module.py:1640: FutureWarning: Using a non-full backward hook when the forward contains multiple autograd Nodes is deprecated and will be removed in future versions. This hook will be missing some grad_input. Please use register_full_backward_hook to get the documented behavior.
  self._maybe_warn_non_full_backward_hook(args, result, grad_fn)
/home/dgxuser16/anaconda3/envs/ihpc/lib/python3.8/site-packages/opacus/accountants/analysis/rdp.py:332: UserWarning: Optimal order is the largest alpha. Please consider expanding the range of alphas to get a tighter privacy bound.
  warnings.warn(
[92mINFO [0m:      Sent reply
02/14/2025 16:16:12:INFO:Sent reply
[92mINFO [0m:      
02/14/2025 16:35:24:INFO:
[92mINFO [0m:      Received: evaluate message 0edf4423-9ccb-4520-b1fc-d22541e28ae4
02/14/2025 16:35:24:INFO:Received: evaluate message 0edf4423-9ccb-4520-b1fc-d22541e28ae4
[92mINFO [0m:      Sent reply
02/14/2025 16:39:09:INFO:Sent reply
[92mINFO [0m:      
02/14/2025 16:39:45:INFO:
[92mINFO [0m:      Received: train message 2614e92e-c81c-425f-aa0f-f096d97357ec
02/14/2025 16:39:45:INFO:Received: train message 2614e92e-c81c-425f-aa0f-f096d97357ec
/home/dgxuser16/anaconda3/envs/ihpc/lib/python3.8/site-packages/torch/nn/modules/module.py:1640: FutureWarning: Using a non-full backward hook when the forward contains multiple autograd Nodes is deprecated and will be removed in future versions. This hook will be missing some grad_input. Please use register_full_backward_hook to get the documented behavior.
  self._maybe_warn_non_full_backward_hook(args, result, grad_fn)
/home/dgxuser16/anaconda3/envs/ihpc/lib/python3.8/site-packages/opacus/accountants/analysis/rdp.py:332: UserWarning: Optimal order is the largest alpha. Please consider expanding the range of alphas to get a tighter privacy bound.
  warnings.warn(
[92mINFO [0m:      Sent reply
02/14/2025 16:41:43:INFO:Sent reply
[92mINFO [0m:      
02/14/2025 17:01:32:INFO:
[92mINFO [0m:      Received: evaluate message d0a505be-5068-4105-96aa-f87e6f5dd60a
02/14/2025 17:01:32:INFO:Received: evaluate message d0a505be-5068-4105-96aa-f87e6f5dd60a
[92mINFO [0m:      Sent reply
02/14/2025 17:05:24:INFO:Sent reply
[92mINFO [0m:      
02/14/2025 17:06:04:INFO:
[92mINFO [0m:      Received: train message e075e3d3-1949-4289-9207-7cb5c43803f3
02/14/2025 17:06:04:INFO:Received: train message e075e3d3-1949-4289-9207-7cb5c43803f3
/home/dgxuser16/anaconda3/envs/ihpc/lib/python3.8/site-packages/torch/nn/modules/module.py:1640: FutureWarning: Using a non-full backward hook when the forward contains multiple autograd Nodes is deprecated and will be removed in future versions. This hook will be missing some grad_input. Please use register_full_backward_hook to get the documented behavior.
  self._maybe_warn_non_full_backward_hook(args, result, grad_fn)
/home/dgxuser16/anaconda3/envs/ihpc/lib/python3.8/site-packages/opacus/accountants/analysis/rdp.py:332: UserWarning: Optimal order is the largest alpha. Please consider expanding the range of alphas to get a tighter privacy bound.
  warnings.warn(
[92mINFO [0m:      Sent reply
02/14/2025 17:08:22:INFO:Sent reply
[92mINFO [0m:      
02/14/2025 17:27:30:INFO:
[92mINFO [0m:      Received: evaluate message 0aa4d95b-7dfa-4802-b69a-df48293c3d62
02/14/2025 17:27:30:INFO:Received: evaluate message 0aa4d95b-7dfa-4802-b69a-df48293c3d62
[92mINFO [0m:      Sent reply
02/14/2025 17:31:27:INFO:Sent reply
[92mINFO [0m:      
02/14/2025 17:31:56:INFO:
[92mINFO [0m:      Received: train message 51b98c90-4a7d-40db-be2c-9e7c9ac89ce7
02/14/2025 17:31:56:INFO:Received: train message 51b98c90-4a7d-40db-be2c-9e7c9ac89ce7
/home/dgxuser16/anaconda3/envs/ihpc/lib/python3.8/site-packages/torch/nn/modules/module.py:1640: FutureWarning: Using a non-full backward hook when the forward contains multiple autograd Nodes is deprecated and will be removed in future versions. This hook will be missing some grad_input. Please use register_full_backward_hook to get the documented behavior.
  self._maybe_warn_non_full_backward_hook(args, result, grad_fn)
/home/dgxuser16/anaconda3/envs/ihpc/lib/python3.8/site-packages/opacus/accountants/analysis/rdp.py:332: UserWarning: Optimal order is the largest alpha. Please consider expanding the range of alphas to get a tighter privacy bound.
  warnings.warn(
[92mINFO [0m:      Sent reply
02/14/2025 17:34:15:INFO:Sent reply
[92mINFO [0m:      
02/14/2025 17:52:59:INFO:
[92mINFO [0m:      Received: evaluate message 29f6d2a1-4b1f-4a85-ad5e-03467a00cff4
02/14/2025 17:52:59:INFO:Received: evaluate message 29f6d2a1-4b1f-4a85-ad5e-03467a00cff4
['/raid/home/dgxuser16/NTL/mccarthy/ahmad/github/adaptive_privacy_fl/isic/adagrad/fixed_noise/4.88, e=1', '/home/dgxuser16/anaconda3/envs/ihpc/lib/python38.zip', '/home/dgxuser16/anaconda3/envs/ihpc/lib/python3.8', '/home/dgxuser16/anaconda3/envs/ihpc/lib/python3.8/lib-dynload', '/home/dgxuser16/anaconda3/envs/ihpc/lib/python3.8/site-packages', '/raid/home/dgxuser16/NTL/mccarthy/ahmad/github/adaptive_privacy_fl/isic/adagrad/fixed_noise/4.88, e=1']
Device: cuda:0
Params: {'batch_size': 32, 'local_epochs': 3, 'full_dataset_size': 18597, 'number_of_classes': 8}
Privacy Params: {'target_delta': 1e-05, 'noise_multiplier': 4.88, 'max_grad_norm': 1.0}
Epsilon = 0.40

{'loss': [2.192890558231275], 'accuracy': [0.08175594039468385], 'auc': [0.5225034526463914]}

Epsilon = 0.57

{'loss': [2.192890558231275, 2.1445161396584296], 'accuracy': [0.08175594039468385, 0.10672573499798631], 'auc': [0.5225034526463914, 0.5311538688698586]}

Epsilon = 0.71

{'loss': [2.192890558231275, 2.1445161396584296, 2.101044772279104], 'accuracy': [0.08175594039468385, 0.10672573499798631, 0.14981876761981475], 'auc': [0.5225034526463914, 0.5311538688698586, 0.5372963378539186]}

Epsilon = 0.82

{'loss': [2.192890558231275, 2.1445161396584296, 2.101044772279104, 2.0643893426049393], 'accuracy': [0.08175594039468385, 0.10672573499798631, 0.14981876761981475, 0.19532823197744664], 'auc': [0.5225034526463914, 0.5311538688698586, 0.5372963378539186, 0.5433870920172775]}

Epsilon = 0.93

{'loss': [2.192890558231275, 2.1445161396584296, 2.101044772279104, 2.0643893426049393, 2.033452144227967], 'accuracy': [0.08175594039468385, 0.10672573499798631, 0.14981876761981475, 0.19532823197744664, 0.22956101490132905], 'auc': [0.5225034526463914, 0.5311538688698586, 0.5372963378539186, 0.5433870920172775, 0.5487402956467224]}

Epsilon = 1.02

{'loss': [2.192890558231275, 2.1445161396584296, 2.101044772279104, 2.0643893426049393, 2.033452144227967, 2.0084249004451586], 'accuracy': [0.08175594039468385, 0.10672573499798631, 0.14981876761981475, 0.19532823197744664, 0.22956101490132905, 0.2621828433346758], 'auc': [0.5225034526463914, 0.5311538688698586, 0.5372963378539186, 0.5433870920172775, 0.5487402956467224, 0.5535136251686942]}

Epsilon = 1.11

{'loss': [2.192890558231275, 2.1445161396584296, 2.101044772279104, 2.0643893426049393, 2.033452144227967, 2.0084249004451586, 1.9845776373563253], 'accuracy': [0.08175594039468385, 0.10672573499798631, 0.14981876761981475, 0.19532823197744664, 0.22956101490132905, 0.2621828433346758, 0.2964156262585582], 'auc': [0.5225034526463914, 0.5311538688698586, 0.5372963378539186, 0.5433870920172775, 0.5487402956467224, 0.5535136251686942, 0.5590113818698506]}

Epsilon = 1.19

{'loss': [2.192890558231275, 2.1445161396584296, 2.101044772279104, 2.0643893426049393, 2.033452144227967, 2.0084249004451586, 1.9845776373563253, 1.9615983574130196], 'accuracy': [0.08175594039468385, 0.10672573499798631, 0.14981876761981475, 0.19532823197744664, 0.22956101490132905, 0.2621828433346758, 0.2964156262585582, 0.31413612565445026], 'auc': [0.5225034526463914, 0.5311538688698586, 0.5372963378539186, 0.5433870920172775, 0.5487402956467224, 0.5535136251686942, 0.5590113818698506, 0.5643146503330558]}

Epsilon = 1.27

{'loss': [2.192890558231275, 2.1445161396584296, 2.101044772279104, 2.0643893426049393, 2.033452144227967, 2.0084249004451586, 1.9845776373563253, 1.9615983574130196, 1.9406287411840701], 'accuracy': [0.08175594039468385, 0.10672573499798631, 0.14981876761981475, 0.19532823197744664, 0.22956101490132905, 0.2621828433346758, 0.2964156262585582, 0.31413612565445026, 0.33225936367297626], 'auc': [0.5225034526463914, 0.5311538688698586, 0.5372963378539186, 0.5433870920172775, 0.5487402956467224, 0.5535136251686942, 0.5590113818698506, 0.5643146503330558, 0.5687688885125647]}

Epsilon = 1.34

{'loss': [2.192890558231275, 2.1445161396584296, 2.101044772279104, 2.0643893426049393, 2.033452144227967, 2.0084249004451586, 1.9845776373563253, 1.9615983574130196, 1.9406287411840701, 1.9219684793831022], 'accuracy': [0.08175594039468385, 0.10672573499798631, 0.14981876761981475, 0.19532823197744664, 0.22956101490132905, 0.2621828433346758, 0.2964156262585582, 0.31413612565445026, 0.33225936367297626, 0.34313330648409185], 'auc': [0.5225034526463914, 0.5311538688698586, 0.5372963378539186, 0.5433870920172775, 0.5487402956467224, 0.5535136251686942, 0.5590113818698506, 0.5643146503330558, 0.5687688885125647, 0.5736005595389746]}

Epsilon = 1.41

{'loss': [2.192890558231275, 2.1445161396584296, 2.101044772279104, 2.0643893426049393, 2.033452144227967, 2.0084249004451586, 1.9845776373563253, 1.9615983574130196, 1.9406287411840701, 1.9219684793831022, 1.9069589853190723], 'accuracy': [0.08175594039468385, 0.10672573499798631, 0.14981876761981475, 0.19532823197744664, 0.22956101490132905, 0.2621828433346758, 0.2964156262585582, 0.31413612565445026, 0.33225936367297626, 0.34313330648409185, 0.3507853403141361], 'auc': [0.5225034526463914, 0.5311538688698586, 0.5372963378539186, 0.5433870920172775, 0.5487402956467224, 0.5535136251686942, 0.5590113818698506, 0.5643146503330558, 0.5687688885125647, 0.5736005595389746, 0.5771656964237187]}

Epsilon = 1.48

{'loss': [2.192890558231275, 2.1445161396584296, 2.101044772279104, 2.0643893426049393, 2.033452144227967, 2.0084249004451586, 1.9845776373563253, 1.9615983574130196, 1.9406287411840701, 1.9219684793831022, 1.9069589853190723, 1.8907972821486463], 'accuracy': [0.08175594039468385, 0.10672573499798631, 0.14981876761981475, 0.19532823197744664, 0.22956101490132905, 0.2621828433346758, 0.2964156262585582, 0.31413612565445026, 0.33225936367297626, 0.34313330648409185, 0.3507853403141361, 0.3596455900120822], 'auc': [0.5225034526463914, 0.5311538688698586, 0.5372963378539186, 0.5433870920172775, 0.5487402956467224, 0.5535136251686942, 0.5590113818698506, 0.5643146503330558, 0.5687688885125647, 0.5736005595389746, 0.5771656964237187, 0.5806189399511641]}

Epsilon = 1.55

{'loss': [2.192890558231275, 2.1445161396584296, 2.101044772279104, 2.0643893426049393, 2.033452144227967, 2.0084249004451586, 1.9845776373563253, 1.9615983574130196, 1.9406287411840701, 1.9219684793831022, 1.9069589853190723, 1.8907972821486463, 1.8763317348397264], 'accuracy': [0.08175594039468385, 0.10672573499798631, 0.14981876761981475, 0.19532823197744664, 0.22956101490132905, 0.2621828433346758, 0.2964156262585582, 0.31413612565445026, 0.33225936367297626, 0.34313330648409185, 0.3507853403141361, 0.3596455900120822, 0.36045106725735], 'auc': [0.5225034526463914, 0.5311538688698586, 0.5372963378539186, 0.5433870920172775, 0.5487402956467224, 0.5535136251686942, 0.5590113818698506, 0.5643146503330558, 0.5687688885125647, 0.5736005595389746, 0.5771656964237187, 0.5806189399511641, 0.583833865739181]}

Epsilon = 1.61

{'loss': [2.192890558231275, 2.1445161396584296, 2.101044772279104, 2.0643893426049393, 2.033452144227967, 2.0084249004451586, 1.9845776373563253, 1.9615983574130196, 1.9406287411840701, 1.9219684793831022, 1.9069589853190723, 1.8907972821486463, 1.8763317348397264, 1.8632927430621857], 'accuracy': [0.08175594039468385, 0.10672573499798631, 0.14981876761981475, 0.19532823197744664, 0.22956101490132905, 0.2621828433346758, 0.2964156262585582, 0.31413612565445026, 0.33225936367297626, 0.34313330648409185, 0.3507853403141361, 0.3596455900120822, 0.36045106725735, 0.36608940797422473], 'auc': [0.5225034526463914, 0.5311538688698586, 0.5372963378539186, 0.5433870920172775, 0.5487402956467224, 0.5535136251686942, 0.5590113818698506, 0.5643146503330558, 0.5687688885125647, 0.5736005595389746, 0.5771656964237187, 0.5806189399511641, 0.583833865739181, 0.5862005349604605]}

Epsilon = 1.67
[92mINFO [0m:      Sent reply
02/14/2025 17:56:00:INFO:Sent reply
[92mINFO [0m:      
02/14/2025 17:57:46:INFO:
[92mINFO [0m:      Received: train message 418dc35c-abf7-4dbf-87ab-16798263c400
02/14/2025 17:57:46:INFO:Received: train message 418dc35c-abf7-4dbf-87ab-16798263c400
/home/dgxuser16/anaconda3/envs/ihpc/lib/python3.8/site-packages/torch/nn/modules/module.py:1640: FutureWarning: Using a non-full backward hook when the forward contains multiple autograd Nodes is deprecated and will be removed in future versions. This hook will be missing some grad_input. Please use register_full_backward_hook to get the documented behavior.
  self._maybe_warn_non_full_backward_hook(args, result, grad_fn)
/home/dgxuser16/anaconda3/envs/ihpc/lib/python3.8/site-packages/opacus/accountants/analysis/rdp.py:332: UserWarning: Optimal order is the largest alpha. Please consider expanding the range of alphas to get a tighter privacy bound.
  warnings.warn(
[92mINFO [0m:      Sent reply
02/14/2025 18:00:10:INFO:Sent reply
[92mINFO [0m:      
02/14/2025 18:19:23:INFO:
[92mINFO [0m:      Received: evaluate message ec290aa7-e385-4943-ac01-336856d706a0
02/14/2025 18:19:23:INFO:Received: evaluate message ec290aa7-e385-4943-ac01-336856d706a0
[92mINFO [0m:      Sent reply
02/14/2025 18:23:21:INFO:Sent reply
[92mINFO [0m:      
02/14/2025 18:23:41:INFO:
[92mINFO [0m:      Received: train message 7f3fa572-8511-4d56-ac6e-2b31a8afb782
02/14/2025 18:23:41:INFO:Received: train message 7f3fa572-8511-4d56-ac6e-2b31a8afb782
/home/dgxuser16/anaconda3/envs/ihpc/lib/python3.8/site-packages/torch/nn/modules/module.py:1640: FutureWarning: Using a non-full backward hook when the forward contains multiple autograd Nodes is deprecated and will be removed in future versions. This hook will be missing some grad_input. Please use register_full_backward_hook to get the documented behavior.
  self._maybe_warn_non_full_backward_hook(args, result, grad_fn)
/home/dgxuser16/anaconda3/envs/ihpc/lib/python3.8/site-packages/opacus/accountants/analysis/rdp.py:332: UserWarning: Optimal order is the largest alpha. Please consider expanding the range of alphas to get a tighter privacy bound.
  warnings.warn(
[92mINFO [0m:      Sent reply
02/14/2025 18:25:41:INFO:Sent reply
[92mINFO [0m:      
02/14/2025 18:45:12:INFO:
[92mINFO [0m:      Received: evaluate message a4e03dbd-fb33-445e-be54-147f9fd2aecd
02/14/2025 18:45:12:INFO:Received: evaluate message a4e03dbd-fb33-445e-be54-147f9fd2aecd
[92mINFO [0m:      Sent reply
02/14/2025 18:49:07:INFO:Sent reply
[92mINFO [0m:      
02/14/2025 18:49:42:INFO:
[92mINFO [0m:      Received: train message ad9b0130-7617-499f-926f-6cae709ea9e3
02/14/2025 18:49:42:INFO:Received: train message ad9b0130-7617-499f-926f-6cae709ea9e3
/home/dgxuser16/anaconda3/envs/ihpc/lib/python3.8/site-packages/torch/nn/modules/module.py:1640: FutureWarning: Using a non-full backward hook when the forward contains multiple autograd Nodes is deprecated and will be removed in future versions. This hook will be missing some grad_input. Please use register_full_backward_hook to get the documented behavior.
  self._maybe_warn_non_full_backward_hook(args, result, grad_fn)
/home/dgxuser16/anaconda3/envs/ihpc/lib/python3.8/site-packages/opacus/accountants/analysis/rdp.py:332: UserWarning: Optimal order is the largest alpha. Please consider expanding the range of alphas to get a tighter privacy bound.
  warnings.warn(
[92mINFO [0m:      Sent reply
02/14/2025 18:52:00:INFO:Sent reply
[92mINFO [0m:      
02/14/2025 19:11:16:INFO:
[92mINFO [0m:      Received: evaluate message bd21b1a3-edc7-4fe8-83e9-03b2e20ca99b
02/14/2025 19:11:16:INFO:Received: evaluate message bd21b1a3-edc7-4fe8-83e9-03b2e20ca99b
[92mINFO [0m:      Sent reply
02/14/2025 19:15:12:INFO:Sent reply
[92mINFO [0m:      
02/14/2025 19:15:27:INFO:
[92mINFO [0m:      Received: train message b9f4c148-7abb-482a-9658-7c09897f2e63
02/14/2025 19:15:27:INFO:Received: train message b9f4c148-7abb-482a-9658-7c09897f2e63
/home/dgxuser16/anaconda3/envs/ihpc/lib/python3.8/site-packages/torch/nn/modules/module.py:1640: FutureWarning: Using a non-full backward hook when the forward contains multiple autograd Nodes is deprecated and will be removed in future versions. This hook will be missing some grad_input. Please use register_full_backward_hook to get the documented behavior.
  self._maybe_warn_non_full_backward_hook(args, result, grad_fn)
/home/dgxuser16/anaconda3/envs/ihpc/lib/python3.8/site-packages/opacus/accountants/analysis/rdp.py:332: UserWarning: Optimal order is the largest alpha. Please consider expanding the range of alphas to get a tighter privacy bound.
  warnings.warn(
[92mINFO [0m:      Sent reply
02/14/2025 19:16:40:INFO:Sent reply
[92mINFO [0m:      
02/14/2025 19:36:57:INFO:
[92mINFO [0m:      Received: evaluate message f14cc062-86ef-4ea5-b0ac-b51805de68ee
02/14/2025 19:36:57:INFO:Received: evaluate message f14cc062-86ef-4ea5-b0ac-b51805de68ee
[92mINFO [0m:      Sent reply
02/14/2025 19:40:24:INFO:Sent reply
[92mINFO [0m:      
02/14/2025 19:41:38:INFO:
[92mINFO [0m:      Received: train message 4b43a379-66a5-48ce-a440-b3bafa9b1dec
02/14/2025 19:41:38:INFO:Received: train message 4b43a379-66a5-48ce-a440-b3bafa9b1dec
/home/dgxuser16/anaconda3/envs/ihpc/lib/python3.8/site-packages/torch/nn/modules/module.py:1640: FutureWarning: Using a non-full backward hook when the forward contains multiple autograd Nodes is deprecated and will be removed in future versions. This hook will be missing some grad_input. Please use register_full_backward_hook to get the documented behavior.
  self._maybe_warn_non_full_backward_hook(args, result, grad_fn)
/home/dgxuser16/anaconda3/envs/ihpc/lib/python3.8/site-packages/opacus/accountants/analysis/rdp.py:332: UserWarning: Optimal order is the largest alpha. Please consider expanding the range of alphas to get a tighter privacy bound.
  warnings.warn(
[92mINFO [0m:      Sent reply
02/14/2025 19:43:48:INFO:Sent reply
[92mINFO [0m:      
02/14/2025 20:03:32:INFO:
[92mINFO [0m:      Received: evaluate message b7067910-5703-457a-98d6-ec2987bc29b5
02/14/2025 20:03:32:INFO:Received: evaluate message b7067910-5703-457a-98d6-ec2987bc29b5
[92mINFO [0m:      Sent reply
02/14/2025 20:07:24:INFO:Sent reply
[92mINFO [0m:      
02/14/2025 20:07:58:INFO:
[92mINFO [0m:      Received: train message 6e7fd67b-df22-4c76-9432-df6417540830
02/14/2025 20:07:58:INFO:Received: train message 6e7fd67b-df22-4c76-9432-df6417540830
/home/dgxuser16/anaconda3/envs/ihpc/lib/python3.8/site-packages/torch/nn/modules/module.py:1640: FutureWarning: Using a non-full backward hook when the forward contains multiple autograd Nodes is deprecated and will be removed in future versions. This hook will be missing some grad_input. Please use register_full_backward_hook to get the documented behavior.
  self._maybe_warn_non_full_backward_hook(args, result, grad_fn)
/home/dgxuser16/anaconda3/envs/ihpc/lib/python3.8/site-packages/opacus/accountants/analysis/rdp.py:332: UserWarning: Optimal order is the largest alpha. Please consider expanding the range of alphas to get a tighter privacy bound.
  warnings.warn(
[92mINFO [0m:      Sent reply
02/14/2025 20:10:16:INFO:Sent reply
[92mINFO [0m:      
02/14/2025 20:29:31:INFO:
[92mINFO [0m:      Received: evaluate message 98e81235-619f-47cf-a8ce-3414a6452240
02/14/2025 20:29:31:INFO:Received: evaluate message 98e81235-619f-47cf-a8ce-3414a6452240
[92mINFO [0m:      Sent reply
02/14/2025 20:33:29:INFO:Sent reply
[92mINFO [0m:      
02/14/2025 20:34:02:INFO:
[92mINFO [0m:      Received: train message 71cb83e0-8c0f-4755-8677-87f8e159f7b8
02/14/2025 20:34:02:INFO:Received: train message 71cb83e0-8c0f-4755-8677-87f8e159f7b8
/home/dgxuser16/anaconda3/envs/ihpc/lib/python3.8/site-packages/torch/nn/modules/module.py:1640: FutureWarning: Using a non-full backward hook when the forward contains multiple autograd Nodes is deprecated and will be removed in future versions. This hook will be missing some grad_input. Please use register_full_backward_hook to get the documented behavior.
  self._maybe_warn_non_full_backward_hook(args, result, grad_fn)
/home/dgxuser16/anaconda3/envs/ihpc/lib/python3.8/site-packages/opacus/accountants/analysis/rdp.py:332: UserWarning: Optimal order is the largest alpha. Please consider expanding the range of alphas to get a tighter privacy bound.
  warnings.warn(
[92mINFO [0m:      Sent reply
02/14/2025 20:36:17:INFO:Sent reply
[92mINFO [0m:      
02/14/2025 20:55:41:INFO:
[92mINFO [0m:      Received: evaluate message 4f1bb380-a3fa-48e3-8174-2deb1e59865b
02/14/2025 20:55:41:INFO:Received: evaluate message 4f1bb380-a3fa-48e3-8174-2deb1e59865b

{'loss': [2.192890558231275, 2.1445161396584296, 2.101044772279104, 2.0643893426049393, 2.033452144227967, 2.0084249004451586, 1.9845776373563253, 1.9615983574130196, 1.9406287411840701, 1.9219684793831022, 1.9069589853190723, 1.8907972821486463, 1.8763317348397264, 1.8632927430621857, 1.8511679442333109], 'accuracy': [0.08175594039468385, 0.10672573499798631, 0.14981876761981475, 0.19532823197744664, 0.22956101490132905, 0.2621828433346758, 0.2964156262585582, 0.31413612565445026, 0.33225936367297626, 0.34313330648409185, 0.3507853403141361, 0.3596455900120822, 0.36045106725735, 0.36608940797422473, 0.369311316955296], 'auc': [0.5225034526463914, 0.5311538688698586, 0.5372963378539186, 0.5433870920172775, 0.5487402956467224, 0.5535136251686942, 0.5590113818698506, 0.5643146503330558, 0.5687688885125647, 0.5736005595389746, 0.5771656964237187, 0.5806189399511641, 0.583833865739181, 0.5862005349604605, 0.5889773051310143]}

Epsilon = 1.73

{'loss': [2.192890558231275, 2.1445161396584296, 2.101044772279104, 2.0643893426049393, 2.033452144227967, 2.0084249004451586, 1.9845776373563253, 1.9615983574130196, 1.9406287411840701, 1.9219684793831022, 1.9069589853190723, 1.8907972821486463, 1.8763317348397264, 1.8632927430621857, 1.8511679442333109, 1.8399083876004874], 'accuracy': [0.08175594039468385, 0.10672573499798631, 0.14981876761981475, 0.19532823197744664, 0.22956101490132905, 0.2621828433346758, 0.2964156262585582, 0.31413612565445026, 0.33225936367297626, 0.34313330648409185, 0.3507853403141361, 0.3596455900120822, 0.36045106725735, 0.36608940797422473, 0.369311316955296, 0.37333870318163515], 'auc': [0.5225034526463914, 0.5311538688698586, 0.5372963378539186, 0.5433870920172775, 0.5487402956467224, 0.5535136251686942, 0.5590113818698506, 0.5643146503330558, 0.5687688885125647, 0.5736005595389746, 0.5771656964237187, 0.5806189399511641, 0.583833865739181, 0.5862005349604605, 0.5889773051310143, 0.5914058844190733]}

Epsilon = 1.79

{'loss': [2.192890558231275, 2.1445161396584296, 2.101044772279104, 2.0643893426049393, 2.033452144227967, 2.0084249004451586, 1.9845776373563253, 1.9615983574130196, 1.9406287411840701, 1.9219684793831022, 1.9069589853190723, 1.8907972821486463, 1.8763317348397264, 1.8632927430621857, 1.8511679442333109, 1.8399083876004874, 1.82851007740391], 'accuracy': [0.08175594039468385, 0.10672573499798631, 0.14981876761981475, 0.19532823197744664, 0.22956101490132905, 0.2621828433346758, 0.2964156262585582, 0.31413612565445026, 0.33225936367297626, 0.34313330648409185, 0.3507853403141361, 0.3596455900120822, 0.36045106725735, 0.36608940797422473, 0.369311316955296, 0.37333870318163515, 0.3773660894079742], 'auc': [0.5225034526463914, 0.5311538688698586, 0.5372963378539186, 0.5433870920172775, 0.5487402956467224, 0.5535136251686942, 0.5590113818698506, 0.5643146503330558, 0.5687688885125647, 0.5736005595389746, 0.5771656964237187, 0.5806189399511641, 0.583833865739181, 0.5862005349604605, 0.5889773051310143, 0.5914058844190733, 0.5938592040859347]}

Epsilon = 1.85

{'loss': [2.192890558231275, 2.1445161396584296, 2.101044772279104, 2.0643893426049393, 2.033452144227967, 2.0084249004451586, 1.9845776373563253, 1.9615983574130196, 1.9406287411840701, 1.9219684793831022, 1.9069589853190723, 1.8907972821486463, 1.8763317348397264, 1.8632927430621857, 1.8511679442333109, 1.8399083876004874, 1.82851007740391, 1.8181697873400913], 'accuracy': [0.08175594039468385, 0.10672573499798631, 0.14981876761981475, 0.19532823197744664, 0.22956101490132905, 0.2621828433346758, 0.2964156262585582, 0.31413612565445026, 0.33225936367297626, 0.34313330648409185, 0.3507853403141361, 0.3596455900120822, 0.36045106725735, 0.36608940797422473, 0.369311316955296, 0.37333870318163515, 0.3773660894079742, 0.3769633507853403], 'auc': [0.5225034526463914, 0.5311538688698586, 0.5372963378539186, 0.5433870920172775, 0.5487402956467224, 0.5535136251686942, 0.5590113818698506, 0.5643146503330558, 0.5687688885125647, 0.5736005595389746, 0.5771656964237187, 0.5806189399511641, 0.583833865739181, 0.5862005349604605, 0.5889773051310143, 0.5914058844190733, 0.5938592040859347, 0.5972153219170462]}

Epsilon = 1.90

{'loss': [2.192890558231275, 2.1445161396584296, 2.101044772279104, 2.0643893426049393, 2.033452144227967, 2.0084249004451586, 1.9845776373563253, 1.9615983574130196, 1.9406287411840701, 1.9219684793831022, 1.9069589853190723, 1.8907972821486463, 1.8763317348397264, 1.8632927430621857, 1.8511679442333109, 1.8399083876004874, 1.82851007740391, 1.8181697873400913, 1.807805509083318], 'accuracy': [0.08175594039468385, 0.10672573499798631, 0.14981876761981475, 0.19532823197744664, 0.22956101490132905, 0.2621828433346758, 0.2964156262585582, 0.31413612565445026, 0.33225936367297626, 0.34313330648409185, 0.3507853403141361, 0.3596455900120822, 0.36045106725735, 0.36608940797422473, 0.369311316955296, 0.37333870318163515, 0.3773660894079742, 0.3769633507853403, 0.37776882803060813], 'auc': [0.5225034526463914, 0.5311538688698586, 0.5372963378539186, 0.5433870920172775, 0.5487402956467224, 0.5535136251686942, 0.5590113818698506, 0.5643146503330558, 0.5687688885125647, 0.5736005595389746, 0.5771656964237187, 0.5806189399511641, 0.583833865739181, 0.5862005349604605, 0.5889773051310143, 0.5914058844190733, 0.5938592040859347, 0.5972153219170462, 0.6004269273687957]}

Epsilon = 1.96

{'loss': [2.192890558231275, 2.1445161396584296, 2.101044772279104, 2.0643893426049393, 2.033452144227967, 2.0084249004451586, 1.9845776373563253, 1.9615983574130196, 1.9406287411840701, 1.9219684793831022, 1.9069589853190723, 1.8907972821486463, 1.8763317348397264, 1.8632927430621857, 1.8511679442333109, 1.8399083876004874, 1.82851007740391, 1.8181697873400913, 1.807805509083318, 1.7988135672076497], 'accuracy': [0.08175594039468385, 0.10672573499798631, 0.14981876761981475, 0.19532823197744664, 0.22956101490132905, 0.2621828433346758, 0.2964156262585582, 0.31413612565445026, 0.33225936367297626, 0.34313330648409185, 0.3507853403141361, 0.3596455900120822, 0.36045106725735, 0.36608940797422473, 0.369311316955296, 0.37333870318163515, 0.3773660894079742, 0.3769633507853403, 0.37776882803060813, 0.37857430527587593], 'auc': [0.5225034526463914, 0.5311538688698586, 0.5372963378539186, 0.5433870920172775, 0.5487402956467224, 0.5535136251686942, 0.5590113818698506, 0.5643146503330558, 0.5687688885125647, 0.5736005595389746, 0.5771656964237187, 0.5806189399511641, 0.583833865739181, 0.5862005349604605, 0.5889773051310143, 0.5914058844190733, 0.5938592040859347, 0.5972153219170462, 0.6004269273687957, 0.6026775561772916]}

Epsilon = 2.01

{'loss': [2.192890558231275, 2.1445161396584296, 2.101044772279104, 2.0643893426049393, 2.033452144227967, 2.0084249004451586, 1.9845776373563253, 1.9615983574130196, 1.9406287411840701, 1.9219684793831022, 1.9069589853190723, 1.8907972821486463, 1.8763317348397264, 1.8632927430621857, 1.8511679442333109, 1.8399083876004874, 1.82851007740391, 1.8181697873400913, 1.807805509083318, 1.7988135672076497, 1.7907167193969316], 'accuracy': [0.08175594039468385, 0.10672573499798631, 0.14981876761981475, 0.19532823197744664, 0.22956101490132905, 0.2621828433346758, 0.2964156262585582, 0.31413612565445026, 0.33225936367297626, 0.34313330648409185, 0.3507853403141361, 0.3596455900120822, 0.36045106725735, 0.36608940797422473, 0.369311316955296, 0.37333870318163515, 0.3773660894079742, 0.3769633507853403, 0.37776882803060813, 0.37857430527587593, 0.38219895287958117], 'auc': [0.5225034526463914, 0.5311538688698586, 0.5372963378539186, 0.5433870920172775, 0.5487402956467224, 0.5535136251686942, 0.5590113818698506, 0.5643146503330558, 0.5687688885125647, 0.5736005595389746, 0.5771656964237187, 0.5806189399511641, 0.583833865739181, 0.5862005349604605, 0.5889773051310143, 0.5914058844190733, 0.5938592040859347, 0.5972153219170462, 0.6004269273687957, 0.6026775561772916, 0.604912597581535]}

Epsilon = 2.06
[92mINFO [0m:      Sent reply
02/14/2025 20:59:41:INFO:Sent reply
[92mINFO [0m:      
02/14/2025 21:00:14:INFO:
[92mINFO [0m:      Received: train message abe8ba4b-6bde-432c-a3ba-5b80bacda18c
02/14/2025 21:00:14:INFO:Received: train message abe8ba4b-6bde-432c-a3ba-5b80bacda18c
/home/dgxuser16/anaconda3/envs/ihpc/lib/python3.8/site-packages/torch/nn/modules/module.py:1640: FutureWarning: Using a non-full backward hook when the forward contains multiple autograd Nodes is deprecated and will be removed in future versions. This hook will be missing some grad_input. Please use register_full_backward_hook to get the documented behavior.
  self._maybe_warn_non_full_backward_hook(args, result, grad_fn)
/home/dgxuser16/anaconda3/envs/ihpc/lib/python3.8/site-packages/opacus/accountants/analysis/rdp.py:332: UserWarning: Optimal order is the largest alpha. Please consider expanding the range of alphas to get a tighter privacy bound.
  warnings.warn(
[92mINFO [0m:      Sent reply
02/14/2025 21:02:26:INFO:Sent reply
[92mINFO [0m:      
02/14/2025 21:21:53:INFO:
[92mINFO [0m:      Received: evaluate message a1a734e7-9bed-46b0-9754-aa3624294fd6
02/14/2025 21:21:53:INFO:Received: evaluate message a1a734e7-9bed-46b0-9754-aa3624294fd6
[92mINFO [0m:      Sent reply
02/14/2025 21:25:38:INFO:Sent reply
[92mINFO [0m:      
02/14/2025 21:26:18:INFO:
[92mINFO [0m:      Received: train message 6509321d-3663-4b5e-8faa-83fc9f7e90d7
02/14/2025 21:26:18:INFO:Received: train message 6509321d-3663-4b5e-8faa-83fc9f7e90d7
/home/dgxuser16/anaconda3/envs/ihpc/lib/python3.8/site-packages/torch/nn/modules/module.py:1640: FutureWarning: Using a non-full backward hook when the forward contains multiple autograd Nodes is deprecated and will be removed in future versions. This hook will be missing some grad_input. Please use register_full_backward_hook to get the documented behavior.
  self._maybe_warn_non_full_backward_hook(args, result, grad_fn)
/home/dgxuser16/anaconda3/envs/ihpc/lib/python3.8/site-packages/opacus/accountants/analysis/rdp.py:332: UserWarning: Optimal order is the largest alpha. Please consider expanding the range of alphas to get a tighter privacy bound.
  warnings.warn(
[92mINFO [0m:      Sent reply
02/14/2025 21:28:35:INFO:Sent reply
[92mINFO [0m:      
02/14/2025 21:47:49:INFO:
[92mINFO [0m:      Received: evaluate message 1a588977-6c88-4498-a4a1-bd2a70e06bc7
02/14/2025 21:47:49:INFO:Received: evaluate message 1a588977-6c88-4498-a4a1-bd2a70e06bc7
[92mINFO [0m:      Sent reply
02/14/2025 21:51:30:INFO:Sent reply
[92mINFO [0m:      
02/14/2025 21:52:27:INFO:
[92mINFO [0m:      Received: train message e34ca5c4-95c8-4d2b-af0f-a0c2bcf5d6d8
02/14/2025 21:52:27:INFO:Received: train message e34ca5c4-95c8-4d2b-af0f-a0c2bcf5d6d8
/home/dgxuser16/anaconda3/envs/ihpc/lib/python3.8/site-packages/torch/nn/modules/module.py:1640: FutureWarning: Using a non-full backward hook when the forward contains multiple autograd Nodes is deprecated and will be removed in future versions. This hook will be missing some grad_input. Please use register_full_backward_hook to get the documented behavior.
  self._maybe_warn_non_full_backward_hook(args, result, grad_fn)
/home/dgxuser16/anaconda3/envs/ihpc/lib/python3.8/site-packages/opacus/accountants/analysis/rdp.py:332: UserWarning: Optimal order is the largest alpha. Please consider expanding the range of alphas to get a tighter privacy bound.
  warnings.warn(
[92mINFO [0m:      Sent reply
02/14/2025 21:54:39:INFO:Sent reply
[92mINFO [0m:      
02/14/2025 22:14:15:INFO:
[92mINFO [0m:      Received: evaluate message 2f9a93a6-0085-449a-a88b-e2efe1c557de
02/14/2025 22:14:15:INFO:Received: evaluate message 2f9a93a6-0085-449a-a88b-e2efe1c557de
[92mINFO [0m:      Sent reply
02/14/2025 22:18:01:INFO:Sent reply
[92mINFO [0m:      
02/14/2025 22:18:36:INFO:
[92mINFO [0m:      Received: train message 0d393dcf-1dc9-46c3-a977-223ceaf35635
02/14/2025 22:18:36:INFO:Received: train message 0d393dcf-1dc9-46c3-a977-223ceaf35635
/home/dgxuser16/anaconda3/envs/ihpc/lib/python3.8/site-packages/torch/nn/modules/module.py:1640: FutureWarning: Using a non-full backward hook when the forward contains multiple autograd Nodes is deprecated and will be removed in future versions. This hook will be missing some grad_input. Please use register_full_backward_hook to get the documented behavior.
  self._maybe_warn_non_full_backward_hook(args, result, grad_fn)
/home/dgxuser16/anaconda3/envs/ihpc/lib/python3.8/site-packages/opacus/accountants/analysis/rdp.py:332: UserWarning: Optimal order is the largest alpha. Please consider expanding the range of alphas to get a tighter privacy bound.
  warnings.warn(
[92mINFO [0m:      Sent reply
02/14/2025 22:20:48:INFO:Sent reply
[92mINFO [0m:      
02/14/2025 22:39:45:INFO:
[92mINFO [0m:      Received: evaluate message f2571f17-7f83-409b-a075-55fc9df35b8f
02/14/2025 22:39:45:INFO:Received: evaluate message f2571f17-7f83-409b-a075-55fc9df35b8f
[92mINFO [0m:      Sent reply
02/14/2025 22:43:45:INFO:Sent reply
[92mINFO [0m:      
02/14/2025 22:44:18:INFO:
[92mINFO [0m:      Received: train message 965c5ad6-08ca-4c3b-9111-caf12434cfcc
02/14/2025 22:44:18:INFO:Received: train message 965c5ad6-08ca-4c3b-9111-caf12434cfcc
/home/dgxuser16/anaconda3/envs/ihpc/lib/python3.8/site-packages/torch/nn/modules/module.py:1640: FutureWarning: Using a non-full backward hook when the forward contains multiple autograd Nodes is deprecated and will be removed in future versions. This hook will be missing some grad_input. Please use register_full_backward_hook to get the documented behavior.
  self._maybe_warn_non_full_backward_hook(args, result, grad_fn)
/home/dgxuser16/anaconda3/envs/ihpc/lib/python3.8/site-packages/opacus/accountants/analysis/rdp.py:332: UserWarning: Optimal order is the largest alpha. Please consider expanding the range of alphas to get a tighter privacy bound.
  warnings.warn(
[92mINFO [0m:      Sent reply
02/14/2025 22:46:32:INFO:Sent reply
[92mINFO [0m:      
02/14/2025 23:05:10:INFO:
[92mINFO [0m:      Received: evaluate message 08748bd2-9ab4-46f8-a309-9695d6141904
02/14/2025 23:05:10:INFO:Received: evaluate message 08748bd2-9ab4-46f8-a309-9695d6141904

{'loss': [2.192890558231275, 2.1445161396584296, 2.101044772279104, 2.0643893426049393, 2.033452144227967, 2.0084249004451586, 1.9845776373563253, 1.9615983574130196, 1.9406287411840701, 1.9219684793831022, 1.9069589853190723, 1.8907972821486463, 1.8763317348397264, 1.8632927430621857, 1.8511679442333109, 1.8399083876004874, 1.82851007740391, 1.8181697873400913, 1.807805509083318, 1.7988135672076497, 1.7907167193969316, 1.7824797569817226], 'accuracy': [0.08175594039468385, 0.10672573499798631, 0.14981876761981475, 0.19532823197744664, 0.22956101490132905, 0.2621828433346758, 0.2964156262585582, 0.31413612565445026, 0.33225936367297626, 0.34313330648409185, 0.3507853403141361, 0.3596455900120822, 0.36045106725735, 0.36608940797422473, 0.369311316955296, 0.37333870318163515, 0.3773660894079742, 0.3769633507853403, 0.37776882803060813, 0.37857430527587593, 0.38219895287958117, 0.3813934756343133], 'auc': [0.5225034526463914, 0.5311538688698586, 0.5372963378539186, 0.5433870920172775, 0.5487402956467224, 0.5535136251686942, 0.5590113818698506, 0.5643146503330558, 0.5687688885125647, 0.5736005595389746, 0.5771656964237187, 0.5806189399511641, 0.583833865739181, 0.5862005349604605, 0.5889773051310143, 0.5914058844190733, 0.5938592040859347, 0.5972153219170462, 0.6004269273687957, 0.6026775561772916, 0.604912597581535, 0.6070335350807448]}

Epsilon = 2.11

{'loss': [2.192890558231275, 2.1445161396584296, 2.101044772279104, 2.0643893426049393, 2.033452144227967, 2.0084249004451586, 1.9845776373563253, 1.9615983574130196, 1.9406287411840701, 1.9219684793831022, 1.9069589853190723, 1.8907972821486463, 1.8763317348397264, 1.8632927430621857, 1.8511679442333109, 1.8399083876004874, 1.82851007740391, 1.8181697873400913, 1.807805509083318, 1.7988135672076497, 1.7907167193969316, 1.7824797569817226, 1.7744692965375768], 'accuracy': [0.08175594039468385, 0.10672573499798631, 0.14981876761981475, 0.19532823197744664, 0.22956101490132905, 0.2621828433346758, 0.2964156262585582, 0.31413612565445026, 0.33225936367297626, 0.34313330648409185, 0.3507853403141361, 0.3596455900120822, 0.36045106725735, 0.36608940797422473, 0.369311316955296, 0.37333870318163515, 0.3773660894079742, 0.3769633507853403, 0.37776882803060813, 0.37857430527587593, 0.38219895287958117, 0.3813934756343133, 0.3805879983890455], 'auc': [0.5225034526463914, 0.5311538688698586, 0.5372963378539186, 0.5433870920172775, 0.5487402956467224, 0.5535136251686942, 0.5590113818698506, 0.5643146503330558, 0.5687688885125647, 0.5736005595389746, 0.5771656964237187, 0.5806189399511641, 0.583833865739181, 0.5862005349604605, 0.5889773051310143, 0.5914058844190733, 0.5938592040859347, 0.5972153219170462, 0.6004269273687957, 0.6026775561772916, 0.604912597581535, 0.6070335350807448, 0.6097865594214139]}

Epsilon = 2.16

{'loss': [2.192890558231275, 2.1445161396584296, 2.101044772279104, 2.0643893426049393, 2.033452144227967, 2.0084249004451586, 1.9845776373563253, 1.9615983574130196, 1.9406287411840701, 1.9219684793831022, 1.9069589853190723, 1.8907972821486463, 1.8763317348397264, 1.8632927430621857, 1.8511679442333109, 1.8399083876004874, 1.82851007740391, 1.8181697873400913, 1.807805509083318, 1.7988135672076497, 1.7907167193969316, 1.7824797569817226, 1.7744692965375768, 1.766881871549919], 'accuracy': [0.08175594039468385, 0.10672573499798631, 0.14981876761981475, 0.19532823197744664, 0.22956101490132905, 0.2621828433346758, 0.2964156262585582, 0.31413612565445026, 0.33225936367297626, 0.34313330648409185, 0.3507853403141361, 0.3596455900120822, 0.36045106725735, 0.36608940797422473, 0.369311316955296, 0.37333870318163515, 0.3773660894079742, 0.3769633507853403, 0.37776882803060813, 0.37857430527587593, 0.38219895287958117, 0.3813934756343133, 0.3805879983890455, 0.3805879983890455], 'auc': [0.5225034526463914, 0.5311538688698586, 0.5372963378539186, 0.5433870920172775, 0.5487402956467224, 0.5535136251686942, 0.5590113818698506, 0.5643146503330558, 0.5687688885125647, 0.5736005595389746, 0.5771656964237187, 0.5806189399511641, 0.583833865739181, 0.5862005349604605, 0.5889773051310143, 0.5914058844190733, 0.5938592040859347, 0.5972153219170462, 0.6004269273687957, 0.6026775561772916, 0.604912597581535, 0.6070335350807448, 0.6097865594214139, 0.6120379865323113]}

Epsilon = 2.21

{'loss': [2.192890558231275, 2.1445161396584296, 2.101044772279104, 2.0643893426049393, 2.033452144227967, 2.0084249004451586, 1.9845776373563253, 1.9615983574130196, 1.9406287411840701, 1.9219684793831022, 1.9069589853190723, 1.8907972821486463, 1.8763317348397264, 1.8632927430621857, 1.8511679442333109, 1.8399083876004874, 1.82851007740391, 1.8181697873400913, 1.807805509083318, 1.7988135672076497, 1.7907167193969316, 1.7824797569817226, 1.7744692965375768, 1.766881871549919, 1.7592001497097376], 'accuracy': [0.08175594039468385, 0.10672573499798631, 0.14981876761981475, 0.19532823197744664, 0.22956101490132905, 0.2621828433346758, 0.2964156262585582, 0.31413612565445026, 0.33225936367297626, 0.34313330648409185, 0.3507853403141361, 0.3596455900120822, 0.36045106725735, 0.36608940797422473, 0.369311316955296, 0.37333870318163515, 0.3773660894079742, 0.3769633507853403, 0.37776882803060813, 0.37857430527587593, 0.38219895287958117, 0.3813934756343133, 0.3805879983890455, 0.3805879983890455, 0.3809907370116794], 'auc': [0.5225034526463914, 0.5311538688698586, 0.5372963378539186, 0.5433870920172775, 0.5487402956467224, 0.5535136251686942, 0.5590113818698506, 0.5643146503330558, 0.5687688885125647, 0.5736005595389746, 0.5771656964237187, 0.5806189399511641, 0.583833865739181, 0.5862005349604605, 0.5889773051310143, 0.5914058844190733, 0.5938592040859347, 0.5972153219170462, 0.6004269273687957, 0.6026775561772916, 0.604912597581535, 0.6070335350807448, 0.6097865594214139, 0.6120379865323113, 0.6138684750655794]}

Epsilon = 2.26

{'loss': [2.192890558231275, 2.1445161396584296, 2.101044772279104, 2.0643893426049393, 2.033452144227967, 2.0084249004451586, 1.9845776373563253, 1.9615983574130196, 1.9406287411840701, 1.9219684793831022, 1.9069589853190723, 1.8907972821486463, 1.8763317348397264, 1.8632927430621857, 1.8511679442333109, 1.8399083876004874, 1.82851007740391, 1.8181697873400913, 1.807805509083318, 1.7988135672076497, 1.7907167193969316, 1.7824797569817226, 1.7744692965375768, 1.766881871549919, 1.7592001497097376, 1.7516656380433302], 'accuracy': [0.08175594039468385, 0.10672573499798631, 0.14981876761981475, 0.19532823197744664, 0.22956101490132905, 0.2621828433346758, 0.2964156262585582, 0.31413612565445026, 0.33225936367297626, 0.34313330648409185, 0.3507853403141361, 0.3596455900120822, 0.36045106725735, 0.36608940797422473, 0.369311316955296, 0.37333870318163515, 0.3773660894079742, 0.3769633507853403, 0.37776882803060813, 0.37857430527587593, 0.38219895287958117, 0.3813934756343133, 0.3805879983890455, 0.3805879983890455, 0.3809907370116794, 0.3809907370116794], 'auc': [0.5225034526463914, 0.5311538688698586, 0.5372963378539186, 0.5433870920172775, 0.5487402956467224, 0.5535136251686942, 0.5590113818698506, 0.5643146503330558, 0.5687688885125647, 0.5736005595389746, 0.5771656964237187, 0.5806189399511641, 0.583833865739181, 0.5862005349604605, 0.5889773051310143, 0.5914058844190733, 0.5938592040859347, 0.5972153219170462, 0.6004269273687957, 0.6026775561772916, 0.604912597581535, 0.6070335350807448, 0.6097865594214139, 0.6120379865323113, 0.6138684750655794, 0.6155050482692538]}

Epsilon = 2.31
[92mINFO [0m:      Sent reply
02/14/2025 23:09:04:INFO:Sent reply
[92mINFO [0m:      
02/14/2025 23:09:41:INFO:
[92mINFO [0m:      Received: train message 64849651-1399-4255-98be-c5e33606ea00
02/14/2025 23:09:41:INFO:Received: train message 64849651-1399-4255-98be-c5e33606ea00
/home/dgxuser16/anaconda3/envs/ihpc/lib/python3.8/site-packages/torch/nn/modules/module.py:1640: FutureWarning: Using a non-full backward hook when the forward contains multiple autograd Nodes is deprecated and will be removed in future versions. This hook will be missing some grad_input. Please use register_full_backward_hook to get the documented behavior.
  self._maybe_warn_non_full_backward_hook(args, result, grad_fn)
/home/dgxuser16/anaconda3/envs/ihpc/lib/python3.8/site-packages/opacus/accountants/analysis/rdp.py:332: UserWarning: Optimal order is the largest alpha. Please consider expanding the range of alphas to get a tighter privacy bound.
  warnings.warn(
[92mINFO [0m:      Sent reply
02/14/2025 23:11:38:INFO:Sent reply
[92mINFO [0m:      
02/14/2025 23:31:08:INFO:
[92mINFO [0m:      Received: evaluate message 670fd819-c6d2-48ab-8c8e-266af09b8bf5
02/14/2025 23:31:08:INFO:Received: evaluate message 670fd819-c6d2-48ab-8c8e-266af09b8bf5
[92mINFO [0m:      Sent reply
02/14/2025 23:34:56:INFO:Sent reply
[92mINFO [0m:      
02/14/2025 23:35:32:INFO:
[92mINFO [0m:      Received: train message 2fbf1989-3ac3-48c7-bd77-6bab62e6e721
02/14/2025 23:35:32:INFO:Received: train message 2fbf1989-3ac3-48c7-bd77-6bab62e6e721
/home/dgxuser16/anaconda3/envs/ihpc/lib/python3.8/site-packages/torch/nn/modules/module.py:1640: FutureWarning: Using a non-full backward hook when the forward contains multiple autograd Nodes is deprecated and will be removed in future versions. This hook will be missing some grad_input. Please use register_full_backward_hook to get the documented behavior.
  self._maybe_warn_non_full_backward_hook(args, result, grad_fn)
/home/dgxuser16/anaconda3/envs/ihpc/lib/python3.8/site-packages/opacus/accountants/analysis/rdp.py:332: UserWarning: Optimal order is the largest alpha. Please consider expanding the range of alphas to get a tighter privacy bound.
  warnings.warn(
[92mINFO [0m:      Sent reply
02/14/2025 23:37:02:INFO:Sent reply
[92mINFO [0m:      
02/14/2025 23:57:33:INFO:
[92mINFO [0m:      Received: evaluate message 91ac0a2f-e489-4973-8f64-43d3a5426791
02/14/2025 23:57:33:INFO:Received: evaluate message 91ac0a2f-e489-4973-8f64-43d3a5426791
[92mINFO [0m:      Sent reply
02/15/2025 00:01:28:INFO:Sent reply
[92mINFO [0m:      
02/15/2025 00:02:03:INFO:
[92mINFO [0m:      Received: train message 655e6550-9980-486f-83db-b73cdbffd9dd
02/15/2025 00:02:03:INFO:Received: train message 655e6550-9980-486f-83db-b73cdbffd9dd
/home/dgxuser16/anaconda3/envs/ihpc/lib/python3.8/site-packages/torch/nn/modules/module.py:1640: FutureWarning: Using a non-full backward hook when the forward contains multiple autograd Nodes is deprecated and will be removed in future versions. This hook will be missing some grad_input. Please use register_full_backward_hook to get the documented behavior.
  self._maybe_warn_non_full_backward_hook(args, result, grad_fn)
/home/dgxuser16/anaconda3/envs/ihpc/lib/python3.8/site-packages/opacus/accountants/analysis/rdp.py:332: UserWarning: Optimal order is the largest alpha. Please consider expanding the range of alphas to get a tighter privacy bound.
  warnings.warn(
[92mINFO [0m:      Sent reply
02/15/2025 00:04:21:INFO:Sent reply
[92mINFO [0m:      
02/15/2025 00:25:39:INFO:
[92mINFO [0m:      Received: evaluate message 180f6ce0-0976-4a40-bff1-6956bf3ff1d6
02/15/2025 00:25:39:INFO:Received: evaluate message 180f6ce0-0976-4a40-bff1-6956bf3ff1d6
[92mINFO [0m:      Sent reply
02/15/2025 00:29:35:INFO:Sent reply
[92mINFO [0m:      
02/15/2025 00:29:38:INFO:
[92mINFO [0m:      Received: reconnect message eb53c792-c07c-4a62-8ecf-726b9b1ca988
02/15/2025 00:29:38:INFO:Received: reconnect message eb53c792-c07c-4a62-8ecf-726b9b1ca988
02/15/2025 00:29:38:DEBUG:gRPC channel closed
[92mINFO [0m:      Disconnect and shut down
02/15/2025 00:29:38:INFO:Disconnect and shut down

{'loss': [2.192890558231275, 2.1445161396584296, 2.101044772279104, 2.0643893426049393, 2.033452144227967, 2.0084249004451586, 1.9845776373563253, 1.9615983574130196, 1.9406287411840701, 1.9219684793831022, 1.9069589853190723, 1.8907972821486463, 1.8763317348397264, 1.8632927430621857, 1.8511679442333109, 1.8399083876004874, 1.82851007740391, 1.8181697873400913, 1.807805509083318, 1.7988135672076497, 1.7907167193969316, 1.7824797569817226, 1.7744692965375768, 1.766881871549919, 1.7592001497097376, 1.7516656380433302, 1.7450818655906644], 'accuracy': [0.08175594039468385, 0.10672573499798631, 0.14981876761981475, 0.19532823197744664, 0.22956101490132905, 0.2621828433346758, 0.2964156262585582, 0.31413612565445026, 0.33225936367297626, 0.34313330648409185, 0.3507853403141361, 0.3596455900120822, 0.36045106725735, 0.36608940797422473, 0.369311316955296, 0.37333870318163515, 0.3773660894079742, 0.3769633507853403, 0.37776882803060813, 0.37857430527587593, 0.38219895287958117, 0.3813934756343133, 0.3805879983890455, 0.3805879983890455, 0.3809907370116794, 0.3809907370116794, 0.3809907370116794], 'auc': [0.5225034526463914, 0.5311538688698586, 0.5372963378539186, 0.5433870920172775, 0.5487402956467224, 0.5535136251686942, 0.5590113818698506, 0.5643146503330558, 0.5687688885125647, 0.5736005595389746, 0.5771656964237187, 0.5806189399511641, 0.583833865739181, 0.5862005349604605, 0.5889773051310143, 0.5914058844190733, 0.5938592040859347, 0.5972153219170462, 0.6004269273687957, 0.6026775561772916, 0.604912597581535, 0.6070335350807448, 0.6097865594214139, 0.6120379865323113, 0.6138684750655794, 0.6155050482692538, 0.6172343716196641]}

Epsilon = 2.35

{'loss': [2.192890558231275, 2.1445161396584296, 2.101044772279104, 2.0643893426049393, 2.033452144227967, 2.0084249004451586, 1.9845776373563253, 1.9615983574130196, 1.9406287411840701, 1.9219684793831022, 1.9069589853190723, 1.8907972821486463, 1.8763317348397264, 1.8632927430621857, 1.8511679442333109, 1.8399083876004874, 1.82851007740391, 1.8181697873400913, 1.807805509083318, 1.7988135672076497, 1.7907167193969316, 1.7824797569817226, 1.7744692965375768, 1.766881871549919, 1.7592001497097376, 1.7516656380433302, 1.7450818655906644, 1.7377785030411848], 'accuracy': [0.08175594039468385, 0.10672573499798631, 0.14981876761981475, 0.19532823197744664, 0.22956101490132905, 0.2621828433346758, 0.2964156262585582, 0.31413612565445026, 0.33225936367297626, 0.34313330648409185, 0.3507853403141361, 0.3596455900120822, 0.36045106725735, 0.36608940797422473, 0.369311316955296, 0.37333870318163515, 0.3773660894079742, 0.3769633507853403, 0.37776882803060813, 0.37857430527587593, 0.38219895287958117, 0.3813934756343133, 0.3805879983890455, 0.3805879983890455, 0.3809907370116794, 0.3809907370116794, 0.3809907370116794, 0.3801852597664116], 'auc': [0.5225034526463914, 0.5311538688698586, 0.5372963378539186, 0.5433870920172775, 0.5487402956467224, 0.5535136251686942, 0.5590113818698506, 0.5643146503330558, 0.5687688885125647, 0.5736005595389746, 0.5771656964237187, 0.5806189399511641, 0.583833865739181, 0.5862005349604605, 0.5889773051310143, 0.5914058844190733, 0.5938592040859347, 0.5972153219170462, 0.6004269273687957, 0.6026775561772916, 0.604912597581535, 0.6070335350807448, 0.6097865594214139, 0.6120379865323113, 0.6138684750655794, 0.6155050482692538, 0.6172343716196641, 0.6194710747203945]}

Epsilon = 2.40

{'loss': [2.192890558231275, 2.1445161396584296, 2.101044772279104, 2.0643893426049393, 2.033452144227967, 2.0084249004451586, 1.9845776373563253, 1.9615983574130196, 1.9406287411840701, 1.9219684793831022, 1.9069589853190723, 1.8907972821486463, 1.8763317348397264, 1.8632927430621857, 1.8511679442333109, 1.8399083876004874, 1.82851007740391, 1.8181697873400913, 1.807805509083318, 1.7988135672076497, 1.7907167193969316, 1.7824797569817226, 1.7744692965375768, 1.766881871549919, 1.7592001497097376, 1.7516656380433302, 1.7450818655906644, 1.7377785030411848, 1.7323052443855], 'accuracy': [0.08175594039468385, 0.10672573499798631, 0.14981876761981475, 0.19532823197744664, 0.22956101490132905, 0.2621828433346758, 0.2964156262585582, 0.31413612565445026, 0.33225936367297626, 0.34313330648409185, 0.3507853403141361, 0.3596455900120822, 0.36045106725735, 0.36608940797422473, 0.369311316955296, 0.37333870318163515, 0.3773660894079742, 0.3769633507853403, 0.37776882803060813, 0.37857430527587593, 0.38219895287958117, 0.3813934756343133, 0.3805879983890455, 0.3805879983890455, 0.3809907370116794, 0.3809907370116794, 0.3809907370116794, 0.3801852597664116, 0.3793797825211438], 'auc': [0.5225034526463914, 0.5311538688698586, 0.5372963378539186, 0.5433870920172775, 0.5487402956467224, 0.5535136251686942, 0.5590113818698506, 0.5643146503330558, 0.5687688885125647, 0.5736005595389746, 0.5771656964237187, 0.5806189399511641, 0.583833865739181, 0.5862005349604605, 0.5889773051310143, 0.5914058844190733, 0.5938592040859347, 0.5972153219170462, 0.6004269273687957, 0.6026775561772916, 0.604912597581535, 0.6070335350807448, 0.6097865594214139, 0.6120379865323113, 0.6138684750655794, 0.6155050482692538, 0.6172343716196641, 0.6194710747203945, 0.6214390165949342]}

Epsilon = 2.45

{'loss': [2.192890558231275, 2.1445161396584296, 2.101044772279104, 2.0643893426049393, 2.033452144227967, 2.0084249004451586, 1.9845776373563253, 1.9615983574130196, 1.9406287411840701, 1.9219684793831022, 1.9069589853190723, 1.8907972821486463, 1.8763317348397264, 1.8632927430621857, 1.8511679442333109, 1.8399083876004874, 1.82851007740391, 1.8181697873400913, 1.807805509083318, 1.7988135672076497, 1.7907167193969316, 1.7824797569817226, 1.7744692965375768, 1.766881871549919, 1.7592001497097376, 1.7516656380433302, 1.7450818655906644, 1.7377785030411848, 1.7323052443855, 1.7249700965009482], 'accuracy': [0.08175594039468385, 0.10672573499798631, 0.14981876761981475, 0.19532823197744664, 0.22956101490132905, 0.2621828433346758, 0.2964156262585582, 0.31413612565445026, 0.33225936367297626, 0.34313330648409185, 0.3507853403141361, 0.3596455900120822, 0.36045106725735, 0.36608940797422473, 0.369311316955296, 0.37333870318163515, 0.3773660894079742, 0.3769633507853403, 0.37776882803060813, 0.37857430527587593, 0.38219895287958117, 0.3813934756343133, 0.3805879983890455, 0.3805879983890455, 0.3809907370116794, 0.3809907370116794, 0.3809907370116794, 0.3801852597664116, 0.3793797825211438, 0.3793797825211438], 'auc': [0.5225034526463914, 0.5311538688698586, 0.5372963378539186, 0.5433870920172775, 0.5487402956467224, 0.5535136251686942, 0.5590113818698506, 0.5643146503330558, 0.5687688885125647, 0.5736005595389746, 0.5771656964237187, 0.5806189399511641, 0.583833865739181, 0.5862005349604605, 0.5889773051310143, 0.5914058844190733, 0.5938592040859347, 0.5972153219170462, 0.6004269273687957, 0.6026775561772916, 0.604912597581535, 0.6070335350807448, 0.6097865594214139, 0.6120379865323113, 0.6138684750655794, 0.6155050482692538, 0.6172343716196641, 0.6194710747203945, 0.6214390165949342, 0.6240957737137596]}



{'loss': [2.192890558231275, 2.1445161396584296, 2.101044772279104, 2.0643893426049393, 2.033452144227967, 2.0084249004451586, 1.9845776373563253, 1.9615983574130196, 1.9406287411840701, 1.9219684793831022, 1.9069589853190723, 1.8907972821486463, 1.8763317348397264, 1.8632927430621857, 1.8511679442333109, 1.8399083876004874, 1.82851007740391, 1.8181697873400913, 1.807805509083318, 1.7988135672076497, 1.7907167193969316, 1.7824797569817226, 1.7744692965375768, 1.766881871549919, 1.7592001497097376, 1.7516656380433302, 1.7450818655906644, 1.7377785030411848, 1.7323052443855, 1.7249700965009482], 'accuracy': [0.08175594039468385, 0.10672573499798631, 0.14981876761981475, 0.19532823197744664, 0.22956101490132905, 0.2621828433346758, 0.2964156262585582, 0.31413612565445026, 0.33225936367297626, 0.34313330648409185, 0.3507853403141361, 0.3596455900120822, 0.36045106725735, 0.36608940797422473, 0.369311316955296, 0.37333870318163515, 0.3773660894079742, 0.3769633507853403, 0.37776882803060813, 0.37857430527587593, 0.38219895287958117, 0.3813934756343133, 0.3805879983890455, 0.3805879983890455, 0.3809907370116794, 0.3809907370116794, 0.3809907370116794, 0.3801852597664116, 0.3793797825211438, 0.3793797825211438], 'auc': [0.5225034526463914, 0.5311538688698586, 0.5372963378539186, 0.5433870920172775, 0.5487402956467224, 0.5535136251686942, 0.5590113818698506, 0.5643146503330558, 0.5687688885125647, 0.5736005595389746, 0.5771656964237187, 0.5806189399511641, 0.583833865739181, 0.5862005349604605, 0.5889773051310143, 0.5914058844190733, 0.5938592040859347, 0.5972153219170462, 0.6004269273687957, 0.6026775561772916, 0.604912597581535, 0.6070335350807448, 0.6097865594214139, 0.6120379865323113, 0.6138684750655794, 0.6155050482692538, 0.6172343716196641, 0.6194710747203945, 0.6214390165949342, 0.6240957737137596]}
