nohup: ignoring input
/home/dgxuser16/.local/lib/python3.8/site-packages/albumentations/__init__.py:13: UserWarning: A new version of Albumentations is available: 2.0.2 (you have 1.4.18). Upgrade using: pip install -U albumentations. To disable automatic update checks, set the environment variable NO_ALBUMENTATIONS_UPDATE to 1.
  check_for_updates()
/raid/home/dgxuser16/NTL/mccarthy/ahmad/github/adaptive_privacy_fl/isic/adaptive_dp/gradient_clipping/flamby/datasets/fed_isic2019/dataset.py:222: DeprecationWarning: Flip is deprecated. Consider using HorizontalFlip, VerticalFlip, RandomRotate90 or D4.
  albumentations.Flip(p=0.5),
/home/dgxuser16/.local/lib/python3.8/site-packages/pydantic/main.py:214: DeprecationWarning: `max_holes` is deprecated. Use num_holes_range instead.
  validated_self = self.__pydantic_validator__.validate_python(data, self_instance=self)
/home/dgxuser16/.local/lib/python3.8/site-packages/pydantic/main.py:214: DeprecationWarning: `max_height` is deprecated. Use hole_height_range instead.
  validated_self = self.__pydantic_validator__.validate_python(data, self_instance=self)
/home/dgxuser16/.local/lib/python3.8/site-packages/pydantic/main.py:214: DeprecationWarning: `max_width` is deprecated. Use hole_width_range instead.
  validated_self = self.__pydantic_validator__.validate_python(data, self_instance=self)
/home/dgxuser16/.local/lib/python3.8/site-packages/albumentations/core/validation.py:45: DeprecationWarning: always_apply is deprecated. Use `p=1` if you want to always apply the transform. self.p will be set to 1.
  original_init(self, **validated_kwargs)
/home/dgxuser16/.local/lib/python3.8/site-packages/albumentations/core/validation.py:45: DeprecationWarning: always_apply is deprecated. Use `p=1` if you want to always apply the transform. self.p will be set to 1.
  original_init(self, **validated_kwargs)
[92mINFO [0m:      
[92mINFO [0m:      [RUN 0, ROUND ]
[92mINFO [0m:      Received: train message 4224d49a-757e-4aa1-91fa-b43529eadc3f
[92mINFO [0m:      Sent reply
[92mINFO [0m:      
[92mINFO [0m:      [RUN 0, ROUND ]
[92mINFO [0m:      Received: evaluate message e91a09b4-a37a-48f8-87e1-23649bb5881b
[92mINFO [0m:      Sent reply
[92mINFO [0m:      
[92mINFO [0m:      [RUN 0, ROUND ]
[92mINFO [0m:      Received: train message 4dadadb1-e511-4d2b-9a75-bdf0d0418d45
[92mINFO [0m:      Sent reply
[92mINFO [0m:      
[92mINFO [0m:      [RUN 0, ROUND ]
[92mINFO [0m:      Received: evaluate message 421e7f59-cb7f-41c6-baee-f5989f1cf471
[92mINFO [0m:      Sent reply
[92mINFO [0m:      
[92mINFO [0m:      [RUN 0, ROUND ]
[92mINFO [0m:      Received: train message 054728b9-2c1b-4688-a58a-9db326cca922
[92mINFO [0m:      Sent reply
[92mINFO [0m:      
[92mINFO [0m:      [RUN 0, ROUND ]
[92mINFO [0m:      Received: evaluate message e44e7f16-ec71-422e-b3f8-2afaecccf24a
[92mINFO [0m:      Sent reply
[92mINFO [0m:      
[92mINFO [0m:      [RUN 0, ROUND ]
[92mINFO [0m:      Received: train message f71d237d-d443-4295-b0d2-5a8f6e97d13f
[92mINFO [0m:      Sent reply
[92mINFO [0m:      
[92mINFO [0m:      [RUN 0, ROUND ]
[92mINFO [0m:      Received: evaluate message 5773e59f-1dbd-49c9-b069-f533a52f6f1e
[92mINFO [0m:      Sent reply
[92mINFO [0m:      
[92mINFO [0m:      [RUN 0, ROUND ]
[92mINFO [0m:      Received: train message ddee9213-aa2f-41c8-b49a-64e7768f7b02
[92mINFO [0m:      Sent reply
[92mINFO [0m:      
[92mINFO [0m:      [RUN 0, ROUND ]
[92mINFO [0m:      Received: evaluate message 1a4d62b3-6257-46c9-bb6f-ba6fe87dd99c
[92mINFO [0m:      Sent reply
[92mINFO [0m:      
[92mINFO [0m:      [RUN 0, ROUND ]
[92mINFO [0m:      Received: train message 6d960f82-2439-4319-9eba-fbca4ff4dafd
[92mINFO [0m:      Sent reply
[92mINFO [0m:      
[92mINFO [0m:      [RUN 0, ROUND ]
[92mINFO [0m:      Received: evaluate message 04a323e7-ea1c-47cc-888f-3eba20d18953
[92mINFO [0m:      Sent reply
[92mINFO [0m:      
[92mINFO [0m:      [RUN 0, ROUND ]
[92mINFO [0m:      Received: train message 30298bc5-c670-4f45-8634-b94867