nohup: ignoring input
/home/dgxuser16/anaconda3/envs/ihpc/lib/python3.8/site-packages/opacus/privacy_engine.py:95: UserWarning: Secure RNG turned off. This is perfectly fine for experimentation as it allows for much faster training performance, but remember to turn it on and retrain one last time before production with ``secure_mode`` turned on.
  warnings.warn(
02/06/2025 08:20:21:WARNING:Ignoring drop_last as it is not compatible with DPDataLoader.
02/06/2025 08:20:21:DEBUG:Opened insecure gRPC connection (no certificates were passed)
02/06/2025 08:20:21:DEBUG:ChannelConnectivity.IDLE
02/06/2025 08:20:21:DEBUG:ChannelConnectivity.READY
[92mINFO [0m:      
02/06/2025 08:20:21:INFO:
[92mINFO [0m:      Received: get_parameters message b5448e22-318f-4143-9ae9-64e4b8d74ffd
02/06/2025 08:20:21:INFO:Received: get_parameters message b5448e22-318f-4143-9ae9-64e4b8d74ffd
WARNING: All log messages before absl::InitializeLog() is called are written to STDERR
I0000 00:00:1738858821.874085  414597 fork_posix.cc:75] Other threads are currently calling into gRPC, skipping fork() handlers
[92mINFO [0m:      Sent reply
02/06/2025 08:20:26:INFO:Sent reply
[92mINFO [0m:      
02/06/2025 08:21:09:INFO:
[92mINFO [0m:      Received: train message 3d420bc0-bd3a-4607-b825-4890315786f1
02/06/2025 08:21:09:INFO:Received: train message 3d420bc0-bd3a-4607-b825-4890315786f1
/home/dgxuser16/anaconda3/envs/ihpc/lib/python3.8/site-packages/torch/nn/modules/module.py:1640: FutureWarning: Using a non-full backward hook when the forward contains multiple autograd Nodes is deprecated and will be removed in future versions. This hook will be missing some grad_input. Please use register_full_backward_hook to get the documented behavior.
  self._maybe_warn_non_full_backward_hook(args, result, grad_fn)
[92mINFO [0m:      Sent reply
02/06/2025 08:21:39:INFO:Sent reply
[92mINFO [0m:      
02/06/2025 08:22:42:INFO:
[92mINFO [0m:      Received: evaluate message 23ae7656-0011-4137-b199-b382845cf33d
02/06/2025 08:22:42:INFO:Received: evaluate message 23ae7656-0011-4137-b199-b382845cf33d
[92mINFO [0m:      Sent reply
02/06/2025 08:22:48:INFO:Sent reply
[92mINFO [0m:      
02/06/2025 08:23:32:INFO:
[92mINFO [0m:      Received: train message dc36c5b3-7492-4c84-9d41-5a886d68a409
02/06/2025 08:23:32:INFO:Received: train message dc36c5b3-7492-4c84-9d41-5a886d68a409
/home/dgxuser16/anaconda3/envs/ihpc/lib/python3.8/site-packages/torch/nn/modules/module.py:1640: FutureWarning: Using a non-full backward hook when the forward contains multiple autograd Nodes is deprecated and will be removed in future versions. This hook will be missing some grad_input. Please use register_full_backward_hook to get the documented behavior.
  self._maybe_warn_non_full_backward_hook(args, result, grad_fn)
[92mINFO [0m:      Sent reply
02/06/2025 08:23:56:INFO:Sent reply
[92mINFO [0m:      
02/06/2025 08:24:46:INFO:
[92mINFO [0m:      Received: evaluate message a6b3d5cf-9078-43f1-83a1-28e9e7332973
02/06/2025 08:24:46:INFO:Received: evaluate message a6b3d5cf-9078-43f1-83a1-28e9e7332973
[92mINFO [0m:      Sent reply
02/06/2025 08:24:51:INFO:Sent reply
[92mINFO [0m:      
02/06/2025 08:25:28:INFO:
[92mINFO [0m:      Received: train message c0911016-09b0-4242-9188-3dbad22a69ba
02/06/2025 08:25:28:INFO:Received: train message c0911016-09b0-4242-9188-3dbad22a69ba
/home/dgxuser16/anaconda3/envs/ihpc/lib/python3.8/site-packages/torch/nn/modules/module.py:1640: FutureWarning: Using a non-full backward hook when the forward contains multiple autograd Nodes is deprecated and will be removed in future versions. This hook will be missing some grad_input. Please use register_full_backward_hook to get the documented behavior.
  self._maybe_warn_non_full_backward_hook(args, result, grad_fn)
[92mINFO [0m:      Sent reply
02/06/2025 08:25:52:INFO:Sent reply
[92mINFO [0m:      
02/06/2025 08:26:38:INFO:
[92mINFO [0m:      Received: evaluate message 85a3ff3e-cc05-4f5b-827d-218b2ccd6e45
02/06/2025 08:26:38:INFO:Received: evaluate message 85a3ff3e-cc05-4f5b-827d-218b2ccd6e45
[92mINFO [0m:      Sent reply
02/06/2025 08:26:42:INFO:Sent reply
[92mINFO [0m:      
02/06/2025 08:27:40:INFO:
[92mINFO [0m:      Received: train message 8ecb5a9d-7a85-428e-99cd-ac89ca0f39d6
02/06/2025 08:27:40:INFO:Received: train message 8ecb5a9d-7a85-428e-99cd-ac89ca0f39d6
/home/dgxuser16/anaconda3/envs/ihpc/lib/python3.8/site-packages/torch/nn/modules/module.py:1640: FutureWarning: Using a non-full backward hook when the forward contains multiple autograd Nodes is deprecated and will be removed in future versions. This hook will be missing some grad_input. Please use register_full_backward_hook to get the documented behavior.
  self._maybe_warn_non_full_backward_hook(args, result, grad_fn)
[92mINFO [0m:      Sent reply
02/06/2025 08:28:02:INFO:Sent reply
[92mINFO [0m:      
02/06/2025 08:28:50:INFO:
[92mINFO [0m:      Received: evaluate message 4d2b267c-e1d1-4fb2-b78d-528ee7f1ab5f
02/06/2025 08:28:50:INFO:Received: evaluate message 4d2b267c-e1d1-4fb2-b78d-528ee7f1ab5f
[92mINFO [0m:      Sent reply
02/06/2025 08:28:59:INFO:Sent reply
[92mINFO [0m:      
02/06/2025 08:29:49:INFO:
[92mINFO [0m:      Received: train message e39ecb0f-a075-4d4e-ab5b-6dde5a755153
02/06/2025 08:29:49:INFO:Received: train message e39ecb0f-a075-4d4e-ab5b-6dde5a755153
/home/dgxuser16/anaconda3/envs/ihpc/lib/python3.8/site-packages/torch/nn/modules/module.py:1640: FutureWarning: Using a non-full backward hook when the forward contains multiple autograd Nodes is deprecated and will be removed in future versions. This hook will be missing some grad_input. Please use register_full_backward_hook to get the documented behavior.
  self._maybe_warn_non_full_backward_hook(args, result, grad_fn)
[92mINFO [0m:      Sent reply
02/06/2025 08:30:09:INFO:Sent reply
[92mINFO [0m:      
02/06/2025 08:30:59:INFO:
[92mINFO [0m:      Received: evaluate message 4b875320-9667-42ae-9a2c-b2af974b03e6
02/06/2025 08:30:59:INFO:Received: evaluate message 4b875320-9667-42ae-9a2c-b2af974b03e6
[92mINFO [0m:      Sent reply
02/06/2025 08:31:04:INFO:Sent reply
[92mINFO [0m:      
02/06/2025 08:31:36:INFO:
[92mINFO [0m:      Received: train message 5ca0e419-eb89-4eae-a5f7-0c233aee3e3a
02/06/2025 08:31:36:INFO:Received: train message 5ca0e419-eb89-4eae-a5f7-0c233aee3e3a
/home/dgxuser16/anaconda3/envs/ihpc/lib/python3.8/site-packages/torch/nn/modules/module.py:1640: FutureWarning: Using a non-full backward hook when the forward contains multiple autograd Nodes is deprecated and will be removed in future versions. This hook will be missing some grad_input. Please use register_full_backward_hook to get the documented behavior.
  self._maybe_warn_non_full_backward_hook(args, result, grad_fn)
[92mINFO [0m:      Sent reply
02/06/2025 08:31:58:INFO:Sent reply
[92mINFO [0m:      
02/06/2025 08:33:01:INFO:
[92mINFO [0m:      Received: evaluate message c6865321-962a-431c-987a-5e24e65b3328
02/06/2025 08:33:01:INFO:Received: evaluate message c6865321-962a-431c-987a-5e24e65b3328
[92mINFO [0m:      Sent reply
02/06/2025 08:33:11:INFO:Sent reply
[92mINFO [0m:      
02/06/2025 08:33:45:INFO:
[92mINFO [0m:      Received: train message 97115aba-19b0-446f-8801-a119ca632ae6
02/06/2025 08:33:45:INFO:Received: train message 97115aba-19b0-446f-8801-a119ca632ae6
/home/dgxuser16/anaconda3/envs/ihpc/lib/python3.8/site-packages/torch/nn/modules/module.py:1640: FutureWarning: Using a non-full backward hook when the forward contains multiple autograd Nodes is deprecated and will be removed in future versions. This hook will be missing some grad_input. Please use register_full_backward_hook to get the documented behavior.
  self._maybe_warn_non_full_backward_hook(args, result, grad_fn)
[92mINFO [0m:      Sent reply
02/06/2025 08:34:10:INFO:Sent reply
[92mINFO [0m:      
02/06/2025 08:35:06:INFO:
[92mINFO [0m:      Received: evaluate message 030ce574-c65f-4033-93d2-1591c81cda03
02/06/2025 08:35:06:INFO:Received: evaluate message 030ce574-c65f-4033-93d2-1591c81cda03
[92mINFO [0m:      Sent reply
02/06/2025 08:35:11:INFO:Sent reply
[92mINFO [0m:      
02/06/2025 08:35:54:INFO:
[92mINFO [0m:      Received: train message a48b4456-ad7b-45a0-bb36-0224fd33ac1e
02/06/2025 08:35:54:INFO:Received: train message a48b4456-ad7b-45a0-bb36-0224fd33ac1e
/home/dgxuser16/anaconda3/envs/ihpc/lib/python3.8/site-packages/torch/nn/modules/module.py:1640: FutureWarning: Using a non-full backward hook when the forward contains multiple autograd Nodes is deprecated and will be removed in future versions. This hook will be missing some grad_input. Please use register_full_backward_hook to get the documented behavior.
  self._maybe_warn_non_full_backward_hook(args, result, grad_fn)
[92mINFO [0m:      Sent reply
02/06/2025 08:36:15:INFO:Sent reply
[92mINFO [0m:      
02/06/2025 08:37:01:INFO:
[92mINFO [0m:      Received: evaluate message fbb7d802-9840-4b07-8521-b8e00ddbb2ed
02/06/2025 08:37:01:INFO:Received: evaluate message fbb7d802-9840-4b07-8521-b8e00ddbb2ed
[92mINFO [0m:      Sent reply
02/06/2025 08:37:08:INFO:Sent reply
[92mINFO [0m:      
02/06/2025 08:37:39:INFO:
[92mINFO [0m:      Received: train message 56a16643-538e-4879-8a96-155359b7adb2
02/06/2025 08:37:39:INFO:Received: train message 56a16643-538e-4879-8a96-155359b7adb2
/home/dgxuser16/anaconda3/envs/ihpc/lib/python3.8/site-packages/torch/nn/modules/module.py:1640: FutureWarning: Using a non-full backward hook when the forward contains multiple autograd Nodes is deprecated and will be removed in future versions. This hook will be missing some grad_input. Please use register_full_backward_hook to get the documented behavior.
  self._maybe_warn_non_full_backward_hook(args, result, grad_fn)
[92mINFO [0m:      Sent reply
02/06/2025 08:37:59:INFO:Sent reply
[92mINFO [0m:      
02/06/2025 08:39:00:INFO:
[92mINFO [0m:      Received: evaluate message fdb966d0-b492-4a37-85a5-13de123448f8
02/06/2025 08:39:00:INFO:Received: evaluate message fdb966d0-b492-4a37-85a5-13de123448f8
[92mINFO [0m:      Sent reply
02/06/2025 08:39:09:INFO:Sent reply
[92mINFO [0m:      
02/06/2025 08:39:50:INFO:
[92mINFO [0m:      Received: train message 14b56b04-652e-4d56-8fd4-4454600f74f2
02/06/2025 08:39:50:INFO:Received: train message 14b56b04-652e-4d56-8fd4-4454600f74f2
/home/dgxuser16/anaconda3/envs/ihpc/lib/python3.8/site-packages/torch/nn/modules/module.py:1640: FutureWarning: Using a non-full backward hook when the forward contains multiple autograd Nodes is deprecated and will be removed in future versions. This hook will be missing some grad_input. Please use register_full_backward_hook to get the documented behavior.
  self._maybe_warn_non_full_backward_hook(args, result, grad_fn)
[92mINFO [0m:      Sent reply
02/06/2025 08:40:14:INFO:Sent reply
[92mINFO [0m:      
02/06/2025 08:40:49:INFO:
[92mINFO [0m:      Received: evaluate message 7852ba40-acc5-4b3d-99e4-53b9c8a4069a
02/06/2025 08:40:49:INFO:Received: evaluate message 7852ba40-acc5-4b3d-99e4-53b9c8a4069a
[92mINFO [0m:      Sent reply
02/06/2025 08:41:05:INFO:Sent reply
[92mINFO [0m:      
02/06/2025 08:41:42:INFO:
[92mINFO [0m:      Received: train message 157b46f8-b429-4423-92f1-8ca328f4d15b
02/06/2025 08:41:42:INFO:Received: train message 157b46f8-b429-4423-92f1-8ca328f4d15b
/home/dgxuser16/anaconda3/envs/ihpc/lib/python3.8/site-packages/torch/nn/modules/module.py:1640: FutureWarning: Using a non-full backward hook when the forward contains multiple autograd Nodes is deprecated and will be removed in future versions. This hook will be missing some grad_input. Please use register_full_backward_hook to get the documented behavior.
  self._maybe_warn_non_full_backward_hook(args, result, grad_fn)
[92mINFO [0m:      Sent reply
02/06/2025 08:41:59:INFO:Sent reply
[92mINFO [0m:      
02/06/2025 08:43:09:INFO:
[92mINFO [0m:      Received: evaluate message e487f0c8-09bb-43e2-bb41-873e6dfda375
02/06/2025 08:43:09:INFO:Received: evaluate message e487f0c8-09bb-43e2-bb41-873e6dfda375
[92mINFO [0m:      Sent reply
02/06/2025 08:43:21:INFO:Sent reply
[92mINFO [0m:      
02/06/2025 08:43:51:INFO:
[92mINFO [0m:      Received: train message a9f780db-2732-411e-be50-4bb63920fda1
02/06/2025 08:43:51:INFO:Received: train message a9f780db-2732-411e-be50-4bb63920fda1
/home/dgxuser16/anaconda3/envs/ihpc/lib/python3.8/site-packages/torch/nn/modules/module.py:1640: FutureWarning: Using a non-full backward hook when the forward contains multiple autograd Nodes is deprecated and will be removed in future versions. This hook will be missing some grad_input. Please use register_full_backward_hook to get the documented behavior.
  self._maybe_warn_non_full_backward_hook(args, result, grad_fn)
[92mINFO [0m:      Sent reply
02/06/2025 08:44:12:INFO:Sent reply
[92mINFO [0m:      
02/06/2025 08:45:06:INFO:
[92mINFO [0m:      Received: evaluate message fcce9aa0-06b9-464d-9bfa-743dcd218473
02/06/2025 08:45:06:INFO:Received: evaluate message fcce9aa0-06b9-464d-9bfa-743dcd218473
[92mINFO [0m:      Sent reply
02/06/2025 08:45:26:INFO:Sent reply
[92mINFO [0m:      
02/06/2025 08:46:06:INFO:
[92mINFO [0m:      Received: train message a21d5c16-9b58-4a52-b97f-1407cce1cf11
02/06/2025 08:46:06:INFO:Received: train message a21d5c16-9b58-4a52-b97f-1407cce1cf11
/home/dgxuser16/anaconda3/envs/ihpc/lib/python3.8/site-packages/torch/nn/modules/module.py:1640: FutureWarning: Using a non-full backward hook when the forward contains multiple autograd Nodes is deprecated and will be removed in future versions. This hook will be missing some grad_input. Please use register_full_backward_hook to get the documented behavior.
  self._maybe_warn_non_full_backward_hook(args, result, grad_fn)
[92mINFO [0m:      Sent reply
02/06/2025 08:46:24:INFO:Sent reply
[92mINFO [0m:      
02/06/2025 08:47:04:INFO:
[92mINFO [0m:      Received: evaluate message cbfe8fbb-5898-4274-b292-93717f3a0b70
02/06/2025 08:47:04:INFO:Received: evaluate message cbfe8fbb-5898-4274-b292-93717f3a0b70
[92mINFO [0m:      Sent reply
02/06/2025 08:47:10:INFO:Sent reply
[92mINFO [0m:      
02/06/2025 08:47:40:INFO:
[92mINFO [0m:      Received: train message 6fa0cf09-ed58-4760-ac59-582c2104971b
02/06/2025 08:47:40:INFO:Received: train message 6fa0cf09-ed58-4760-ac59-582c2104971b
/home/dgxuser16/anaconda3/envs/ihpc/lib/python3.8/site-packages/torch/nn/modules/module.py:1640: FutureWarning: Using a non-full backward hook when the forward contains multiple autograd Nodes is deprecated and will be removed in future versions. This hook will be missing some grad_input. Please use register_full_backward_hook to get the documented behavior.
  self._maybe_warn_non_full_backward_hook(args, result, grad_fn)
[92mINFO [0m:      Sent reply
02/06/2025 08:48:08:INFO:Sent reply
[92mINFO [0m:      
02/06/2025 08:48:49:INFO:
[92mINFO [0m:      Received: evaluate message 543dc7a1-0616-4f50-b71b-57664fce896f
02/06/2025 08:48:49:INFO:Received: evaluate message 543dc7a1-0616-4f50-b71b-57664fce896f
[92mINFO [0m:      Sent reply
02/06/2025 08:48:54:INFO:Sent reply
[92mINFO [0m:      
02/06/2025 08:49:46:INFO:
[92mINFO [0m:      Received: train message d3047085-e525-42be-8836-b7584aeef951
02/06/2025 08:49:46:INFO:Received: train message d3047085-e525-42be-8836-b7584aeef951
/home/dgxuser16/anaconda3/envs/ihpc/lib/python3.8/site-packages/torch/nn/modules/module.py:1640: FutureWarning: Using a non-full backward hook when the forward contains multiple autograd Nodes is deprecated and will be removed in future versions. This hook will be missing some grad_input. Please use register_full_backward_hook to get the documented behavior.
  self._maybe_warn_non_full_backward_hook(args, result, grad_fn)
[92mINFO [0m:      Sent reply
02/06/2025 08:50:13:INFO:Sent reply
[92mINFO [0m:      
02/06/2025 08:50:47:INFO:
[92mINFO [0m:      Received: evaluate message 4883f070-e57d-473a-93b1-b9ee75e2cca9
02/06/2025 08:50:47:INFO:Received: evaluate message 4883f070-e57d-473a-93b1-b9ee75e2cca9
[92mINFO [0m:      Sent reply
02/06/2025 08:50:53:INFO:Sent reply
[92mINFO [0m:      
02/06/2025 08:51:43:INFO:
[92mINFO [0m:      Received: train message 6abd85fb-e447-42eb-a885-b160c8fb4bc6
02/06/2025 08:51:43:INFO:Received: train message 6abd85fb-e447-42eb-a885-b160c8fb4bc6
/home/dgxuser16/anaconda3/envs/ihpc/lib/python3.8/site-packages/torch/nn/modules/module.py:1640: FutureWarning: Using a non-full backward hook when the forward contains multiple autograd Nodes is deprecated and will be removed in future versions. This hook will be missing some grad_input. Please use register_full_backward_hook to get the documented behavior.
  self._maybe_warn_non_full_backward_hook(args, result, grad_fn)
[92mINFO [0m:      Sent reply
02/06/2025 08:52:19:INFO:Sent reply
[92mINFO [0m:      
02/06/2025 08:52:54:INFO:
[92mINFO [0m:      Received: evaluate message 3bc0bb67-9f36-4f7a-8186-543dcb0cc805
02/06/2025 08:52:54:INFO:Received: evaluate message 3bc0bb67-9f36-4f7a-8186-543dcb0cc805
Device: cuda:0
Params: {'batch_size': 32, 'local_epochs': 3, 'full_dataset_size': 6400, 'number_of_classes': 4}
Privacy Params: {'target_delta': 1e-05, 'noise_multiplier': 0.78, 'max_grad_norm': 1.0}
Epsilon = 3.8813

{'loss': [1.1094229802943656], 'accuracy': [0.49726348709929635], 'auc': [0.6206528043968786]}

Epsilon = 4.9891

{'loss': [1.1094229802943656, 1.0902405489786609], 'accuracy': [0.49726348709929635, 0.5027365129007036], 'auc': [0.6206528043968786, 0.6817404160427957]}

Epsilon = 5.8923

{'loss': [1.1094229802943656, 1.0902405489786609, 1.0550366981221513], 'accuracy': [0.49726348709929635, 0.5027365129007036, 0.5191555903049258], 'auc': [0.6206528043968786, 0.6817404160427957, 0.6939837819082824]}

Epsilon = 6.6864

{'loss': [1.1094229802943656, 1.0902405489786609, 1.0550366981221513, 1.0585756345686268], 'accuracy': [0.49726348709929635, 0.5027365129007036, 0.5191555903049258, 0.5207193119624707], 'auc': [0.6206528043968786, 0.6817404160427957, 0.6939837819082824, 0.7038766725689654]}

Epsilon = 7.4094

{'loss': [1.1094229802943656, 1.0902405489786609, 1.0550366981221513, 1.0585756345686268, 1.0664121350615727], 'accuracy': [0.49726348709929635, 0.5027365129007036, 0.5191555903049258, 0.5207193119624707, 0.5129007036747459], 'auc': [0.6206528043968786, 0.6817404160427957, 0.6939837819082824, 0.7038766725689654, 0.7097544146008705]}

Epsilon = 8.0813

{'loss': [1.1094229802943656, 1.0902405489786609, 1.0550366981221513, 1.0585756345686268, 1.0664121350615727, 1.0814579504369477], 'accuracy': [0.49726348709929635, 0.5027365129007036, 0.5191555903049258, 0.5207193119624707, 0.5129007036747459, 0.5160281469898358], 'auc': [0.6206528043968786, 0.6817404160427957, 0.6939837819082824, 0.7038766725689654, 0.7097544146008705, 0.7187869049607802]}

Epsilon = 8.7139

{'loss': [1.1094229802943656, 1.0902405489786609, 1.0550366981221513, 1.0585756345686268, 1.0664121350615727, 1.0814579504369477, 1.0886606584777117], 'accuracy': [0.49726348709929635, 0.5027365129007036, 0.5191555903049258, 0.5207193119624707, 0.5129007036747459, 0.5160281469898358, 0.5160281469898358], 'auc': [0.6206528043968786, 0.6817404160427957, 0.6939837819082824, 0.7038766725689654, 0.7097544146008705, 0.7187869049607802, 0.7183541826589354]}

Epsilon = 9.3151

{'loss': [1.1094229802943656, 1.0902405489786609, 1.0550366981221513, 1.0585756345686268, 1.0664121350615727, 1.0814579504369477, 1.0886606584777117, 1.123146090869143], 'accuracy': [0.49726348709929635, 0.5027365129007036, 0.5191555903049258, 0.5207193119624707, 0.5129007036747459, 0.5160281469898358, 0.5160281469898358, 0.5121188428459734], 'auc': [0.6206528043968786, 0.6817404160427957, 0.6939837819082824, 0.7038766725689654, 0.7097544146008705, 0.7187869049607802, 0.7183541826589354, 0.720427322202271]}

Epsilon = 9.8906

{'loss': [1.1094229802943656, 1.0902405489786609, 1.0550366981221513, 1.0585756345686268, 1.0664121350615727, 1.0814579504369477, 1.0886606584777117, 1.123146090869143, 1.1154345532149612], 'accuracy': [0.49726348709929635, 0.5027365129007036, 0.5191555903049258, 0.5207193119624707, 0.5129007036747459, 0.5160281469898358, 0.5160281469898358, 0.5121188428459734, 0.5191555903049258], 'auc': [0.6206528043968786, 0.6817404160427957, 0.6939837819082824, 0.7038766725689654, 0.7097544146008705, 0.7187869049607802, 0.7183541826589354, 0.720427322202271, 0.7246100659311576]}

Epsilon = 10.4444

{'loss': [1.1094229802943656, 1.0902405489786609, 1.0550366981221513, 1.0585756345686268, 1.0664121350615727, 1.0814579504369477, 1.0886606584777117, 1.123146090869143, 1.1154345532149612, 1.11936225408311], 'accuracy': [0.49726348709929635, 0.5027365129007036, 0.5191555903049258, 0.5207193119624707, 0.5129007036747459, 0.5160281469898358, 0.5160281469898358, 0.5121188428459734, 0.5191555903049258, 0.5222830336200156], 'auc': [0.6206528043968786, 0.6817404160427957, 0.6939837819082824, 0.7038766725689654, 0.7097544146008705, 0.7187869049607802, 0.7183541826589354, 0.720427322202271, 0.7246100659311576, 0.7301485124616275]}

Epsilon = 10.9796

{'loss': [1.1094229802943656, 1.0902405489786609, 1.0550366981221513, 1.0585756345686268, 1.0664121350615727, 1.0814579504369477, 1.0886606584777117, 1.123146090869143, 1.1154345532149612, 1.11936225408311, 1.114000997196612], 'accuracy': [0.49726348709929635, 0.5027365129007036, 0.5191555903049258, 0.5207193119624707, 0.5129007036747459, 0.5160281469898358, 0.5160281469898358, 0.5121188428459734, 0.5191555903049258, 0.5222830336200156, 0.5261923377638781], 'auc': [0.6206528043968786, 0.6817404160427957, 0.6939837819082824, 0.7038766725689654, 0.7097544146008705, 0.7187869049607802, 0.7183541826589354, 0.720427322202271, 0.7246100659311576, 0.7301485124616275, 0.731986603593721]}

Epsilon = 11.4985

{'loss': [1.1094229802943656, 1.0902405489786609, 1.0550366981221513, 1.0585756345686268, 1.0664121350615727, 1.0814579504369477, 1.0886606584777117, 1.123146090869143, 1.1154345532149612, 1.11936225408311, 1.114000997196612, 1.0960838257381], 'accuracy': [0.49726348709929635, 0.5027365129007036, 0.5191555903049258, 0.5207193119624707, 0.5129007036747459, 0.5160281469898358, 0.5160281469898358, 0.5121188428459734, 0.5191555903049258, 0.5222830336200156, 0.5261923377638781, 0.5340109460516028], 'auc': [0.6206528043968786, 0.6817404160427957, 0.6939837819082824, 0.7038766725689654, 0.7097544146008705, 0.7187869049607802, 0.7183541826589354, 0.720427322202271, 0.7246100659311576, 0.7301485124616275, 0.731986603593721, 0.7326739220169369]}

Epsilon = 12.0032

{'loss': [1.1094229802943656, 1.0902405489786609, 1.0550366981221513, 1.0585756345686268, 1.0664121350615727, 1.0814579504369477, 1.0886606584777117, 1.123146090869143, 1.1154345532149612, 1.11936225408311, 1.114000997196612, 1.0960838257381, 1.1257403608967869], 'accuracy': [0.49726348709929635, 0.5027365129007036, 0.5191555903049258, 0.5207193119624707, 0.5129007036747459, 0.5160281469898358, 0.5160281469898358, 0.5121188428459734, 0.5191555903049258, 0.5222830336200156, 0.5261923377638781, 0.5340109460516028, 0.5254104769351056], 'auc': [0.6206528043968786, 0.6817404160427957, 0.6939837819082824, 0.7038766725689654, 0.7097544146008705, 0.7187869049607802, 0.7183541826589354, 0.720427322202271, 0.7246100659311576, 0.7301485124616275, 0.731986603593721, 0.7326739220169369, 0.7355894986146402]}

Epsilon = 12.4952

{'loss': [1.1094229802943656, 1.0902405489786609, 1.0550366981221513, 1.0585756345686268, 1.0664121350615727, 1.0814579504369477, 1.0886606584777117, 1.123146090869143, 1.1154345532149612, 1.11936225408311, 1.114000997196612, 1.0960838257381, 1.1257403608967869, 1.1214505143236424], 'accuracy': [0.49726348709929635, 0.5027365129007036, 0.5191555903049258, 0.5207193119624707, 0.5129007036747459, 0.5160281469898358, 0.5160281469898358, 0.5121188428459734, 0.5191555903049258, 0.5222830336200156, 0.5261923377638781, 0.5340109460516028, 0.5254104769351056, 0.527756059421423], 'auc': [0.6206528043968786, 0.6817404160427957, 0.6939837819082824, 0.7038766725689654, 0.7097544146008705, 0.7187869049607802, 0.7183541826589354, 0.720427322202271, 0.7246100659311576, 0.7301485124616275, 0.731986603593721, 0.7326739220169369, 0.7355894986146402, 0.7368225619052675]}

Epsilon = 12.9758

{'loss': [1.1094229802943656, 1.0902405489786609, 1.0550366981221513, 1.0585756345686268, 1.0664121350615727, 1.0814579504369477, 1.0886606584777117, 1.123146090869143, 1.1154345532149612, 1.11936225408311, 1.114000997196612, 1.0960838257381, 1.1257403608967869, 1.1214505143236424, 1.1431103056534089], 'accuracy': [0.49726348709929635, 0.5027365129007036, 0.5191555903049258, 0.5207193119624707, 0.5129007036747459, 0.5160281469898358, 0.5160281469898358, 0.5121188428459734, 0.5191555903049258, 0.5222830336200156, 0.5261923377638781, 0.5340109460516028, 0.5254104769351056, 0.527756059421423, 0.5285379202501954], 'auc': [0.6206528043968786, 0.6817404160427957, 0.6939837819082824, 0.7038766725689654, 0.7097544146008705, 0.7187869049607802, 0.7183541826589354, 0.720427322202271, 0.7246100659311576, 0.7301485124616275, 0.731986603593721, 0.7326739220169369, 0.7355894986146402, 0.7368225619052675, 0.738976970150633]}

Epsilon = 13.4462
[92mINFO [0m:      Sent reply
02/06/2025 08:53:04:INFO:Sent reply
[92mINFO [0m:      
02/06/2025 08:53:44:INFO:
[92mINFO [0m:      Received: train message 0539cee5-fea6-4f0e-8edb-1f2130696fc9
02/06/2025 08:53:44:INFO:Received: train message 0539cee5-fea6-4f0e-8edb-1f2130696fc9
/home/dgxuser16/anaconda3/envs/ihpc/lib/python3.8/site-packages/torch/nn/modules/module.py:1640: FutureWarning: Using a non-full backward hook when the forward contains multiple autograd Nodes is deprecated and will be removed in future versions. This hook will be missing some grad_input. Please use register_full_backward_hook to get the documented behavior.
  self._maybe_warn_non_full_backward_hook(args, result, grad_fn)
[92mINFO [0m:      Sent reply
02/06/2025 08:54:12:INFO:Sent reply
[92mINFO [0m:      
02/06/2025 08:55:09:INFO:
[92mINFO [0m:      Received: evaluate message 332c8b3c-7a0a-444c-bece-fe775a530b7b
02/06/2025 08:55:09:INFO:Received: evaluate message 332c8b3c-7a0a-444c-bece-fe775a530b7b
[92mINFO [0m:      Sent reply
02/06/2025 08:55:13:INFO:Sent reply
[92mINFO [0m:      
02/06/2025 08:55:53:INFO:
[92mINFO [0m:      Received: train message fa13b666-91e6-478a-9b6b-12acf4e74ec5
02/06/2025 08:55:53:INFO:Received: train message fa13b666-91e6-478a-9b6b-12acf4e74ec5
/home/dgxuser16/anaconda3/envs/ihpc/lib/python3.8/site-packages/torch/nn/modules/module.py:1640: FutureWarning: Using a non-full backward hook when the forward contains multiple autograd Nodes is deprecated and will be removed in future versions. This hook will be missing some grad_input. Please use register_full_backward_hook to get the documented behavior.
  self._maybe_warn_non_full_backward_hook(args, result, grad_fn)
[92mINFO [0m:      Sent reply
02/06/2025 08:56:15:INFO:Sent reply
[92mINFO [0m:      
02/06/2025 08:57:51:INFO:
[92mINFO [0m:      Received: evaluate message 10676903-f11a-40dc-b687-e4d3552b787e
02/06/2025 08:57:51:INFO:Received: evaluate message 10676903-f11a-40dc-b687-e4d3552b787e
[92mINFO [0m:      Sent reply
02/06/2025 08:57:57:INFO:Sent reply
[92mINFO [0m:      
02/06/2025 08:58:22:INFO:
[92mINFO [0m:      Received: train message 0155b285-d8af-4164-96d3-70bfb70ead11
02/06/2025 08:58:22:INFO:Received: train message 0155b285-d8af-4164-96d3-70bfb70ead11
/home/dgxuser16/anaconda3/envs/ihpc/lib/python3.8/site-packages/torch/nn/modules/module.py:1640: FutureWarning: Using a non-full backward hook when the forward contains multiple autograd Nodes is deprecated and will be removed in future versions. This hook will be missing some grad_input. Please use register_full_backward_hook to get the documented behavior.
  self._maybe_warn_non_full_backward_hook(args, result, grad_fn)
[92mINFO [0m:      Sent reply
02/06/2025 08:58:52:INFO:Sent reply
[92mINFO [0m:      
02/06/2025 09:00:06:INFO:
[92mINFO [0m:      Received: evaluate message c5def668-f6aa-4da8-91fe-44a644ee08b5
02/06/2025 09:00:06:INFO:Received: evaluate message c5def668-f6aa-4da8-91fe-44a644ee08b5
[92mINFO [0m:      Sent reply
02/06/2025 09:00:11:INFO:Sent reply
[92mINFO [0m:      
02/06/2025 09:00:50:INFO:
[92mINFO [0m:      Received: train message e98ed34b-a913-4209-a390-2da34eeab642
02/06/2025 09:00:50:INFO:Received: train message e98ed34b-a913-4209-a390-2da34eeab642
/home/dgxuser16/anaconda3/envs/ihpc/lib/python3.8/site-packages/torch/nn/modules/module.py:1640: FutureWarning: Using a non-full backward hook when the forward contains multiple autograd Nodes is deprecated and will be removed in future versions. This hook will be missing some grad_input. Please use register_full_backward_hook to get the documented behavior.
  self._maybe_warn_non_full_backward_hook(args, result, grad_fn)
[92mINFO [0m:      Sent reply
02/06/2025 09:01:27:INFO:Sent reply
[92mINFO [0m:      
02/06/2025 09:02:24:INFO:
[92mINFO [0m:      Received: evaluate message 5ff94ab6-cfb5-4a9d-b832-1dd707d65ce7
02/06/2025 09:02:24:INFO:Received: evaluate message 5ff94ab6-cfb5-4a9d-b832-1dd707d65ce7
[92mINFO [0m:      Sent reply
02/06/2025 09:02:34:INFO:Sent reply
[92mINFO [0m:      
02/06/2025 09:02:59:INFO:
[92mINFO [0m:      Received: train message b03ef40d-d11c-4f9a-843d-eef14b26dbc7
02/06/2025 09:02:59:INFO:Received: train message b03ef40d-d11c-4f9a-843d-eef14b26dbc7
/home/dgxuser16/anaconda3/envs/ihpc/lib/python3.8/site-packages/torch/nn/modules/module.py:1640: FutureWarning: Using a non-full backward hook when the forward contains multiple autograd Nodes is deprecated and will be removed in future versions. This hook will be missing some grad_input. Please use register_full_backward_hook to get the documented behavior.
  self._maybe_warn_non_full_backward_hook(args, result, grad_fn)
[92mINFO [0m:      Sent reply
02/06/2025 09:03:36:INFO:Sent reply
[92mINFO [0m:      
02/06/2025 09:04:17:INFO:
[92mINFO [0m:      Received: evaluate message f2cb70b2-752b-49dc-8558-b33d6c6c1d8b
02/06/2025 09:04:17:INFO:Received: evaluate message f2cb70b2-752b-49dc-8558-b33d6c6c1d8b
[92mINFO [0m:      Sent reply
02/06/2025 09:04:23:INFO:Sent reply
