nohup: ignoring input
[92mINFO [0m:      
[92mINFO [0m:      [RUN 0, ROUND ]
[92mINFO [0m:      Received: train message 14a42ac8-49c8-4031-91de-b35f5cb4bad1
[93mWARNING [0m:   Deprecation Warning: The `client_fn` function must return an instance of `Client`, but an instance of `NumpyClient` was returned. Please use `NumPyClient.to_client()` method to convert it to `Client`.
Error importing huggingface_hub.hf_api: No module named 'tqdm'
Error importing huggingface_hub.hf_api: No module named 'tqdm'
[92mINFO [0m:      Sent reply
[92mINFO [0m:      
[92mINFO [0m:      [RUN 0, ROUND ]
[92mINFO [0m:      Received: evaluate message c692ee8a-b639-469f-9791-99a11cf5b9fa
[93mWARNING [0m:   Deprecation Warning: The `client_fn` function must return an instance of `Client`, but an instance of `NumpyClient` was returned. Please use `NumPyClient.to_client()` method to convert it to `Client`.
[92mINFO [0m:      Sent reply
[92mINFO [0m:      
[92mINFO [0m:      [RUN 0, ROUND ]
[92mINFO [0m:      Received: train message 69b18480-724b-4805-9f10-5b49654ce0df
[93mWARNING [0m:   Deprecation Warning: The `client_fn` function must return an instance of `Client`, but an instance of `NumpyClient` was returned. Please use `NumPyClient.to_client()` method to convert it to `Client`.

{'loss': [83.42183369398117], 'accuracy': [0.49960906958561374], 'auc': [0.5954110748371158]}

[92mINFO [0m:      Sent reply
[92mINFO [0m:      
[92mINFO [0m:      [RUN 0, ROUND ]
[92mINFO [0m:      Received: evaluate message 141a8ed5-580b-4891-93d2-3a935dde8aa9
[93mWARNING [0m:   Deprecation Warning: The `client_fn` function must return an instance of `Client`, but an instance of `NumpyClient` was returned. Please use `NumPyClient.to_client()` method to convert it to `Client`.
[92mINFO [0m:      Sent reply
[92mINFO [0m:      
[92mINFO [0m:      [RUN 0, ROUND ]
[92mINFO [0m:      Received: train message a0f52b27-9df7-43bd-8bbb-1300aeba2c1b
[93mWARNING [0m:   Deprecation Warning: The `client_fn` function must return an instance of `Client`, but an instance of `NumpyClient` was returned. Please use `NumPyClient.to_client()` method to convert it to `Client`.

{'loss': [83.42183369398117, 80.59246230125427], 'accuracy': [0.49960906958561374, 0.4988272087568413], 'auc': [0.5954110748371158, 0.6542939730786622]}

[92mINFO [0m:      Sent reply
[92mINFO [0m:      
[92mINFO [0m:      [RUN 0, ROUND ]
[92mINFO [0m:      Received: evaluate message c0e7154f-26bf-427e-b070-a4b26e5bff78
[93mWARNING [0m:   Deprecation Warning: The `client_fn` function must return an instance of `Client`, but an instance of `NumpyClient` was returned. Please use `NumPyClient.to_client()` method to convert it to `Client`.
[92mINFO [0m:      Sent reply
[92mINFO [0m:      
[92mINFO [0m:      [RUN 0, ROUND ]
[92mINFO [0m:      Received: train message b0e87d1f-d579-45d9-849e-19f89c58cbf8
[93mWARNING [0m:   Deprecation Warning: The `client_fn` function must return an instance of `Client`, but an instance of `NumpyClient` was returned. Please use `NumPyClient.to_client()` method to convert it to `Client`.

{'loss': [83.42183369398117, 80.59246230125427, 79.25217720866203], 'accuracy': [0.49960906958561374, 0.4988272087568413, 0.5043002345582487], 'auc': [0.5954110748371158, 0.6542939730786622, 0.6779707283480844]}

[92mINFO [0m:      Sent reply
[92mINFO [0m:      
[92mINFO [0m:      [RUN 0, ROUND ]
[92mINFO [0m:      Received: evaluate message 0a135d5f-5032-45d2-b2ca-4782d45924fe
[93mWARNING [0m:   Deprecation Warning: The `client_fn` function must return an instance of `Client`, but an instance of `NumpyClient` was returned. Please use `NumPyClient.to_client()` method to convert it to `Client`.
[92mINFO [0m:      Sent reply
[92mINFO [0m:      
[92mINFO [0m:      [RUN 0, ROUND ]
[92mINFO [0m:      Received: train message 731353b8-f241-4b32-932f-c5fc2bae205d
[93mWARNING [0m:   Deprecation Warning: The `client_fn` function must return an instance of `Client`, but an instance of `NumpyClient` was returned. Please use `NumPyClient.to_client()` method to convert it to `Client`.

{'loss': [83.42183369398117, 80.59246230125427, 79.25217720866203, 79.49509787559509], 'accuracy': [0.49960906958561374, 0.4988272087568413, 0.5043002345582487, 0.5043002345582487], 'auc': [0.5954110748371158, 0.6542939730786622, 0.6779707283480844, 0.6939986137242202]}

[92mINFO [0m:      Sent reply
[92mINFO [0m:      
[92mINFO [0m:      [RUN 0, ROUND ]
[92mINFO [0m:      Received: evaluate message 23327e79-75c1-4589-a6d3-0a162f4110ce
[93mWARNING [0m:   Deprecation Warning: The `client_fn` function must return an instance of `Client`, but an instance of `NumpyClient` was returned. Please use `NumPyClient.to_client()` method to convert it to `Client`.
[92mINFO [0m:      Sent reply
[92mINFO [0m:      
[92mINFO [0m:      [RUN 0, ROUND ]
[92mINFO [0m:      Received: train message e736161b-7652-4862-82ca-f0200e5379f0
[93mWARNING [0m:   Deprecation Warning: The `client_fn` function must return an instance of `Client`, but an instance of `NumpyClient` was returned. Please use `NumPyClient.to_client()` method to convert it to `Client`.

{'loss': [83.42183369398117, 80.59246230125427, 79.25217720866203, 79.49509787559509, 78.27100673317909], 'accuracy': [0.49960906958561374, 0.4988272087568413, 0.5043002345582487, 0.5043002345582487, 0.506645817044566], 'auc': [0.5954110748371158, 0.6542939730786622, 0.6779707283480844, 0.6939986137242202, 0.7027336378866063]}

[92mINFO [0m:      Sent reply
[92mINFO [0m:      
[92mINFO [0m:      [RUN 0, ROUND ]
[92mINFO [0m:      Received: evaluate message 959b2780-c0b0-4c57-8de9-6b5e06b0ae9d
[93mWARNING [0m:   Deprecation Warning: The `client_fn` function must return an instance of `Client`, but an instance of `NumpyClient` was returned. Please use `NumPyClient.to_client()` method to convert it to `Client`.
[92mINFO [0m:      Sent reply
[92mINFO [0m:      
[92mINFO [0m:      [RUN 0, ROUND ]
[92mINFO [0m:      Received: train message 7cf20193-e0c2-4e14-8cc9-ec9379161bab
[93mWARNING [0m:   Deprecation Warning: The `client_fn` function must return an instance of `Client`, but an instance of `NumpyClient` was returned. Please use `NumPyClient.to_client()` method to convert it to `Client`.

{'loss': [83.42183369398117, 80.59246230125427, 79.25217720866203, 79.49509787559509, 78.27100673317909, 77.3814168870449], 'accuracy': [0.49960906958561374, 0.4988272087568413, 0.5043002345582487, 0.5043002345582487, 0.506645817044566, 0.5113369820172009], 'auc': [0.5954110748371158, 0.6542939730786622, 0.6779707283480844, 0.6939986137242202, 0.7027336378866063, 0.7098565387446703]}

[92mINFO [0m:      Sent reply
[92mINFO [0m:      
[92mINFO [0m:      [RUN 0, ROUND ]
[92mINFO [0m:      Received: evaluate message c33514da-8ade-4c08-80d1-cad2b7e80756
[93mWARNING [0m:   Deprecation Warning: The `client_fn` function must return an instance of `Client`, but an instance of `NumpyClient` was returned. Please use `NumPyClient.to_client()` method to convert it to `Client`.
[92mINFO [0m:      Sent reply
[92mINFO [0m:      
[92mINFO [0m:      [RUN 0, ROUND ]
[92mINFO [0m:      Received: train message 96c8bd35-1f38-43ef-be35-4cdcefe7fc56
[93mWARNING [0m:   Deprecation Warning: The `client_fn` function must return an instance of `Client`, but an instance of `NumpyClient` was returned. Please use `NumPyClient.to_client()` method to convert it to `Client`.

{'loss': [83.42183369398117, 80.59246230125427, 79.25217720866203, 79.49509787559509, 78.27100673317909, 77.3814168870449, 81.72082775831223], 'accuracy': [0.49960906958561374, 0.4988272087568413, 0.5043002345582487, 0.5043002345582487, 0.506645817044566, 0.5113369820172009, 0.508209538702111], 'auc': [0.5954110748371158, 0.6542939730786622, 0.6779707283480844, 0.6939986137242202, 0.7027336378866063, 0.7098565387446703, 0.7167212504985642]}

[92mINFO [0m:      Sent reply
[92mINFO [0m:      
[92mINFO [0m:      [RUN 0, ROUND ]
[92mINFO [0m:      Received: evaluate message 798fced7-9ca2-41dd-9ca3-c14151a823df
[93mWARNING [0m:   Deprecation Warning: The `client_fn` function must return an instance of `Client`, but an instance of `NumpyClient` was returned. Please use `NumPyClient.to_client()` method to convert it to `Client`.
[92mINFO [0m:      Sent reply
[92mINFO [0m:      
[92mINFO [0m:      [RUN 0, ROUND ]
[92mINFO [0m:      Received: train message ac3636c5-bfe0-4b12-99c3-91b07cd148d6
[93mWARNING [0m:   Deprecation Warning: The `client_fn` function must return an instance of `Client`, but an instance of `NumpyClient` was returned. Please use `NumPyClient.to_client()` method to convert it to `Client`.

{'loss': [83.42183369398117, 80.59246230125427, 79.25217720866203, 79.49509787559509, 78.27100673317909, 77.3814168870449, 81.72082775831223, 76.59264808893204], 'accuracy': [0.49960906958561374, 0.4988272087568413, 0.5043002345582487, 0.5043002345582487, 0.506645817044566, 0.5113369820172009, 0.508209538702111, 0.5136825645035183], 'auc': [0.5954110748371158, 0.6542939730786622, 0.6779707283480844, 0.6939986137242202, 0.7027336378866063, 0.7098565387446703, 0.7167212504985642, 0.7203626524575851]}

[92mINFO [0m:      Sent reply
[92mINFO [0m:      
[92mINFO [0m:      [RUN 0, ROUND ]
[92mINFO [0m:      Received: evaluate message 2508b4fd-97fd-4b07-a304-86787597b357
[93mWARNING [0m:   Deprecation Warning: The `client_fn` function must return an instance of `Client`, but an instance of `NumpyClient` was returned. Please use `NumPyClient.to_client()` method to convert it to `Client`.
[92mINFO [0m:      Sent reply
[92mINFO [0m:      
[92mINFO [0m:      [RUN 0, ROUND ]
[92mINFO [0m:      Received: train message 47a6f548-b08c-4618-9a96-866e70161bec
[93mWARNING [0m:   Deprecation Warning: The `client_fn` function must return an instance of `Client`, but an instance of `NumpyClient` was returned. Please use `NumPyClient.to_client()` method to convert it to `Client`.

{'loss': [83.42183369398117, 80.59246230125427, 79.25217720866203, 79.49509787559509, 78.27100673317909, 77.3814168870449, 81.72082775831223, 76.59264808893204, 76.93209972977638], 'accuracy': [0.49960906958561374, 0.4988272087568413, 0.5043002345582487, 0.5043002345582487, 0.506645817044566, 0.5113369820172009, 0.508209538702111, 0.5136825645035183, 0.5121188428459734], 'auc': [0.5954110748371158, 0.6542939730786622, 0.6779707283480844, 0.6939986137242202, 0.7027336378866063, 0.7098565387446703, 0.7167212504985642, 0.7203626524575851, 0.7251015507734562]}

[92mINFO [0m:      Sent reply
[92mINFO [0m:      
[92mINFO [0m:      [RUN 0, ROUND ]
[92mINFO [0m:      Received: evaluate message 2cf69857-1765-45aa-b6da-e7909dfc6d13
[93mWARNING [0m:   Deprecation Warning: The `client_fn` function must return an instance of `Client`, but an instance of `NumpyClient` was returned. Please use `NumPyClient.to_client()` method to convert it to `Client`.
[92mINFO [0m:      Sent reply
[92mINFO [0m:      
[92mINFO [0m:      [RUN 0, ROUND ]
[92mINFO [0m:      Received: train message 906670f1-c3c4-47f5-8fac-57cc6edc0332
[93mWARNING [0m:   Deprecation Warning: The `client_fn` function must return an instance of `Client`, but an instance of `NumpyClient` was returned. Please use `NumPyClient.to_client()` method to convert it to `Client`.

{'loss': [83.42183369398117, 80.59246230125427, 79.25217720866203, 79.49509787559509, 78.27100673317909, 77.3814168870449, 81.72082775831223, 76.59264808893204, 76.93209972977638, 75.98650553822517], 'accuracy': [0.49960906958561374, 0.4988272087568413, 0.5043002345582487, 0.5043002345582487, 0.506645817044566, 0.5113369820172009, 0.508209538702111, 0.5136825645035183, 0.5121188428459734, 0.5215011727912432], 'auc': [0.5954110748371158, 0.6542939730786622, 0.6779707283480844, 0.6939986137242202, 0.7027336378866063, 0.7098565387446703, 0.7167212504985642, 0.7203626524575851, 0.7251015507734562, 0.7287381886135486]}

[92mINFO [0m:      Sent reply
[92mINFO [0m:      
[92mINFO [0m:      [RUN 0, ROUND ]
[92mINFO [0m:      Received: evaluate message 8afd81fb-1412-493d-b3f5-ec7d25ef2ff1
[93mWARNING [0m:   Deprecation Warning: The `client_fn` function must return an instance of `Client`, but an instance of `NumpyClient` was returned. Please use `NumPyClient.to_client()` method to convert it to `Client`.
[92mINFO [0m:      Sent reply
[92mINFO [0m:      
[92mINFO [0m:      [RUN 0, ROUND ]
[92mINFO [0m:      Received: train message 92bae495-e7dd-4861-bba3-d92bb1576e02
[93mWARNING [0m:   Deprecation Warning: The `client_fn` function must return an instance of `Client`, but an instance of `NumpyClient` was returned. Please use `NumPyClient.to_client()` method to convert it to `Client`.

{'loss': [83.42183369398117, 80.59246230125427, 79.25217720866203, 79.49509787559509, 78.27100673317909, 77.3814168870449, 81.72082775831223, 76.59264808893204, 76.93209972977638, 75.98650553822517, 76.02446858584881], 'accuracy': [0.49960906958561374, 0.4988272087568413, 0.5043002345582487, 0.5043002345582487, 0.506645817044566, 0.5113369820172009, 0.508209538702111, 0.5136825645035183, 0.5121188428459734, 0.5215011727912432, 0.5144644253322909], 'auc': [0.5954110748371158, 0.6542939730786622, 0.6779707283480844, 0.6939986137242202, 0.7027336378866063, 0.7098565387446703, 0.7167212504985642, 0.7203626524575851, 0.7251015507734562, 0.7287381886135486, 0.7321352693609555]}

[92mINFO [0m:      Sent reply
[92mINFO [0m:      
[92mINFO [0m:      [RUN 0, ROUND ]
[92mINFO [0m:      Received: evaluate message 12acbfe3-36bb-428b-b0cc-1cffa9f1781c
[93mWARNING [0m:   Deprecation Warning: The `client_fn` function must return an instance of `Client`, but an instance of `NumpyClient` was returned. Please use `NumPyClient.to_client()` method to convert it to `Client`.
[92mINFO [0m:      Sent reply
[92mINFO [0m:      
[92mINFO [0m:      [RUN 0, ROUND ]
[92mINFO [0m:      Received: train message 063156af-ad79-46a8-a56c-162ff1b702d7
[93mWARNING [0m:   Deprecation Warning: The `client_fn` function must return an instance of `Client`, but an instance of `NumpyClient` was returned. Please use `NumPyClient.to_client()` method to convert it to `Client`.

{'loss': [83.42183369398117, 80.59246230125427, 79.25217720866203, 79.49509787559509, 78.27100673317909, 77.3814168870449, 81.72082775831223, 76.59264808893204, 76.93209972977638, 75.98650553822517, 76.02446858584881, 76.90593276917934], 'accuracy': [0.49960906958561374, 0.4988272087568413, 0.5043002345582487, 0.5043002345582487, 0.506645817044566, 0.5113369820172009, 0.508209538702111, 0.5136825645035183, 0.5121188428459734, 0.5215011727912432, 0.5144644253322909, 0.5144644253322909], 'auc': [0.5954110748371158, 0.6542939730786622, 0.6779707283480844, 0.6939986137242202, 0.7027336378866063, 0.7098565387446703, 0.7167212504985642, 0.7203626524575851, 0.7251015507734562, 0.7287381886135486, 0.7321352693609555, 0.7350227868523589]}

[92mINFO [0m:      Sent reply
[92mINFO [0m:      
[92mINFO [0m:      [RUN 0, ROUND ]
[92mINFO [0m:      Received: evaluate message 7bafc30a-a4f0-45bf-bfaa-14b6482d9f53
[93mWARNING [0m:   Deprecation Warning: The `client_fn` function must return an instance of `Client`, but an instance of `NumpyClient` was returned. Please use `NumPyClient.to_client()` method to convert it to `Client`.
[92mINFO [0m:      Sent reply
[92mINFO [0m:      
[92mINFO [0m:      [RUN 0, ROUND ]
[92mINFO [0m:      Received: train message 16958fbd-5b22-474a-9197-c1cf70cd9c8e
[93mWARNING [0m:   Deprecation Warning: The `client_fn` function must return an instance of `Client`, but an instance of `NumpyClient` was returned. Please use `NumPyClient.to_client()` method to convert it to `Client`.

{'loss': [83.42183369398117, 80.59246230125427, 79.25217720866203, 79.49509787559509, 78.27100673317909, 77.3814168870449, 81.72082775831223, 76.59264808893204, 76.93209972977638, 75.98650553822517, 76.02446858584881, 76.90593276917934, 75.72381374239922], 'accuracy': [0.49960906958561374, 0.4988272087568413, 0.5043002345582487, 0.5043002345582487, 0.506645817044566, 0.5113369820172009, 0.508209538702111, 0.5136825645035183, 0.5121188428459734, 0.5215011727912432, 0.5144644253322909, 0.5144644253322909, 0.5175918686473807], 'auc': [0.5954110748371158, 0.6542939730786622, 0.6779707283480844, 0.6939986137242202, 0.7027336378866063, 0.7098565387446703, 0.7167212504985642, 0.7203626524575851, 0.7251015507734562, 0.7287381886135486, 0.7321352693609555, 0.7350227868523589, 0.7379858227591094]}

[92mINFO [0m:      Sent reply
[92mINFO [0m:      
[92mINFO [0m:      [RUN 0, ROUND ]
[92mINFO [0m:      Received: evaluate message 628ff23a-e477-4f3b-bf1d-3a21a56f3575
[93mWARNING [0m:   Deprecation Warning: The `client_fn` function must return an instance of `Client`, but an instance of `NumpyClient` was returned. Please use `NumPyClient.to_client()` method to convert it to `Client`.
[92mINFO [0m:      Sent reply
[92mINFO [0m:      
[92mINFO [0m:      [RUN 0, ROUND ]
[92mINFO [0m:      Received: train message b1072e85-0a1c-4369-9be4-046b5b91ed8b
[93mWARNING [0m:   Deprecation Warning: The `client_fn` function must return an instance of `Client`, but an instance of `NumpyClient` was returned. Please use `NumPyClient.to_client()` method to convert it to `Client`.

{'loss': [83.42183369398117, 80.59246230125427, 79.25217720866203, 79.49509787559509, 78.27100673317909, 77.3814168870449, 81.72082775831223, 76.59264808893204, 76.93209972977638, 75.98650553822517, 76.02446858584881, 76.90593276917934, 75.72381374239922, 75.63962505757809], 'accuracy': [0.49960906958561374, 0.4988272087568413, 0.5043002345582487, 0.5043002345582487, 0.506645817044566, 0.5113369820172009, 0.508209538702111, 0.5136825645035183, 0.5121188428459734, 0.5215011727912432, 0.5144644253322909, 0.5144644253322909, 0.5175918686473807, 0.5183737294761532], 'auc': [0.5954110748371158, 0.6542939730786622, 0.6779707283480844, 0.6939986137242202, 0.7027336378866063, 0.7098565387446703, 0.7167212504985642, 0.7203626524575851, 0.7251015507734562, 0.7287381886135486, 0.7321352693609555, 0.7350227868523589, 0.7379858227591094, 0.7401667214822836]}

[92mINFO [0m:      Sent reply
[92mINFO [0m:      
[92mINFO [0m:      [RUN 0, ROUND ]
[92mINFO [0m:      Received: evaluate message dc8d7ab6-d1e5-4e4c-8ec6-fa470455c371
[93mWARNING [0m:   Deprecation Warning: The `client_fn` function must return an instance of `Client`, but an instance of `NumpyClient` was returned. Please use `NumPyClient.to_client()` method to convert it to `Client`.
[92mINFO [0m:      Sent reply
[92mINFO [0m:      
[92mINFO [0m:      [RUN 0, ROUND ]
[92mINFO [0m:      Received: train message f17c5d51-984f-48e2-ae01-104e94238758
[93mWARNING [0m:   Deprecation Warning: The `client_fn` function must return an instance of `Client`, but an instance of `NumpyClient` was returned. Please use `NumPyClient.to_client()` method to convert it to `Client`.

{'loss': [83.42183369398117, 80.59246230125427, 79.25217720866203, 79.49509787559509, 78.27100673317909, 77.3814168870449, 81.72082775831223, 76.59264808893204, 76.93209972977638, 75.98650553822517, 76.02446858584881, 76.90593276917934, 75.72381374239922, 75.63962505757809, 75.28401610255241], 'accuracy': [0.49960906958561374, 0.4988272087568413, 0.5043002345582487, 0.5043002345582487, 0.506645817044566, 0.5113369820172009, 0.508209538702111, 0.5136825645035183, 0.5121188428459734, 0.5215011727912432, 0.5144644253322909, 0.5144644253322909, 0.5175918686473807, 0.5183737294761532, 0.5238467552775606], 'auc': [0.5954110748371158, 0.6542939730786622, 0.6779707283480844, 0.6939986137242202, 0.7027336378866063, 0.7098565387446703, 0.7167212504985642, 0.7203626524575851, 0.7251015507734562, 0.7287381886135486, 0.7321352693609555, 0.7350227868523589, 0.7379858227591094, 0.7401667214822836, 0.7421792015383974]}

[92mINFO [0m:      Sent reply
[92mINFO [0m:      
[92mINFO [0m:      [RUN 0, ROUND ]
[92mINFO [0m:      Received: evaluate message 33e38f2e-6163-47e6-9e1f-405ea0e28f2d
[93mWARNING [0m:   Deprecation Warning: The `client_fn` function must return an instance of `Client`, but an instance of `NumpyClient` was returned. Please use `NumPyClient.to_client()` method to convert it to `Client`.
[92mINFO [0m:      Sent reply
[92mINFO [0m:      
[92mINFO [0m:      [RUN 0, ROUND ]
[92mINFO [0m:      Received: train message 14ae41fe-2e52-43e5-9eaf-b9ad51e29e15
[93mWARNING [0m:   Deprecation Warning: The `client_fn` function must return an instance of `Client`, but an instance of `NumpyClient` was returned. Please use `NumPyClient.to_client()` method to convert it to `Client`.

{'loss': [83.42183369398117, 80.59246230125427, 79.25217720866203, 79.49509787559509, 78.27100673317909, 77.3814168870449, 81.72082775831223, 76.59264808893204, 76.93209972977638, 75.98650553822517, 76.02446858584881, 76.90593276917934, 75.72381374239922, 75.63962505757809, 75.28401610255241, 75.12094527482986], 'accuracy': [0.49960906958561374, 0.4988272087568413, 0.5043002345582487, 0.5043002345582487, 0.506645817044566, 0.5113369820172009, 0.508209538702111, 0.5136825645035183, 0.5121188428459734, 0.5215011727912432, 0.5144644253322909, 0.5144644253322909, 0.5175918686473807, 0.5183737294761532, 0.5238467552775606, 0.5238467552775606], 'auc': [0.5954110748371158, 0.6542939730786622, 0.6779707283480844, 0.6939986137242202, 0.7027336378866063, 0.7098565387446703, 0.7167212504985642, 0.7203626524575851, 0.7251015507734562, 0.7287381886135486, 0.7321352693609555, 0.7350227868523589, 0.7379858227591094, 0.7401667214822836, 0.7421792015383974, 0.7441277963033013]}

[92mINFO [0m:      Sent reply
[92mINFO [0m:      
[92mINFO [0m:      [RUN 0, ROUND ]
[92mINFO [0m:      Received: evaluate message 39a16597-dc5d-424d-b070-badc8b6670bb
[93mWARNING [0m:   Deprecation Warning: The `client_fn` function must return an instance of `Client`, but an instance of `NumpyClient` was returned. Please use `NumPyClient.to_client()` method to convert it to `Client`.
[92mINFO [0m:      Sent reply
[92mINFO [0m:      
[92mINFO [0m:      [RUN 0, ROUND ]
[92mINFO [0m:      Received: train message a03aac47-2d12-4e6b-b034-653d0323c44b
[93mWARNING [0m:   Deprecation Warning: The `client_fn` function must return an instance of `Client`, but an instance of `NumpyClient` was returned. Please use `NumPyClient.to_client()` method to convert it to `Client`.

{'loss': [83.42183369398117, 80.59246230125427, 79.25217720866203, 79.49509787559509, 78.27100673317909, 77.3814168870449, 81.72082775831223, 76.59264808893204, 76.93209972977638, 75.98650553822517, 76.02446858584881, 76.90593276917934, 75.72381374239922, 75.63962505757809, 75.28401610255241, 75.12094527482986, 75.3191100358963], 'accuracy': [0.49960906958561374, 0.4988272087568413, 0.5043002345582487, 0.5043002345582487, 0.506645817044566, 0.5113369820172009, 0.508209538702111, 0.5136825645035183, 0.5121188428459734, 0.5215011727912432, 0.5144644253322909, 0.5144644253322909, 0.5175918686473807, 0.5183737294761532, 0.5238467552775606, 0.5238467552775606, 0.5230648944487881], 'auc': [0.5954110748371158, 0.6542939730786622, 0.6779707283480844, 0.6939986137242202, 0.7027336378866063, 0.7098565387446703, 0.7167212504985642, 0.7203626524575851, 0.7251015507734562, 0.7287381886135486, 0.7321352693609555, 0.7350227868523589, 0.7379858227591094, 0.7401667214822836, 0.7421792015383974, 0.7441277963033013, 0.7458216529390842]}

[92mINFO [0m:      Sent reply
