nohup: ignoring input
[92mINFO [0m:      
[92mINFO [0m:      [RUN 0, ROUND ]
[92mINFO [0m:      Received: train message 4de48175-f9ca-4c02-b814-601813c350c0
[93mWARNING [0m:   Deprecation Warning: The `client_fn` function must return an instance of `Client`, but an instance of `NumpyClient` was returned. Please use `NumPyClient.to_client()` method to convert it to `Client`.
Error importing huggingface_hub.hf_api: No module named 'tqdm'
Error importing huggingface_hub.hf_api: No module named 'tqdm'
[92mINFO [0m:      Sent reply
[92mINFO [0m:      
[92mINFO [0m:      [RUN 0, ROUND ]
[92mINFO [0m:      Received: evaluate message 82a93c89-db5c-435b-876b-233ed1f62a21
[93mWARNING [0m:   Deprecation Warning: The `client_fn` function must return an instance of `Client`, but an instance of `NumpyClient` was returned. Please use `NumPyClient.to_client()` method to convert it to `Client`.
[92mINFO [0m:      Sent reply
[92mINFO [0m:      
[92mINFO [0m:      [RUN 0, ROUND ]
[92mINFO [0m:      Received: train message 72cb3205-47df-4e38-9652-758db71e9e60
[93mWARNING [0m:   Deprecation Warning: The `client_fn` function must return an instance of `Client`, but an instance of `NumpyClient` was returned. Please use `NumPyClient.to_client()` method to convert it to `Client`.

{'loss': [83.42183369398117], 'accuracy': [0.49960906958561374], 'auc': [0.5954110748371158]}

[92mINFO [0m:      Sent reply
[92mINFO [0m:      
[92mINFO [0m:      [RUN 0, ROUND ]
[92mINFO [0m:      Received: evaluate message dcfd1079-faa0-42c1-a84d-c2f545854234
[93mWARNING [0m:   Deprecation Warning: The `client_fn` function must return an instance of `Client`, but an instance of `NumpyClient` was returned. Please use `NumPyClient.to_client()` method to convert it to `Client`.
[92mINFO [0m:      Sent reply
[92mINFO [0m:      
[92mINFO [0m:      [RUN 0, ROUND ]
[92mINFO [0m:      Received: train message ebac07d0-2f78-449e-96e5-61aae8288c2c
[93mWARNING [0m:   Deprecation Warning: The `client_fn` function must return an instance of `Client`, but an instance of `NumpyClient` was returned. Please use `NumPyClient.to_client()` method to convert it to `Client`.

{'loss': [83.42183369398117, 80.59246230125427], 'accuracy': [0.49960906958561374, 0.4988272087568413], 'auc': [0.5954110748371158, 0.6542939730786622]}

[92mINFO [0m:      Sent reply
[92mINFO [0m:      
[92mINFO [0m:      [RUN 0, ROUND ]
[92mINFO [0m:      Received: evaluate message ceeaca79-adfb-4d42-ba4a-581321e6a0db
[93mWARNING [0m:   Deprecation Warning: The `client_fn` function must return an instance of `Client`, but an instance of `NumpyClient` was returned. Please use `NumPyClient.to_client()` method to convert it to `Client`.
[92mINFO [0m:      Sent reply
[92mINFO [0m:      
[92mINFO [0m:      [RUN 0, ROUND ]
[92mINFO [0m:      Received: train message 81bcf972-7eb5-4438-b9c4-42c11ba4093e
[93mWARNING [0m:   Deprecation Warning: The `client_fn` function must return an instance of `Client`, but an instance of `NumpyClient` was returned. Please use `NumPyClient.to_client()` method to convert it to `Client`.

{'loss': [83.42183369398117, 80.59246230125427, 79.25217720866203], 'accuracy': [0.49960906958561374, 0.4988272087568413, 0.5043002345582487], 'auc': [0.5954110748371158, 0.6542939730786622, 0.6779707283480844]}

[92mINFO [0m:      Sent reply
[92mINFO [0m:      
[92mINFO [0m:      [RUN 0, ROUND ]
[92mINFO [0m:      Received: evaluate message 40e49914-8358-4f84-95c0-1abe965229b3
[93mWARNING [0m:   Deprecation Warning: The `client_fn` function must return an instance of `Client`, but an instance of `NumpyClient` was returned. Please use `NumPyClient.to_client()` method to convert it to `Client`.
[92mINFO [0m:      Sent reply
[92mINFO [0m:      
[92mINFO [0m:      [RUN 0, ROUND ]
[92mINFO [0m:      Received: train message d51a7af0-489f-4409-8ee7-f02fec683572
[93mWARNING [0m:   Deprecation Warning: The `client_fn` function must return an instance of `Client`, but an instance of `NumpyClient` was returned. Please use `NumPyClient.to_client()` method to convert it to `Client`.

{'loss': [83.42183369398117, 80.59246230125427, 79.25217720866203, 79.49509787559509], 'accuracy': [0.49960906958561374, 0.4988272087568413, 0.5043002345582487, 0.5043002345582487], 'auc': [0.5954110748371158, 0.6542939730786622, 0.6779707283480844, 0.6939986137242202]}

[92mINFO [0m:      Sent reply
[92mINFO [0m:      
[92mINFO [0m:      [RUN 0, ROUND ]
[92mINFO [0m:      Received: evaluate message 00134aa7-c99f-433b-a190-aba4bec28266
[93mWARNING [0m:   Deprecation Warning: The `client_fn` function must return an instance of `Client`, but an instance of `NumpyClient` was returned. Please use `NumPyClient.to_client()` method to convert it to `Client`.
[92mINFO [0m:      Sent reply
[92mINFO [0m:      
[92mINFO [0m:      [RUN 0, ROUND ]
[92mINFO [0m:      Received: train message 52e6933c-8e52-448a-94ef-cc193c102ce5
[93mWARNING [0m:   Deprecation Warning: The `client_fn` function must return an instance of `Client`, but an instance of `NumpyClient` was returned. Please use `NumPyClient.to_client()` method to convert it to `Client`.

{'loss': [83.42183369398117, 80.59246230125427, 79.25217720866203, 79.49509787559509, 78.27100673317909], 'accuracy': [0.49960906958561374, 0.4988272087568413, 0.5043002345582487, 0.5043002345582487, 0.506645817044566], 'auc': [0.5954110748371158, 0.6542939730786622, 0.6779707283480844, 0.6939986137242202, 0.7027336378866063]}

[92mINFO [0m:      Sent reply
[92mINFO [0m:      
[92mINFO [0m:      [RUN 0, ROUND ]
[92mINFO [0m:      Received: evaluate message 898eae84-0407-4daf-b07b-0316739d1f29
[93mWARNING [0m:   Deprecation Warning: The `client_fn` function must return an instance of `Client`, but an instance of `NumpyClient` was returned. Please use `NumPyClient.to_client()` method to convert it to `Client`.
[92mINFO [0m:      Sent reply
[92mINFO [0m:      
[92mINFO [0m:      [RUN 0, ROUND ]
[92mINFO [0m:      Received: train message 4ca8c6e4-62ef-4bbe-92cd-c9efe1539042
[93mWARNING [0m:   Deprecation Warning: The `client_fn` function must return an instance of `Client`, but an instance of `NumpyClient` was returned. Please use `NumPyClient.to_client()` method to convert it to `Client`.

{'loss': [83.42183369398117, 80.59246230125427, 79.25217720866203, 79.49509787559509, 78.27100673317909, 77.3814168870449], 'accuracy': [0.49960906958561374, 0.4988272087568413, 0.5043002345582487, 0.5043002345582487, 0.506645817044566, 0.5113369820172009], 'auc': [0.5954110748371158, 0.6542939730786622, 0.6779707283480844, 0.6939986137242202, 0.7027336378866063, 0.7098565387446703]}

[92mINFO [0m:      Sent reply
[92mINFO [0m:      
[92mINFO [0m:      [RUN 0, ROUND ]
[92mINFO [0m:      Received: evaluate message 1b8c7be5-0a29-46bb-b5b1-dff57f17a078
[93mWARNING [0m:   Deprecation Warning: The `client_fn` function must return an instance of `Client`, but an instance of `NumpyClient` was returned. Please use `NumPyClient.to_client()` method to convert it to `Client`.
[92mINFO [0m:      Sent reply
[92mINFO [0m:      
[92mINFO [0m:      [RUN 0, ROUND ]
[92mINFO [0m:      Received: train message 68f9527e-150d-484f-99c6-ca4dda80f34d
[93mWARNING [0m:   Deprecation Warning: The `client_fn` function must return an instance of `Client`, but an instance of `NumpyClient` was returned. Please use `NumPyClient.to_client()` method to convert it to `Client`.

{'loss': [83.42183369398117, 80.59246230125427, 79.25217720866203, 79.49509787559509, 78.27100673317909, 77.3814168870449, 81.72082775831223], 'accuracy': [0.49960906958561374, 0.4988272087568413, 0.5043002345582487, 0.5043002345582487, 0.506645817044566, 0.5113369820172009, 0.508209538702111], 'auc': [0.5954110748371158, 0.6542939730786622, 0.6779707283480844, 0.6939986137242202, 0.7027336378866063, 0.7098565387446703, 0.7167212504985642]}

[92mINFO [0m:      Sent reply
[92mINFO [0m:      
[92mINFO [0m:      [RUN 0, ROUND ]
[92mINFO [0m:      Received: evaluate message 1ffea992-1232-4b4b-9925-0587335fe032
[93mWARNING [0m:   Deprecation Warning: The `client_fn` function must return an instance of `Client`, but an instance of `NumpyClient` was returned. Please use `NumPyClient.to_client()` method to convert it to `Client`.
[92mINFO [0m:      Sent reply
[92mINFO [0m:      
[92mINFO [0m:      [RUN 0, ROUND ]
[92mINFO [0m:      Received: train message 3e61da15-2d37-4f3d-a3e9-6638661ab641
[93mWARNING [0m:   Deprecation Warning: The `client_fn` function must return an instance of `Client`, but an instance of `NumpyClient` was returned. Please use `NumPyClient.to_client()` method to convert it to `Client`.

{'loss': [83.42183369398117, 80.59246230125427, 79.25217720866203, 79.49509787559509, 78.27100673317909, 77.3814168870449, 81.72082775831223, 76.59264808893204], 'accuracy': [0.49960906958561374, 0.4988272087568413, 0.5043002345582487, 0.5043002345582487, 0.506645817044566, 0.5113369820172009, 0.508209538702111, 0.5136825645035183], 'auc': [0.5954110748371158, 0.6542939730786622, 0.6779707283480844, 0.6939986137242202, 0.7027336378866063, 0.7098565387446703, 0.7167212504985642, 0.7203626524575851]}

[92mINFO [0m:      Sent reply
[92mINFO [0m:      
[92mINFO [0m:      [RUN 0, ROUND ]
[92mINFO [0m:      Received: evaluate message 0d78483c-1024-4417-b3e0-62766aeeec75
[93mWARNING [0m:   Deprecation Warning: The `client_fn` function must return an instance of `Client`, but an instance of `NumpyClient` was returned. Please use `NumPyClient.to_client()` method to convert it to `Client`.
[92mINFO [0m:      Sent reply
[92mINFO [0m:      
[92mINFO [0m:      [RUN 0, ROUND ]
[92mINFO [0m:      Received: train message 657a844b-923e-4259-9328-bdcbe80951f3
[93mWARNING [0m:   Deprecation Warning: The `client_fn` function must return an instance of `Client`, but an instance of `NumpyClient` was returned. Please use `NumPyClient.to_client()` method to convert it to `Client`.

{'loss': [83.42183369398117, 80.59246230125427, 79.25217720866203, 79.49509787559509, 78.27100673317909, 77.3814168870449, 81.72082775831223, 76.59264808893204, 76.93209972977638], 'accuracy': [0.49960906958561374, 0.4988272087568413, 0.5043002345582487, 0.5043002345582487, 0.506645817044566, 0.5113369820172009, 0.508209538702111, 0.5136825645035183, 0.5121188428459734], 'auc': [0.5954110748371158, 0.6542939730786622, 0.6779707283480844, 0.6939986137242202, 0.7027336378866063, 0.7098565387446703, 0.7167212504985642, 0.7203626524575851, 0.7251015507734562]}

[92mINFO [0m:      Sent reply
[92mINFO [0m:      
[92mINFO [0m:      [RUN 0, ROUND ]
[92mINFO [0m:      Received: evaluate message 9bddcca3-5821-4e84-9197-2f9f12b540ee
[93mWARNING [0m:   Deprecation Warning: The `client_fn` function must return an instance of `Client`, but an instance of `NumpyClient` was returned. Please use `NumPyClient.to_client()` method to convert it to `Client`.
[92mINFO [0m:      Sent reply
[92mINFO [0m:      
[92mINFO [0m:      [RUN 0, ROUND ]
[92mINFO [0m:      Received: train message 0ad1339f-077b-4449-997e-68dbdc088218
[93mWARNING [0m:   Deprecation Warning: The `client_fn` function must return an instance of `Client`, but an instance of `NumpyClient` was returned. Please use `NumPyClient.to_client()` method to convert it to `Client`.

{'loss': [83.42183369398117, 80.59246230125427, 79.25217720866203, 79.49509787559509, 78.27100673317909, 77.3814168870449, 81.72082775831223, 76.59264808893204, 76.93209972977638, 75.98650553822517], 'accuracy': [0.49960906958561374, 0.4988272087568413, 0.5043002345582487, 0.5043002345582487, 0.506645817044566, 0.5113369820172009, 0.508209538702111, 0.5136825645035183, 0.5121188428459734, 0.5215011727912432], 'auc': [0.5954110748371158, 0.6542939730786622, 0.6779707283480844, 0.6939986137242202, 0.7027336378866063, 0.7098565387446703, 0.7167212504985642, 0.7203626524575851, 0.7251015507734562, 0.7287381886135486]}

[92mINFO [0m:      Sent reply
[92mINFO [0m:      
[92mINFO [0m:      [RUN 0, ROUND ]
[92mINFO [0m:      Received: evaluate message 2b6b282a-5821-4146-983d-ba1196ba4be9
[93mWARNING [0m:   Deprecation Warning: The `client_fn` function must return an instance of `Client`, but an instance of `NumpyClient` was returned. Please use `NumPyClient.to_client()` method to convert it to `Client`.
[92mINFO [0m:      Sent reply
[92mINFO [0m:      
[92mINFO [0m:      [RUN 0, ROUND ]
[92mINFO [0m:      Received: train message 18e8b0c1-4647-4bee-932e-0c466a2db380
[93mWARNING [0m:   Deprecation Warning: The `client_fn` function must return an instance of `Client`, but an instance of `NumpyClient` was returned. Please use `NumPyClient.to_client()` method to convert it to `Client`.

{'loss': [83.42183369398117, 80.59246230125427, 79.25217720866203, 79.49509787559509, 78.27100673317909, 77.3814168870449, 81.72082775831223, 76.59264808893204, 76.93209972977638, 75.98650553822517, 76.02446858584881], 'accuracy': [0.49960906958561374, 0.4988272087568413, 0.5043002345582487, 0.5043002345582487, 0.506645817044566, 0.5113369820172009, 0.508209538702111, 0.5136825645035183, 0.5121188428459734, 0.5215011727912432, 0.5144644253322909], 'auc': [0.5954110748371158, 0.6542939730786622, 0.6779707283480844, 0.6939986137242202, 0.7027336378866063, 0.7098565387446703, 0.7167212504985642, 0.7203626524575851, 0.7251015507734562, 0.7287381886135486, 0.7321352693609555]}

[92mINFO [0m:      Sent reply
[92mINFO [0m:      
[92mINFO [0m:      [RUN 0, ROUND ]
[92mINFO [0m:      Received: evaluate message 4c27e774-626f-4513-bd1a-6498478018a5
[93mWARNING [0m:   Deprecation Warning: The `client_fn` function must return an instance of `Client`, but an instance of `NumpyClient` was returned. Please use `NumPyClient.to_client()` method to convert it to `Client`.
[92mINFO [0m:      Sent reply
[92mINFO [0m:      
[92mINFO [0m:      [RUN 0, ROUND ]
[92mINFO [0m:      Received: train message 92beb6f5-5248-4c03-8e0e-c78511e7cbcd
[93mWARNING [0m:   Deprecation Warning: The `client_fn` function must return an instance of `Client`, but an instance of `NumpyClient` was returned. Please use `NumPyClient.to_client()` method to convert it to `Client`.

{'loss': [83.42183369398117, 80.59246230125427, 79.25217720866203, 79.49509787559509, 78.27100673317909, 77.3814168870449, 81.72082775831223, 76.59264808893204, 76.93209972977638, 75.98650553822517, 76.02446858584881, 76.90593276917934], 'accuracy': [0.49960906958561374, 0.4988272087568413, 0.5043002345582487, 0.5043002345582487, 0.506645817044566, 0.5113369820172009, 0.508209538702111, 0.5136825645035183, 0.5121188428459734, 0.5215011727912432, 0.5144644253322909, 0.5144644253322909], 'auc': [0.5954110748371158, 0.6542939730786622, 0.6779707283480844, 0.6939986137242202, 0.7027336378866063, 0.7098565387446703, 0.7167212504985642, 0.7203626524575851, 0.7251015507734562, 0.7287381886135486, 0.7321352693609555, 0.7350227868523589]}

[92mINFO [0m:      Sent reply
[92mINFO [0m:      
[92mINFO [0m:      [RUN 0, ROUND ]
[92mINFO [0m:      Received: evaluate message 88dd51ba-ea9c-4b4d-b21c-0ef8e08522a5
[93mWARNING [0m:   Deprecation Warning: The `client_fn` function must return an instance of `Client`, but an instance of `NumpyClient` was returned. Please use `NumPyClient.to_client()` method to convert it to `Client`.
[92mINFO [0m:      Sent reply
[92mINFO [0m:      
[92mINFO [0m:      [RUN 0, ROUND ]
[92mINFO [0m:      Received: train message 2c777d75-1da5-4def-b44d-a256f13943ce
[93mWARNING [0m:   Deprecation Warning: The `client_fn` function must return an instance of `Client`, but an instance of `NumpyClient` was returned. Please use `NumPyClient.to_client()` method to convert it to `Client`.

{'loss': [83.42183369398117, 80.59246230125427, 79.25217720866203, 79.49509787559509, 78.27100673317909, 77.3814168870449, 81.72082775831223, 76.59264808893204, 76.93209972977638, 75.98650553822517, 76.02446858584881, 76.90593276917934, 75.72381374239922], 'accuracy': [0.49960906958561374, 0.4988272087568413, 0.5043002345582487, 0.5043002345582487, 0.506645817044566, 0.5113369820172009, 0.508209538702111, 0.5136825645035183, 0.5121188428459734, 0.5215011727912432, 0.5144644253322909, 0.5144644253322909, 0.5175918686473807], 'auc': [0.5954110748371158, 0.6542939730786622, 0.6779707283480844, 0.6939986137242202, 0.7027336378866063, 0.7098565387446703, 0.7167212504985642, 0.7203626524575851, 0.7251015507734562, 0.7287381886135486, 0.7321352693609555, 0.7350227868523589, 0.7379858227591094]}

[92mINFO [0m:      Sent reply
[92mINFO [0m:      
[92mINFO [0m:      [RUN 0, ROUND ]
[92mINFO [0m:      Received: evaluate message 9bc11c4e-0801-4d62-bccd-9d76c5428aab
[93mWARNING [0m:   Deprecation Warning: The `client_fn` function must return an instance of `Client`, but an instance of `NumpyClient` was returned. Please use `NumPyClient.to_client()` method to convert it to `Client`.
[92mINFO [0m:      Sent reply
[92mINFO [0m:      
[92mINFO [0m:      [RUN 0, ROUND ]
[92mINFO [0m:      Received: train message ed3bb866-14ed-4bb3-8bd7-f0497ece19aa
[93mWARNING [0m:   Deprecation Warning: The `client_fn` function must return an instance of `Client`, but an instance of `NumpyClient` was returned. Please use `NumPyClient.to_client()` method to convert it to `Client`.

{'loss': [83.42183369398117, 80.59246230125427, 79.25217720866203, 79.49509787559509, 78.27100673317909, 77.3814168870449, 81.72082775831223, 76.59264808893204, 76.93209972977638, 75.98650553822517, 76.02446858584881, 76.90593276917934, 75.72381374239922, 75.63962505757809], 'accuracy': [0.49960906958561374, 0.4988272087568413, 0.5043002345582487, 0.5043002345582487, 0.506645817044566, 0.5113369820172009, 0.508209538702111, 0.5136825645035183, 0.5121188428459734, 0.5215011727912432, 0.5144644253322909, 0.5144644253322909, 0.5175918686473807, 0.5183737294761532], 'auc': [0.5954110748371158, 0.6542939730786622, 0.6779707283480844, 0.6939986137242202, 0.7027336378866063, 0.7098565387446703, 0.7167212504985642, 0.7203626524575851, 0.7251015507734562, 0.7287381886135486, 0.7321352693609555, 0.7350227868523589, 0.7379858227591094, 0.7401667214822836]}

[92mINFO [0m:      Sent reply
[92mINFO [0m:      
[92mINFO [0m:      [RUN 0, ROUND ]
[92mINFO [0m:      Received: evaluate message eebe0f0a-3f59-4cc8-b16c-6d0ee7dceeef
[93mWARNING [0m:   Deprecation Warning: The `client_fn` function must return an instance of `Client`, but an instance of `NumpyClient` was returned. Please use `NumPyClient.to_client()` method to convert it to `Client`.
[92mINFO [0m:      Sent reply
[92mINFO [0m:      
[92mINFO [0m:      [RUN 0, ROUND ]
[92mINFO [0m:      Received: train message 51779f60-c9e7-4694-b6f1-8fe5bcb7b4c5
[93mWARNING [0m:   Deprecation Warning: The `client_fn` function must return an instance of `Client`, but an instance of `NumpyClient` was returned. Please use `NumPyClient.to_client()` method to convert it to `Client`.

{'loss': [83.42183369398117, 80.59246230125427, 79.25217720866203, 79.49509787559509, 78.27100673317909, 77.3814168870449, 81.72082775831223, 76.59264808893204, 76.93209972977638, 75.98650553822517, 76.02446858584881, 76.90593276917934, 75.72381374239922, 75.63962505757809, 75.28401610255241], 'accuracy': [0.49960906958561374, 0.4988272087568413, 0.5043002345582487, 0.5043002345582487, 0.506645817044566, 0.5113369820172009, 0.508209538702111, 0.5136825645035183, 0.5121188428459734, 0.5215011727912432, 0.5144644253322909, 0.5144644253322909, 0.5175918686473807, 0.5183737294761532, 0.5238467552775606], 'auc': [0.5954110748371158, 0.6542939730786622, 0.6779707283480844, 0.6939986137242202, 0.7027336378866063, 0.7098565387446703, 0.7167212504985642, 0.7203626524575851, 0.7251015507734562, 0.7287381886135486, 0.7321352693609555, 0.7350227868523589, 0.7379858227591094, 0.7401667214822836, 0.7421792015383974]}

[92mINFO [0m:      Sent reply
[92mINFO [0m:      
[92mINFO [0m:      [RUN 0, ROUND ]
[92mINFO [0m:      Received: evaluate message 4d12237b-412b-44d3-8251-15b251f9f7e2
[93mWARNING [0m:   Deprecation Warning: The `client_fn` function must return an instance of `Client`, but an instance of `NumpyClient` was returned. Please use `NumPyClient.to_client()` method to convert it to `Client`.
[92mINFO [0m:      Sent reply
[92mINFO [0m:      
[92mINFO [0m:      [RUN 0, ROUND ]
[92mINFO [0m:      Received: train message bc780cb7-3c8c-4de4-a2f5-81790bd9ecd9
[93mWARNING [0m:   Deprecation Warning: The `client_fn` function must return an instance of `Client`, but an instance of `NumpyClient` was returned. Please use `NumPyClient.to_client()` method to convert it to `Client`.

{'loss': [83.42183369398117, 80.59246230125427, 79.25217720866203, 79.49509787559509, 78.27100673317909, 77.3814168870449, 81.72082775831223, 76.59264808893204, 76.93209972977638, 75.98650553822517, 76.02446858584881, 76.90593276917934, 75.72381374239922, 75.63962505757809, 75.28401610255241, 75.12094527482986], 'accuracy': [0.49960906958561374, 0.4988272087568413, 0.5043002345582487, 0.5043002345582487, 0.506645817044566, 0.5113369820172009, 0.508209538702111, 0.5136825645035183, 0.5121188428459734, 0.5215011727912432, 0.5144644253322909, 0.5144644253322909, 0.5175918686473807, 0.5183737294761532, 0.5238467552775606, 0.5238467552775606], 'auc': [0.5954110748371158, 0.6542939730786622, 0.6779707283480844, 0.6939986137242202, 0.7027336378866063, 0.7098565387446703, 0.7167212504985642, 0.7203626524575851, 0.7251015507734562, 0.7287381886135486, 0.7321352693609555, 0.7350227868523589, 0.7379858227591094, 0.7401667214822836, 0.7421792015383974, 0.7441277963033013]}

[92mINFO [0m:      Sent reply
[92mINFO [0m:      
[92mINFO [0m:      [RUN 0, ROUND ]
[92mINFO [0m:      Received: evaluate message aab17db8-b766-4b77-8827-ad67ae4c67a4
[93mWARNING [0m:   Deprecation Warning: The `client_fn` function must return an instance of `Client`, but an instance of `NumpyClient` was returned. Please use `NumPyClient.to_client()` method to convert it to `Client`.
[92mINFO [0m:      Sent reply
[92mINFO [0m:      
[92mINFO [0m:      [RUN 0, ROUND ]
[92mINFO [0m:      Received: train message 9624ab3f-9a6a-4146-9610-29bdd8db6f23
[93mWARNING [0m:   Deprecation Warning: The `client_fn` function must return an instance of `Client`, but an instance of `NumpyClient` was returned. Please use `NumPyClient.to_client()` method to convert it to `Client`.

{'loss': [83.42183369398117, 80.59246230125427, 79.25217720866203, 79.49509787559509, 78.27100673317909, 77.3814168870449, 81.72082775831223, 76.59264808893204, 76.93209972977638, 75.98650553822517, 76.02446858584881, 76.90593276917934, 75.72381374239922, 75.63962505757809, 75.28401610255241, 75.12094527482986, 75.3191100358963], 'accuracy': [0.49960906958561374, 0.4988272087568413, 0.5043002345582487, 0.5043002345582487, 0.506645817044566, 0.5113369820172009, 0.508209538702111, 0.5136825645035183, 0.5121188428459734, 0.5215011727912432, 0.5144644253322909, 0.5144644253322909, 0.5175918686473807, 0.5183737294761532, 0.5238467552775606, 0.5238467552775606, 0.5230648944487881], 'auc': [0.5954110748371158, 0.6542939730786622, 0.6779707283480844, 0.6939986137242202, 0.7027336378866063, 0.7098565387446703, 0.7167212504985642, 0.7203626524575851, 0.7251015507734562, 0.7287381886135486, 0.7321352693609555, 0.7350227868523589, 0.7379858227591094, 0.7401667214822836, 0.7421792015383974, 0.7441277963033013, 0.7458216529390842]}

[92mINFO [0m:      Sent reply
