nohup: ignoring input
[92mINFO [0m:      Starting Flower server, config: num_rounds=30, no round_timeout
[92mINFO [0m:      Flower ECE: gRPC server running (30 rounds), SSL is disabled
[92mINFO [0m:      [INIT]
[92mINFO [0m:      Using initial global parameters provided by strategy
[92mINFO [0m:      Starting evaluation of initial global parameters
[92mINFO [0m:      Evaluation returned no results (`None`)
[92mINFO [0m:      
[92mINFO [0m:      [ROUND 1]
WARNING: All log messages before absl::InitializeLog() is called are written to STDERR
I0000 00:00:1739563654.723058 1127517 fork_posix.cc:75] Other threads are currently calling into gRPC, skipping fork() handlers
[92mINFO [0m:      configure_fit: strategy sampled 6 clients (out of 6)
[92mINFO [0m:      aggregate_fit: received 6 results and 0 failures
[93mWARNING [0m:   No fit_metrics_aggregation_fn provided
[92mINFO [0m:      configure_evaluate: strategy sampled 6 clients (out of 6)
[92mINFO [0m:      aggregate_evaluate: received 6 results and 0 failures
[93mWARNING [0m:   No evaluate_metrics_aggregation_fn provided
[92mINFO [0m:      
[92mINFO [0m:      [ROUND 2]
[92mINFO [0m:      configure_fit: strategy sampled 6 clients (out of 6)
[92mINFO [0m:      aggregate_fit: received 6 results and 0 failures
[92mINFO [0m:      configure_evaluate: strategy sampled 6 clients (out of 6)
[92mINFO [0m:      aggregate_evaluate: received 6 results and 0 failures
[92mINFO [0m:      
[92mINFO [0m:      [ROUND 3]
[92mINFO [0m:      configure_fit: strategy sampled 6 clients (out of 6)
[92mINFO [0m:      aggregate_fit: received 6 results and 0 failures
[92mINFO [0m:      configure_evaluate: strategy sampled 6 clients (out of 6)
[92mINFO [0m:      aggregate_evaluate: received 6 results and 0 failures
[92mINFO [0m:      
[92mINFO [0m:      [ROUND 4]
[92mINFO [0m:      configure_fit: strategy sampled 6 clients (out of 6)
[92mINFO [0m:      aggregate_fit: received 6 results and 0 failures
[92mINFO [0m:      configure_evaluate: strategy sampled 6 clients (out of 6)
[92mINFO [0m:      aggregate_evaluate: received 6 results and 0 failures
[92mINFO [0m:      
[92mINFO [0m:      [ROUND 5]
[92mINFO [0m:      configure_fit: strategy sampled 6 clients (out of 6)
[92mINFO [0m:      aggregate_fit: received 6 results and 0 failures
[92mINFO [0m:      configure_evaluate: strategy sampled 6 clients (out of 6)
[92mINFO [0m:      aggregate_evaluate: received 6 results and 0 failures
[92mINFO [0m:      
[92mINFO [0m:      [ROUND 6]
[92mINFO [0m:      configure_fit: strategy sampled 6 clients (out of 6)
[92mINFO [0m:      aggregate_fit: received 6 results and 0 failures
[92mINFO [0m:      configure_evaluate: strategy sampled 6 clients (out of 6)
[92mINFO [0m:      aggregate_evaluate: received 6 results and 0 failures
[92mINFO [0m:      
[92mINFO [0m:      [ROUND 7]
[92mINFO [0m:      configure_fit: strategy sampled 6 clients (out of 6)
[92mINFO [0m:      aggregate_fit: received 6 results and 0 failures
[92mINFO [0m:      configure_evaluate: strategy sampled 6 clients (out of 6)
[92mINFO [0m:      aggregate_evaluate: received 6 results and 0 failures
[92mINFO [0m:      
[92mINFO [0m:      [ROUND 8]
[92mINFO [0m:      configure_fit: strategy sampled 6 clients (out of 6)
[92mINFO [0m:      aggregate_fit: received 6 results and 0 failures
[92mINFO [0m:      configure_evaluate: strategy sampled 6 clients (out of 6)
[92mINFO [0m:      aggregate_evaluate: received 6 results and 0 failures
[92mINFO [0m:      
[92mINFO [0m:      [ROUND 9]
[92mINFO [0m:      configure_fit: strategy sampled 6 clients (out of 6)
[92mINFO [0m:      aggregate_fit: received 6 results and 0 failures
[92mINFO [0m:      configure_evaluate: strategy sampled 6 clients (out of 6)
[92mINFO [0m:      aggregate_evaluate: received 6 results and 0 failures
[92mINFO [0m:      
[92mINFO [0m:      [ROUND 10]
[92mINFO [0m:      configure_fit: strategy sampled 6 clients (out of 6)
[92mINFO [0m:      aggregate_fit: received 6 results and 0 failures
[92mINFO [0m:      configure_evaluate: strategy sampled 6 clients (out of 6)
[92mINFO [0m:      aggregate_evaluate: received 6 results and 0 failures
[92mINFO [0m:      
[92mINFO [0m:      [ROUND 11]
[92mINFO [0m:      configure_fit: strategy sampled 6 clients (out of 6)
[92mINFO [0m:      aggregate_fit: received 6 results and 0 failures
[92mINFO [0m:      configure_evaluate: strategy sampled 6 clients (out of 6)
[92mINFO [0m:      aggregate_evaluate: received 6 results and 0 failures
[92mINFO [0m:      
[92mINFO [0m:      [ROUND 12]
[92mINFO [0m:      configure_fit: strategy sampled 6 clients (out of 6)
[92mINFO [0m:      aggregate_fit: received 6 results and 0 failures
[92mINFO [0m:      configure_evaluate: strategy sampled 6 clients (out of 6)
[92mINFO [0m:      aggregate_evaluate: received 6 results and 0 failures
[92mINFO [0m:      
[92mINFO [0m:      [ROUND 13]
[92mINFO [0m:      configure_fit: strategy sampled 6 clients (out of 6)
[92mINFO [0m:      aggregate_fit: received 6 results and 0 failures
[92mINFO [0m:      configure_evaluate: strategy sampled 6 clients (out of 6)
[92mINFO [0m:      aggregate_evaluate: received 6 results and 0 failures
[92mINFO [0m:      
[92mINFO [0m:      [ROUND 14]
[92mINFO [0m:      configure_fit: strategy sampled 6 clients (out of 6)
[92mINFO [0m:      aggregate_fit: received 6 results and 0 failures
[92mINFO [0m:      configure_evaluate: strategy sampled 6 clients (out of 6)
[92mINFO [0m:      aggregate_evaluate: received 6 results and 0 failures
[92mINFO [0m:      
[92mINFO [0m:      [ROUND 15]
[92mINFO [0m:      configure_fit: strategy sampled 6 clients (out of 6)
[92mINFO [0m:      aggregate_fit: received 6 results and 0 failures
[92mINFO [0m:      configure_evaluate: strategy sampled 6 clients (out of 6)
[92mINFO [0m:      aggregate_evaluate: received 6 results and 0 failures
[92mINFO [0m:      
[92mINFO [0m:      [ROUND 16]
[92mINFO [0m:      configure_fit: strategy sampled 6 clients (out of 6)
[92mINFO [0m:      aggregate_fit: received 6 results and 0 failures
[92mINFO [0m:      configure_evaluate: strategy sampled 6 clients (out of 6)
[92mINFO [0m:      aggregate_evaluate: received 6 results and 0 failures
[92mINFO [0m:      
[92mINFO [0m:      [ROUND 17]
[92mINFO [0m:      configure_fit: strategy sampled 6 clients (out of 6)
[92mINFO [0m:      aggregate_fit: received 6 results and 0 failures
[92mINFO [0m:      configure_evaluate: strategy sampled 6 clients (out of 6)
[92mINFO [0m:      aggregate_evaluate: received 6 results and 0 failures
[92mINFO [0m:      
[92mINFO [0m:      [ROUND 18]
[92mINFO [0m:      configure_fit: strategy sampled 6 clients (out of 6)
[92mINFO [0m:      aggregate_fit: received 6 results and 0 failures
[92mINFO [0m:      configure_evaluate: strategy sampled 6 clients (out of 6)
[92mINFO [0m:      aggregate_evaluate: received 6 results and 0 failures
[92mINFO [0m:      
[92mINFO [0m:      [ROUND 19]
[92mINFO [0m:      configure_fit: strategy sampled 6 clients (out of 6)
[92mINFO [0m:      aggregate_fit: received 6 results and 0 failures
[92mINFO [0m:      configure_evaluate: strategy sampled 6 clients (out of 6)
[92mINFO [0m:      aggregate_evaluate: received 6 results and 0 failures
[92mINFO [0m:      
[92mINFO [0m:      [ROUND 20]
[92mINFO [0m:      configure_fit: strategy sampled 6 clients (out of 6)
[92mINFO [0m:      aggregate_fit: received 6 results and 0 failures
[92mINFO [0m:      configure_evaluate: strategy sampled 6 clients (out of 6)
[92mINFO [0m:      aggregate_evaluate: received 6 results and 0 failures
[92mINFO [0m:      
[92mINFO [0m:      [ROUND 21]
[92mINFO [0m:      configure_fit: strategy sampled 6 clients (out of 6)
[92mINFO [0m:      aggregate_fit: received 6 results and 0 failures
[92mINFO [0m:      configure_evaluate: strategy sampled 6 clients (out of 6)
[92mINFO [0m:      aggregate_evaluate: received 6 results and 0 failures
[92mINFO [0m:      
[92mINFO [0m:      [ROUND 22]
[92mINFO [0m:      configure_fit: strategy sampled 6 clients (out of 6)
[92mINFO [0m:      aggregate_fit: received 6 results and 0 failures
[92mINFO [0m:      configure_evaluate: strategy sampled 6 clients (out of 6)
[92mINFO [0m:      aggregate_evaluate: received 6 results and 0 failures
[92mINFO [0m:      
[92mINFO [0m:      [ROUND 23]
[92mINFO [0m:      configure_fit: strategy sampled 6 clients (out of 6)
[92mINFO [0m:      aggregate_fit: received 6 results and 0 failures
[92mINFO [0m:      configure_evaluate: strategy sampled 6 clients (out of 6)
[92mINFO [0m:      aggregate_evaluate: received 6 results and 0 failures
[92mINFO [0m:      
[92mINFO [0m:      [ROUND 24]
[92mINFO [0m:      configure_fit: strategy sampled 6 clients (out of 6)
[92mINFO [0m:      aggregate_fit: received 6 results and 0 failures
[92mINFO [0m:      configure_evaluate: strategy sampled 6 clients (out of 6)
[92mINFO [0m:      aggregate_evaluate: received 6 results and 0 failures
[92mINFO [0m:      
[92mINFO [0m:      [ROUND 25]
[92mINFO [0m:      configure_fit: strategy sampled 6 clients (out of 6)
[92mINFO [0m:      aggregate_fit: received 6 results and 0 failures
[92mINFO [0m:      configure_evaluate: strategy sampled 6 clients (out of 6)
[92mINFO [0m:      aggregate_evaluate: received 6 results and 0 failures
[92mINFO [0m:      
[92mINFO [0m:      [ROUND 26]
[92mINFO [0m:      configure_fit: strategy sampled 6 clients (out of 6)
[92mINFO [0m:      aggregate_fit: received 6 results and 0 failures
[92mINFO [0m:      configure_evaluate: strategy sampled 6 clients (out of 6)
[92mINFO [0m:      aggregate_evaluate: received 6 results and 0 failures
[92mINFO [0m:      
[92mINFO [0m:      [ROUND 27]
[92mINFO [0m:      configure_fit: strategy sampled 6 clients (out of 6)
[92mINFO [0m:      aggregate_fit: received 6 results and 0 failures
[92mINFO [0m:      configure_evaluate: strategy sampled 6 clients (out of 6)
[92mINFO [0m:      aggregate_evaluate: received 6 results and 0 failures
[92mINFO [0m:      
[92mINFO [0m:      [ROUND 28]
[92mINFO [0m:      configure_fit: strategy sampled 6 clients (out of 6)
[92mINFO [0m:      aggregate_fit: received 6 results and 0 failures
[92mINFO [0m:      configure_evaluate: strategy sampled 6 clients (out of 6)
[92mINFO [0m:      aggregate_evaluate: received 6 results and 0 failures
[92mINFO [0m:      
[92mINFO [0m:      [ROUND 29]
[92mINFO [0m:      configure_fit: strategy sampled 6 clients (out of 6)
[92mINFO [0m:      aggregate_fit: received 6 results and 0 failures
[92mINFO [0m:      configure_evaluate: strategy sampled 6 clients (out of 6)
[92mINFO [0m:      aggregate_evaluate: received 6 results and 0 failures
[92mINFO [0m:      
[92mINFO [0m:      [ROUND 30]
[92mINFO [0m:      configure_fit: strategy sampled 6 clients (out of 6)
[92mINFO [0m:      aggregate_fit: received 6 results and 0 failures
[92mINFO [0m:      configure_evaluate: strategy sampled 6 clients (out of 6)
[92mINFO [0m:      aggregate_evaluate: received 6 results and 0 failures
[92mINFO [0m:      
[92mINFO [0m:      [SUMMARY]
[92mINFO [0m:      Run finished 30 round(s) in 2917.73s
[92mINFO [0m:      	History (loss, distributed):
[92mINFO [0m:      		round 1: 1.135791540145874
[92mINFO [0m:      		round 2: 1.103821039199829
[92mINFO [0m:      		round 3: 1.0782592296600342
[92mINFO [0m:      		round 4: 1.0655323266983032
[92mINFO [0m:      		round 5: 1.0536631345748901
[92mINFO [0m:      		round 6: 1.0465739965438843
[92mINFO [0m:      		round 7: 1.039463758468628
[92mINFO [0m:      		round 8: 1.0349538326263428
[92mINFO [0m:      		round 9: 1.0244762897491455
[92mINFO [0m:      		round 10: 1.0220296382904053
[92mINFO [0m:      		round 11: 1.0158299207687378
[92mINFO [0m:      		round 12: 1.012859582901001
[92mINFO [0m:      		round 13: 1.012477159500122
[92mINFO [0m:      		round 14: 1.0094867944717407
[92mINFO [0m:      		round 15: 1.0073012113571167
[92mINFO [0m:      		round 16: 1.0052200555801392
[92mINFO [0m:      		round 17: 1.0081143379211426
[92mINFO [0m:      		round 18: 1.0035978555679321
[92mINFO [0m:      		round 19: 0.9966903328895569
[92mINFO [0m:      		round 20: 0.9970296621322632
[92mINFO [0m:      		round 21: 0.9955273866653442
[92mINFO [0m:      		round 22: 0.9942623972892761
[92mINFO [0m:      		round 23: 0.9883325099945068
[92mINFO [0m:      		round 24: 0.9839701056480408
[92mINFO [0m:      		round 25: 0.9845664501190186
[92mINFO [0m:      		round 26: 0.9887550473213196
[92mINFO [0m:      		round 27: 0.9860978126525879
[92mINFO [0m:      		round 28: 0.9826839566230774
[92mINFO [0m:      		round 29: 0.9839634299278259
[92mINFO [0m:      		round 30: 0.9785903692245483
[92mINFO [0m:      
