nohup: ignoring input
/home/dgxuser16/anaconda3/envs/ihpc/lib/python3.8/site-packages/opacus/privacy_engine.py:95: UserWarning: Secure RNG turned off. This is perfectly fine for experimentation as it allows for much faster training performance, but remember to turn it on and retrain one last time before production with ``secure_mode`` turned on.
  warnings.warn(
02/06/2025 08:59:07:WARNING:Ignoring drop_last as it is not compatible with DPDataLoader.
02/06/2025 08:59:07:DEBUG:Opened insecure gRPC connection (no certificates were passed)
02/06/2025 08:59:07:DEBUG:ChannelConnectivity.IDLE
02/06/2025 08:59:07:DEBUG:ChannelConnectivity.READY
WARNING: All log messages before absl::InitializeLog() is called are written to STDERR
I0000 00:00:1738861147.546827  504804 fork_posix.cc:75] Other threads are currently calling into gRPC, skipping fork() handlers
[92mINFO [0m:      
02/06/2025 08:59:55:INFO:
[92mINFO [0m:      Received: train message 73ee6747-840b-4f5b-ac7b-0eecb42dfdd3
02/06/2025 08:59:55:INFO:Received: train message 73ee6747-840b-4f5b-ac7b-0eecb42dfdd3
/home/dgxuser16/anaconda3/envs/ihpc/lib/python3.8/site-packages/torch/nn/modules/module.py:1640: FutureWarning: Using a non-full backward hook when the forward contains multiple autograd Nodes is deprecated and will be removed in future versions. This hook will be missing some grad_input. Please use register_full_backward_hook to get the documented behavior.
  self._maybe_warn_non_full_backward_hook(args, result, grad_fn)
/home/dgxuser16/anaconda3/envs/ihpc/lib/python3.8/site-packages/opacus/accountants/analysis/rdp.py:332: UserWarning: Optimal order is the largest alpha. Please consider expanding the range of alphas to get a tighter privacy bound.
  warnings.warn(
[92mINFO [0m:      Sent reply
02/06/2025 09:00:09:INFO:Sent reply
[92mINFO [0m:      
02/06/2025 09:01:01:INFO:
[92mINFO [0m:      Received: evaluate message 2895e819-db40-4c3e-97e5-48024f157746
02/06/2025 09:01:01:INFO:Received: evaluate message 2895e819-db40-4c3e-97e5-48024f157746
[92mINFO [0m:      Sent reply
02/06/2025 09:01:07:INFO:Sent reply
[92mINFO [0m:      
02/06/2025 09:02:14:INFO:
[92mINFO [0m:      Received: train message d18e7c40-9ad6-494e-9535-7b068346610c
02/06/2025 09:02:14:INFO:Received: train message d18e7c40-9ad6-494e-9535-7b068346610c
/home/dgxuser16/anaconda3/envs/ihpc/lib/python3.8/site-packages/torch/nn/modules/module.py:1640: FutureWarning: Using a non-full backward hook when the forward contains multiple autograd Nodes is deprecated and will be removed in future versions. This hook will be missing some grad_input. Please use register_full_backward_hook to get the documented behavior.
  self._maybe_warn_non_full_backward_hook(args, result, grad_fn)
/home/dgxuser16/anaconda3/envs/ihpc/lib/python3.8/site-packages/opacus/accountants/analysis/rdp.py:332: UserWarning: Optimal order is the largest alpha. Please consider expanding the range of alphas to get a tighter privacy bound.
  warnings.warn(
[92mINFO [0m:      Sent reply
02/06/2025 09:02:29:INFO:Sent reply
[92mINFO [0m:      
02/06/2025 09:02:56:INFO:
[92mINFO [0m:      Received: evaluate message 6297daa7-3cb2-470a-aa7b-52821bcd8de2
02/06/2025 09:02:56:INFO:Received: evaluate message 6297daa7-3cb2-470a-aa7b-52821bcd8de2
[92mINFO [0m:      Sent reply
02/06/2025 09:03:22:INFO:Sent reply
[92mINFO [0m:      
02/06/2025 09:03:56:INFO:
[92mINFO [0m:      Received: train message 594a146c-b246-436b-9b84-a27cce9f23ae
02/06/2025 09:03:56:INFO:Received: train message 594a146c-b246-436b-9b84-a27cce9f23ae
/home/dgxuser16/anaconda3/envs/ihpc/lib/python3.8/site-packages/torch/nn/modules/module.py:1640: FutureWarning: Using a non-full backward hook when the forward contains multiple autograd Nodes is deprecated and will be removed in future versions. This hook will be missing some grad_input. Please use register_full_backward_hook to get the documented behavior.
  self._maybe_warn_non_full_backward_hook(args, result, grad_fn)
/home/dgxuser16/anaconda3/envs/ihpc/lib/python3.8/site-packages/opacus/accountants/analysis/rdp.py:332: UserWarning: Optimal order is the largest alpha. Please consider expanding the range of alphas to get a tighter privacy bound.
  warnings.warn(
[92mINFO [0m:      Sent reply
02/06/2025 09:04:09:INFO:Sent reply
