nohup: ignoring input
[92mINFO [0m:      Starting Flower server, config: num_rounds=30, no round_timeout
[92mINFO [0m:      Flower ECE: gRPC server running (30 rounds), SSL is disabled
[92mINFO [0m:      [INIT]
[92mINFO [0m:      Requesting initial parameters from one random client
WARNING: All log messages before absl::InitializeLog() is called are written to STDERR
I0000 00:00:1738858387.981350  390807 fork_posix.cc:75] Other threads are currently calling into gRPC, skipping fork() handlers
[92mINFO [0m:      Received initial parameters from one random client
[92mINFO [0m:      Starting evaluation of initial global parameters
[92mINFO [0m:      Evaluation returned no results (`None`)
[92mINFO [0m:      
[92mINFO [0m:      [ROUND 1]
[92mINFO [0m:      configure_fit: strategy sampled 6 clients (out of 6)
[92mINFO [0m:      aggregate_fit: received 6 results and 0 failures
[93mWARNING [0m:   No fit_metrics_aggregation_fn provided
[92mINFO [0m:      configure_evaluate: strategy sampled 6 clients (out of 6)
[92mINFO [0m:      aggregate_evaluate: received 6 results and 0 failures
[93mWARNING [0m:   No evaluate_metrics_aggregation_fn provided
[92mINFO [0m:      
[92mINFO [0m:      [ROUND 2]
[92mINFO [0m:      configure_fit: strategy sampled 6 clients (out of 6)
[92mINFO [0m:      aggregate_fit: received 6 results and 0 failures
[92mINFO [0m:      configure_evaluate: strategy sampled 6 clients (out of 6)
[92mINFO [0m:      aggregate_evaluate: received 6 results and 0 failures
[92mINFO [0m:      
[92mINFO [0m:      [ROUND 3]
[92mINFO [0m:      configure_fit: strategy sampled 6 clients (out of 6)
[92mINFO [0m:      aggregate_fit: received 6 results and 0 failures
[92mINFO [0m:      configure_evaluate: strategy sampled 6 clients (out of 6)
[92mINFO [0m:      aggregate_evaluate: received 6 results and 0 failures
[92mINFO [0m:      
[92mINFO [0m:      [ROUND 4]
[92mINFO [0m:      configure_fit: strategy sampled 6 clients (out of 6)
[92mINFO [0m:      aggregate_fit: received 6 results and 0 failures
[92mINFO [0m:      configure_evaluate: strategy sampled 6 clients (out of 6)
[92mINFO [0m:      aggregate_evaluate: received 6 results and 0 failures
[92mINFO [0m:      
[92mINFO [0m:      [ROUND 5]
[92mINFO [0m:      configure_fit: strategy sampled 6 clients (out of 6)
[92mINFO [0m:      aggregate_fit: received 6 results and 0 failures
[92mINFO [0m:      configure_evaluate: strategy sampled 6 clients (out of 6)
[92mINFO [0m:      aggregate_evaluate: received 6 results and 0 failures
[92mINFO [0m:      
[92mINFO [0m:      [ROUND 6]
[92mINFO [0m:      configure_fit: strategy sampled 6 clients (out of 6)
[92mINFO [0m:      aggregate_fit: received 6 results and 0 failures
[92mINFO [0m:      configure_evaluate: strategy sampled 6 clients (out of 6)
[92mINFO [0m:      aggregate_evaluate: received 6 results and 0 failures
[92mINFO [0m:      
[92mINFO [0m:      [ROUND 7]
[92mINFO [0m:      configure_fit: strategy sampled 6 clients (out of 6)
[92mINFO [0m:      aggregate_fit: received 6 results and 0 failures
[92mINFO [0m:      configure_evaluate: strategy sampled 6 clients (out of 6)
[92mINFO [0m:      aggregate_evaluate: received 6 results and 0 failures
[92mINFO [0m:      
[92mINFO [0m:      [ROUND 8]
[92mINFO [0m:      configure_fit: strategy sampled 6 clients (out of 6)
[92mINFO [0m:      aggregate_fit: received 6 results and 0 failures
[92mINFO [0m:      configure_evaluate: strategy sampled 6 clients (out of 6)
[92mINFO [0m:      aggregate_evaluate: received 6 results and 0 failures
[92mINFO [0m:      
[92mINFO [0m:      [ROUND 9]
[92mINFO [0m:      configure_fit: strategy sampled 6 clients (out of 6)
[92mINFO [0m:      aggregate_fit: received 6 results and 0 failures
[92mINFO [0m:      configure_evaluate: strategy sampled 6 clients (out of 6)
[92mINFO [0m:      aggregate_evaluate: received 6 results and 0 failures
[92mINFO [0m:      
[92mINFO [0m:      [ROUND 10]
[92mINFO [0m:      configure_fit: strategy sampled 6 clients (out of 6)
[92mINFO [0m:      aggregate_fit: received 6 results and 0 failures
[92mINFO [0m:      configure_evaluate: strategy sampled 6 clients (out of 6)
[92mINFO [0m:      aggregate_evaluate: received 6 results and 0 failures
[92mINFO [0m:      
[92mINFO [0m:      [ROUND 11]
[92mINFO [0m:      configure_fit: strategy sampled 6 clients (out of 6)
[92mINFO [0m:      aggregate_fit: received 6 results and 0 failures
[92mINFO [0m:      configure_evaluate: strategy sampled 6 clients (out of 6)
[92mINFO [0m:      aggregate_evaluate: received 6 results and 0 failures
[92mINFO [0m:      
[92mINFO [0m:      [ROUND 12]
[92mINFO [0m:      configure_fit: strategy sampled 6 clients (out of 6)
[92mINFO [0m:      aggregate_fit: received 6 results and 0 failures
[92mINFO [0m:      configure_evaluate: strategy sampled 6 clients (out of 6)
[92mINFO [0m:      aggregate_evaluate: received 6 results and 0 failures
[92mINFO [0m:      
[92mINFO [0m:      [ROUND 13]
[92mINFO [0m:      configure_fit: strategy sampled 6 clients (out of 6)
[92mINFO [0m:      aggregate_fit: received 6 results and 0 failures
[92mINFO [0m:      configure_evaluate: strategy sampled 6 clients (out of 6)
[92mINFO [0m:      aggregate_evaluate: received 6 results and 0 failures
[92mINFO [0m:      
[92mINFO [0m:      [ROUND 14]
[92mINFO [0m:      configure_fit: strategy sampled 6 clients (out of 6)
[92mINFO [0m:      aggregate_fit: received 6 results and 0 failures
[92mINFO [0m:      configure_evaluate: strategy sampled 6 clients (out of 6)
[92mINFO [0m:      aggregate_evaluate: received 6 results and 0 failures
[92mINFO [0m:      
[92mINFO [0m:      [ROUND 15]
[92mINFO [0m:      configure_fit: strategy sampled 6 clients (out of 6)
[92mINFO [0m:      aggregate_fit: received 6 results and 0 failures
[92mINFO [0m:      configure_evaluate: strategy sampled 6 clients (out of 6)
[92mINFO [0m:      aggregate_evaluate: received 6 results and 0 failures
[92mINFO [0m:      
[92mINFO [0m:      [ROUND 16]
[92mINFO [0m:      configure_fit: strategy sampled 6 clients (out of 6)
[92mINFO [0m:      aggregate_fit: received 6 results and 0 failures
[92mINFO [0m:      configure_evaluate: strategy sampled 6 clients (out of 6)
[92mINFO [0m:      aggregate_evaluate: received 6 results and 0 failures
[92mINFO [0m:      
[92mINFO [0m:      [ROUND 17]
[92mINFO [0m:      configure_fit: strategy sampled 6 clients (out of 6)
[92mINFO [0m:      aggregate_fit: received 6 results and 0 failures
[92mINFO [0m:      configure_evaluate: strategy sampled 6 clients (out of 6)
[92mINFO [0m:      aggregate_evaluate: received 6 results and 0 failures
[92mINFO [0m:      
[92mINFO [0m:      [ROUND 18]
[92mINFO [0m:      configure_fit: strategy sampled 6 clients (out of 6)
[92mINFO [0m:      aggregate_fit: received 6 results and 0 failures
[92mINFO [0m:      configure_evaluate: strategy sampled 6 clients (out of 6)
[92mINFO [0m:      aggregate_evaluate: received 6 results and 0 failures
[92mINFO [0m:      
[92mINFO [0m:      [ROUND 19]
[92mINFO [0m:      configure_fit: strategy sampled 6 clients (out of 6)
[92mINFO [0m:      aggregate_fit: received 6 results and 0 failures
[92mINFO [0m:      configure_evaluate: strategy sampled 6 clients (out of 6)
[92mINFO [0m:      aggregate_evaluate: received 6 results and 0 failures
[92mINFO [0m:      
[92mINFO [0m:      [ROUND 20]
[92mINFO [0m:      configure_fit: strategy sampled 6 clients (out of 6)
[92mINFO [0m:      aggregate_fit: received 6 results and 0 failures
[92mINFO [0m:      configure_evaluate: strategy sampled 6 clients (out of 6)
[92mINFO [0m:      aggregate_evaluate: received 6 results and 0 failures
[92mINFO [0m:      
[92mINFO [0m:      [ROUND 21]
[92mINFO [0m:      configure_fit: strategy sampled 6 clients (out of 6)
[92mINFO [0m:      aggregate_fit: received 6 results and 0 failures
[92mINFO [0m:      configure_evaluate: strategy sampled 6 clients (out of 6)
[92mINFO [0m:      aggregate_evaluate: received 6 results and 0 failures
[92mINFO [0m:      
[92mINFO [0m:      [ROUND 22]
[92mINFO [0m:      configure_fit: strategy sampled 6 clients (out of 6)
[92mINFO [0m:      aggregate_fit: received 6 results and 0 failures
[92mINFO [0m:      configure_evaluate: strategy sampled 6 clients (out of 6)
[92mINFO [0m:      aggregate_evaluate: received 6 results and 0 failures
[92mINFO [0m:      
[92mINFO [0m:      [ROUND 23]
[92mINFO [0m:      configure_fit: strategy sampled 6 clients (out of 6)
[92mINFO [0m:      aggregate_fit: received 6 results and 0 failures
[92mINFO [0m:      configure_evaluate: strategy sampled 6 clients (out of 6)
[92mINFO [0m:      aggregate_evaluate: received 6 results and 0 failures
[92mINFO [0m:      
[92mINFO [0m:      [ROUND 24]
[92mINFO [0m:      configure_fit: strategy sampled 6 clients (out of 6)
[92mINFO [0m:      aggregate_fit: received 6 results and 0 failures
[92mINFO [0m:      configure_evaluate: strategy sampled 6 clients (out of 6)
[92mINFO [0m:      aggregate_evaluate: received 6 results and 0 failures
[92mINFO [0m:      
[92mINFO [0m:      [ROUND 25]
[92mINFO [0m:      configure_fit: strategy sampled 6 clients (out of 6)
[92mINFO [0m:      aggregate_fit: received 6 results and 0 failures
[92mINFO [0m:      configure_evaluate: strategy sampled 6 clients (out of 6)
[92mINFO [0m:      aggregate_evaluate: received 6 results and 0 failures
[92mINFO [0m:      
[92mINFO [0m:      [ROUND 26]
[92mINFO [0m:      configure_fit: strategy sampled 6 clients (out of 6)
[92mINFO [0m:      aggregate_fit: received 6 results and 0 failures
[92mINFO [0m:      configure_evaluate: strategy sampled 6 clients (out of 6)
[92mINFO [0m:      aggregate_evaluate: received 6 results and 0 failures
[92mINFO [0m:      
[92mINFO [0m:      [ROUND 27]
[92mINFO [0m:      configure_fit: strategy sampled 6 clients (out of 6)
[92mINFO [0m:      aggregate_fit: received 6 results and 0 failures
[92mINFO [0m:      configure_evaluate: strategy sampled 6 clients (out of 6)
[92mINFO [0m:      aggregate_evaluate: received 6 results and 0 failures
[92mINFO [0m:      
[92mINFO [0m:      [ROUND 28]
[92mINFO [0m:      configure_fit: strategy sampled 6 clients (out of 6)
[92mINFO [0m:      aggregate_fit: received 6 results and 0 failures
[92mINFO [0m:      configure_evaluate: strategy sampled 6 clients (out of 6)
[92mINFO [0m:      aggregate_evaluate: received 6 results and 0 failures
[92mINFO [0m:      
[92mINFO [0m:      [ROUND 29]
[92mINFO [0m:      configure_fit: strategy sampled 6 clients (out of 6)
[92mINFO [0m:      aggregate_fit: received 6 results and 0 failures
[92mINFO [0m:      configure_evaluate: strategy sampled 6 clients (out of 6)
[92mINFO [0m:      aggregate_evaluate: received 6 results and 0 failures
[92mINFO [0m:      
[92mINFO [0m:      [ROUND 30]
[92mINFO [0m:      configure_fit: strategy sampled 6 clients (out of 6)
[92mINFO [0m:      aggregate_fit: received 6 results and 0 failures
[92mINFO [0m:      configure_evaluate: strategy sampled 6 clients (out of 6)
[92mINFO [0m:      aggregate_evaluate: received 6 results and 0 failures
[92mINFO [0m:      
[92mINFO [0m:      [SUMMARY]
[92mINFO [0m:      Run finished 30 round(s) in 4020.31s
[92mINFO [0m:      	History (loss, distributed):
[92mINFO [0m:      		round 1: 1.1085386276245117
[92mINFO [0m:      		round 2: 1.1038398742675781
[92mINFO [0m:      		round 3: 1.0550932884216309
[92mINFO [0m:      		round 4: 1.070587158203125
[92mINFO [0m:      		round 5: 1.093181848526001
[92mINFO [0m:      		round 6: 1.1140336990356445
[92mINFO [0m:      		round 7: 1.125344157218933
[92mINFO [0m:      		round 8: 1.1619175672531128
[92mINFO [0m:      		round 9: 1.1483867168426514
[92mINFO [0m:      		round 10: 1.1387802362442017
[92mINFO [0m:      		round 11: 1.1352002620697021
[92mINFO [0m:      		round 12: 1.111610770225525
[92mINFO [0m:      		round 13: 1.1329656839370728
[92mINFO [0m:      		round 14: 1.1341371536254883
[92mINFO [0m:      		round 15: 1.1578168869018555
[92mINFO [0m:      		round 16: 1.1583009958267212
[92mINFO [0m:      		round 17: 1.135616660118103
[92mINFO [0m:      		round 18: 1.1683391332626343
[92mINFO [0m:      		round 19: 1.17436683177948
[92mINFO [0m:      		round 20: 1.1612499952316284
[92mINFO [0m:      		round 21: 1.1700551509857178
[92mINFO [0m:      		round 22: 1.1239116191864014
[92mINFO [0m:      		round 23: 1.1200406551361084
[92mINFO [0m:      		round 24: 1.1249728202819824
[92mINFO [0m:      		round 25: 1.1456440687179565
[92mINFO [0m:      		round 26: 1.1528528928756714
[92mINFO [0m:      		round 27: 1.137978434562683
[92mINFO [0m:      		round 28: 1.1465226411819458
[92mINFO [0m:      		round 29: 1.1222798824310303
[92mINFO [0m:      		round 30: 1.1473451852798462
[92mINFO [0m:      
