nohup: ignoring input
/home/dgxuser16/anaconda3/envs/ihpc/lib/python3.8/site-packages/albumentations/__init__.py:13: UserWarning: A new version of Albumentations is available: 2.0.4 (you have 1.4.18). Upgrade using: pip install -U albumentations. To disable automatic update checks, set the environment variable NO_ALBUMENTATIONS_UPDATE to 1.
  check_for_updates()
/raid/home/dgxuser16/NTL/mccarthy/ahmad/github/adaptive_privacy_fl/isic/fed_avg/fixed_noise/5.0/flamby/datasets/fed_isic2019/dataset.py:222: DeprecationWarning: Flip is deprecated. Consider using HorizontalFlip, VerticalFlip, RandomRotate90 or D4.
  albumentations.Flip(p=0.5),
/home/dgxuser16/anaconda3/envs/ihpc/lib/python3.8/site-packages/pydantic/main.py:214: DeprecationWarning: `max_holes` is deprecated. Use num_holes_range instead.
  validated_self = self.__pydantic_validator__.validate_python(data, self_instance=self)
/home/dgxuser16/anaconda3/envs/ihpc/lib/python3.8/site-packages/pydantic/main.py:214: DeprecationWarning: `max_height` is deprecated. Use hole_height_range instead.
  validated_self = self.__pydantic_validator__.validate_python(data, self_instance=self)
/home/dgxuser16/anaconda3/envs/ihpc/lib/python3.8/site-packages/pydantic/main.py:214: DeprecationWarning: `max_width` is deprecated. Use hole_width_range instead.
  validated_self = self.__pydantic_validator__.validate_python(data, self_instance=self)
/home/dgxuser16/anaconda3/envs/ihpc/lib/python3.8/site-packages/albumentations/core/validation.py:45: DeprecationWarning: always_apply is deprecated. Use `p=1` if you want to always apply the transform. self.p will be set to 1.
  original_init(self, **validated_kwargs)
/home/dgxuser16/anaconda3/envs/ihpc/lib/python3.8/site-packages/albumentations/core/validation.py:45: DeprecationWarning: always_apply is deprecated. Use `p=1` if you want to always apply the transform. self.p will be set to 1.
  original_init(self, **validated_kwargs)
/home/dgxuser16/anaconda3/envs/ihpc/lib/python3.8/site-packages/opacus/privacy_engine.py:95: UserWarning: Secure RNG turned off. This is perfectly fine for experimentation as it allows for much faster training performance, but remember to turn it on and retrain one last time before production with ``secure_mode`` turned on.
  warnings.warn(
02/15/2025 12:21:37:DEBUG:Opened insecure gRPC connection (no certificates were passed)
02/15/2025 12:21:38:DEBUG:ChannelConnectivity.IDLE
02/15/2025 12:21:38:DEBUG:ChannelConnectivity.READY
[92mINFO [0m:      
02/15/2025 12:21:59:INFO:
[92mINFO [0m:      Received: train message 822b838f-d5a2-467b-8d7f-1386992dfc3a
02/15/2025 12:21:59:INFO:Received: train message 822b838f-d5a2-467b-8d7f-1386992dfc3a
/home/dgxuser16/anaconda3/envs/ihpc/lib/python3.8/site-packages/torch/nn/modules/module.py:1640: FutureWarning: Using a non-full backward hook when the forward contains multiple autograd Nodes is deprecated and will be removed in future versions. This hook will be missing some grad_input. Please use register_full_backward_hook to get the documented behavior.
  self._maybe_warn_non_full_backward_hook(args, result, grad_fn)
/home/dgxuser16/anaconda3/envs/ihpc/lib/python3.8/site-packages/opacus/accountants/analysis/rdp.py:332: UserWarning: Optimal order is the largest alpha. Please consider expanding the range of alphas to get a tighter privacy bound.
  warnings.warn(
[92mINFO [0m:      Sent reply
02/15/2025 12:42:39:INFO:Sent reply
[92mINFO [0m:      
02/15/2025 13:03:10:INFO:
[92mINFO [0m:      Received: evaluate message 68d73fb9-1128-4646-9a30-dbae9048b5e4
02/15/2025 13:03:10:INFO:Received: evaluate message 68d73fb9-1128-4646-9a30-dbae9048b5e4
[92mINFO [0m:      Sent reply
02/15/2025 13:08:39:INFO:Sent reply
[92mINFO [0m:      
02/15/2025 13:09:15:INFO:
[92mINFO [0m:      Received: train message c25774de-a335-48e7-9602-a30ae349375b
02/15/2025 13:09:15:INFO:Received: train message c25774de-a335-48e7-9602-a30ae349375b
/home/dgxuser16/anaconda3/envs/ihpc/lib/python3.8/site-packages/torch/nn/modules/module.py:1640: FutureWarning: Using a non-full backward hook when the forward contains multiple autograd Nodes is deprecated and will be removed in future versions. This hook will be missing some grad_input. Please use register_full_backward_hook to get the documented behavior.
  self._maybe_warn_non_full_backward_hook(args, result, grad_fn)
/home/dgxuser16/anaconda3/envs/ihpc/lib/python3.8/site-packages/opacus/accountants/analysis/rdp.py:332: UserWarning: Optimal order is the largest alpha. Please consider expanding the range of alphas to get a tighter privacy bound.
  warnings.warn(
[92mINFO [0m:      Sent reply
02/15/2025 13:31:36:INFO:Sent reply
[92mINFO [0m:      
02/15/2025 13:50:27:INFO:
[92mINFO [0m:      Received: evaluate message ca88d2ca-983f-47ab-9975-6dae2b33f791
02/15/2025 13:50:27:INFO:Received: evaluate message ca88d2ca-983f-47ab-9975-6dae2b33f791
[92mINFO [0m:      Sent reply
02/15/2025 13:56:28:INFO:Sent reply
[92mINFO [0m:      
02/15/2025 13:56:47:INFO:
[92mINFO [0m:      Received: train message b9fd1046-55fa-41e0-bc7e-dd4d2892ce6b
02/15/2025 13:56:47:INFO:Received: train message b9fd1046-55fa-41e0-bc7e-dd4d2892ce6b
/home/dgxuser16/anaconda3/envs/ihpc/lib/python3.8/site-packages/torch/nn/modules/module.py:1640: FutureWarning: Using a non-full backward hook when the forward contains multiple autograd Nodes is deprecated and will be removed in future versions. This hook will be missing some grad_input. Please use register_full_backward_hook to get the documented behavior.
  self._maybe_warn_non_full_backward_hook(args, result, grad_fn)
/home/dgxuser16/anaconda3/envs/ihpc/lib/python3.8/site-packages/opacus/accountants/analysis/rdp.py:332: UserWarning: Optimal order is the largest alpha. Please consider expanding the range of alphas to get a tighter privacy bound.
  warnings.warn(
[92mINFO [0m:      Sent reply
02/15/2025 14:18:44:INFO:Sent reply
[92mINFO [0m:      
02/15/2025 14:37:29:INFO:
[92mINFO [0m:      Received: evaluate message d59df2f4-f34b-400b-99f6-39a82a19494f
02/15/2025 14:37:29:INFO:Received: evaluate message d59df2f4-f34b-400b-99f6-39a82a19494f
[92mINFO [0m:      Sent reply
02/15/2025 14:43:31:INFO:Sent reply
[92mINFO [0m:      
02/15/2025 14:44:05:INFO:
[92mINFO [0m:      Received: train message 18895a66-ea31-4a78-b91a-c3b23f277d32
02/15/2025 14:44:05:INFO:Received: train message 18895a66-ea31-4a78-b91a-c3b23f277d32
/home/dgxuser16/anaconda3/envs/ihpc/lib/python3.8/site-packages/torch/nn/modules/module.py:1640: FutureWarning: Using a non-full backward hook when the forward contains multiple autograd Nodes is deprecated and will be removed in future versions. This hook will be missing some grad_input. Please use register_full_backward_hook to get the documented behavior.
  self._maybe_warn_non_full_backward_hook(args, result, grad_fn)
/home/dgxuser16/anaconda3/envs/ihpc/lib/python3.8/site-packages/opacus/accountants/analysis/rdp.py:332: UserWarning: Optimal order is the largest alpha. Please consider expanding the range of alphas to get a tighter privacy bound.
  warnings.warn(
[92mINFO [0m:      Sent reply
02/15/2025 15:06:24:INFO:Sent reply
[92mINFO [0m:      
02/15/2025 15:24:16:INFO:
[92mINFO [0m:      Received: evaluate message 87b02b1a-4a0e-4b9e-ab54-70910b9cb514
02/15/2025 15:24:16:INFO:Received: evaluate message 87b02b1a-4a0e-4b9e-ab54-70910b9cb514
[92mINFO [0m:      Sent reply
02/15/2025 15:30:20:INFO:Sent reply
[92mINFO [0m:      
02/15/2025 15:30:57:INFO:
[92mINFO [0m:      Received: train message 32aa8bf2-6f17-46e6-b10a-193028b411fe
02/15/2025 15:30:57:INFO:Received: train message 32aa8bf2-6f17-46e6-b10a-193028b411fe
/home/dgxuser16/anaconda3/envs/ihpc/lib/python3.8/site-packages/torch/nn/modules/module.py:1640: FutureWarning: Using a non-full backward hook when the forward contains multiple autograd Nodes is deprecated and will be removed in future versions. This hook will be missing some grad_input. Please use register_full_backward_hook to get the documented behavior.
  self._maybe_warn_non_full_backward_hook(args, result, grad_fn)
/home/dgxuser16/anaconda3/envs/ihpc/lib/python3.8/site-packages/opacus/accountants/analysis/rdp.py:332: UserWarning: Optimal order is the largest alpha. Please consider expanding the range of alphas to get a tighter privacy bound.
  warnings.warn(
[92mINFO [0m:      Sent reply
02/15/2025 15:53:13:INFO:Sent reply
[92mINFO [0m:      
02/15/2025 16:10:47:INFO:
[92mINFO [0m:      Received: evaluate message 3054ca3d-05a6-44c9-8ac1-bcdfcdac852a
02/15/2025 16:10:47:INFO:Received: evaluate message 3054ca3d-05a6-44c9-8ac1-bcdfcdac852a
[92mINFO [0m:      Sent reply
02/15/2025 16:16:55:INFO:Sent reply
[92mINFO [0m:      
02/15/2025 16:17:11:INFO:
[92mINFO [0m:      Received: train message 0c1030fa-afcb-4660-befc-490216005065
02/15/2025 16:17:11:INFO:Received: train message 0c1030fa-afcb-4660-befc-490216005065
/home/dgxuser16/anaconda3/envs/ihpc/lib/python3.8/site-packages/torch/nn/modules/module.py:1640: FutureWarning: Using a non-full backward hook when the forward contains multiple autograd Nodes is deprecated and will be removed in future versions. This hook will be missing some grad_input. Please use register_full_backward_hook to get the documented behavior.
  self._maybe_warn_non_full_backward_hook(args, result, grad_fn)
/home/dgxuser16/anaconda3/envs/ihpc/lib/python3.8/site-packages/opacus/accountants/analysis/rdp.py:332: UserWarning: Optimal order is the largest alpha. Please consider expanding the range of alphas to get a tighter privacy bound.
  warnings.warn(
[92mINFO [0m:      Sent reply
02/15/2025 16:39:17:INFO:Sent reply
[92mINFO [0m:      
02/15/2025 16:57:03:INFO:
[92mINFO [0m:      Received: evaluate message 91c040c1-2c19-4119-b734-2ccf4756b9e3
02/15/2025 16:57:03:INFO:Received: evaluate message 91c040c1-2c19-4119-b734-2ccf4756b9e3
[92mINFO [0m:      Sent reply
02/15/2025 17:03:01:INFO:Sent reply
[92mINFO [0m:      
02/15/2025 17:03:23:INFO:
[92mINFO [0m:      Received: train message bf464461-f73c-456d-ab8c-0f538d3b0e34
02/15/2025 17:03:23:INFO:Received: train message bf464461-f73c-456d-ab8c-0f538d3b0e34
/home/dgxuser16/anaconda3/envs/ihpc/lib/python3.8/site-packages/torch/nn/modules/module.py:1640: FutureWarning: Using a non-full backward hook when the forward contains multiple autograd Nodes is deprecated and will be removed in future versions. This hook will be missing some grad_input. Please use register_full_backward_hook to get the documented behavior.
  self._maybe_warn_non_full_backward_hook(args, result, grad_fn)
/home/dgxuser16/anaconda3/envs/ihpc/lib/python3.8/site-packages/opacus/accountants/analysis/rdp.py:332: UserWarning: Optimal order is the largest alpha. Please consider expanding the range of alphas to get a tighter privacy bound.
  warnings.warn(
[92mINFO [0m:      Sent reply
02/15/2025 17:25:58:INFO:Sent reply
[92mINFO [0m:      
02/15/2025 17:43:09:INFO:
[92mINFO [0m:      Received: evaluate message b652f8fc-a7a0-4838-b344-c5cf28700344
02/15/2025 17:43:09:INFO:Received: evaluate message b652f8fc-a7a0-4838-b344-c5cf28700344
[92mINFO [0m:      Sent reply
02/15/2025 17:49:10:INFO:Sent reply
[92mINFO [0m:      
02/15/2025 17:49:47:INFO:
[92mINFO [0m:      Received: train message f35c6a7a-843d-4e56-824b-9a3293378a39
02/15/2025 17:49:47:INFO:Received: train message f35c6a7a-843d-4e56-824b-9a3293378a39
/home/dgxuser16/anaconda3/envs/ihpc/lib/python3.8/site-packages/torch/nn/modules/module.py:1640: FutureWarning: Using a non-full backward hook when the forward contains multiple autograd Nodes is deprecated and will be removed in future versions. This hook will be missing some grad_input. Please use register_full_backward_hook to get the documented behavior.
  self._maybe_warn_non_full_backward_hook(args, result, grad_fn)
/home/dgxuser16/anaconda3/envs/ihpc/lib/python3.8/site-packages/opacus/accountants/analysis/rdp.py:332: UserWarning: Optimal order is the largest alpha. Please consider expanding the range of alphas to get a tighter privacy bound.
  warnings.warn(
[92mINFO [0m:      Sent reply
02/15/2025 18:12:25:INFO:Sent reply
[92mINFO [0m:      
02/15/2025 18:30:43:INFO:
[92mINFO [0m:      Received: evaluate message 5bd654ce-7d8d-4dd7-9d12-43ef1bf8e33e
02/15/2025 18:30:43:INFO:Received: evaluate message 5bd654ce-7d8d-4dd7-9d12-43ef1bf8e33e
[92mINFO [0m:      Sent reply
02/15/2025 18:36:42:INFO:Sent reply
[92mINFO [0m:      
02/15/2025 18:37:12:INFO:
[92mINFO [0m:      Received: train message 3c363a78-2fc6-49ee-9476-a12891c35042
02/15/2025 18:37:12:INFO:Received: train message 3c363a78-2fc6-49ee-9476-a12891c35042
/home/dgxuser16/anaconda3/envs/ihpc/lib/python3.8/site-packages/torch/nn/modules/module.py:1640: FutureWarning: Using a non-full backward hook when the forward contains multiple autograd Nodes is deprecated and will be removed in future versions. This hook will be missing some grad_input. Please use register_full_backward_hook to get the documented behavior.
  self._maybe_warn_non_full_backward_hook(args, result, grad_fn)
/home/dgxuser16/anaconda3/envs/ihpc/lib/python3.8/site-packages/opacus/accountants/analysis/rdp.py:332: UserWarning: Optimal order is the largest alpha. Please consider expanding the range of alphas to get a tighter privacy bound.
  warnings.warn(
[92mINFO [0m:      Sent reply
02/15/2025 18:59:15:INFO:Sent reply
[92mINFO [0m:      
02/15/2025 19:16:50:INFO:
[92mINFO [0m:      Received: evaluate message cf859e57-c220-4736-8288-9187fd3c9051
02/15/2025 19:16:50:INFO:Received: evaluate message cf859e57-c220-4736-8288-9187fd3c9051
[92mINFO [0m:      Sent reply
02/15/2025 19:22:58:INFO:Sent reply
[92mINFO [0m:      
02/15/2025 19:23:18:INFO:
[92mINFO [0m:      Received: train message 0f6ae00e-6cac-4bb7-865a-ea823ebc5e25
02/15/2025 19:23:18:INFO:Received: train message 0f6ae00e-6cac-4bb7-865a-ea823ebc5e25
/home/dgxuser16/anaconda3/envs/ihpc/lib/python3.8/site-packages/torch/nn/modules/module.py:1640: FutureWarning: Using a non-full backward hook when the forward contains multiple autograd Nodes is deprecated and will be removed in future versions. This hook will be missing some grad_input. Please use register_full_backward_hook to get the documented behavior.
  self._maybe_warn_non_full_backward_hook(args, result, grad_fn)
/home/dgxuser16/anaconda3/envs/ihpc/lib/python3.8/site-packages/opacus/accountants/analysis/rdp.py:332: UserWarning: Optimal order is the largest alpha. Please consider expanding the range of alphas to get a tighter privacy bound.
  warnings.warn(
[92mINFO [0m:      Sent reply
02/15/2025 19:45:59:INFO:Sent reply
[92mINFO [0m:      
02/15/2025 20:04:02:INFO:
[92mINFO [0m:      Received: evaluate message ca371ebe-aa0c-4c76-aeef-2540c12bb1bd
02/15/2025 20:04:02:INFO:Received: evaluate message ca371ebe-aa0c-4c76-aeef-2540c12bb1bd
[92mINFO [0m:      Sent reply
02/15/2025 20:10:05:INFO:Sent reply
[92mINFO [0m:      
02/15/2025 20:10:37:INFO:
[92mINFO [0m:      Received: train message 76622f99-129a-43a4-9e04-0590ecca044c
02/15/2025 20:10:37:INFO:Received: train message 76622f99-129a-43a4-9e04-0590ecca044c
/home/dgxuser16/anaconda3/envs/ihpc/lib/python3.8/site-packages/torch/nn/modules/module.py:1640: FutureWarning: Using a non-full backward hook when the forward contains multiple autograd Nodes is deprecated and will be removed in future versions. This hook will be missing some grad_input. Please use register_full_backward_hook to get the documented behavior.
  self._maybe_warn_non_full_backward_hook(args, result, grad_fn)
/home/dgxuser16/anaconda3/envs/ihpc/lib/python3.8/site-packages/opacus/accountants/analysis/rdp.py:332: UserWarning: Optimal order is the largest alpha. Please consider expanding the range of alphas to get a tighter privacy bound.
  warnings.warn(
[92mINFO [0m:      Sent reply
02/15/2025 20:33:00:INFO:Sent reply
[92mINFO [0m:      
02/15/2025 20:50:24:INFO:
[92mINFO [0m:      Received: evaluate message ad6087fd-3700-4545-97be-1eac36c0e119
02/15/2025 20:50:24:INFO:Received: evaluate message ad6087fd-3700-4545-97be-1eac36c0e119
[92mINFO [0m:      Sent reply
02/15/2025 20:56:37:INFO:Sent reply
[92mINFO [0m:      
02/15/2025 20:57:03:INFO:
[92mINFO [0m:      Received: train message 205c464b-e53b-4f73-83a1-b12e055dd7be
02/15/2025 20:57:03:INFO:Received: train message 205c464b-e53b-4f73-83a1-b12e055dd7be
/home/dgxuser16/anaconda3/envs/ihpc/lib/python3.8/site-packages/torch/nn/modules/module.py:1640: FutureWarning: Using a non-full backward hook when the forward contains multiple autograd Nodes is deprecated and will be removed in future versions. This hook will be missing some grad_input. Please use register_full_backward_hook to get the documented behavior.
  self._maybe_warn_non_full_backward_hook(args, result, grad_fn)
/home/dgxuser16/anaconda3/envs/ihpc/lib/python3.8/site-packages/opacus/accountants/analysis/rdp.py:332: UserWarning: Optimal order is the largest alpha. Please consider expanding the range of alphas to get a tighter privacy bound.
  warnings.warn(
[92mINFO [0m:      Sent reply
02/15/2025 21:19:16:INFO:Sent reply
[92mINFO [0m:      
02/15/2025 21:39:17:INFO:
[92mINFO [0m:      Received: evaluate message e660c005-45b6-4e4c-9462-966d278ae581
02/15/2025 21:39:17:INFO:Received: evaluate message e660c005-45b6-4e4c-9462-966d278ae581
[92mINFO [0m:      Sent reply
02/15/2025 21:45:17:INFO:Sent reply
[92mINFO [0m:      
02/15/2025 21:45:50:INFO:
[92mINFO [0m:      Received: train message 0b78e595-46bc-4ed7-b6a8-0f1e0880b02d
02/15/2025 21:45:50:INFO:Received: train message 0b78e595-46bc-4ed7-b6a8-0f1e0880b02d
/home/dgxuser16/anaconda3/envs/ihpc/lib/python3.8/site-packages/torch/nn/modules/module.py:1640: FutureWarning: Using a non-full backward hook when the forward contains multiple autograd Nodes is deprecated and will be removed in future versions. This hook will be missing some grad_input. Please use register_full_backward_hook to get the documented behavior.
  self._maybe_warn_non_full_backward_hook(args, result, grad_fn)
/home/dgxuser16/anaconda3/envs/ihpc/lib/python3.8/site-packages/opacus/accountants/analysis/rdp.py:332: UserWarning: Optimal order is the largest alpha. Please consider expanding the range of alphas to get a tighter privacy bound.
  warnings.warn(
[92mINFO [0m:      Sent reply
02/15/2025 22:08:07:INFO:Sent reply
[92mINFO [0m:      
02/15/2025 22:25:14:INFO:
[92mINFO [0m:      Received: evaluate message 83436ee6-aa11-4e94-930a-a587a904595b
02/15/2025 22:25:14:INFO:Received: evaluate message 83436ee6-aa11-4e94-930a-a587a904595b
[92mINFO [0m:      Sent reply
02/15/2025 22:31:20:INFO:Sent reply
[92mINFO [0m:      
02/15/2025 22:31:58:INFO:
[92mINFO [0m:      Received: train message d03e39a1-561a-4d71-80cb-414c55312efb
02/15/2025 22:31:58:INFO:Received: train message d03e39a1-561a-4d71-80cb-414c55312efb
/home/dgxuser16/anaconda3/envs/ihpc/lib/python3.8/site-packages/torch/nn/modules/module.py:1640: FutureWarning: Using a non-full backward hook when the forward contains multiple autograd Nodes is deprecated and will be removed in future versions. This hook will be missing some grad_input. Please use register_full_backward_hook to get the documented behavior.
  self._maybe_warn_non_full_backward_hook(args, result, grad_fn)
/home/dgxuser16/anaconda3/envs/ihpc/lib/python3.8/site-packages/opacus/accountants/analysis/rdp.py:332: UserWarning: Optimal order is the largest alpha. Please consider expanding the range of alphas to get a tighter privacy bound.
  warnings.warn(
[92mINFO [0m:      Sent reply
02/15/2025 22:54:10:INFO:Sent reply
[92mINFO [0m:      
02/15/2025 23:12:25:INFO:
[92mINFO [0m:      Received: evaluate message 57e25423-196e-4409-9ba8-3a501ef717fc
02/15/2025 23:12:25:INFO:Received: evaluate message 57e25423-196e-4409-9ba8-3a501ef717fc
[92mINFO [0m:      Sent reply
02/15/2025 23:18:24:INFO:Sent reply
[92mINFO [0m:      
02/15/2025 23:18:42:INFO:
[92mINFO [0m:      Received: train message ef8cda26-8f0c-43e8-aa51-2dc8798f19db
02/15/2025 23:18:42:INFO:Received: train message ef8cda26-8f0c-43e8-aa51-2dc8798f19db
/home/dgxuser16/anaconda3/envs/ihpc/lib/python3.8/site-packages/torch/nn/modules/module.py:1640: FutureWarning: Using a non-full backward hook when the forward contains multiple autograd Nodes is deprecated and will be removed in future versions. This hook will be missing some grad_input. Please use register_full_backward_hook to get the documented behavior.
  self._maybe_warn_non_full_backward_hook(args, result, grad_fn)
/home/dgxuser16/anaconda3/envs/ihpc/lib/python3.8/site-packages/opacus/accountants/analysis/rdp.py:332: UserWarning: Optimal order is the largest alpha. Please consider expanding the range of alphas to get a tighter privacy bound.
  warnings.warn(
[92mINFO [0m:      Sent reply
02/15/2025 23:40:39:INFO:Sent reply
