nohup: ignoring input
/home/dgxuser16/.local/lib/python3.8/site-packages/albumentations/__init__.py:13: UserWarning: A new version of Albumentations is available: 2.0.2 (you have 1.4.18). Upgrade using: pip install -U albumentations. To disable automatic update checks, set the environment variable NO_ALBUMENTATIONS_UPDATE to 1.
  check_for_updates()
/raid/home/dgxuser16/NTL/mccarthy/ahmad/github/adaptive_privacy_fl/fixed_dp/isic/version_02/flamby/datasets/fed_isic2019/dataset.py:222: DeprecationWarning: Flip is deprecated. Consider using HorizontalFlip, VerticalFlip, RandomRotate90 or D4.
  albumentations.Flip(p=0.5),
/home/dgxuser16/.local/lib/python3.8/site-packages/pydantic/main.py:214: DeprecationWarning: `max_holes` is deprecated. Use num_holes_range instead.
  validated_self = self.__pydantic_validator__.validate_python(data, self_instance=self)
/home/dgxuser16/.local/lib/python3.8/site-packages/pydantic/main.py:214: DeprecationWarning: `max_height` is deprecated. Use hole_height_range instead.
  validated_self = self.__pydantic_validator__.validate_python(data, self_instance=self)
/home/dgxuser16/.local/lib/python3.8/site-packages/pydantic/main.py:214: DeprecationWarning: `max_width` is deprecated. Use hole_width_range instead.
  validated_self = self.__pydantic_validator__.validate_python(data, self_instance=self)
/home/dgxuser16/.local/lib/python3.8/site-packages/albumentations/core/validation.py:45: DeprecationWarning: always_apply is deprecated. Use `p=1` if you want to always apply the transform. self.p will be set to 1.
  original_init(self, **validated_kwargs)
/home/dgxuser16/.local/lib/python3.8/site-packages/albumentations/core/validation.py:45: DeprecationWarning: always_apply is deprecated. Use `p=1` if you want to always apply the transform. self.p will be set to 1.
  original_init(self, **validated_kwargs)
/home/dgxuser16/.local/lib/python3.8/site-packages/opacus/privacy_engine.py:95: UserWarning: Secure RNG turned off. This is perfectly fine for experimentation as it allows for much faster training performance, but remember to turn it on and retrain one last time before production with ``secure_mode`` turned on.
  warnings.warn(
01/28/2025 02:50:17:DEBUG:Opened insecure gRPC connection (no certificates were passed)
01/28/2025 02:50:17:DEBUG:ChannelConnectivity.IDLE
01/28/2025 02:50:17:DEBUG:ChannelConnectivity.CONNECTING
01/28/2025 02:50:17:DEBUG:ChannelConnectivity.READY
[92mINFO [0m:      
01/28/2025 02:50:49:INFO:
[92mINFO [0m:      [RUN 0, ROUND ]
01/28/2025 02:50:49:INFO:[RUN 0, ROUND ]
[92mINFO [0m:      Received: train message f1f3d6b6-d516-4685-9bc5-3d2d41202a28
01/28/2025 02:50:49:INFO:Received: train message f1f3d6b6-d516-4685-9bc5-3d2d41202a28
/home/dgxuser16/.local/lib/python3.8/site-packages/torch/nn/modules/module.py:1359: UserWarning: Using a non-full backward hook when the forward contains multiple autograd Nodes is deprecated and will be removed in future versions. This hook will be missing some grad_input. Please use register_full_backward_hook to get the documented behavior.
  warnings.warn("Using a non-full backward hook when the forward contains multiple autograd Nodes "
[92mINFO [0m:      Sent reply
01/28/2025 02:53:11:INFO:Sent reply
[92mINFO [0m:      
01/28/2025 03:12:54:INFO:
[92mINFO [0m:      [RUN 0, ROUND ]
01/28/2025 03:12:54:INFO:[RUN 0, ROUND ]
[92mINFO [0m:      Received: evaluate message 8f78b3f6-c7a4-4a38-b842-45d0c37d3d69
01/28/2025 03:12:54:INFO:Received: evaluate message 8f78b3f6-c7a4-4a38-b842-45d0c37d3d69
[92mINFO [0m:      Sent reply
01/28/2025 03:17:05:INFO:Sent reply
[92mINFO [0m:      
01/28/2025 03:17:34:INFO:
[92mINFO [0m:      [RUN 0, ROUND ]
01/28/2025 03:17:34:INFO:[RUN 0, ROUND ]
[92mINFO [0m:      Received: train message 3e1da5ca-68d6-4916-b834-dbaf2f38616b
01/28/2025 03:17:34:INFO:Received: train message 3e1da5ca-68d6-4916-b834-dbaf2f38616b
/home/dgxuser16/.local/lib/python3.8/site-packages/torch/nn/modules/module.py:1359: UserWarning: Using a non-full backward hook when the forward contains multiple autograd Nodes is deprecated and will be removed in future versions. This hook will be missing some grad_input. Please use register_full_backward_hook to get the documented behavior.
  warnings.warn("Using a non-full backward hook when the forward contains multiple autograd Nodes "
[92mINFO [0m:      Sent reply
01/28/2025 03:20:02:INFO:Sent reply
[92mINFO [0m:      
01/28/2025 03:41:51:INFO:
[92mINFO [0m:      [RUN 0, ROUND ]
01/28/2025 03:41:51:INFO:[RUN 0, ROUND ]
[92mINFO [0m:      Received: evaluate message bf30dcbd-bfc9-494d-828a-c8edf36291eb
01/28/2025 03:41:51:INFO:Received: evaluate message bf30dcbd-bfc9-494d-828a-c8edf36291eb
[92mINFO [0m:      Sent reply
01/28/2025 03:46:23:INFO:Sent reply
[92mINFO [0m:      
01/28/2025 03:47:06:INFO:
[92mINFO [0m:      [RUN 0, ROUND ]
01/28/2025 03:47:06:INFO:[RUN 0, ROUND ]
[92mINFO [0m:      Received: train message aefd4d13-b65f-45a6-8aa0-ac88d6cbfefc
01/28/2025 03:47:06:INFO:Received: train message aefd4d13-b65f-45a6-8aa0-ac88d6cbfefc
/home/dgxuser16/.local/lib/python3.8/site-packages/torch/nn/modules/module.py:1359: UserWarning: Using a non-full backward hook when the forward contains multiple autograd Nodes is deprecated and will be removed in future versions. This hook will be missing some grad_input. Please use register_full_backward_hook to get the documented behavior.
  warnings.warn("Using a non-full backward hook when the forward contains multiple autograd Nodes "
[92mINFO [0m:      Sent reply
01/28/2025 03:49:57:INFO:Sent reply
[92mINFO [0m:      
01/28/2025 04:10:21:INFO:
[92mINFO [0m:      [RUN 0, ROUND ]
01/28/2025 04:10:21:INFO:[RUN 0, ROUND ]
[92mINFO [0m:      Received: evaluate message 24d55cb3-ef89-4d1d-abac-a0958bb952e3
01/28/2025 04:10:21:INFO:Received: evaluate message 24d55cb3-ef89-4d1d-abac-a0958bb952e3
[92mINFO [0m:      Sent reply
01/28/2025 04:13:56:INFO:Sent reply
[92mINFO [0m:      
01/28/2025 04:15:01:INFO:
[92mINFO [0m:      [RUN 0, ROUND ]
01/28/2025 04:15:01:INFO:[RUN 0, ROUND ]
[92mINFO [0m:      Received: train message 0e50860c-0096-4fbe-b9a5-9e95c1660327
01/28/2025 04:15:01:INFO:Received: train message 0e50860c-0096-4fbe-b9a5-9e95c1660327
/home/dgxuser16/.local/lib/python3.8/site-packages/torch/nn/modules/module.py:1359: UserWarning: Using a non-full backward hook when the forward contains multiple autograd Nodes is deprecated and will be removed in future versions. This hook will be missing some grad_input. Please use register_full_backward_hook to get the documented behavior.
  warnings.warn("Using a non-full backward hook when the forward contains multiple autograd Nodes "
[92mINFO [0m:      Sent reply
01/28/2025 04:17:03:INFO:Sent reply
[92mINFO [0m:      
01/28/2025 04:36:45:INFO:
[92mINFO [0m:      [RUN 0, ROUND ]
01/28/2025 04:36:45:INFO:[RUN 0, ROUND ]
[92mINFO [0m:      Received: evaluate message 905ee035-fcaf-463a-a222-4ea702e80fb1
01/28/2025 04:36:45:INFO:Received: evaluate message 905ee035-fcaf-463a-a222-4ea702e80fb1
[92mINFO [0m:      Sent reply
01/28/2025 04:40:29:INFO:Sent reply
[92mINFO [0m:      
01/28/2025 04:41:36:INFO:
[92mINFO [0m:      [RUN 0, ROUND ]
01/28/2025 04:41:36:INFO:[RUN 0, ROUND ]
[92mINFO [0m:      Received: train message 70313381-0885-46b6-9094-6b9737ba78d7
01/28/2025 04:41:36:INFO:Received: train message 70313381-0885-46b6-9094-6b9737ba78d7
/home/dgxuser16/.local/lib/python3.8/site-packages/torch/nn/modules/module.py:1359: UserWarning: Using a non-full backward hook when the forward contains multiple autograd Nodes is deprecated and will be removed in future versions. This hook will be missing some grad_input. Please use register_full_backward_hook to get the documented behavior.
  warnings.warn("Using a non-full backward hook when the forward contains multiple autograd Nodes "
[92mINFO [0m:      Sent reply
01/28/2025 04:44:03:INFO:Sent reply
[92mINFO [0m:      
01/28/2025 05:03:13:INFO:
[92mINFO [0m:      [RUN 0, ROUND ]
01/28/2025 05:03:13:INFO:[RUN 0, ROUND ]
[92mINFO [0m:      Received: evaluate message 13c870c5-d326-4519-b5a0-86368defdd32
01/28/2025 05:03:13:INFO:Received: evaluate message 13c870c5-d326-4519-b5a0-86368defdd32
[92mINFO [0m:      Sent reply
01/28/2025 05:07:28:INFO:Sent reply
[92mINFO [0m:      
01/28/2025 05:08:07:INFO:
[92mINFO [0m:      [RUN 0, ROUND ]
01/28/2025 05:08:07:INFO:[RUN 0, ROUND ]
[92mINFO [0m:      Received: train message f1d4c653-2630-40e9-98f5-34b01e0c0a29
01/28/2025 05:08:07:INFO:Received: train message f1d4c653-2630-40e9-98f5-34b01e0c0a29
/home/dgxuser16/.local/lib/python3.8/site-packages/torch/nn/modules/module.py:1359: UserWarning: Using a non-full backward hook when the forward contains multiple autograd Nodes is deprecated and will be removed in future versions. This hook will be missing some grad_input. Please use register_full_backward_hook to get the documented behavior.
  warnings.warn("Using a non-full backward hook when the forward contains multiple autograd Nodes "
[92mINFO [0m:      Sent reply
01/28/2025 05:10:36:INFO:Sent reply
[92mINFO [0m:      
01/28/2025 05:29:17:INFO:
[92mINFO [0m:      [RUN 0, ROUND ]
01/28/2025 05:29:17:INFO:[RUN 0, ROUND ]
[92mINFO [0m:      Received: evaluate message 61c8d395-966d-4653-b624-ced9df8faf8b
01/28/2025 05:29:17:INFO:Received: evaluate message 61c8d395-966d-4653-b624-ced9df8faf8b
[92mINFO [0m:      Sent reply
01/28/2025 05:33:21:INFO:Sent reply
[92mINFO [0m:      
01/28/2025 05:33:52:INFO:
[92mINFO [0m:      [RUN 0, ROUND ]
01/28/2025 05:33:52:INFO:[RUN 0, ROUND ]
[92mINFO [0m:      Received: train message 3989719b-0540-4fbc-a9c8-b3f6e373efec
01/28/2025 05:33:52:INFO:Received: train message 3989719b-0540-4fbc-a9c8-b3f6e373efec
/home/dgxuser16/.local/lib/python3.8/site-packages/torch/nn/modules/module.py:1359: UserWarning: Using a non-full backward hook when the forward contains multiple autograd Nodes is deprecated and will be removed in future versions. This hook will be missing some grad_input. Please use register_full_backward_hook to get the documented behavior.
  warnings.warn("Using a non-full backward hook when the forward contains multiple autograd Nodes "
[92mINFO [0m:      Sent reply
01/28/2025 05:36:18:INFO:Sent reply
[92mINFO [0m:      
01/28/2025 05:55:32:INFO:
[92mINFO [0m:      [RUN 0, ROUND ]
01/28/2025 05:55:32:INFO:[RUN 0, ROUND ]
[92mINFO [0m:      Received: evaluate message 0d18b18c-f490-46c6-9c05-a13d26f042cb
01/28/2025 05:55:32:INFO:Received: evaluate message 0d18b18c-f490-46c6-9c05-a13d26f042cb
[92mINFO [0m:      Sent reply
01/28/2025 05:59:45:INFO:Sent reply
[92mINFO [0m:      
01/28/2025 06:00:13:INFO:
[92mINFO [0m:      [RUN 0, ROUND ]
01/28/2025 06:00:13:INFO:[RUN 0, ROUND ]
[92mINFO [0m:      Received: train message 8b7d9a81-bfa6-4455-91a4-9fd1bdf30139
01/28/2025 06:00:13:INFO:Received: train message 8b7d9a81-bfa6-4455-91a4-9fd1bdf30139
/home/dgxuser16/.local/lib/python3.8/site-packages/torch/nn/modules/module.py:1359: UserWarning: Using a non-full backward hook when the forward contains multiple autograd Nodes is deprecated and will be removed in future versions. This hook will be missing some grad_input. Please use register_full_backward_hook to get the documented behavior.
  warnings.warn("Using a non-full backward hook when the forward contains multiple autograd Nodes "
[92mINFO [0m:      Sent reply
01/28/2025 06:02:43:INFO:Sent reply
[92mINFO [0m:      
01/28/2025 06:22:13:INFO:
[92mINFO [0m:      [RUN 0, ROUND ]
01/28/2025 06:22:13:INFO:[RUN 0, ROUND ]
[92mINFO [0m:      Received: evaluate message e4bc68d8-ae81-4626-b84a-ae1cbc714804
01/28/2025 06:22:13:INFO:Received: evaluate message e4bc68d8-ae81-4626-b84a-ae1cbc714804
[92mINFO [0m:      Sent reply
01/28/2025 06:26:30:INFO:Sent reply
[92mINFO [0m:      
01/28/2025 06:26:49:INFO:
[92mINFO [0m:      [RUN 0, ROUND ]
01/28/2025 06:26:49:INFO:[RUN 0, ROUND ]
[92mINFO [0m:      Received: train message 13bcbaa9-76a7-449c-bab1-684ac1037c2c
01/28/2025 06:26:49:INFO:Received: train message 13bcbaa9-76a7-449c-bab1-684ac1037c2c
/home/dgxuser16/.local/lib/python3.8/site-packages/torch/nn/modules/module.py:1359: UserWarning: Using a non-full backward hook when the forward contains multiple autograd Nodes is deprecated and will be removed in future versions. This hook will be missing some grad_input. Please use register_full_backward_hook to get the documented behavior.
  warnings.warn("Using a non-full backward hook when the forward contains multiple autograd Nodes "
[92mINFO [0m:      Sent reply
01/28/2025 06:29:13:INFO:Sent reply
[92mINFO [0m:      
01/28/2025 06:47:55:INFO:
[92mINFO [0m:      [RUN 0, ROUND ]
01/28/2025 06:47:55:INFO:[RUN 0, ROUND ]
[92mINFO [0m:      Received: evaluate message 40efd7d4-4af9-4f75-96a2-d9a39b672d07
01/28/2025 06:47:55:INFO:Received: evaluate message 40efd7d4-4af9-4f75-96a2-d9a39b672d07
[92mINFO [0m:      Sent reply
01/28/2025 06:52:04:INFO:Sent reply
[92mINFO [0m:      
01/28/2025 06:52:33:INFO:
[92mINFO [0m:      [RUN 0, ROUND ]
01/28/2025 06:52:33:INFO:[RUN 0, ROUND ]
[92mINFO [0m:      Received: train message 28e69fe8-ebb5-46f0-aced-766e2af1c414
01/28/2025 06:52:33:INFO:Received: train message 28e69fe8-ebb5-46f0-aced-766e2af1c414
/home/dgxuser16/.local/lib/python3.8/site-packages/torch/nn/modules/module.py:1359: UserWarning: Using a non-full backward hook when the forward contains multiple autograd Nodes is deprecated and will be removed in future versions. This hook will be missing some grad_input. Please use register_full_backward_hook to get the documented behavior.
  warnings.warn("Using a non-full backward hook when the forward contains multiple autograd Nodes "
[92mINFO [0m:      Sent reply
01/28/2025 06:54:54:INFO:Sent reply
[92mINFO [0m:      
01/28/2025 07:14:09:INFO:
[92mINFO [0m:      [RUN 0, ROUND ]
01/28/2025 07:14:09:INFO:[RUN 0, ROUND ]
[92mINFO [0m:      Received: evaluate message 9c652fee-2755-46fd-bb21-981b49b44506
01/28/2025 07:14:09:INFO:Received: evaluate message 9c652fee-2755-46fd-bb21-981b49b44506
[92mINFO [0m:      Sent reply
01/28/2025 07:18:18:INFO:Sent reply
[92mINFO [0m:      
01/28/2025 07:18:41:INFO:
[92mINFO [0m:      [RUN 0, ROUND ]
01/28/2025 07:18:41:INFO:[RUN 0, ROUND ]
[92mINFO [0m:      Received: train message 9d0d54b3-ab9b-41de-8380-b70b14d0e45d
01/28/2025 07:18:41:INFO:Received: train message 9d0d54b3-ab9b-41de-8380-b70b14d0e45d
/home/dgxuser16/.local/lib/python3.8/site-packages/torch/nn/modules/module.py:1359: UserWarning: Using a non-full backward hook when the forward contains multiple autograd Nodes is deprecated and will be removed in future versions. This hook will be missing some grad_input. Please use register_full_backward_hook to get the documented behavior.
  warnings.warn("Using a non-full backward hook when the forward contains multiple autograd Nodes "
[92mINFO [0m:      Sent reply
01/28/2025 07:20:56:INFO:Sent reply
[92mINFO [0m:      
01/28/2025 07:40:53:INFO:
[92mINFO [0m:      [RUN 0, ROUND ]
01/28/2025 07:40:53:INFO:[RUN 0, ROUND ]
[92mINFO [0m:      Received: evaluate message ae3b8fc0-f63d-4ad7-81dd-a57c6aaf1dd0
01/28/2025 07:40:53:INFO:Received: evaluate message ae3b8fc0-f63d-4ad7-81dd-a57c6aaf1dd0
[92mINFO [0m:      Sent reply
01/28/2025 07:45:04:INFO:Sent reply
[92mINFO [0m:      
01/28/2025 07:45:33:INFO:
[92mINFO [0m:      [RUN 0, ROUND ]
01/28/2025 07:45:33:INFO:[RUN 0, ROUND ]
[92mINFO [0m:      Received: train message 8136f319-0030-4bf1-8da0-3c6fffe24a38
01/28/2025 07:45:33:INFO:Received: train message 8136f319-0030-4bf1-8da0-3c6fffe24a38
/home/dgxuser16/.local/lib/python3.8/site-packages/torch/nn/modules/module.py:1359: UserWarning: Using a non-full backward hook when the forward contains multiple autograd Nodes is deprecated and will be removed in future versions. This hook will be missing some grad_input. Please use register_full_backward_hook to get the documented behavior.
  warnings.warn("Using a non-full backward hook when the forward contains multiple autograd Nodes "
[92mINFO [0m:      Sent reply
01/28/2025 07:48:04:INFO:Sent reply
[92mINFO [0m:      
01/28/2025 08:07:17:INFO:
[92mINFO [0m:      [RUN 0, ROUND ]
01/28/2025 08:07:17:INFO:[RUN 0, ROUND ]
[92mINFO [0m:      Received: evaluate message db57b963-5425-4853-9d1b-34e60e505f82
01/28/2025 08:07:17:INFO:Received: evaluate message db57b963-5425-4853-9d1b-34e60e505f82
[92mINFO [0m:      Sent reply
01/28/2025 08:11:30:INFO:Sent reply
[92mINFO [0m:      
01/28/2025 08:11:50:INFO:
[92mINFO [0m:      [RUN 0, ROUND ]
01/28/2025 08:11:50:INFO:[RUN 0, ROUND ]
[92mINFO [0m:      Received: train message c9d4f08d-2fc7-49ef-a18a-058dbc47223b
01/28/2025 08:11:50:INFO:Received: train message c9d4f08d-2fc7-49ef-a18a-058dbc47223b
/home/dgxuser16/.local/lib/python3.8/site-packages/torch/nn/modules/module.py:1359: UserWarning: Using a non-full backward hook when the forward contains multiple autograd Nodes is deprecated and will be removed in future versions. This hook will be missing some grad_input. Please use register_full_backward_hook to get the documented behavior.
  warnings.warn("Using a non-full backward hook when the forward contains multiple autograd Nodes "
[92mINFO [0m:      Sent reply
01/28/2025 08:14:03:INFO:Sent reply
[92mINFO [0m:      
01/28/2025 08:33:32:INFO:
[92mINFO [0m:      [RUN 0, ROUND ]
01/28/2025 08:33:32:INFO:[RUN 0, ROUND ]
[92mINFO [0m:      Received: evaluate message aceebf68-3ca4-4276-99bf-ba23b57b3cd6
01/28/2025 08:33:32:INFO:Received: evaluate message aceebf68-3ca4-4276-99bf-ba23b57b3cd6
[92mINFO [0m:      Sent reply
01/28/2025 08:37:16:INFO:Sent reply
[92mINFO [0m:      
01/28/2025 08:38:21:INFO:
[92mINFO [0m:      [RUN 0, ROUND ]
01/28/2025 08:38:21:INFO:[RUN 0, ROUND ]
[92mINFO [0m:      Received: train message 3deb1f23-f904-4f0d-8356-878b31600717
01/28/2025 08:38:21:INFO:Received: train message 3deb1f23-f904-4f0d-8356-878b31600717
/home/dgxuser16/.local/lib/python3.8/site-packages/torch/nn/modules/module.py:1359: UserWarning: Using a non-full backward hook when the forward contains multiple autograd Nodes is deprecated and will be removed in future versions. This hook will be missing some grad_input. Please use register_full_backward_hook to get the documented behavior.
  warnings.warn("Using a non-full backward hook when the forward contains multiple autograd Nodes "
[92mINFO [0m:      Sent reply
01/28/2025 08:40:46:INFO:Sent reply
[92mINFO [0m:      
01/28/2025 08:59:52:INFO:
[92mINFO [0m:      [RUN 0, ROUND ]
01/28/2025 08:59:52:INFO:[RUN 0, ROUND ]
[92mINFO [0m:      Received: evaluate message dc7aa6b0-9c1d-4095-a8bd-2048304dcdce
01/28/2025 08:59:52:INFO:Received: evaluate message dc7aa6b0-9c1d-4095-a8bd-2048304dcdce
[92mINFO [0m:      Sent reply
01/28/2025 09:03:55:INFO:Sent reply
[92mINFO [0m:      
01/28/2025 09:04:32:INFO:
[92mINFO [0m:      [RUN 0, ROUND ]
01/28/2025 09:04:32:INFO:[RUN 0, ROUND ]
[92mINFO [0m:      Received: train message a208783d-9222-4228-96e4-f3c42a48413a
01/28/2025 09:04:32:INFO:Received: train message a208783d-9222-4228-96e4-f3c42a48413a
/home/dgxuser16/.local/lib/python3.8/site-packages/torch/nn/modules/module.py:1359: UserWarning: Using a non-full backward hook when the forward contains multiple autograd Nodes is deprecated and will be removed in future versions. This hook will be missing some grad_input. Please use register_full_backward_hook to get the documented behavior.
  warnings.warn("Using a non-full backward hook when the forward contains multiple autograd Nodes "
[92mINFO [0m:      Sent reply
01/28/2025 09:06:53:INFO:Sent reply
[92mINFO [0m:      
01/28/2025 09:25:21:INFO:
[92mINFO [0m:      [RUN 0, ROUND ]
01/28/2025 09:25:21:INFO:[RUN 0, ROUND ]
[92mINFO [0m:      Received: evaluate message c34e328d-ca9c-4c54-808f-46fe6a25ef0f
01/28/2025 09:25:21:INFO:Received: evaluate message c34e328d-ca9c-4c54-808f-46fe6a25ef0f
['/raid/home/dgxuser16/NTL/mccarthy/ahmad/github/adaptive_privacy_fl/fixed_dp/isic/version_02', '/home/dgxuser16/anaconda3/envs/ihpc/lib/python38.zip', '/home/dgxuser16/anaconda3/envs/ihpc/lib/python3.8', '/home/dgxuser16/anaconda3/envs/ihpc/lib/python3.8/lib-dynload', '/home/dgxuser16/.local/lib/python3.8/site-packages', '/home/dgxuser16/anaconda3/envs/ihpc/lib/python3.8/site-packages', '/raid/home/dgxuser16/NTL/mccarthy/ahmad/github/adaptive_privacy_fl/fixed_dp/isic/version_02']
Device: cuda:0
Params: {'batch_size': 32, 'local_epochs': 3, 'full_dataset_size': 18597, 'number_of_classes': 8}
Privacy Params: {'target_delta': 1e-05, 'noise_multiplier': 1.8, 'max_grad_norm': 1.0}
Epsilon = 1.44

{'loss': [1.6900447713623017], 'accuracy': [0.4289166331051148], 'auc': [0.6836437826488786]}

Epsilon = 1.99

{'loss': [1.6900447713623017, 1.6200207814640255], 'accuracy': [0.4289166331051148, 0.49697946033024565], 'auc': [0.6836437826488786, 0.7193702350502433]}

Epsilon = 2.44

{'loss': [1.6900447713623017, 1.6200207814640255, 1.5653510015912464], 'accuracy': [0.4289166331051148, 0.49697946033024565, 0.5304067660088603], 'auc': [0.6836437826488786, 0.7193702350502433, 0.7411763249990546]}

Epsilon = 2.82

{'loss': [1.6900447713623017, 1.6200207814640255, 1.5653510015912464, 1.5503206903109663], 'accuracy': [0.4289166331051148, 0.49697946033024565, 0.5304067660088603, 0.5501409585179219], 'auc': [0.6836437826488786, 0.7193702350502433, 0.7411763249990546, 0.7591763445479134]}

Epsilon = 3.16

{'loss': [1.6900447713623017, 1.6200207814640255, 1.5653510015912464, 1.5503206903109663, 1.531454744667379], 'accuracy': [0.4289166331051148, 0.49697946033024565, 0.5304067660088603, 0.5501409585179219, 0.5614176399516714], 'auc': [0.6836437826488786, 0.7193702350502433, 0.7411763249990546, 0.7591763445479134, 0.7698641286799174]}

Epsilon = 3.48

{'loss': [1.6900447713623017, 1.6200207814640255, 1.5653510015912464, 1.5503206903109663, 1.531454744667379, 1.495392064341508], 'accuracy': [0.4289166331051148, 0.49697946033024565, 0.5304067660088603, 0.5501409585179219, 0.5614176399516714, 0.5698751510269835], 'auc': [0.6836437826488786, 0.7193702350502433, 0.7411763249990546, 0.7591763445479134, 0.7698641286799174, 0.7772493072393372]}

Epsilon = 3.78

{'loss': [1.6900447713623017, 1.6200207814640255, 1.5653510015912464, 1.5503206903109663, 1.531454744667379, 1.495392064341508, 1.4951688798742337], 'accuracy': [0.4289166331051148, 0.49697946033024565, 0.5304067660088603, 0.5501409585179219, 0.5614176399516714, 0.5698751510269835, 0.5775271848570278], 'auc': [0.6836437826488786, 0.7193702350502433, 0.7411763249990546, 0.7591763445479134, 0.7698641286799174, 0.7772493072393372, 0.7844971780330663]}

Epsilon = 4.06

{'loss': [1.6900447713623017, 1.6200207814640255, 1.5653510015912464, 1.5503206903109663, 1.531454744667379, 1.495392064341508, 1.4951688798742337, 1.4937441075851587], 'accuracy': [0.4289166331051148, 0.49697946033024565, 0.5304067660088603, 0.5501409585179219, 0.5614176399516714, 0.5698751510269835, 0.5775271848570278, 0.5803463552154652], 'auc': [0.6836437826488786, 0.7193702350502433, 0.7411763249990546, 0.7591763445479134, 0.7698641286799174, 0.7772493072393372, 0.7844971780330663, 0.7922772055040708]}

Epsilon = 4.32

{'loss': [1.6900447713623017, 1.6200207814640255, 1.5653510015912464, 1.5503206903109663, 1.531454744667379, 1.495392064341508, 1.4951688798742337, 1.4937441075851587, 1.5138965205132264], 'accuracy': [0.4289166331051148, 0.49697946033024565, 0.5304067660088603, 0.5501409585179219, 0.5614176399516714, 0.5698751510269835, 0.5775271848570278, 0.5803463552154652, 0.5819573097060008], 'auc': [0.6836437826488786, 0.7193702350502433, 0.7411763249990546, 0.7591763445479134, 0.7698641286799174, 0.7772493072393372, 0.7844971780330663, 0.7922772055040708, 0.7944170434063611]}

Epsilon = 4.58

{'loss': [1.6900447713623017, 1.6200207814640255, 1.5653510015912464, 1.5503206903109663, 1.531454744667379, 1.495392064341508, 1.4951688798742337, 1.4937441075851587, 1.5138965205132264, 1.4726980906842555], 'accuracy': [0.4289166331051148, 0.49697946033024565, 0.5304067660088603, 0.5501409585179219, 0.5614176399516714, 0.5698751510269835, 0.5775271848570278, 0.5803463552154652, 0.5819573097060008, 0.5884011276681433], 'auc': [0.6836437826488786, 0.7193702350502433, 0.7411763249990546, 0.7591763445479134, 0.7698641286799174, 0.7772493072393372, 0.7844971780330663, 0.7922772055040708, 0.7944170434063611, 0.8006586339919941]}

Epsilon = 4.82

{'loss': [1.6900447713623017, 1.6200207814640255, 1.5653510015912464, 1.5503206903109663, 1.531454744667379, 1.495392064341508, 1.4951688798742337, 1.4937441075851587, 1.5138965205132264, 1.4726980906842555, 1.4792252174078626], 'accuracy': [0.4289166331051148, 0.49697946033024565, 0.5304067660088603, 0.5501409585179219, 0.5614176399516714, 0.5698751510269835, 0.5775271848570278, 0.5803463552154652, 0.5819573097060008, 0.5884011276681433, 0.5920257752718485], 'auc': [0.6836437826488786, 0.7193702350502433, 0.7411763249990546, 0.7591763445479134, 0.7698641286799174, 0.7772493072393372, 0.7844971780330663, 0.7922772055040708, 0.7944170434063611, 0.8006586339919941, 0.7995045072414405]}

Epsilon = 5.06

{'loss': [1.6900447713623017, 1.6200207814640255, 1.5653510015912464, 1.5503206903109663, 1.531454744667379, 1.495392064341508, 1.4951688798742337, 1.4937441075851587, 1.5138965205132264, 1.4726980906842555, 1.4792252174078626, 1.47882433389878], 'accuracy': [0.4289166331051148, 0.49697946033024565, 0.5304067660088603, 0.5501409585179219, 0.5614176399516714, 0.5698751510269835, 0.5775271848570278, 0.5803463552154652, 0.5819573097060008, 0.5884011276681433, 0.5920257752718485, 0.5936367297623842], 'auc': [0.6836437826488786, 0.7193702350502433, 0.7411763249990546, 0.7591763445479134, 0.7698641286799174, 0.7772493072393372, 0.7844971780330663, 0.7922772055040708, 0.7944170434063611, 0.8006586339919941, 0.7995045072414405, 0.801438904597928]}

Epsilon = 5.29

{'loss': [1.6900447713623017, 1.6200207814640255, 1.5653510015912464, 1.5503206903109663, 1.531454744667379, 1.495392064341508, 1.4951688798742337, 1.4937441075851587, 1.5138965205132264, 1.4726980906842555, 1.4792252174078626, 1.47882433389878, 1.4742726371310384], 'accuracy': [0.4289166331051148, 0.49697946033024565, 0.5304067660088603, 0.5501409585179219, 0.5614176399516714, 0.5698751510269835, 0.5775271848570278, 0.5803463552154652, 0.5819573097060008, 0.5884011276681433, 0.5920257752718485, 0.5936367297623842, 0.5948449456302859], 'auc': [0.6836437826488786, 0.7193702350502433, 0.7411763249990546, 0.7591763445479134, 0.7698641286799174, 0.7772493072393372, 0.7844971780330663, 0.7922772055040708, 0.7944170434063611, 0.8006586339919941, 0.7995045072414405, 0.801438904597928, 0.8024453735221511]}

Epsilon = 5.51

{'loss': [1.6900447713623017, 1.6200207814640255, 1.5653510015912464, 1.5503206903109663, 1.531454744667379, 1.495392064341508, 1.4951688798742337, 1.4937441075851587, 1.5138965205132264, 1.4726980906842555, 1.4792252174078626, 1.47882433389878, 1.4742726371310384, 1.4762130140826148], 'accuracy': [0.4289166331051148, 0.49697946033024565, 0.5304067660088603, 0.5501409585179219, 0.5614176399516714, 0.5698751510269835, 0.5775271848570278, 0.5803463552154652, 0.5819573097060008, 0.5884011276681433, 0.5920257752718485, 0.5936367297623842, 0.5948449456302859, 0.5916230366492147], 'auc': [0.6836437826488786, 0.7193702350502433, 0.7411763249990546, 0.7591763445479134, 0.7698641286799174, 0.7772493072393372, 0.7844971780330663, 0.7922772055040708, 0.7944170434063611, 0.8006586339919941, 0.7995045072414405, 0.801438904597928, 0.8024453735221511, 0.7999357316614879]}

Epsilon = 5.73
[92mINFO [0m:      Sent reply
01/28/2025 09:29:19:INFO:Sent reply
[92mINFO [0m:      
01/28/2025 09:30:01:INFO:
[92mINFO [0m:      [RUN 0, ROUND ]
01/28/2025 09:30:01:INFO:[RUN 0, ROUND ]
[92mINFO [0m:      Received: train message f95bc934-f397-4f75-bdad-ed0d7bf543ab
01/28/2025 09:30:01:INFO:Received: train message f95bc934-f397-4f75-bdad-ed0d7bf543ab
/home/dgxuser16/.local/lib/python3.8/site-packages/torch/nn/modules/module.py:1359: UserWarning: Using a non-full backward hook when the forward contains multiple autograd Nodes is deprecated and will be removed in future versions. This hook will be missing some grad_input. Please use register_full_backward_hook to get the documented behavior.
  warnings.warn("Using a non-full backward hook when the forward contains multiple autograd Nodes "
[92mINFO [0m:      Sent reply
01/28/2025 09:32:23:INFO:Sent reply
[92mINFO [0m:      
01/28/2025 09:51:40:INFO:
[92mINFO [0m:      [RUN 0, ROUND ]
01/28/2025 09:51:40:INFO:[RUN 0, ROUND ]
[92mINFO [0m:      Received: evaluate message e5963c63-9555-409f-b6ce-ed2c56957239
01/28/2025 09:51:40:INFO:Received: evaluate message e5963c63-9555-409f-b6ce-ed2c56957239
[92mINFO [0m:      Sent reply
01/28/2025 09:55:52:INFO:Sent reply
[92mINFO [0m:      
01/28/2025 09:56:17:INFO:
[92mINFO [0m:      [RUN 0, ROUND ]
01/28/2025 09:56:17:INFO:[RUN 0, ROUND ]
[92mINFO [0m:      Received: train message 706025c4-e475-46ef-ba46-4f9f506022a9
01/28/2025 09:56:17:INFO:Received: train message 706025c4-e475-46ef-ba46-4f9f506022a9
/home/dgxuser16/.local/lib/python3.8/site-packages/torch/nn/modules/module.py:1359: UserWarning: Using a non-full backward hook when the forward contains multiple autograd Nodes is deprecated and will be removed in future versions. This hook will be missing some grad_input. Please use register_full_backward_hook to get the documented behavior.
  warnings.warn("Using a non-full backward hook when the forward contains multiple autograd Nodes "
[92mINFO [0m:      Sent reply
01/28/2025 09:58:37:INFO:Sent reply
[92mINFO [0m:      
01/28/2025 10:17:51:INFO:
[92mINFO [0m:      [RUN 0, ROUND ]
01/28/2025 10:17:51:INFO:[RUN 0, ROUND ]
[92mINFO [0m:      Received: evaluate message fc647c50-42ba-44de-81e2-e9aca24c3b07
01/28/2025 10:17:51:INFO:Received: evaluate message fc647c50-42ba-44de-81e2-e9aca24c3b07
[92mINFO [0m:      Sent reply
01/28/2025 10:21:57:INFO:Sent reply
[92mINFO [0m:      
01/28/2025 10:22:46:INFO:
[92mINFO [0m:      [RUN 0, ROUND ]
01/28/2025 10:22:46:INFO:[RUN 0, ROUND ]
[92mINFO [0m:      Received: train message 468394a6-1735-4866-9a71-4ea86dcc3203
01/28/2025 10:22:46:INFO:Received: train message 468394a6-1735-4866-9a71-4ea86dcc3203
/home/dgxuser16/.local/lib/python3.8/site-packages/torch/nn/modules/module.py:1359: UserWarning: Using a non-full backward hook when the forward contains multiple autograd Nodes is deprecated and will be removed in future versions. This hook will be missing some grad_input. Please use register_full_backward_hook to get the documented behavior.
  warnings.warn("Using a non-full backward hook when the forward contains multiple autograd Nodes "
[92mINFO [0m:      Sent reply
01/28/2025 10:25:12:INFO:Sent reply
[92mINFO [0m:      
01/28/2025 10:44:59:INFO:
[92mINFO [0m:      [RUN 0, ROUND ]
01/28/2025 10:44:59:INFO:[RUN 0, ROUND ]
[92mINFO [0m:      Received: evaluate message 205c4d9e-f168-4c47-8c75-882295a23eee
01/28/2025 10:44:59:INFO:Received: evaluate message 205c4d9e-f168-4c47-8c75-882295a23eee
[92mINFO [0m:      Sent reply
01/28/2025 10:49:10:INFO:Sent reply
[92mINFO [0m:      
01/28/2025 10:49:43:INFO:
[92mINFO [0m:      [RUN 0, ROUND ]
01/28/2025 10:49:43:INFO:[RUN 0, ROUND ]
[92mINFO [0m:      Received: train message cc57e534-5c13-4b20-8a00-4e9347a5c933
01/28/2025 10:49:43:INFO:Received: train message cc57e534-5c13-4b20-8a00-4e9347a5c933
/home/dgxuser16/.local/lib/python3.8/site-packages/torch/nn/modules/module.py:1359: UserWarning: Using a non-full backward hook when the forward contains multiple autograd Nodes is deprecated and will be removed in future versions. This hook will be missing some grad_input. Please use register_full_backward_hook to get the documented behavior.
  warnings.warn("Using a non-full backward hook when the forward contains multiple autograd Nodes "
[92mINFO [0m:      Sent reply
01/28/2025 10:52:09:INFO:Sent reply
[92mINFO [0m:      
01/28/2025 11:13:48:INFO:
[92mINFO [0m:      [RUN 0, ROUND ]
01/28/2025 11:13:48:INFO:[RUN 0, ROUND ]
[92mINFO [0m:      Received: evaluate message be30f4cc-adb0-4cb8-a8b2-b34c4f0aec61
01/28/2025 11:13:48:INFO:Received: evaluate message be30f4cc-adb0-4cb8-a8b2-b34c4f0aec61
[92mINFO [0m:      Sent reply
01/28/2025 11:17:59:INFO:Sent reply
[92mINFO [0m:      
01/28/2025 11:18:32:INFO:
[92mINFO [0m:      [RUN 0, ROUND ]
01/28/2025 11:18:32:INFO:[RUN 0, ROUND ]
[92mINFO [0m:      Received: train message e48bde89-807d-4996-9b45-506363e98b19
01/28/2025 11:18:32:INFO:Received: train message e48bde89-807d-4996-9b45-506363e98b19
/home/dgxuser16/.local/lib/python3.8/site-packages/torch/nn/modules/module.py:1359: UserWarning: Using a non-full backward hook when the forward contains multiple autograd Nodes is deprecated and will be removed in future versions. This hook will be missing some grad_input. Please use register_full_backward_hook to get the documented behavior.
  warnings.warn("Using a non-full backward hook when the forward contains multiple autograd Nodes "
[92mINFO [0m:      Sent reply
01/28/2025 11:20:50:INFO:Sent reply
[92mINFO [0m:      
01/28/2025 11:42:40:INFO:
[92mINFO [0m:      [RUN 0, ROUND ]
01/28/2025 11:42:40:INFO:[RUN 0, ROUND ]
[92mINFO [0m:      Received: evaluate message ce37b999-1124-41e5-a08b-9815035faa06
01/28/2025 11:42:40:INFO:Received: evaluate message ce37b999-1124-41e5-a08b-9815035faa06
[92mINFO [0m:      Sent reply
01/28/2025 11:47:06:INFO:Sent reply
[92mINFO [0m:      
01/28/2025 11:47:27:INFO:
[92mINFO [0m:      [RUN 0, ROUND ]
01/28/2025 11:47:27:INFO:[RUN 0, ROUND ]
[92mINFO [0m:      Received: train message fab0e453-947d-424a-9871-b309ba574230
01/28/2025 11:47:27:INFO:Received: train message fab0e453-947d-424a-9871-b309ba574230
/home/dgxuser16/.local/lib/python3.8/site-packages/torch/nn/modules/module.py:1359: UserWarning: Using a non-full backward hook when the forward contains multiple autograd Nodes is deprecated and will be removed in future versions. This hook will be missing some grad_input. Please use register_full_backward_hook to get the documented behavior.
  warnings.warn("Using a non-full backward hook when the forward contains multiple autograd Nodes "
[92mINFO [0m:      Sent reply
01/28/2025 11:49:39:INFO:Sent reply
[92mINFO [0m:      
01/28/2025 12:10:44:INFO:
[92mINFO [0m:      [RUN 0, ROUND ]
01/28/2025 12:10:44:INFO:[RUN 0, ROUND ]
[92mINFO [0m:      Received: evaluate message 977b2baa-73e2-4457-bb4f-76a7ac6a1c09
01/28/2025 12:10:44:INFO:Received: evaluate message 977b2baa-73e2-4457-bb4f-76a7ac6a1c09
[92mINFO [0m:      Sent reply
01/28/2025 12:14:58:INFO:Sent reply
[92mINFO [0m:      
01/28/2025 12:15:24:INFO:
[92mINFO [0m:      [RUN 0, ROUND ]
01/28/2025 12:15:24:INFO:[RUN 0, ROUND ]
[92mINFO [0m:      Received: train message 21535bcb-a17f-4be8-806b-5215f30ace6c
01/28/2025 12:15:24:INFO:Received: train message 21535bcb-a17f-4be8-806b-5215f30ace6c
/home/dgxuser16/.local/lib/python3.8/site-packages/torch/nn/modules/module.py:1359: UserWarning: Using a non-full backward hook when the forward contains multiple autograd Nodes is deprecated and will be removed in future versions. This hook will be missing some grad_input. Please use register_full_backward_hook to get the documented behavior.
  warnings.warn("Using a non-full backward hook when the forward contains multiple autograd Nodes "
[92mINFO [0m:      Sent reply
01/28/2025 12:17:46:INFO:Sent reply
[92mINFO [0m:      
01/28/2025 12:39:07:INFO:
[92mINFO [0m:      [RUN 0, ROUND ]
01/28/2025 12:39:07:INFO:[RUN 0, ROUND ]
[92mINFO [0m:      Received: evaluate message 8c0d9f01-6d42-4f93-bfec-6a2801495d6f
01/28/2025 12:39:07:INFO:Received: evaluate message 8c0d9f01-6d42-4f93-bfec-6a2801495d6f

{'loss': [1.6900447713623017, 1.6200207814640255, 1.5653510015912464, 1.5503206903109663, 1.531454744667379, 1.495392064341508, 1.4951688798742337, 1.4937441075851587, 1.5138965205132264, 1.4726980906842555, 1.4792252174078626, 1.47882433389878, 1.4742726371310384, 1.4762130140826148, 1.4727863060386248], 'accuracy': [0.4289166331051148, 0.49697946033024565, 0.5304067660088603, 0.5501409585179219, 0.5614176399516714, 0.5698751510269835, 0.5775271848570278, 0.5803463552154652, 0.5819573097060008, 0.5884011276681433, 0.5920257752718485, 0.5936367297623842, 0.5948449456302859, 0.5916230366492147, 0.5964559001208216], 'auc': [0.6836437826488786, 0.7193702350502433, 0.7411763249990546, 0.7591763445479134, 0.7698641286799174, 0.7772493072393372, 0.7844971780330663, 0.7922772055040708, 0.7944170434063611, 0.8006586339919941, 0.7995045072414405, 0.801438904597928, 0.8024453735221511, 0.7999357316614879, 0.7992317166380531]}

Epsilon = 5.94

{'loss': [1.6900447713623017, 1.6200207814640255, 1.5653510015912464, 1.5503206903109663, 1.531454744667379, 1.495392064341508, 1.4951688798742337, 1.4937441075851587, 1.5138965205132264, 1.4726980906842555, 1.4792252174078626, 1.47882433389878, 1.4742726371310384, 1.4762130140826148, 1.4727863060386248, 1.4930763271514609], 'accuracy': [0.4289166331051148, 0.49697946033024565, 0.5304067660088603, 0.5501409585179219, 0.5614176399516714, 0.5698751510269835, 0.5775271848570278, 0.5803463552154652, 0.5819573097060008, 0.5884011276681433, 0.5920257752718485, 0.5936367297623842, 0.5948449456302859, 0.5916230366492147, 0.5964559001208216, 0.599275070479259], 'auc': [0.6836437826488786, 0.7193702350502433, 0.7411763249990546, 0.7591763445479134, 0.7698641286799174, 0.7772493072393372, 0.7844971780330663, 0.7922772055040708, 0.7944170434063611, 0.8006586339919941, 0.7995045072414405, 0.801438904597928, 0.8024453735221511, 0.7999357316614879, 0.7992317166380531, 0.7991042322316593]}

Epsilon = 6.15

{'loss': [1.6900447713623017, 1.6200207814640255, 1.5653510015912464, 1.5503206903109663, 1.531454744667379, 1.495392064341508, 1.4951688798742337, 1.4937441075851587, 1.5138965205132264, 1.4726980906842555, 1.4792252174078626, 1.47882433389878, 1.4742726371310384, 1.4762130140826148, 1.4727863060386248, 1.4930763271514609, 1.4669552022201902], 'accuracy': [0.4289166331051148, 0.49697946033024565, 0.5304067660088603, 0.5501409585179219, 0.5614176399516714, 0.5698751510269835, 0.5775271848570278, 0.5803463552154652, 0.5819573097060008, 0.5884011276681433, 0.5920257752718485, 0.5936367297623842, 0.5948449456302859, 0.5916230366492147, 0.5964559001208216, 0.599275070479259, 0.6000805477245268], 'auc': [0.6836437826488786, 0.7193702350502433, 0.7411763249990546, 0.7591763445479134, 0.7698641286799174, 0.7772493072393372, 0.7844971780330663, 0.7922772055040708, 0.7944170434063611, 0.8006586339919941, 0.7995045072414405, 0.801438904597928, 0.8024453735221511, 0.7999357316614879, 0.7992317166380531, 0.7991042322316593, 0.8029706156695593]}

Epsilon = 6.35

{'loss': [1.6900447713623017, 1.6200207814640255, 1.5653510015912464, 1.5503206903109663, 1.531454744667379, 1.495392064341508, 1.4951688798742337, 1.4937441075851587, 1.5138965205132264, 1.4726980906842555, 1.4792252174078626, 1.47882433389878, 1.4742726371310384, 1.4762130140826148, 1.4727863060386248, 1.4930763271514609, 1.4669552022201902, 1.4585872890965572], 'accuracy': [0.4289166331051148, 0.49697946033024565, 0.5304067660088603, 0.5501409585179219, 0.5614176399516714, 0.5698751510269835, 0.5775271848570278, 0.5803463552154652, 0.5819573097060008, 0.5884011276681433, 0.5920257752718485, 0.5936367297623842, 0.5948449456302859, 0.5916230366492147, 0.5964559001208216, 0.599275070479259, 0.6000805477245268, 0.6000805477245268], 'auc': [0.6836437826488786, 0.7193702350502433, 0.7411763249990546, 0.7591763445479134, 0.7698641286799174, 0.7772493072393372, 0.7844971780330663, 0.7922772055040708, 0.7944170434063611, 0.8006586339919941, 0.7995045072414405, 0.801438904597928, 0.8024453735221511, 0.7999357316614879, 0.7992317166380531, 0.7991042322316593, 0.8029706156695593, 0.8051357786661537]}

Epsilon = 6.55

{'loss': [1.6900447713623017, 1.6200207814640255, 1.5653510015912464, 1.5503206903109663, 1.531454744667379, 1.495392064341508, 1.4951688798742337, 1.4937441075851587, 1.5138965205132264, 1.4726980906842555, 1.4792252174078626, 1.47882433389878, 1.4742726371310384, 1.4762130140826148, 1.4727863060386248, 1.4930763271514609, 1.4669552022201902, 1.4585872890965572, 1.4509569555821076], 'accuracy': [0.4289166331051148, 0.49697946033024565, 0.5304067660088603, 0.5501409585179219, 0.5614176399516714, 0.5698751510269835, 0.5775271848570278, 0.5803463552154652, 0.5819573097060008, 0.5884011276681433, 0.5920257752718485, 0.5936367297623842, 0.5948449456302859, 0.5916230366492147, 0.5964559001208216, 0.599275070479259, 0.6000805477245268, 0.6000805477245268, 0.599275070479259], 'auc': [0.6836437826488786, 0.7193702350502433, 0.7411763249990546, 0.7591763445479134, 0.7698641286799174, 0.7772493072393372, 0.7844971780330663, 0.7922772055040708, 0.7944170434063611, 0.8006586339919941, 0.7995045072414405, 0.801438904597928, 0.8024453735221511, 0.7999357316614879, 0.7992317166380531, 0.7991042322316593, 0.8029706156695593, 0.8051357786661537, 0.8125363968181865]}

Epsilon = 6.74

{'loss': [1.6900447713623017, 1.6200207814640255, 1.5653510015912464, 1.5503206903109663, 1.531454744667379, 1.495392064341508, 1.4951688798742337, 1.4937441075851587, 1.5138965205132264, 1.4726980906842555, 1.4792252174078626, 1.47882433389878, 1.4742726371310384, 1.4762130140826148, 1.4727863060386248, 1.4930763271514609, 1.4669552022201902, 1.4585872890965572, 1.4509569555821076, 1.4234346122065715], 'accuracy': [0.4289166331051148, 0.49697946033024565, 0.5304067660088603, 0.5501409585179219, 0.5614176399516714, 0.5698751510269835, 0.5775271848570278, 0.5803463552154652, 0.5819573097060008, 0.5884011276681433, 0.5920257752718485, 0.5936367297623842, 0.5948449456302859, 0.5916230366492147, 0.5964559001208216, 0.599275070479259, 0.6000805477245268, 0.6000805477245268, 0.599275070479259, 0.603705195328232], 'auc': [0.6836437826488786, 0.7193702350502433, 0.7411763249990546, 0.7591763445479134, 0.7698641286799174, 0.7772493072393372, 0.7844971780330663, 0.7922772055040708, 0.7944170434063611, 0.8006586339919941, 0.7995045072414405, 0.801438904597928, 0.8024453735221511, 0.7999357316614879, 0.7992317166380531, 0.7991042322316593, 0.8029706156695593, 0.8051357786661537, 0.8125363968181865, 0.8156583392326584]}

Epsilon = 6.93

{'loss': [1.6900447713623017, 1.6200207814640255, 1.5653510015912464, 1.5503206903109663, 1.531454744667379, 1.495392064341508, 1.4951688798742337, 1.4937441075851587, 1.5138965205132264, 1.4726980906842555, 1.4792252174078626, 1.47882433389878, 1.4742726371310384, 1.4762130140826148, 1.4727863060386248, 1.4930763271514609, 1.4669552022201902, 1.4585872890965572, 1.4509569555821076, 1.4234346122065715, 1.4363462313307518], 'accuracy': [0.4289166331051148, 0.49697946033024565, 0.5304067660088603, 0.5501409585179219, 0.5614176399516714, 0.5698751510269835, 0.5775271848570278, 0.5803463552154652, 0.5819573097060008, 0.5884011276681433, 0.5920257752718485, 0.5936367297623842, 0.5948449456302859, 0.5916230366492147, 0.5964559001208216, 0.599275070479259, 0.6000805477245268, 0.6000805477245268, 0.599275070479259, 0.603705195328232, 0.6016915022150624], 'auc': [0.6836437826488786, 0.7193702350502433, 0.7411763249990546, 0.7591763445479134, 0.7698641286799174, 0.7772493072393372, 0.7844971780330663, 0.7922772055040708, 0.7944170434063611, 0.8006586339919941, 0.7995045072414405, 0.801438904597928, 0.8024453735221511, 0.7999357316614879, 0.7992317166380531, 0.7991042322316593, 0.8029706156695593, 0.8051357786661537, 0.8125363968181865, 0.8156583392326584, 0.8145853972460633]}

Epsilon = 7.12
[92mINFO [0m:      Sent reply
01/28/2025 12:43:08:INFO:Sent reply
[92mINFO [0m:      
01/28/2025 12:44:08:INFO:
[92mINFO [0m:      [RUN 0, ROUND ]
01/28/2025 12:44:08:INFO:[RUN 0, ROUND ]
[92mINFO [0m:      Received: train message 1b1d5d5a-eacf-4cad-94bb-40c1de870766
01/28/2025 12:44:08:INFO:Received: train message 1b1d5d5a-eacf-4cad-94bb-40c1de870766
/home/dgxuser16/.local/lib/python3.8/site-packages/torch/nn/modules/module.py:1359: UserWarning: Using a non-full backward hook when the forward contains multiple autograd Nodes is deprecated and will be removed in future versions. This hook will be missing some grad_input. Please use register_full_backward_hook to get the documented behavior.
  warnings.warn("Using a non-full backward hook when the forward contains multiple autograd Nodes "
[92mINFO [0m:      Sent reply
01/28/2025 12:46:35:INFO:Sent reply
[92mINFO [0m:      
01/28/2025 13:07:57:INFO:
[92mINFO [0m:      [RUN 0, ROUND ]
01/28/2025 13:07:57:INFO:[RUN 0, ROUND ]
[92mINFO [0m:      Received: evaluate message 7198b613-a102-40e6-99d0-af4b085894c5
01/28/2025 13:07:57:INFO:Received: evaluate message 7198b613-a102-40e6-99d0-af4b085894c5
[92mINFO [0m:      Sent reply
01/28/2025 13:12:04:INFO:Sent reply
[92mINFO [0m:      
01/28/2025 13:12:36:INFO:
[92mINFO [0m:      [RUN 0, ROUND ]
01/28/2025 13:12:36:INFO:[RUN 0, ROUND ]
[92mINFO [0m:      Received: train message 523ff70d-b3f8-45d1-adde-c7a70607d134
01/28/2025 13:12:36:INFO:Received: train message 523ff70d-b3f8-45d1-adde-c7a70607d134
/home/dgxuser16/.local/lib/python3.8/site-packages/torch/nn/modules/module.py:1359: UserWarning: Using a non-full backward hook when the forward contains multiple autograd Nodes is deprecated and will be removed in future versions. This hook will be missing some grad_input. Please use register_full_backward_hook to get the documented behavior.
  warnings.warn("Using a non-full backward hook when the forward contains multiple autograd Nodes "
[92mINFO [0m:      Sent reply
01/28/2025 13:15:00:INFO:Sent reply
[92mINFO [0m:      
01/28/2025 13:35:06:INFO:
[92mINFO [0m:      [RUN 0, ROUND ]
01/28/2025 13:35:06:INFO:[RUN 0, ROUND ]
[92mINFO [0m:      Received: evaluate message 7a8c77ee-1c0b-4d7b-84e0-e4636a772176
01/28/2025 13:35:06:INFO:Received: evaluate message 7a8c77ee-1c0b-4d7b-84e0-e4636a772176
[92mINFO [0m:      Sent reply
01/28/2025 13:39:14:INFO:Sent reply
[92mINFO [0m:      
01/28/2025 13:39:46:INFO:
[92mINFO [0m:      [RUN 0, ROUND ]
01/28/2025 13:39:46:INFO:[RUN 0, ROUND ]
[92mINFO [0m:      Received: train message 0b1462e2-5a5d-448f-b79d-76a814c83bd5
01/28/2025 13:39:46:INFO:Received: train message 0b1462e2-5a5d-448f-b79d-76a814c83bd5
/home/dgxuser16/.local/lib/python3.8/site-packages/torch/nn/modules/module.py:1359: UserWarning: Using a non-full backward hook when the forward contains multiple autograd Nodes is deprecated and will be removed in future versions. This hook will be missing some grad_input. Please use register_full_backward_hook to get the documented behavior.
  warnings.warn("Using a non-full backward hook when the forward contains multiple autograd Nodes "
[92mINFO [0m:      Sent reply
01/28/2025 13:41:50:INFO:Sent reply
[92mINFO [0m:      
01/28/2025 14:16:16:INFO:
[92mINFO [0m:      [RUN 0, ROUND ]
01/28/2025 14:16:16:INFO:[RUN 0, ROUND ]
[92mINFO [0m:      Received: evaluate message 4bf33423-311e-44a8-a08f-5156d9171ed7
01/28/2025 14:16:16:INFO:Received: evaluate message 4bf33423-311e-44a8-a08f-5156d9171ed7
[92mINFO [0m:      Sent reply
01/28/2025 14:20:26:INFO:Sent reply
[92mINFO [0m:      
01/28/2025 14:21:07:INFO:
[92mINFO [0m:      [RUN 0, ROUND ]
01/28/2025 14:21:07:INFO:[RUN 0, ROUND ]
[92mINFO [0m:      Received: train message ea4d4b1a-94e4-4339-be70-69eae62dc07a
01/28/2025 14:21:07:INFO:Received: train message ea4d4b1a-94e4-4339-be70-69eae62dc07a
/home/dgxuser16/.local/lib/python3.8/site-packages/torch/nn/modules/module.py:1359: UserWarning: Using a non-full backward hook when the forward contains multiple autograd Nodes is deprecated and will be removed in future versions. This hook will be missing some grad_input. Please use register_full_backward_hook to get the documented behavior.
  warnings.warn("Using a non-full backward hook when the forward contains multiple autograd Nodes "
[92mINFO [0m:      Sent reply
01/28/2025 14:23:15:INFO:Sent reply
[92mINFO [0m:      
01/28/2025 14:56:29:INFO:
[92mINFO [0m:      [RUN 0, ROUND ]
01/28/2025 14:56:29:INFO:[RUN 0, ROUND ]
[92mINFO [0m:      Received: evaluate message 56b5e3a6-a836-4e31-a5ce-53a86be20883
01/28/2025 14:56:29:INFO:Received: evaluate message 56b5e3a6-a836-4e31-a5ce-53a86be20883
[92mINFO [0m:      Sent reply
01/28/2025 14:59:57:INFO:Sent reply
[92mINFO [0m:      
01/28/2025 15:01:32:INFO:
[92mINFO [0m:      [RUN 0, ROUND ]
01/28/2025 15:01:32:INFO:[RUN 0, ROUND ]
[92mINFO [0m:      Received: train message 2edfb004-fbc1-40cf-a46b-74893b74bec9
01/28/2025 15:01:32:INFO:Received: train message 2edfb004-fbc1-40cf-a46b-74893b74bec9
/home/dgxuser16/.local/lib/python3.8/site-packages/torch/nn/modules/module.py:1359: UserWarning: Using a non-full backward hook when the forward contains multiple autograd Nodes is deprecated and will be removed in future versions. This hook will be missing some grad_input. Please use register_full_backward_hook to get the documented behavior.
  warnings.warn("Using a non-full backward hook when the forward contains multiple autograd Nodes "
[92mINFO [0m:      Sent reply
01/28/2025 15:03:55:INFO:Sent reply
[92mINFO [0m:      
01/28/2025 15:22:30:INFO:
[92mINFO [0m:      [RUN 0, ROUND ]
01/28/2025 15:22:30:INFO:[RUN 0, ROUND ]
[92mINFO [0m:      Received: evaluate message 5bebf58e-d913-4aa5-8a7f-d500e0a737ae
01/28/2025 15:22:30:INFO:Received: evaluate message 5bebf58e-d913-4aa5-8a7f-d500e0a737ae

{'loss': [1.6900447713623017, 1.6200207814640255, 1.5653510015912464, 1.5503206903109663, 1.531454744667379, 1.495392064341508, 1.4951688798742337, 1.4937441075851587, 1.5138965205132264, 1.4726980906842555, 1.4792252174078626, 1.47882433389878, 1.4742726371310384, 1.4762130140826148, 1.4727863060386248, 1.4930763271514609, 1.4669552022201902, 1.4585872890965572, 1.4509569555821076, 1.4234346122065715, 1.4363462313307518, 1.4238173261890956], 'accuracy': [0.4289166331051148, 0.49697946033024565, 0.5304067660088603, 0.5501409585179219, 0.5614176399516714, 0.5698751510269835, 0.5775271848570278, 0.5803463552154652, 0.5819573097060008, 0.5884011276681433, 0.5920257752718485, 0.5936367297623842, 0.5948449456302859, 0.5916230366492147, 0.5964559001208216, 0.599275070479259, 0.6000805477245268, 0.6000805477245268, 0.599275070479259, 0.603705195328232, 0.6016915022150624, 0.6069271043093033], 'auc': [0.6836437826488786, 0.7193702350502433, 0.7411763249990546, 0.7591763445479134, 0.7698641286799174, 0.7772493072393372, 0.7844971780330663, 0.7922772055040708, 0.7944170434063611, 0.8006586339919941, 0.7995045072414405, 0.801438904597928, 0.8024453735221511, 0.7999357316614879, 0.7992317166380531, 0.7991042322316593, 0.8029706156695593, 0.8051357786661537, 0.8125363968181865, 0.8156583392326584, 0.8145853972460633, 0.8160452923374114]}

Epsilon = 7.30

{'loss': [1.6900447713623017, 1.6200207814640255, 1.5653510015912464, 1.5503206903109663, 1.531454744667379, 1.495392064341508, 1.4951688798742337, 1.4937441075851587, 1.5138965205132264, 1.4726980906842555, 1.4792252174078626, 1.47882433389878, 1.4742726371310384, 1.4762130140826148, 1.4727863060386248, 1.4930763271514609, 1.4669552022201902, 1.4585872890965572, 1.4509569555821076, 1.4234346122065715, 1.4363462313307518, 1.4238173261890956, 1.4324777076381663], 'accuracy': [0.4289166331051148, 0.49697946033024565, 0.5304067660088603, 0.5501409585179219, 0.5614176399516714, 0.5698751510269835, 0.5775271848570278, 0.5803463552154652, 0.5819573097060008, 0.5884011276681433, 0.5920257752718485, 0.5936367297623842, 0.5948449456302859, 0.5916230366492147, 0.5964559001208216, 0.599275070479259, 0.6000805477245268, 0.6000805477245268, 0.599275070479259, 0.603705195328232, 0.6016915022150624, 0.6069271043093033, 0.6077325815545711], 'auc': [0.6836437826488786, 0.7193702350502433, 0.7411763249990546, 0.7591763445479134, 0.7698641286799174, 0.7772493072393372, 0.7844971780330663, 0.7922772055040708, 0.7944170434063611, 0.8006586339919941, 0.7995045072414405, 0.801438904597928, 0.8024453735221511, 0.7999357316614879, 0.7992317166380531, 0.7991042322316593, 0.8029706156695593, 0.8051357786661537, 0.8125363968181865, 0.8156583392326584, 0.8145853972460633, 0.8160452923374114, 0.8159423202320883]}

Epsilon = 7.48

{'loss': [1.6900447713623017, 1.6200207814640255, 1.5653510015912464, 1.5503206903109663, 1.531454744667379, 1.495392064341508, 1.4951688798742337, 1.4937441075851587, 1.5138965205132264, 1.4726980906842555, 1.4792252174078626, 1.47882433389878, 1.4742726371310384, 1.4762130140826148, 1.4727863060386248, 1.4930763271514609, 1.4669552022201902, 1.4585872890965572, 1.4509569555821076, 1.4234346122065715, 1.4363462313307518, 1.4238173261890956, 1.4324777076381663, 1.4539187503254707], 'accuracy': [0.4289166331051148, 0.49697946033024565, 0.5304067660088603, 0.5501409585179219, 0.5614176399516714, 0.5698751510269835, 0.5775271848570278, 0.5803463552154652, 0.5819573097060008, 0.5884011276681433, 0.5920257752718485, 0.5936367297623842, 0.5948449456302859, 0.5916230366492147, 0.5964559001208216, 0.599275070479259, 0.6000805477245268, 0.6000805477245268, 0.599275070479259, 0.603705195328232, 0.6016915022150624, 0.6069271043093033, 0.6077325815545711, 0.6045106725734998], 'auc': [0.6836437826488786, 0.7193702350502433, 0.7411763249990546, 0.7591763445479134, 0.7698641286799174, 0.7772493072393372, 0.7844971780330663, 0.7922772055040708, 0.7944170434063611, 0.8006586339919941, 0.7995045072414405, 0.801438904597928, 0.8024453735221511, 0.7999357316614879, 0.7992317166380531, 0.7991042322316593, 0.8029706156695593, 0.8051357786661537, 0.8125363968181865, 0.8156583392326584, 0.8145853972460633, 0.8160452923374114, 0.8159423202320883, 0.8183572499691558]}

Epsilon = 7.66

{'loss': [1.6900447713623017, 1.6200207814640255, 1.5653510015912464, 1.5503206903109663, 1.531454744667379, 1.495392064341508, 1.4951688798742337, 1.4937441075851587, 1.5138965205132264, 1.4726980906842555, 1.4792252174078626, 1.47882433389878, 1.4742726371310384, 1.4762130140826148, 1.4727863060386248, 1.4930763271514609, 1.4669552022201902, 1.4585872890965572, 1.4509569555821076, 1.4234346122065715, 1.4363462313307518, 1.4238173261890956, 1.4324777076381663, 1.4539187503254707, 1.451932415480197], 'accuracy': [0.4289166331051148, 0.49697946033024565, 0.5304067660088603, 0.5501409585179219, 0.5614176399516714, 0.5698751510269835, 0.5775271848570278, 0.5803463552154652, 0.5819573097060008, 0.5884011276681433, 0.5920257752718485, 0.5936367297623842, 0.5948449456302859, 0.5916230366492147, 0.5964559001208216, 0.599275070479259, 0.6000805477245268, 0.6000805477245268, 0.599275070479259, 0.603705195328232, 0.6016915022150624, 0.6069271043093033, 0.6077325815545711, 0.6045106725734998, 0.6024969794603302], 'auc': [0.6836437826488786, 0.7193702350502433, 0.7411763249990546, 0.7591763445479134, 0.7698641286799174, 0.7772493072393372, 0.7844971780330663, 0.7922772055040708, 0.7944170434063611, 0.8006586339919941, 0.7995045072414405, 0.801438904597928, 0.8024453735221511, 0.7999357316614879, 0.7992317166380531, 0.7991042322316593, 0.8029706156695593, 0.8051357786661537, 0.8125363968181865, 0.8156583392326584, 0.8145853972460633, 0.8160452923374114, 0.8159423202320883, 0.8183572499691558, 0.8177142434824742]}

Epsilon = 7.84

{'loss': [1.6900447713623017, 1.6200207814640255, 1.5653510015912464, 1.5503206903109663, 1.531454744667379, 1.495392064341508, 1.4951688798742337, 1.4937441075851587, 1.5138965205132264, 1.4726980906842555, 1.4792252174078626, 1.47882433389878, 1.4742726371310384, 1.4762130140826148, 1.4727863060386248, 1.4930763271514609, 1.4669552022201902, 1.4585872890965572, 1.4509569555821076, 1.4234346122065715, 1.4363462313307518, 1.4238173261890956, 1.4324777076381663, 1.4539187503254707, 1.451932415480197, 1.460695719195622], 'accuracy': [0.4289166331051148, 0.49697946033024565, 0.5304067660088603, 0.5501409585179219, 0.5614176399516714, 0.5698751510269835, 0.5775271848570278, 0.5803463552154652, 0.5819573097060008, 0.5884011276681433, 0.5920257752718485, 0.5936367297623842, 0.5948449456302859, 0.5916230366492147, 0.5964559001208216, 0.599275070479259, 0.6000805477245268, 0.6000805477245268, 0.599275070479259, 0.603705195328232, 0.6016915022150624, 0.6069271043093033, 0.6077325815545711, 0.6045106725734998, 0.6024969794603302, 0.6016915022150624], 'auc': [0.6836437826488786, 0.7193702350502433, 0.7411763249990546, 0.7591763445479134, 0.7698641286799174, 0.7772493072393372, 0.7844971780330663, 0.7922772055040708, 0.7944170434063611, 0.8006586339919941, 0.7995045072414405, 0.801438904597928, 0.8024453735221511, 0.7999357316614879, 0.7992317166380531, 0.7991042322316593, 0.8029706156695593, 0.8051357786661537, 0.8125363968181865, 0.8156583392326584, 0.8145853972460633, 0.8160452923374114, 0.8159423202320883, 0.8183572499691558, 0.8177142434824742, 0.816347834034385]}

Epsilon = 8.01
[92mINFO [0m:      Sent reply
01/28/2025 15:26:41:INFO:Sent reply
[92mINFO [0m:      
01/28/2025 15:27:14:INFO:
[92mINFO [0m:      [RUN 0, ROUND ]
01/28/2025 15:27:14:INFO:[RUN 0, ROUND ]
[92mINFO [0m:      Received: train message d5cd71c5-a5c5-4363-9375-381d81761eaf
01/28/2025 15:27:14:INFO:Received: train message d5cd71c5-a5c5-4363-9375-381d81761eaf
/home/dgxuser16/.local/lib/python3.8/site-packages/torch/nn/modules/module.py:1359: UserWarning: Using a non-full backward hook when the forward contains multiple autograd Nodes is deprecated and will be removed in future versions. This hook will be missing some grad_input. Please use register_full_backward_hook to get the documented behavior.
  warnings.warn("Using a non-full backward hook when the forward contains multiple autograd Nodes "
[92mINFO [0m:      Sent reply
01/28/2025 15:29:40:INFO:Sent reply
[92mINFO [0m:      
01/28/2025 15:48:56:INFO:
[92mINFO [0m:      [RUN 0, ROUND ]
01/28/2025 15:48:56:INFO:[RUN 0, ROUND ]
[92mINFO [0m:      Received: evaluate message 7749a950-1d0e-4ec4-9bb6-c615bd8ce0c4
01/28/2025 15:48:56:INFO:Received: evaluate message 7749a950-1d0e-4ec4-9bb6-c615bd8ce0c4
[92mINFO [0m:      Sent reply
01/28/2025 15:52:53:INFO:Sent reply
[92mINFO [0m:      
01/28/2025 15:53:38:INFO:
[92mINFO [0m:      [RUN 0, ROUND ]
01/28/2025 15:53:38:INFO:[RUN 0, ROUND ]
[92mINFO [0m:      Received: train message cba4ce6c-6bbb-48f6-b39b-b5ff4bca6890
01/28/2025 15:53:38:INFO:Received: train message cba4ce6c-6bbb-48f6-b39b-b5ff4bca6890
/home/dgxuser16/.local/lib/python3.8/site-packages/torch/nn/modules/module.py:1359: UserWarning: Using a non-full backward hook when the forward contains multiple autograd Nodes is deprecated and will be removed in future versions. This hook will be missing some grad_input. Please use register_full_backward_hook to get the documented behavior.
  warnings.warn("Using a non-full backward hook when the forward contains multiple autograd Nodes "
[92mINFO [0m:      Sent reply
01/28/2025 15:56:06:INFO:Sent reply
[92mINFO [0m:      
01/28/2025 16:15:43:INFO:
[92mINFO [0m:      [RUN 0, ROUND ]
01/28/2025 16:15:43:INFO:[RUN 0, ROUND ]
[92mINFO [0m:      Received: evaluate message ce139697-965f-4ce0-a261-ca39eb676f31
01/28/2025 16:15:43:INFO:Received: evaluate message ce139697-965f-4ce0-a261-ca39eb676f31
[92mINFO [0m:      Sent reply
01/28/2025 16:19:55:INFO:Sent reply
[92mINFO [0m:      
01/28/2025 16:20:35:INFO:
[92mINFO [0m:      [RUN 0, ROUND ]
01/28/2025 16:20:35:INFO:[RUN 0, ROUND ]
[92mINFO [0m:      Received: train message 82211282-6198-422b-9510-ea2957b1fcc9
01/28/2025 16:20:35:INFO:Received: train message 82211282-6198-422b-9510-ea2957b1fcc9
/home/dgxuser16/.local/lib/python3.8/site-packages/torch/nn/modules/module.py:1359: UserWarning: Using a non-full backward hook when the forward contains multiple autograd Nodes is deprecated and will be removed in future versions. This hook will be missing some grad_input. Please use register_full_backward_hook to get the documented behavior.
  warnings.warn("Using a non-full backward hook when the forward contains multiple autograd Nodes "
[92mINFO [0m:      Sent reply
01/28/2025 16:23:26:INFO:Sent reply
[92mINFO [0m:      
01/28/2025 16:42:25:INFO:
[92mINFO [0m:      [RUN 0, ROUND ]
01/28/2025 16:42:25:INFO:[RUN 0, ROUND ]
[92mINFO [0m:      Received: evaluate message 7cf24fd4-43b8-438c-bbe3-a5983b20586b
01/28/2025 16:42:25:INFO:Received: evaluate message 7cf24fd4-43b8-438c-bbe3-a5983b20586b
[92mINFO [0m:      Sent reply
01/28/2025 16:46:35:INFO:Sent reply
[92mINFO [0m:      
01/28/2025 16:46:49:INFO:
[92mINFO [0m:      [RUN 0, ROUND ]
01/28/2025 16:46:49:INFO:[RUN 0, ROUND ]
[92mINFO [0m:      Received: reconnect message 7d91b1c1-48d0-4a0a-903e-88ca59ddf70b
01/28/2025 16:46:49:INFO:Received: reconnect message 7d91b1c1-48d0-4a0a-903e-88ca59ddf70b
01/28/2025 16:46:49:DEBUG:gRPC channel closed
[92mINFO [0m:      Disconnect and shut down
01/28/2025 16:46:49:INFO:Disconnect and shut down

{'loss': [1.6900447713623017, 1.6200207814640255, 1.5653510015912464, 1.5503206903109663, 1.531454744667379, 1.495392064341508, 1.4951688798742337, 1.4937441075851587, 1.5138965205132264, 1.4726980906842555, 1.4792252174078626, 1.47882433389878, 1.4742726371310384, 1.4762130140826148, 1.4727863060386248, 1.4930763271514609, 1.4669552022201902, 1.4585872890965572, 1.4509569555821076, 1.4234346122065715, 1.4363462313307518, 1.4238173261890956, 1.4324777076381663, 1.4539187503254707, 1.451932415480197, 1.460695719195622, 1.4424101519719084], 'accuracy': [0.4289166331051148, 0.49697946033024565, 0.5304067660088603, 0.5501409585179219, 0.5614176399516714, 0.5698751510269835, 0.5775271848570278, 0.5803463552154652, 0.5819573097060008, 0.5884011276681433, 0.5920257752718485, 0.5936367297623842, 0.5948449456302859, 0.5916230366492147, 0.5964559001208216, 0.599275070479259, 0.6000805477245268, 0.6000805477245268, 0.599275070479259, 0.603705195328232, 0.6016915022150624, 0.6069271043093033, 0.6077325815545711, 0.6045106725734998, 0.6024969794603302, 0.6016915022150624, 0.6020942408376964], 'auc': [0.6836437826488786, 0.7193702350502433, 0.7411763249990546, 0.7591763445479134, 0.7698641286799174, 0.7772493072393372, 0.7844971780330663, 0.7922772055040708, 0.7944170434063611, 0.8006586339919941, 0.7995045072414405, 0.801438904597928, 0.8024453735221511, 0.7999357316614879, 0.7992317166380531, 0.7991042322316593, 0.8029706156695593, 0.8051357786661537, 0.8125363968181865, 0.8156583392326584, 0.8145853972460633, 0.8160452923374114, 0.8159423202320883, 0.8183572499691558, 0.8177142434824742, 0.816347834034385, 0.8179647120595211]}

Epsilon = 8.18

{'loss': [1.6900447713623017, 1.6200207814640255, 1.5653510015912464, 1.5503206903109663, 1.531454744667379, 1.495392064341508, 1.4951688798742337, 1.4937441075851587, 1.5138965205132264, 1.4726980906842555, 1.4792252174078626, 1.47882433389878, 1.4742726371310384, 1.4762130140826148, 1.4727863060386248, 1.4930763271514609, 1.4669552022201902, 1.4585872890965572, 1.4509569555821076, 1.4234346122065715, 1.4363462313307518, 1.4238173261890956, 1.4324777076381663, 1.4539187503254707, 1.451932415480197, 1.460695719195622, 1.4424101519719084, 1.4226932296146082], 'accuracy': [0.4289166331051148, 0.49697946033024565, 0.5304067660088603, 0.5501409585179219, 0.5614176399516714, 0.5698751510269835, 0.5775271848570278, 0.5803463552154652, 0.5819573097060008, 0.5884011276681433, 0.5920257752718485, 0.5936367297623842, 0.5948449456302859, 0.5916230366492147, 0.5964559001208216, 0.599275070479259, 0.6000805477245268, 0.6000805477245268, 0.599275070479259, 0.603705195328232, 0.6016915022150624, 0.6069271043093033, 0.6077325815545711, 0.6045106725734998, 0.6024969794603302, 0.6016915022150624, 0.6020942408376964, 0.6069271043093033], 'auc': [0.6836437826488786, 0.7193702350502433, 0.7411763249990546, 0.7591763445479134, 0.7698641286799174, 0.7772493072393372, 0.7844971780330663, 0.7922772055040708, 0.7944170434063611, 0.8006586339919941, 0.7995045072414405, 0.801438904597928, 0.8024453735221511, 0.7999357316614879, 0.7992317166380531, 0.7991042322316593, 0.8029706156695593, 0.8051357786661537, 0.8125363968181865, 0.8156583392326584, 0.8145853972460633, 0.8160452923374114, 0.8159423202320883, 0.8183572499691558, 0.8177142434824742, 0.816347834034385, 0.8179647120595211, 0.8242849580565619]}

Epsilon = 8.35

{'loss': [1.6900447713623017, 1.6200207814640255, 1.5653510015912464, 1.5503206903109663, 1.531454744667379, 1.495392064341508, 1.4951688798742337, 1.4937441075851587, 1.5138965205132264, 1.4726980906842555, 1.4792252174078626, 1.47882433389878, 1.4742726371310384, 1.4762130140826148, 1.4727863060386248, 1.4930763271514609, 1.4669552022201902, 1.4585872890965572, 1.4509569555821076, 1.4234346122065715, 1.4363462313307518, 1.4238173261890956, 1.4324777076381663, 1.4539187503254707, 1.451932415480197, 1.460695719195622, 1.4424101519719084, 1.4226932296146082, 1.4572676512151297], 'accuracy': [0.4289166331051148, 0.49697946033024565, 0.5304067660088603, 0.5501409585179219, 0.5614176399516714, 0.5698751510269835, 0.5775271848570278, 0.5803463552154652, 0.5819573097060008, 0.5884011276681433, 0.5920257752718485, 0.5936367297623842, 0.5948449456302859, 0.5916230366492147, 0.5964559001208216, 0.599275070479259, 0.6000805477245268, 0.6000805477245268, 0.599275070479259, 0.603705195328232, 0.6016915022150624, 0.6069271043093033, 0.6077325815545711, 0.6045106725734998, 0.6024969794603302, 0.6016915022150624, 0.6020942408376964, 0.6069271043093033, 0.6012887635924286], 'auc': [0.6836437826488786, 0.7193702350502433, 0.7411763249990546, 0.7591763445479134, 0.7698641286799174, 0.7772493072393372, 0.7844971780330663, 0.7922772055040708, 0.7944170434063611, 0.8006586339919941, 0.7995045072414405, 0.801438904597928, 0.8024453735221511, 0.7999357316614879, 0.7992317166380531, 0.7991042322316593, 0.8029706156695593, 0.8051357786661537, 0.8125363968181865, 0.8156583392326584, 0.8145853972460633, 0.8160452923374114, 0.8159423202320883, 0.8183572499691558, 0.8177142434824742, 0.816347834034385, 0.8179647120595211, 0.8242849580565619, 0.8229693969847882]}

Epsilon = 8.52

{'loss': [1.6900447713623017, 1.6200207814640255, 1.5653510015912464, 1.5503206903109663, 1.531454744667379, 1.495392064341508, 1.4951688798742337, 1.4937441075851587, 1.5138965205132264, 1.4726980906842555, 1.4792252174078626, 1.47882433389878, 1.4742726371310384, 1.4762130140826148, 1.4727863060386248, 1.4930763271514609, 1.4669552022201902, 1.4585872890965572, 1.4509569555821076, 1.4234346122065715, 1.4363462313307518, 1.4238173261890956, 1.4324777076381663, 1.4539187503254707, 1.451932415480197, 1.460695719195622, 1.4424101519719084, 1.4226932296146082, 1.4572676512151297, 1.454378774772956], 'accuracy': [0.4289166331051148, 0.49697946033024565, 0.5304067660088603, 0.5501409585179219, 0.5614176399516714, 0.5698751510269835, 0.5775271848570278, 0.5803463552154652, 0.5819573097060008, 0.5884011276681433, 0.5920257752718485, 0.5936367297623842, 0.5948449456302859, 0.5916230366492147, 0.5964559001208216, 0.599275070479259, 0.6000805477245268, 0.6000805477245268, 0.599275070479259, 0.603705195328232, 0.6016915022150624, 0.6069271043093033, 0.6077325815545711, 0.6045106725734998, 0.6024969794603302, 0.6016915022150624, 0.6020942408376964, 0.6069271043093033, 0.6012887635924286, 0.6053161498187676], 'auc': [0.6836437826488786, 0.7193702350502433, 0.7411763249990546, 0.7591763445479134, 0.7698641286799174, 0.7772493072393372, 0.7844971780330663, 0.7922772055040708, 0.7944170434063611, 0.8006586339919941, 0.7995045072414405, 0.801438904597928, 0.8024453735221511, 0.7999357316614879, 0.7992317166380531, 0.7991042322316593, 0.8029706156695593, 0.8051357786661537, 0.8125363968181865, 0.8156583392326584, 0.8145853972460633, 0.8160452923374114, 0.8159423202320883, 0.8183572499691558, 0.8177142434824742, 0.816347834034385, 0.8179647120595211, 0.8242849580565619, 0.8229693969847882, 0.8256280560775823]}



{'loss': [1.6900447713623017, 1.6200207814640255, 1.5653510015912464, 1.5503206903109663, 1.531454744667379, 1.495392064341508, 1.4951688798742337, 1.4937441075851587, 1.5138965205132264, 1.4726980906842555, 1.4792252174078626, 1.47882433389878, 1.4742726371310384, 1.4762130140826148, 1.4727863060386248, 1.4930763271514609, 1.4669552022201902, 1.4585872890965572, 1.4509569555821076, 1.4234346122065715, 1.4363462313307518, 1.4238173261890956, 1.4324777076381663, 1.4539187503254707, 1.451932415480197, 1.460695719195622, 1.4424101519719084, 1.4226932296146082, 1.4572676512151297, 1.454378774772956], 'accuracy': [0.4289166331051148, 0.49697946033024565, 0.5304067660088603, 0.5501409585179219, 0.5614176399516714, 0.5698751510269835, 0.5775271848570278, 0.5803463552154652, 0.5819573097060008, 0.5884011276681433, 0.5920257752718485, 0.5936367297623842, 0.5948449456302859, 0.5916230366492147, 0.5964559001208216, 0.599275070479259, 0.6000805477245268, 0.6000805477245268, 0.599275070479259, 0.603705195328232, 0.6016915022150624, 0.6069271043093033, 0.6077325815545711, 0.6045106725734998, 0.6024969794603302, 0.6016915022150624, 0.6020942408376964, 0.6069271043093033, 0.6012887635924286, 0.6053161498187676], 'auc': [0.6836437826488786, 0.7193702350502433, 0.7411763249990546, 0.7591763445479134, 0.7698641286799174, 0.7772493072393372, 0.7844971780330663, 0.7922772055040708, 0.7944170434063611, 0.8006586339919941, 0.7995045072414405, 0.801438904597928, 0.8024453735221511, 0.7999357316614879, 0.7992317166380531, 0.7991042322316593, 0.8029706156695593, 0.8051357786661537, 0.8125363968181865, 0.8156583392326584, 0.8145853972460633, 0.8160452923374114, 0.8159423202320883, 0.8183572499691558, 0.8177142434824742, 0.816347834034385, 0.8179647120595211, 0.8242849580565619, 0.8229693969847882, 0.8256280560775823]}
