nohup: ignoring input
/home/dgxuser16/.local/lib/python3.8/site-packages/albumentations/__init__.py:13: UserWarning: A new version of Albumentations is available: 2.0.2 (you have 1.4.18). Upgrade using: pip install -U albumentations. To disable automatic update checks, set the environment variable NO_ALBUMENTATIONS_UPDATE to 1.
  check_for_updates()
/raid/home/dgxuser16/NTL/mccarthy/ahmad/github/adaptive_privacy_fl/fixed_dp/isic/version_02/flamby/datasets/fed_isic2019/dataset.py:222: DeprecationWarning: Flip is deprecated. Consider using HorizontalFlip, VerticalFlip, RandomRotate90 or D4.
  albumentations.Flip(p=0.5),
/home/dgxuser16/.local/lib/python3.8/site-packages/pydantic/main.py:214: DeprecationWarning: `max_holes` is deprecated. Use num_holes_range instead.
  validated_self = self.__pydantic_validator__.validate_python(data, self_instance=self)
/home/dgxuser16/.local/lib/python3.8/site-packages/pydantic/main.py:214: DeprecationWarning: `max_height` is deprecated. Use hole_height_range instead.
  validated_self = self.__pydantic_validator__.validate_python(data, self_instance=self)
/home/dgxuser16/.local/lib/python3.8/site-packages/pydantic/main.py:214: DeprecationWarning: `max_width` is deprecated. Use hole_width_range instead.
  validated_self = self.__pydantic_validator__.validate_python(data, self_instance=self)
/home/dgxuser16/.local/lib/python3.8/site-packages/albumentations/core/validation.py:45: DeprecationWarning: always_apply is deprecated. Use `p=1` if you want to always apply the transform. self.p will be set to 1.
  original_init(self, **validated_kwargs)
/home/dgxuser16/.local/lib/python3.8/site-packages/albumentations/core/validation.py:45: DeprecationWarning: always_apply is deprecated. Use `p=1` if you want to always apply the transform. self.p will be set to 1.
  original_init(self, **validated_kwargs)
/home/dgxuser16/.local/lib/python3.8/site-packages/opacus/privacy_engine.py:95: UserWarning: Secure RNG turned off. This is perfectly fine for experimentation as it allows for much faster training performance, but remember to turn it on and retrain one last time before production with ``secure_mode`` turned on.
  warnings.warn(
01/28/2025 02:50:17:DEBUG:Opened insecure gRPC connection (no certificates were passed)
01/28/2025 02:50:17:DEBUG:ChannelConnectivity.IDLE
01/28/2025 02:50:17:DEBUG:ChannelConnectivity.CONNECTING
01/28/2025 02:50:17:DEBUG:ChannelConnectivity.READY
[92mINFO [0m:      
01/28/2025 02:50:49:INFO:
[92mINFO [0m:      [RUN 0, ROUND ]
01/28/2025 02:50:49:INFO:[RUN 0, ROUND ]
[92mINFO [0m:      Received: train message be23dbbe-bc3e-4ba7-b922-79318adfbcb6
01/28/2025 02:50:49:INFO:Received: train message be23dbbe-bc3e-4ba7-b922-79318adfbcb6
/home/dgxuser16/.local/lib/python3.8/site-packages/torch/nn/modules/module.py:1359: UserWarning: Using a non-full backward hook when the forward contains multiple autograd Nodes is deprecated and will be removed in future versions. This hook will be missing some grad_input. Please use register_full_backward_hook to get the documented behavior.
  warnings.warn("Using a non-full backward hook when the forward contains multiple autograd Nodes "
[92mINFO [0m:      Sent reply
01/28/2025 02:54:56:INFO:Sent reply
[92mINFO [0m:      
01/28/2025 03:12:50:INFO:
[92mINFO [0m:      [RUN 0, ROUND ]
01/28/2025 03:12:50:INFO:[RUN 0, ROUND ]
[92mINFO [0m:      Received: evaluate message 77b68e23-3f2f-4edc-9658-224f9db6765b
01/28/2025 03:12:50:INFO:Received: evaluate message 77b68e23-3f2f-4edc-9658-224f9db6765b
[92mINFO [0m:      Sent reply
01/28/2025 03:17:04:INFO:Sent reply
[92mINFO [0m:      
01/28/2025 03:17:42:INFO:
[92mINFO [0m:      [RUN 0, ROUND ]
01/28/2025 03:17:42:INFO:[RUN 0, ROUND ]
[92mINFO [0m:      Received: train message 346d52bb-7df8-4090-a93a-1eaec244c64d
01/28/2025 03:17:42:INFO:Received: train message 346d52bb-7df8-4090-a93a-1eaec244c64d
/home/dgxuser16/.local/lib/python3.8/site-packages/torch/nn/modules/module.py:1359: UserWarning: Using a non-full backward hook when the forward contains multiple autograd Nodes is deprecated and will be removed in future versions. This hook will be missing some grad_input. Please use register_full_backward_hook to get the documented behavior.
  warnings.warn("Using a non-full backward hook when the forward contains multiple autograd Nodes "
[92mINFO [0m:      Sent reply
01/28/2025 03:21:58:INFO:Sent reply
[92mINFO [0m:      
01/28/2025 03:41:48:INFO:
[92mINFO [0m:      [RUN 0, ROUND ]
01/28/2025 03:41:48:INFO:[RUN 0, ROUND ]
[92mINFO [0m:      Received: evaluate message 358b7073-aabc-430f-9a8f-4ddc99207ee0
01/28/2025 03:41:48:INFO:Received: evaluate message 358b7073-aabc-430f-9a8f-4ddc99207ee0
[92mINFO [0m:      Sent reply
01/28/2025 03:46:20:INFO:Sent reply
[92mINFO [0m:      
01/28/2025 03:46:59:INFO:
[92mINFO [0m:      [RUN 0, ROUND ]
01/28/2025 03:46:59:INFO:[RUN 0, ROUND ]
[92mINFO [0m:      Received: train message f08a447e-410c-411f-a261-0f0794cf70f5
01/28/2025 03:46:59:INFO:Received: train message f08a447e-410c-411f-a261-0f0794cf70f5
/home/dgxuser16/.local/lib/python3.8/site-packages/torch/nn/modules/module.py:1359: UserWarning: Using a non-full backward hook when the forward contains multiple autograd Nodes is deprecated and will be removed in future versions. This hook will be missing some grad_input. Please use register_full_backward_hook to get the documented behavior.
  warnings.warn("Using a non-full backward hook when the forward contains multiple autograd Nodes "
[92mINFO [0m:      Sent reply
01/28/2025 03:51:36:INFO:Sent reply
[92mINFO [0m:      
01/28/2025 04:10:38:INFO:
[92mINFO [0m:      [RUN 0, ROUND ]
01/28/2025 04:10:38:INFO:[RUN 0, ROUND ]
[92mINFO [0m:      Received: evaluate message d6cd0248-bd85-4855-9359-ddde94f9b42e
01/28/2025 04:10:38:INFO:Received: evaluate message d6cd0248-bd85-4855-9359-ddde94f9b42e
[92mINFO [0m:      Sent reply
01/28/2025 04:14:42:INFO:Sent reply
[92mINFO [0m:      
01/28/2025 04:15:10:INFO:
[92mINFO [0m:      [RUN 0, ROUND ]
01/28/2025 04:15:10:INFO:[RUN 0, ROUND ]
[92mINFO [0m:      Received: train message b9616a43-0fb3-48c7-b23b-a206dfc75eed
01/28/2025 04:15:10:INFO:Received: train message b9616a43-0fb3-48c7-b23b-a206dfc75eed
/home/dgxuser16/.local/lib/python3.8/site-packages/torch/nn/modules/module.py:1359: UserWarning: Using a non-full backward hook when the forward contains multiple autograd Nodes is deprecated and will be removed in future versions. This hook will be missing some grad_input. Please use register_full_backward_hook to get the documented behavior.
  warnings.warn("Using a non-full backward hook when the forward contains multiple autograd Nodes "
[92mINFO [0m:      Sent reply
01/28/2025 04:19:17:INFO:Sent reply
[92mINFO [0m:      
01/28/2025 04:37:02:INFO:
[92mINFO [0m:      [RUN 0, ROUND ]
01/28/2025 04:37:02:INFO:[RUN 0, ROUND ]
[92mINFO [0m:      Received: evaluate message 89cfd664-c916-44a6-8362-ddfabb9b737f
01/28/2025 04:37:02:INFO:Received: evaluate message 89cfd664-c916-44a6-8362-ddfabb9b737f
[92mINFO [0m:      Sent reply
01/28/2025 04:41:06:INFO:Sent reply
[92mINFO [0m:      
01/28/2025 04:41:28:INFO:
[92mINFO [0m:      [RUN 0, ROUND ]
01/28/2025 04:41:28:INFO:[RUN 0, ROUND ]
[92mINFO [0m:      Received: train message fd78d7cd-3d1e-4aa7-a559-178c5e163128
01/28/2025 04:41:28:INFO:Received: train message fd78d7cd-3d1e-4aa7-a559-178c5e163128
/home/dgxuser16/.local/lib/python3.8/site-packages/torch/nn/modules/module.py:1359: UserWarning: Using a non-full backward hook when the forward contains multiple autograd Nodes is deprecated and will be removed in future versions. This hook will be missing some grad_input. Please use register_full_backward_hook to get the documented behavior.
  warnings.warn("Using a non-full backward hook when the forward contains multiple autograd Nodes "
[92mINFO [0m:      Sent reply
01/28/2025 04:45:29:INFO:Sent reply
[92mINFO [0m:      
01/28/2025 05:03:20:INFO:
[92mINFO [0m:      [RUN 0, ROUND ]
01/28/2025 05:03:20:INFO:[RUN 0, ROUND ]
[92mINFO [0m:      Received: evaluate message 9d1bb0fd-b39e-4114-92b7-463fdea278b2
01/28/2025 05:03:20:INFO:Received: evaluate message 9d1bb0fd-b39e-4114-92b7-463fdea278b2
[92mINFO [0m:      Sent reply
01/28/2025 05:07:39:INFO:Sent reply
[92mINFO [0m:      
01/28/2025 05:07:57:INFO:
[92mINFO [0m:      [RUN 0, ROUND ]
01/28/2025 05:07:57:INFO:[RUN 0, ROUND ]
[92mINFO [0m:      Received: train message 814a742d-1d18-4609-9046-dde74e390640
01/28/2025 05:07:57:INFO:Received: train message 814a742d-1d18-4609-9046-dde74e390640
/home/dgxuser16/.local/lib/python3.8/site-packages/torch/nn/modules/module.py:1359: UserWarning: Using a non-full backward hook when the forward contains multiple autograd Nodes is deprecated and will be removed in future versions. This hook will be missing some grad_input. Please use register_full_backward_hook to get the documented behavior.
  warnings.warn("Using a non-full backward hook when the forward contains multiple autograd Nodes "
[92mINFO [0m:      Sent reply
01/28/2025 05:11:57:INFO:Sent reply
[92mINFO [0m:      
01/28/2025 05:28:58:INFO:
[92mINFO [0m:      [RUN 0, ROUND ]
01/28/2025 05:28:58:INFO:[RUN 0, ROUND ]
[92mINFO [0m:      Received: evaluate message ad5d0239-dcdc-4888-9f46-77c340f89ab2
01/28/2025 05:28:58:INFO:Received: evaluate message ad5d0239-dcdc-4888-9f46-77c340f89ab2
[92mINFO [0m:      Sent reply
01/28/2025 05:32:30:INFO:Sent reply
[92mINFO [0m:      
01/28/2025 05:33:52:INFO:
[92mINFO [0m:      [RUN 0, ROUND ]
01/28/2025 05:33:52:INFO:[RUN 0, ROUND ]
[92mINFO [0m:      Received: train message dfb69018-63d1-4de8-bbfc-a6d1a1a8276b
01/28/2025 05:33:52:INFO:Received: train message dfb69018-63d1-4de8-bbfc-a6d1a1a8276b
/home/dgxuser16/.local/lib/python3.8/site-packages/torch/nn/modules/module.py:1359: UserWarning: Using a non-full backward hook when the forward contains multiple autograd Nodes is deprecated and will be removed in future versions. This hook will be missing some grad_input. Please use register_full_backward_hook to get the documented behavior.
  warnings.warn("Using a non-full backward hook when the forward contains multiple autograd Nodes "
[92mINFO [0m:      Sent reply
01/28/2025 05:38:11:INFO:Sent reply
[92mINFO [0m:      
01/28/2025 05:55:24:INFO:
[92mINFO [0m:      [RUN 0, ROUND ]
01/28/2025 05:55:24:INFO:[RUN 0, ROUND ]
[92mINFO [0m:      Received: evaluate message a61477d6-6aff-43ef-b222-48ef18f69bf5
01/28/2025 05:55:24:INFO:Received: evaluate message a61477d6-6aff-43ef-b222-48ef18f69bf5
[92mINFO [0m:      Sent reply
01/28/2025 05:59:35:INFO:Sent reply
[92mINFO [0m:      
01/28/2025 06:00:13:INFO:
[92mINFO [0m:      [RUN 0, ROUND ]
01/28/2025 06:00:13:INFO:[RUN 0, ROUND ]
[92mINFO [0m:      Received: train message f7788bd3-00ae-4e86-99fd-d031ed913ad8
01/28/2025 06:00:13:INFO:Received: train message f7788bd3-00ae-4e86-99fd-d031ed913ad8
/home/dgxuser16/.local/lib/python3.8/site-packages/torch/nn/modules/module.py:1359: UserWarning: Using a non-full backward hook when the forward contains multiple autograd Nodes is deprecated and will be removed in future versions. This hook will be missing some grad_input. Please use register_full_backward_hook to get the documented behavior.
  warnings.warn("Using a non-full backward hook when the forward contains multiple autograd Nodes "
[92mINFO [0m:      Sent reply
01/28/2025 06:04:31:INFO:Sent reply
[92mINFO [0m:      
01/28/2025 06:22:13:INFO:
[92mINFO [0m:      [RUN 0, ROUND ]
01/28/2025 06:22:13:INFO:[RUN 0, ROUND ]
[92mINFO [0m:      Received: evaluate message b6b98ac5-a664-4cc4-942a-0d12574ba1d8
01/28/2025 06:22:13:INFO:Received: evaluate message b6b98ac5-a664-4cc4-942a-0d12574ba1d8
[92mINFO [0m:      Sent reply
01/28/2025 06:26:30:INFO:Sent reply
[92mINFO [0m:      
01/28/2025 06:26:57:INFO:
[92mINFO [0m:      [RUN 0, ROUND ]
01/28/2025 06:26:57:INFO:[RUN 0, ROUND ]
[92mINFO [0m:      Received: train message 98a230bc-ec5b-4c5a-aec5-8f5f8fc52e25
01/28/2025 06:26:57:INFO:Received: train message 98a230bc-ec5b-4c5a-aec5-8f5f8fc52e25
/home/dgxuser16/.local/lib/python3.8/site-packages/torch/nn/modules/module.py:1359: UserWarning: Using a non-full backward hook when the forward contains multiple autograd Nodes is deprecated and will be removed in future versions. This hook will be missing some grad_input. Please use register_full_backward_hook to get the documented behavior.
  warnings.warn("Using a non-full backward hook when the forward contains multiple autograd Nodes "
[92mINFO [0m:      Sent reply
01/28/2025 06:31:06:INFO:Sent reply
[92mINFO [0m:      
01/28/2025 06:47:47:INFO:
[92mINFO [0m:      [RUN 0, ROUND ]
01/28/2025 06:47:47:INFO:[RUN 0, ROUND ]
[92mINFO [0m:      Received: evaluate message edafc77b-ba07-4663-a51b-76ec925a306a
01/28/2025 06:47:47:INFO:Received: evaluate message edafc77b-ba07-4663-a51b-76ec925a306a
[92mINFO [0m:      Sent reply
01/28/2025 06:51:53:INFO:Sent reply
[92mINFO [0m:      
01/28/2025 06:52:40:INFO:
[92mINFO [0m:      [RUN 0, ROUND ]
01/28/2025 06:52:40:INFO:[RUN 0, ROUND ]
[92mINFO [0m:      Received: train message cfdbb987-45b3-41f2-8e45-22c6f50d3ea9
01/28/2025 06:52:40:INFO:Received: train message cfdbb987-45b3-41f2-8e45-22c6f50d3ea9
/home/dgxuser16/.local/lib/python3.8/site-packages/torch/nn/modules/module.py:1359: UserWarning: Using a non-full backward hook when the forward contains multiple autograd Nodes is deprecated and will be removed in future versions. This hook will be missing some grad_input. Please use register_full_backward_hook to get the documented behavior.
  warnings.warn("Using a non-full backward hook when the forward contains multiple autograd Nodes "
[92mINFO [0m:      Sent reply
01/28/2025 06:56:47:INFO:Sent reply
[92mINFO [0m:      
01/28/2025 07:13:54:INFO:
[92mINFO [0m:      [RUN 0, ROUND ]
01/28/2025 07:13:54:INFO:[RUN 0, ROUND ]
[92mINFO [0m:      Received: evaluate message b8ee836f-79fa-4bb4-bae1-940c142d6fc1
01/28/2025 07:13:54:INFO:Received: evaluate message b8ee836f-79fa-4bb4-bae1-940c142d6fc1
[92mINFO [0m:      Sent reply
01/28/2025 07:17:45:INFO:Sent reply
[92mINFO [0m:      
01/28/2025 07:18:29:INFO:
[92mINFO [0m:      [RUN 0, ROUND ]
01/28/2025 07:18:29:INFO:[RUN 0, ROUND ]
[92mINFO [0m:      Received: train message 911056b9-3636-4913-b007-b25e8d165efe
01/28/2025 07:18:29:INFO:Received: train message 911056b9-3636-4913-b007-b25e8d165efe
/home/dgxuser16/.local/lib/python3.8/site-packages/torch/nn/modules/module.py:1359: UserWarning: Using a non-full backward hook when the forward contains multiple autograd Nodes is deprecated and will be removed in future versions. This hook will be missing some grad_input. Please use register_full_backward_hook to get the documented behavior.
  warnings.warn("Using a non-full backward hook when the forward contains multiple autograd Nodes "
[92mINFO [0m:      Sent reply
01/28/2025 07:21:59:INFO:Sent reply
[92mINFO [0m:      
01/28/2025 07:40:48:INFO:
[92mINFO [0m:      [RUN 0, ROUND ]
01/28/2025 07:40:48:INFO:[RUN 0, ROUND ]
[92mINFO [0m:      Received: evaluate message eab29f13-d0f1-4e2f-b90c-fa276a58b93f
01/28/2025 07:40:48:INFO:Received: evaluate message eab29f13-d0f1-4e2f-b90c-fa276a58b93f
[92mINFO [0m:      Sent reply
01/28/2025 07:44:59:INFO:Sent reply
[92mINFO [0m:      
01/28/2025 07:45:27:INFO:
[92mINFO [0m:      [RUN 0, ROUND ]
01/28/2025 07:45:27:INFO:[RUN 0, ROUND ]
[92mINFO [0m:      Received: train message ff246c04-b909-489c-98f4-59be01d5275e
01/28/2025 07:45:27:INFO:Received: train message ff246c04-b909-489c-98f4-59be01d5275e
/home/dgxuser16/.local/lib/python3.8/site-packages/torch/nn/modules/module.py:1359: UserWarning: Using a non-full backward hook when the forward contains multiple autograd Nodes is deprecated and will be removed in future versions. This hook will be missing some grad_input. Please use register_full_backward_hook to get the documented behavior.
  warnings.warn("Using a non-full backward hook when the forward contains multiple autograd Nodes "
[92mINFO [0m:      Sent reply
01/28/2025 07:49:27:INFO:Sent reply
[92mINFO [0m:      
01/28/2025 08:07:11:INFO:
[92mINFO [0m:      [RUN 0, ROUND ]
01/28/2025 08:07:11:INFO:[RUN 0, ROUND ]
[92mINFO [0m:      Received: evaluate message 3ca24cd7-a06c-4044-8fea-97aa7bfb696e
01/28/2025 08:07:11:INFO:Received: evaluate message 3ca24cd7-a06c-4044-8fea-97aa7bfb696e
[92mINFO [0m:      Sent reply
01/28/2025 08:11:22:INFO:Sent reply
[92mINFO [0m:      
01/28/2025 08:11:58:INFO:
[92mINFO [0m:      [RUN 0, ROUND ]
01/28/2025 08:11:58:INFO:[RUN 0, ROUND ]
[92mINFO [0m:      Received: train message 645c3c53-fd38-47a2-90f1-b5cd5ca1609f
01/28/2025 08:11:58:INFO:Received: train message 645c3c53-fd38-47a2-90f1-b5cd5ca1609f
/home/dgxuser16/.local/lib/python3.8/site-packages/torch/nn/modules/module.py:1359: UserWarning: Using a non-full backward hook when the forward contains multiple autograd Nodes is deprecated and will be removed in future versions. This hook will be missing some grad_input. Please use register_full_backward_hook to get the documented behavior.
  warnings.warn("Using a non-full backward hook when the forward contains multiple autograd Nodes "
[92mINFO [0m:      Sent reply
01/28/2025 08:15:58:INFO:Sent reply
[92mINFO [0m:      
01/28/2025 08:33:42:INFO:
[92mINFO [0m:      [RUN 0, ROUND ]
01/28/2025 08:33:42:INFO:[RUN 0, ROUND ]
[92mINFO [0m:      Received: evaluate message 3ded99b2-a04c-47d2-ae3d-362dacb55328
01/28/2025 08:33:42:INFO:Received: evaluate message 3ded99b2-a04c-47d2-ae3d-362dacb55328
[92mINFO [0m:      Sent reply
01/28/2025 08:37:54:INFO:Sent reply
[92mINFO [0m:      
01/28/2025 08:38:15:INFO:
[92mINFO [0m:      [RUN 0, ROUND ]
01/28/2025 08:38:15:INFO:[RUN 0, ROUND ]
[92mINFO [0m:      Received: train message 1f045493-7945-4513-a055-aaeb62942e0d
01/28/2025 08:38:15:INFO:Received: train message 1f045493-7945-4513-a055-aaeb62942e0d
/home/dgxuser16/.local/lib/python3.8/site-packages/torch/nn/modules/module.py:1359: UserWarning: Using a non-full backward hook when the forward contains multiple autograd Nodes is deprecated and will be removed in future versions. This hook will be missing some grad_input. Please use register_full_backward_hook to get the documented behavior.
  warnings.warn("Using a non-full backward hook when the forward contains multiple autograd Nodes "
[92mINFO [0m:      Sent reply
01/28/2025 08:42:20:INFO:Sent reply
[92mINFO [0m:      
01/28/2025 09:00:03:INFO:
[92mINFO [0m:      [RUN 0, ROUND ]
01/28/2025 09:00:03:INFO:[RUN 0, ROUND ]
[92mINFO [0m:      Received: evaluate message 60a286fd-651d-471f-a207-8cc3880cd7bf
01/28/2025 09:00:03:INFO:Received: evaluate message 60a286fd-651d-471f-a207-8cc3880cd7bf
[92mINFO [0m:      Sent reply
01/28/2025 09:04:09:INFO:Sent reply
[92mINFO [0m:      
01/28/2025 09:04:20:INFO:
[92mINFO [0m:      [RUN 0, ROUND ]
01/28/2025 09:04:20:INFO:[RUN 0, ROUND ]
[92mINFO [0m:      Received: train message e7c080cf-6bbc-4f1b-9564-c23dac00118a
01/28/2025 09:04:20:INFO:Received: train message e7c080cf-6bbc-4f1b-9564-c23dac00118a
/home/dgxuser16/.local/lib/python3.8/site-packages/torch/nn/modules/module.py:1359: UserWarning: Using a non-full backward hook when the forward contains multiple autograd Nodes is deprecated and will be removed in future versions. This hook will be missing some grad_input. Please use register_full_backward_hook to get the documented behavior.
  warnings.warn("Using a non-full backward hook when the forward contains multiple autograd Nodes "
[92mINFO [0m:      Sent reply
01/28/2025 09:07:46:INFO:Sent reply
[92mINFO [0m:      
01/28/2025 09:25:31:INFO:
[92mINFO [0m:      [RUN 0, ROUND ]
01/28/2025 09:25:31:INFO:[RUN 0, ROUND ]
[92mINFO [0m:      Received: evaluate message 36563577-54c3-4347-ab67-9237354392db
01/28/2025 09:25:31:INFO:Received: evaluate message 36563577-54c3-4347-ab67-9237354392db
['/raid/home/dgxuser16/NTL/mccarthy/ahmad/github/adaptive_privacy_fl/fixed_dp/isic/version_02', '/home/dgxuser16/anaconda3/envs/ihpc/lib/python38.zip', '/home/dgxuser16/anaconda3/envs/ihpc/lib/python3.8', '/home/dgxuser16/anaconda3/envs/ihpc/lib/python3.8/lib-dynload', '/home/dgxuser16/.local/lib/python3.8/site-packages', '/home/dgxuser16/anaconda3/envs/ihpc/lib/python3.8/site-packages', '/raid/home/dgxuser16/NTL/mccarthy/ahmad/github/adaptive_privacy_fl/fixed_dp/isic/version_02']
Device: cuda:0
Params: {'batch_size': 32, 'local_epochs': 3, 'full_dataset_size': 18597, 'number_of_classes': 8}
Privacy Params: {'target_delta': 1e-05, 'noise_multiplier': 1.8, 'max_grad_norm': 1.0}
Epsilon = 0.97

{'loss': [1.6900447713623017], 'accuracy': [0.4289166331051148], 'auc': [0.6836437826488786]}

Epsilon = 1.36

{'loss': [1.6900447713623017, 1.6200207814640255], 'accuracy': [0.4289166331051148, 0.49697946033024565], 'auc': [0.6836437826488786, 0.7193702350502433]}

Epsilon = 1.67

{'loss': [1.6900447713623017, 1.6200207814640255, 1.5653510015912464], 'accuracy': [0.4289166331051148, 0.49697946033024565, 0.5304067660088603], 'auc': [0.6836437826488786, 0.7193702350502433, 0.7411763249990546]}

Epsilon = 1.93

{'loss': [1.6900447713623017, 1.6200207814640255, 1.5653510015912464, 1.5503206903109663], 'accuracy': [0.4289166331051148, 0.49697946033024565, 0.5304067660088603, 0.5501409585179219], 'auc': [0.6836437826488786, 0.7193702350502433, 0.7411763249990546, 0.7591763445479134]}

Epsilon = 2.17

{'loss': [1.6900447713623017, 1.6200207814640255, 1.5653510015912464, 1.5503206903109663, 1.531454744667379], 'accuracy': [0.4289166331051148, 0.49697946033024565, 0.5304067660088603, 0.5501409585179219, 0.5614176399516714], 'auc': [0.6836437826488786, 0.7193702350502433, 0.7411763249990546, 0.7591763445479134, 0.7698641286799174]}

Epsilon = 2.39

{'loss': [1.6900447713623017, 1.6200207814640255, 1.5653510015912464, 1.5503206903109663, 1.531454744667379, 1.495392064341508], 'accuracy': [0.4289166331051148, 0.49697946033024565, 0.5304067660088603, 0.5501409585179219, 0.5614176399516714, 0.5698751510269835], 'auc': [0.6836437826488786, 0.7193702350502433, 0.7411763249990546, 0.7591763445479134, 0.7698641286799174, 0.7772493072393372]}

Epsilon = 2.59

{'loss': [1.6900447713623017, 1.6200207814640255, 1.5653510015912464, 1.5503206903109663, 1.531454744667379, 1.495392064341508, 1.4951688798742337], 'accuracy': [0.4289166331051148, 0.49697946033024565, 0.5304067660088603, 0.5501409585179219, 0.5614176399516714, 0.5698751510269835, 0.5775271848570278], 'auc': [0.6836437826488786, 0.7193702350502433, 0.7411763249990546, 0.7591763445479134, 0.7698641286799174, 0.7772493072393372, 0.7844971780330663]}

Epsilon = 2.78

{'loss': [1.6900447713623017, 1.6200207814640255, 1.5653510015912464, 1.5503206903109663, 1.531454744667379, 1.495392064341508, 1.4951688798742337, 1.4937441075851587], 'accuracy': [0.4289166331051148, 0.49697946033024565, 0.5304067660088603, 0.5501409585179219, 0.5614176399516714, 0.5698751510269835, 0.5775271848570278, 0.5803463552154652], 'auc': [0.6836437826488786, 0.7193702350502433, 0.7411763249990546, 0.7591763445479134, 0.7698641286799174, 0.7772493072393372, 0.7844971780330663, 0.7922772055040708]}

Epsilon = 2.97

{'loss': [1.6900447713623017, 1.6200207814640255, 1.5653510015912464, 1.5503206903109663, 1.531454744667379, 1.495392064341508, 1.4951688798742337, 1.4937441075851587, 1.5138965205132264], 'accuracy': [0.4289166331051148, 0.49697946033024565, 0.5304067660088603, 0.5501409585179219, 0.5614176399516714, 0.5698751510269835, 0.5775271848570278, 0.5803463552154652, 0.5819573097060008], 'auc': [0.6836437826488786, 0.7193702350502433, 0.7411763249990546, 0.7591763445479134, 0.7698641286799174, 0.7772493072393372, 0.7844971780330663, 0.7922772055040708, 0.7944170434063611]}

Epsilon = 3.14

{'loss': [1.6900447713623017, 1.6200207814640255, 1.5653510015912464, 1.5503206903109663, 1.531454744667379, 1.495392064341508, 1.4951688798742337, 1.4937441075851587, 1.5138965205132264, 1.4726980906842555], 'accuracy': [0.4289166331051148, 0.49697946033024565, 0.5304067660088603, 0.5501409585179219, 0.5614176399516714, 0.5698751510269835, 0.5775271848570278, 0.5803463552154652, 0.5819573097060008, 0.5884011276681433], 'auc': [0.6836437826488786, 0.7193702350502433, 0.7411763249990546, 0.7591763445479134, 0.7698641286799174, 0.7772493072393372, 0.7844971780330663, 0.7922772055040708, 0.7944170434063611, 0.8006586339919941]}

Epsilon = 3.31

{'loss': [1.6900447713623017, 1.6200207814640255, 1.5653510015912464, 1.5503206903109663, 1.531454744667379, 1.495392064341508, 1.4951688798742337, 1.4937441075851587, 1.5138965205132264, 1.4726980906842555, 1.4792252174078626], 'accuracy': [0.4289166331051148, 0.49697946033024565, 0.5304067660088603, 0.5501409585179219, 0.5614176399516714, 0.5698751510269835, 0.5775271848570278, 0.5803463552154652, 0.5819573097060008, 0.5884011276681433, 0.5920257752718485], 'auc': [0.6836437826488786, 0.7193702350502433, 0.7411763249990546, 0.7591763445479134, 0.7698641286799174, 0.7772493072393372, 0.7844971780330663, 0.7922772055040708, 0.7944170434063611, 0.8006586339919941, 0.7995045072414405]}

Epsilon = 3.47

{'loss': [1.6900447713623017, 1.6200207814640255, 1.5653510015912464, 1.5503206903109663, 1.531454744667379, 1.495392064341508, 1.4951688798742337, 1.4937441075851587, 1.5138965205132264, 1.4726980906842555, 1.4792252174078626, 1.47882433389878], 'accuracy': [0.4289166331051148, 0.49697946033024565, 0.5304067660088603, 0.5501409585179219, 0.5614176399516714, 0.5698751510269835, 0.5775271848570278, 0.5803463552154652, 0.5819573097060008, 0.5884011276681433, 0.5920257752718485, 0.5936367297623842], 'auc': [0.6836437826488786, 0.7193702350502433, 0.7411763249990546, 0.7591763445479134, 0.7698641286799174, 0.7772493072393372, 0.7844971780330663, 0.7922772055040708, 0.7944170434063611, 0.8006586339919941, 0.7995045072414405, 0.801438904597928]}

Epsilon = 3.62

{'loss': [1.6900447713623017, 1.6200207814640255, 1.5653510015912464, 1.5503206903109663, 1.531454744667379, 1.495392064341508, 1.4951688798742337, 1.4937441075851587, 1.5138965205132264, 1.4726980906842555, 1.4792252174078626, 1.47882433389878, 1.4742726371310384], 'accuracy': [0.4289166331051148, 0.49697946033024565, 0.5304067660088603, 0.5501409585179219, 0.5614176399516714, 0.5698751510269835, 0.5775271848570278, 0.5803463552154652, 0.5819573097060008, 0.5884011276681433, 0.5920257752718485, 0.5936367297623842, 0.5948449456302859], 'auc': [0.6836437826488786, 0.7193702350502433, 0.7411763249990546, 0.7591763445479134, 0.7698641286799174, 0.7772493072393372, 0.7844971780330663, 0.7922772055040708, 0.7944170434063611, 0.8006586339919941, 0.7995045072414405, 0.801438904597928, 0.8024453735221511]}

Epsilon = 3.77

{'loss': [1.6900447713623017, 1.6200207814640255, 1.5653510015912464, 1.5503206903109663, 1.531454744667379, 1.495392064341508, 1.4951688798742337, 1.4937441075851587, 1.5138965205132264, 1.4726980906842555, 1.4792252174078626, 1.47882433389878, 1.4742726371310384, 1.4762130140826148], 'accuracy': [0.4289166331051148, 0.49697946033024565, 0.5304067660088603, 0.5501409585179219, 0.5614176399516714, 0.5698751510269835, 0.5775271848570278, 0.5803463552154652, 0.5819573097060008, 0.5884011276681433, 0.5920257752718485, 0.5936367297623842, 0.5948449456302859, 0.5916230366492147], 'auc': [0.6836437826488786, 0.7193702350502433, 0.7411763249990546, 0.7591763445479134, 0.7698641286799174, 0.7772493072393372, 0.7844971780330663, 0.7922772055040708, 0.7944170434063611, 0.8006586339919941, 0.7995045072414405, 0.801438904597928, 0.8024453735221511, 0.7999357316614879]}

Epsilon = 3.92
[92mINFO [0m:      Sent reply
01/28/2025 09:29:32:INFO:Sent reply
[92mINFO [0m:      
01/28/2025 09:29:49:INFO:
[92mINFO [0m:      [RUN 0, ROUND ]
01/28/2025 09:29:49:INFO:[RUN 0, ROUND ]
[92mINFO [0m:      Received: train message 9a291b90-e1af-42c7-abdf-5f5e51003d12
01/28/2025 09:29:49:INFO:Received: train message 9a291b90-e1af-42c7-abdf-5f5e51003d12
/home/dgxuser16/.local/lib/python3.8/site-packages/torch/nn/modules/module.py:1359: UserWarning: Using a non-full backward hook when the forward contains multiple autograd Nodes is deprecated and will be removed in future versions. This hook will be missing some grad_input. Please use register_full_backward_hook to get the documented behavior.
  warnings.warn("Using a non-full backward hook when the forward contains multiple autograd Nodes "
[92mINFO [0m:      Sent reply
01/28/2025 09:33:42:INFO:Sent reply
[92mINFO [0m:      
01/28/2025 09:51:36:INFO:
[92mINFO [0m:      [RUN 0, ROUND ]
01/28/2025 09:51:36:INFO:[RUN 0, ROUND ]
[92mINFO [0m:      Received: evaluate message a6921592-4815-4890-b183-536ed7a635ac
01/28/2025 09:51:36:INFO:Received: evaluate message a6921592-4815-4890-b183-536ed7a635ac
