nohup: ignoring input
/home/dgxuser16/.local/lib/python3.8/site-packages/albumentations/__init__.py:13: UserWarning: A new version of Albumentations is available: 2.0.2 (you have 1.4.18). Upgrade using: pip install -U albumentations. To disable automatic update checks, set the environment variable NO_ALBUMENTATIONS_UPDATE to 1.
  check_for_updates()
/raid/home/dgxuser16/NTL/mccarthy/ahmad/github/adaptive_privacy_fl/fixed_dp/isic/version_02/flamby/datasets/fed_isic2019/dataset.py:222: DeprecationWarning: Flip is deprecated. Consider using HorizontalFlip, VerticalFlip, RandomRotate90 or D4.
  albumentations.Flip(p=0.5),
/home/dgxuser16/.local/lib/python3.8/site-packages/pydantic/main.py:214: DeprecationWarning: `max_holes` is deprecated. Use num_holes_range instead.
  validated_self = self.__pydantic_validator__.validate_python(data, self_instance=self)
/home/dgxuser16/.local/lib/python3.8/site-packages/pydantic/main.py:214: DeprecationWarning: `max_height` is deprecated. Use hole_height_range instead.
  validated_self = self.__pydantic_validator__.validate_python(data, self_instance=self)
/home/dgxuser16/.local/lib/python3.8/site-packages/pydantic/main.py:214: DeprecationWarning: `max_width` is deprecated. Use hole_width_range instead.
  validated_self = self.__pydantic_validator__.validate_python(data, self_instance=self)
/home/dgxuser16/.local/lib/python3.8/site-packages/albumentations/core/validation.py:45: DeprecationWarning: always_apply is deprecated. Use `p=1` if you want to always apply the transform. self.p will be set to 1.
  original_init(self, **validated_kwargs)
/home/dgxuser16/.local/lib/python3.8/site-packages/albumentations/core/validation.py:45: DeprecationWarning: always_apply is deprecated. Use `p=1` if you want to always apply the transform. self.p will be set to 1.
  original_init(self, **validated_kwargs)
/home/dgxuser16/.local/lib/python3.8/site-packages/opacus/privacy_engine.py:95: UserWarning: Secure RNG turned off. This is perfectly fine for experimentation as it allows for much faster training performance, but remember to turn it on and retrain one last time before production with ``secure_mode`` turned on.
  warnings.warn(
01/28/2025 02:50:18:DEBUG:Opened insecure gRPC connection (no certificates were passed)
01/28/2025 02:50:18:DEBUG:ChannelConnectivity.IDLE
01/28/2025 02:50:18:DEBUG:ChannelConnectivity.CONNECTING
01/28/2025 02:50:18:DEBUG:ChannelConnectivity.READY
[92mINFO [0m:      
01/28/2025 02:50:37:INFO:
[92mINFO [0m:      [RUN 0, ROUND ]
01/28/2025 02:50:37:INFO:[RUN 0, ROUND ]
[92mINFO [0m:      Received: train message e36816cc-1be9-474c-9c2d-1c2d3454e653
01/28/2025 02:50:37:INFO:Received: train message e36816cc-1be9-474c-9c2d-1c2d3454e653
/home/dgxuser16/.local/lib/python3.8/site-packages/torch/nn/modules/module.py:1359: UserWarning: Using a non-full backward hook when the forward contains multiple autograd Nodes is deprecated and will be removed in future versions. This hook will be missing some grad_input. Please use register_full_backward_hook to get the documented behavior.
  warnings.warn("Using a non-full backward hook when the forward contains multiple autograd Nodes "
[92mINFO [0m:      Sent reply
01/28/2025 02:59:35:INFO:Sent reply
[92mINFO [0m:      
01/28/2025 03:12:54:INFO:
[92mINFO [0m:      [RUN 0, ROUND ]
01/28/2025 03:12:54:INFO:[RUN 0, ROUND ]
[92mINFO [0m:      Received: evaluate message c540db49-ee23-41e8-bec2-18d338ef5908
01/28/2025 03:12:54:INFO:Received: evaluate message c540db49-ee23-41e8-bec2-18d338ef5908
[92mINFO [0m:      Sent reply
01/28/2025 03:17:04:INFO:Sent reply
[92mINFO [0m:      
01/28/2025 03:17:28:INFO:
[92mINFO [0m:      [RUN 0, ROUND ]
01/28/2025 03:17:28:INFO:[RUN 0, ROUND ]
[92mINFO [0m:      Received: train message 62452919-1a60-487d-ac8d-0d934000868b
01/28/2025 03:17:28:INFO:Received: train message 62452919-1a60-487d-ac8d-0d934000868b
/home/dgxuser16/.local/lib/python3.8/site-packages/torch/nn/modules/module.py:1359: UserWarning: Using a non-full backward hook when the forward contains multiple autograd Nodes is deprecated and will be removed in future versions. This hook will be missing some grad_input. Please use register_full_backward_hook to get the documented behavior.
  warnings.warn("Using a non-full backward hook when the forward contains multiple autograd Nodes "
[92mINFO [0m:      Sent reply
01/28/2025 03:26:39:INFO:Sent reply
[92mINFO [0m:      
01/28/2025 03:41:45:INFO:
[92mINFO [0m:      [RUN 0, ROUND ]
01/28/2025 03:41:45:INFO:[RUN 0, ROUND ]
[92mINFO [0m:      Received: evaluate message d30a4a29-615a-45c7-a569-5f6994af8f47
01/28/2025 03:41:45:INFO:Received: evaluate message d30a4a29-615a-45c7-a569-5f6994af8f47
[92mINFO [0m:      Sent reply
01/28/2025 03:46:03:INFO:Sent reply
[92mINFO [0m:      
01/28/2025 03:47:07:INFO:
[92mINFO [0m:      [RUN 0, ROUND ]
01/28/2025 03:47:07:INFO:[RUN 0, ROUND ]
[92mINFO [0m:      Received: train message 35b7064d-de54-4552-8827-5e2b8961d752
01/28/2025 03:47:07:INFO:Received: train message 35b7064d-de54-4552-8827-5e2b8961d752
/home/dgxuser16/.local/lib/python3.8/site-packages/torch/nn/modules/module.py:1359: UserWarning: Using a non-full backward hook when the forward contains multiple autograd Nodes is deprecated and will be removed in future versions. This hook will be missing some grad_input. Please use register_full_backward_hook to get the documented behavior.
  warnings.warn("Using a non-full backward hook when the forward contains multiple autograd Nodes "
[92mINFO [0m:      Sent reply
01/28/2025 03:56:29:INFO:Sent reply
[92mINFO [0m:      
01/28/2025 04:10:36:INFO:
[92mINFO [0m:      [RUN 0, ROUND ]
01/28/2025 04:10:36:INFO:[RUN 0, ROUND ]
[92mINFO [0m:      Received: evaluate message 65643ba5-e531-4fe3-ae2d-88a8ce27c442
01/28/2025 04:10:36:INFO:Received: evaluate message 65643ba5-e531-4fe3-ae2d-88a8ce27c442
[92mINFO [0m:      Sent reply
01/28/2025 04:14:43:INFO:Sent reply
[92mINFO [0m:      
01/28/2025 04:15:13:INFO:
[92mINFO [0m:      [RUN 0, ROUND ]
01/28/2025 04:15:13:INFO:[RUN 0, ROUND ]
[92mINFO [0m:      Received: train message 71e6f5ab-e23a-4bcc-9d76-271354cb4621
01/28/2025 04:15:13:INFO:Received: train message 71e6f5ab-e23a-4bcc-9d76-271354cb4621
/home/dgxuser16/.local/lib/python3.8/site-packages/torch/nn/modules/module.py:1359: UserWarning: Using a non-full backward hook when the forward contains multiple autograd Nodes is deprecated and will be removed in future versions. This hook will be missing some grad_input. Please use register_full_backward_hook to get the documented behavior.
  warnings.warn("Using a non-full backward hook when the forward contains multiple autograd Nodes "
[92mINFO [0m:      Sent reply
01/28/2025 04:24:23:INFO:Sent reply
[92mINFO [0m:      
01/28/2025 04:36:49:INFO:
[92mINFO [0m:      [RUN 0, ROUND ]
01/28/2025 04:36:49:INFO:[RUN 0, ROUND ]
[92mINFO [0m:      Received: evaluate message 91094577-1949-47a5-bc54-3a1e728bc06c
01/28/2025 04:36:49:INFO:Received: evaluate message 91094577-1949-47a5-bc54-3a1e728bc06c
[92mINFO [0m:      Sent reply
01/28/2025 04:41:00:INFO:Sent reply
[92mINFO [0m:      
01/28/2025 04:41:28:INFO:
[92mINFO [0m:      [RUN 0, ROUND ]
01/28/2025 04:41:28:INFO:[RUN 0, ROUND ]
[92mINFO [0m:      Received: train message 39a1f733-bc35-4a26-985f-1ca78d5d314b
01/28/2025 04:41:28:INFO:Received: train message 39a1f733-bc35-4a26-985f-1ca78d5d314b
/home/dgxuser16/.local/lib/python3.8/site-packages/torch/nn/modules/module.py:1359: UserWarning: Using a non-full backward hook when the forward contains multiple autograd Nodes is deprecated and will be removed in future versions. This hook will be missing some grad_input. Please use register_full_backward_hook to get the documented behavior.
  warnings.warn("Using a non-full backward hook when the forward contains multiple autograd Nodes "
[92mINFO [0m:      Sent reply
01/28/2025 04:50:28:INFO:Sent reply
[92mINFO [0m:      
01/28/2025 05:03:19:INFO:
[92mINFO [0m:      [RUN 0, ROUND ]
01/28/2025 05:03:19:INFO:[RUN 0, ROUND ]
[92mINFO [0m:      Received: evaluate message da8884b3-3917-43a4-ac8f-0862b541f4fa
01/28/2025 05:03:19:INFO:Received: evaluate message da8884b3-3917-43a4-ac8f-0862b541f4fa
[92mINFO [0m:      Sent reply
01/28/2025 05:07:38:INFO:Sent reply
[92mINFO [0m:      
01/28/2025 05:07:52:INFO:
[92mINFO [0m:      [RUN 0, ROUND ]
01/28/2025 05:07:52:INFO:[RUN 0, ROUND ]
[92mINFO [0m:      Received: train message 37adb96b-dfd9-4d7c-9655-46da31cf1b9b
01/28/2025 05:07:52:INFO:Received: train message 37adb96b-dfd9-4d7c-9655-46da31cf1b9b
/home/dgxuser16/.local/lib/python3.8/site-packages/torch/nn/modules/module.py:1359: UserWarning: Using a non-full backward hook when the forward contains multiple autograd Nodes is deprecated and will be removed in future versions. This hook will be missing some grad_input. Please use register_full_backward_hook to get the documented behavior.
  warnings.warn("Using a non-full backward hook when the forward contains multiple autograd Nodes "
[92mINFO [0m:      Sent reply
01/28/2025 05:16:49:INFO:Sent reply
[92mINFO [0m:      
01/28/2025 05:29:03:INFO:
[92mINFO [0m:      [RUN 0, ROUND ]
01/28/2025 05:29:03:INFO:[RUN 0, ROUND ]
[92mINFO [0m:      Received: evaluate message e0fd92d2-8684-4626-95d1-5a388a4011ea
01/28/2025 05:29:03:INFO:Received: evaluate message e0fd92d2-8684-4626-95d1-5a388a4011ea
[92mINFO [0m:      Sent reply
01/28/2025 05:32:58:INFO:Sent reply
[92mINFO [0m:      
01/28/2025 05:33:41:INFO:
[92mINFO [0m:      [RUN 0, ROUND ]
01/28/2025 05:33:41:INFO:[RUN 0, ROUND ]
[92mINFO [0m:      Received: train message 0b86501d-d199-4d59-9f52-4c83b18154c5
01/28/2025 05:33:41:INFO:Received: train message 0b86501d-d199-4d59-9f52-4c83b18154c5
/home/dgxuser16/.local/lib/python3.8/site-packages/torch/nn/modules/module.py:1359: UserWarning: Using a non-full backward hook when the forward contains multiple autograd Nodes is deprecated and will be removed in future versions. This hook will be missing some grad_input. Please use register_full_backward_hook to get the documented behavior.
  warnings.warn("Using a non-full backward hook when the forward contains multiple autograd Nodes "
[92mINFO [0m:      Sent reply
01/28/2025 05:42:50:INFO:Sent reply
[92mINFO [0m:      
01/28/2025 05:55:24:INFO:
[92mINFO [0m:      [RUN 0, ROUND ]
01/28/2025 05:55:24:INFO:[RUN 0, ROUND ]
[92mINFO [0m:      Received: evaluate message d8c1f4c2-aa7f-4c38-a344-376a6cf24712
01/28/2025 05:55:24:INFO:Received: evaluate message d8c1f4c2-aa7f-4c38-a344-376a6cf24712
[92mINFO [0m:      Sent reply
01/28/2025 05:59:38:INFO:Sent reply
[92mINFO [0m:      
01/28/2025 06:00:05:INFO:
[92mINFO [0m:      [RUN 0, ROUND ]
01/28/2025 06:00:05:INFO:[RUN 0, ROUND ]
[92mINFO [0m:      Received: train message ec0cafb2-4a92-41bc-92ce-8028c44bf81d
01/28/2025 06:00:05:INFO:Received: train message ec0cafb2-4a92-41bc-92ce-8028c44bf81d
/home/dgxuser16/.local/lib/python3.8/site-packages/torch/nn/modules/module.py:1359: UserWarning: Using a non-full backward hook when the forward contains multiple autograd Nodes is deprecated and will be removed in future versions. This hook will be missing some grad_input. Please use register_full_backward_hook to get the documented behavior.
  warnings.warn("Using a non-full backward hook when the forward contains multiple autograd Nodes "
[92mINFO [0m:      Sent reply
01/28/2025 06:09:25:INFO:Sent reply
[92mINFO [0m:      
01/28/2025 06:22:06:INFO:
[92mINFO [0m:      [RUN 0, ROUND ]
01/28/2025 06:22:06:INFO:[RUN 0, ROUND ]
[92mINFO [0m:      Received: evaluate message 2e1824bb-fd01-4f70-9dae-f9e702f2874a
01/28/2025 06:22:06:INFO:Received: evaluate message 2e1824bb-fd01-4f70-9dae-f9e702f2874a
[92mINFO [0m:      Sent reply
01/28/2025 06:26:01:INFO:Sent reply
[92mINFO [0m:      
01/28/2025 06:27:00:INFO:
[92mINFO [0m:      [RUN 0, ROUND ]
01/28/2025 06:27:00:INFO:[RUN 0, ROUND ]
[92mINFO [0m:      Received: train message 0e5d526d-e718-4f6f-aa81-0647d32ecd54
01/28/2025 06:27:00:INFO:Received: train message 0e5d526d-e718-4f6f-aa81-0647d32ecd54
/home/dgxuser16/.local/lib/python3.8/site-packages/torch/nn/modules/module.py:1359: UserWarning: Using a non-full backward hook when the forward contains multiple autograd Nodes is deprecated and will be removed in future versions. This hook will be missing some grad_input. Please use register_full_backward_hook to get the documented behavior.
  warnings.warn("Using a non-full backward hook when the forward contains multiple autograd Nodes "
[92mINFO [0m:      Sent reply
01/28/2025 06:36:15:INFO:Sent reply
[92mINFO [0m:      
01/28/2025 06:47:53:INFO:
[92mINFO [0m:      [RUN 0, ROUND ]
01/28/2025 06:47:53:INFO:[RUN 0, ROUND ]
[92mINFO [0m:      Received: evaluate message 380deae4-b370-4ba7-8ef0-85b15ef84a73
01/28/2025 06:47:53:INFO:Received: evaluate message 380deae4-b370-4ba7-8ef0-85b15ef84a73
[92mINFO [0m:      Sent reply
01/28/2025 06:52:10:INFO:Sent reply
[92mINFO [0m:      
01/28/2025 06:52:22:INFO:
[92mINFO [0m:      [RUN 0, ROUND ]
01/28/2025 06:52:22:INFO:[RUN 0, ROUND ]
[92mINFO [0m:      Received: train message 11d1518d-ad81-4bd6-8068-5886947a4e14
01/28/2025 06:52:22:INFO:Received: train message 11d1518d-ad81-4bd6-8068-5886947a4e14
/home/dgxuser16/.local/lib/python3.8/site-packages/torch/nn/modules/module.py:1359: UserWarning: Using a non-full backward hook when the forward contains multiple autograd Nodes is deprecated and will be removed in future versions. This hook will be missing some grad_input. Please use register_full_backward_hook to get the documented behavior.
  warnings.warn("Using a non-full backward hook when the forward contains multiple autograd Nodes "
[92mINFO [0m:      Sent reply
01/28/2025 07:01:26:INFO:Sent reply
[92mINFO [0m:      
01/28/2025 07:13:57:INFO:
[92mINFO [0m:      [RUN 0, ROUND ]
01/28/2025 07:13:57:INFO:[RUN 0, ROUND ]
[92mINFO [0m:      Received: evaluate message 96e1a33b-dd3f-44c8-bd4c-c6768b7787f7
01/28/2025 07:13:57:INFO:Received: evaluate message 96e1a33b-dd3f-44c8-bd4c-c6768b7787f7
[92mINFO [0m:      Sent reply
01/28/2025 07:17:59:INFO:Sent reply
[92mINFO [0m:      
01/28/2025 07:18:39:INFO:
[92mINFO [0m:      [RUN 0, ROUND ]
01/28/2025 07:18:39:INFO:[RUN 0, ROUND ]
[92mINFO [0m:      Received: train message 0142e8b6-548a-48c2-a107-5bd48119aaa9
01/28/2025 07:18:39:INFO:Received: train message 0142e8b6-548a-48c2-a107-5bd48119aaa9
/home/dgxuser16/.local/lib/python3.8/site-packages/torch/nn/modules/module.py:1359: UserWarning: Using a non-full backward hook when the forward contains multiple autograd Nodes is deprecated and will be removed in future versions. This hook will be missing some grad_input. Please use register_full_backward_hook to get the documented behavior.
  warnings.warn("Using a non-full backward hook when the forward contains multiple autograd Nodes "
[92mINFO [0m:      Sent reply
01/28/2025 07:27:37:INFO:Sent reply
[92mINFO [0m:      
01/28/2025 07:40:52:INFO:
[92mINFO [0m:      [RUN 0, ROUND ]
01/28/2025 07:40:52:INFO:[RUN 0, ROUND ]
[92mINFO [0m:      Received: evaluate message d777f2e6-d996-4cfb-be19-47e61b23bd03
01/28/2025 07:40:52:INFO:Received: evaluate message d777f2e6-d996-4cfb-be19-47e61b23bd03
[92mINFO [0m:      Sent reply
01/28/2025 07:45:03:INFO:Sent reply
[92mINFO [0m:      
01/28/2025 07:45:24:INFO:
[92mINFO [0m:      [RUN 0, ROUND ]
01/28/2025 07:45:24:INFO:[RUN 0, ROUND ]
[92mINFO [0m:      Received: train message 0b7a12b6-9beb-4645-abda-ca54ba4703dc
01/28/2025 07:45:24:INFO:Received: train message 0b7a12b6-9beb-4645-abda-ca54ba4703dc
/home/dgxuser16/.local/lib/python3.8/site-packages/torch/nn/modules/module.py:1359: UserWarning: Using a non-full backward hook when the forward contains multiple autograd Nodes is deprecated and will be removed in future versions. This hook will be missing some grad_input. Please use register_full_backward_hook to get the documented behavior.
  warnings.warn("Using a non-full backward hook when the forward contains multiple autograd Nodes "
[92mINFO [0m:      Sent reply
01/28/2025 07:54:29:INFO:Sent reply
[92mINFO [0m:      
01/28/2025 08:07:14:INFO:
[92mINFO [0m:      [RUN 0, ROUND ]
01/28/2025 08:07:14:INFO:[RUN 0, ROUND ]
[92mINFO [0m:      Received: evaluate message 15635e6f-79fe-4849-a6cf-403b45b54796
01/28/2025 08:07:14:INFO:Received: evaluate message 15635e6f-79fe-4849-a6cf-403b45b54796
[92mINFO [0m:      Sent reply
01/28/2025 08:11:29:INFO:Sent reply
[92mINFO [0m:      
01/28/2025 08:11:51:INFO:
[92mINFO [0m:      [RUN 0, ROUND ]
01/28/2025 08:11:51:INFO:[RUN 0, ROUND ]
[92mINFO [0m:      Received: train message c89b98ce-4dad-4bac-9d0c-4332c21e02f1
01/28/2025 08:11:51:INFO:Received: train message c89b98ce-4dad-4bac-9d0c-4332c21e02f1
/home/dgxuser16/.local/lib/python3.8/site-packages/torch/nn/modules/module.py:1359: UserWarning: Using a non-full backward hook when the forward contains multiple autograd Nodes is deprecated and will be removed in future versions. This hook will be missing some grad_input. Please use register_full_backward_hook to get the documented behavior.
  warnings.warn("Using a non-full backward hook when the forward contains multiple autograd Nodes "
[92mINFO [0m:      Sent reply
01/28/2025 08:21:10:INFO:Sent reply
[92mINFO [0m:      
01/28/2025 08:33:42:INFO:
[92mINFO [0m:      [RUN 0, ROUND ]
01/28/2025 08:33:42:INFO:[RUN 0, ROUND ]
[92mINFO [0m:      Received: evaluate message 16b929b1-c597-437a-b9f8-6f9284feffe6
01/28/2025 08:33:42:INFO:Received: evaluate message 16b929b1-c597-437a-b9f8-6f9284feffe6
[92mINFO [0m:      Sent reply
01/28/2025 08:37:54:INFO:Sent reply
[92mINFO [0m:      
01/28/2025 08:38:07:INFO:
[92mINFO [0m:      [RUN 0, ROUND ]
01/28/2025 08:38:07:INFO:[RUN 0, ROUND ]
[92mINFO [0m:      Received: train message eda61a02-3413-4d2e-b83a-77abffff8969
01/28/2025 08:38:07:INFO:Received: train message eda61a02-3413-4d2e-b83a-77abffff8969
/home/dgxuser16/.local/lib/python3.8/site-packages/torch/nn/modules/module.py:1359: UserWarning: Using a non-full backward hook when the forward contains multiple autograd Nodes is deprecated and will be removed in future versions. This hook will be missing some grad_input. Please use register_full_backward_hook to get the documented behavior.
  warnings.warn("Using a non-full backward hook when the forward contains multiple autograd Nodes "
[92mINFO [0m:      Sent reply
01/28/2025 08:46:46:INFO:Sent reply
[92mINFO [0m:      
01/28/2025 08:59:54:INFO:
[92mINFO [0m:      [RUN 0, ROUND ]
01/28/2025 08:59:54:INFO:[RUN 0, ROUND ]
[92mINFO [0m:      Received: evaluate message 92eeb25c-0361-432b-ac57-a5095761e291
01/28/2025 08:59:54:INFO:Received: evaluate message 92eeb25c-0361-432b-ac57-a5095761e291
[92mINFO [0m:      Sent reply
01/28/2025 09:04:00:INFO:Sent reply
[92mINFO [0m:      
01/28/2025 09:04:40:INFO:
[92mINFO [0m:      [RUN 0, ROUND ]
01/28/2025 09:04:40:INFO:[RUN 0, ROUND ]
[92mINFO [0m:      Received: train message e7ee2964-cd4d-47b8-8fab-b05b30bf02c9
01/28/2025 09:04:40:INFO:Received: train message e7ee2964-cd4d-47b8-8fab-b05b30bf02c9
/home/dgxuser16/.local/lib/python3.8/site-packages/torch/nn/modules/module.py:1359: UserWarning: Using a non-full backward hook when the forward contains multiple autograd Nodes is deprecated and will be removed in future versions. This hook will be missing some grad_input. Please use register_full_backward_hook to get the documented behavior.
  warnings.warn("Using a non-full backward hook when the forward contains multiple autograd Nodes "
[92mINFO [0m:      Sent reply
01/28/2025 09:13:38:INFO:Sent reply
[92mINFO [0m:      
01/28/2025 09:25:13:INFO:
[92mINFO [0m:      [RUN 0, ROUND ]
01/28/2025 09:25:13:INFO:[RUN 0, ROUND ]
[92mINFO [0m:      Received: evaluate message bd997bd2-6d8e-4d75-b9f5-b7ae68135d06
01/28/2025 09:25:13:INFO:Received: evaluate message bd997bd2-6d8e-4d75-b9f5-b7ae68135d06
['/raid/home/dgxuser16/NTL/mccarthy/ahmad/github/adaptive_privacy_fl/fixed_dp/isic/version_02', '/home/dgxuser16/anaconda3/envs/ihpc/lib/python38.zip', '/home/dgxuser16/anaconda3/envs/ihpc/lib/python3.8', '/home/dgxuser16/anaconda3/envs/ihpc/lib/python3.8/lib-dynload', '/home/dgxuser16/.local/lib/python3.8/site-packages', '/home/dgxuser16/anaconda3/envs/ihpc/lib/python3.8/site-packages', '/raid/home/dgxuser16/NTL/mccarthy/ahmad/github/adaptive_privacy_fl/fixed_dp/isic/version_02']
Device: cuda:0
Params: {'batch_size': 32, 'local_epochs': 3, 'full_dataset_size': 18597, 'number_of_classes': 8}
Privacy Params: {'target_delta': 1e-05, 'noise_multiplier': 1.8, 'max_grad_norm': 1.0}
Epsilon = 0.54

{'loss': [1.6900447713623017], 'accuracy': [0.4289166331051148], 'auc': [0.6836437826488786]}

Epsilon = 0.76

{'loss': [1.6900447713623017, 1.6200207814640255], 'accuracy': [0.4289166331051148, 0.49697946033024565], 'auc': [0.6836437826488786, 0.7193702350502433]}

Epsilon = 0.94

{'loss': [1.6900447713623017, 1.6200207814640255, 1.5653510015912464], 'accuracy': [0.4289166331051148, 0.49697946033024565, 0.5304067660088603], 'auc': [0.6836437826488786, 0.7193702350502433, 0.7411763249990546]}

Epsilon = 1.09

{'loss': [1.6900447713623017, 1.6200207814640255, 1.5653510015912464, 1.5503206903109663], 'accuracy': [0.4289166331051148, 0.49697946033024565, 0.5304067660088603, 0.5501409585179219], 'auc': [0.6836437826488786, 0.7193702350502433, 0.7411763249990546, 0.7591763445479134]}

Epsilon = 1.23

{'loss': [1.6900447713623017, 1.6200207814640255, 1.5653510015912464, 1.5503206903109663, 1.531454744667379], 'accuracy': [0.4289166331051148, 0.49697946033024565, 0.5304067660088603, 0.5501409585179219, 0.5614176399516714], 'auc': [0.6836437826488786, 0.7193702350502433, 0.7411763249990546, 0.7591763445479134, 0.7698641286799174]}

Epsilon = 1.35

{'loss': [1.6900447713623017, 1.6200207814640255, 1.5653510015912464, 1.5503206903109663, 1.531454744667379, 1.495392064341508], 'accuracy': [0.4289166331051148, 0.49697946033024565, 0.5304067660088603, 0.5501409585179219, 0.5614176399516714, 0.5698751510269835], 'auc': [0.6836437826488786, 0.7193702350502433, 0.7411763249990546, 0.7591763445479134, 0.7698641286799174, 0.7772493072393372]}

Epsilon = 1.46

{'loss': [1.6900447713623017, 1.6200207814640255, 1.5653510015912464, 1.5503206903109663, 1.531454744667379, 1.495392064341508, 1.4951688798742337], 'accuracy': [0.4289166331051148, 0.49697946033024565, 0.5304067660088603, 0.5501409585179219, 0.5614176399516714, 0.5698751510269835, 0.5775271848570278], 'auc': [0.6836437826488786, 0.7193702350502433, 0.7411763249990546, 0.7591763445479134, 0.7698641286799174, 0.7772493072393372, 0.7844971780330663]}

Epsilon = 1.57

{'loss': [1.6900447713623017, 1.6200207814640255, 1.5653510015912464, 1.5503206903109663, 1.531454744667379, 1.495392064341508, 1.4951688798742337, 1.4937441075851587], 'accuracy': [0.4289166331051148, 0.49697946033024565, 0.5304067660088603, 0.5501409585179219, 0.5614176399516714, 0.5698751510269835, 0.5775271848570278, 0.5803463552154652], 'auc': [0.6836437826488786, 0.7193702350502433, 0.7411763249990546, 0.7591763445479134, 0.7698641286799174, 0.7772493072393372, 0.7844971780330663, 0.7922772055040708]}

Epsilon = 1.67

{'loss': [1.6900447713623017, 1.6200207814640255, 1.5653510015912464, 1.5503206903109663, 1.531454744667379, 1.495392064341508, 1.4951688798742337, 1.4937441075851587, 1.5138965205132264], 'accuracy': [0.4289166331051148, 0.49697946033024565, 0.5304067660088603, 0.5501409585179219, 0.5614176399516714, 0.5698751510269835, 0.5775271848570278, 0.5803463552154652, 0.5819573097060008], 'auc': [0.6836437826488786, 0.7193702350502433, 0.7411763249990546, 0.7591763445479134, 0.7698641286799174, 0.7772493072393372, 0.7844971780330663, 0.7922772055040708, 0.7944170434063611]}

Epsilon = 1.77

{'loss': [1.6900447713623017, 1.6200207814640255, 1.5653510015912464, 1.5503206903109663, 1.531454744667379, 1.495392064341508, 1.4951688798742337, 1.4937441075851587, 1.5138965205132264, 1.4726980906842555], 'accuracy': [0.4289166331051148, 0.49697946033024565, 0.5304067660088603, 0.5501409585179219, 0.5614176399516714, 0.5698751510269835, 0.5775271848570278, 0.5803463552154652, 0.5819573097060008, 0.5884011276681433], 'auc': [0.6836437826488786, 0.7193702350502433, 0.7411763249990546, 0.7591763445479134, 0.7698641286799174, 0.7772493072393372, 0.7844971780330663, 0.7922772055040708, 0.7944170434063611, 0.8006586339919941]}

Epsilon = 1.87

{'loss': [1.6900447713623017, 1.6200207814640255, 1.5653510015912464, 1.5503206903109663, 1.531454744667379, 1.495392064341508, 1.4951688798742337, 1.4937441075851587, 1.5138965205132264, 1.4726980906842555, 1.4792252174078626], 'accuracy': [0.4289166331051148, 0.49697946033024565, 0.5304067660088603, 0.5501409585179219, 0.5614176399516714, 0.5698751510269835, 0.5775271848570278, 0.5803463552154652, 0.5819573097060008, 0.5884011276681433, 0.5920257752718485], 'auc': [0.6836437826488786, 0.7193702350502433, 0.7411763249990546, 0.7591763445479134, 0.7698641286799174, 0.7772493072393372, 0.7844971780330663, 0.7922772055040708, 0.7944170434063611, 0.8006586339919941, 0.7995045072414405]}

Epsilon = 1.96

{'loss': [1.6900447713623017, 1.6200207814640255, 1.5653510015912464, 1.5503206903109663, 1.531454744667379, 1.495392064341508, 1.4951688798742337, 1.4937441075851587, 1.5138965205132264, 1.4726980906842555, 1.4792252174078626, 1.47882433389878], 'accuracy': [0.4289166331051148, 0.49697946033024565, 0.5304067660088603, 0.5501409585179219, 0.5614176399516714, 0.5698751510269835, 0.5775271848570278, 0.5803463552154652, 0.5819573097060008, 0.5884011276681433, 0.5920257752718485, 0.5936367297623842], 'auc': [0.6836437826488786, 0.7193702350502433, 0.7411763249990546, 0.7591763445479134, 0.7698641286799174, 0.7772493072393372, 0.7844971780330663, 0.7922772055040708, 0.7944170434063611, 0.8006586339919941, 0.7995045072414405, 0.801438904597928]}

Epsilon = 2.04

{'loss': [1.6900447713623017, 1.6200207814640255, 1.5653510015912464, 1.5503206903109663, 1.531454744667379, 1.495392064341508, 1.4951688798742337, 1.4937441075851587, 1.5138965205132264, 1.4726980906842555, 1.4792252174078626, 1.47882433389878, 1.4742726371310384], 'accuracy': [0.4289166331051148, 0.49697946033024565, 0.5304067660088603, 0.5501409585179219, 0.5614176399516714, 0.5698751510269835, 0.5775271848570278, 0.5803463552154652, 0.5819573097060008, 0.5884011276681433, 0.5920257752718485, 0.5936367297623842, 0.5948449456302859], 'auc': [0.6836437826488786, 0.7193702350502433, 0.7411763249990546, 0.7591763445479134, 0.7698641286799174, 0.7772493072393372, 0.7844971780330663, 0.7922772055040708, 0.7944170434063611, 0.8006586339919941, 0.7995045072414405, 0.801438904597928, 0.8024453735221511]}

Epsilon = 2.13

{'loss': [1.6900447713623017, 1.6200207814640255, 1.5653510015912464, 1.5503206903109663, 1.531454744667379, 1.495392064341508, 1.4951688798742337, 1.4937441075851587, 1.5138965205132264, 1.4726980906842555, 1.4792252174078626, 1.47882433389878, 1.4742726371310384, 1.4762130140826148], 'accuracy': [0.4289166331051148, 0.49697946033024565, 0.5304067660088603, 0.5501409585179219, 0.5614176399516714, 0.5698751510269835, 0.5775271848570278, 0.5803463552154652, 0.5819573097060008, 0.5884011276681433, 0.5920257752718485, 0.5936367297623842, 0.5948449456302859, 0.5916230366492147], 'auc': [0.6836437826488786, 0.7193702350502433, 0.7411763249990546, 0.7591763445479134, 0.7698641286799174, 0.7772493072393372, 0.7844971780330663, 0.7922772055040708, 0.7944170434063611, 0.8006586339919941, 0.7995045072414405, 0.801438904597928, 0.8024453735221511, 0.7999357316614879]}

Epsilon = 2.21
[92mINFO [0m:      Sent reply
01/28/2025 09:28:40:INFO:Sent reply
[92mINFO [0m:      
01/28/2025 09:29:48:INFO:
[92mINFO [0m:      [RUN 0, ROUND ]
01/28/2025 09:29:48:INFO:[RUN 0, ROUND ]
[92mINFO [0m:      Received: train message bff8c8c0-8bf4-4520-aa9f-c93822ba9f28
01/28/2025 09:29:48:INFO:Received: train message bff8c8c0-8bf4-4520-aa9f-c93822ba9f28
/home/dgxuser16/.local/lib/python3.8/site-packages/torch/nn/modules/module.py:1359: UserWarning: Using a non-full backward hook when the forward contains multiple autograd Nodes is deprecated and will be removed in future versions. This hook will be missing some grad_input. Please use register_full_backward_hook to get the documented behavior.
  warnings.warn("Using a non-full backward hook when the forward contains multiple autograd Nodes "
[92mINFO [0m:      Sent reply
01/28/2025 09:38:43:INFO:Sent reply
[92mINFO [0m:      
01/28/2025 09:51:46:INFO:
[92mINFO [0m:      [RUN 0, ROUND ]
01/28/2025 09:51:46:INFO:[RUN 0, ROUND ]
[92mINFO [0m:      Received: evaluate message f4cb35d7-9a81-4d1b-b71b-023aed44c119
01/28/2025 09:51:46:INFO:Received: evaluate message f4cb35d7-9a81-4d1b-b71b-023aed44c119
