nohup: ignoring input
/home/dgxuser16/anaconda3/envs/ihpc/lib/python3.8/site-packages/albumentations/__init__.py:13: UserWarning: A new version of Albumentations is available: 2.0.4 (you have 1.4.18). Upgrade using: pip install -U albumentations. To disable automatic update checks, set the environment variable NO_ALBUMENTATIONS_UPDATE to 1.
  check_for_updates()
/raid/home/dgxuser16/NTL/mccarthy/ahmad/github/adaptive_privacy_fl/isic/fed_avg/fixed_noise/1.5/flamby/datasets/fed_isic2019/dataset.py:222: DeprecationWarning: Flip is deprecated. Consider using HorizontalFlip, VerticalFlip, RandomRotate90 or D4.
  albumentations.Flip(p=0.5),
/home/dgxuser16/anaconda3/envs/ihpc/lib/python3.8/site-packages/pydantic/main.py:214: DeprecationWarning: `max_holes` is deprecated. Use num_holes_range instead.
  validated_self = self.__pydantic_validator__.validate_python(data, self_instance=self)
/home/dgxuser16/anaconda3/envs/ihpc/lib/python3.8/site-packages/pydantic/main.py:214: DeprecationWarning: `max_height` is deprecated. Use hole_height_range instead.
  validated_self = self.__pydantic_validator__.validate_python(data, self_instance=self)
/home/dgxuser16/anaconda3/envs/ihpc/lib/python3.8/site-packages/pydantic/main.py:214: DeprecationWarning: `max_width` is deprecated. Use hole_width_range instead.
  validated_self = self.__pydantic_validator__.validate_python(data, self_instance=self)
/home/dgxuser16/anaconda3/envs/ihpc/lib/python3.8/site-packages/albumentations/core/validation.py:45: DeprecationWarning: always_apply is deprecated. Use `p=1` if you want to always apply the transform. self.p will be set to 1.
  original_init(self, **validated_kwargs)
/home/dgxuser16/anaconda3/envs/ihpc/lib/python3.8/site-packages/albumentations/core/validation.py:45: DeprecationWarning: always_apply is deprecated. Use `p=1` if you want to always apply the transform. self.p will be set to 1.
  original_init(self, **validated_kwargs)
/home/dgxuser16/anaconda3/envs/ihpc/lib/python3.8/site-packages/opacus/privacy_engine.py:95: UserWarning: Secure RNG turned off. This is perfectly fine for experimentation as it allows for much faster training performance, but remember to turn it on and retrain one last time before production with ``secure_mode`` turned on.
  warnings.warn(
02/15/2025 12:18:06:DEBUG:Opened insecure gRPC connection (no certificates were passed)
02/15/2025 12:18:06:DEBUG:ChannelConnectivity.IDLE
02/15/2025 12:18:06:DEBUG:ChannelConnectivity.CONNECTING
02/15/2025 12:18:06:DEBUG:ChannelConnectivity.READY
WARNING: All log messages before absl::InitializeLog() is called are written to STDERR
I0000 00:00:1739650686.681594 2342991 fork_posix.cc:75] Other threads are currently calling into gRPC, skipping fork() handlers
[92mINFO [0m:      
02/15/2025 12:18:49:INFO:
[92mINFO [0m:      Received: train message 8242822e-be96-4f87-b3b9-b079cdcdf1fe
02/15/2025 12:18:49:INFO:Received: train message 8242822e-be96-4f87-b3b9-b079cdcdf1fe
/home/dgxuser16/anaconda3/envs/ihpc/lib/python3.8/site-packages/torch/nn/modules/module.py:1640: FutureWarning: Using a non-full backward hook when the forward contains multiple autograd Nodes is deprecated and will be removed in future versions. This hook will be missing some grad_input. Please use register_full_backward_hook to get the documented behavior.
  self._maybe_warn_non_full_backward_hook(args, result, grad_fn)
[92mINFO [0m:      Sent reply
02/15/2025 12:46:18:INFO:Sent reply
[92mINFO [0m:      
02/15/2025 12:46:57:INFO:
[92mINFO [0m:      Received: evaluate message ba8f8010-5a85-4e2e-87b5-7e0091bfd093
02/15/2025 12:46:57:INFO:Received: evaluate message ba8f8010-5a85-4e2e-87b5-7e0091bfd093
[92mINFO [0m:      Sent reply
02/15/2025 12:50:56:INFO:Sent reply
[92mINFO [0m:      
02/15/2025 12:51:33:INFO:
[92mINFO [0m:      Received: train message 87f98dd3-9103-429e-81b4-eb229a4cb84b
02/15/2025 12:51:33:INFO:Received: train message 87f98dd3-9103-429e-81b4-eb229a4cb84b
/home/dgxuser16/anaconda3/envs/ihpc/lib/python3.8/site-packages/torch/nn/modules/module.py:1640: FutureWarning: Using a non-full backward hook when the forward contains multiple autograd Nodes is deprecated and will be removed in future versions. This hook will be missing some grad_input. Please use register_full_backward_hook to get the documented behavior.
  self._maybe_warn_non_full_backward_hook(args, result, grad_fn)
[92mINFO [0m:      Sent reply
02/15/2025 13:21:22:INFO:Sent reply
[92mINFO [0m:      
02/15/2025 13:22:02:INFO:
[92mINFO [0m:      Received: evaluate message ea12638d-5e8d-4939-9c37-024fe177c7fd
02/15/2025 13:22:02:INFO:Received: evaluate message ea12638d-5e8d-4939-9c37-024fe177c7fd
[92mINFO [0m:      Sent reply
02/15/2025 13:26:09:INFO:Sent reply
[92mINFO [0m:      
02/15/2025 13:26:51:INFO:
[92mINFO [0m:      Received: train message 05d5bd0b-c098-48e4-b366-0cc156bc8cb6
02/15/2025 13:26:51:INFO:Received: train message 05d5bd0b-c098-48e4-b366-0cc156bc8cb6
/home/dgxuser16/anaconda3/envs/ihpc/lib/python3.8/site-packages/torch/nn/modules/module.py:1640: FutureWarning: Using a non-full backward hook when the forward contains multiple autograd Nodes is deprecated and will be removed in future versions. This hook will be missing some grad_input. Please use register_full_backward_hook to get the documented behavior.
  self._maybe_warn_non_full_backward_hook(args, result, grad_fn)
[92mINFO [0m:      Sent reply
02/15/2025 13:50:12:INFO:Sent reply
[92mINFO [0m:      
02/15/2025 13:50:36:INFO:
[92mINFO [0m:      Received: evaluate message a7bc3136-ab11-4872-9946-48f78462af8f
02/15/2025 13:50:36:INFO:Received: evaluate message a7bc3136-ab11-4872-9946-48f78462af8f
[92mINFO [0m:      Sent reply
02/15/2025 13:56:19:INFO:Sent reply
[92mINFO [0m:      
02/15/2025 13:57:34:INFO:
[92mINFO [0m:      Received: train message 26b9ab7d-a1e9-4787-9753-c4604f3ab9c0
02/15/2025 13:57:34:INFO:Received: train message 26b9ab7d-a1e9-4787-9753-c4604f3ab9c0
/home/dgxuser16/anaconda3/envs/ihpc/lib/python3.8/site-packages/torch/nn/modules/module.py:1640: FutureWarning: Using a non-full backward hook when the forward contains multiple autograd Nodes is deprecated and will be removed in future versions. This hook will be missing some grad_input. Please use register_full_backward_hook to get the documented behavior.
  self._maybe_warn_non_full_backward_hook(args, result, grad_fn)
[92mINFO [0m:      Sent reply
02/15/2025 14:24:03:INFO:Sent reply
[92mINFO [0m:      
02/15/2025 14:24:43:INFO:
[92mINFO [0m:      Received: evaluate message d258cfb4-91d1-4df0-8d0f-0fd09dac35e6
02/15/2025 14:24:43:INFO:Received: evaluate message d258cfb4-91d1-4df0-8d0f-0fd09dac35e6
[92mINFO [0m:      Sent reply
02/15/2025 14:28:47:INFO:Sent reply
[92mINFO [0m:      
02/15/2025 14:29:12:INFO:
[92mINFO [0m:      Received: train message e5622b6f-412c-48d2-97a7-0beee909878e
02/15/2025 14:29:12:INFO:Received: train message e5622b6f-412c-48d2-97a7-0beee909878e
/home/dgxuser16/anaconda3/envs/ihpc/lib/python3.8/site-packages/torch/nn/modules/module.py:1640: FutureWarning: Using a non-full backward hook when the forward contains multiple autograd Nodes is deprecated and will be removed in future versions. This hook will be missing some grad_input. Please use register_full_backward_hook to get the documented behavior.
  self._maybe_warn_non_full_backward_hook(args, result, grad_fn)
[92mINFO [0m:      Sent reply
02/15/2025 14:57:56:INFO:Sent reply
[92mINFO [0m:      
02/15/2025 14:58:32:INFO:
[92mINFO [0m:      Received: evaluate message e78e0092-3e2c-4739-8c73-915df849eb58
02/15/2025 14:58:32:INFO:Received: evaluate message e78e0092-3e2c-4739-8c73-915df849eb58
[92mINFO [0m:      Sent reply
02/15/2025 15:02:36:INFO:Sent reply
[92mINFO [0m:      
02/15/2025 15:03:14:INFO:
[92mINFO [0m:      Received: train message 699e37ef-40d2-43da-9063-390a2310378f
02/15/2025 15:03:14:INFO:Received: train message 699e37ef-40d2-43da-9063-390a2310378f
/home/dgxuser16/anaconda3/envs/ihpc/lib/python3.8/site-packages/torch/nn/modules/module.py:1640: FutureWarning: Using a non-full backward hook when the forward contains multiple autograd Nodes is deprecated and will be removed in future versions. This hook will be missing some grad_input. Please use register_full_backward_hook to get the documented behavior.
  self._maybe_warn_non_full_backward_hook(args, result, grad_fn)
[92mINFO [0m:      Sent reply
02/15/2025 15:27:20:INFO:Sent reply
[92mINFO [0m:      
02/15/2025 15:27:46:INFO:
[92mINFO [0m:      Received: evaluate message 079b5140-48db-434f-aa2b-b4b5781ee3c0
02/15/2025 15:27:46:INFO:Received: evaluate message 079b5140-48db-434f-aa2b-b4b5781ee3c0
[92mINFO [0m:      Sent reply
02/15/2025 15:32:08:INFO:Sent reply
[92mINFO [0m:      
02/15/2025 15:33:14:INFO:
[92mINFO [0m:      Received: train message 963c5044-471a-477f-8053-32ddff39ec5b
02/15/2025 15:33:14:INFO:Received: train message 963c5044-471a-477f-8053-32ddff39ec5b
/home/dgxuser16/anaconda3/envs/ihpc/lib/python3.8/site-packages/torch/nn/modules/module.py:1640: FutureWarning: Using a non-full backward hook when the forward contains multiple autograd Nodes is deprecated and will be removed in future versions. This hook will be missing some grad_input. Please use register_full_backward_hook to get the documented behavior.
  self._maybe_warn_non_full_backward_hook(args, result, grad_fn)
[92mINFO [0m:      Sent reply
02/15/2025 15:58:27:INFO:Sent reply
[92mINFO [0m:      
02/15/2025 15:59:00:INFO:
[92mINFO [0m:      Received: evaluate message ac9ee7f7-3f5a-4a80-a034-bdb9dd32be39
02/15/2025 15:59:00:INFO:Received: evaluate message ac9ee7f7-3f5a-4a80-a034-bdb9dd32be39
[92mINFO [0m:      Sent reply
02/15/2025 16:03:09:INFO:Sent reply
[92mINFO [0m:      
02/15/2025 16:03:44:INFO:
[92mINFO [0m:      Received: train message ea4218f8-8112-474d-ad60-e737232e24e7
02/15/2025 16:03:44:INFO:Received: train message ea4218f8-8112-474d-ad60-e737232e24e7
/home/dgxuser16/anaconda3/envs/ihpc/lib/python3.8/site-packages/torch/nn/modules/module.py:1640: FutureWarning: Using a non-full backward hook when the forward contains multiple autograd Nodes is deprecated and will be removed in future versions. This hook will be missing some grad_input. Please use register_full_backward_hook to get the documented behavior.
  self._maybe_warn_non_full_backward_hook(args, result, grad_fn)
[92mINFO [0m:      Sent reply
02/15/2025 16:32:33:INFO:Sent reply
[92mINFO [0m:      
02/15/2025 16:33:01:INFO:
[92mINFO [0m:      Received: evaluate message 7dfe0197-6380-44fb-b11e-954fdc675aa7
02/15/2025 16:33:01:INFO:Received: evaluate message 7dfe0197-6380-44fb-b11e-954fdc675aa7
[92mINFO [0m:      Sent reply
02/15/2025 16:37:06:INFO:Sent reply
[92mINFO [0m:      
02/15/2025 16:37:49:INFO:
[92mINFO [0m:      Received: train message fb66e3e7-5d5e-4c73-af7e-06866e325093
02/15/2025 16:37:49:INFO:Received: train message fb66e3e7-5d5e-4c73-af7e-06866e325093
/home/dgxuser16/anaconda3/envs/ihpc/lib/python3.8/site-packages/torch/nn/modules/module.py:1640: FutureWarning: Using a non-full backward hook when the forward contains multiple autograd Nodes is deprecated and will be removed in future versions. This hook will be missing some grad_input. Please use register_full_backward_hook to get the documented behavior.
  self._maybe_warn_non_full_backward_hook(args, result, grad_fn)
[92mINFO [0m:      Sent reply
02/15/2025 17:02:33:INFO:Sent reply
[92mINFO [0m:      
02/15/2025 17:03:07:INFO:
[92mINFO [0m:      Received: evaluate message eca52b76-cc24-41f8-bd5f-314b17a8e616
02/15/2025 17:03:07:INFO:Received: evaluate message eca52b76-cc24-41f8-bd5f-314b17a8e616
[92mINFO [0m:      Sent reply
02/15/2025 17:08:51:INFO:Sent reply
[92mINFO [0m:      
02/15/2025 17:09:29:INFO:
[92mINFO [0m:      Received: train message 563cb7d5-645c-415f-97b7-00e0e2a0650f
02/15/2025 17:09:29:INFO:Received: train message 563cb7d5-645c-415f-97b7-00e0e2a0650f
/home/dgxuser16/anaconda3/envs/ihpc/lib/python3.8/site-packages/torch/nn/modules/module.py:1640: FutureWarning: Using a non-full backward hook when the forward contains multiple autograd Nodes is deprecated and will be removed in future versions. This hook will be missing some grad_input. Please use register_full_backward_hook to get the documented behavior.
  self._maybe_warn_non_full_backward_hook(args, result, grad_fn)
[92mINFO [0m:      Sent reply
02/15/2025 17:33:39:INFO:Sent reply
[92mINFO [0m:      
02/15/2025 17:34:06:INFO:
[92mINFO [0m:      Received: evaluate message 3be2c1e2-4010-4f68-9194-ae456ede007c
02/15/2025 17:34:06:INFO:Received: evaluate message 3be2c1e2-4010-4f68-9194-ae456ede007c
[92mINFO [0m:      Sent reply
02/15/2025 17:38:15:INFO:Sent reply
[92mINFO [0m:      
02/15/2025 17:38:44:INFO:
[92mINFO [0m:      Received: train message 2edda125-5685-4c37-8515-2fb65ecdf11d
02/15/2025 17:38:44:INFO:Received: train message 2edda125-5685-4c37-8515-2fb65ecdf11d
/home/dgxuser16/anaconda3/envs/ihpc/lib/python3.8/site-packages/torch/nn/modules/module.py:1640: FutureWarning: Using a non-full backward hook when the forward contains multiple autograd Nodes is deprecated and will be removed in future versions. This hook will be missing some grad_input. Please use register_full_backward_hook to get the documented behavior.
  self._maybe_warn_non_full_backward_hook(args, result, grad_fn)
[92mINFO [0m:      Sent reply
02/15/2025 18:07:32:INFO:Sent reply
[92mINFO [0m:      
02/15/2025 18:07:56:INFO:
[92mINFO [0m:      Received: evaluate message 5ea20a13-2ad0-480d-9277-802376293553
02/15/2025 18:07:56:INFO:Received: evaluate message 5ea20a13-2ad0-480d-9277-802376293553
[92mINFO [0m:      Sent reply
02/15/2025 18:12:08:INFO:Sent reply
[92mINFO [0m:      
02/15/2025 18:12:55:INFO:
[92mINFO [0m:      Received: train message 9b6b9933-5f16-4de8-a9ea-40a9ab8a30d9
02/15/2025 18:12:55:INFO:Received: train message 9b6b9933-5f16-4de8-a9ea-40a9ab8a30d9
/home/dgxuser16/anaconda3/envs/ihpc/lib/python3.8/site-packages/torch/nn/modules/module.py:1640: FutureWarning: Using a non-full backward hook when the forward contains multiple autograd Nodes is deprecated and will be removed in future versions. This hook will be missing some grad_input. Please use register_full_backward_hook to get the documented behavior.
  self._maybe_warn_non_full_backward_hook(args, result, grad_fn)
[92mINFO [0m:      Sent reply
02/15/2025 18:39:19:INFO:Sent reply
[92mINFO [0m:      
02/15/2025 18:39:55:INFO:
[92mINFO [0m:      Received: evaluate message 0627e551-1f4d-4f85-b316-cf67b4b843fc
02/15/2025 18:39:55:INFO:Received: evaluate message 0627e551-1f4d-4f85-b316-cf67b4b843fc
[92mINFO [0m:      Sent reply
02/15/2025 18:44:49:INFO:Sent reply
[92mINFO [0m:      
02/15/2025 18:45:26:INFO:
[92mINFO [0m:      Received: train message face1c1a-6518-4cea-91e4-5f6789f447dd
02/15/2025 18:45:26:INFO:Received: train message face1c1a-6518-4cea-91e4-5f6789f447dd
/home/dgxuser16/anaconda3/envs/ihpc/lib/python3.8/site-packages/torch/nn/modules/module.py:1640: FutureWarning: Using a non-full backward hook when the forward contains multiple autograd Nodes is deprecated and will be removed in future versions. This hook will be missing some grad_input. Please use register_full_backward_hook to get the documented behavior.
  self._maybe_warn_non_full_backward_hook(args, result, grad_fn)
[92mINFO [0m:      Sent reply
02/15/2025 19:08:19:INFO:Sent reply
[92mINFO [0m:      
02/15/2025 19:08:54:INFO:
[92mINFO [0m:      Received: evaluate message bc9b6b7d-3b2d-418a-a0b7-52e11e521ad1
02/15/2025 19:08:54:INFO:Received: evaluate message bc9b6b7d-3b2d-418a-a0b7-52e11e521ad1
[92mINFO [0m:      Sent reply
02/15/2025 19:12:54:INFO:Sent reply
[92mINFO [0m:      
02/15/2025 19:13:15:INFO:
[92mINFO [0m:      Received: train message a4fc238d-4aa1-4734-9fba-e2467161fa99
02/15/2025 19:13:15:INFO:Received: train message a4fc238d-4aa1-4734-9fba-e2467161fa99
/home/dgxuser16/anaconda3/envs/ihpc/lib/python3.8/site-packages/torch/nn/modules/module.py:1640: FutureWarning: Using a non-full backward hook when the forward contains multiple autograd Nodes is deprecated and will be removed in future versions. This hook will be missing some grad_input. Please use register_full_backward_hook to get the documented behavior.
  self._maybe_warn_non_full_backward_hook(args, result, grad_fn)
[92mINFO [0m:      Sent reply
02/15/2025 19:42:12:INFO:Sent reply
[92mINFO [0m:      
02/15/2025 19:42:31:INFO:
[92mINFO [0m:      Received: evaluate message b7dd902f-662a-4233-974e-e05ab42223e6
02/15/2025 19:42:31:INFO:Received: evaluate message b7dd902f-662a-4233-974e-e05ab42223e6
[92mINFO [0m:      Sent reply
02/15/2025 19:46:17:INFO:Sent reply
[92mINFO [0m:      
02/15/2025 19:47:25:INFO:
[92mINFO [0m:      Received: train message b405df79-8ad9-4d00-be2f-d976ac9045f4
02/15/2025 19:47:25:INFO:Received: train message b405df79-8ad9-4d00-be2f-d976ac9045f4
/home/dgxuser16/anaconda3/envs/ihpc/lib/python3.8/site-packages/torch/nn/modules/module.py:1640: FutureWarning: Using a non-full backward hook when the forward contains multiple autograd Nodes is deprecated and will be removed in future versions. This hook will be missing some grad_input. Please use register_full_backward_hook to get the documented behavior.
  self._maybe_warn_non_full_backward_hook(args, result, grad_fn)
[92mINFO [0m:      Sent reply
02/15/2025 20:15:09:INFO:Sent reply
[92mINFO [0m:      
02/15/2025 20:15:43:INFO:
[92mINFO [0m:      Received: evaluate message 76f4a465-c9ca-4268-b772-fae40f0c4662
02/15/2025 20:15:43:INFO:Received: evaluate message 76f4a465-c9ca-4268-b772-fae40f0c4662
['/raid/home/dgxuser16/NTL/mccarthy/ahmad/github/adaptive_privacy_fl/isic/fed_avg/fixed_noise/1.5', '/home/dgxuser16/anaconda3/envs/ihpc/lib/python38.zip', '/home/dgxuser16/anaconda3/envs/ihpc/lib/python3.8', '/home/dgxuser16/anaconda3/envs/ihpc/lib/python3.8/lib-dynload', '/home/dgxuser16/anaconda3/envs/ihpc/lib/python3.8/site-packages', '/raid/home/dgxuser16/NTL/mccarthy/ahmad/github/adaptive_privacy_fl/isic/fed_avg/fixed_noise/1.5']
Device: cuda:0
Params: {'batch_size': 32, 'local_epochs': 3, 'full_dataset_size': 18597, 'number_of_classes': 8}
Privacy Params: {'target_delta': 1e-05, 'noise_multiplier': 1.5, 'max_grad_norm': 1.0}
Epsilon = 0.27

{'loss': [1.6771009843098843], 'accuracy': [0.44341522351993556], 'auc': [0.6827135433016529]}

Epsilon = 0.38

{'loss': [1.6771009843098843, 1.5968775512996431], 'accuracy': [0.44341522351993556, 0.5126862666129682], 'auc': [0.6827135433016529, 0.7218008385621246]}

Epsilon = 0.47

{'loss': [1.6771009843098843, 1.5968775512996431, 1.548169492619008], 'accuracy': [0.44341522351993556, 0.5126862666129682, 0.5428916633105115], 'auc': [0.6827135433016529, 0.7218008385621246, 0.7459200870545977]}

Epsilon = 0.54

{'loss': [1.6771009843098843, 1.5968775512996431, 1.548169492619008, 1.5280149593691263], 'accuracy': [0.44341522351993556, 0.5126862666129682, 0.5428916633105115, 0.5573902537253322], 'auc': [0.6827135433016529, 0.7218008385621246, 0.7459200870545977, 0.7638946685855805]}

Epsilon = 0.61

{'loss': [1.6771009843098843, 1.5968775512996431, 1.548169492619008, 1.5280149593691263, 1.510308486100795], 'accuracy': [0.44341522351993556, 0.5126862666129682, 0.5428916633105115, 0.5573902537253322, 0.5690696737817157], 'auc': [0.6827135433016529, 0.7218008385621246, 0.7459200870545977, 0.7638946685855805, 0.7752458725341954]}

Epsilon = 0.67

{'loss': [1.6771009843098843, 1.5968775512996431, 1.548169492619008, 1.5280149593691263, 1.510308486100795, 1.4818985248543397], 'accuracy': [0.44341522351993556, 0.5126862666129682, 0.5428916633105115, 0.5573902537253322, 0.5690696737817157, 0.5759162303664922], 'auc': [0.6827135433016529, 0.7218008385621246, 0.7459200870545977, 0.7638946685855805, 0.7752458725341954, 0.783059434860975]}

Epsilon = 0.73

{'loss': [1.6771009843098843, 1.5968775512996431, 1.548169492619008, 1.5280149593691263, 1.510308486100795, 1.4818985248543397, 1.4745499838565177], 'accuracy': [0.44341522351993556, 0.5126862666129682, 0.5428916633105115, 0.5573902537253322, 0.5690696737817157, 0.5759162303664922, 0.5823600483286347], 'auc': [0.6827135433016529, 0.7218008385621246, 0.7459200870545977, 0.7638946685855805, 0.7752458725341954, 0.783059434860975, 0.7902836113823675]}

Epsilon = 0.78

{'loss': [1.6771009843098843, 1.5968775512996431, 1.548169492619008, 1.5280149593691263, 1.510308486100795, 1.4818985248543397, 1.4745499838565177, 1.4710948208479742], 'accuracy': [0.44341522351993556, 0.5126862666129682, 0.5428916633105115, 0.5573902537253322, 0.5690696737817157, 0.5759162303664922, 0.5823600483286347, 0.5859846959323399], 'auc': [0.6827135433016529, 0.7218008385621246, 0.7459200870545977, 0.7638946685855805, 0.7752458725341954, 0.783059434860975, 0.7902836113823675, 0.7983312750009544]}

Epsilon = 0.83

{'loss': [1.6771009843098843, 1.5968775512996431, 1.548169492619008, 1.5280149593691263, 1.510308486100795, 1.4818985248543397, 1.4745499838565177, 1.4710948208479742, 1.4889314002775638], 'accuracy': [0.44341522351993556, 0.5126862666129682, 0.5428916633105115, 0.5573902537253322, 0.5690696737817157, 0.5759162303664922, 0.5823600483286347, 0.5859846959323399, 0.5847764800644382], 'auc': [0.6827135433016529, 0.7218008385621246, 0.7459200870545977, 0.7638946685855805, 0.7752458725341954, 0.783059434860975, 0.7902836113823675, 0.7983312750009544, 0.8012323764867577]}

Epsilon = 0.88

{'loss': [1.6771009843098843, 1.5968775512996431, 1.548169492619008, 1.5280149593691263, 1.510308486100795, 1.4818985248543397, 1.4745499838565177, 1.4710948208479742, 1.4889314002775638, 1.4489057842301496], 'accuracy': [0.44341522351993556, 0.5126862666129682, 0.5428916633105115, 0.5573902537253322, 0.5690696737817157, 0.5759162303664922, 0.5823600483286347, 0.5859846959323399, 0.5847764800644382, 0.5928312525171164], 'auc': [0.6827135433016529, 0.7218008385621246, 0.7459200870545977, 0.7638946685855805, 0.7752458725341954, 0.783059434860975, 0.7902836113823675, 0.7983312750009544, 0.8012323764867577, 0.8077694928273389]}

Epsilon = 0.93

{'loss': [1.6771009843098843, 1.5968775512996431, 1.548169492619008, 1.5280149593691263, 1.510308486100795, 1.4818985248543397, 1.4745499838565177, 1.4710948208479742, 1.4889314002775638, 1.4489057842301496, 1.4582912258884861], 'accuracy': [0.44341522351993556, 0.5126862666129682, 0.5428916633105115, 0.5573902537253322, 0.5690696737817157, 0.5759162303664922, 0.5823600483286347, 0.5859846959323399, 0.5847764800644382, 0.5928312525171164, 0.5960531614981877], 'auc': [0.6827135433016529, 0.7218008385621246, 0.7459200870545977, 0.7638946685855805, 0.7752458725341954, 0.783059434860975, 0.7902836113823675, 0.7983312750009544, 0.8012323764867577, 0.8077694928273389, 0.806949228896412]}

Epsilon = 0.97

{'loss': [1.6771009843098843, 1.5968775512996431, 1.548169492619008, 1.5280149593691263, 1.510308486100795, 1.4818985248543397, 1.4745499838565177, 1.4710948208479742, 1.4889314002775638, 1.4489057842301496, 1.4582912258884861, 1.456683193441845], 'accuracy': [0.44341522351993556, 0.5126862666129682, 0.5428916633105115, 0.5573902537253322, 0.5690696737817157, 0.5759162303664922, 0.5823600483286347, 0.5859846959323399, 0.5847764800644382, 0.5928312525171164, 0.5960531614981877, 0.5972613773660894], 'auc': [0.6827135433016529, 0.7218008385621246, 0.7459200870545977, 0.7638946685855805, 0.7752458725341954, 0.783059434860975, 0.7902836113823675, 0.7983312750009544, 0.8012323764867577, 0.8077694928273389, 0.806949228896412, 0.8085147059590363]}

Epsilon = 1.01

{'loss': [1.6771009843098843, 1.5968775512996431, 1.548169492619008, 1.5280149593691263, 1.510308486100795, 1.4818985248543397, 1.4745499838565177, 1.4710948208479742, 1.4889314002775638, 1.4489057842301496, 1.4582912258884861, 1.456683193441845, 1.447820543522706], 'accuracy': [0.44341522351993556, 0.5126862666129682, 0.5428916633105115, 0.5573902537253322, 0.5690696737817157, 0.5759162303664922, 0.5823600483286347, 0.5859846959323399, 0.5847764800644382, 0.5928312525171164, 0.5960531614981877, 0.5972613773660894, 0.6008860249697946], 'auc': [0.6827135433016529, 0.7218008385621246, 0.7459200870545977, 0.7638946685855805, 0.7752458725341954, 0.783059434860975, 0.7902836113823675, 0.7983312750009544, 0.8012323764867577, 0.8077694928273389, 0.806949228896412, 0.8085147059590363, 0.8100661447892523]}

Epsilon = 1.05

{'loss': [1.6771009843098843, 1.5968775512996431, 1.548169492619008, 1.5280149593691263, 1.510308486100795, 1.4818985248543397, 1.4745499838565177, 1.4710948208479742, 1.4889314002775638, 1.4489057842301496, 1.4582912258884861, 1.456683193441845, 1.447820543522706, 1.451931130391573], 'accuracy': [0.44341522351993556, 0.5126862666129682, 0.5428916633105115, 0.5573902537253322, 0.5690696737817157, 0.5759162303664922, 0.5823600483286347, 0.5859846959323399, 0.5847764800644382, 0.5928312525171164, 0.5960531614981877, 0.5972613773660894, 0.6008860249697946, 0.6000805477245268], 'auc': [0.6827135433016529, 0.7218008385621246, 0.7459200870545977, 0.7638946685855805, 0.7752458725341954, 0.783059434860975, 0.7902836113823675, 0.7983312750009544, 0.8012323764867577, 0.8077694928273389, 0.806949228896412, 0.8085147059590363, 0.8100661447892523, 0.8078568853153252]}

Epsilon = 1.09
[92mINFO [0m:      Sent reply
02/15/2025 20:19:59:INFO:Sent reply
[92mINFO [0m:      
02/15/2025 20:20:35:INFO:
[92mINFO [0m:      Received: train message 74bbfe75-c2c4-4b7e-996c-2ca90008b408
02/15/2025 20:20:35:INFO:Received: train message 74bbfe75-c2c4-4b7e-996c-2ca90008b408
/home/dgxuser16/anaconda3/envs/ihpc/lib/python3.8/site-packages/torch/nn/modules/module.py:1640: FutureWarning: Using a non-full backward hook when the forward contains multiple autograd Nodes is deprecated and will be removed in future versions. This hook will be missing some grad_input. Please use register_full_backward_hook to get the documented behavior.
  self._maybe_warn_non_full_backward_hook(args, result, grad_fn)
[92mINFO [0m:      Sent reply
02/15/2025 20:44:02:INFO:Sent reply
[92mINFO [0m:      
02/15/2025 20:44:38:INFO:
[92mINFO [0m:      Received: evaluate message 4241b799-b5d5-484f-8f29-2a012867d6d7
02/15/2025 20:44:38:INFO:Received: evaluate message 4241b799-b5d5-484f-8f29-2a012867d6d7
[92mINFO [0m:      Sent reply
02/15/2025 20:48:38:INFO:Sent reply
[92mINFO [0m:      
02/15/2025 20:49:07:INFO:
[92mINFO [0m:      Received: train message 3797daae-13b0-4f3f-ac95-085e54876db6
02/15/2025 20:49:07:INFO:Received: train message 3797daae-13b0-4f3f-ac95-085e54876db6
/home/dgxuser16/anaconda3/envs/ihpc/lib/python3.8/site-packages/torch/nn/modules/module.py:1640: FutureWarning: Using a non-full backward hook when the forward contains multiple autograd Nodes is deprecated and will be removed in future versions. This hook will be missing some grad_input. Please use register_full_backward_hook to get the documented behavior.
  self._maybe_warn_non_full_backward_hook(args, result, grad_fn)
[92mINFO [0m:      Sent reply
02/15/2025 21:18:18:INFO:Sent reply
[92mINFO [0m:      
02/15/2025 21:18:54:INFO:
[92mINFO [0m:      Received: evaluate message 2ad09353-f717-4d1b-91dd-bdbc35bb850c
02/15/2025 21:18:54:INFO:Received: evaluate message 2ad09353-f717-4d1b-91dd-bdbc35bb850c
[92mINFO [0m:      Sent reply
02/15/2025 21:22:56:INFO:Sent reply
[92mINFO [0m:      
02/15/2025 21:23:23:INFO:
[92mINFO [0m:      Received: train message 53031764-2b22-4d96-b20f-2c0584bc620c
02/15/2025 21:23:23:INFO:Received: train message 53031764-2b22-4d96-b20f-2c0584bc620c
/home/dgxuser16/anaconda3/envs/ihpc/lib/python3.8/site-packages/torch/nn/modules/module.py:1640: FutureWarning: Using a non-full backward hook when the forward contains multiple autograd Nodes is deprecated and will be removed in future versions. This hook will be missing some grad_input. Please use register_full_backward_hook to get the documented behavior.
  self._maybe_warn_non_full_backward_hook(args, result, grad_fn)
[92mINFO [0m:      Sent reply
02/15/2025 21:52:14:INFO:Sent reply
[92mINFO [0m:      
02/15/2025 21:52:50:INFO:
[92mINFO [0m:      Received: evaluate message 94fcc723-eba5-4d17-b0fc-271028ae2631
02/15/2025 21:52:50:INFO:Received: evaluate message 94fcc723-eba5-4d17-b0fc-271028ae2631
[92mINFO [0m:      Sent reply
02/15/2025 21:56:59:INFO:Sent reply
[92mINFO [0m:      
02/15/2025 21:57:21:INFO:
[92mINFO [0m:      Received: train message e96f9a8b-094a-4660-957b-e8a1c357a744
02/15/2025 21:57:21:INFO:Received: train message e96f9a8b-094a-4660-957b-e8a1c357a744
/home/dgxuser16/anaconda3/envs/ihpc/lib/python3.8/site-packages/torch/nn/modules/module.py:1640: FutureWarning: Using a non-full backward hook when the forward contains multiple autograd Nodes is deprecated and will be removed in future versions. This hook will be missing some grad_input. Please use register_full_backward_hook to get the documented behavior.
  self._maybe_warn_non_full_backward_hook(args, result, grad_fn)
[92mINFO [0m:      Sent reply
02/15/2025 22:20:32:INFO:Sent reply
[92mINFO [0m:      
02/15/2025 22:20:55:INFO:
[92mINFO [0m:      Received: evaluate message 6c2729e8-771d-4255-bc12-7956b235dc2c
02/15/2025 22:20:55:INFO:Received: evaluate message 6c2729e8-771d-4255-bc12-7956b235dc2c
[92mINFO [0m:      Sent reply
02/15/2025 22:24:49:INFO:Sent reply
[92mINFO [0m:      
02/15/2025 22:25:52:INFO:
[92mINFO [0m:      Received: train message 6f6afa9d-52f0-4907-acb7-54b7ddd61867
02/15/2025 22:25:52:INFO:Received: train message 6f6afa9d-52f0-4907-acb7-54b7ddd61867
/home/dgxuser16/anaconda3/envs/ihpc/lib/python3.8/site-packages/torch/nn/modules/module.py:1640: FutureWarning: Using a non-full backward hook when the forward contains multiple autograd Nodes is deprecated and will be removed in future versions. This hook will be missing some grad_input. Please use register_full_backward_hook to get the documented behavior.
  self._maybe_warn_non_full_backward_hook(args, result, grad_fn)
[92mINFO [0m:      Sent reply
02/15/2025 22:55:20:INFO:Sent reply
[92mINFO [0m:      
02/15/2025 22:55:48:INFO:
[92mINFO [0m:      Received: evaluate message 3e0211e6-7886-4b3b-940b-49d607723766
02/15/2025 22:55:48:INFO:Received: evaluate message 3e0211e6-7886-4b3b-940b-49d607723766
[92mINFO [0m:      Sent reply
02/15/2025 22:59:56:INFO:Sent reply
[92mINFO [0m:      
02/15/2025 23:00:31:INFO:
[92mINFO [0m:      Received: train message e1c94035-a1c3-4499-a6c0-f050ee56b5cb
02/15/2025 23:00:31:INFO:Received: train message e1c94035-a1c3-4499-a6c0-f050ee56b5cb
/home/dgxuser16/anaconda3/envs/ihpc/lib/python3.8/site-packages/torch/nn/modules/module.py:1640: FutureWarning: Using a non-full backward hook when the forward contains multiple autograd Nodes is deprecated and will be removed in future versions. This hook will be missing some grad_input. Please use register_full_backward_hook to get the documented behavior.
  self._maybe_warn_non_full_backward_hook(args, result, grad_fn)
[92mINFO [0m:      Sent reply
02/15/2025 23:29:53:INFO:Sent reply
[92mINFO [0m:      
02/15/2025 23:30:21:INFO:
[92mINFO [0m:      Received: evaluate message 41688a68-0c60-436a-9c6b-64421041dadb
02/15/2025 23:30:21:INFO:Received: evaluate message 41688a68-0c60-436a-9c6b-64421041dadb
[92mINFO [0m:      Sent reply
02/15/2025 23:34:35:INFO:Sent reply
[92mINFO [0m:      
02/15/2025 23:35:10:INFO:
[92mINFO [0m:      Received: train message e52c259f-9e97-4bda-929c-c0ad7050d569
02/15/2025 23:35:10:INFO:Received: train message e52c259f-9e97-4bda-929c-c0ad7050d569
/home/dgxuser16/anaconda3/envs/ihpc/lib/python3.8/site-packages/torch/nn/modules/module.py:1640: FutureWarning: Using a non-full backward hook when the forward contains multiple autograd Nodes is deprecated and will be removed in future versions. This hook will be missing some grad_input. Please use register_full_backward_hook to get the documented behavior.
  self._maybe_warn_non_full_backward_hook(args, result, grad_fn)
[92mINFO [0m:      Sent reply
02/16/2025 00:04:16:INFO:Sent reply
[92mINFO [0m:      
02/16/2025 00:05:03:INFO:
[92mINFO [0m:      Received: evaluate message ef1e33c4-2c88-4d2b-8392-de2763f82afe
02/16/2025 00:05:03:INFO:Received: evaluate message ef1e33c4-2c88-4d2b-8392-de2763f82afe

{'loss': [1.6771009843098843, 1.5968775512996431, 1.548169492619008, 1.5280149593691263, 1.510308486100795, 1.4818985248543397, 1.4745499838565177, 1.4710948208479742, 1.4889314002775638, 1.4489057842301496, 1.4582912258884861, 1.456683193441845, 1.447820543522706, 1.451931130391573, 1.446565660026541], 'accuracy': [0.44341522351993556, 0.5126862666129682, 0.5428916633105115, 0.5573902537253322, 0.5690696737817157, 0.5759162303664922, 0.5823600483286347, 0.5859846959323399, 0.5847764800644382, 0.5928312525171164, 0.5960531614981877, 0.5972613773660894, 0.6008860249697946, 0.6000805477245268, 0.6049134111961337], 'auc': [0.6827135433016529, 0.7218008385621246, 0.7459200870545977, 0.7638946685855805, 0.7752458725341954, 0.783059434860975, 0.7902836113823675, 0.7983312750009544, 0.8012323764867577, 0.8077694928273389, 0.806949228896412, 0.8085147059590363, 0.8100661447892523, 0.8078568853153252, 0.8080531427002247]}

Epsilon = 1.13

{'loss': [1.6771009843098843, 1.5968775512996431, 1.548169492619008, 1.5280149593691263, 1.510308486100795, 1.4818985248543397, 1.4745499838565177, 1.4710948208479742, 1.4889314002775638, 1.4489057842301496, 1.4582912258884861, 1.456683193441845, 1.447820543522706, 1.451931130391573, 1.446565660026541, 1.470212773214748], 'accuracy': [0.44341522351993556, 0.5126862666129682, 0.5428916633105115, 0.5573902537253322, 0.5690696737817157, 0.5759162303664922, 0.5823600483286347, 0.5859846959323399, 0.5847764800644382, 0.5928312525171164, 0.5960531614981877, 0.5972613773660894, 0.6008860249697946, 0.6000805477245268, 0.6049134111961337, 0.6020942408376964], 'auc': [0.6827135433016529, 0.7218008385621246, 0.7459200870545977, 0.7638946685855805, 0.7752458725341954, 0.783059434860975, 0.7902836113823675, 0.7983312750009544, 0.8012323764867577, 0.8077694928273389, 0.806949228896412, 0.8085147059590363, 0.8100661447892523, 0.8078568853153252, 0.8080531427002247, 0.8078969284161794]}

Epsilon = 1.17

{'loss': [1.6771009843098843, 1.5968775512996431, 1.548169492619008, 1.5280149593691263, 1.510308486100795, 1.4818985248543397, 1.4745499838565177, 1.4710948208479742, 1.4889314002775638, 1.4489057842301496, 1.4582912258884861, 1.456683193441845, 1.447820543522706, 1.451931130391573, 1.446565660026541, 1.470212773214748, 1.4443598235272805], 'accuracy': [0.44341522351993556, 0.5126862666129682, 0.5428916633105115, 0.5573902537253322, 0.5690696737817157, 0.5759162303664922, 0.5823600483286347, 0.5859846959323399, 0.5847764800644382, 0.5928312525171164, 0.5960531614981877, 0.5972613773660894, 0.6008860249697946, 0.6000805477245268, 0.6049134111961337, 0.6020942408376964, 0.6077325815545711], 'auc': [0.6827135433016529, 0.7218008385621246, 0.7459200870545977, 0.7638946685855805, 0.7752458725341954, 0.783059434860975, 0.7902836113823675, 0.7983312750009544, 0.8012323764867577, 0.8077694928273389, 0.806949228896412, 0.8085147059590363, 0.8100661447892523, 0.8078568853153252, 0.8080531427002247, 0.8078969284161794, 0.8126013148274384]}

Epsilon = 1.21

{'loss': [1.6771009843098843, 1.5968775512996431, 1.548169492619008, 1.5280149593691263, 1.510308486100795, 1.4818985248543397, 1.4745499838565177, 1.4710948208479742, 1.4889314002775638, 1.4489057842301496, 1.4582912258884861, 1.456683193441845, 1.447820543522706, 1.451931130391573, 1.446565660026541, 1.470212773214748, 1.4443598235272805, 1.4282587478586228], 'accuracy': [0.44341522351993556, 0.5126862666129682, 0.5428916633105115, 0.5573902537253322, 0.5690696737817157, 0.5759162303664922, 0.5823600483286347, 0.5859846959323399, 0.5847764800644382, 0.5928312525171164, 0.5960531614981877, 0.5972613773660894, 0.6008860249697946, 0.6000805477245268, 0.6049134111961337, 0.6020942408376964, 0.6077325815545711, 0.6024969794603302], 'auc': [0.6827135433016529, 0.7218008385621246, 0.7459200870545977, 0.7638946685855805, 0.7752458725341954, 0.783059434860975, 0.7902836113823675, 0.7983312750009544, 0.8012323764867577, 0.8077694928273389, 0.806949228896412, 0.8085147059590363, 0.8100661447892523, 0.8078568853153252, 0.8080531427002247, 0.8078969284161794, 0.8126013148274384, 0.8149191904182836]}

Epsilon = 1.24

{'loss': [1.6771009843098843, 1.5968775512996431, 1.548169492619008, 1.5280149593691263, 1.510308486100795, 1.4818985248543397, 1.4745499838565177, 1.4710948208479742, 1.4889314002775638, 1.4489057842301496, 1.4582912258884861, 1.456683193441845, 1.447820543522706, 1.451931130391573, 1.446565660026541, 1.470212773214748, 1.4443598235272805, 1.4282587478586228, 1.4246594756541595], 'accuracy': [0.44341522351993556, 0.5126862666129682, 0.5428916633105115, 0.5573902537253322, 0.5690696737817157, 0.5759162303664922, 0.5823600483286347, 0.5859846959323399, 0.5847764800644382, 0.5928312525171164, 0.5960531614981877, 0.5972613773660894, 0.6008860249697946, 0.6000805477245268, 0.6049134111961337, 0.6020942408376964, 0.6077325815545711, 0.6024969794603302, 0.608135320177205], 'auc': [0.6827135433016529, 0.7218008385621246, 0.7459200870545977, 0.7638946685855805, 0.7752458725341954, 0.783059434860975, 0.7902836113823675, 0.7983312750009544, 0.8012323764867577, 0.8077694928273389, 0.806949228896412, 0.8085147059590363, 0.8100661447892523, 0.8078568853153252, 0.8080531427002247, 0.8078969284161794, 0.8126013148274384, 0.8149191904182836, 0.8215219403488303]}

Epsilon = 1.28

{'loss': [1.6771009843098843, 1.5968775512996431, 1.548169492619008, 1.5280149593691263, 1.510308486100795, 1.4818985248543397, 1.4745499838565177, 1.4710948208479742, 1.4889314002775638, 1.4489057842301496, 1.4582912258884861, 1.456683193441845, 1.447820543522706, 1.451931130391573, 1.446565660026541, 1.470212773214748, 1.4443598235272805, 1.4282587478586228, 1.4246594756541595, 1.4029860773059661], 'accuracy': [0.44341522351993556, 0.5126862666129682, 0.5428916633105115, 0.5573902537253322, 0.5690696737817157, 0.5759162303664922, 0.5823600483286347, 0.5859846959323399, 0.5847764800644382, 0.5928312525171164, 0.5960531614981877, 0.5972613773660894, 0.6008860249697946, 0.6000805477245268, 0.6049134111961337, 0.6020942408376964, 0.6077325815545711, 0.6024969794603302, 0.608135320177205, 0.6057188884414015], 'auc': [0.6827135433016529, 0.7218008385621246, 0.7459200870545977, 0.7638946685855805, 0.7752458725341954, 0.783059434860975, 0.7902836113823675, 0.7983312750009544, 0.8012323764867577, 0.8077694928273389, 0.806949228896412, 0.8085147059590363, 0.8100661447892523, 0.8078568853153252, 0.8080531427002247, 0.8078969284161794, 0.8126013148274384, 0.8149191904182836, 0.8215219403488303, 0.8241832040486534]}

Epsilon = 1.31

{'loss': [1.6771009843098843, 1.5968775512996431, 1.548169492619008, 1.5280149593691263, 1.510308486100795, 1.4818985248543397, 1.4745499838565177, 1.4710948208479742, 1.4889314002775638, 1.4489057842301496, 1.4582912258884861, 1.456683193441845, 1.447820543522706, 1.451931130391573, 1.446565660026541, 1.470212773214748, 1.4443598235272805, 1.4282587478586228, 1.4246594756541595, 1.4029860773059661, 1.4072148290268125], 'accuracy': [0.44341522351993556, 0.5126862666129682, 0.5428916633105115, 0.5573902537253322, 0.5690696737817157, 0.5759162303664922, 0.5823600483286347, 0.5859846959323399, 0.5847764800644382, 0.5928312525171164, 0.5960531614981877, 0.5972613773660894, 0.6008860249697946, 0.6000805477245268, 0.6049134111961337, 0.6020942408376964, 0.6077325815545711, 0.6024969794603302, 0.608135320177205, 0.6057188884414015, 0.6049134111961337], 'auc': [0.6827135433016529, 0.7218008385621246, 0.7459200870545977, 0.7638946685855805, 0.7752458725341954, 0.783059434860975, 0.7902836113823675, 0.7983312750009544, 0.8012323764867577, 0.8077694928273389, 0.806949228896412, 0.8085147059590363, 0.8100661447892523, 0.8078568853153252, 0.8080531427002247, 0.8078969284161794, 0.8126013148274384, 0.8149191904182836, 0.8215219403488303, 0.8241832040486534, 0.823598783359385]}

Epsilon = 1.34
[92mINFO [0m:      Sent reply
02/16/2025 00:10:16:INFO:Sent reply
[92mINFO [0m:      
02/16/2025 00:10:56:INFO:
[92mINFO [0m:      Received: train message 884714ab-c2fc-46f8-9d0b-5fac5afd3f41
02/16/2025 00:10:56:INFO:Received: train message 884714ab-c2fc-46f8-9d0b-5fac5afd3f41
/home/dgxuser16/anaconda3/envs/ihpc/lib/python3.8/site-packages/torch/nn/modules/module.py:1640: FutureWarning: Using a non-full backward hook when the forward contains multiple autograd Nodes is deprecated and will be removed in future versions. This hook will be missing some grad_input. Please use register_full_backward_hook to get the documented behavior.
  self._maybe_warn_non_full_backward_hook(args, result, grad_fn)
[92mINFO [0m:      Sent reply
02/16/2025 00:41:32:INFO:Sent reply
[92mINFO [0m:      
02/16/2025 00:42:09:INFO:
[92mINFO [0m:      Received: evaluate message c946376b-8057-4bde-94fb-21344945f13a
02/16/2025 00:42:09:INFO:Received: evaluate message c946376b-8057-4bde-94fb-21344945f13a
[92mINFO [0m:      Sent reply
02/16/2025 00:46:17:INFO:Sent reply
[92mINFO [0m:      
02/16/2025 00:46:33:INFO:
[92mINFO [0m:      Received: train message e949befa-990c-4bb2-b3e2-ee0b6d4c1c28
02/16/2025 00:46:33:INFO:Received: train message e949befa-990c-4bb2-b3e2-ee0b6d4c1c28
/home/dgxuser16/anaconda3/envs/ihpc/lib/python3.8/site-packages/torch/nn/modules/module.py:1640: FutureWarning: Using a non-full backward hook when the forward contains multiple autograd Nodes is deprecated and will be removed in future versions. This hook will be missing some grad_input. Please use register_full_backward_hook to get the documented behavior.
  self._maybe_warn_non_full_backward_hook(args, result, grad_fn)
[92mINFO [0m:      Sent reply
02/16/2025 01:22:09:INFO:Sent reply
[92mINFO [0m:      
02/16/2025 01:22:46:INFO:
[92mINFO [0m:      Received: evaluate message e2ca4581-6856-4d7b-a9de-dcb4a3b10fed
02/16/2025 01:22:46:INFO:Received: evaluate message e2ca4581-6856-4d7b-a9de-dcb4a3b10fed
[92mINFO [0m:      Sent reply
02/16/2025 01:26:57:INFO:Sent reply
[92mINFO [0m:      
02/16/2025 01:27:31:INFO:
[92mINFO [0m:      Received: train message f4b88eac-e1e0-44a7-a742-4b2e56df3572
02/16/2025 01:27:31:INFO:Received: train message f4b88eac-e1e0-44a7-a742-4b2e56df3572
/home/dgxuser16/anaconda3/envs/ihpc/lib/python3.8/site-packages/torch/nn/modules/module.py:1640: FutureWarning: Using a non-full backward hook when the forward contains multiple autograd Nodes is deprecated and will be removed in future versions. This hook will be missing some grad_input. Please use register_full_backward_hook to get the documented behavior.
  self._maybe_warn_non_full_backward_hook(args, result, grad_fn)
[92mINFO [0m:      Sent reply
02/16/2025 02:01:18:INFO:Sent reply
[92mINFO [0m:      
02/16/2025 02:01:35:INFO:
[92mINFO [0m:      Received: evaluate message 311068f3-f303-4e20-8c98-bef9aab49234
02/16/2025 02:01:35:INFO:Received: evaluate message 311068f3-f303-4e20-8c98-bef9aab49234
[92mINFO [0m:      Sent reply
02/16/2025 02:05:40:INFO:Sent reply
[92mINFO [0m:      
02/16/2025 02:06:32:INFO:
[92mINFO [0m:      Received: train message 9d4217cb-4149-4dc7-b0eb-9aa3bb987f97
02/16/2025 02:06:32:INFO:Received: train message 9d4217cb-4149-4dc7-b0eb-9aa3bb987f97
/home/dgxuser16/anaconda3/envs/ihpc/lib/python3.8/site-packages/torch/nn/modules/module.py:1640: FutureWarning: Using a non-full backward hook when the forward contains multiple autograd Nodes is deprecated and will be removed in future versions. This hook will be missing some grad_input. Please use register_full_backward_hook to get the documented behavior.
  self._maybe_warn_non_full_backward_hook(args, result, grad_fn)
[92mINFO [0m:      Sent reply
02/16/2025 02:37:32:INFO:Sent reply
[92mINFO [0m:      
02/16/2025 02:37:55:INFO:
[92mINFO [0m:      Received: evaluate message 7468c64c-564f-4f11-989e-6dccaf366ffb
02/16/2025 02:37:55:INFO:Received: evaluate message 7468c64c-564f-4f11-989e-6dccaf366ffb
[92mINFO [0m:      Sent reply
02/16/2025 02:42:59:INFO:Sent reply
[92mINFO [0m:      
02/16/2025 02:44:26:INFO:
[92mINFO [0m:      Received: train message 0ec225ec-d1b4-4ea3-972b-cda73e88bfe7
02/16/2025 02:44:26:INFO:Received: train message 0ec225ec-d1b4-4ea3-972b-cda73e88bfe7
/home/dgxuser16/anaconda3/envs/ihpc/lib/python3.8/site-packages/torch/nn/modules/module.py:1640: FutureWarning: Using a non-full backward hook when the forward contains multiple autograd Nodes is deprecated and will be removed in future versions. This hook will be missing some grad_input. Please use register_full_backward_hook to get the documented behavior.
  self._maybe_warn_non_full_backward_hook(args, result, grad_fn)
[92mINFO [0m:      Sent reply
02/16/2025 03:13:11:INFO:Sent reply
[92mINFO [0m:      
02/16/2025 03:13:29:INFO:
[92mINFO [0m:      Received: evaluate message db8c0d3d-759d-42ae-82a5-718fe4b238c9
02/16/2025 03:13:29:INFO:Received: evaluate message db8c0d3d-759d-42ae-82a5-718fe4b238c9

{'loss': [1.6771009843098843, 1.5968775512996431, 1.548169492619008, 1.5280149593691263, 1.510308486100795, 1.4818985248543397, 1.4745499838565177, 1.4710948208479742, 1.4889314002775638, 1.4489057842301496, 1.4582912258884861, 1.456683193441845, 1.447820543522706, 1.451931130391573, 1.446565660026541, 1.470212773214748, 1.4443598235272805, 1.4282587478586228, 1.4246594756541595, 1.4029860773059661, 1.4072148290268125, 1.3960898318359845], 'accuracy': [0.44341522351993556, 0.5126862666129682, 0.5428916633105115, 0.5573902537253322, 0.5690696737817157, 0.5759162303664922, 0.5823600483286347, 0.5859846959323399, 0.5847764800644382, 0.5928312525171164, 0.5960531614981877, 0.5972613773660894, 0.6008860249697946, 0.6000805477245268, 0.6049134111961337, 0.6020942408376964, 0.6077325815545711, 0.6024969794603302, 0.608135320177205, 0.6057188884414015, 0.6049134111961337, 0.6109544905356423], 'auc': [0.6827135433016529, 0.7218008385621246, 0.7459200870545977, 0.7638946685855805, 0.7752458725341954, 0.783059434860975, 0.7902836113823675, 0.7983312750009544, 0.8012323764867577, 0.8077694928273389, 0.806949228896412, 0.8085147059590363, 0.8100661447892523, 0.8078568853153252, 0.8080531427002247, 0.8078969284161794, 0.8126013148274384, 0.8149191904182836, 0.8215219403488303, 0.8241832040486534, 0.823598783359385, 0.8251285094793946]}

Epsilon = 1.38

{'loss': [1.6771009843098843, 1.5968775512996431, 1.548169492619008, 1.5280149593691263, 1.510308486100795, 1.4818985248543397, 1.4745499838565177, 1.4710948208479742, 1.4889314002775638, 1.4489057842301496, 1.4582912258884861, 1.456683193441845, 1.447820543522706, 1.451931130391573, 1.446565660026541, 1.470212773214748, 1.4443598235272805, 1.4282587478586228, 1.4246594756541595, 1.4029860773059661, 1.4072148290268125, 1.3960898318359845, 1.4079662556135506], 'accuracy': [0.44341522351993556, 0.5126862666129682, 0.5428916633105115, 0.5573902537253322, 0.5690696737817157, 0.5759162303664922, 0.5823600483286347, 0.5859846959323399, 0.5847764800644382, 0.5928312525171164, 0.5960531614981877, 0.5972613773660894, 0.6008860249697946, 0.6000805477245268, 0.6049134111961337, 0.6020942408376964, 0.6077325815545711, 0.6024969794603302, 0.608135320177205, 0.6057188884414015, 0.6049134111961337, 0.6109544905356423, 0.6121627064035441], 'auc': [0.6827135433016529, 0.7218008385621246, 0.7459200870545977, 0.7638946685855805, 0.7752458725341954, 0.783059434860975, 0.7902836113823675, 0.7983312750009544, 0.8012323764867577, 0.8077694928273389, 0.806949228896412, 0.8085147059590363, 0.8100661447892523, 0.8078568853153252, 0.8080531427002247, 0.8078969284161794, 0.8126013148274384, 0.8149191904182836, 0.8215219403488303, 0.8241832040486534, 0.823598783359385, 0.8251285094793946, 0.8247610634742586]}

Epsilon = 1.41

{'loss': [1.6771009843098843, 1.5968775512996431, 1.548169492619008, 1.5280149593691263, 1.510308486100795, 1.4818985248543397, 1.4745499838565177, 1.4710948208479742, 1.4889314002775638, 1.4489057842301496, 1.4582912258884861, 1.456683193441845, 1.447820543522706, 1.451931130391573, 1.446565660026541, 1.470212773214748, 1.4443598235272805, 1.4282587478586228, 1.4246594756541595, 1.4029860773059661, 1.4072148290268125, 1.3960898318359845, 1.4079662556135506, 1.4236915963962584], 'accuracy': [0.44341522351993556, 0.5126862666129682, 0.5428916633105115, 0.5573902537253322, 0.5690696737817157, 0.5759162303664922, 0.5823600483286347, 0.5859846959323399, 0.5847764800644382, 0.5928312525171164, 0.5960531614981877, 0.5972613773660894, 0.6008860249697946, 0.6000805477245268, 0.6049134111961337, 0.6020942408376964, 0.6077325815545711, 0.6024969794603302, 0.608135320177205, 0.6057188884414015, 0.6049134111961337, 0.6109544905356423, 0.6121627064035441, 0.6121627064035441], 'auc': [0.6827135433016529, 0.7218008385621246, 0.7459200870545977, 0.7638946685855805, 0.7752458725341954, 0.783059434860975, 0.7902836113823675, 0.7983312750009544, 0.8012323764867577, 0.8077694928273389, 0.806949228896412, 0.8085147059590363, 0.8100661447892523, 0.8078568853153252, 0.8080531427002247, 0.8078969284161794, 0.8126013148274384, 0.8149191904182836, 0.8215219403488303, 0.8241832040486534, 0.823598783359385, 0.8251285094793946, 0.8247610634742586, 0.8274506596566742]}

Epsilon = 1.44

{'loss': [1.6771009843098843, 1.5968775512996431, 1.548169492619008, 1.5280149593691263, 1.510308486100795, 1.4818985248543397, 1.4745499838565177, 1.4710948208479742, 1.4889314002775638, 1.4489057842301496, 1.4582912258884861, 1.456683193441845, 1.447820543522706, 1.451931130391573, 1.446565660026541, 1.470212773214748, 1.4443598235272805, 1.4282587478586228, 1.4246594756541595, 1.4029860773059661, 1.4072148290268125, 1.3960898318359845, 1.4079662556135506, 1.4236915963962584, 1.4213617083721952], 'accuracy': [0.44341522351993556, 0.5126862666129682, 0.5428916633105115, 0.5573902537253322, 0.5690696737817157, 0.5759162303664922, 0.5823600483286347, 0.5859846959323399, 0.5847764800644382, 0.5928312525171164, 0.5960531614981877, 0.5972613773660894, 0.6008860249697946, 0.6000805477245268, 0.6049134111961337, 0.6020942408376964, 0.6077325815545711, 0.6024969794603302, 0.608135320177205, 0.6057188884414015, 0.6049134111961337, 0.6109544905356423, 0.6121627064035441, 0.6121627064035441, 0.6061216270640355], 'auc': [0.6827135433016529, 0.7218008385621246, 0.7459200870545977, 0.7638946685855805, 0.7752458725341954, 0.783059434860975, 0.7902836113823675, 0.7983312750009544, 0.8012323764867577, 0.8077694928273389, 0.806949228896412, 0.8085147059590363, 0.8100661447892523, 0.8078568853153252, 0.8080531427002247, 0.8078969284161794, 0.8126013148274384, 0.8149191904182836, 0.8215219403488303, 0.8241832040486534, 0.823598783359385, 0.8251285094793946, 0.8247610634742586, 0.8274506596566742, 0.8271793785928153]}

Epsilon = 1.47

{'loss': [1.6771009843098843, 1.5968775512996431, 1.548169492619008, 1.5280149593691263, 1.510308486100795, 1.4818985248543397, 1.4745499838565177, 1.4710948208479742, 1.4889314002775638, 1.4489057842301496, 1.4582912258884861, 1.456683193441845, 1.447820543522706, 1.451931130391573, 1.446565660026541, 1.470212773214748, 1.4443598235272805, 1.4282587478586228, 1.4246594756541595, 1.4029860773059661, 1.4072148290268125, 1.3960898318359845, 1.4079662556135506, 1.4236915963962584, 1.4213617083721952, 1.4267191852574572], 'accuracy': [0.44341522351993556, 0.5126862666129682, 0.5428916633105115, 0.5573902537253322, 0.5690696737817157, 0.5759162303664922, 0.5823600483286347, 0.5859846959323399, 0.5847764800644382, 0.5928312525171164, 0.5960531614981877, 0.5972613773660894, 0.6008860249697946, 0.6000805477245268, 0.6049134111961337, 0.6020942408376964, 0.6077325815545711, 0.6024969794603302, 0.608135320177205, 0.6057188884414015, 0.6049134111961337, 0.6109544905356423, 0.6121627064035441, 0.6121627064035441, 0.6061216270640355, 0.6053161498187676], 'auc': [0.6827135433016529, 0.7218008385621246, 0.7459200870545977, 0.7638946685855805, 0.7752458725341954, 0.783059434860975, 0.7902836113823675, 0.7983312750009544, 0.8012323764867577, 0.8077694928273389, 0.806949228896412, 0.8085147059590363, 0.8100661447892523, 0.8078568853153252, 0.8080531427002247, 0.8078969284161794, 0.8126013148274384, 0.8149191904182836, 0.8215219403488303, 0.8241832040486534, 0.823598783359385, 0.8251285094793946, 0.8247610634742586, 0.8274506596566742, 0.8271793785928153, 0.8260732745142436]}

Epsilon = 1.50
[92mINFO [0m:      Sent reply
02/16/2025 03:17:14:INFO:Sent reply
[92mINFO [0m:      
02/16/2025 03:18:35:INFO:
[92mINFO [0m:      Received: train message 7f349af4-a742-4c4d-ac30-0237564de553
02/16/2025 03:18:35:INFO:Received: train message 7f349af4-a742-4c4d-ac30-0237564de553
/home/dgxuser16/anaconda3/envs/ihpc/lib/python3.8/site-packages/torch/nn/modules/module.py:1640: FutureWarning: Using a non-full backward hook when the forward contains multiple autograd Nodes is deprecated and will be removed in future versions. This hook will be missing some grad_input. Please use register_full_backward_hook to get the documented behavior.
  self._maybe_warn_non_full_backward_hook(args, result, grad_fn)
[92mINFO [0m:      Sent reply
02/16/2025 03:50:52:INFO:Sent reply
[92mINFO [0m:      
02/16/2025 03:51:19:INFO:
[92mINFO [0m:      Received: evaluate message 8de92525-a718-4af1-8df9-992ead152605
02/16/2025 03:51:19:INFO:Received: evaluate message 8de92525-a718-4af1-8df9-992ead152605
[92mINFO [0m:      Sent reply
02/16/2025 03:55:54:INFO:Sent reply
[92mINFO [0m:      
02/16/2025 03:56:26:INFO:
[92mINFO [0m:      Received: train message 5fd5aac8-5204-440d-a60f-a50b87dd6b2c
02/16/2025 03:56:26:INFO:Received: train message 5fd5aac8-5204-440d-a60f-a50b87dd6b2c
/home/dgxuser16/anaconda3/envs/ihpc/lib/python3.8/site-packages/torch/nn/modules/module.py:1640: FutureWarning: Using a non-full backward hook when the forward contains multiple autograd Nodes is deprecated and will be removed in future versions. This hook will be missing some grad_input. Please use register_full_backward_hook to get the documented behavior.
  self._maybe_warn_non_full_backward_hook(args, result, grad_fn)
[92mINFO [0m:      Sent reply
02/16/2025 04:27:28:INFO:Sent reply
[92mINFO [0m:      
02/16/2025 04:28:22:INFO:
[92mINFO [0m:      Received: evaluate message 89cc0f72-9133-4281-bfb5-76e38af593c7
02/16/2025 04:28:22:INFO:Received: evaluate message 89cc0f72-9133-4281-bfb5-76e38af593c7
[92mINFO [0m:      Sent reply
02/16/2025 04:33:07:INFO:Sent reply
[92mINFO [0m:      
02/16/2025 04:33:50:INFO:
[92mINFO [0m:      Received: train message d3181605-38e4-4abd-ba2c-dfaa01c7df84
02/16/2025 04:33:50:INFO:Received: train message d3181605-38e4-4abd-ba2c-dfaa01c7df84
/home/dgxuser16/anaconda3/envs/ihpc/lib/python3.8/site-packages/torch/nn/modules/module.py:1640: FutureWarning: Using a non-full backward hook when the forward contains multiple autograd Nodes is deprecated and will be removed in future versions. This hook will be missing some grad_input. Please use register_full_backward_hook to get the documented behavior.
  self._maybe_warn_non_full_backward_hook(args, result, grad_fn)
[92mINFO [0m:      Sent reply
02/16/2025 04:59:20:INFO:Sent reply
[92mINFO [0m:      
02/16/2025 04:59:54:INFO:
[92mINFO [0m:      Received: evaluate message 5ec21bc2-70af-4512-ac3b-f8bf359d6b56
02/16/2025 04:59:54:INFO:Received: evaluate message 5ec21bc2-70af-4512-ac3b-f8bf359d6b56
[92mINFO [0m:      Sent reply
02/16/2025 05:04:52:INFO:Sent reply
[92mINFO [0m:      
02/16/2025 05:04:54:INFO:
[92mINFO [0m:      Received: reconnect message 244f75a1-899c-40a1-9fc6-00f9389829e0
02/16/2025 05:04:54:INFO:Received: reconnect message 244f75a1-899c-40a1-9fc6-00f9389829e0
02/16/2025 05:04:54:DEBUG:gRPC channel closed
[92mINFO [0m:      Disconnect and shut down
02/16/2025 05:04:54:INFO:Disconnect and shut down
