nohup: ignoring input
02/17/2025 15:47:54:DEBUG:Opened insecure gRPC connection (no certificates were passed)
02/17/2025 15:47:54:DEBUG:ChannelConnectivity.IDLE
02/17/2025 15:47:54:DEBUG:ChannelConnectivity.CONNECTING
02/17/2025 15:47:54:DEBUG:ChannelConnectivity.READY
WARNING: All log messages before absl::InitializeLog() is called are written to STDERR
I0000 00:00:1739836074.756668  746105 fork_posix.cc:75] Other threads are currently calling into gRPC, skipping fork() handlers
[92mINFO [0m:      
02/17/2025 15:48:41:INFO:
[92mINFO [0m:      Received: train message 8ee0b541-80d9-44e0-9ead-9fbe42a7626e
02/17/2025 15:48:41:INFO:Received: train message 8ee0b541-80d9-44e0-9ead-9fbe42a7626e
/home/dgxuser16/anaconda3/envs/ihpc/lib/python3.8/site-packages/opacus/accountants/analysis/rdp.py:332: UserWarning: Optimal order is the largest alpha. Please consider expanding the range of alphas to get a tighter privacy bound.
  warnings.warn(
/home/dgxuser16/anaconda3/envs/ihpc/lib/python3.8/site-packages/opacus/privacy_engine.py:95: UserWarning: Secure RNG turned off. This is perfectly fine for experimentation as it allows for much faster training performance, but remember to turn it on and retrain one last time before production with ``secure_mode`` turned on.
  warnings.warn(
/home/dgxuser16/anaconda3/envs/ihpc/lib/python3.8/site-packages/torch/nn/modules/module.py:1640: FutureWarning: Using a non-full backward hook when the forward contains multiple autograd Nodes is deprecated and will be removed in future versions. This hook will be missing some grad_input. Please use register_full_backward_hook to get the documented behavior.
  self._maybe_warn_non_full_backward_hook(args, result, grad_fn)
[92mINFO [0m:      Sent reply
02/17/2025 15:49:16:INFO:Sent reply
[92mINFO [0m:      
02/17/2025 15:50:24:INFO:
[92mINFO [0m:      Received: evaluate message 63a633b6-c056-4a56-aef5-4a767288318e
02/17/2025 15:50:24:INFO:Received: evaluate message 63a633b6-c056-4a56-aef5-4a767288318e
/home/dgxuser16/anaconda3/envs/ihpc/lib/python3.8/site-packages/sklearn/metrics/_classification.py:1471: UndefinedMetricWarning: Precision is ill-defined and being set to 0.0 in labels with no predicted samples. Use `zero_division` parameter to control this behavior.
  _warn_prf(average, modifier, msg_start, len(result))
[92mINFO [0m:      Sent reply
02/17/2025 15:50:31:INFO:Sent reply
[92mINFO [0m:      
02/17/2025 15:51:09:INFO:
[92mINFO [0m:      Received: train message 4142291b-b0af-4981-8758-7a5447e8448d
02/17/2025 15:51:09:INFO:Received: train message 4142291b-b0af-4981-8758-7a5447e8448d
/home/dgxuser16/anaconda3/envs/ihpc/lib/python3.8/site-packages/opacus/accountants/analysis/rdp.py:332: UserWarning: Optimal order is the largest alpha. Please consider expanding the range of alphas to get a tighter privacy bound.
  warnings.warn(
/home/dgxuser16/anaconda3/envs/ihpc/lib/python3.8/site-packages/opacus/privacy_engine.py:95: UserWarning: Secure RNG turned off. This is perfectly fine for experimentation as it allows for much faster training performance, but remember to turn it on and retrain one last time before production with ``secure_mode`` turned on.
  warnings.warn(
/home/dgxuser16/anaconda3/envs/ihpc/lib/python3.8/site-packages/torch/nn/modules/module.py:1640: FutureWarning: Using a non-full backward hook when the forward contains multiple autograd Nodes is deprecated and will be removed in future versions. This hook will be missing some grad_input. Please use register_full_backward_hook to get the documented behavior.
  self._maybe_warn_non_full_backward_hook(args, result, grad_fn)
[92mINFO [0m:      Sent reply
02/17/2025 15:51:44:INFO:Sent reply
[92mINFO [0m:      
02/17/2025 15:52:55:INFO:
[92mINFO [0m:      Received: evaluate message adef8747-a5c4-488e-a2e1-7f9af206ee55
02/17/2025 15:52:55:INFO:Received: evaluate message adef8747-a5c4-488e-a2e1-7f9af206ee55
/home/dgxuser16/anaconda3/envs/ihpc/lib/python3.8/site-packages/sklearn/metrics/_classification.py:1471: UndefinedMetricWarning: Precision is ill-defined and being set to 0.0 in labels with no predicted samples. Use `zero_division` parameter to control this behavior.
  _warn_prf(average, modifier, msg_start, len(result))
[92mINFO [0m:      Sent reply
02/17/2025 15:52:58:INFO:Sent reply
[92mINFO [0m:      
02/17/2025 15:53:52:INFO:
[92mINFO [0m:      Received: train message 1d0c1584-bab0-4125-8f0b-b2b4806163ba
02/17/2025 15:53:52:INFO:Received: train message 1d0c1584-bab0-4125-8f0b-b2b4806163ba
/home/dgxuser16/anaconda3/envs/ihpc/lib/python3.8/site-packages/opacus/accountants/analysis/rdp.py:332: UserWarning: Optimal order is the largest alpha. Please consider expanding the range of alphas to get a tighter privacy bound.
  warnings.warn(
/home/dgxuser16/anaconda3/envs/ihpc/lib/python3.8/site-packages/opacus/privacy_engine.py:95: UserWarning: Secure RNG turned off. This is perfectly fine for experimentation as it allows for much faster training performance, but remember to turn it on and retrain one last time before production with ``secure_mode`` turned on.
  warnings.warn(
/home/dgxuser16/anaconda3/envs/ihpc/lib/python3.8/site-packages/torch/nn/modules/module.py:1640: FutureWarning: Using a non-full backward hook when the forward contains multiple autograd Nodes is deprecated and will be removed in future versions. This hook will be missing some grad_input. Please use register_full_backward_hook to get the documented behavior.
  self._maybe_warn_non_full_backward_hook(args, result, grad_fn)
[92mINFO [0m:      Sent reply
02/17/2025 15:54:26:INFO:Sent reply
[92mINFO [0m:      
02/17/2025 15:55:25:INFO:
[92mINFO [0m:      Received: evaluate message 663ea359-ba62-46a0-978c-3a958929dc39
02/17/2025 15:55:25:INFO:Received: evaluate message 663ea359-ba62-46a0-978c-3a958929dc39
/home/dgxuser16/anaconda3/envs/ihpc/lib/python3.8/site-packages/sklearn/metrics/_classification.py:1471: UndefinedMetricWarning: Precision is ill-defined and being set to 0.0 in labels with no predicted samples. Use `zero_division` parameter to control this behavior.
  _warn_prf(average, modifier, msg_start, len(result))
[92mINFO [0m:      Sent reply
02/17/2025 15:55:30:INFO:Sent reply
[92mINFO [0m:      
02/17/2025 15:56:17:INFO:
[92mINFO [0m:      Received: train message aef1e2d6-e520-4df5-b8ee-127ae5d7a06a
02/17/2025 15:56:17:INFO:Received: train message aef1e2d6-e520-4df5-b8ee-127ae5d7a06a
/home/dgxuser16/anaconda3/envs/ihpc/lib/python3.8/site-packages/opacus/accountants/analysis/rdp.py:332: UserWarning: Optimal order is the largest alpha. Please consider expanding the range of alphas to get a tighter privacy bound.
  warnings.warn(
/home/dgxuser16/anaconda3/envs/ihpc/lib/python3.8/site-packages/opacus/privacy_engine.py:95: UserWarning: Secure RNG turned off. This is perfectly fine for experimentation as it allows for much faster training performance, but remember to turn it on and retrain one last time before production with ``secure_mode`` turned on.
  warnings.warn(
/home/dgxuser16/anaconda3/envs/ihpc/lib/python3.8/site-packages/torch/nn/modules/module.py:1640: FutureWarning: Using a non-full backward hook when the forward contains multiple autograd Nodes is deprecated and will be removed in future versions. This hook will be missing some grad_input. Please use register_full_backward_hook to get the documented behavior.
  self._maybe_warn_non_full_backward_hook(args, result, grad_fn)
[92mINFO [0m:      Sent reply
02/17/2025 15:56:52:INFO:Sent reply
[92mINFO [0m:      
02/17/2025 15:57:42:INFO:
[92mINFO [0m:      Received: evaluate message f0d9b080-c000-4f03-b8d9-40d3eebac48e
02/17/2025 15:57:42:INFO:Received: evaluate message f0d9b080-c000-4f03-b8d9-40d3eebac48e
/home/dgxuser16/anaconda3/envs/ihpc/lib/python3.8/site-packages/sklearn/metrics/_classification.py:1471: UndefinedMetricWarning: Precision is ill-defined and being set to 0.0 in labels with no predicted samples. Use `zero_division` parameter to control this behavior.
  _warn_prf(average, modifier, msg_start, len(result))
[92mINFO [0m:      Sent reply
02/17/2025 15:57:46:INFO:Sent reply
[92mINFO [0m:      
02/17/2025 15:58:32:INFO:
[92mINFO [0m:      Received: train message 856bfcc2-6bf6-464b-8943-1635e63c978d
02/17/2025 15:58:32:INFO:Received: train message 856bfcc2-6bf6-464b-8943-1635e63c978d
/home/dgxuser16/anaconda3/envs/ihpc/lib/python3.8/site-packages/opacus/accountants/analysis/rdp.py:332: UserWarning: Optimal order is the largest alpha. Please consider expanding the range of alphas to get a tighter privacy bound.
  warnings.warn(
/home/dgxuser16/anaconda3/envs/ihpc/lib/python3.8/site-packages/opacus/privacy_engine.py:95: UserWarning: Secure RNG turned off. This is perfectly fine for experimentation as it allows for much faster training performance, but remember to turn it on and retrain one last time before production with ``secure_mode`` turned on.
  warnings.warn(
/home/dgxuser16/anaconda3/envs/ihpc/lib/python3.8/site-packages/torch/nn/modules/module.py:1640: FutureWarning: Using a non-full backward hook when the forward contains multiple autograd Nodes is deprecated and will be removed in future versions. This hook will be missing some grad_input. Please use register_full_backward_hook to get the documented behavior.
  self._maybe_warn_non_full_backward_hook(args, result, grad_fn)
[92mINFO [0m:      Sent reply
02/17/2025 15:59:05:INFO:Sent reply
[92mINFO [0m:      
02/17/2025 16:00:00:INFO:
[92mINFO [0m:      Received: evaluate message 7497701b-1e31-45b6-9b40-e142524a8744
02/17/2025 16:00:00:INFO:Received: evaluate message 7497701b-1e31-45b6-9b40-e142524a8744
/home/dgxuser16/anaconda3/envs/ihpc/lib/python3.8/site-packages/sklearn/metrics/_classification.py:1471: UndefinedMetricWarning: Precision is ill-defined and being set to 0.0 in labels with no predicted samples. Use `zero_division` parameter to control this behavior.
  _warn_prf(average, modifier, msg_start, len(result))
[92mINFO [0m:      Sent reply
02/17/2025 16:00:04:INFO:Sent reply
[92mINFO [0m:      
02/17/2025 16:00:54:INFO:
[92mINFO [0m:      Received: train message 59d3b011-8c78-45eb-8778-598e1ee68d57
02/17/2025 16:00:54:INFO:Received: train message 59d3b011-8c78-45eb-8778-598e1ee68d57
/home/dgxuser16/anaconda3/envs/ihpc/lib/python3.8/site-packages/opacus/accountants/analysis/rdp.py:332: UserWarning: Optimal order is the largest alpha. Please consider expanding the range of alphas to get a tighter privacy bound.
  warnings.warn(
/home/dgxuser16/anaconda3/envs/ihpc/lib/python3.8/site-packages/opacus/privacy_engine.py:95: UserWarning: Secure RNG turned off. This is perfectly fine for experimentation as it allows for much faster training performance, but remember to turn it on and retrain one last time before production with ``secure_mode`` turned on.
  warnings.warn(
/home/dgxuser16/anaconda3/envs/ihpc/lib/python3.8/site-packages/torch/nn/modules/module.py:1640: FutureWarning: Using a non-full backward hook when the forward contains multiple autograd Nodes is deprecated and will be removed in future versions. This hook will be missing some grad_input. Please use register_full_backward_hook to get the documented behavior.
  self._maybe_warn_non_full_backward_hook(args, result, grad_fn)
[92mINFO [0m:      Sent reply
02/17/2025 16:01:27:INFO:Sent reply
[92mINFO [0m:      
02/17/2025 16:02:25:INFO:
[92mINFO [0m:      Received: evaluate message 247aa152-3d5a-41b5-b097-763756eafabc
02/17/2025 16:02:25:INFO:Received: evaluate message 247aa152-3d5a-41b5-b097-763756eafabc
/home/dgxuser16/anaconda3/envs/ihpc/lib/python3.8/site-packages/sklearn/metrics/_classification.py:1471: UndefinedMetricWarning: Precision is ill-defined and being set to 0.0 in labels with no predicted samples. Use `zero_division` parameter to control this behavior.
  _warn_prf(average, modifier, msg_start, len(result))
[92mINFO [0m:      Sent reply
02/17/2025 16:02:30:INFO:Sent reply
[92mINFO [0m:      
02/17/2025 16:03:16:INFO:
[92mINFO [0m:      Received: train message 62d3062e-4da9-4704-ba21-65c5c49a026b
02/17/2025 16:03:16:INFO:Received: train message 62d3062e-4da9-4704-ba21-65c5c49a026b
/home/dgxuser16/anaconda3/envs/ihpc/lib/python3.8/site-packages/opacus/accountants/analysis/rdp.py:332: UserWarning: Optimal order is the largest alpha. Please consider expanding the range of alphas to get a tighter privacy bound.
  warnings.warn(
/home/dgxuser16/anaconda3/envs/ihpc/lib/python3.8/site-packages/opacus/privacy_engine.py:95: UserWarning: Secure RNG turned off. This is perfectly fine for experimentation as it allows for much faster training performance, but remember to turn it on and retrain one last time before production with ``secure_mode`` turned on.
  warnings.warn(
/home/dgxuser16/anaconda3/envs/ihpc/lib/python3.8/site-packages/torch/nn/modules/module.py:1640: FutureWarning: Using a non-full backward hook when the forward contains multiple autograd Nodes is deprecated and will be removed in future versions. This hook will be missing some grad_input. Please use register_full_backward_hook to get the documented behavior.
  self._maybe_warn_non_full_backward_hook(args, result, grad_fn)
[92mINFO [0m:      Sent reply
02/17/2025 16:03:48:INFO:Sent reply
[92mINFO [0m:      
02/17/2025 16:04:35:INFO:
[92mINFO [0m:      Received: evaluate message 166acd81-ab20-4636-b52c-6b24e5fd503f
02/17/2025 16:04:35:INFO:Received: evaluate message 166acd81-ab20-4636-b52c-6b24e5fd503f
Params:
 batch_size: 32, local_epochs: 3, full_dataset_size: 6400, num_classes: 4

Privacy Params:
 epsilon: 10.0, target_epsilon: 10.0, target_delta: 1e-05

Device: cuda:0

Step 1a: Client Initialized
Step 1b: Recomputing FIM for epoch 1
Step 2a: Compute base noise multiplier
Step 2b: Update noise multiplier dynamically
Step 2c: Re-initialize PrivacyEngine
Step 2d: Make model private
Step 2e: Perform local DP training
Training the model with the following parameters:
Epochs: 3, Trainloader Size: 589, Optimizer: Adam (
Parameter Group 0
    amsgrad: False
    betas: (0.9, 0.999)
    capturable: False
    differentiable: False
    eps: 1e-08
    foreach: None
    fused: None
    lr: 0.001
    maximize: False
    weight_decay: 0
)

Step 2f: Log training details
Step 3: Evaluate the model locally

{'loss': [1.0687566571537641], 'accuracy': [0.5019546520719312], 'auc': [0.6986701753423364], 'precision': [0.38037888704227396], 'recall': [0.5019546520719312], 'f1': [0.3517787415301462]}

Step 1b: Recomputing FIM for epoch 2
Step 2a: Compute base noise multiplier
Step 2b: Update noise multiplier dynamically
Step 2c: Re-initialize PrivacyEngine
Step 2d: Make model private
Step 2e: Perform local DP training
Training the model with the following parameters:
Epochs: 3, Trainloader Size: 589, Optimizer: Adam (
Parameter Group 0
    amsgrad: False
    betas: (0.9, 0.999)
    capturable: False
    differentiable: False
    eps: 1e-08
    foreach: None
    fused: None
    lr: 0.001
    maximize: False
    weight_decay: 0
)

Step 2f: Log training details
Step 3: Evaluate the model locally

{'loss': [1.0687566571537641, 0.9893743414912399], 'accuracy': [0.5019546520719312, 0.5238467552775606], 'auc': [0.6986701753423364, 0.7120963034009588], 'precision': [0.38037888704227396, 0.42062340750475286], 'recall': [0.5019546520719312, 0.5238467552775606], 'f1': [0.3517787415301462, 0.44438737167431464]}

Step 1b: Recomputing FIM for epoch 3
Step 2a: Compute base noise multiplier
Step 2b: Update noise multiplier dynamically
Step 2c: Re-initialize PrivacyEngine
Step 2d: Make model private
Step 2e: Perform local DP training
Training the model with the following parameters:
Epochs: 3, Trainloader Size: 589, Optimizer: Adam (
Parameter Group 0
    amsgrad: False
    betas: (0.9, 0.999)
    capturable: False
    differentiable: False
    eps: 1e-08
    foreach: None
    fused: None
    lr: 0.001
    maximize: False
    weight_decay: 0
)

Step 2f: Log training details
Step 3: Evaluate the model locally

{'loss': [1.0687566571537641, 0.9893743414912399, 1.1004252182123155], 'accuracy': [0.5019546520719312, 0.5238467552775606, 0.5121188428459734], 'auc': [0.6986701753423364, 0.7120963034009588, 0.7186323312711538], 'precision': [0.38037888704227396, 0.42062340750475286, 0.4097598380065668], 'recall': [0.5019546520719312, 0.5238467552775606, 0.5121188428459734], 'f1': [0.3517787415301462, 0.44438737167431464, 0.39715407745242765]}

Step 1b: Recomputing FIM for epoch 4
Step 2a: Compute base noise multiplier
Step 2b: Update noise multiplier dynamically
Step 2c: Re-initialize PrivacyEngine
Step 2d: Make model private
Step 2e: Perform local DP training
Training the model with the following parameters:
Epochs: 3, Trainloader Size: 589, Optimizer: Adam (
Parameter Group 0
    amsgrad: False
    betas: (0.9, 0.999)
    capturable: False
    differentiable: False
    eps: 1e-08
    foreach: None
    fused: None
    lr: 0.001
    maximize: False
    weight_decay: 0
)

Step 2f: Log training details
Step 3: Evaluate the model locally

{'loss': [1.0687566571537641, 0.9893743414912399, 1.1004252182123155, 1.0818013890447609], 'accuracy': [0.5019546520719312, 0.5238467552775606, 0.5121188428459734, 0.5285379202501954], 'auc': [0.6986701753423364, 0.7120963034009588, 0.7186323312711538, 0.7216920114931341], 'precision': [0.38037888704227396, 0.42062340750475286, 0.4097598380065668, 0.42690403985590775], 'recall': [0.5019546520719312, 0.5238467552775606, 0.5121188428459734, 0.5285379202501954], 'f1': [0.3517787415301462, 0.44438737167431464, 0.39715407745242765, 0.44232164693526216]}

Step 1b: Recomputing FIM for epoch 5
Step 2a: Compute base noise multiplier
Step 2b: Update noise multiplier dynamically
Step 2c: Re-initialize PrivacyEngine
Step 2d: Make model private
Step 2e: Perform local DP training
Training the model with the following parameters:
Epochs: 3, Trainloader Size: 589, Optimizer: Adam (
Parameter Group 0
    amsgrad: False
    betas: (0.9, 0.999)
    capturable: False
    differentiable: False
    eps: 1e-08
    foreach: None
    fused: None
    lr: 0.001
    maximize: False
    weight_decay: 0
)

Step 2f: Log training details
Step 3: Evaluate the model locally

{'loss': [1.0687566571537641, 0.9893743414912399, 1.1004252182123155, 1.0818013890447609, 1.094060481107263], 'accuracy': [0.5019546520719312, 0.5238467552775606, 0.5121188428459734, 0.5285379202501954, 0.524628616106333], 'auc': [0.6986701753423364, 0.7120963034009588, 0.7186323312711538, 0.7216920114931341, 0.7275424710012472], 'precision': [0.38037888704227396, 0.42062340750475286, 0.4097598380065668, 0.42690403985590775, 0.42397322319169584], 'recall': [0.5019546520719312, 0.5238467552775606, 0.5121188428459734, 0.5285379202501954, 0.524628616106333], 'f1': [0.3517787415301462, 0.44438737167431464, 0.39715407745242765, 0.44232164693526216, 0.43460286688886113]}

Step 1b: Recomputing FIM for epoch 6
Step 2a: Compute base noise multiplier
Step 2b: Update noise multiplier dynamically
Step 2c: Re-initialize PrivacyEngine
Step 2d: Make model private
Step 2e: Perform local DP training
Training the model with the following parameters:
Epochs: 3, Trainloader Size: 589, Optimizer: Adam (
Parameter Group 0
    amsgrad: False
    betas: (0.9, 0.999)
    capturable: False
    differentiable: False
    eps: 1e-08
    foreach: None
    fused: None
    lr: 0.001
    maximize: False
    weight_decay: 0
)

Step 2f: Log training details
Step 3: Evaluate the model locally

{'loss': [1.0687566571537641, 0.9893743414912399, 1.1004252182123155, 1.0818013890447609, 1.094060481107263, 1.056026972253589], 'accuracy': [0.5019546520719312, 0.5238467552775606, 0.5121188428459734, 0.5285379202501954, 0.524628616106333, 0.5371383893666928], 'auc': [0.6986701753423364, 0.7120963034009588, 0.7186323312711538, 0.7216920114931341, 0.7275424710012472, 0.7176201793158019], 'precision': [0.38037888704227396, 0.42062340750475286, 0.4097598380065668, 0.42690403985590775, 0.42397322319169584, 0.43734341102358015], 'recall': [0.5019546520719312, 0.5238467552775606, 0.5121188428459734, 0.5285379202501954, 0.524628616106333, 0.5371383893666928], 'f1': [0.3517787415301462, 0.44438737167431464, 0.39715407745242765, 0.44232164693526216, 0.43460286688886113, 0.469538955668525]}

Step 1b: Recomputing FIM for epoch 7
Step 2a: Compute base noise multiplier
Step 2b: Update noise multiplier dynamically
Step 2c: Re-initialize PrivacyEngine
Step 2d: Make model private
Step 2e: Perform local DP training
Training the model with the following parameters:
Epochs: 3, Trainloader Size: 589, Optimizer: Adam (
Parameter Group 0
    amsgrad: False
    betas: (0.9, 0.999)
    capturable: False
    differentiable: False
    eps: 1e-08
    foreach: None
    fused: None
    lr: 0.001
    maximize: False
    weight_decay: 0
)

Step 2f: Log training details
Step 3: Evaluate the model locally
/home/dgxuser16/anaconda3/envs/ihpc/lib/python3.8/site-packages/sklearn/metrics/_classification.py:1471: UndefinedMetricWarning: Precision is ill-defined and being set to 0.0 in labels with no predicted samples. Use `zero_division` parameter to control this behavior.
  _warn_prf(average, modifier, msg_start, len(result))
[92mINFO [0m:      Sent reply
02/17/2025 16:04:38:INFO:Sent reply
[92mINFO [0m:      
02/17/2025 16:05:12:INFO:
[92mINFO [0m:      Received: train message 6dd8754e-896c-443e-b130-8d271af99aac
02/17/2025 16:05:12:INFO:Received: train message 6dd8754e-896c-443e-b130-8d271af99aac
/home/dgxuser16/anaconda3/envs/ihpc/lib/python3.8/site-packages/opacus/accountants/analysis/rdp.py:332: UserWarning: Optimal order is the largest alpha. Please consider expanding the range of alphas to get a tighter privacy bound.
  warnings.warn(
/home/dgxuser16/anaconda3/envs/ihpc/lib/python3.8/site-packages/opacus/privacy_engine.py:95: UserWarning: Secure RNG turned off. This is perfectly fine for experimentation as it allows for much faster training performance, but remember to turn it on and retrain one last time before production with ``secure_mode`` turned on.
  warnings.warn(
/home/dgxuser16/anaconda3/envs/ihpc/lib/python3.8/site-packages/torch/nn/modules/module.py:1640: FutureWarning: Using a non-full backward hook when the forward contains multiple autograd Nodes is deprecated and will be removed in future versions. This hook will be missing some grad_input. Please use register_full_backward_hook to get the documented behavior.
  self._maybe_warn_non_full_backward_hook(args, result, grad_fn)
[92mINFO [0m:      Sent reply
02/17/2025 16:05:45:INFO:Sent reply
[92mINFO [0m:      
02/17/2025 16:06:50:INFO:
[92mINFO [0m:      Received: evaluate message 17e386b4-26ef-4e87-8f16-c7c960eecfea
02/17/2025 16:06:50:INFO:Received: evaluate message 17e386b4-26ef-4e87-8f16-c7c960eecfea
/home/dgxuser16/anaconda3/envs/ihpc/lib/python3.8/site-packages/sklearn/metrics/_classification.py:1471: UndefinedMetricWarning: Precision is ill-defined and being set to 0.0 in labels with no predicted samples. Use `zero_division` parameter to control this behavior.
  _warn_prf(average, modifier, msg_start, len(result))
[92mINFO [0m:      Sent reply
02/17/2025 16:06:53:INFO:Sent reply
[92mINFO [0m:      
02/17/2025 16:07:46:INFO:
[92mINFO [0m:      Received: train message 214345a5-0836-4354-a9d9-559f1c750333
02/17/2025 16:07:46:INFO:Received: train message 214345a5-0836-4354-a9d9-559f1c750333
/home/dgxuser16/anaconda3/envs/ihpc/lib/python3.8/site-packages/opacus/accountants/analysis/rdp.py:332: UserWarning: Optimal order is the largest alpha. Please consider expanding the range of alphas to get a tighter privacy bound.
  warnings.warn(
/home/dgxuser16/anaconda3/envs/ihpc/lib/python3.8/site-packages/opacus/privacy_engine.py:95: UserWarning: Secure RNG turned off. This is perfectly fine for experimentation as it allows for much faster training performance, but remember to turn it on and retrain one last time before production with ``secure_mode`` turned on.
  warnings.warn(
/home/dgxuser16/anaconda3/envs/ihpc/lib/python3.8/site-packages/torch/nn/modules/module.py:1640: FutureWarning: Using a non-full backward hook when the forward contains multiple autograd Nodes is deprecated and will be removed in future versions. This hook will be missing some grad_input. Please use register_full_backward_hook to get the documented behavior.
  self._maybe_warn_non_full_backward_hook(args, result, grad_fn)
[92mINFO [0m:      Sent reply
02/17/2025 16:08:20:INFO:Sent reply
[92mINFO [0m:      
02/17/2025 16:09:23:INFO:
[92mINFO [0m:      Received: evaluate message bdb56767-7dbc-406c-ae4e-edb45849eaee
02/17/2025 16:09:23:INFO:Received: evaluate message bdb56767-7dbc-406c-ae4e-edb45849eaee
/home/dgxuser16/anaconda3/envs/ihpc/lib/python3.8/site-packages/sklearn/metrics/_classification.py:1471: UndefinedMetricWarning: Precision is ill-defined and being set to 0.0 in labels with no predicted samples. Use `zero_division` parameter to control this behavior.
  _warn_prf(average, modifier, msg_start, len(result))
[92mINFO [0m:      Sent reply
02/17/2025 16:09:26:INFO:Sent reply
[92mINFO [0m:      
02/17/2025 16:09:45:INFO:
[92mINFO [0m:      Received: train message 11bf653d-5de7-4a53-8d8b-86e0b88bd27e
02/17/2025 16:09:45:INFO:Received: train message 11bf653d-5de7-4a53-8d8b-86e0b88bd27e
/home/dgxuser16/anaconda3/envs/ihpc/lib/python3.8/site-packages/opacus/accountants/analysis/rdp.py:332: UserWarning: Optimal order is the largest alpha. Please consider expanding the range of alphas to get a tighter privacy bound.
  warnings.warn(
/home/dgxuser16/anaconda3/envs/ihpc/lib/python3.8/site-packages/opacus/privacy_engine.py:95: UserWarning: Secure RNG turned off. This is perfectly fine for experimentation as it allows for much faster training performance, but remember to turn it on and retrain one last time before production with ``secure_mode`` turned on.
  warnings.warn(
/home/dgxuser16/anaconda3/envs/ihpc/lib/python3.8/site-packages/torch/nn/modules/module.py:1640: FutureWarning: Using a non-full backward hook when the forward contains multiple autograd Nodes is deprecated and will be removed in future versions. This hook will be missing some grad_input. Please use register_full_backward_hook to get the documented behavior.
  self._maybe_warn_non_full_backward_hook(args, result, grad_fn)
[92mINFO [0m:      Sent reply
02/17/2025 16:10:24:INFO:Sent reply
[92mINFO [0m:      
02/17/2025 16:11:43:INFO:
[92mINFO [0m:      Received: evaluate message 0cde3b15-9d64-483c-8775-7ba819a39232
02/17/2025 16:11:43:INFO:Received: evaluate message 0cde3b15-9d64-483c-8775-7ba819a39232
/home/dgxuser16/anaconda3/envs/ihpc/lib/python3.8/site-packages/sklearn/metrics/_classification.py:1471: UndefinedMetricWarning: Precision is ill-defined and being set to 0.0 in labels with no predicted samples. Use `zero_division` parameter to control this behavior.
  _warn_prf(average, modifier, msg_start, len(result))
[92mINFO [0m:      Sent reply
02/17/2025 16:11:47:INFO:Sent reply
[92mINFO [0m:      
02/17/2025 16:12:16:INFO:
[92mINFO [0m:      Received: train message 946534d1-6d68-46ef-8a55-4d02ad6e813a
02/17/2025 16:12:16:INFO:Received: train message 946534d1-6d68-46ef-8a55-4d02ad6e813a
/home/dgxuser16/anaconda3/envs/ihpc/lib/python3.8/site-packages/opacus/accountants/analysis/rdp.py:332: UserWarning: Optimal order is the largest alpha. Please consider expanding the range of alphas to get a tighter privacy bound.
  warnings.warn(
/home/dgxuser16/anaconda3/envs/ihpc/lib/python3.8/site-packages/opacus/privacy_engine.py:95: UserWarning: Secure RNG turned off. This is perfectly fine for experimentation as it allows for much faster training performance, but remember to turn it on and retrain one last time before production with ``secure_mode`` turned on.
  warnings.warn(
/home/dgxuser16/anaconda3/envs/ihpc/lib/python3.8/site-packages/torch/nn/modules/module.py:1640: FutureWarning: Using a non-full backward hook when the forward contains multiple autograd Nodes is deprecated and will be removed in future versions. This hook will be missing some grad_input. Please use register_full_backward_hook to get the documented behavior.
  self._maybe_warn_non_full_backward_hook(args, result, grad_fn)
[92mINFO [0m:      Sent reply
02/17/2025 16:12:46:INFO:Sent reply
[92mINFO [0m:      
02/17/2025 16:14:05:INFO:
[92mINFO [0m:      Received: evaluate message 26ac6539-b615-42c2-9950-4f65d2a05ec7
02/17/2025 16:14:05:INFO:Received: evaluate message 26ac6539-b615-42c2-9950-4f65d2a05ec7
/home/dgxuser16/anaconda3/envs/ihpc/lib/python3.8/site-packages/sklearn/metrics/_classification.py:1471: UndefinedMetricWarning: Precision is ill-defined and being set to 0.0 in labels with no predicted samples. Use `zero_division` parameter to control this behavior.
  _warn_prf(average, modifier, msg_start, len(result))
[92mINFO [0m:      Sent reply
02/17/2025 16:14:09:INFO:Sent reply
[92mINFO [0m:      
02/17/2025 16:14:52:INFO:
[92mINFO [0m:      Received: train message d08f2730-5e78-44a7-8631-3875c0131c1f
02/17/2025 16:14:52:INFO:Received: train message d08f2730-5e78-44a7-8631-3875c0131c1f

{'loss': [1.0687566571537641, 0.9893743414912399, 1.1004252182123155, 1.0818013890447609, 1.094060481107263, 1.056026972253589, 1.0679835235820887], 'accuracy': [0.5019546520719312, 0.5238467552775606, 0.5121188428459734, 0.5285379202501954, 0.524628616106333, 0.5371383893666928, 0.5340109460516028], 'auc': [0.6986701753423364, 0.7120963034009588, 0.7186323312711538, 0.7216920114931341, 0.7275424710012472, 0.7176201793158019, 0.7208481283081412], 'precision': [0.38037888704227396, 0.42062340750475286, 0.4097598380065668, 0.42690403985590775, 0.42397322319169584, 0.43734341102358015, 0.43331721016183977], 'recall': [0.5019546520719312, 0.5238467552775606, 0.5121188428459734, 0.5285379202501954, 0.524628616106333, 0.5371383893666928, 0.5340109460516028], 'f1': [0.3517787415301462, 0.44438737167431464, 0.39715407745242765, 0.44232164693526216, 0.43460286688886113, 0.469538955668525, 0.4648170078711284]}

Step 1b: Recomputing FIM for epoch 8
Step 2a: Compute base noise multiplier
Step 2b: Update noise multiplier dynamically
Step 2c: Re-initialize PrivacyEngine
Step 2d: Make model private
Step 2e: Perform local DP training
Training the model with the following parameters:
Epochs: 3, Trainloader Size: 589, Optimizer: Adam (
Parameter Group 0
    amsgrad: False
    betas: (0.9, 0.999)
    capturable: False
    differentiable: False
    eps: 1e-08
    foreach: None
    fused: None
    lr: 0.001
    maximize: False
    weight_decay: 0
)

Step 2f: Log training details
Step 3: Evaluate the model locally

{'loss': [1.0687566571537641, 0.9893743414912399, 1.1004252182123155, 1.0818013890447609, 1.094060481107263, 1.056026972253589, 1.0679835235820887, 1.0759543025745275], 'accuracy': [0.5019546520719312, 0.5238467552775606, 0.5121188428459734, 0.5285379202501954, 0.524628616106333, 0.5371383893666928, 0.5340109460516028, 0.5347928068803753], 'auc': [0.6986701753423364, 0.7120963034009588, 0.7186323312711538, 0.7216920114931341, 0.7275424710012472, 0.7176201793158019, 0.7208481283081412, 0.7193091042910686], 'precision': [0.38037888704227396, 0.42062340750475286, 0.4097598380065668, 0.42690403985590775, 0.42397322319169584, 0.43734341102358015, 0.43331721016183977, 0.4335265855686629], 'recall': [0.5019546520719312, 0.5238467552775606, 0.5121188428459734, 0.5285379202501954, 0.524628616106333, 0.5371383893666928, 0.5340109460516028, 0.5347928068803753], 'f1': [0.3517787415301462, 0.44438737167431464, 0.39715407745242765, 0.44232164693526216, 0.43460286688886113, 0.469538955668525, 0.4648170078711284, 0.4645651994622656]}

Step 1b: Recomputing FIM for epoch 9
Step 2a: Compute base noise multiplier
Step 2b: Update noise multiplier dynamically
Step 2c: Re-initialize PrivacyEngine
Step 2d: Make model private
Step 2e: Perform local DP training
Training the model with the following parameters:
Epochs: 3, Trainloader Size: 589, Optimizer: Adam (
Parameter Group 0
    amsgrad: False
    betas: (0.9, 0.999)
    capturable: False
    differentiable: False
    eps: 1e-08
    foreach: None
    fused: None
    lr: 0.001
    maximize: False
    weight_decay: 0
)

Step 2f: Log training details
Step 3: Evaluate the model locally

{'loss': [1.0687566571537641, 0.9893743414912399, 1.1004252182123155, 1.0818013890447609, 1.094060481107263, 1.056026972253589, 1.0679835235820887, 1.0759543025745275, 1.111851721000075], 'accuracy': [0.5019546520719312, 0.5238467552775606, 0.5121188428459734, 0.5285379202501954, 0.524628616106333, 0.5371383893666928, 0.5340109460516028, 0.5347928068803753, 0.5332290852228303], 'auc': [0.6986701753423364, 0.7120963034009588, 0.7186323312711538, 0.7216920114931341, 0.7275424710012472, 0.7176201793158019, 0.7208481283081412, 0.7193091042910686, 0.7279210743159527], 'precision': [0.38037888704227396, 0.42062340750475286, 0.4097598380065668, 0.42690403985590775, 0.42397322319169584, 0.43734341102358015, 0.43331721016183977, 0.4335265855686629, 0.43048859736707434], 'recall': [0.5019546520719312, 0.5238467552775606, 0.5121188428459734, 0.5285379202501954, 0.524628616106333, 0.5371383893666928, 0.5340109460516028, 0.5347928068803753, 0.5332290852228303], 'f1': [0.3517787415301462, 0.44438737167431464, 0.39715407745242765, 0.44232164693526216, 0.43460286688886113, 0.469538955668525, 0.4648170078711284, 0.4645651994622656, 0.454721226243876]}

Step 1b: Recomputing FIM for epoch 10
Step 2a: Compute base noise multiplier
Step 2b: Update noise multiplier dynamically
Step 2c: Re-initialize PrivacyEngine
Step 2d: Make model private
Step 2e: Perform local DP training
Training the model with the following parameters:
Epochs: 3, Trainloader Size: 589, Optimizer: Adam (
Parameter Group 0
    amsgrad: False
    betas: (0.9, 0.999)
    capturable: False
    differentiable: False
    eps: 1e-08
    foreach: None
    fused: None
    lr: 0.001
    maximize: False
    weight_decay: 0
)

Step 2f: Log training details
Step 3: Evaluate the model locally

{'loss': [1.0687566571537641, 0.9893743414912399, 1.1004252182123155, 1.0818013890447609, 1.094060481107263, 1.056026972253589, 1.0679835235820887, 1.0759543025745275, 1.111851721000075, 1.0751895219483723], 'accuracy': [0.5019546520719312, 0.5238467552775606, 0.5121188428459734, 0.5285379202501954, 0.524628616106333, 0.5371383893666928, 0.5340109460516028, 0.5347928068803753, 0.5332290852228303, 0.5301016419077405], 'auc': [0.6986701753423364, 0.7120963034009588, 0.7186323312711538, 0.7216920114931341, 0.7275424710012472, 0.7176201793158019, 0.7208481283081412, 0.7193091042910686, 0.7279210743159527, 0.7289812126455901], 'precision': [0.38037888704227396, 0.42062340750475286, 0.4097598380065668, 0.42690403985590775, 0.42397322319169584, 0.43734341102358015, 0.43331721016183977, 0.4335265855686629, 0.43048859736707434, 0.431118124809729], 'recall': [0.5019546520719312, 0.5238467552775606, 0.5121188428459734, 0.5285379202501954, 0.524628616106333, 0.5371383893666928, 0.5340109460516028, 0.5347928068803753, 0.5332290852228303, 0.5301016419077405], 'f1': [0.3517787415301462, 0.44438737167431464, 0.39715407745242765, 0.44232164693526216, 0.43460286688886113, 0.469538955668525, 0.4648170078711284, 0.4645651994622656, 0.454721226243876, 0.46636271353041897]}

Step 1b: Recomputing FIM for epoch 11
Step 2a: Compute base noise multiplier
Step 2b: Update noise multiplier dynamically
Step 2c: Re-initialize PrivacyEngine
Step 2d: Make model private
Step 2e: Perform local DP training
Training the model with the following parameters:
Epochs: 3, Trainloader Size: 589, Optimizer: Adam (
Parameter Group 0
    amsgrad: False
    betas: (0.9, 0.999)
    capturable: False
    differentiable: False
    eps: 1e-08
    foreach: None
    fused: None
    lr: 0.001
    maximize: False
    weight_decay: 0
)

Step 2f: Log training details
Step 3: Evaluate the model locally

{'loss': [1.0687566571537641, 0.9893743414912399, 1.1004252182123155, 1.0818013890447609, 1.094060481107263, 1.056026972253589, 1.0679835235820887, 1.0759543025745275, 1.111851721000075, 1.0751895219483723, 1.117507877155987], 'accuracy': [0.5019546520719312, 0.5238467552775606, 0.5121188428459734, 0.5285379202501954, 0.524628616106333, 0.5371383893666928, 0.5340109460516028, 0.5347928068803753, 0.5332290852228303, 0.5301016419077405, 0.5308835027365129], 'auc': [0.6986701753423364, 0.7120963034009588, 0.7186323312711538, 0.7216920114931341, 0.7275424710012472, 0.7176201793158019, 0.7208481283081412, 0.7193091042910686, 0.7279210743159527, 0.7289812126455901, 0.735326314649987], 'precision': [0.38037888704227396, 0.42062340750475286, 0.4097598380065668, 0.42690403985590775, 0.42397322319169584, 0.43734341102358015, 0.43331721016183977, 0.4335265855686629, 0.43048859736707434, 0.431118124809729, 0.42873601314610466], 'recall': [0.5019546520719312, 0.5238467552775606, 0.5121188428459734, 0.5285379202501954, 0.524628616106333, 0.5371383893666928, 0.5340109460516028, 0.5347928068803753, 0.5332290852228303, 0.5301016419077405, 0.5308835027365129], 'f1': [0.3517787415301462, 0.44438737167431464, 0.39715407745242765, 0.44232164693526216, 0.43460286688886113, 0.469538955668525, 0.4648170078711284, 0.4645651994622656, 0.454721226243876, 0.46636271353041897, 0.4581111843010232]}

/home/dgxuser16/anaconda3/envs/ihpc/lib/python3.8/site-packages/opacus/accountants/analysis/rdp.py:332: UserWarning: Optimal order is the largest alpha. Please consider expanding the range of alphas to get a tighter privacy bound.
  warnings.warn(
/home/dgxuser16/anaconda3/envs/ihpc/lib/python3.8/site-packages/opacus/privacy_engine.py:95: UserWarning: Secure RNG turned off. This is perfectly fine for experimentation as it allows for much faster training performance, but remember to turn it on and retrain one last time before production with ``secure_mode`` turned on.
  warnings.warn(
/home/dgxuser16/anaconda3/envs/ihpc/lib/python3.8/site-packages/torch/nn/modules/module.py:1640: FutureWarning: Using a non-full backward hook when the forward contains multiple autograd Nodes is deprecated and will be removed in future versions. This hook will be missing some grad_input. Please use register_full_backward_hook to get the documented behavior.
  self._maybe_warn_non_full_backward_hook(args, result, grad_fn)
[92mINFO [0m:      Sent reply
02/17/2025 16:15:27:INFO:Sent reply
[92mINFO [0m:      
02/17/2025 16:16:21:INFO:
[92mINFO [0m:      Received: evaluate message 55178b23-ecdd-47c2-a5c4-c65e600e33d5
02/17/2025 16:16:21:INFO:Received: evaluate message 55178b23-ecdd-47c2-a5c4-c65e600e33d5
/home/dgxuser16/anaconda3/envs/ihpc/lib/python3.8/site-packages/sklearn/metrics/_classification.py:1471: UndefinedMetricWarning: Precision is ill-defined and being set to 0.0 in labels with no predicted samples. Use `zero_division` parameter to control this behavior.
  _warn_prf(average, modifier, msg_start, len(result))
[92mINFO [0m:      Sent reply
02/17/2025 16:16:25:INFO:Sent reply
[92mINFO [0m:      
02/17/2025 16:17:08:INFO:
[92mINFO [0m:      Received: train message 83af3693-70ef-4788-b356-d49feac51b37
02/17/2025 16:17:08:INFO:Received: train message 83af3693-70ef-4788-b356-d49feac51b37
/home/dgxuser16/anaconda3/envs/ihpc/lib/python3.8/site-packages/opacus/accountants/analysis/rdp.py:332: UserWarning: Optimal order is the largest alpha. Please consider expanding the range of alphas to get a tighter privacy bound.
  warnings.warn(
/home/dgxuser16/anaconda3/envs/ihpc/lib/python3.8/site-packages/opacus/privacy_engine.py:95: UserWarning: Secure RNG turned off. This is perfectly fine for experimentation as it allows for much faster training performance, but remember to turn it on and retrain one last time before production with ``secure_mode`` turned on.
  warnings.warn(
/home/dgxuser16/anaconda3/envs/ihpc/lib/python3.8/site-packages/torch/nn/modules/module.py:1640: FutureWarning: Using a non-full backward hook when the forward contains multiple autograd Nodes is deprecated and will be removed in future versions. This hook will be missing some grad_input. Please use register_full_backward_hook to get the documented behavior.
  self._maybe_warn_non_full_backward_hook(args, result, grad_fn)
[92mINFO [0m:      Sent reply
02/17/2025 16:17:43:INFO:Sent reply
[92mINFO [0m:      
02/17/2025 16:18:49:INFO:
[92mINFO [0m:      Received: evaluate message 80ae59ad-1657-41eb-883b-9bee89bddff0
02/17/2025 16:18:49:INFO:Received: evaluate message 80ae59ad-1657-41eb-883b-9bee89bddff0
/home/dgxuser16/anaconda3/envs/ihpc/lib/python3.8/site-packages/sklearn/metrics/_classification.py:1471: UndefinedMetricWarning: Precision is ill-defined and being set to 0.0 in labels with no predicted samples. Use `zero_division` parameter to control this behavior.
  _warn_prf(average, modifier, msg_start, len(result))
[92mINFO [0m:      Sent reply
02/17/2025 16:18:55:INFO:Sent reply
[92mINFO [0m:      
02/17/2025 16:19:37:INFO:
[92mINFO [0m:      Received: train message ce957c29-066f-46e6-b795-7696ccd4e1e9
02/17/2025 16:19:37:INFO:Received: train message ce957c29-066f-46e6-b795-7696ccd4e1e9
/home/dgxuser16/anaconda3/envs/ihpc/lib/python3.8/site-packages/opacus/accountants/analysis/rdp.py:332: UserWarning: Optimal order is the largest alpha. Please consider expanding the range of alphas to get a tighter privacy bound.
  warnings.warn(
/home/dgxuser16/anaconda3/envs/ihpc/lib/python3.8/site-packages/opacus/privacy_engine.py:95: UserWarning: Secure RNG turned off. This is perfectly fine for experimentation as it allows for much faster training performance, but remember to turn it on and retrain one last time before production with ``secure_mode`` turned on.
  warnings.warn(
/home/dgxuser16/anaconda3/envs/ihpc/lib/python3.8/site-packages/torch/nn/modules/module.py:1640: FutureWarning: Using a non-full backward hook when the forward contains multiple autograd Nodes is deprecated and will be removed in future versions. This hook will be missing some grad_input. Please use register_full_backward_hook to get the documented behavior.
  self._maybe_warn_non_full_backward_hook(args, result, grad_fn)
[92mINFO [0m:      Sent reply
02/17/2025 16:20:16:INFO:Sent reply
[92mINFO [0m:      
02/17/2025 16:20:55:INFO:
[92mINFO [0m:      Received: evaluate message b2636f78-1f24-4a99-8865-6bd6c4525629
02/17/2025 16:20:55:INFO:Received: evaluate message b2636f78-1f24-4a99-8865-6bd6c4525629
/home/dgxuser16/anaconda3/envs/ihpc/lib/python3.8/site-packages/sklearn/metrics/_classification.py:1471: UndefinedMetricWarning: Precision is ill-defined and being set to 0.0 in labels with no predicted samples. Use `zero_division` parameter to control this behavior.
  _warn_prf(average, modifier, msg_start, len(result))
[92mINFO [0m:      Sent reply
02/17/2025 16:21:01:INFO:Sent reply
[92mINFO [0m:      
02/17/2025 16:21:52:INFO:
[92mINFO [0m:      Received: train message 51d6e650-de5c-486d-8ca3-b7c4e0aeda91
02/17/2025 16:21:52:INFO:Received: train message 51d6e650-de5c-486d-8ca3-b7c4e0aeda91
/home/dgxuser16/anaconda3/envs/ihpc/lib/python3.8/site-packages/opacus/accountants/analysis/rdp.py:332: UserWarning: Optimal order is the largest alpha. Please consider expanding the range of alphas to get a tighter privacy bound.
  warnings.warn(
/home/dgxuser16/anaconda3/envs/ihpc/lib/python3.8/site-packages/opacus/privacy_engine.py:95: UserWarning: Secure RNG turned off. This is perfectly fine for experimentation as it allows for much faster training performance, but remember to turn it on and retrain one last time before production with ``secure_mode`` turned on.
  warnings.warn(
/home/dgxuser16/anaconda3/envs/ihpc/lib/python3.8/site-packages/torch/nn/modules/module.py:1640: FutureWarning: Using a non-full backward hook when the forward contains multiple autograd Nodes is deprecated and will be removed in future versions. This hook will be missing some grad_input. Please use register_full_backward_hook to get the documented behavior.
  self._maybe_warn_non_full_backward_hook(args, result, grad_fn)
[92mINFO [0m:      Sent reply
02/17/2025 16:22:30:INFO:Sent reply
[92mINFO [0m:      
02/17/2025 16:23:38:INFO:
[92mINFO [0m:      Received: evaluate message 18b92d63-3391-4a4d-b040-6752a586e2de
02/17/2025 16:23:38:INFO:Received: evaluate message 18b92d63-3391-4a4d-b040-6752a586e2de
Step 1b: Recomputing FIM for epoch 12
Step 2a: Compute base noise multiplier
Step 2b: Update noise multiplier dynamically
Step 2c: Re-initialize PrivacyEngine
Step 2d: Make model private
Step 2e: Perform local DP training
Training the model with the following parameters:
Epochs: 3, Trainloader Size: 589, Optimizer: Adam (
Parameter Group 0
    amsgrad: False
    betas: (0.9, 0.999)
    capturable: False
    differentiable: False
    eps: 1e-08
    foreach: None
    fused: None
    lr: 0.001
    maximize: False
    weight_decay: 0
)

Step 2f: Log training details
Step 3: Evaluate the model locally

{'loss': [1.0687566571537641, 0.9893743414912399, 1.1004252182123155, 1.0818013890447609, 1.094060481107263, 1.056026972253589, 1.0679835235820887, 1.0759543025745275, 1.111851721000075, 1.0751895219483723, 1.117507877155987, 1.139596953999726], 'accuracy': [0.5019546520719312, 0.5238467552775606, 0.5121188428459734, 0.5285379202501954, 0.524628616106333, 0.5371383893666928, 0.5340109460516028, 0.5347928068803753, 0.5332290852228303, 0.5301016419077405, 0.5308835027365129, 0.5301016419077405], 'auc': [0.6986701753423364, 0.7120963034009588, 0.7186323312711538, 0.7216920114931341, 0.7275424710012472, 0.7176201793158019, 0.7208481283081412, 0.7193091042910686, 0.7279210743159527, 0.7289812126455901, 0.735326314649987, 0.739154417117866], 'precision': [0.38037888704227396, 0.42062340750475286, 0.4097598380065668, 0.42690403985590775, 0.42397322319169584, 0.43734341102358015, 0.43331721016183977, 0.4335265855686629, 0.43048859736707434, 0.431118124809729, 0.42873601314610466, 0.4270757753689202], 'recall': [0.5019546520719312, 0.5238467552775606, 0.5121188428459734, 0.5285379202501954, 0.524628616106333, 0.5371383893666928, 0.5340109460516028, 0.5347928068803753, 0.5332290852228303, 0.5301016419077405, 0.5308835027365129, 0.5301016419077405], 'f1': [0.3517787415301462, 0.44438737167431464, 0.39715407745242765, 0.44232164693526216, 0.43460286688886113, 0.469538955668525, 0.4648170078711284, 0.4645651994622656, 0.454721226243876, 0.46636271353041897, 0.4581111843010232, 0.4541538607167792]}

Step 1b: Recomputing FIM for epoch 13
Step 2a: Compute base noise multiplier
Step 2b: Update noise multiplier dynamically
Step 2c: Re-initialize PrivacyEngine
Step 2d: Make model private
Step 2e: Perform local DP training
Training the model with the following parameters:
Epochs: 3, Trainloader Size: 589, Optimizer: Adam (
Parameter Group 0
    amsgrad: False
    betas: (0.9, 0.999)
    capturable: False
    differentiable: False
    eps: 1e-08
    foreach: None
    fused: None
    lr: 0.001
    maximize: False
    weight_decay: 0
)

Step 2f: Log training details
Step 3: Evaluate the model locally

{'loss': [1.0687566571537641, 0.9893743414912399, 1.1004252182123155, 1.0818013890447609, 1.094060481107263, 1.056026972253589, 1.0679835235820887, 1.0759543025745275, 1.111851721000075, 1.0751895219483723, 1.117507877155987, 1.139596953999726, 1.1623184890650138], 'accuracy': [0.5019546520719312, 0.5238467552775606, 0.5121188428459734, 0.5285379202501954, 0.524628616106333, 0.5371383893666928, 0.5340109460516028, 0.5347928068803753, 0.5332290852228303, 0.5301016419077405, 0.5308835027365129, 0.5301016419077405, 0.5261923377638781], 'auc': [0.6986701753423364, 0.7120963034009588, 0.7186323312711538, 0.7216920114931341, 0.7275424710012472, 0.7176201793158019, 0.7208481283081412, 0.7193091042910686, 0.7279210743159527, 0.7289812126455901, 0.735326314649987, 0.739154417117866, 0.7426858858402463], 'precision': [0.38037888704227396, 0.42062340750475286, 0.4097598380065668, 0.42690403985590775, 0.42397322319169584, 0.43734341102358015, 0.43331721016183977, 0.4335265855686629, 0.43048859736707434, 0.431118124809729, 0.42873601314610466, 0.4270757753689202, 0.42238257332349205], 'recall': [0.5019546520719312, 0.5238467552775606, 0.5121188428459734, 0.5285379202501954, 0.524628616106333, 0.5371383893666928, 0.5340109460516028, 0.5347928068803753, 0.5332290852228303, 0.5301016419077405, 0.5308835027365129, 0.5301016419077405, 0.5261923377638781], 'f1': [0.3517787415301462, 0.44438737167431464, 0.39715407745242765, 0.44232164693526216, 0.43460286688886113, 0.469538955668525, 0.4648170078711284, 0.4645651994622656, 0.454721226243876, 0.46636271353041897, 0.4581111843010232, 0.4541538607167792, 0.4478063924723909]}

Step 1b: Recomputing FIM for epoch 14
Step 2a: Compute base noise multiplier
Step 2b: Update noise multiplier dynamically
Step 2c: Re-initialize PrivacyEngine
Step 2d: Make model private
Step 2e: Perform local DP training
Training the model with the following parameters:
Epochs: 3, Trainloader Size: 589, Optimizer: Adam (
Parameter Group 0
    amsgrad: False
    betas: (0.9, 0.999)
    capturable: False
    differentiable: False
    eps: 1e-08
    foreach: None
    fused: None
    lr: 0.001
    maximize: False
    weight_decay: 0
)

Step 2f: Log training details
Step 3: Evaluate the model locally

{'loss': [1.0687566571537641, 0.9893743414912399, 1.1004252182123155, 1.0818013890447609, 1.094060481107263, 1.056026972253589, 1.0679835235820887, 1.0759543025745275, 1.111851721000075, 1.0751895219483723, 1.117507877155987, 1.139596953999726, 1.1623184890650138, 1.0981207749543478], 'accuracy': [0.5019546520719312, 0.5238467552775606, 0.5121188428459734, 0.5285379202501954, 0.524628616106333, 0.5371383893666928, 0.5340109460516028, 0.5347928068803753, 0.5332290852228303, 0.5301016419077405, 0.5308835027365129, 0.5301016419077405, 0.5261923377638781, 0.5449569976544175], 'auc': [0.6986701753423364, 0.7120963034009588, 0.7186323312711538, 0.7216920114931341, 0.7275424710012472, 0.7176201793158019, 0.7208481283081412, 0.7193091042910686, 0.7279210743159527, 0.7289812126455901, 0.735326314649987, 0.739154417117866, 0.7426858858402463, 0.7448234732108052], 'precision': [0.38037888704227396, 0.42062340750475286, 0.4097598380065668, 0.42690403985590775, 0.42397322319169584, 0.43734341102358015, 0.43331721016183977, 0.4335265855686629, 0.43048859736707434, 0.431118124809729, 0.42873601314610466, 0.4270757753689202, 0.42238257332349205, 0.44761302648855267], 'recall': [0.5019546520719312, 0.5238467552775606, 0.5121188428459734, 0.5285379202501954, 0.524628616106333, 0.5371383893666928, 0.5340109460516028, 0.5347928068803753, 0.5332290852228303, 0.5301016419077405, 0.5308835027365129, 0.5301016419077405, 0.5261923377638781, 0.5449569976544175], 'f1': [0.3517787415301462, 0.44438737167431464, 0.39715407745242765, 0.44232164693526216, 0.43460286688886113, 0.469538955668525, 0.4648170078711284, 0.4645651994622656, 0.454721226243876, 0.46636271353041897, 0.4581111843010232, 0.4541538607167792, 0.4478063924723909, 0.48504276130070706]}

Step 1b: Recomputing FIM for epoch 15
Step 2a: Compute base noise multiplier
Step 2b: Update noise multiplier dynamically
Step 2c: Re-initialize PrivacyEngine
Step 2d: Make model private
Step 2e: Perform local DP training
Training the model with the following parameters:
Epochs: 3, Trainloader Size: 589, Optimizer: Adam (
Parameter Group 0
    amsgrad: False
    betas: (0.9, 0.999)
    capturable: False
    differentiable: False
    eps: 1e-08
    foreach: None
    fused: None
    lr: 0.001
    maximize: False
    weight_decay: 0
)

Step 2f: Log training details
Step 3: Evaluate the model locally
/home/dgxuser16/anaconda3/envs/ihpc/lib/python3.8/site-packages/sklearn/metrics/_classification.py:1471: UndefinedMetricWarning: Precision is ill-defined and being set to 0.0 in labels with no predicted samples. Use `zero_division` parameter to control this behavior.
  _warn_prf(average, modifier, msg_start, len(result))
[92mINFO [0m:      Sent reply
02/17/2025 16:23:41:INFO:Sent reply
[92mINFO [0m:      
02/17/2025 16:24:08:INFO:
[92mINFO [0m:      Received: train message 5f70ccf6-a454-4e40-a1ab-890ab74b3e55
02/17/2025 16:24:08:INFO:Received: train message 5f70ccf6-a454-4e40-a1ab-890ab74b3e55
/home/dgxuser16/anaconda3/envs/ihpc/lib/python3.8/site-packages/opacus/accountants/analysis/rdp.py:332: UserWarning: Optimal order is the largest alpha. Please consider expanding the range of alphas to get a tighter privacy bound.
  warnings.warn(
/home/dgxuser16/anaconda3/envs/ihpc/lib/python3.8/site-packages/opacus/privacy_engine.py:95: UserWarning: Secure RNG turned off. This is perfectly fine for experimentation as it allows for much faster training performance, but remember to turn it on and retrain one last time before production with ``secure_mode`` turned on.
  warnings.warn(
/home/dgxuser16/anaconda3/envs/ihpc/lib/python3.8/site-packages/torch/nn/modules/module.py:1640: FutureWarning: Using a non-full backward hook when the forward contains multiple autograd Nodes is deprecated and will be removed in future versions. This hook will be missing some grad_input. Please use register_full_backward_hook to get the documented behavior.
  self._maybe_warn_non_full_backward_hook(args, result, grad_fn)
[92mINFO [0m:      Sent reply
02/17/2025 16:24:47:INFO:Sent reply
[92mINFO [0m:      
02/17/2025 16:25:47:INFO:
[92mINFO [0m:      Received: evaluate message 6b681fe5-d0ec-46b8-b638-64edff5052ad
02/17/2025 16:25:47:INFO:Received: evaluate message 6b681fe5-d0ec-46b8-b638-64edff5052ad
/home/dgxuser16/anaconda3/envs/ihpc/lib/python3.8/site-packages/sklearn/metrics/_classification.py:1471: UndefinedMetricWarning: Precision is ill-defined and being set to 0.0 in labels with no predicted samples. Use `zero_division` parameter to control this behavior.
  _warn_prf(average, modifier, msg_start, len(result))
[92mINFO [0m:      Sent reply
02/17/2025 16:25:51:INFO:Sent reply
[92mINFO [0m:      
02/17/2025 16:26:26:INFO:
[92mINFO [0m:      Received: train message 1c63f455-abcb-4ff8-9993-99016cc21e93
02/17/2025 16:26:26:INFO:Received: train message 1c63f455-abcb-4ff8-9993-99016cc21e93
/home/dgxuser16/anaconda3/envs/ihpc/lib/python3.8/site-packages/opacus/accountants/analysis/rdp.py:332: UserWarning: Optimal order is the largest alpha. Please consider expanding the range of alphas to get a tighter privacy bound.
  warnings.warn(
/home/dgxuser16/anaconda3/envs/ihpc/lib/python3.8/site-packages/opacus/privacy_engine.py:95: UserWarning: Secure RNG turned off. This is perfectly fine for experimentation as it allows for much faster training performance, but remember to turn it on and retrain one last time before production with ``secure_mode`` turned on.
  warnings.warn(
/home/dgxuser16/anaconda3/envs/ihpc/lib/python3.8/site-packages/torch/nn/modules/module.py:1640: FutureWarning: Using a non-full backward hook when the forward contains multiple autograd Nodes is deprecated and will be removed in future versions. This hook will be missing some grad_input. Please use register_full_backward_hook to get the documented behavior.
  self._maybe_warn_non_full_backward_hook(args, result, grad_fn)
[92mINFO [0m:      Sent reply
02/17/2025 16:27:07:INFO:Sent reply
[92mINFO [0m:      
02/17/2025 16:28:20:INFO:
[92mINFO [0m:      Received: evaluate message c48e6210-75c0-408c-a014-0e4cf54162fe
02/17/2025 16:28:20:INFO:Received: evaluate message c48e6210-75c0-408c-a014-0e4cf54162fe
/home/dgxuser16/anaconda3/envs/ihpc/lib/python3.8/site-packages/sklearn/metrics/_classification.py:1471: UndefinedMetricWarning: Precision is ill-defined and being set to 0.0 in labels with no predicted samples. Use `zero_division` parameter to control this behavior.
  _warn_prf(average, modifier, msg_start, len(result))
[92mINFO [0m:      Sent reply
02/17/2025 16:28:23:INFO:Sent reply
[92mINFO [0m:      
02/17/2025 16:29:21:INFO:
[92mINFO [0m:      Received: train message c3388f16-4ec4-4748-8572-6cfd3e6489b6
02/17/2025 16:29:21:INFO:Received: train message c3388f16-4ec4-4748-8572-6cfd3e6489b6
/home/dgxuser16/anaconda3/envs/ihpc/lib/python3.8/site-packages/opacus/accountants/analysis/rdp.py:332: UserWarning: Optimal order is the largest alpha. Please consider expanding the range of alphas to get a tighter privacy bound.
  warnings.warn(
/home/dgxuser16/anaconda3/envs/ihpc/lib/python3.8/site-packages/opacus/privacy_engine.py:95: UserWarning: Secure RNG turned off. This is perfectly fine for experimentation as it allows for much faster training performance, but remember to turn it on and retrain one last time before production with ``secure_mode`` turned on.
  warnings.warn(
/home/dgxuser16/anaconda3/envs/ihpc/lib/python3.8/site-packages/torch/nn/modules/module.py:1640: FutureWarning: Using a non-full backward hook when the forward contains multiple autograd Nodes is deprecated and will be removed in future versions. This hook will be missing some grad_input. Please use register_full_backward_hook to get the documented behavior.
  self._maybe_warn_non_full_backward_hook(args, result, grad_fn)
[92mINFO [0m:      Sent reply
02/17/2025 16:29:54:INFO:Sent reply
[92mINFO [0m:      
02/17/2025 16:30:58:INFO:
[92mINFO [0m:      Received: evaluate message 1c3e1f27-1cae-40d7-bd1e-3933e1dc1d2f
02/17/2025 16:30:58:INFO:Received: evaluate message 1c3e1f27-1cae-40d7-bd1e-3933e1dc1d2f

{'loss': [1.0687566571537641, 0.9893743414912399, 1.1004252182123155, 1.0818013890447609, 1.094060481107263, 1.056026972253589, 1.0679835235820887, 1.0759543025745275, 1.111851721000075, 1.0751895219483723, 1.117507877155987, 1.139596953999726, 1.1623184890650138, 1.0981207749543478, 1.113371002478372], 'accuracy': [0.5019546520719312, 0.5238467552775606, 0.5121188428459734, 0.5285379202501954, 0.524628616106333, 0.5371383893666928, 0.5340109460516028, 0.5347928068803753, 0.5332290852228303, 0.5301016419077405, 0.5308835027365129, 0.5301016419077405, 0.5261923377638781, 0.5449569976544175, 0.5394839718530101], 'auc': [0.6986701753423364, 0.7120963034009588, 0.7186323312711538, 0.7216920114931341, 0.7275424710012472, 0.7176201793158019, 0.7208481283081412, 0.7193091042910686, 0.7279210743159527, 0.7289812126455901, 0.735326314649987, 0.739154417117866, 0.7426858858402463, 0.7448234732108052, 0.7493805413017149], 'precision': [0.38037888704227396, 0.42062340750475286, 0.4097598380065668, 0.42690403985590775, 0.42397322319169584, 0.43734341102358015, 0.43331721016183977, 0.4335265855686629, 0.43048859736707434, 0.431118124809729, 0.42873601314610466, 0.4270757753689202, 0.42238257332349205, 0.44761302648855267, 0.44004714519250787], 'recall': [0.5019546520719312, 0.5238467552775606, 0.5121188428459734, 0.5285379202501954, 0.524628616106333, 0.5371383893666928, 0.5340109460516028, 0.5347928068803753, 0.5332290852228303, 0.5301016419077405, 0.5308835027365129, 0.5301016419077405, 0.5261923377638781, 0.5449569976544175, 0.5394839718530101], 'f1': [0.3517787415301462, 0.44438737167431464, 0.39715407745242765, 0.44232164693526216, 0.43460286688886113, 0.469538955668525, 0.4648170078711284, 0.4645651994622656, 0.454721226243876, 0.46636271353041897, 0.4581111843010232, 0.4541538607167792, 0.4478063924723909, 0.48504276130070706, 0.4746967279247008]}

Step 1b: Recomputing FIM for epoch 16
Step 2a: Compute base noise multiplier
Step 2b: Update noise multiplier dynamically
Step 2c: Re-initialize PrivacyEngine
Step 2d: Make model private
Step 2e: Perform local DP training
Training the model with the following parameters:
Epochs: 3, Trainloader Size: 589, Optimizer: Adam (
Parameter Group 0
    amsgrad: False
    betas: (0.9, 0.999)
    capturable: False
    differentiable: False
    eps: 1e-08
    foreach: None
    fused: None
    lr: 0.001
    maximize: False
    weight_decay: 0
)

Step 2f: Log training details
Step 3: Evaluate the model locally

{'loss': [1.0687566571537641, 0.9893743414912399, 1.1004252182123155, 1.0818013890447609, 1.094060481107263, 1.056026972253589, 1.0679835235820887, 1.0759543025745275, 1.111851721000075, 1.0751895219483723, 1.117507877155987, 1.139596953999726, 1.1623184890650138, 1.0981207749543478, 1.113371002478372, 1.1138475563863557], 'accuracy': [0.5019546520719312, 0.5238467552775606, 0.5121188428459734, 0.5285379202501954, 0.524628616106333, 0.5371383893666928, 0.5340109460516028, 0.5347928068803753, 0.5332290852228303, 0.5301016419077405, 0.5308835027365129, 0.5301016419077405, 0.5261923377638781, 0.5449569976544175, 0.5394839718530101, 0.5355746677091477], 'auc': [0.6986701753423364, 0.7120963034009588, 0.7186323312711538, 0.7216920114931341, 0.7275424710012472, 0.7176201793158019, 0.7208481283081412, 0.7193091042910686, 0.7279210743159527, 0.7289812126455901, 0.735326314649987, 0.739154417117866, 0.7426858858402463, 0.7448234732108052, 0.7493805413017149, 0.7521894586893918], 'precision': [0.38037888704227396, 0.42062340750475286, 0.4097598380065668, 0.42690403985590775, 0.42397322319169584, 0.43734341102358015, 0.43331721016183977, 0.4335265855686629, 0.43048859736707434, 0.431118124809729, 0.42873601314610466, 0.4270757753689202, 0.42238257332349205, 0.44761302648855267, 0.44004714519250787, 0.43394587174169086], 'recall': [0.5019546520719312, 0.5238467552775606, 0.5121188428459734, 0.5285379202501954, 0.524628616106333, 0.5371383893666928, 0.5340109460516028, 0.5347928068803753, 0.5332290852228303, 0.5301016419077405, 0.5308835027365129, 0.5301016419077405, 0.5261923377638781, 0.5449569976544175, 0.5394839718530101, 0.5355746677091477], 'f1': [0.3517787415301462, 0.44438737167431464, 0.39715407745242765, 0.44232164693526216, 0.43460286688886113, 0.469538955668525, 0.4648170078711284, 0.4645651994622656, 0.454721226243876, 0.46636271353041897, 0.4581111843010232, 0.4541538607167792, 0.4478063924723909, 0.48504276130070706, 0.4746967279247008, 0.4697585691606056]}

Step 1b: Recomputing FIM for epoch 17
Step 2a: Compute base noise multiplier
Step 2b: Update noise multiplier dynamically
Step 2c: Re-initialize PrivacyEngine
Step 2d: Make model private
Step 2e: Perform local DP training
Training the model with the following parameters:
Epochs: 3, Trainloader Size: 589, Optimizer: Adam (
Parameter Group 0
    amsgrad: False
    betas: (0.9, 0.999)
    capturable: False
    differentiable: False
    eps: 1e-08
    foreach: None
    fused: None
    lr: 0.001
    maximize: False
    weight_decay: 0
)

Step 2f: Log training details
Step 3: Evaluate the model locally

{'loss': [1.0687566571537641, 0.9893743414912399, 1.1004252182123155, 1.0818013890447609, 1.094060481107263, 1.056026972253589, 1.0679835235820887, 1.0759543025745275, 1.111851721000075, 1.0751895219483723, 1.117507877155987, 1.139596953999726, 1.1623184890650138, 1.0981207749543478, 1.113371002478372, 1.1138475563863557, 1.1226433132475853], 'accuracy': [0.5019546520719312, 0.5238467552775606, 0.5121188428459734, 0.5285379202501954, 0.524628616106333, 0.5371383893666928, 0.5340109460516028, 0.5347928068803753, 0.5332290852228303, 0.5301016419077405, 0.5308835027365129, 0.5301016419077405, 0.5261923377638781, 0.5449569976544175, 0.5394839718530101, 0.5355746677091477, 0.5316653635652854], 'auc': [0.6986701753423364, 0.7120963034009588, 0.7186323312711538, 0.7216920114931341, 0.7275424710012472, 0.7176201793158019, 0.7208481283081412, 0.7193091042910686, 0.7279210743159527, 0.7289812126455901, 0.735326314649987, 0.739154417117866, 0.7426858858402463, 0.7448234732108052, 0.7493805413017149, 0.7521894586893918, 0.7507368544773882], 'precision': [0.38037888704227396, 0.42062340750475286, 0.4097598380065668, 0.42690403985590775, 0.42397322319169584, 0.43734341102358015, 0.43331721016183977, 0.4335265855686629, 0.43048859736707434, 0.431118124809729, 0.42873601314610466, 0.4270757753689202, 0.42238257332349205, 0.44761302648855267, 0.44004714519250787, 0.43394587174169086, 0.429559262315887], 'recall': [0.5019546520719312, 0.5238467552775606, 0.5121188428459734, 0.5285379202501954, 0.524628616106333, 0.5371383893666928, 0.5340109460516028, 0.5347928068803753, 0.5332290852228303, 0.5301016419077405, 0.5308835027365129, 0.5301016419077405, 0.5261923377638781, 0.5449569976544175, 0.5394839718530101, 0.5355746677091477, 0.5316653635652854], 'f1': [0.3517787415301462, 0.44438737167431464, 0.39715407745242765, 0.44232164693526216, 0.43460286688886113, 0.469538955668525, 0.4648170078711284, 0.4645651994622656, 0.454721226243876, 0.46636271353041897, 0.4581111843010232, 0.4541538607167792, 0.4478063924723909, 0.48504276130070706, 0.4746967279247008, 0.4697585691606056, 0.4596558563591495]}

Step 1b: Recomputing FIM for epoch 18
Step 2a: Compute base noise multiplier
Step 2b: Update noise multiplier dynamically
Step 2c: Re-initialize PrivacyEngine
Step 2d: Make model private
Step 2e: Perform local DP training
Training the model with the following parameters:
Epochs: 3, Trainloader Size: 589, Optimizer: Adam (
Parameter Group 0
    amsgrad: False
    betas: (0.9, 0.999)
    capturable: False
    differentiable: False
    eps: 1e-08
    foreach: None
    fused: None
    lr: 0.001
    maximize: False
    weight_decay: 0
)

Step 2f: Log training details
Step 3: Evaluate the model locally
/home/dgxuser16/anaconda3/envs/ihpc/lib/python3.8/site-packages/sklearn/metrics/_classification.py:1471: UndefinedMetricWarning: Precision is ill-defined and being set to 0.0 in labels with no predicted samples. Use `zero_division` parameter to control this behavior.
  _warn_prf(average, modifier, msg_start, len(result))
[92mINFO [0m:      Sent reply
02/17/2025 16:31:01:INFO:Sent reply
[92mINFO [0m:      
02/17/2025 16:31:39:INFO:
[92mINFO [0m:      Received: train message fc521eb2-37a5-4b7b-818b-5d980561c81f
02/17/2025 16:31:39:INFO:Received: train message fc521eb2-37a5-4b7b-818b-5d980561c81f
/home/dgxuser16/anaconda3/envs/ihpc/lib/python3.8/site-packages/opacus/accountants/analysis/rdp.py:332: UserWarning: Optimal order is the largest alpha. Please consider expanding the range of alphas to get a tighter privacy bound.
  warnings.warn(
/home/dgxuser16/anaconda3/envs/ihpc/lib/python3.8/site-packages/opacus/privacy_engine.py:95: UserWarning: Secure RNG turned off. This is perfectly fine for experimentation as it allows for much faster training performance, but remember to turn it on and retrain one last time before production with ``secure_mode`` turned on.
  warnings.warn(
/home/dgxuser16/anaconda3/envs/ihpc/lib/python3.8/site-packages/torch/nn/modules/module.py:1640: FutureWarning: Using a non-full backward hook when the forward contains multiple autograd Nodes is deprecated and will be removed in future versions. This hook will be missing some grad_input. Please use register_full_backward_hook to get the documented behavior.
  self._maybe_warn_non_full_backward_hook(args, result, grad_fn)
[92mINFO [0m:      Sent reply
02/17/2025 16:32:11:INFO:Sent reply
[92mINFO [0m:      
02/17/2025 16:33:33:INFO:
[92mINFO [0m:      Received: evaluate message f1ff391f-3011-45c1-8425-97c4340e007f
02/17/2025 16:33:33:INFO:Received: evaluate message f1ff391f-3011-45c1-8425-97c4340e007f
02/17/2025 16:33:34:DEBUG:ChannelConnectivity.IDLE
/home/dgxuser16/anaconda3/envs/ihpc/lib/python3.8/site-packages/sklearn/metrics/_classification.py:1471: UndefinedMetricWarning: Precision is ill-defined and being set to 0.0 in labels with no predicted samples. Use `zero_division` parameter to control this behavior.
  _warn_prf(average, modifier, msg_start, len(result))
[92mINFO [0m:      Sent reply
02/17/2025 16:33:37:INFO:Sent reply
02/17/2025 16:33:38:DEBUG:gRPC channel closed

{'loss': [1.0687566571537641, 0.9893743414912399, 1.1004252182123155, 1.0818013890447609, 1.094060481107263, 1.056026972253589, 1.0679835235820887, 1.0759543025745275, 1.111851721000075, 1.0751895219483723, 1.117507877155987, 1.139596953999726, 1.1623184890650138, 1.0981207749543478, 1.113371002478372, 1.1138475563863557, 1.1226433132475853, 1.086032087491582], 'accuracy': [0.5019546520719312, 0.5238467552775606, 0.5121188428459734, 0.5285379202501954, 0.524628616106333, 0.5371383893666928, 0.5340109460516028, 0.5347928068803753, 0.5332290852228303, 0.5301016419077405, 0.5308835027365129, 0.5301016419077405, 0.5261923377638781, 0.5449569976544175, 0.5394839718530101, 0.5355746677091477, 0.5316653635652854, 0.5379202501954652], 'auc': [0.6986701753423364, 0.7120963034009588, 0.7186323312711538, 0.7216920114931341, 0.7275424710012472, 0.7176201793158019, 0.7208481283081412, 0.7193091042910686, 0.7279210743159527, 0.7289812126455901, 0.735326314649987, 0.739154417117866, 0.7426858858402463, 0.7448234732108052, 0.7493805413017149, 0.7521894586893918, 0.7507368544773882, 0.7467708839908073], 'precision': [0.38037888704227396, 0.42062340750475286, 0.4097598380065668, 0.42690403985590775, 0.42397322319169584, 0.43734341102358015, 0.43331721016183977, 0.4335265855686629, 0.43048859736707434, 0.431118124809729, 0.42873601314610466, 0.4270757753689202, 0.42238257332349205, 0.44761302648855267, 0.44004714519250787, 0.43394587174169086, 0.429559262315887, 0.4402773722353763], 'recall': [0.5019546520719312, 0.5238467552775606, 0.5121188428459734, 0.5285379202501954, 0.524628616106333, 0.5371383893666928, 0.5340109460516028, 0.5347928068803753, 0.5332290852228303, 0.5301016419077405, 0.5308835027365129, 0.5301016419077405, 0.5261923377638781, 0.5449569976544175, 0.5394839718530101, 0.5355746677091477, 0.5316653635652854, 0.5379202501954652], 'f1': [0.3517787415301462, 0.44438737167431464, 0.39715407745242765, 0.44232164693526216, 0.43460286688886113, 0.469538955668525, 0.4648170078711284, 0.4645651994622656, 0.454721226243876, 0.46636271353041897, 0.4581111843010232, 0.4541538607167792, 0.4478063924723909, 0.48504276130070706, 0.4746967279247008, 0.4697585691606056, 0.4596558563591495, 0.4781322491847913]}

Step 1b: Recomputing FIM for epoch 19
Step 2a: Compute base noise multiplier
Step 2b: Update noise multiplier dynamically
Step 2c: Re-initialize PrivacyEngine
Step 2d: Make model private
Step 2e: Perform local DP training
Training the model with the following parameters:
Epochs: 3, Trainloader Size: 589, Optimizer: Adam (
Parameter Group 0
    amsgrad: False
    betas: (0.9, 0.999)
    capturable: False
    differentiable: False
    eps: 1e-08
    foreach: None
    fused: None
    lr: 0.001
    maximize: False
    weight_decay: 0
)

Step 2f: Log training details
Step 3: Evaluate the model locally

{'loss': [1.0687566571537641, 0.9893743414912399, 1.1004252182123155, 1.0818013890447609, 1.094060481107263, 1.056026972253589, 1.0679835235820887, 1.0759543025745275, 1.111851721000075, 1.0751895219483723, 1.117507877155987, 1.139596953999726, 1.1623184890650138, 1.0981207749543478, 1.113371002478372, 1.1138475563863557, 1.1226433132475853, 1.086032087491582, 1.0717603355017], 'accuracy': [0.5019546520719312, 0.5238467552775606, 0.5121188428459734, 0.5285379202501954, 0.524628616106333, 0.5371383893666928, 0.5340109460516028, 0.5347928068803753, 0.5332290852228303, 0.5301016419077405, 0.5308835027365129, 0.5301016419077405, 0.5261923377638781, 0.5449569976544175, 0.5394839718530101, 0.5355746677091477, 0.5316653635652854, 0.5379202501954652, 0.5387021110242377], 'auc': [0.6986701753423364, 0.7120963034009588, 0.7186323312711538, 0.7216920114931341, 0.7275424710012472, 0.7176201793158019, 0.7208481283081412, 0.7193091042910686, 0.7279210743159527, 0.7289812126455901, 0.735326314649987, 0.739154417117866, 0.7426858858402463, 0.7448234732108052, 0.7493805413017149, 0.7521894586893918, 0.7507368544773882, 0.7467708839908073, 0.7452567729742525], 'precision': [0.38037888704227396, 0.42062340750475286, 0.4097598380065668, 0.42690403985590775, 0.42397322319169584, 0.43734341102358015, 0.43331721016183977, 0.4335265855686629, 0.43048859736707434, 0.431118124809729, 0.42873601314610466, 0.4270757753689202, 0.42238257332349205, 0.44761302648855267, 0.44004714519250787, 0.43394587174169086, 0.429559262315887, 0.4402773722353763, 0.4427869113473], 'recall': [0.5019546520719312, 0.5238467552775606, 0.5121188428459734, 0.5285379202501954, 0.524628616106333, 0.5371383893666928, 0.5340109460516028, 0.5347928068803753, 0.5332290852228303, 0.5301016419077405, 0.5308835027365129, 0.5301016419077405, 0.5261923377638781, 0.5449569976544175, 0.5394839718530101, 0.5355746677091477, 0.5316653635652854, 0.5379202501954652, 0.5387021110242377], 'f1': [0.3517787415301462, 0.44438737167431464, 0.39715407745242765, 0.44232164693526216, 0.43460286688886113, 0.469538955668525, 0.4648170078711284, 0.4645651994622656, 0.454721226243876, 0.46636271353041897, 0.4581111843010232, 0.4541538607167792, 0.4478063924723909, 0.48504276130070706, 0.4746967279247008, 0.4697585691606056, 0.4596558563591495, 0.4781322491847913, 0.4815428274910568]}

Traceback (most recent call last):
  File "client_3.py", line 439, in <module>
    fl.client.start_client(
  File "/home/dgxuser16/anaconda3/envs/ihpc/lib/python3.8/site-packages/flwr/client/app.py", line 175, in start_client
    start_client_internal(
  File "/home/dgxuser16/anaconda3/envs/ihpc/lib/python3.8/site-packages/flwr/client/app.py", line 405, in start_client_internal
    message = receive()
  File "/home/dgxuser16/anaconda3/envs/ihpc/lib/python3.8/site-packages/flwr/client/grpc_client/connection.py", line 150, in receive
    proto = next(server_message_iterator)
  File "/home/dgxuser16/anaconda3/envs/ihpc/lib/python3.8/site-packages/grpc/_channel.py", line 543, in __next__
    return self._next()
  File "/home/dgxuser16/anaconda3/envs/ihpc/lib/python3.8/site-packages/grpc/_channel.py", line 952, in _next
    raise self
grpc._channel._MultiThreadedRendezvous: <_MultiThreadedRendezvous of RPC that terminated with:
	status = StatusCode.UNAVAILABLE
	details = "recvmsg:Connection reset by peer"
	debug_error_string = "UNKNOWN:Error received from peer ipv4:127.0.0.1:8051 {grpc_message:"recvmsg:Connection reset by peer", grpc_status:14, created_time:"2025-02-17T16:33:34.328237802-08:00"}"
>
