nohup: ignoring input
[92mINFO [0m:      
[92mINFO [0m:      Received: get_parameters message 120392fd-c32a-4b35-aa00-0a53eee072b1
WARNING: All log messages before absl::InitializeLog() is called are written to STDERR
I0000 00:00:1739092797.117280 2516763 fork_posix.cc:75] Other threads are currently calling into gRPC, skipping fork() handlers
[92mINFO [0m:      Sent reply
[92mINFO [0m:      
[92mINFO [0m:      Received: train message 70ceedb8-55aa-4aa3-89ff-01c44b3b8863
[92mINFO [0m:      Sent reply
[92mINFO [0m:      
[92mINFO [0m:      Received: evaluate message 61b887d0-f24d-4ddb-8f2f-1c771660b0c4
/home/dgxuser16/anaconda3/envs/ihpc/lib/python3.8/site-packages/sklearn/metrics/_classification.py:1471: UndefinedMetricWarning: Precision is ill-defined and being set to 0.0 in labels with no predicted samples. Use `zero_division` parameter to control this behavior.
  _warn_prf(average, modifier, msg_start, len(result))
[92mINFO [0m:      Sent reply
[92mINFO [0m:      
[92mINFO [0m:      Received: train message 88698a90-dd4e-4b85-ab2c-3bfb3a4e031c
[92mINFO [0m:      Sent reply
[92mINFO [0m:      
[92mINFO [0m:      Received: evaluate message c24a5ade-7d88-45ce-a6d7-20ddb3d07455
/home/dgxuser16/anaconda3/envs/ihpc/lib/python3.8/site-packages/sklearn/metrics/_classification.py:1471: UndefinedMetricWarning: Precision is ill-defined and being set to 0.0 in labels with no predicted samples. Use `zero_division` parameter to control this behavior.
  _warn_prf(average, modifier, msg_start, len(result))
[92mINFO [0m:      Sent reply
[92mINFO [0m:      
[92mINFO [0m:      Received: train message 265fbb15-c20b-4358-83f0-6db45c2d5252
[92mINFO [0m:      Sent reply
[92mINFO [0m:      
[92mINFO [0m:      Received: evaluate message 1df9269b-2a65-4ddd-9717-640fb51357c5
/home/dgxuser16/anaconda3/envs/ihpc/lib/python3.8/site-packages/sklearn/metrics/_classification.py:1471: UndefinedMetricWarning: Precision is ill-defined and being set to 0.0 in labels with no predicted samples. Use `zero_division` parameter to control this behavior.
  _warn_prf(average, modifier, msg_start, len(result))
[92mINFO [0m:      Sent reply
[92mINFO [0m:      
[92mINFO [0m:      Received: train message e4500181-52e5-491b-9e94-0c6d857a2b98
[92mINFO [0m:      Sent reply
[92mINFO [0m:      
[92mINFO [0m:      Received: evaluate message 80d5841d-71dd-4873-839b-a222a2f7a301
/home/dgxuser16/anaconda3/envs/ihpc/lib/python3.8/site-packages/sklearn/metrics/_classification.py:1471: UndefinedMetricWarning: Precision is ill-defined and being set to 0.0 in labels with no predicted samples. Use `zero_division` parameter to control this behavior.
  _warn_prf(average, modifier, msg_start, len(result))
[92mINFO [0m:      Sent reply
[92mINFO [0m:      
[92mINFO [0m:      Received: train message d55ecaf4-a814-4788-84f7-8df60fa0c011
[92mINFO [0m:      Sent reply
[92mINFO [0m:      
[92mINFO [0m:      Received: evaluate message ac736753-4f8e-44cf-b3a0-d022ff1aa46f
/home/dgxuser16/anaconda3/envs/ihpc/lib/python3.8/site-packages/sklearn/metrics/_classification.py:1471: UndefinedMetricWarning: Precision is ill-defined and being set to 0.0 in labels with no predicted samples. Use `zero_division` parameter to control this behavior.
  _warn_prf(average, modifier, msg_start, len(result))
[92mINFO [0m:      Sent reply
[92mINFO [0m:      
[92mINFO [0m:      Received: train message c1a2e86a-bb33-4103-9b7e-f8726273c06e
[92mINFO [0m:      Sent reply
[92mINFO [0m:      
[92mINFO [0m:      Received: evaluate message 39efb2ad-e926-4208-b73c-56b66d84b35a
/home/dgxuser16/anaconda3/envs/ihpc/lib/python3.8/site-packages/sklearn/metrics/_classification.py:1471: UndefinedMetricWarning: Precision is ill-defined and being set to 0.0 in labels with no predicted samples. Use `zero_division` parameter to control this behavior.
  _warn_prf(average, modifier, msg_start, len(result))
[92mINFO [0m:      Sent reply
[92mINFO [0m:      
[92mINFO [0m:      Received: train message 232ceda4-a4d5-4c02-8011-690b1392666f
[92mINFO [0m:      Sent reply
[92mINFO [0m:      
[92mINFO [0m:      Received: evaluate message ca3fd39b-f1bd-4702-8c25-d2f314d2f738
/home/dgxuser16/anaconda3/envs/ihpc/lib/python3.8/site-packages/sklearn/metrics/_classification.py:1471: UndefinedMetricWarning: Precision is ill-defined and being set to 0.0 in labels with no predicted samples. Use `zero_division` parameter to control this behavior.
  _warn_prf(average, modifier, msg_start, len(result))
[92mINFO [0m:      Sent reply
[92mINFO [0m:      
[92mINFO [0m:      Received: train message 98db4423-639a-4b2e-b936-bbd431e1e22d
[92mINFO [0m:      Sent reply
[92mINFO [0m:      
[92mINFO [0m:      Received: evaluate message a99ace38-4330-4985-87f5-39ab660910ed
/home/dgxuser16/anaconda3/envs/ihpc/lib/python3.8/site-packages/sklearn/metrics/_classification.py:1471: UndefinedMetricWarning: Precision is ill-defined and being set to 0.0 in labels with no predicted samples. Use `zero_division` parameter to control this behavior.
  _warn_prf(average, modifier, msg_start, len(result))
[92mINFO [0m:      Sent reply
[92mINFO [0m:      
[92mINFO [0m:      Received: train message adab7163-1e79-4e31-8b48-6ce6216b3561
[92mINFO [0m:      Sent reply
[92mINFO [0m:      
[92mINFO [0m:      Received: evaluate message bc682cbf-e872-4e24-93c4-0458ba6633b2
/home/dgxuser16/anaconda3/envs/ihpc/lib/python3.8/site-packages/sklearn/metrics/_classification.py:1471: UndefinedMetricWarning: Precision is ill-defined and being set to 0.0 in labels with no predicted samples. Use `zero_division` parameter to control this behavior.
  _warn_prf(average, modifier, msg_start, len(result))
[92mINFO [0m:      Sent reply
[92mINFO [0m:      
[92mINFO [0m:      Received: train message 72bcbdf1-4cbe-4761-a076-a3c1288c7918
[92mINFO [0m:      Sent reply
[92mINFO [0m:      
[92mINFO [0m:      Received: evaluate message 415e8b32-6640-45f4-b0bd-c6692e3437ef
/home/dgxuser16/anaconda3/envs/ihpc/lib/python3.8/site-packages/sklearn/metrics/_classification.py:1471: UndefinedMetricWarning: Precision is ill-defined and being set to 0.0 in labels with no predicted samples. Use `zero_division` parameter to control this behavior.
  _warn_prf(average, modifier, msg_start, len(result))
[92mINFO [0m:      Sent reply
[92mINFO [0m:      
[92mINFO [0m:      Received: train message a9ab8f64-9c2d-4aaf-b051-5ec40bc1d2d3
[92mINFO [0m:      Sent reply
[92mINFO [0m:      
[92mINFO [0m:      Received: evaluate message d4fa1a30-6bed-477f-9ef4-f1fff93fd03f
/home/dgxuser16/anaconda3/envs/ihpc/lib/python3.8/site-packages/sklearn/metrics/_classification.py:1471: UndefinedMetricWarning: Precision is ill-defined and being set to 0.0 in labels with no predicted samples. Use `zero_division` parameter to control this behavior.
  _warn_prf(average, modifier, msg_start, len(result))
[92mINFO [0m:      Sent reply
[92mINFO [0m:      
[92mINFO [0m:      Received: train message 30808918-e84e-430a-af01-2d4a56d1853a
[92mINFO [0m:      Sent reply
[92mINFO [0m:      
[92mINFO [0m:      Received: evaluate message 7ddc00da-9c07-45ab-93ba-9ed753389959
/home/dgxuser16/anaconda3/envs/ihpc/lib/python3.8/site-packages/sklearn/metrics/_classification.py:1471: UndefinedMetricWarning: Precision is ill-defined and being set to 0.0 in labels with no predicted samples. Use `zero_division` parameter to control this behavior.
  _warn_prf(average, modifier, msg_start, len(result))
[92mINFO [0m:      Sent reply
[92mINFO [0m:      
[92mINFO [0m:      Received: train message 1a016ab3-b51a-4ddb-a7cd-883a36bb6d41
[92mINFO [0m:      Sent reply
[92mINFO [0m:      
[92mINFO [0m:      Received: evaluate message 593d4837-2ebd-471c-a3e7-e85875045dec
/home/dgxuser16/anaconda3/envs/ihpc/lib/python3.8/site-packages/sklearn/metrics/_classification.py:1471: UndefinedMetricWarning: Precision is ill-defined and being set to 0.0 in labels with no predicted samples. Use `zero_division` parameter to control this behavior.
  _warn_prf(average, modifier, msg_start, len(result))
[92mINFO [0m:      Sent reply
[92mINFO [0m:      
[92mINFO [0m:      Received: train message 5335216b-d927-41e3-9ce0-6aa2efb363be
[92mINFO [0m:      Sent reply
[92mINFO [0m:      
[92mINFO [0m:      Received: evaluate message 82ad7219-5002-4e00-b1c1-371ac46e3b46
/home/dgxuser16/anaconda3/envs/ihpc/lib/python3.8/site-packages/sklearn/metrics/_classification.py:1471: UndefinedMetricWarning: Precision is ill-defined and being set to 0.0 in labels with no predicted samples. Use `zero_division` parameter to control this behavior.
  _warn_prf(average, modifier, msg_start, len(result))
[92mINFO [0m:      Sent reply
[92mINFO [0m:      
[92mINFO [0m:      Received: train message b474dad2-9e67-4bc8-87f5-ed23c85d903e
[92mINFO [0m:      Sent reply
[92mINFO [0m:      
[92mINFO [0m:      Received: evaluate message 4e22e217-24d9-4e76-b3e2-a49f5b56d008
[92mINFO [0m:      Sent reply
[92mINFO [0m:      
[92mINFO [0m:      Received: train message cb6df5e8-7dc5-4476-b85c-ca11f00446eb
[92mINFO [0m:      Sent reply
[92mINFO [0m:      
[92mINFO [0m:      Received: evaluate message a7729ed1-429d-4eff-ad44-bec6f7513131
/home/dgxuser16/anaconda3/envs/ihpc/lib/python3.8/site-packages/sklearn/metrics/_classification.py:1471: UndefinedMetricWarning: Precision is ill-defined and being set to 0.0 in labels with no predicted samples. Use `zero_division` parameter to control this behavior.
  _warn_prf(average, modifier, msg_start, len(result))
[92mINFO [0m:      Sent reply
[92mINFO [0m:      
[92mINFO [0m:      Received: train message 36cec7ed-9809-4df2-a226-8081bbf41610
[92mINFO [0m:      Sent reply
[92mINFO [0m:      
[92mINFO [0m:      Received: evaluate message 48b72240-0c3d-4b0a-97a1-7158a0c6c6aa
[92mINFO [0m:      Sent reply
[92mINFO [0m:      
[92mINFO [0m:      Received: train message d33666af-a62f-4f26-883e-e815224c7c8c
[92mINFO [0m:      Sent reply
[92mINFO [0m:      
[92mINFO [0m:      Received: evaluate message 2b9073d2-43e5-4cf7-bce4-9dfc8f7d8d92
[92mINFO [0m:      Sent reply
[92mINFO [0m:      
[92mINFO [0m:      Received: train message 6607fd8c-f541-4597-94e1-9792b1002fe3
[92mINFO [0m:      Sent reply
[92mINFO [0m:      
[92mINFO [0m:      Received: evaluate message 6264d0cf-ce42-4700-b932-cbfb53c57c91
/home/dgxuser16/anaconda3/envs/ihpc/lib/python3.8/site-packages/sklearn/metrics/_classification.py:1471: UndefinedMetricWarning: Precision is ill-defined and being set to 0.0 in labels with no predicted samples. Use `zero_division` parameter to control this behavior.
  _warn_prf(average, modifier, msg_start, len(result))
[92mINFO [0m:      Sent reply
[92mINFO [0m:      
[92mINFO [0m:      Received: train message a00632a7-891f-437a-9810-5009c58bd106
[92mINFO [0m:      Sent reply
[92mINFO [0m:      
[92mINFO [0m:      Received: evaluate message 0981c6e8-a5b6-45f1-9612-082ea7ea4c0d
[92mINFO [0m:      Sent reply
[92mINFO [0m:      
[92mINFO [0m:      Received: train message 27412cb3-f9c6-4d1f-b2ec-aa259025db16
[92mINFO [0m:      Sent reply
[92mINFO [0m:      
[92mINFO [0m:      Received: evaluate message 82a07384-fae9-4d6f-84e4-3f48a2a25fa8
[92mINFO [0m:      Sent reply
[92mINFO [0m:      
[92mINFO [0m:      Received: train message 8bbeac93-2a28-4b24-bd82-f8b50c27f4ef
[92mINFO [0m:      Sent reply
[92mINFO [0m:      
[92mINFO [0m:      Received: evaluate message a42f10ee-641c-499a-91a3-873b7185419d
[92mINFO [0m:      Sent reply
[92mINFO [0m:      
[92mINFO [0m:      Received: train message 9dc7d531-31f8-4a91-a3d1-3b0e25f4445d
[92mINFO [0m:      Sent reply
[92mINFO [0m:      
[92mINFO [0m:      Received: evaluate message e7ee4c6e-fa36-4015-b842-ada430db5f8f
[92mINFO [0m:      Sent reply
[92mINFO [0m:      
[92mINFO [0m:      Received: train message 124b4576-9484-4941-b9b5-469d6dc6f283
[92mINFO [0m:      Sent reply
[92mINFO [0m:      
[92mINFO [0m:      Received: evaluate message 029e2c9d-569d-42f1-b691-dd43d985d338
[92mINFO [0m:      Sent reply
[92mINFO [0m:      
[92mINFO [0m:      Received: train message 88604dfd-024f-4df2-9224-89272141433e
[92mINFO [0m:      Sent reply
[92mINFO [0m:      
[92mINFO [0m:      Received: evaluate message e76a5673-8f68-4c67-b6ec-a4c6dccf664c
[92mINFO [0m:      Sent reply
[92mINFO [0m:      
[92mINFO [0m:      Received: train message caadcac1-4b52-4607-a5d0-a3df7627e604
[92mINFO [0m:      Sent reply
[92mINFO [0m:      
[92mINFO [0m:      Received: evaluate message 2c56c6b8-14eb-442e-ada3-8d9567d527ba
[92mINFO [0m:      Sent reply
[92mINFO [0m:      
[92mINFO [0m:      Received: train message 259d1f91-818b-425d-bd58-81c1c60cab2b
[92mINFO [0m:      Sent reply
[92mINFO [0m:      
[92mINFO [0m:      Received: evaluate message 2c2b1bca-c825-404a-9de7-62742d0b730d
[92mINFO [0m:      Sent reply
[92mINFO [0m:      
[92mINFO [0m:      Received: train message d3acc1fa-07fb-45fd-b730-b48c0ca86211
[92mINFO [0m:      Sent reply
[92mINFO [0m:      
[92mINFO [0m:      Received: evaluate message b10b289a-a7a8-4b26-be17-86e7866c99d0
[92mINFO [0m:      Sent reply
[92mINFO [0m:      
[92mINFO [0m:      Received: train message d6d3f757-2ed6-4799-84c1-c97397a54e20
[92mINFO [0m:      Sent reply
[92mINFO [0m:      
[92mINFO [0m:      Received: evaluate message 7a7d5e05-c50a-4a75-aa9a-669cfe6c7943
[92mINFO [0m:      Sent reply
[92mINFO [0m:      
[92mINFO [0m:      Received: train message fa7d7560-6bc3-4a7e-87aa-27c003b2a5fd
[92mINFO [0m:      Sent reply
[92mINFO [0m:      
[92mINFO [0m:      Received: evaluate message 00ae36f7-6581-41b1-b3c1-717e75638b2b
[92mINFO [0m:      Sent reply
[92mINFO [0m:      
[92mINFO [0m:      Received: reconnect message 07476109-7b23-4824-821f-ef5fec527a8a
[92mINFO [0m:      Disconnect and shut down


{'loss': [0.9656470259061728, 0.9225123030212915, 0.9147748755607128, 0.9023761606663815, 0.9124422606497281, 0.8993863482508835, 0.8767015488470226, 0.8701627280583505, 0.8786621070914757, 0.8830653953775939, 0.8612993373546496, 0.8680935363642772, 0.8672967145366535, 0.8629399908064305, 0.8588310667459996, 0.8615450790098069, 0.8894466502858476, 0.845874346169389, 0.8427930953821416, 0.8713230357867279, 0.8642736058201614, 0.8429732565958113, 0.8260251796739562, 0.8261793624432037, 0.8541739071785611, 0.8576688938908879, 0.8393002437184433, 0.835023340720325, 0.8702297899478856, 0.8130996348431], 'accuracy': [0.5136825645035183, 0.5340109460516028, 0.544175136825645, 0.547302580140735, 0.544175136825645, 0.5512118842845973, 0.5629397967161845, 0.5676309616888194, 0.562157935887412, 0.5566849100860047, 0.5731039874902267, 0.5684128225175918, 0.5613760750586395, 0.5684128225175918, 0.5723221266614542, 0.5676309616888194, 0.5590304925723222, 0.5754495699765442, 0.5895230648944488, 0.5699765441751369, 0.5715402658326818, 0.5793588741204065, 0.6043784206411259, 0.6075058639562158, 0.5777951524628616, 0.5723221266614542, 0.5863956215793589, 0.5926505082095387, 0.5691946833463644, 0.6200156372165755], 'auc': [0.7480433719638921, 0.7676231301766945, 0.7767767684140424, 0.7843013980096671, 0.7862444473210103, 0.792378495479914, 0.7978235373198981, 0.8010286535606336, 0.8008535703090465, 0.8036179028188051, 0.8061531087634092, 0.8088487002911441, 0.8104471882680293, 0.8122425899044542, 0.813982342217302, 0.8158031997769405, 0.8164734357075927, 0.8192256016518482, 0.8203798189916318, 0.8196031233924634, 0.8202036873278329, 0.8231951191565058, 0.8253074865837432, 0.8263013386297977, 0.8264627243293975, 0.8265794533048483, 0.8286965680862208, 0.8297920991467496, 0.8294982559870465, 0.8327011963738142], 'precision': [0.3877833706705018, 0.38773651851163127, 0.4538275733927908, 0.3996058705573948, 0.4242336964111158, 0.42567769532055244, 0.3906098368817667, 0.3882712573832491, 0.4320857551796966, 0.4016351070629594, 0.4123585585181419, 0.41558434348048995, 0.38889360328106587, 0.40718681016223, 0.6591269841269841, 0.40482117812919016, 0.6749956408020924, 0.6529833528138852, 0.44140543666747434, 0.6833594124710769, 0.6834051499670182, 0.6570834883088215, 0.6813064498144226, 0.6953802001931745, 0.6797689540813772, 0.667606210226026, 0.6875667327706981, 0.6971802621306394, 0.6904365971925424, 0.7042530938712322], 'recall': [0.26736426326815643, 0.2937702638667199, 0.2976687200718276, 0.3104695605546688, 0.29800977653631283, 0.31259165502793296, 0.337390263367917, 0.3504623279130088, 0.3254311527334397, 0.333268592877095, 0.34363558709098163, 0.33610210494812454, 0.3433225882881085, 0.344320817537909, 0.3697331612463421, 0.348459634377494, 0.3518713421122639, 0.376491628425113, 0.3570362380287311, 0.36035192621042833, 0.3623019336924714, 0.39320339518488956, 0.3998175212822559, 0.39970279662144187, 0.37951437383612663, 0.383657866952647, 0.3838050138002128, 0.3882692995144985, 0.3641559216214419, 0.40728584729981376], 'f1': [0.21179965817105467, 0.26926420720218314, 0.2726079744182777, 0.2944148687087956, 0.27167758857783136, 0.2960434505540738, 0.33255863088117243, 0.34792242171303706, 0.31747482099905155, 0.3210139802911353, 0.3434423726371957, 0.33028043962509984, 0.3331523986765922, 0.3379355484642947, 0.3829692246683546, 0.3392647799335945, 0.3486620004647862, 0.3905256749326288, 0.35947102473265263, 0.36702117782059085, 0.3749783423988004, 0.400873050106695, 0.4231266725629464, 0.42449892198849937, 0.3895767631053439, 0.3859273386868764, 0.40108433669449417, 0.40778288250289996, 0.36840431882003016, 0.4333581893593753], 'confusion_matrix': [array([[  6,   0, 159,  14],
       [  0,   0,  12,   0],
       [  2,   0, 623,  15],
       [  3,   0, 417,  28]]), array([[ 13,   0, 108,  58],
       [  0,   0,  10,   2],
       [  5,   0, 587,  48],
       [  5,   0, 360,  83]]), array([[  8,   0, 104,  67],
       [  0,   0,   9,   3],
       [  0,   0, 582,  58],
       [  2,   0, 340, 106]]), array([[ 22,   0, 108,  49],
       [  2,   0,   9,   1],
       [  9,   0, 589,  42],
       [  7,   0, 352,  89]]), array([[ 12,   0, 114,  53],
       [  0,   0,  11,   1],
       [  2,   0, 600,  38],
       [  4,   0, 360,  84]]), array([[ 23,   0, 113,  43],
       [  0,   0,  11,   1],
       [  5,   0, 598,  37],
       [  8,   0, 356,  84]]), array([[ 37,   0,  84,  58],
       [  3,   0,   7,   2],
       [ 12,   0, 570,  58],
       [ 24,   0, 311, 113]]), array([[ 46,   0,  77,  56],
       [  3,   0,   6,   3],
       [ 19,   0, 557,  64],
       [ 33,   0, 292, 123]]), array([[ 26,   0,  94,  59],
       [  0,   0,   9,   3],
       [  3,   0, 583,  54],
       [ 10,   0, 328, 110]]), array([[ 42,   0, 103,  34],
       [  3,   0,   8,   1],
       [ 10,   0, 593,  37],
       [ 25,   0, 346,  77]]), array([[ 34,   0,  73,  72],
       [  3,   0,   6,   3],
       [  5,   0, 561,  74],
       [ 18,   0, 292, 138]]), array([[ 34,   0,  92,  53],
       [  2,   0,   8,   2],
       [  4,   0, 586,  50],
       [ 19,   0, 322, 107]]), array([[ 48,   0,  86,  45],
       [  3,   0,   7,   2],
       [ 15,   0, 583,  42],
       [ 34,   0, 327,  87]]), array([[ 44,   0,  88,  47],
       [  3,   0,   7,   2],
       [  7,   0, 587,  46],
       [ 27,   0, 325,  96]]), array([[ 46,   0,  82,  51],
       [  3,   1,   6,   2],
       [  8,   0, 583,  49],
       [ 27,   0, 319, 102]]), array([[ 50,   0,  91,  38],
       [  3,   0,   7,   2],
       [ 12,   0, 589,  39],
       [ 32,   0, 329,  87]]), array([[ 43,   0, 114,  22],
       [  2,   1,   8,   1],
       [  5,   0, 618,  17],
       [ 25,   0, 370,  53]]), array([[ 50,   0,  74,  55],
       [  3,   1,   5,   3],
       [ 12,   0, 576,  52],
       [ 32,   0, 307, 109]]), array([[ 39,   0,  76,  64],
       [  2,   0,   7,   3],
       [  3,   0, 576,  61],
       [ 17,   0, 292, 139]]), array([[ 42,   0, 102,  35],
       [  1,   1,   9,   1],
       [  3,   0, 609,  28],
       [ 22,   0, 349,  77]]), array([[ 40,   0,  93,  46],
       [  1,   1,   8,   2],
       [  2,   0, 594,  44],
       [ 19,   0, 333,  96]]), array([[ 67,   0,  71,  41],
       [  3,   1,   6,   2],
       [ 23,   0, 578,  39],
       [ 43,   0, 310,  95]]), array([[ 50,   0,  56,  73],
       [  3,   1,   4,   4],
       [  7,   0, 560,  73],
       [ 28,   0, 258, 162]]), array([[ 48,   0,  56,  75],
       [  2,   1,   5,   4],
       [  5,   0, 564,  71],
       [ 22,   0, 262, 164]]), array([[ 56,   0,  90,  33],
       [  2,   1,   7,   2],
       [  8,   0, 598,  34],
       [ 29,   0, 335,  84]]), array([[ 65,   0,  88,  26],
       [  2,   1,   8,   1],
       [ 18,   0, 595,  27],
       [ 39,   0, 338,  71]]), array([[ 52,   0,  79,  48],
       [  2,   1,   7,   2],
       [  5,   0, 589,  46],
       [ 24,   0, 316, 108]]), array([[ 52,   0,  77,  50],
       [  2,   1,   7,   2],
       [  4,   0, 589,  47],
       [ 22,   0, 310, 116]]), array([[ 48,   0, 105,  26],
       [  1,   1,   9,   1],
       [  5,   0, 613,  22],
       [ 23,   0, 359,  66]]), array([[ 44,   0,  50,  85],
       [  2,   1,   4,   5],
       [  4,   0, 552,  84],
       [ 20,   0, 232, 196]])]}
