nohup: ignoring input
WARNING: All log messages before absl::InitializeLog() is called are written to STDERR
I0000 00:00:1739092797.224044 2516851 fork_posix.cc:75] Other threads are currently calling into gRPC, skipping fork() handlers
[92mINFO [0m:      
[92mINFO [0m:      Received: train message 976ae36b-b38f-4622-9fb9-27ace8c67b94
[92mINFO [0m:      Sent reply
[92mINFO [0m:      
[92mINFO [0m:      Received: evaluate message 7fc37b07-e2d3-430d-8b07-d51291c0348d
/home/dgxuser16/anaconda3/envs/ihpc/lib/python3.8/site-packages/sklearn/metrics/_classification.py:1471: UndefinedMetricWarning: Precision is ill-defined and being set to 0.0 in labels with no predicted samples. Use `zero_division` parameter to control this behavior.
  _warn_prf(average, modifier, msg_start, len(result))
[92mINFO [0m:      Sent reply
[92mINFO [0m:      
[92mINFO [0m:      Received: train message 6a9b0dd9-a987-4ba6-891c-000a756867de
[92mINFO [0m:      Sent reply
[92mINFO [0m:      
[92mINFO [0m:      Received: evaluate message 69c820af-5985-499d-b168-017de2aea7c3
/home/dgxuser16/anaconda3/envs/ihpc/lib/python3.8/site-packages/sklearn/metrics/_classification.py:1471: UndefinedMetricWarning: Precision is ill-defined and being set to 0.0 in labels with no predicted samples. Use `zero_division` parameter to control this behavior.
  _warn_prf(average, modifier, msg_start, len(result))
[92mINFO [0m:      Sent reply
[92mINFO [0m:      
[92mINFO [0m:      Received: train message 05eab454-33bc-43c8-8797-3734023d69b3
[92mINFO [0m:      Sent reply
[92mINFO [0m:      
[92mINFO [0m:      Received: evaluate message fbd70183-f74b-4663-8f60-a93cdd07c5f7
/home/dgxuser16/anaconda3/envs/ihpc/lib/python3.8/site-packages/sklearn/metrics/_classification.py:1471: UndefinedMetricWarning: Precision is ill-defined and being set to 0.0 in labels with no predicted samples. Use `zero_division` parameter to control this behavior.
  _warn_prf(average, modifier, msg_start, len(result))
[92mINFO [0m:      Sent reply
[92mINFO [0m:      
[92mINFO [0m:      Received: train message 579b0560-4317-465e-834b-4eeabb0ffe38
[92mINFO [0m:      Sent reply
[92mINFO [0m:      
[92mINFO [0m:      Received: evaluate message 863d5d1b-f250-401f-8ea3-cbe0762cf05d
/home/dgxuser16/anaconda3/envs/ihpc/lib/python3.8/site-packages/sklearn/metrics/_classification.py:1471: UndefinedMetricWarning: Precision is ill-defined and being set to 0.0 in labels with no predicted samples. Use `zero_division` parameter to control this behavior.
  _warn_prf(average, modifier, msg_start, len(result))
[92mINFO [0m:      Sent reply
[92mINFO [0m:      
[92mINFO [0m:      Received: train message 6266fafb-d136-44a0-a88c-792ad7f4667f
[92mINFO [0m:      Sent reply
[92mINFO [0m:      
[92mINFO [0m:      Received: evaluate message c258675e-c850-42aa-b51b-b749ab646dcd
/home/dgxuser16/anaconda3/envs/ihpc/lib/python3.8/site-packages/sklearn/metrics/_classification.py:1471: UndefinedMetricWarning: Precision is ill-defined and being set to 0.0 in labels with no predicted samples. Use `zero_division` parameter to control this behavior.
  _warn_prf(average, modifier, msg_start, len(result))
[92mINFO [0m:      Sent reply
[92mINFO [0m:      
[92mINFO [0m:      Received: train message 5c50db34-cf4f-4d14-8ca4-eaffc0505fbe
[92mINFO [0m:      Sent reply
[92mINFO [0m:      
[92mINFO [0m:      Received: evaluate message 58efc186-1a16-4cb6-8bc1-e0f7b27a92bb
/home/dgxuser16/anaconda3/envs/ihpc/lib/python3.8/site-packages/sklearn/metrics/_classification.py:1471: UndefinedMetricWarning: Precision is ill-defined and being set to 0.0 in labels with no predicted samples. Use `zero_division` parameter to control this behavior.
  _warn_prf(average, modifier, msg_start, len(result))
[92mINFO [0m:      Sent reply
[92mINFO [0m:      
[92mINFO [0m:      Received: train message b987323e-eedb-4a69-a320-c700fd6e884c
[92mINFO [0m:      Sent reply
[92mINFO [0m:      
[92mINFO [0m:      Received: evaluate message 62e88fa0-6010-4273-91b0-b78af6d67a4d
/home/dgxuser16/anaconda3/envs/ihpc/lib/python3.8/site-packages/sklearn/metrics/_classification.py:1471: UndefinedMetricWarning: Precision is ill-defined and being set to 0.0 in labels with no predicted samples. Use `zero_division` parameter to control this behavior.
  _warn_prf(average, modifier, msg_start, len(result))
[92mINFO [0m:      Sent reply
[92mINFO [0m:      
[92mINFO [0m:      Received: train message 8a881ab8-9d2b-4a38-a154-8e035fe8129e
[92mINFO [0m:      Sent reply
[92mINFO [0m:      
[92mINFO [0m:      Received: evaluate message b2c78478-8d2b-47ed-8f81-73ced12a90ad
/home/dgxuser16/anaconda3/envs/ihpc/lib/python3.8/site-packages/sklearn/metrics/_classification.py:1471: UndefinedMetricWarning: Precision is ill-defined and being set to 0.0 in labels with no predicted samples. Use `zero_division` parameter to control this behavior.
  _warn_prf(average, modifier, msg_start, len(result))
[92mINFO [0m:      Sent reply
[92mINFO [0m:      
[92mINFO [0m:      Received: train message b6bec90f-f41a-4559-aa5a-96c4b98f75a2
[92mINFO [0m:      Sent reply
[92mINFO [0m:      
[92mINFO [0m:      Received: evaluate message 5a728ca1-846e-4ac2-8adc-d8d925a04d42
/home/dgxuser16/anaconda3/envs/ihpc/lib/python3.8/site-packages/sklearn/metrics/_classification.py:1471: UndefinedMetricWarning: Precision is ill-defined and being set to 0.0 in labels with no predicted samples. Use `zero_division` parameter to control this behavior.
  _warn_prf(average, modifier, msg_start, len(result))
[92mINFO [0m:      Sent reply
[92mINFO [0m:      
[92mINFO [0m:      Received: train message d9b9239a-83db-4211-860d-846a665524b8
[92mINFO [0m:      Sent reply
[92mINFO [0m:      
[92mINFO [0m:      Received: evaluate message 6838cb9c-e826-4de2-835a-e732eb176b9e
/home/dgxuser16/anaconda3/envs/ihpc/lib/python3.8/site-packages/sklearn/metrics/_classification.py:1471: UndefinedMetricWarning: Precision is ill-defined and being set to 0.0 in labels with no predicted samples. Use `zero_division` parameter to control this behavior.
  _warn_prf(average, modifier, msg_start, len(result))
[92mINFO [0m:      Sent reply
[92mINFO [0m:      
[92mINFO [0m:      Received: train message 9cd61015-4e7b-4f58-86ab-aca88c91685f
[92mINFO [0m:      Sent reply
[92mINFO [0m:      
[92mINFO [0m:      Received: evaluate message 697ad737-0d6d-497d-a675-89461e213b44
/home/dgxuser16/anaconda3/envs/ihpc/lib/python3.8/site-packages/sklearn/metrics/_classification.py:1471: UndefinedMetricWarning: Precision is ill-defined and being set to 0.0 in labels with no predicted samples. Use `zero_division` parameter to control this behavior.
  _warn_prf(average, modifier, msg_start, len(result))
[92mINFO [0m:      Sent reply
[92mINFO [0m:      
[92mINFO [0m:      Received: train message 55d20af8-8012-45fc-b075-b6f5d576b485
[92mINFO [0m:      Sent reply
[92mINFO [0m:      
[92mINFO [0m:      Received: evaluate message 8a47207c-8fbb-48c2-81c6-bb86dba590c4
/home/dgxuser16/anaconda3/envs/ihpc/lib/python3.8/site-packages/sklearn/metrics/_classification.py:1471: UndefinedMetricWarning: Precision is ill-defined and being set to 0.0 in labels with no predicted samples. Use `zero_division` parameter to control this behavior.
  _warn_prf(average, modifier, msg_start, len(result))
[92mINFO [0m:      Sent reply
[92mINFO [0m:      
[92mINFO [0m:      Received: train message f6184146-6158-41f9-a690-bf87c7580be9
[92mINFO [0m:      Sent reply
[92mINFO [0m:      
[92mINFO [0m:      Received: evaluate message 06f3c047-028b-4c4f-8baa-1002bd11daa6
/home/dgxuser16/anaconda3/envs/ihpc/lib/python3.8/site-packages/sklearn/metrics/_classification.py:1471: UndefinedMetricWarning: Precision is ill-defined and being set to 0.0 in labels with no predicted samples. Use `zero_division` parameter to control this behavior.
  _warn_prf(average, modifier, msg_start, len(result))
[92mINFO [0m:      Sent reply
[92mINFO [0m:      
[92mINFO [0m:      Received: train message bc37ae2f-b091-4076-93ea-073046edf5cd
[92mINFO [0m:      Sent reply
[92mINFO [0m:      
[92mINFO [0m:      Received: evaluate message 9df02baf-a832-445b-96f9-0450ee11b09f
/home/dgxuser16/anaconda3/envs/ihpc/lib/python3.8/site-packages/sklearn/metrics/_classification.py:1471: UndefinedMetricWarning: Precision is ill-defined and being set to 0.0 in labels with no predicted samples. Use `zero_division` parameter to control this behavior.
  _warn_prf(average, modifier, msg_start, len(result))
[92mINFO [0m:      Sent reply
[92mINFO [0m:      
[92mINFO [0m:      Received: train message 9cb540e5-61a6-439c-84a3-0db2e60dc42b
[92mINFO [0m:      Sent reply
[92mINFO [0m:      
[92mINFO [0m:      Received: evaluate message 5338ef8e-a971-4bc5-9bd8-20f0b9f696fa
[92mINFO [0m:      Sent reply
[92mINFO [0m:      
[92mINFO [0m:      Received: train message 60e1c50e-8432-4663-82f9-4b82e5cb7550
[92mINFO [0m:      Sent reply
[92mINFO [0m:      
[92mINFO [0m:      Received: evaluate message 03d726e9-33c8-4308-bd87-c88c9fc241fa
/home/dgxuser16/anaconda3/envs/ihpc/lib/python3.8/site-packages/sklearn/metrics/_classification.py:1471: UndefinedMetricWarning: Precision is ill-defined and being set to 0.0 in labels with no predicted samples. Use `zero_division` parameter to control this behavior.
  _warn_prf(average, modifier, msg_start, len(result))
[92mINFO [0m:      Sent reply
[92mINFO [0m:      
[92mINFO [0m:      Received: train message dd1967dc-26ae-4286-8a81-aa000efb40bb
[92mINFO [0m:      Sent reply
[92mINFO [0m:      
[92mINFO [0m:      Received: evaluate message 21d5df00-3a42-40c2-b0a5-45ccfac04bf0
[92mINFO [0m:      Sent reply
[92mINFO [0m:      
[92mINFO [0m:      Received: train message 492ce24b-edde-4b6a-b28c-cc40eb4625fc
[92mINFO [0m:      Sent reply
[92mINFO [0m:      
[92mINFO [0m:      Received: evaluate message da7449f1-4ce1-4e04-a27a-e0793f5e616a
[92mINFO [0m:      Sent reply
[92mINFO [0m:      
[92mINFO [0m:      Received: train message f7db24d0-fad9-428f-bfc3-4595d57a7207
[92mINFO [0m:      Sent reply
[92mINFO [0m:      
[92mINFO [0m:      Received: evaluate message 5ba26049-f7b0-4110-932b-2425e7f4c5b2
/home/dgxuser16/anaconda3/envs/ihpc/lib/python3.8/site-packages/sklearn/metrics/_classification.py:1471: UndefinedMetricWarning: Precision is ill-defined and being set to 0.0 in labels with no predicted samples. Use `zero_division` parameter to control this behavior.
  _warn_prf(average, modifier, msg_start, len(result))
[92mINFO [0m:      Sent reply
[92mINFO [0m:      
[92mINFO [0m:      Received: train message 49e89b94-b76f-4a5c-9579-f7f32a796a7e
[92mINFO [0m:      Sent reply
[92mINFO [0m:      
[92mINFO [0m:      Received: evaluate message 0aaf8528-53b2-4dea-9cfa-cab534ca63de
[92mINFO [0m:      Sent reply
[92mINFO [0m:      
[92mINFO [0m:      Received: train message 12917e61-9df8-47e5-ace1-cc3177d24d4f
[92mINFO [0m:      Sent reply
[92mINFO [0m:      
[92mINFO [0m:      Received: evaluate message 292a8de4-5c7f-4b65-b001-5661a158e7ed
[92mINFO [0m:      Sent reply
[92mINFO [0m:      
[92mINFO [0m:      Received: train message ef723deb-7e12-4111-a455-251347cc265f
[92mINFO [0m:      Sent reply
[92mINFO [0m:      
[92mINFO [0m:      Received: evaluate message 2a00a576-1045-4dec-af61-f2d150a59999
[92mINFO [0m:      Sent reply
[92mINFO [0m:      
[92mINFO [0m:      Received: train message 42b04f36-6fd9-4d64-b979-72d6d3b164a9
[92mINFO [0m:      Sent reply
[92mINFO [0m:      
[92mINFO [0m:      Received: evaluate message 0333acd4-4ef9-4640-ad40-8402e3535a63
[92mINFO [0m:      Sent reply
[92mINFO [0m:      
[92mINFO [0m:      Received: train message f5a23f19-0e1c-4a3a-9483-316c8ab0c28b
[92mINFO [0m:      Sent reply
[92mINFO [0m:      
[92mINFO [0m:      Received: evaluate message 5718f4d0-05db-48ae-a61e-8d2a7652e0e5
[92mINFO [0m:      Sent reply
[92mINFO [0m:      
[92mINFO [0m:      Received: train message e2f167f1-2b0e-4380-89de-6d4207d96d47
[92mINFO [0m:      Sent reply
[92mINFO [0m:      
[92mINFO [0m:      Received: evaluate message ec716f87-6aff-48bf-92d3-92a57f222e60
[92mINFO [0m:      Sent reply
[92mINFO [0m:      
[92mINFO [0m:      Received: train message eb4a6781-999d-4027-9ac8-757053fd4930
[92mINFO [0m:      Sent reply
[92mINFO [0m:      
[92mINFO [0m:      Received: evaluate message b1d4258f-c022-4bb2-bedb-4bb7378269b7
[92mINFO [0m:      Sent reply
[92mINFO [0m:      
[92mINFO [0m:      Received: train message d8ea3650-f0cb-4a5f-a0df-bbf0580443a5
[92mINFO [0m:      Sent reply
[92mINFO [0m:      
[92mINFO [0m:      Received: evaluate message 7ce0c1c7-c5f8-4a77-a4fa-2e52d207da95
[92mINFO [0m:      Sent reply
[92mINFO [0m:      
[92mINFO [0m:      Received: train message d2ae3704-56fa-4924-b914-953041d8da3e
[92mINFO [0m:      Sent reply
[92mINFO [0m:      
[92mINFO [0m:      Received: evaluate message 9505187c-8884-45ca-80ce-9d186708c585
[92mINFO [0m:      Sent reply
[92mINFO [0m:      
[92mINFO [0m:      Received: train message 27d94496-0d70-4710-bdeb-d2f81975bc55
[92mINFO [0m:      Sent reply
[92mINFO [0m:      
[92mINFO [0m:      Received: evaluate message e0a2b781-f165-40df-bb94-5e3618b7991a
[92mINFO [0m:      Sent reply
[92mINFO [0m:      
[92mINFO [0m:      Received: train message 4d662d4f-e724-4697-9565-c49c92074796
[92mINFO [0m:      Sent reply
[92mINFO [0m:      
[92mINFO [0m:      Received: evaluate message 411395eb-60b1-40b7-a3f8-c8d090b2ce93
[92mINFO [0m:      Sent reply
[92mINFO [0m:      
[92mINFO [0m:      Received: reconnect message 37335791-d506-427d-a352-0991c1856a27
[92mINFO [0m:      Disconnect and shut down


{'loss': [0.9656470259061728, 0.9225123030212915, 0.9147748755607128, 0.9023761606663815, 0.9124422606497281, 0.8993863482508835, 0.8767015488470226, 0.8701627280583505, 0.8786621070914757, 0.8830653953775939, 0.8612993373546496, 0.8680935363642772, 0.8672967145366535, 0.8629399908064305, 0.8588310667459996, 0.8615450790098069, 0.8894466502858476, 0.845874346169389, 0.8427930953821416, 0.8713230357867279, 0.8642736058201614, 0.8429732565958113, 0.8260251796739562, 0.8261793624432037, 0.8541739071785611, 0.8576688938908879, 0.8393002437184433, 0.835023340720325, 0.8702297899478856, 0.8130996348431], 'accuracy': [0.5136825645035183, 0.5340109460516028, 0.544175136825645, 0.547302580140735, 0.544175136825645, 0.5512118842845973, 0.5629397967161845, 0.5676309616888194, 0.562157935887412, 0.5566849100860047, 0.5731039874902267, 0.5684128225175918, 0.5613760750586395, 0.5684128225175918, 0.5723221266614542, 0.5676309616888194, 0.5590304925723222, 0.5754495699765442, 0.5895230648944488, 0.5699765441751369, 0.5715402658326818, 0.5793588741204065, 0.6043784206411259, 0.6075058639562158, 0.5777951524628616, 0.5723221266614542, 0.5863956215793589, 0.5926505082095387, 0.5691946833463644, 0.6200156372165755], 'auc': [0.7480433719638921, 0.7676231301766945, 0.7767767684140424, 0.7843013980096671, 0.7862444473210103, 0.792378495479914, 0.7978235373198981, 0.8010286535606336, 0.8008535703090465, 0.8036179028188051, 0.8061531087634092, 0.8088487002911441, 0.8104471882680293, 0.8122425899044542, 0.813982342217302, 0.8158031997769405, 0.8164734357075927, 0.8192256016518482, 0.8203798189916318, 0.8196031233924634, 0.8202036873278329, 0.8231951191565058, 0.8253074865837432, 0.8263013386297977, 0.8264627243293975, 0.8265794533048483, 0.8286965680862208, 0.8297920991467496, 0.8294982559870465, 0.8327011963738142], 'precision': [0.3877833706705018, 0.38773651851163127, 0.4538275733927908, 0.3996058705573948, 0.4242336964111158, 0.42567769532055244, 0.3906098368817667, 0.3882712573832491, 0.4320857551796966, 0.4016351070629594, 0.4123585585181419, 0.41558434348048995, 0.38889360328106587, 0.40718681016223, 0.6591269841269841, 0.40482117812919016, 0.6749956408020924, 0.6529833528138852, 0.44140543666747434, 0.6833594124710769, 0.6834051499670182, 0.6570834883088215, 0.6813064498144226, 0.6953802001931745, 0.6797689540813772, 0.667606210226026, 0.6875667327706981, 0.6971802621306394, 0.6904365971925424, 0.7042530938712322], 'recall': [0.26736426326815643, 0.2937702638667199, 0.2976687200718276, 0.3104695605546688, 0.29800977653631283, 0.31259165502793296, 0.337390263367917, 0.3504623279130088, 0.3254311527334397, 0.333268592877095, 0.34363558709098163, 0.33610210494812454, 0.3433225882881085, 0.344320817537909, 0.3697331612463421, 0.348459634377494, 0.3518713421122639, 0.376491628425113, 0.3570362380287311, 0.36035192621042833, 0.3623019336924714, 0.39320339518488956, 0.3998175212822559, 0.39970279662144187, 0.37951437383612663, 0.383657866952647, 0.3838050138002128, 0.3882692995144985, 0.3641559216214419, 0.40728584729981376], 'f1': [0.21179965817105467, 0.26926420720218314, 0.2726079744182777, 0.2944148687087956, 0.27167758857783136, 0.2960434505540738, 0.33255863088117243, 0.34792242171303706, 0.31747482099905155, 0.3210139802911353, 0.3434423726371957, 0.33028043962509984, 0.3331523986765922, 0.3379355484642947, 0.3829692246683546, 0.3392647799335945, 0.3486620004647862, 0.3905256749326288, 0.35947102473265263, 0.36702117782059085, 0.3749783423988004, 0.400873050106695, 0.4231266725629464, 0.42449892198849937, 0.3895767631053439, 0.3859273386868764, 0.40108433669449417, 0.40778288250289996, 0.36840431882003016, 0.4333581893593753], 'confusion_matrix': [array([[  6,   0, 159,  14],
       [  0,   0,  12,   0],
       [  2,   0, 623,  15],
       [  3,   0, 417,  28]]), array([[ 13,   0, 108,  58],
       [  0,   0,  10,   2],
       [  5,   0, 587,  48],
       [  5,   0, 360,  83]]), array([[  8,   0, 104,  67],
       [  0,   0,   9,   3],
       [  0,   0, 582,  58],
       [  2,   0, 340, 106]]), array([[ 22,   0, 108,  49],
       [  2,   0,   9,   1],
       [  9,   0, 589,  42],
       [  7,   0, 352,  89]]), array([[ 12,   0, 114,  53],
       [  0,   0,  11,   1],
       [  2,   0, 600,  38],
       [  4,   0, 360,  84]]), array([[ 23,   0, 113,  43],
       [  0,   0,  11,   1],
       [  5,   0, 598,  37],
       [  8,   0, 356,  84]]), array([[ 37,   0,  84,  58],
       [  3,   0,   7,   2],
       [ 12,   0, 570,  58],
       [ 24,   0, 311, 113]]), array([[ 46,   0,  77,  56],
       [  3,   0,   6,   3],
       [ 19,   0, 557,  64],
       [ 33,   0, 292, 123]]), array([[ 26,   0,  94,  59],
       [  0,   0,   9,   3],
       [  3,   0, 583,  54],
       [ 10,   0, 328, 110]]), array([[ 42,   0, 103,  34],
       [  3,   0,   8,   1],
       [ 10,   0, 593,  37],
       [ 25,   0, 346,  77]]), array([[ 34,   0,  73,  72],
       [  3,   0,   6,   3],
       [  5,   0, 561,  74],
       [ 18,   0, 292, 138]]), array([[ 34,   0,  92,  53],
       [  2,   0,   8,   2],
       [  4,   0, 586,  50],
       [ 19,   0, 322, 107]]), array([[ 48,   0,  86,  45],
       [  3,   0,   7,   2],
       [ 15,   0, 583,  42],
       [ 34,   0, 327,  87]]), array([[ 44,   0,  88,  47],
       [  3,   0,   7,   2],
       [  7,   0, 587,  46],
       [ 27,   0, 325,  96]]), array([[ 46,   0,  82,  51],
       [  3,   1,   6,   2],
       [  8,   0, 583,  49],
       [ 27,   0, 319, 102]]), array([[ 50,   0,  91,  38],
       [  3,   0,   7,   2],
       [ 12,   0, 589,  39],
       [ 32,   0, 329,  87]]), array([[ 43,   0, 114,  22],
       [  2,   1,   8,   1],
       [  5,   0, 618,  17],
       [ 25,   0, 370,  53]]), array([[ 50,   0,  74,  55],
       [  3,   1,   5,   3],
       [ 12,   0, 576,  52],
       [ 32,   0, 307, 109]]), array([[ 39,   0,  76,  64],
       [  2,   0,   7,   3],
       [  3,   0, 576,  61],
       [ 17,   0, 292, 139]]), array([[ 42,   0, 102,  35],
       [  1,   1,   9,   1],
       [  3,   0, 609,  28],
       [ 22,   0, 349,  77]]), array([[ 40,   0,  93,  46],
       [  1,   1,   8,   2],
       [  2,   0, 594,  44],
       [ 19,   0, 333,  96]]), array([[ 67,   0,  71,  41],
       [  3,   1,   6,   2],
       [ 23,   0, 578,  39],
       [ 43,   0, 310,  95]]), array([[ 50,   0,  56,  73],
       [  3,   1,   4,   4],
       [  7,   0, 560,  73],
       [ 28,   0, 258, 162]]), array([[ 48,   0,  56,  75],
       [  2,   1,   5,   4],
       [  5,   0, 564,  71],
       [ 22,   0, 262, 164]]), array([[ 56,   0,  90,  33],
       [  2,   1,   7,   2],
       [  8,   0, 598,  34],
       [ 29,   0, 335,  84]]), array([[ 65,   0,  88,  26],
       [  2,   1,   8,   1],
       [ 18,   0, 595,  27],
       [ 39,   0, 338,  71]]), array([[ 52,   0,  79,  48],
       [  2,   1,   7,   2],
       [  5,   0, 589,  46],
       [ 24,   0, 316, 108]]), array([[ 52,   0,  77,  50],
       [  2,   1,   7,   2],
       [  4,   0, 589,  47],
       [ 22,   0, 310, 116]]), array([[ 48,   0, 105,  26],
       [  1,   1,   9,   1],
       [  5,   0, 613,  22],
       [ 23,   0, 359,  66]]), array([[ 44,   0,  50,  85],
       [  2,   1,   4,   5],
       [  4,   0, 552,  84],
       [ 20,   0, 232, 196]])]}
