nohup: ignoring input
/home/dgxuser16/anaconda3/envs/ihpc/lib/python3.8/site-packages/albumentations/__init__.py:13: UserWarning: A new version of Albumentations is available: 2.0.3 (you have 1.4.18). Upgrade using: pip install -U albumentations. To disable automatic update checks, set the environment variable NO_ALBUMENTATIONS_UPDATE to 1.
  check_for_updates()
/raid/home/dgxuser16/NTL/mccarthy/ahmad/github/adaptive_privacy_fl/isic/fixed_noise/4.88, e=1.0/flamby/datasets/fed_isic2019/dataset.py:222: DeprecationWarning: Flip is deprecated. Consider using HorizontalFlip, VerticalFlip, RandomRotate90 or D4.
  albumentations.Flip(p=0.5),
/home/dgxuser16/anaconda3/envs/ihpc/lib/python3.8/site-packages/pydantic/main.py:214: DeprecationWarning: `max_holes` is deprecated. Use num_holes_range instead.
  validated_self = self.__pydantic_validator__.validate_python(data, self_instance=self)
/home/dgxuser16/anaconda3/envs/ihpc/lib/python3.8/site-packages/pydantic/main.py:214: DeprecationWarning: `max_height` is deprecated. Use hole_height_range instead.
  validated_self = self.__pydantic_validator__.validate_python(data, self_instance=self)
/home/dgxuser16/anaconda3/envs/ihpc/lib/python3.8/site-packages/pydantic/main.py:214: DeprecationWarning: `max_width` is deprecated. Use hole_width_range instead.
  validated_self = self.__pydantic_validator__.validate_python(data, self_instance=self)
/home/dgxuser16/anaconda3/envs/ihpc/lib/python3.8/site-packages/albumentations/core/validation.py:45: DeprecationWarning: always_apply is deprecated. Use `p=1` if you want to always apply the transform. self.p will be set to 1.
  original_init(self, **validated_kwargs)
/home/dgxuser16/anaconda3/envs/ihpc/lib/python3.8/site-packages/albumentations/core/validation.py:45: DeprecationWarning: always_apply is deprecated. Use `p=1` if you want to always apply the transform. self.p will be set to 1.
  original_init(self, **validated_kwargs)
/home/dgxuser16/anaconda3/envs/ihpc/lib/python3.8/site-packages/opacus/privacy_engine.py:95: UserWarning: Secure RNG turned off. This is perfectly fine for experimentation as it allows for much faster training performance, but remember to turn it on and retrain one last time before production with ``secure_mode`` turned on.
  warnings.warn(
02/06/2025 10:10:38:DEBUG:Opened insecure gRPC connection (no certificates were passed)
02/06/2025 10:10:38:DEBUG:ChannelConnectivity.IDLE
02/06/2025 10:10:38:DEBUG:ChannelConnectivity.READY
WARNING: All log messages before absl::InitializeLog() is called are written to STDERR
I0000 00:00:1738865438.390284  629463 fork_posix.cc:75] Other threads are currently calling into gRPC, skipping fork() handlers
[92mINFO [0m:      
02/06/2025 10:11:19:INFO:
[92mINFO [0m:      Received: train message a58c497a-b5a8-4d4a-9dff-27807cf2bcb0
02/06/2025 10:11:19:INFO:Received: train message a58c497a-b5a8-4d4a-9dff-27807cf2bcb0
/home/dgxuser16/anaconda3/envs/ihpc/lib/python3.8/site-packages/torch/nn/modules/module.py:1640: FutureWarning: Using a non-full backward hook when the forward contains multiple autograd Nodes is deprecated and will be removed in future versions. This hook will be missing some grad_input. Please use register_full_backward_hook to get the documented behavior.
  self._maybe_warn_non_full_backward_hook(args, result, grad_fn)
/home/dgxuser16/anaconda3/envs/ihpc/lib/python3.8/site-packages/opacus/accountants/analysis/rdp.py:332: UserWarning: Optimal order is the largest alpha. Please consider expanding the range of alphas to get a tighter privacy bound.
  warnings.warn(
[92mINFO [0m:      Sent reply
02/06/2025 10:30:27:INFO:Sent reply
[92mINFO [0m:      
02/06/2025 10:52:15:INFO:
[92mINFO [0m:      Received: evaluate message d94edbe9-4451-4141-8bb0-af343b3af1e7
02/06/2025 10:52:15:INFO:Received: evaluate message d94edbe9-4451-4141-8bb0-af343b3af1e7
[92mINFO [0m:      Sent reply
02/06/2025 10:57:34:INFO:Sent reply
[92mINFO [0m:      
02/06/2025 10:58:38:INFO:
[92mINFO [0m:      Received: train message 83cee4bc-cdfd-4956-aa28-9413044234fe
02/06/2025 10:58:38:INFO:Received: train message 83cee4bc-cdfd-4956-aa28-9413044234fe
/home/dgxuser16/anaconda3/envs/ihpc/lib/python3.8/site-packages/torch/nn/modules/module.py:1640: FutureWarning: Using a non-full backward hook when the forward contains multiple autograd Nodes is deprecated and will be removed in future versions. This hook will be missing some grad_input. Please use register_full_backward_hook to get the documented behavior.
  self._maybe_warn_non_full_backward_hook(args, result, grad_fn)
/home/dgxuser16/anaconda3/envs/ihpc/lib/python3.8/site-packages/opacus/accountants/analysis/rdp.py:332: UserWarning: Optimal order is the largest alpha. Please consider expanding the range of alphas to get a tighter privacy bound.
  warnings.warn(
[92mINFO [0m:      Sent reply
02/06/2025 11:17:40:INFO:Sent reply
[92mINFO [0m:      
02/06/2025 11:38:40:INFO:
[92mINFO [0m:      Received: evaluate message d2733f2b-eb9c-43fb-932c-ab2c7a0004e3
02/06/2025 11:38:40:INFO:Received: evaluate message d2733f2b-eb9c-43fb-932c-ab2c7a0004e3
[92mINFO [0m:      Sent reply
02/06/2025 11:44:35:INFO:Sent reply
[92mINFO [0m:      
02/06/2025 11:45:25:INFO:
[92mINFO [0m:      Received: train message ff02f606-df5c-40a7-8b3d-9ee118f5710e
02/06/2025 11:45:25:INFO:Received: train message ff02f606-df5c-40a7-8b3d-9ee118f5710e
/home/dgxuser16/anaconda3/envs/ihpc/lib/python3.8/site-packages/torch/nn/modules/module.py:1640: FutureWarning: Using a non-full backward hook when the forward contains multiple autograd Nodes is deprecated and will be removed in future versions. This hook will be missing some grad_input. Please use register_full_backward_hook to get the documented behavior.
  self._maybe_warn_non_full_backward_hook(args, result, grad_fn)
/home/dgxuser16/anaconda3/envs/ihpc/lib/python3.8/site-packages/opacus/accountants/analysis/rdp.py:332: UserWarning: Optimal order is the largest alpha. Please consider expanding the range of alphas to get a tighter privacy bound.
  warnings.warn(
[92mINFO [0m:      Sent reply
02/06/2025 12:04:02:INFO:Sent reply
[92mINFO [0m:      
02/06/2025 12:28:50:INFO:
[92mINFO [0m:      Received: evaluate message 1c58f079-cf60-4280-ab94-63f13d799c48
02/06/2025 12:28:50:INFO:Received: evaluate message 1c58f079-cf60-4280-ab94-63f13d799c48
[92mINFO [0m:      Sent reply
02/06/2025 12:34:20:INFO:Sent reply
[92mINFO [0m:      
02/06/2025 12:35:00:INFO:
[92mINFO [0m:      Received: train message 29cbc168-e176-4c75-ad3a-7665a2e07549
02/06/2025 12:35:00:INFO:Received: train message 29cbc168-e176-4c75-ad3a-7665a2e07549
/home/dgxuser16/anaconda3/envs/ihpc/lib/python3.8/site-packages/torch/nn/modules/module.py:1640: FutureWarning: Using a non-full backward hook when the forward contains multiple autograd Nodes is deprecated and will be removed in future versions. This hook will be missing some grad_input. Please use register_full_backward_hook to get the documented behavior.
  self._maybe_warn_non_full_backward_hook(args, result, grad_fn)
/home/dgxuser16/anaconda3/envs/ihpc/lib/python3.8/site-packages/opacus/accountants/analysis/rdp.py:332: UserWarning: Optimal order is the largest alpha. Please consider expanding the range of alphas to get a tighter privacy bound.
  warnings.warn(
[92mINFO [0m:      Sent reply
02/06/2025 12:53:53:INFO:Sent reply
[92mINFO [0m:      
02/06/2025 13:17:03:INFO:
[92mINFO [0m:      Received: evaluate message 816607dc-51b2-4086-b724-e7a4af1e2653
02/06/2025 13:17:03:INFO:Received: evaluate message 816607dc-51b2-4086-b724-e7a4af1e2653
[92mINFO [0m:      Sent reply
02/06/2025 13:22:29:INFO:Sent reply
[92mINFO [0m:      
02/06/2025 13:23:08:INFO:
[92mINFO [0m:      Received: train message 6a4e3697-a54f-49c6-9910-10bf1f089c1c
02/06/2025 13:23:08:INFO:Received: train message 6a4e3697-a54f-49c6-9910-10bf1f089c1c
/home/dgxuser16/anaconda3/envs/ihpc/lib/python3.8/site-packages/torch/nn/modules/module.py:1640: FutureWarning: Using a non-full backward hook when the forward contains multiple autograd Nodes is deprecated and will be removed in future versions. This hook will be missing some grad_input. Please use register_full_backward_hook to get the documented behavior.
  self._maybe_warn_non_full_backward_hook(args, result, grad_fn)
/home/dgxuser16/anaconda3/envs/ihpc/lib/python3.8/site-packages/opacus/accountants/analysis/rdp.py:332: UserWarning: Optimal order is the largest alpha. Please consider expanding the range of alphas to get a tighter privacy bound.
  warnings.warn(
[92mINFO [0m:      Sent reply
02/06/2025 13:42:39:INFO:Sent reply
[92mINFO [0m:      
02/06/2025 14:03:53:INFO:
[92mINFO [0m:      Received: evaluate message 54d21faa-dfed-4674-97e8-aaa05026310a
02/06/2025 14:03:53:INFO:Received: evaluate message 54d21faa-dfed-4674-97e8-aaa05026310a
[92mINFO [0m:      Sent reply
02/06/2025 14:09:35:INFO:Sent reply
[92mINFO [0m:      
02/06/2025 14:10:23:INFO:
[92mINFO [0m:      Received: train message 367bfa19-b346-4801-8178-ca286046e6e3
02/06/2025 14:10:23:INFO:Received: train message 367bfa19-b346-4801-8178-ca286046e6e3
/home/dgxuser16/anaconda3/envs/ihpc/lib/python3.8/site-packages/torch/nn/modules/module.py:1640: FutureWarning: Using a non-full backward hook when the forward contains multiple autograd Nodes is deprecated and will be removed in future versions. This hook will be missing some grad_input. Please use register_full_backward_hook to get the documented behavior.
  self._maybe_warn_non_full_backward_hook(args, result, grad_fn)
/home/dgxuser16/anaconda3/envs/ihpc/lib/python3.8/site-packages/opacus/accountants/analysis/rdp.py:332: UserWarning: Optimal order is the largest alpha. Please consider expanding the range of alphas to get a tighter privacy bound.
  warnings.warn(
[92mINFO [0m:      Sent reply
02/06/2025 14:29:24:INFO:Sent reply
[92mINFO [0m:      
02/06/2025 14:51:49:INFO:
[92mINFO [0m:      Received: evaluate message 08ec798e-f349-4649-b6ad-5cfe2483de8c
02/06/2025 14:51:49:INFO:Received: evaluate message 08ec798e-f349-4649-b6ad-5cfe2483de8c
[92mINFO [0m:      Sent reply
02/06/2025 14:57:13:INFO:Sent reply
[92mINFO [0m:      
02/06/2025 14:57:48:INFO:
[92mINFO [0m:      Received: train message 61df5c97-6d4b-4cd8-891e-6c3681978648
02/06/2025 14:57:48:INFO:Received: train message 61df5c97-6d4b-4cd8-891e-6c3681978648
/home/dgxuser16/anaconda3/envs/ihpc/lib/python3.8/site-packages/torch/nn/modules/module.py:1640: FutureWarning: Using a non-full backward hook when the forward contains multiple autograd Nodes is deprecated and will be removed in future versions. This hook will be missing some grad_input. Please use register_full_backward_hook to get the documented behavior.
  self._maybe_warn_non_full_backward_hook(args, result, grad_fn)
/home/dgxuser16/anaconda3/envs/ihpc/lib/python3.8/site-packages/opacus/accountants/analysis/rdp.py:332: UserWarning: Optimal order is the largest alpha. Please consider expanding the range of alphas to get a tighter privacy bound.
  warnings.warn(
[92mINFO [0m:      Sent reply
02/06/2025 15:16:43:INFO:Sent reply
[92mINFO [0m:      
02/06/2025 15:41:27:INFO:
[92mINFO [0m:      Received: evaluate message 61bbb4e3-1712-459a-a2dc-dad6e4c2aa99
02/06/2025 15:41:27:INFO:Received: evaluate message 61bbb4e3-1712-459a-a2dc-dad6e4c2aa99
[92mINFO [0m:      Sent reply
02/06/2025 15:46:34:INFO:Sent reply
[92mINFO [0m:      
02/06/2025 15:46:52:INFO:
[92mINFO [0m:      Received: train message f26ba3ca-18d2-412b-841d-29bd94ea3d72
02/06/2025 15:46:52:INFO:Received: train message f26ba3ca-18d2-412b-841d-29bd94ea3d72
/home/dgxuser16/anaconda3/envs/ihpc/lib/python3.8/site-packages/torch/nn/modules/module.py:1640: FutureWarning: Using a non-full backward hook when the forward contains multiple autograd Nodes is deprecated and will be removed in future versions. This hook will be missing some grad_input. Please use register_full_backward_hook to get the documented behavior.
  self._maybe_warn_non_full_backward_hook(args, result, grad_fn)
/home/dgxuser16/anaconda3/envs/ihpc/lib/python3.8/site-packages/opacus/accountants/analysis/rdp.py:332: UserWarning: Optimal order is the largest alpha. Please consider expanding the range of alphas to get a tighter privacy bound.
  warnings.warn(
[92mINFO [0m:      Sent reply
02/06/2025 16:06:42:INFO:Sent reply
[92mINFO [0m:      
02/06/2025 16:29:27:INFO:
[92mINFO [0m:      Received: evaluate message ab8f7292-6eda-44bf-95b2-1a5cf1d0e3f5
02/06/2025 16:29:27:INFO:Received: evaluate message ab8f7292-6eda-44bf-95b2-1a5cf1d0e3f5
[92mINFO [0m:      Sent reply
02/06/2025 16:34:35:INFO:Sent reply
[92mINFO [0m:      
02/06/2025 16:35:34:INFO:
[92mINFO [0m:      Received: train message a7c1cea2-64ca-43f8-8cb6-7cda87a6b8c5
02/06/2025 16:35:34:INFO:Received: train message a7c1cea2-64ca-43f8-8cb6-7cda87a6b8c5
/home/dgxuser16/anaconda3/envs/ihpc/lib/python3.8/site-packages/torch/nn/modules/module.py:1640: FutureWarning: Using a non-full backward hook when the forward contains multiple autograd Nodes is deprecated and will be removed in future versions. This hook will be missing some grad_input. Please use register_full_backward_hook to get the documented behavior.
  self._maybe_warn_non_full_backward_hook(args, result, grad_fn)
/home/dgxuser16/anaconda3/envs/ihpc/lib/python3.8/site-packages/opacus/accountants/analysis/rdp.py:332: UserWarning: Optimal order is the largest alpha. Please consider expanding the range of alphas to get a tighter privacy bound.
  warnings.warn(
[92mINFO [0m:      Sent reply
02/06/2025 16:55:11:INFO:Sent reply
[92mINFO [0m:      
02/06/2025 17:18:47:INFO:
[92mINFO [0m:      Received: evaluate message c33a873e-0294-4fa0-acca-57a2a5f5e06f
02/06/2025 17:18:47:INFO:Received: evaluate message c33a873e-0294-4fa0-acca-57a2a5f5e06f
[92mINFO [0m:      Sent reply
02/06/2025 17:24:06:INFO:Sent reply
[92mINFO [0m:      
02/06/2025 17:24:34:INFO:
[92mINFO [0m:      Received: train message fe3b7cea-80d3-4490-b925-ff24c25241ea
02/06/2025 17:24:34:INFO:Received: train message fe3b7cea-80d3-4490-b925-ff24c25241ea
/home/dgxuser16/anaconda3/envs/ihpc/lib/python3.8/site-packages/torch/nn/modules/module.py:1640: FutureWarning: Using a non-full backward hook when the forward contains multiple autograd Nodes is deprecated and will be removed in future versions. This hook will be missing some grad_input. Please use register_full_backward_hook to get the documented behavior.
  self._maybe_warn_non_full_backward_hook(args, result, grad_fn)
/home/dgxuser16/anaconda3/envs/ihpc/lib/python3.8/site-packages/opacus/accountants/analysis/rdp.py:332: UserWarning: Optimal order is the largest alpha. Please consider expanding the range of alphas to get a tighter privacy bound.
  warnings.warn(
[92mINFO [0m:      Sent reply
02/06/2025 17:43:09:INFO:Sent reply
[92mINFO [0m:      
02/06/2025 18:06:12:INFO:
[92mINFO [0m:      Received: evaluate message 1c7b7a08-f7c5-4af6-8b0c-d4963a4b792c
02/06/2025 18:06:12:INFO:Received: evaluate message 1c7b7a08-f7c5-4af6-8b0c-d4963a4b792c
[92mINFO [0m:      Sent reply
02/06/2025 18:11:25:INFO:Sent reply
[92mINFO [0m:      
02/06/2025 18:11:48:INFO:
[92mINFO [0m:      Received: train message f29f0f12-1be0-44ea-b7df-a61232527ab6
02/06/2025 18:11:48:INFO:Received: train message f29f0f12-1be0-44ea-b7df-a61232527ab6
/home/dgxuser16/anaconda3/envs/ihpc/lib/python3.8/site-packages/torch/nn/modules/module.py:1640: FutureWarning: Using a non-full backward hook when the forward contains multiple autograd Nodes is deprecated and will be removed in future versions. This hook will be missing some grad_input. Please use register_full_backward_hook to get the documented behavior.
  self._maybe_warn_non_full_backward_hook(args, result, grad_fn)
/home/dgxuser16/anaconda3/envs/ihpc/lib/python3.8/site-packages/opacus/accountants/analysis/rdp.py:332: UserWarning: Optimal order is the largest alpha. Please consider expanding the range of alphas to get a tighter privacy bound.
  warnings.warn(
[92mINFO [0m:      Sent reply
02/06/2025 18:29:40:INFO:Sent reply
[92mINFO [0m:      
02/06/2025 18:52:33:INFO:
[92mINFO [0m:      Received: evaluate message 4c82dbab-308b-4afc-ae70-d4bbd8f2fbd3
02/06/2025 18:52:33:INFO:Received: evaluate message 4c82dbab-308b-4afc-ae70-d4bbd8f2fbd3
[92mINFO [0m:      Sent reply
02/06/2025 18:57:27:INFO:Sent reply
[92mINFO [0m:      
02/06/2025 18:58:14:INFO:
[92mINFO [0m:      Received: train message 766b21fb-e0c0-42ba-9129-c4c4784f253c
02/06/2025 18:58:14:INFO:Received: train message 766b21fb-e0c0-42ba-9129-c4c4784f253c
/home/dgxuser16/anaconda3/envs/ihpc/lib/python3.8/site-packages/torch/nn/modules/module.py:1640: FutureWarning: Using a non-full backward hook when the forward contains multiple autograd Nodes is deprecated and will be removed in future versions. This hook will be missing some grad_input. Please use register_full_backward_hook to get the documented behavior.
  self._maybe_warn_non_full_backward_hook(args, result, grad_fn)
/home/dgxuser16/anaconda3/envs/ihpc/lib/python3.8/site-packages/opacus/accountants/analysis/rdp.py:332: UserWarning: Optimal order is the largest alpha. Please consider expanding the range of alphas to get a tighter privacy bound.
  warnings.warn(
[92mINFO [0m:      Sent reply
02/06/2025 19:17:27:INFO:Sent reply
[92mINFO [0m:      
02/06/2025 19:39:30:INFO:
[92mINFO [0m:      Received: evaluate message a5be16c9-00e7-4964-975d-5645503584d2
02/06/2025 19:39:30:INFO:Received: evaluate message a5be16c9-00e7-4964-975d-5645503584d2
[92mINFO [0m:      Sent reply
02/06/2025 19:44:47:INFO:Sent reply
[92mINFO [0m:      
02/06/2025 19:45:49:INFO:
[92mINFO [0m:      Received: train message c615fb7d-fc0d-41e6-acbc-5e7dc03c2e94
02/06/2025 19:45:49:INFO:Received: train message c615fb7d-fc0d-41e6-acbc-5e7dc03c2e94
/home/dgxuser16/anaconda3/envs/ihpc/lib/python3.8/site-packages/torch/nn/modules/module.py:1640: FutureWarning: Using a non-full backward hook when the forward contains multiple autograd Nodes is deprecated and will be removed in future versions. This hook will be missing some grad_input. Please use register_full_backward_hook to get the documented behavior.
  self._maybe_warn_non_full_backward_hook(args, result, grad_fn)
/home/dgxuser16/anaconda3/envs/ihpc/lib/python3.8/site-packages/opacus/accountants/analysis/rdp.py:332: UserWarning: Optimal order is the largest alpha. Please consider expanding the range of alphas to get a tighter privacy bound.
  warnings.warn(
[92mINFO [0m:      Sent reply
02/06/2025 20:05:23:INFO:Sent reply
[92mINFO [0m:      
02/06/2025 20:29:43:INFO:
[92mINFO [0m:      Received: evaluate message ab46aaec-a4b4-4d7f-a03b-8d59a0683191
02/06/2025 20:29:43:INFO:Received: evaluate message ab46aaec-a4b4-4d7f-a03b-8d59a0683191
[92mINFO [0m:      Sent reply
02/06/2025 20:35:10:INFO:Sent reply
[92mINFO [0m:      
02/06/2025 20:35:55:INFO:
[92mINFO [0m:      Received: train message da25546c-0ea7-4043-a465-56a87d6d950a
02/06/2025 20:35:55:INFO:Received: train message da25546c-0ea7-4043-a465-56a87d6d950a
/home/dgxuser16/anaconda3/envs/ihpc/lib/python3.8/site-packages/torch/nn/modules/module.py:1640: FutureWarning: Using a non-full backward hook when the forward contains multiple autograd Nodes is deprecated and will be removed in future versions. This hook will be missing some grad_input. Please use register_full_backward_hook to get the documented behavior.
  self._maybe_warn_non_full_backward_hook(args, result, grad_fn)
/home/dgxuser16/anaconda3/envs/ihpc/lib/python3.8/site-packages/opacus/accountants/analysis/rdp.py:332: UserWarning: Optimal order is the largest alpha. Please consider expanding the range of alphas to get a tighter privacy bound.
  warnings.warn(
[92mINFO [0m:      Sent reply
02/06/2025 20:55:48:INFO:Sent reply
[92mINFO [0m:      
02/06/2025 21:24:06:INFO:
[92mINFO [0m:      Received: evaluate message 218e11b6-6318-42cf-9195-f40b40d15e6f
02/06/2025 21:24:06:INFO:Received: evaluate message 218e11b6-6318-42cf-9195-f40b40d15e6f
[92mINFO [0m:      Sent reply
02/06/2025 21:29:34:INFO:Sent reply
[92mINFO [0m:      
02/06/2025 21:30:15:INFO:
[92mINFO [0m:      Received: train message 7301648b-1747-4c3b-94cd-d84e163ffef5
02/06/2025 21:30:15:INFO:Received: train message 7301648b-1747-4c3b-94cd-d84e163ffef5
/home/dgxuser16/anaconda3/envs/ihpc/lib/python3.8/site-packages/torch/nn/modules/module.py:1640: FutureWarning: Using a non-full backward hook when the forward contains multiple autograd Nodes is deprecated and will be removed in future versions. This hook will be missing some grad_input. Please use register_full_backward_hook to get the documented behavior.
  self._maybe_warn_non_full_backward_hook(args, result, grad_fn)
/home/dgxuser16/anaconda3/envs/ihpc/lib/python3.8/site-packages/opacus/accountants/analysis/rdp.py:332: UserWarning: Optimal order is the largest alpha. Please consider expanding the range of alphas to get a tighter privacy bound.
  warnings.warn(
[92mINFO [0m:      Sent reply
02/06/2025 21:54:04:INFO:Sent reply
[92mINFO [0m:      
02/06/2025 22:17:46:INFO:
[92mINFO [0m:      Received: evaluate message 2c186b9c-d588-4f82-8376-78d620bd1330
02/06/2025 22:17:46:INFO:Received: evaluate message 2c186b9c-d588-4f82-8376-78d620bd1330
['/raid/home/dgxuser16/NTL/mccarthy/ahmad/github/adaptive_privacy_fl/isic/fixed_noise/4.88, e=1.0', '/home/dgxuser16/anaconda3/envs/ihpc/lib/python38.zip', '/home/dgxuser16/anaconda3/envs/ihpc/lib/python3.8', '/home/dgxuser16/anaconda3/envs/ihpc/lib/python3.8/lib-dynload', '/home/dgxuser16/anaconda3/envs/ihpc/lib/python3.8/site-packages', '/raid/home/dgxuser16/NTL/mccarthy/ahmad/github/adaptive_privacy_fl/isic/fixed_noise/4.88, e=1.0']
Device: cuda:0
Params: {'batch_size': 32, 'local_epochs': 3, 'full_dataset_size': 18597, 'number_of_classes': 8}
Privacy Params: {'target_delta': 1e-05, 'noise_multiplier': 4.88, 'max_grad_norm': 1.0}
Epsilon = 0.12

{'loss': [1.8342378426116654], 'accuracy': [0.3568264196536448], 'auc': [0.6378223879395715]}

Epsilon = 0.18

{'loss': [1.8342378426116654, 1.8683316327370418], 'accuracy': [0.3568264196536448, 0.3898509867096255], 'auc': [0.6378223879395715, 0.6630546191375117]}

Epsilon = 0.22

{'loss': [1.8342378426116654, 1.8683316327370418, 1.7354799263236314], 'accuracy': [0.3568264196536448, 0.3898509867096255, 0.4571083366894885], 'auc': [0.6378223879395715, 0.6630546191375117, 0.6816686371892225]}

Epsilon = 0.25

{'loss': [1.8342378426116654, 1.8683316327370418, 1.7354799263236314, 1.6632475016148782], 'accuracy': [0.3568264196536448, 0.3898509867096255, 0.4571083366894885, 0.49295207410390657], 'auc': [0.6378223879395715, 0.6630546191375117, 0.6816686371892225, 0.7040032042312672]}

Epsilon = 0.28

{'loss': [1.8342378426116654, 1.8683316327370418, 1.7354799263236314, 1.6632475016148782, 1.6268940538924115], 'accuracy': [0.3568264196536448, 0.3898509867096255, 0.4571083366894885, 0.49295207410390657, 0.5219492549335482], 'auc': [0.6378223879395715, 0.6630546191375117, 0.6816686371892225, 0.7040032042312672, 0.7148911022742435]}

Epsilon = 0.31

{'loss': [1.8342378426116654, 1.8683316327370418, 1.7354799263236314, 1.6632475016148782, 1.6268940538924115, 1.557775464885618], 'accuracy': [0.3568264196536448, 0.3898509867096255, 0.4571083366894885, 0.49295207410390657, 0.5219492549335482, 0.540877970197342], 'auc': [0.6378223879395715, 0.6630546191375117, 0.6816686371892225, 0.7040032042312672, 0.7148911022742435, 0.725752225117561]}

Epsilon = 0.34

{'loss': [1.8342378426116654, 1.8683316327370418, 1.7354799263236314, 1.6632475016148782, 1.6268940538924115, 1.557775464885618, 1.561690445153693], 'accuracy': [0.3568264196536448, 0.3898509867096255, 0.4571083366894885, 0.49295207410390657, 0.5219492549335482, 0.540877970197342, 0.5473217881594845], 'auc': [0.6378223879395715, 0.6630546191375117, 0.6816686371892225, 0.7040032042312672, 0.7148911022742435, 0.725752225117561, 0.7355037975424066]}

Epsilon = 0.36

{'loss': [1.8342378426116654, 1.8683316327370418, 1.7354799263236314, 1.6632475016148782, 1.6268940538924115, 1.557775464885618, 1.561690445153693, 1.5983149414815299], 'accuracy': [0.3568264196536448, 0.3898509867096255, 0.4571083366894885, 0.49295207410390657, 0.5219492549335482, 0.540877970197342, 0.5473217881594845, 0.5509464357631897], 'auc': [0.6378223879395715, 0.6630546191375117, 0.6816686371892225, 0.7040032042312672, 0.7148911022742435, 0.725752225117561, 0.7355037975424066, 0.7443037312170193]}

Epsilon = 0.39

{'loss': [1.8342378426116654, 1.8683316327370418, 1.7354799263236314, 1.6632475016148782, 1.6268940538924115, 1.557775464885618, 1.561690445153693, 1.5983149414815299, 1.6239720199360657], 'accuracy': [0.3568264196536448, 0.3898509867096255, 0.4571083366894885, 0.49295207410390657, 0.5219492549335482, 0.540877970197342, 0.5473217881594845, 0.5509464357631897, 0.5553765606121627], 'auc': [0.6378223879395715, 0.6630546191375117, 0.6816686371892225, 0.7040032042312672, 0.7148911022742435, 0.725752225117561, 0.7355037975424066, 0.7443037312170193, 0.7493521095953695]}

Epsilon = 0.41

{'loss': [1.8342378426116654, 1.8683316327370418, 1.7354799263236314, 1.6632475016148782, 1.6268940538924115, 1.557775464885618, 1.561690445153693, 1.5983149414815299, 1.6239720199360657, 1.5870776197577119], 'accuracy': [0.3568264196536448, 0.3898509867096255, 0.4571083366894885, 0.49295207410390657, 0.5219492549335482, 0.540877970197342, 0.5473217881594845, 0.5509464357631897, 0.5553765606121627, 0.5606121627064036], 'auc': [0.6378223879395715, 0.6630546191375117, 0.6816686371892225, 0.7040032042312672, 0.7148911022742435, 0.725752225117561, 0.7355037975424066, 0.7443037312170193, 0.7493521095953695, 0.7574233200902254]}

Epsilon = 0.43

{'loss': [1.8342378426116654, 1.8683316327370418, 1.7354799263236314, 1.6632475016148782, 1.6268940538924115, 1.557775464885618, 1.561690445153693, 1.5983149414815299, 1.6239720199360657, 1.5870776197577119, 1.5810816234222977], 'accuracy': [0.3568264196536448, 0.3898509867096255, 0.4571083366894885, 0.49295207410390657, 0.5219492549335482, 0.540877970197342, 0.5473217881594845, 0.5509464357631897, 0.5553765606121627, 0.5606121627064036, 0.5569875151026984], 'auc': [0.6378223879395715, 0.6630546191375117, 0.6816686371892225, 0.7040032042312672, 0.7148911022742435, 0.725752225117561, 0.7355037975424066, 0.7443037312170193, 0.7493521095953695, 0.7574233200902254, 0.7575343239833623]}

Epsilon = 0.45

{'loss': [1.8342378426116654, 1.8683316327370418, 1.7354799263236314, 1.6632475016148782, 1.6268940538924115, 1.557775464885618, 1.561690445153693, 1.5983149414815299, 1.6239720199360657, 1.5870776197577119, 1.5810816234222977, 1.5901329207218706], 'accuracy': [0.3568264196536448, 0.3898509867096255, 0.4571083366894885, 0.49295207410390657, 0.5219492549335482, 0.540877970197342, 0.5473217881594845, 0.5509464357631897, 0.5553765606121627, 0.5606121627064036, 0.5569875151026984, 0.5561820378574305], 'auc': [0.6378223879395715, 0.6630546191375117, 0.6816686371892225, 0.7040032042312672, 0.7148911022742435, 0.725752225117561, 0.7355037975424066, 0.7443037312170193, 0.7493521095953695, 0.7574233200902254, 0.7575343239833623, 0.7596530725922939]}

Epsilon = 0.47

{'loss': [1.8342378426116654, 1.8683316327370418, 1.7354799263236314, 1.6632475016148782, 1.6268940538924115, 1.557775464885618, 1.561690445153693, 1.5983149414815299, 1.6239720199360657, 1.5870776197577119, 1.5810816234222977, 1.5901329207218706, 1.5899515566785538], 'accuracy': [0.3568264196536448, 0.3898509867096255, 0.4571083366894885, 0.49295207410390657, 0.5219492549335482, 0.540877970197342, 0.5473217881594845, 0.5509464357631897, 0.5553765606121627, 0.5606121627064036, 0.5569875151026984, 0.5561820378574305, 0.5610149013290374], 'auc': [0.6378223879395715, 0.6630546191375117, 0.6816686371892225, 0.7040032042312672, 0.7148911022742435, 0.725752225117561, 0.7355037975424066, 0.7443037312170193, 0.7493521095953695, 0.7574233200902254, 0.7575343239833623, 0.7596530725922939, 0.7609306801446856]}

Epsilon = 0.49

{'loss': [1.8342378426116654, 1.8683316327370418, 1.7354799263236314, 1.6632475016148782, 1.6268940538924115, 1.557775464885618, 1.561690445153693, 1.5983149414815299, 1.6239720199360657, 1.5870776197577119, 1.5810816234222977, 1.5901329207218706, 1.5899515566785538, 1.5905160619710368], 'accuracy': [0.3568264196536448, 0.3898509867096255, 0.4571083366894885, 0.49295207410390657, 0.5219492549335482, 0.540877970197342, 0.5473217881594845, 0.5509464357631897, 0.5553765606121627, 0.5606121627064036, 0.5569875151026984, 0.5561820378574305, 0.5610149013290374, 0.5622231171969392], 'auc': [0.6378223879395715, 0.6630546191375117, 0.6816686371892225, 0.7040032042312672, 0.7148911022742435, 0.725752225117561, 0.7355037975424066, 0.7443037312170193, 0.7493521095953695, 0.7574233200902254, 0.7575343239833623, 0.7596530725922939, 0.7609306801446856, 0.7578186302306071]}

Epsilon = 0.51
[92mINFO [0m:      Sent reply
02/06/2025 22:22:46:INFO:Sent reply
[92mINFO [0m:      
02/06/2025 22:23:17:INFO:
[92mINFO [0m:      Received: train message f3e604c6-eb1f-4e34-8ba3-8ecd647402b8
02/06/2025 22:23:17:INFO:Received: train message f3e604c6-eb1f-4e34-8ba3-8ecd647402b8
/home/dgxuser16/anaconda3/envs/ihpc/lib/python3.8/site-packages/torch/nn/modules/module.py:1640: FutureWarning: Using a non-full backward hook when the forward contains multiple autograd Nodes is deprecated and will be removed in future versions. This hook will be missing some grad_input. Please use register_full_backward_hook to get the documented behavior.
  self._maybe_warn_non_full_backward_hook(args, result, grad_fn)
/home/dgxuser16/anaconda3/envs/ihpc/lib/python3.8/site-packages/opacus/accountants/analysis/rdp.py:332: UserWarning: Optimal order is the largest alpha. Please consider expanding the range of alphas to get a tighter privacy bound.
  warnings.warn(
[92mINFO [0m:      Sent reply
02/06/2025 22:42:16:INFO:Sent reply
[92mINFO [0m:      
02/06/2025 23:04:15:INFO:
[92mINFO [0m:      Received: evaluate message da90824e-4b9f-43ca-8c41-c931b8d50c03
02/06/2025 23:04:15:INFO:Received: evaluate message da90824e-4b9f-43ca-8c41-c931b8d50c03
[92mINFO [0m:      Sent reply
02/06/2025 23:09:25:INFO:Sent reply
[92mINFO [0m:      
02/06/2025 23:10:20:INFO:
[92mINFO [0m:      Received: train message 94d6ed5e-16ec-4586-b54a-ef8a4eff0edb
02/06/2025 23:10:20:INFO:Received: train message 94d6ed5e-16ec-4586-b54a-ef8a4eff0edb
/home/dgxuser16/anaconda3/envs/ihpc/lib/python3.8/site-packages/torch/nn/modules/module.py:1640: FutureWarning: Using a non-full backward hook when the forward contains multiple autograd Nodes is deprecated and will be removed in future versions. This hook will be missing some grad_input. Please use register_full_backward_hook to get the documented behavior.
  self._maybe_warn_non_full_backward_hook(args, result, grad_fn)
/home/dgxuser16/anaconda3/envs/ihpc/lib/python3.8/site-packages/opacus/accountants/analysis/rdp.py:332: UserWarning: Optimal order is the largest alpha. Please consider expanding the range of alphas to get a tighter privacy bound.
  warnings.warn(
[92mINFO [0m:      Sent reply
02/06/2025 23:27:19:INFO:Sent reply
[92mINFO [0m:      
02/06/2025 23:53:18:INFO:
[92mINFO [0m:      Received: evaluate message 8946292a-0b66-4306-9b53-b8a039c3b9ea
02/06/2025 23:53:18:INFO:Received: evaluate message 8946292a-0b66-4306-9b53-b8a039c3b9ea
[92mINFO [0m:      Sent reply
02/06/2025 23:58:22:INFO:Sent reply
[92mINFO [0m:      
02/06/2025 23:58:55:INFO:
[92mINFO [0m:      Received: train message 40799da4-7eeb-4e3c-b2b8-262cfbfedee9
02/06/2025 23:58:55:INFO:Received: train message 40799da4-7eeb-4e3c-b2b8-262cfbfedee9
/home/dgxuser16/anaconda3/envs/ihpc/lib/python3.8/site-packages/torch/nn/modules/module.py:1640: FutureWarning: Using a non-full backward hook when the forward contains multiple autograd Nodes is deprecated and will be removed in future versions. This hook will be missing some grad_input. Please use register_full_backward_hook to get the documented behavior.
  self._maybe_warn_non_full_backward_hook(args, result, grad_fn)
/home/dgxuser16/anaconda3/envs/ihpc/lib/python3.8/site-packages/opacus/accountants/analysis/rdp.py:332: UserWarning: Optimal order is the largest alpha. Please consider expanding the range of alphas to get a tighter privacy bound.
  warnings.warn(
[92mINFO [0m:      Sent reply
02/07/2025 00:16:03:INFO:Sent reply
[92mINFO [0m:      
02/07/2025 00:37:54:INFO:
[92mINFO [0m:      Received: evaluate message 7d0acb42-0fef-4bb6-8e22-5754e62bfdb7
02/07/2025 00:37:54:INFO:Received: evaluate message 7d0acb42-0fef-4bb6-8e22-5754e62bfdb7
[92mINFO [0m:      Sent reply
02/07/2025 00:42:48:INFO:Sent reply
[92mINFO [0m:      
02/07/2025 00:43:26:INFO:
[92mINFO [0m:      Received: train message 6541361e-71ad-4010-9ca3-1c231855a54e
02/07/2025 00:43:26:INFO:Received: train message 6541361e-71ad-4010-9ca3-1c231855a54e
/home/dgxuser16/anaconda3/envs/ihpc/lib/python3.8/site-packages/torch/nn/modules/module.py:1640: FutureWarning: Using a non-full backward hook when the forward contains multiple autograd Nodes is deprecated and will be removed in future versions. This hook will be missing some grad_input. Please use register_full_backward_hook to get the documented behavior.
  self._maybe_warn_non_full_backward_hook(args, result, grad_fn)
/home/dgxuser16/anaconda3/envs/ihpc/lib/python3.8/site-packages/opacus/accountants/analysis/rdp.py:332: UserWarning: Optimal order is the largest alpha. Please consider expanding the range of alphas to get a tighter privacy bound.
  warnings.warn(
[92mINFO [0m:      Sent reply
02/07/2025 01:00:31:INFO:Sent reply
[92mINFO [0m:      
02/07/2025 01:27:16:INFO:
[92mINFO [0m:      Received: evaluate message de2d466b-0ad1-4534-b4f1-47327c227a24
02/07/2025 01:27:16:INFO:Received: evaluate message de2d466b-0ad1-4534-b4f1-47327c227a24
[92mINFO [0m:      Sent reply
02/07/2025 01:32:12:INFO:Sent reply
[92mINFO [0m:      
02/07/2025 01:32:30:INFO:
[92mINFO [0m:      Received: train message ea35ec1d-0983-4e64-9753-c732f32d1076
02/07/2025 01:32:30:INFO:Received: train message ea35ec1d-0983-4e64-9753-c732f32d1076
/home/dgxuser16/anaconda3/envs/ihpc/lib/python3.8/site-packages/torch/nn/modules/module.py:1640: FutureWarning: Using a non-full backward hook when the forward contains multiple autograd Nodes is deprecated and will be removed in future versions. This hook will be missing some grad_input. Please use register_full_backward_hook to get the documented behavior.
  self._maybe_warn_non_full_backward_hook(args, result, grad_fn)
/home/dgxuser16/anaconda3/envs/ihpc/lib/python3.8/site-packages/opacus/accountants/analysis/rdp.py:332: UserWarning: Optimal order is the largest alpha. Please consider expanding the range of alphas to get a tighter privacy bound.
  warnings.warn(
[92mINFO [0m:      Sent reply
02/07/2025 01:50:23:INFO:Sent reply
[92mINFO [0m:      
02/07/2025 02:09:02:INFO:
[92mINFO [0m:      Received: evaluate message f43fb18d-32d7-4635-b0fb-53406ad7f03e
02/07/2025 02:09:02:INFO:Received: evaluate message f43fb18d-32d7-4635-b0fb-53406ad7f03e
[92mINFO [0m:      Sent reply
02/07/2025 02:13:31:INFO:Sent reply
[92mINFO [0m:      
02/07/2025 02:14:52:INFO:
[92mINFO [0m:      Received: train message 2ae980e0-e560-45ef-a71b-5a95dccb0adc
02/07/2025 02:14:52:INFO:Received: train message 2ae980e0-e560-45ef-a71b-5a95dccb0adc
/home/dgxuser16/anaconda3/envs/ihpc/lib/python3.8/site-packages/torch/nn/modules/module.py:1640: FutureWarning: Using a non-full backward hook when the forward contains multiple autograd Nodes is deprecated and will be removed in future versions. This hook will be missing some grad_input. Please use register_full_backward_hook to get the documented behavior.
  self._maybe_warn_non_full_backward_hook(args, result, grad_fn)
/home/dgxuser16/anaconda3/envs/ihpc/lib/python3.8/site-packages/opacus/accountants/analysis/rdp.py:332: UserWarning: Optimal order is the largest alpha. Please consider expanding the range of alphas to get a tighter privacy bound.
  warnings.warn(
[92mINFO [0m:      Sent reply
02/07/2025 02:32:48:INFO:Sent reply
[92mINFO [0m:      
02/07/2025 02:49:56:INFO:
[92mINFO [0m:      Received: evaluate message 5d1544a2-e897-4865-a0b7-51ad5aecafc9
02/07/2025 02:49:56:INFO:Received: evaluate message 5d1544a2-e897-4865-a0b7-51ad5aecafc9
[92mINFO [0m:      Sent reply
02/07/2025 02:54:38:INFO:Sent reply
[92mINFO [0m:      
02/07/2025 02:56:12:INFO:
[92mINFO [0m:      Received: train message a33333d7-19bd-4a39-9904-0b745c10886a
02/07/2025 02:56:12:INFO:Received: train message a33333d7-19bd-4a39-9904-0b745c10886a
/home/dgxuser16/anaconda3/envs/ihpc/lib/python3.8/site-packages/torch/nn/modules/module.py:1640: FutureWarning: Using a non-full backward hook when the forward contains multiple autograd Nodes is deprecated and will be removed in future versions. This hook will be missing some grad_input. Please use register_full_backward_hook to get the documented behavior.
  self._maybe_warn_non_full_backward_hook(args, result, grad_fn)
/home/dgxuser16/anaconda3/envs/ihpc/lib/python3.8/site-packages/opacus/accountants/analysis/rdp.py:332: UserWarning: Optimal order is the largest alpha. Please consider expanding the range of alphas to get a tighter privacy bound.
  warnings.warn(
[92mINFO [0m:      Sent reply
02/07/2025 03:13:30:INFO:Sent reply
[92mINFO [0m:      
02/07/2025 03:31:50:INFO:
[92mINFO [0m:      Received: evaluate message cd13c4fc-9017-41bc-960e-0166d6f8c3d0
02/07/2025 03:31:50:INFO:Received: evaluate message cd13c4fc-9017-41bc-960e-0166d6f8c3d0

{'loss': [1.8342378426116654, 1.8683316327370418, 1.7354799263236314, 1.6632475016148782, 1.6268940538924115, 1.557775464885618, 1.561690445153693, 1.5983149414815299, 1.6239720199360657, 1.5870776197577119, 1.5810816234222977, 1.5901329207218706, 1.5899515566785538, 1.5905160619710368, 1.5772926239923177], 'accuracy': [0.3568264196536448, 0.3898509867096255, 0.4571083366894885, 0.49295207410390657, 0.5219492549335482, 0.540877970197342, 0.5473217881594845, 0.5509464357631897, 0.5553765606121627, 0.5606121627064036, 0.5569875151026984, 0.5561820378574305, 0.5610149013290374, 0.5622231171969392, 0.5646395489327426], 'auc': [0.6378223879395715, 0.6630546191375117, 0.6816686371892225, 0.7040032042312672, 0.7148911022742435, 0.725752225117561, 0.7355037975424066, 0.7443037312170193, 0.7493521095953695, 0.7574233200902254, 0.7575343239833623, 0.7596530725922939, 0.7609306801446856, 0.7578186302306071, 0.7560019610490063]}

Epsilon = 0.52

{'loss': [1.8342378426116654, 1.8683316327370418, 1.7354799263236314, 1.6632475016148782, 1.6268940538924115, 1.557775464885618, 1.561690445153693, 1.5983149414815299, 1.6239720199360657, 1.5870776197577119, 1.5810816234222977, 1.5901329207218706, 1.5899515566785538, 1.5905160619710368, 1.5772926239923177, 1.6165327973006667], 'accuracy': [0.3568264196536448, 0.3898509867096255, 0.4571083366894885, 0.49295207410390657, 0.5219492549335482, 0.540877970197342, 0.5473217881594845, 0.5509464357631897, 0.5553765606121627, 0.5606121627064036, 0.5569875151026984, 0.5561820378574305, 0.5610149013290374, 0.5622231171969392, 0.5646395489327426, 0.5614176399516714], 'auc': [0.6378223879395715, 0.6630546191375117, 0.6816686371892225, 0.7040032042312672, 0.7148911022742435, 0.725752225117561, 0.7355037975424066, 0.7443037312170193, 0.7493521095953695, 0.7574233200902254, 0.7575343239833623, 0.7596530725922939, 0.7609306801446856, 0.7578186302306071, 0.7560019610490063, 0.7544536364123156]}

Epsilon = 0.54

{'loss': [1.8342378426116654, 1.8683316327370418, 1.7354799263236314, 1.6632475016148782, 1.6268940538924115, 1.557775464885618, 1.561690445153693, 1.5983149414815299, 1.6239720199360657, 1.5870776197577119, 1.5810816234222977, 1.5901329207218706, 1.5899515566785538, 1.5905160619710368, 1.5772926239923177, 1.6165327973006667, 1.5909703109612927], 'accuracy': [0.3568264196536448, 0.3898509867096255, 0.4571083366894885, 0.49295207410390657, 0.5219492549335482, 0.540877970197342, 0.5473217881594845, 0.5509464357631897, 0.5553765606121627, 0.5606121627064036, 0.5569875151026984, 0.5561820378574305, 0.5610149013290374, 0.5622231171969392, 0.5646395489327426, 0.5614176399516714, 0.5670559806685461], 'auc': [0.6378223879395715, 0.6630546191375117, 0.6816686371892225, 0.7040032042312672, 0.7148911022742435, 0.725752225117561, 0.7355037975424066, 0.7443037312170193, 0.7493521095953695, 0.7574233200902254, 0.7575343239833623, 0.7596530725922939, 0.7609306801446856, 0.7578186302306071, 0.7560019610490063, 0.7544536364123156, 0.7563942534777449]}

Epsilon = 0.56

{'loss': [1.8342378426116654, 1.8683316327370418, 1.7354799263236314, 1.6632475016148782, 1.6268940538924115, 1.557775464885618, 1.561690445153693, 1.5983149414815299, 1.6239720199360657, 1.5870776197577119, 1.5810816234222977, 1.5901329207218706, 1.5899515566785538, 1.5905160619710368, 1.5772926239923177, 1.6165327973006667, 1.5909703109612927, 1.5700220794769915], 'accuracy': [0.3568264196536448, 0.3898509867096255, 0.4571083366894885, 0.49295207410390657, 0.5219492549335482, 0.540877970197342, 0.5473217881594845, 0.5509464357631897, 0.5553765606121627, 0.5606121627064036, 0.5569875151026984, 0.5561820378574305, 0.5610149013290374, 0.5622231171969392, 0.5646395489327426, 0.5614176399516714, 0.5670559806685461, 0.5682641965364479], 'auc': [0.6378223879395715, 0.6630546191375117, 0.6816686371892225, 0.7040032042312672, 0.7148911022742435, 0.725752225117561, 0.7355037975424066, 0.7443037312170193, 0.7493521095953695, 0.7574233200902254, 0.7575343239833623, 0.7596530725922939, 0.7609306801446856, 0.7578186302306071, 0.7560019610490063, 0.7544536364123156, 0.7563942534777449, 0.7571726889780799]}

Epsilon = 0.57

{'loss': [1.8342378426116654, 1.8683316327370418, 1.7354799263236314, 1.6632475016148782, 1.6268940538924115, 1.557775464885618, 1.561690445153693, 1.5983149414815299, 1.6239720199360657, 1.5870776197577119, 1.5810816234222977, 1.5901329207218706, 1.5899515566785538, 1.5905160619710368, 1.5772926239923177, 1.6165327973006667, 1.5909703109612927, 1.5700220794769915, 1.5768220538436237], 'accuracy': [0.3568264196536448, 0.3898509867096255, 0.4571083366894885, 0.49295207410390657, 0.5219492549335482, 0.540877970197342, 0.5473217881594845, 0.5509464357631897, 0.5553765606121627, 0.5606121627064036, 0.5569875151026984, 0.5561820378574305, 0.5610149013290374, 0.5622231171969392, 0.5646395489327426, 0.5614176399516714, 0.5670559806685461, 0.5682641965364479, 0.5678614579138139], 'auc': [0.6378223879395715, 0.6630546191375117, 0.6816686371892225, 0.7040032042312672, 0.7148911022742435, 0.725752225117561, 0.7355037975424066, 0.7443037312170193, 0.7493521095953695, 0.7574233200902254, 0.7575343239833623, 0.7596530725922939, 0.7609306801446856, 0.7578186302306071, 0.7560019610490063, 0.7544536364123156, 0.7563942534777449, 0.7571726889780799, 0.7638949829374637]}

Epsilon = 0.59

{'loss': [1.8342378426116654, 1.8683316327370418, 1.7354799263236314, 1.6632475016148782, 1.6268940538924115, 1.557775464885618, 1.561690445153693, 1.5983149414815299, 1.6239720199360657, 1.5870776197577119, 1.5810816234222977, 1.5901329207218706, 1.5899515566785538, 1.5905160619710368, 1.5772926239923177, 1.6165327973006667, 1.5909703109612927, 1.5700220794769915, 1.5768220538436237, 1.532473687870196], 'accuracy': [0.3568264196536448, 0.3898509867096255, 0.4571083366894885, 0.49295207410390657, 0.5219492549335482, 0.540877970197342, 0.5473217881594845, 0.5509464357631897, 0.5553765606121627, 0.5606121627064036, 0.5569875151026984, 0.5561820378574305, 0.5610149013290374, 0.5622231171969392, 0.5646395489327426, 0.5614176399516714, 0.5670559806685461, 0.5682641965364479, 0.5678614579138139, 0.5718888441401531], 'auc': [0.6378223879395715, 0.6630546191375117, 0.6816686371892225, 0.7040032042312672, 0.7148911022742435, 0.725752225117561, 0.7355037975424066, 0.7443037312170193, 0.7493521095953695, 0.7574233200902254, 0.7575343239833623, 0.7596530725922939, 0.7609306801446856, 0.7578186302306071, 0.7560019610490063, 0.7544536364123156, 0.7563942534777449, 0.7571726889780799, 0.7638949829374637, 0.7678139212876993]}

Epsilon = 0.60

{'loss': [1.8342378426116654, 1.8683316327370418, 1.7354799263236314, 1.6632475016148782, 1.6268940538924115, 1.557775464885618, 1.561690445153693, 1.5983149414815299, 1.6239720199360657, 1.5870776197577119, 1.5810816234222977, 1.5901329207218706, 1.5899515566785538, 1.5905160619710368, 1.5772926239923177, 1.6165327973006667, 1.5909703109612927, 1.5700220794769915, 1.5768220538436237, 1.532473687870196, 1.5707244113045644], 'accuracy': [0.3568264196536448, 0.3898509867096255, 0.4571083366894885, 0.49295207410390657, 0.5219492549335482, 0.540877970197342, 0.5473217881594845, 0.5509464357631897, 0.5553765606121627, 0.5606121627064036, 0.5569875151026984, 0.5561820378574305, 0.5610149013290374, 0.5622231171969392, 0.5646395489327426, 0.5614176399516714, 0.5670559806685461, 0.5682641965364479, 0.5678614579138139, 0.5718888441401531, 0.5690696737817157], 'auc': [0.6378223879395715, 0.6630546191375117, 0.6816686371892225, 0.7040032042312672, 0.7148911022742435, 0.725752225117561, 0.7355037975424066, 0.7443037312170193, 0.7493521095953695, 0.7574233200902254, 0.7575343239833623, 0.7596530725922939, 0.7609306801446856, 0.7578186302306071, 0.7560019610490063, 0.7544536364123156, 0.7563942534777449, 0.7571726889780799, 0.7638949829374637, 0.7678139212876993, 0.7640438030351066]}

Epsilon = 0.62
[92mINFO [0m:      Sent reply
02/07/2025 03:37:04:INFO:Sent reply
[92mINFO [0m:      
02/07/2025 03:37:22:INFO:
[92mINFO [0m:      Received: train message 47a306f2-064a-4bef-ada4-e97c0eb3d35b
02/07/2025 03:37:22:INFO:Received: train message 47a306f2-064a-4bef-ada4-e97c0eb3d35b
/home/dgxuser16/anaconda3/envs/ihpc/lib/python3.8/site-packages/torch/nn/modules/module.py:1640: FutureWarning: Using a non-full backward hook when the forward contains multiple autograd Nodes is deprecated and will be removed in future versions. This hook will be missing some grad_input. Please use register_full_backward_hook to get the documented behavior.
  self._maybe_warn_non_full_backward_hook(args, result, grad_fn)
/home/dgxuser16/anaconda3/envs/ihpc/lib/python3.8/site-packages/opacus/accountants/analysis/rdp.py:332: UserWarning: Optimal order is the largest alpha. Please consider expanding the range of alphas to get a tighter privacy bound.
  warnings.warn(
[92mINFO [0m:      Sent reply
02/07/2025 03:54:48:INFO:Sent reply
[92mINFO [0m:      
02/07/2025 04:17:16:INFO:
[92mINFO [0m:      Received: evaluate message 025e0045-e436-4d26-b690-f7981e5303d3
02/07/2025 04:17:16:INFO:Received: evaluate message 025e0045-e436-4d26-b690-f7981e5303d3
[92mINFO [0m:      Sent reply
02/07/2025 04:22:13:INFO:Sent reply
[92mINFO [0m:      
02/07/2025 04:22:53:INFO:
[92mINFO [0m:      Received: train message a81d301a-25c8-40c4-ae4a-a1c8c8fe966c
02/07/2025 04:22:53:INFO:Received: train message a81d301a-25c8-40c4-ae4a-a1c8c8fe966c
/home/dgxuser16/anaconda3/envs/ihpc/lib/python3.8/site-packages/torch/nn/modules/module.py:1640: FutureWarning: Using a non-full backward hook when the forward contains multiple autograd Nodes is deprecated and will be removed in future versions. This hook will be missing some grad_input. Please use register_full_backward_hook to get the documented behavior.
  self._maybe_warn_non_full_backward_hook(args, result, grad_fn)
/home/dgxuser16/anaconda3/envs/ihpc/lib/python3.8/site-packages/opacus/accountants/analysis/rdp.py:332: UserWarning: Optimal order is the largest alpha. Please consider expanding the range of alphas to get a tighter privacy bound.
  warnings.warn(
[92mINFO [0m:      Sent reply
02/07/2025 04:41:00:INFO:Sent reply
[92mINFO [0m:      
02/07/2025 05:03:04:INFO:
[92mINFO [0m:      Received: evaluate message 5f6a782b-41c0-46fd-bd84-218fa1a4fc54
02/07/2025 05:03:04:INFO:Received: evaluate message 5f6a782b-41c0-46fd-bd84-218fa1a4fc54
[92mINFO [0m:      Sent reply
02/07/2025 05:07:53:INFO:Sent reply
[92mINFO [0m:      
02/07/2025 05:08:32:INFO:
[92mINFO [0m:      Received: train message ca10c6a9-bdfe-4dac-94ae-3d7c1d118cdd
02/07/2025 05:08:32:INFO:Received: train message ca10c6a9-bdfe-4dac-94ae-3d7c1d118cdd
/home/dgxuser16/anaconda3/envs/ihpc/lib/python3.8/site-packages/torch/nn/modules/module.py:1640: FutureWarning: Using a non-full backward hook when the forward contains multiple autograd Nodes is deprecated and will be removed in future versions. This hook will be missing some grad_input. Please use register_full_backward_hook to get the documented behavior.
  self._maybe_warn_non_full_backward_hook(args, result, grad_fn)
/home/dgxuser16/anaconda3/envs/ihpc/lib/python3.8/site-packages/opacus/accountants/analysis/rdp.py:332: UserWarning: Optimal order is the largest alpha. Please consider expanding the range of alphas to get a tighter privacy bound.
  warnings.warn(
[92mINFO [0m:      Sent reply
02/07/2025 05:25:17:INFO:Sent reply
[92mINFO [0m:      
02/07/2025 05:43:21:INFO:
[92mINFO [0m:      Received: evaluate message ba1ef1ca-405a-4405-a819-6b5fef490bf1
02/07/2025 05:43:21:INFO:Received: evaluate message ba1ef1ca-405a-4405-a819-6b5fef490bf1
[92mINFO [0m:      Sent reply
02/07/2025 05:48:08:INFO:Sent reply
[92mINFO [0m:      
02/07/2025 05:48:29:INFO:
[92mINFO [0m:      Received: train message 05c35b9b-c662-46ea-8644-e40de942943d
02/07/2025 05:48:29:INFO:Received: train message 05c35b9b-c662-46ea-8644-e40de942943d
/home/dgxuser16/anaconda3/envs/ihpc/lib/python3.8/site-packages/torch/nn/modules/module.py:1640: FutureWarning: Using a non-full backward hook when the forward contains multiple autograd Nodes is deprecated and will be removed in future versions. This hook will be missing some grad_input. Please use register_full_backward_hook to get the documented behavior.
  self._maybe_warn_non_full_backward_hook(args, result, grad_fn)
/home/dgxuser16/anaconda3/envs/ihpc/lib/python3.8/site-packages/opacus/accountants/analysis/rdp.py:332: UserWarning: Optimal order is the largest alpha. Please consider expanding the range of alphas to get a tighter privacy bound.
  warnings.warn(
[92mINFO [0m:      Sent reply
02/07/2025 06:05:09:INFO:Sent reply
[92mINFO [0m:      
02/07/2025 06:22:53:INFO:
[92mINFO [0m:      Received: evaluate message 3148be66-72dc-4c38-8ee3-54a82175257a
02/07/2025 06:22:53:INFO:Received: evaluate message 3148be66-72dc-4c38-8ee3-54a82175257a
[92mINFO [0m:      Sent reply
02/07/2025 06:27:39:INFO:Sent reply
[92mINFO [0m:      
02/07/2025 06:28:37:INFO:
[92mINFO [0m:      Received: train message d8a831b7-3746-44b7-be18-f89ad3a400a4
02/07/2025 06:28:37:INFO:Received: train message d8a831b7-3746-44b7-be18-f89ad3a400a4
/home/dgxuser16/anaconda3/envs/ihpc/lib/python3.8/site-packages/torch/nn/modules/module.py:1640: FutureWarning: Using a non-full backward hook when the forward contains multiple autograd Nodes is deprecated and will be removed in future versions. This hook will be missing some grad_input. Please use register_full_backward_hook to get the documented behavior.
  self._maybe_warn_non_full_backward_hook(args, result, grad_fn)
/home/dgxuser16/anaconda3/envs/ihpc/lib/python3.8/site-packages/opacus/accountants/analysis/rdp.py:332: UserWarning: Optimal order is the largest alpha. Please consider expanding the range of alphas to get a tighter privacy bound.
  warnings.warn(
[92mINFO [0m:      Sent reply
02/07/2025 06:45:17:INFO:Sent reply
[92mINFO [0m:      
02/07/2025 07:02:52:INFO:
[92mINFO [0m:      Received: evaluate message a8fa96f6-36a4-4159-9aea-78d74964c603
02/07/2025 07:02:52:INFO:Received: evaluate message a8fa96f6-36a4-4159-9aea-78d74964c603

{'loss': [1.8342378426116654, 1.8683316327370418, 1.7354799263236314, 1.6632475016148782, 1.6268940538924115, 1.557775464885618, 1.561690445153693, 1.5983149414815299, 1.6239720199360657, 1.5870776197577119, 1.5810816234222977, 1.5901329207218706, 1.5899515566785538, 1.5905160619710368, 1.5772926239923177, 1.6165327973006667, 1.5909703109612927, 1.5700220794769915, 1.5768220538436237, 1.532473687870196, 1.5707244113045644, 1.555787845143761], 'accuracy': [0.3568264196536448, 0.3898509867096255, 0.4571083366894885, 0.49295207410390657, 0.5219492549335482, 0.540877970197342, 0.5473217881594845, 0.5509464357631897, 0.5553765606121627, 0.5606121627064036, 0.5569875151026984, 0.5561820378574305, 0.5610149013290374, 0.5622231171969392, 0.5646395489327426, 0.5614176399516714, 0.5670559806685461, 0.5682641965364479, 0.5678614579138139, 0.5718888441401531, 0.5690696737817157, 0.5730970600080548], 'auc': [0.6378223879395715, 0.6630546191375117, 0.6816686371892225, 0.7040032042312672, 0.7148911022742435, 0.725752225117561, 0.7355037975424066, 0.7443037312170193, 0.7493521095953695, 0.7574233200902254, 0.7575343239833623, 0.7596530725922939, 0.7609306801446856, 0.7578186302306071, 0.7560019610490063, 0.7544536364123156, 0.7563942534777449, 0.7571726889780799, 0.7638949829374637, 0.7678139212876993, 0.7640438030351066, 0.7636325844697514]}

Epsilon = 0.64

{'loss': [1.8342378426116654, 1.8683316327370418, 1.7354799263236314, 1.6632475016148782, 1.6268940538924115, 1.557775464885618, 1.561690445153693, 1.5983149414815299, 1.6239720199360657, 1.5870776197577119, 1.5810816234222977, 1.5901329207218706, 1.5899515566785538, 1.5905160619710368, 1.5772926239923177, 1.6165327973006667, 1.5909703109612927, 1.5700220794769915, 1.5768220538436237, 1.532473687870196, 1.5707244113045644, 1.555787845143761, 1.5481054358457396], 'accuracy': [0.3568264196536448, 0.3898509867096255, 0.4571083366894885, 0.49295207410390657, 0.5219492549335482, 0.540877970197342, 0.5473217881594845, 0.5509464357631897, 0.5553765606121627, 0.5606121627064036, 0.5569875151026984, 0.5561820378574305, 0.5610149013290374, 0.5622231171969392, 0.5646395489327426, 0.5614176399516714, 0.5670559806685461, 0.5682641965364479, 0.5678614579138139, 0.5718888441401531, 0.5690696737817157, 0.5730970600080548, 0.5722915827627869], 'auc': [0.6378223879395715, 0.6630546191375117, 0.6816686371892225, 0.7040032042312672, 0.7148911022742435, 0.725752225117561, 0.7355037975424066, 0.7443037312170193, 0.7493521095953695, 0.7574233200902254, 0.7575343239833623, 0.7596530725922939, 0.7609306801446856, 0.7578186302306071, 0.7560019610490063, 0.7544536364123156, 0.7563942534777449, 0.7571726889780799, 0.7638949829374637, 0.7678139212876993, 0.7640438030351066, 0.7636325844697514, 0.7615975310554685]}

Epsilon = 0.65

{'loss': [1.8342378426116654, 1.8683316327370418, 1.7354799263236314, 1.6632475016148782, 1.6268940538924115, 1.557775464885618, 1.561690445153693, 1.5983149414815299, 1.6239720199360657, 1.5870776197577119, 1.5810816234222977, 1.5901329207218706, 1.5899515566785538, 1.5905160619710368, 1.5772926239923177, 1.6165327973006667, 1.5909703109612927, 1.5700220794769915, 1.5768220538436237, 1.532473687870196, 1.5707244113045644, 1.555787845143761, 1.5481054358457396, 1.5631114623741522], 'accuracy': [0.3568264196536448, 0.3898509867096255, 0.4571083366894885, 0.49295207410390657, 0.5219492549335482, 0.540877970197342, 0.5473217881594845, 0.5509464357631897, 0.5553765606121627, 0.5606121627064036, 0.5569875151026984, 0.5561820378574305, 0.5610149013290374, 0.5622231171969392, 0.5646395489327426, 0.5614176399516714, 0.5670559806685461, 0.5682641965364479, 0.5678614579138139, 0.5718888441401531, 0.5690696737817157, 0.5730970600080548, 0.5722915827627869, 0.5739025372533226], 'auc': [0.6378223879395715, 0.6630546191375117, 0.6816686371892225, 0.7040032042312672, 0.7148911022742435, 0.725752225117561, 0.7355037975424066, 0.7443037312170193, 0.7493521095953695, 0.7574233200902254, 0.7575343239833623, 0.7596530725922939, 0.7609306801446856, 0.7578186302306071, 0.7560019610490063, 0.7544536364123156, 0.7563942534777449, 0.7571726889780799, 0.7638949829374637, 0.7678139212876993, 0.7640438030351066, 0.7636325844697514, 0.7615975310554685, 0.7648399657339359]}

Epsilon = 0.66

{'loss': [1.8342378426116654, 1.8683316327370418, 1.7354799263236314, 1.6632475016148782, 1.6268940538924115, 1.557775464885618, 1.561690445153693, 1.5983149414815299, 1.6239720199360657, 1.5870776197577119, 1.5810816234222977, 1.5901329207218706, 1.5899515566785538, 1.5905160619710368, 1.5772926239923177, 1.6165327973006667, 1.5909703109612927, 1.5700220794769915, 1.5768220538436237, 1.532473687870196, 1.5707244113045644, 1.555787845143761, 1.5481054358457396, 1.5631114623741522, 1.5638424488406386], 'accuracy': [0.3568264196536448, 0.3898509867096255, 0.4571083366894885, 0.49295207410390657, 0.5219492549335482, 0.540877970197342, 0.5473217881594845, 0.5509464357631897, 0.5553765606121627, 0.5606121627064036, 0.5569875151026984, 0.5561820378574305, 0.5610149013290374, 0.5622231171969392, 0.5646395489327426, 0.5614176399516714, 0.5670559806685461, 0.5682641965364479, 0.5678614579138139, 0.5718888441401531, 0.5690696737817157, 0.5730970600080548, 0.5722915827627869, 0.5739025372533226, 0.5771244462343939], 'auc': [0.6378223879395715, 0.6630546191375117, 0.6816686371892225, 0.7040032042312672, 0.7148911022742435, 0.725752225117561, 0.7355037975424066, 0.7443037312170193, 0.7493521095953695, 0.7574233200902254, 0.7575343239833623, 0.7596530725922939, 0.7609306801446856, 0.7578186302306071, 0.7560019610490063, 0.7544536364123156, 0.7563942534777449, 0.7571726889780799, 0.7638949829374637, 0.7678139212876993, 0.7640438030351066, 0.7636325844697514, 0.7615975310554685, 0.7648399657339359, 0.7620012734762337]}

Epsilon = 0.68

{'loss': [1.8342378426116654, 1.8683316327370418, 1.7354799263236314, 1.6632475016148782, 1.6268940538924115, 1.557775464885618, 1.561690445153693, 1.5983149414815299, 1.6239720199360657, 1.5870776197577119, 1.5810816234222977, 1.5901329207218706, 1.5899515566785538, 1.5905160619710368, 1.5772926239923177, 1.6165327973006667, 1.5909703109612927, 1.5700220794769915, 1.5768220538436237, 1.532473687870196, 1.5707244113045644, 1.555787845143761, 1.5481054358457396, 1.5631114623741522, 1.5638424488406386, 1.5941555087623027], 'accuracy': [0.3568264196536448, 0.3898509867096255, 0.4571083366894885, 0.49295207410390657, 0.5219492549335482, 0.540877970197342, 0.5473217881594845, 0.5509464357631897, 0.5553765606121627, 0.5606121627064036, 0.5569875151026984, 0.5561820378574305, 0.5610149013290374, 0.5622231171969392, 0.5646395489327426, 0.5614176399516714, 0.5670559806685461, 0.5682641965364479, 0.5678614579138139, 0.5718888441401531, 0.5690696737817157, 0.5730970600080548, 0.5722915827627869, 0.5739025372533226, 0.5771244462343939, 0.576318968989126], 'auc': [0.6378223879395715, 0.6630546191375117, 0.6816686371892225, 0.7040032042312672, 0.7148911022742435, 0.725752225117561, 0.7355037975424066, 0.7443037312170193, 0.7493521095953695, 0.7574233200902254, 0.7575343239833623, 0.7596530725922939, 0.7609306801446856, 0.7578186302306071, 0.7560019610490063, 0.7544536364123156, 0.7563942534777449, 0.7571726889780799, 0.7638949829374637, 0.7678139212876993, 0.7640438030351066, 0.7636325844697514, 0.7615975310554685, 0.7648399657339359, 0.7620012734762337, 0.7601774372032728]}

Epsilon = 0.69
[92mINFO [0m:      Sent reply
02/07/2025 07:07:44:INFO:Sent reply
[92mINFO [0m:      
02/07/2025 07:08:10:INFO:
[92mINFO [0m:      Received: train message a8246335-37b9-4987-b97b-3a9d1daa8a7d
02/07/2025 07:08:10:INFO:Received: train message a8246335-37b9-4987-b97b-3a9d1daa8a7d
/home/dgxuser16/anaconda3/envs/ihpc/lib/python3.8/site-packages/torch/nn/modules/module.py:1640: FutureWarning: Using a non-full backward hook when the forward contains multiple autograd Nodes is deprecated and will be removed in future versions. This hook will be missing some grad_input. Please use register_full_backward_hook to get the documented behavior.
  self._maybe_warn_non_full_backward_hook(args, result, grad_fn)
/home/dgxuser16/anaconda3/envs/ihpc/lib/python3.8/site-packages/opacus/accountants/analysis/rdp.py:332: UserWarning: Optimal order is the largest alpha. Please consider expanding the range of alphas to get a tighter privacy bound.
  warnings.warn(
[92mINFO [0m:      Sent reply
02/07/2025 07:24:55:INFO:Sent reply
[92mINFO [0m:      
02/07/2025 07:42:56:INFO:
[92mINFO [0m:      Received: evaluate message 1511369b-29a4-44fb-84bb-ed011a424a80
02/07/2025 07:42:56:INFO:Received: evaluate message 1511369b-29a4-44fb-84bb-ed011a424a80
[92mINFO [0m:      Sent reply
02/07/2025 07:47:50:INFO:Sent reply
[92mINFO [0m:      
02/07/2025 07:48:25:INFO:
[92mINFO [0m:      Received: train message 3bab51f4-4a6c-46af-bfae-b0f807af909b
02/07/2025 07:48:25:INFO:Received: train message 3bab51f4-4a6c-46af-bfae-b0f807af909b
/home/dgxuser16/anaconda3/envs/ihpc/lib/python3.8/site-packages/torch/nn/modules/module.py:1640: FutureWarning: Using a non-full backward hook when the forward contains multiple autograd Nodes is deprecated and will be removed in future versions. This hook will be missing some grad_input. Please use register_full_backward_hook to get the documented behavior.
  self._maybe_warn_non_full_backward_hook(args, result, grad_fn)
/home/dgxuser16/anaconda3/envs/ihpc/lib/python3.8/site-packages/opacus/accountants/analysis/rdp.py:332: UserWarning: Optimal order is the largest alpha. Please consider expanding the range of alphas to get a tighter privacy bound.
  warnings.warn(
[92mINFO [0m:      Sent reply
02/07/2025 08:04:45:INFO:Sent reply
[92mINFO [0m:      
02/07/2025 08:22:54:INFO:
[92mINFO [0m:      Received: evaluate message df9bbd74-c868-4774-bc70-dfcdccbff0a3
02/07/2025 08:22:54:INFO:Received: evaluate message df9bbd74-c868-4774-bc70-dfcdccbff0a3
[92mINFO [0m:      Sent reply
02/07/2025 08:27:46:INFO:Sent reply
[92mINFO [0m:      
02/07/2025 08:28:04:INFO:
[92mINFO [0m:      Received: train message 6957f179-8f49-4f1d-b67f-41e26c3ef966
02/07/2025 08:28:04:INFO:Received: train message 6957f179-8f49-4f1d-b67f-41e26c3ef966
/home/dgxuser16/anaconda3/envs/ihpc/lib/python3.8/site-packages/torch/nn/modules/module.py:1640: FutureWarning: Using a non-full backward hook when the forward contains multiple autograd Nodes is deprecated and will be removed in future versions. This hook will be missing some grad_input. Please use register_full_backward_hook to get the documented behavior.
  self._maybe_warn_non_full_backward_hook(args, result, grad_fn)
/home/dgxuser16/anaconda3/envs/ihpc/lib/python3.8/site-packages/opacus/accountants/analysis/rdp.py:332: UserWarning: Optimal order is the largest alpha. Please consider expanding the range of alphas to get a tighter privacy bound.
  warnings.warn(
[92mINFO [0m:      Sent reply
02/07/2025 08:44:33:INFO:Sent reply
[92mINFO [0m:      
02/07/2025 09:02:49:INFO:
[92mINFO [0m:      Received: evaluate message 4ee36ae6-4aa7-4ee0-aede-0c53fb3c5786
02/07/2025 09:02:49:INFO:Received: evaluate message 4ee36ae6-4aa7-4ee0-aede-0c53fb3c5786
[92mINFO [0m:      Sent reply
02/07/2025 09:07:46:INFO:Sent reply
[92mINFO [0m:      
02/07/2025 09:08:08:INFO:
[92mINFO [0m:      Received: reconnect message 4f2dedd5-45be-4a76-817e-e656b1caa985
02/07/2025 09:08:08:INFO:Received: reconnect message 4f2dedd5-45be-4a76-817e-e656b1caa985
02/07/2025 09:08:08:DEBUG:gRPC channel closed
[92mINFO [0m:      Disconnect and shut down
02/07/2025 09:08:08:INFO:Disconnect and shut down

{'loss': [1.8342378426116654, 1.8683316327370418, 1.7354799263236314, 1.6632475016148782, 1.6268940538924115, 1.557775464885618, 1.561690445153693, 1.5983149414815299, 1.6239720199360657, 1.5870776197577119, 1.5810816234222977, 1.5901329207218706, 1.5899515566785538, 1.5905160619710368, 1.5772926239923177, 1.6165327973006667, 1.5909703109612927, 1.5700220794769915, 1.5768220538436237, 1.532473687870196, 1.5707244113045644, 1.555787845143761, 1.5481054358457396, 1.5631114623741522, 1.5638424488406386, 1.5941555087623027, 1.5730155603663845], 'accuracy': [0.3568264196536448, 0.3898509867096255, 0.4571083366894885, 0.49295207410390657, 0.5219492549335482, 0.540877970197342, 0.5473217881594845, 0.5509464357631897, 0.5553765606121627, 0.5606121627064036, 0.5569875151026984, 0.5561820378574305, 0.5610149013290374, 0.5622231171969392, 0.5646395489327426, 0.5614176399516714, 0.5670559806685461, 0.5682641965364479, 0.5678614579138139, 0.5718888441401531, 0.5690696737817157, 0.5730970600080548, 0.5722915827627869, 0.5739025372533226, 0.5771244462343939, 0.576318968989126, 0.57672170761176], 'auc': [0.6378223879395715, 0.6630546191375117, 0.6816686371892225, 0.7040032042312672, 0.7148911022742435, 0.725752225117561, 0.7355037975424066, 0.7443037312170193, 0.7493521095953695, 0.7574233200902254, 0.7575343239833623, 0.7596530725922939, 0.7609306801446856, 0.7578186302306071, 0.7560019610490063, 0.7544536364123156, 0.7563942534777449, 0.7571726889780799, 0.7638949829374637, 0.7678139212876993, 0.7640438030351066, 0.7636325844697514, 0.7615975310554685, 0.7648399657339359, 0.7620012734762337, 0.7601774372032728, 0.7600954402807881]}

Epsilon = 0.71

{'loss': [1.8342378426116654, 1.8683316327370418, 1.7354799263236314, 1.6632475016148782, 1.6268940538924115, 1.557775464885618, 1.561690445153693, 1.5983149414815299, 1.6239720199360657, 1.5870776197577119, 1.5810816234222977, 1.5901329207218706, 1.5899515566785538, 1.5905160619710368, 1.5772926239923177, 1.6165327973006667, 1.5909703109612927, 1.5700220794769915, 1.5768220538436237, 1.532473687870196, 1.5707244113045644, 1.555787845143761, 1.5481054358457396, 1.5631114623741522, 1.5638424488406386, 1.5941555087623027, 1.5730155603663845, 1.5401259304965353], 'accuracy': [0.3568264196536448, 0.3898509867096255, 0.4571083366894885, 0.49295207410390657, 0.5219492549335482, 0.540877970197342, 0.5473217881594845, 0.5509464357631897, 0.5553765606121627, 0.5606121627064036, 0.5569875151026984, 0.5561820378574305, 0.5610149013290374, 0.5622231171969392, 0.5646395489327426, 0.5614176399516714, 0.5670559806685461, 0.5682641965364479, 0.5678614579138139, 0.5718888441401531, 0.5690696737817157, 0.5730970600080548, 0.5722915827627869, 0.5739025372533226, 0.5771244462343939, 0.576318968989126, 0.57672170761176, 0.5783326621022956], 'auc': [0.6378223879395715, 0.6630546191375117, 0.6816686371892225, 0.7040032042312672, 0.7148911022742435, 0.725752225117561, 0.7355037975424066, 0.7443037312170193, 0.7493521095953695, 0.7574233200902254, 0.7575343239833623, 0.7596530725922939, 0.7609306801446856, 0.7578186302306071, 0.7560019610490063, 0.7544536364123156, 0.7563942534777449, 0.7571726889780799, 0.7638949829374637, 0.7678139212876993, 0.7640438030351066, 0.7636325844697514, 0.7615975310554685, 0.7648399657339359, 0.7620012734762337, 0.7601774372032728, 0.7600954402807881, 0.768800927633054]}

Epsilon = 0.72

{'loss': [1.8342378426116654, 1.8683316327370418, 1.7354799263236314, 1.6632475016148782, 1.6268940538924115, 1.557775464885618, 1.561690445153693, 1.5983149414815299, 1.6239720199360657, 1.5870776197577119, 1.5810816234222977, 1.5901329207218706, 1.5899515566785538, 1.5905160619710368, 1.5772926239923177, 1.6165327973006667, 1.5909703109612927, 1.5700220794769915, 1.5768220538436237, 1.532473687870196, 1.5707244113045644, 1.555787845143761, 1.5481054358457396, 1.5631114623741522, 1.5638424488406386, 1.5941555087623027, 1.5730155603663845, 1.5401259304965353, 1.5772582436587317], 'accuracy': [0.3568264196536448, 0.3898509867096255, 0.4571083366894885, 0.49295207410390657, 0.5219492549335482, 0.540877970197342, 0.5473217881594845, 0.5509464357631897, 0.5553765606121627, 0.5606121627064036, 0.5569875151026984, 0.5561820378574305, 0.5610149013290374, 0.5622231171969392, 0.5646395489327426, 0.5614176399516714, 0.5670559806685461, 0.5682641965364479, 0.5678614579138139, 0.5718888441401531, 0.5690696737817157, 0.5730970600080548, 0.5722915827627869, 0.5739025372533226, 0.5771244462343939, 0.576318968989126, 0.57672170761176, 0.5783326621022956, 0.5739025372533226], 'auc': [0.6378223879395715, 0.6630546191375117, 0.6816686371892225, 0.7040032042312672, 0.7148911022742435, 0.725752225117561, 0.7355037975424066, 0.7443037312170193, 0.7493521095953695, 0.7574233200902254, 0.7575343239833623, 0.7596530725922939, 0.7609306801446856, 0.7578186302306071, 0.7560019610490063, 0.7544536364123156, 0.7563942534777449, 0.7571726889780799, 0.7638949829374637, 0.7678139212876993, 0.7640438030351066, 0.7636325844697514, 0.7615975310554685, 0.7648399657339359, 0.7620012734762337, 0.7601774372032728, 0.7600954402807881, 0.768800927633054, 0.7677477065691475]}

Epsilon = 0.73

{'loss': [1.8342378426116654, 1.8683316327370418, 1.7354799263236314, 1.6632475016148782, 1.6268940538924115, 1.557775464885618, 1.561690445153693, 1.5983149414815299, 1.6239720199360657, 1.5870776197577119, 1.5810816234222977, 1.5901329207218706, 1.5899515566785538, 1.5905160619710368, 1.5772926239923177, 1.6165327973006667, 1.5909703109612927, 1.5700220794769915, 1.5768220538436237, 1.532473687870196, 1.5707244113045644, 1.555787845143761, 1.5481054358457396, 1.5631114623741522, 1.5638424488406386, 1.5941555087623027, 1.5730155603663845, 1.5401259304965353, 1.5772582436587317, 1.6007022812536442], 'accuracy': [0.3568264196536448, 0.3898509867096255, 0.4571083366894885, 0.49295207410390657, 0.5219492549335482, 0.540877970197342, 0.5473217881594845, 0.5509464357631897, 0.5553765606121627, 0.5606121627064036, 0.5569875151026984, 0.5561820378574305, 0.5610149013290374, 0.5622231171969392, 0.5646395489327426, 0.5614176399516714, 0.5670559806685461, 0.5682641965364479, 0.5678614579138139, 0.5718888441401531, 0.5690696737817157, 0.5730970600080548, 0.5722915827627869, 0.5739025372533226, 0.5771244462343939, 0.576318968989126, 0.57672170761176, 0.5783326621022956, 0.5739025372533226, 0.5751107531212243], 'auc': [0.6378223879395715, 0.6630546191375117, 0.6816686371892225, 0.7040032042312672, 0.7148911022742435, 0.725752225117561, 0.7355037975424066, 0.7443037312170193, 0.7493521095953695, 0.7574233200902254, 0.7575343239833623, 0.7596530725922939, 0.7609306801446856, 0.7578186302306071, 0.7560019610490063, 0.7544536364123156, 0.7563942534777449, 0.7571726889780799, 0.7638949829374637, 0.7678139212876993, 0.7640438030351066, 0.7636325844697514, 0.7615975310554685, 0.7648399657339359, 0.7620012734762337, 0.7601774372032728, 0.7600954402807881, 0.768800927633054, 0.7677477065691475, 0.7708327191290902]}



{'loss': [1.8342378426116654, 1.8683316327370418, 1.7354799263236314, 1.6632475016148782, 1.6268940538924115, 1.557775464885618, 1.561690445153693, 1.5983149414815299, 1.6239720199360657, 1.5870776197577119, 1.5810816234222977, 1.5901329207218706, 1.5899515566785538, 1.5905160619710368, 1.5772926239923177, 1.6165327973006667, 1.5909703109612927, 1.5700220794769915, 1.5768220538436237, 1.532473687870196, 1.5707244113045644, 1.555787845143761, 1.5481054358457396, 1.5631114623741522, 1.5638424488406386, 1.5941555087623027, 1.5730155603663845, 1.5401259304965353, 1.5772582436587317, 1.6007022812536442], 'accuracy': [0.3568264196536448, 0.3898509867096255, 0.4571083366894885, 0.49295207410390657, 0.5219492549335482, 0.540877970197342, 0.5473217881594845, 0.5509464357631897, 0.5553765606121627, 0.5606121627064036, 0.5569875151026984, 0.5561820378574305, 0.5610149013290374, 0.5622231171969392, 0.5646395489327426, 0.5614176399516714, 0.5670559806685461, 0.5682641965364479, 0.5678614579138139, 0.5718888441401531, 0.5690696737817157, 0.5730970600080548, 0.5722915827627869, 0.5739025372533226, 0.5771244462343939, 0.576318968989126, 0.57672170761176, 0.5783326621022956, 0.5739025372533226, 0.5751107531212243], 'auc': [0.6378223879395715, 0.6630546191375117, 0.6816686371892225, 0.7040032042312672, 0.7148911022742435, 0.725752225117561, 0.7355037975424066, 0.7443037312170193, 0.7493521095953695, 0.7574233200902254, 0.7575343239833623, 0.7596530725922939, 0.7609306801446856, 0.7578186302306071, 0.7560019610490063, 0.7544536364123156, 0.7563942534777449, 0.7571726889780799, 0.7638949829374637, 0.7678139212876993, 0.7640438030351066, 0.7636325844697514, 0.7615975310554685, 0.7648399657339359, 0.7620012734762337, 0.7601774372032728, 0.7600954402807881, 0.768800927633054, 0.7677477065691475, 0.7708327191290902]}
