nohup: ignoring input
[92mINFO [0m:      Starting Flower server, config: num_rounds=30, no round_timeout
[92mINFO [0m:      Flower ECE: gRPC server running (30 rounds), SSL is disabled
[92mINFO [0m:      [INIT]
[92mINFO [0m:      Requesting initial parameters from one random client
[92mINFO [0m:      Received initial parameters from one random client
[92mINFO [0m:      Evaluating initial global parameters
[92mINFO [0m:      
[92mINFO [0m:      [ROUND 1]
[92mINFO [0m:      configure_fit: strategy sampled 6 clients (out of 6)
[92mINFO [0m:      aggregate_fit: received 6 results and 0 failures
[93mWARNING [0m:   No fit_metrics_aggregation_fn provided
[92mINFO [0m:      configure_evaluate: strategy sampled 6 clients (out of 6)
[92mINFO [0m:      aggregate_evaluate: received 6 results and 0 failures
[93mWARNING [0m:   No evaluate_metrics_aggregation_fn provided
[92mINFO [0m:      
[92mINFO [0m:      [ROUND 2]
[92mINFO [0m:      configure_fit: strategy sampled 6 clients (out of 6)
[92mINFO [0m:      aggregate_fit: received 6 results and 0 failures
[92mINFO [0m:      configure_evaluate: strategy sampled 6 clients (out of 6)
[92mINFO [0m:      aggregate_evaluate: received 6 results and 0 failures
[92mINFO [0m:      
[92mINFO [0m:      [ROUND 3]
[92mINFO [0m:      configure_fit: strategy sampled 6 clients (out of 6)
[92mINFO [0m:      aggregate_fit: received 6 results and 0 failures
[92mINFO [0m:      configure_evaluate: strategy sampled 6 clients (out of 6)
[92mINFO [0m:      aggregate_evaluate: received 6 results and 0 failures
[92mINFO [0m:      
[92mINFO [0m:      [ROUND 4]
[92mINFO [0m:      configure_fit: strategy sampled 6 clients (out of 6)
[92mINFO [0m:      aggregate_fit: received 6 results and 0 failures
[92mINFO [0m:      configure_evaluate: strategy sampled 6 clients (out of 6)
[92mINFO [0m:      aggregate_evaluate: received 6 results and 0 failures
[92mINFO [0m:      
[92mINFO [0m:      [ROUND 5]
[92mINFO [0m:      configure_fit: strategy sampled 6 clients (out of 6)
[92mINFO [0m:      aggregate_fit: received 6 results and 0 failures
[92mINFO [0m:      configure_evaluate: strategy sampled 6 clients (out of 6)
[92mINFO [0m:      aggregate_evaluate: received 6 results and 0 failures
[92mINFO [0m:      
[92mINFO [0m:      [ROUND 6]
[92mINFO [0m:      configure_fit: strategy sampled 6 clients (out of 6)
[92mINFO [0m:      aggregate_fit: received 6 results and 0 failures
[92mINFO [0m:      configure_evaluate: strategy sampled 6 clients (out of 6)
[92mINFO [0m:      aggregate_evaluate: received 6 results and 0 failures
[92mINFO [0m:      
[92mINFO [0m:      [ROUND 7]
[92mINFO [0m:      configure_fit: strategy sampled 6 clients (out of 6)
[92mINFO [0m:      aggregate_fit: received 6 results and 0 failures
[92mINFO [0m:      configure_evaluate: strategy sampled 6 clients (out of 6)
[92mINFO [0m:      aggregate_evaluate: received 6 results and 0 failures
[92mINFO [0m:      
[92mINFO [0m:      [ROUND 8]
[92mINFO [0m:      configure_fit: strategy sampled 6 clients (out of 6)
[92mINFO [0m:      aggregate_fit: received 6 results and 0 failures
[92mINFO [0m:      configure_evaluate: strategy sampled 6 clients (out of 6)
[92mINFO [0m:      aggregate_evaluate: received 6 results and 0 failures
[92mINFO [0m:      
[92mINFO [0m:      [ROUND 9]
[92mINFO [0m:      configure_fit: strategy sampled 6 clients (out of 6)
[92mINFO [0m:      aggregate_fit: received 6 results and 0 failures
[92mINFO [0m:      configure_evaluate: strategy sampled 6 clients (out of 6)
[92mINFO [0m:      aggregate_evaluate: received 6 results and 0 failures
[92mINFO [0m:      
[92mINFO [0m:      [ROUND 10]
[92mINFO [0m:      configure_fit: strategy sampled 6 clients (out of 6)
[92mINFO [0m:      aggregate_fit: received 6 results and 0 failures
[92mINFO [0m:      configure_evaluate: strategy sampled 6 clients (out of 6)
[92mINFO [0m:      aggregate_evaluate: received 6 results and 0 failures
[92mINFO [0m:      
[92mINFO [0m:      [ROUND 11]
[92mINFO [0m:      configure_fit: strategy sampled 6 clients (out of 6)
[92mINFO [0m:      aggregate_fit: received 6 results and 0 failures
[92mINFO [0m:      configure_evaluate: strategy sampled 6 clients (out of 6)
[92mINFO [0m:      aggregate_evaluate: received 6 results and 0 failures
[92mINFO [0m:      
[92mINFO [0m:      [ROUND 12]
[92mINFO [0m:      configure_fit: strategy sampled 6 clients (out of 6)
[92mINFO [0m:      aggregate_fit: received 6 results and 0 failures
[92mINFO [0m:      configure_evaluate: strategy sampled 6 clients (out of 6)
[92mINFO [0m:      aggregate_evaluate: received 6 results and 0 failures
[92mINFO [0m:      
[92mINFO [0m:      [ROUND 13]
[92mINFO [0m:      configure_fit: strategy sampled 6 clients (out of 6)
[92mINFO [0m:      aggregate_fit: received 6 results and 0 failures
[92mINFO [0m:      configure_evaluate: strategy sampled 6 clients (out of 6)
[92mINFO [0m:      aggregate_evaluate: received 6 results and 0 failures
[92mINFO [0m:      
[92mINFO [0m:      [ROUND 14]
[92mINFO [0m:      configure_fit: strategy sampled 6 clients (out of 6)
[92mINFO [0m:      aggregate_fit: received 6 results and 0 failures
[92mINFO [0m:      configure_evaluate: strategy sampled 6 clients (out of 6)
[92mINFO [0m:      aggregate_evaluate: received 6 results and 0 failures
[92mINFO [0m:      
[92mINFO [0m:      [ROUND 15]
[92mINFO [0m:      configure_fit: strategy sampled 6 clients (out of 6)
[92mINFO [0m:      aggregate_fit: received 6 results and 0 failures
[92mINFO [0m:      configure_evaluate: strategy sampled 6 clients (out of 6)
[92mINFO [0m:      aggregate_evaluate: received 6 results and 0 failures
[92mINFO [0m:      
[92mINFO [0m:      [ROUND 16]
[92mINFO [0m:      configure_fit: strategy sampled 6 clients (out of 6)
[92mINFO [0m:      aggregate_fit: received 6 results and 0 failures
[92mINFO [0m:      configure_evaluate: strategy sampled 6 clients (out of 6)
[92mINFO [0m:      aggregate_evaluate: received 6 results and 0 failures
[92mINFO [0m:      
[92mINFO [0m:      [ROUND 17]
[92mINFO [0m:      configure_fit: strategy sampled 6 clients (out of 6)
[92mINFO [0m:      aggregate_fit: received 6 results and 0 failures
[92mINFO [0m:      configure_evaluate: strategy sampled 6 clients (out of 6)
[92mINFO [0m:      aggregate_evaluate: received 6 results and 0 failures
[92mINFO [0m:      
[92mINFO [0m:      [ROUND 18]
[92mINFO [0m:      configure_fit: strategy sampled 6 clients (out of 6)
[92mINFO [0m:      aggregate_fit: received 6 results and 0 failures
[92mINFO [0m:      configure_evaluate: strategy sampled 6 clients (out of 6)
[92mINFO [0m:      aggregate_evaluate: received 6 results and 0 failures
[92mINFO [0m:      
[92mINFO [0m:      [ROUND 19]
[92mINFO [0m:      configure_fit: strategy sampled 6 clients (out of 6)
[92mINFO [0m:      aggregate_fit: received 6 results and 0 failures
[92mINFO [0m:      configure_evaluate: strategy sampled 6 clients (out of 6)
[92mINFO [0m:      aggregate_evaluate: received 6 results and 0 failures
[92mINFO [0m:      
[92mINFO [0m:      [ROUND 20]
[92mINFO [0m:      configure_fit: strategy sampled 6 clients (out of 6)
[92mINFO [0m:      aggregate_fit: received 6 results and 0 failures
[92mINFO [0m:      configure_evaluate: strategy sampled 6 clients (out of 6)
[92mINFO [0m:      aggregate_evaluate: received 6 results and 0 failures
[92mINFO [0m:      
[92mINFO [0m:      [ROUND 21]
[92mINFO [0m:      configure_fit: strategy sampled 6 clients (out of 6)
[92mINFO [0m:      aggregate_fit: received 6 results and 0 failures
[92mINFO [0m:      configure_evaluate: strategy sampled 6 clients (out of 6)
[92mINFO [0m:      aggregate_evaluate: received 6 results and 0 failures
[92mINFO [0m:      
[92mINFO [0m:      [ROUND 22]
[92mINFO [0m:      configure_fit: strategy sampled 6 clients (out of 6)
[92mINFO [0m:      aggregate_fit: received 6 results and 0 failures
[92mINFO [0m:      configure_evaluate: strategy sampled 6 clients (out of 6)
[92mINFO [0m:      aggregate_evaluate: received 6 results and 0 failures
[92mINFO [0m:      
[92mINFO [0m:      [ROUND 23]
[92mINFO [0m:      configure_fit: strategy sampled 6 clients (out of 6)
[92mINFO [0m:      aggregate_fit: received 6 results and 0 failures
[92mINFO [0m:      configure_evaluate: strategy sampled 6 clients (out of 6)
[92mINFO [0m:      aggregate_evaluate: received 6 results and 0 failures
[92mINFO [0m:      
[92mINFO [0m:      [ROUND 24]
[92mINFO [0m:      configure_fit: strategy sampled 6 clients (out of 6)
[92mINFO [0m:      aggregate_fit: received 6 results and 0 failures
[92mINFO [0m:      configure_evaluate: strategy sampled 6 clients (out of 6)
[92mINFO [0m:      aggregate_evaluate: received 6 results and 0 failures
[92mINFO [0m:      
[92mINFO [0m:      [ROUND 25]
[92mINFO [0m:      configure_fit: strategy sampled 6 clients (out of 6)
[92mINFO [0m:      aggregate_fit: received 6 results and 0 failures
[92mINFO [0m:      configure_evaluate: strategy sampled 6 clients (out of 6)
[92mINFO [0m:      aggregate_evaluate: received 6 results and 0 failures
[92mINFO [0m:      
[92mINFO [0m:      [ROUND 26]
[92mINFO [0m:      configure_fit: strategy sampled 6 clients (out of 6)
[92mINFO [0m:      aggregate_fit: received 6 results and 0 failures
[92mINFO [0m:      configure_evaluate: strategy sampled 6 clients (out of 6)
[92mINFO [0m:      aggregate_evaluate: received 6 results and 0 failures
[92mINFO [0m:      
[92mINFO [0m:      [ROUND 27]
[92mINFO [0m:      configure_fit: strategy sampled 6 clients (out of 6)
[92mINFO [0m:      aggregate_fit: received 6 results and 0 failures
[92mINFO [0m:      configure_evaluate: strategy sampled 6 clients (out of 6)
[92mINFO [0m:      aggregate_evaluate: received 6 results and 0 failures
[92mINFO [0m:      
[92mINFO [0m:      [ROUND 28]
[92mINFO [0m:      configure_fit: strategy sampled 6 clients (out of 6)
[92mINFO [0m:      aggregate_fit: received 6 results and 0 failures
[92mINFO [0m:      configure_evaluate: strategy sampled 6 clients (out of 6)
[92mINFO [0m:      aggregate_evaluate: received 6 results and 0 failures
[92mINFO [0m:      
[92mINFO [0m:      [ROUND 29]
[92mINFO [0m:      configure_fit: strategy sampled 6 clients (out of 6)
[92mINFO [0m:      aggregate_fit: received 6 results and 0 failures
[92mINFO [0m:      configure_evaluate: strategy sampled 6 clients (out of 6)
[92mINFO [0m:      aggregate_evaluate: received 6 results and 0 failures
[92mINFO [0m:      
[92mINFO [0m:      [ROUND 30]
[92mINFO [0m:      configure_fit: strategy sampled 6 clients (out of 6)
[92mINFO [0m:      aggregate_fit: received 6 results and 0 failures
[92mINFO [0m:      configure_evaluate: strategy sampled 6 clients (out of 6)
[92mINFO [0m:      aggregate_evaluate: received 6 results and 0 failures
[92mINFO [0m:      
[92mINFO [0m:      [SUMMARY]
[92mINFO [0m:      Run finished 30 rounds in 3417.24s
[92mINFO [0m:      History (loss, distributed):
[92mINFO [0m:      	('\tround 1: 1.066272258758545\n'
[92mINFO [0m:      	 '\tround 2: 1.1490683555603027\n'
[92mINFO [0m:      	 '\tround 3: 1.1504580974578857\n'
[92mINFO [0m:      	 '\tround 4: 1.0952357053756714\n'
[92mINFO [0m:      	 '\tround 5: 1.0675115585327148\n'
[92mINFO [0m:      	 '\tround 6: 1.0883219242095947\n'
[92mINFO [0m:      	 '\tround 7: 1.086316466331482\n'
[92mINFO [0m:      	 '\tround 8: 1.0831083059310913\n'
[92mINFO [0m:      	 '\tround 9: 1.0827888250350952\n'
[92mINFO [0m:      	 '\tround 10: 1.0806894302368164\n'
[92mINFO [0m:      	 '\tround 11: 1.017106056213379\n'
[92mINFO [0m:      	 '\tround 12: 1.058793067932129\n'
[92mINFO [0m:      	 '\tround 13: 1.0433001518249512\n'
[92mINFO [0m:      	 '\tround 14: 1.0431686639785767\n'
[92mINFO [0m:      	 '\tround 15: 1.0514106750488281\n'
[92mINFO [0m:      	 '\tround 16: 1.0479999780654907\n'
[92mINFO [0m:      	 '\tround 17: 1.075701355934143\n'
[92mINFO [0m:      	 '\tround 18: 1.0293148756027222\n'
[92mINFO [0m:      	 '\tround 19: 1.048153281211853\n'
[92mINFO [0m:      	 '\tround 20: 1.1144001483917236\n'
[92mINFO [0m:      	 '\tround 21: 1.047300934791565\n'
[92mINFO [0m:      	 '\tround 22: 1.0472267866134644\n'
[92mINFO [0m:      	 '\tround 23: 1.0500905513763428\n'
[92mINFO [0m:      	 '\tround 24: 1.0492310523986816\n'
[92mINFO [0m:      	 '\tround 25: 1.0025508403778076\n'
[92mINFO [0m:      	 '\tround 26: 1.0958579778671265\n'
[92mINFO [0m:      	 '\tround 27: 1.0383415222167969\n'
[92mINFO [0m:      	 '\tround 28: 1.0159657001495361\n'
[92mINFO [0m:      	 '\tround 29: 1.010820984840393\n'
[92mINFO [0m:      	 '\tround 30: 1.018126368522644\n')
[92mINFO [0m:      
[Server] Model checkpoint saved at round 1 => /home/dgxuser16/NTL/mccarthy/ahmad/github/adaptive_privacy_fl/adaptive_privacy/alz/version_01/checkpoint/model_checkpoint_round_1.pth
[Server] Model checkpoint saved at round 2 => /home/dgxuser16/NTL/mccarthy/ahmad/github/adaptive_privacy_fl/adaptive_privacy/alz/version_01/checkpoint/model_checkpoint_round_2.pth
[Server] Model checkpoint saved at round 3 => /home/dgxuser16/NTL/mccarthy/ahmad/github/adaptive_privacy_fl/adaptive_privacy/alz/version_01/checkpoint/model_checkpoint_round_3.pth
[Server] Model checkpoint saved at round 4 => /home/dgxuser16/NTL/mccarthy/ahmad/github/adaptive_privacy_fl/adaptive_privacy/alz/version_01/checkpoint/model_checkpoint_round_4.pth
[Server] Model checkpoint saved at round 5 => /home/dgxuser16/NTL/mccarthy/ahmad/github/adaptive_privacy_fl/adaptive_privacy/alz/version_01/checkpoint/model_checkpoint_round_5.pth
[Server] Model checkpoint saved at round 6 => /home/dgxuser16/NTL/mccarthy/ahmad/github/adaptive_privacy_fl/adaptive_privacy/alz/version_01/checkpoint/model_checkpoint_round_6.pth
[Server] Model checkpoint saved at round 7 => /home/dgxuser16/NTL/mccarthy/ahmad/github/adaptive_privacy_fl/adaptive_privacy/alz/version_01/checkpoint/model_checkpoint_round_7.pth
[Server] Model checkpoint saved at round 8 => /home/dgxuser16/NTL/mccarthy/ahmad/github/adaptive_privacy_fl/adaptive_privacy/alz/version_01/checkpoint/model_checkpoint_round_8.pth
[Server] Model checkpoint saved at round 9 => /home/dgxuser16/NTL/mccarthy/ahmad/github/adaptive_privacy_fl/adaptive_privacy/alz/version_01/checkpoint/model_checkpoint_round_9.pth
[Server] Model checkpoint saved at round 10 => /home/dgxuser16/NTL/mccarthy/ahmad/github/adaptive_privacy_fl/adaptive_privacy/alz/version_01/checkpoint/model_checkpoint_round_10.pth
[Server] Model checkpoint saved at round 11 => /home/dgxuser16/NTL/mccarthy/ahmad/github/adaptive_privacy_fl/adaptive_privacy/alz/version_01/checkpoint/model_checkpoint_round_11.pth
[Server] Model checkpoint saved at round 12 => /home/dgxuser16/NTL/mccarthy/ahmad/github/adaptive_privacy_fl/adaptive_privacy/alz/version_01/checkpoint/model_checkpoint_round_12.pth
[Server] Model checkpoint saved at round 13 => /home/dgxuser16/NTL/mccarthy/ahmad/github/adaptive_privacy_fl/adaptive_privacy/alz/version_01/checkpoint/model_checkpoint_round_13.pth
[Server] Model checkpoint saved at round 14 => /home/dgxuser16/NTL/mccarthy/ahmad/github/adaptive_privacy_fl/adaptive_privacy/alz/version_01/checkpoint/model_checkpoint_round_14.pth
[Server] Model checkpoint saved at round 15 => /home/dgxuser16/NTL/mccarthy/ahmad/github/adaptive_privacy_fl/adaptive_privacy/alz/version_01/checkpoint/model_checkpoint_round_15.pth
[Server] Model checkpoint saved at round 16 => /home/dgxuser16/NTL/mccarthy/ahmad/github/adaptive_privacy_fl/adaptive_privacy/alz/version_01/checkpoint/model_checkpoint_round_16.pth
[Server] Model checkpoint saved at round 17 => /home/dgxuser16/NTL/mccarthy/ahmad/github/adaptive_privacy_fl/adaptive_privacy/alz/version_01/checkpoint/model_checkpoint_round_17.pth
[Server] Model checkpoint saved at round 18 => /home/dgxuser16/NTL/mccarthy/ahmad/github/adaptive_privacy_fl/adaptive_privacy/alz/version_01/checkpoint/model_checkpoint_round_18.pth
[Server] Model checkpoint saved at round 19 => /home/dgxuser16/NTL/mccarthy/ahmad/github/adaptive_privacy_fl/adaptive_privacy/alz/version_01/checkpoint/model_checkpoint_round_19.pth
[Server] Model checkpoint saved at round 20 => /home/dgxuser16/NTL/mccarthy/ahmad/github/adaptive_privacy_fl/adaptive_privacy/alz/version_01/checkpoint/model_checkpoint_round_20.pth
[Server] Model checkpoint saved at round 21 => /home/dgxuser16/NTL/mccarthy/ahmad/github/adaptive_privacy_fl/adaptive_privacy/alz/version_01/checkpoint/model_checkpoint_round_21.pth
[Server] Model checkpoint saved at round 22 => /home/dgxuser16/NTL/mccarthy/ahmad/github/adaptive_privacy_fl/adaptive_privacy/alz/version_01/checkpoint/model_checkpoint_round_22.pth
[Server] Model checkpoint saved at round 23 => /home/dgxuser16/NTL/mccarthy/ahmad/github/adaptive_privacy_fl/adaptive_privacy/alz/version_01/checkpoint/model_checkpoint_round_23.pth
[Server] Model checkpoint saved at round 24 => /home/dgxuser16/NTL/mccarthy/ahmad/github/adaptive_privacy_fl/adaptive_privacy/alz/version_01/checkpoint/model_checkpoint_round_24.pth
[Server] Model checkpoint saved at round 25 => /home/dgxuser16/NTL/mccarthy/ahmad/github/adaptive_privacy_fl/adaptive_privacy/alz/version_01/checkpoint/model_checkpoint_round_25.pth
[Server] Model checkpoint saved at round 26 => /home/dgxuser16/NTL/mccarthy/ahmad/github/adaptive_privacy_fl/adaptive_privacy/alz/version_01/checkpoint/model_checkpoint_round_26.pth
[Server] Model checkpoint saved at round 27 => /home/dgxuser16/NTL/mccarthy/ahmad/github/adaptive_privacy_fl/adaptive_privacy/alz/version_01/checkpoint/model_checkpoint_round_27.pth
[Server] Model checkpoint saved at round 28 => /home/dgxuser16/NTL/mccarthy/ahmad/github/adaptive_privacy_fl/adaptive_privacy/alz/version_01/checkpoint/model_checkpoint_round_28.pth
[Server] Model checkpoint saved at round 29 => /home/dgxuser16/NTL/mccarthy/ahmad/github/adaptive_privacy_fl/adaptive_privacy/alz/version_01/checkpoint/model_checkpoint_round_29.pth
[Server] Model checkpoint saved at round 30 => /home/dgxuser16/NTL/mccarthy/ahmad/github/adaptive_privacy_fl/adaptive_privacy/alz/version_01/checkpoint/model_checkpoint_round_30.pth
Time taken (hours): 0.9548661637306214
Failed to save time taken: [Errno 2] No such file or directory: 'server/log_file.txt'
