nohup: ignoring input
/home/dgxuser16/anaconda3/envs/ihpc/lib/python3.8/site-packages/opacus/privacy_engine.py:95: UserWarning: Secure RNG turned off. This is perfectly fine for experimentation as it allows for much faster training performance, but remember to turn it on and retrain one last time before production with ``secure_mode`` turned on.
  warnings.warn(
02/06/2025 20:31:07:WARNING:Ignoring drop_last as it is not compatible with DPDataLoader.
02/06/2025 20:31:07:DEBUG:Opened insecure gRPC connection (no certificates were passed)
02/06/2025 20:31:07:DEBUG:ChannelConnectivity.IDLE
02/06/2025 20:31:07:DEBUG:ChannelConnectivity.READY
[92mINFO [0m:      
02/06/2025 20:31:07:INFO:
[92mINFO [0m:      Received: get_parameters message e9705a05-bde2-4162-b7c0-3967f0ab617b
02/06/2025 20:31:07:INFO:Received: get_parameters message e9705a05-bde2-4162-b7c0-3967f0ab617b
WARNING: All log messages before absl::InitializeLog() is called are written to STDERR
I0000 00:00:1738902667.167459  936265 fork_posix.cc:75] Other threads are currently calling into gRPC, skipping fork() handlers
[92mINFO [0m:      Sent reply
02/06/2025 20:31:11:INFO:Sent reply
[92mINFO [0m:      
02/06/2025 20:31:38:INFO:
[92mINFO [0m:      Received: train message 09c378c8-5ddb-4000-b715-400ee42d4e16
02/06/2025 20:31:38:INFO:Received: train message 09c378c8-5ddb-4000-b715-400ee42d4e16
/home/dgxuser16/anaconda3/envs/ihpc/lib/python3.8/site-packages/torch/nn/modules/module.py:1640: FutureWarning: Using a non-full backward hook when the forward contains multiple autograd Nodes is deprecated and will be removed in future versions. This hook will be missing some grad_input. Please use register_full_backward_hook to get the documented behavior.
  self._maybe_warn_non_full_backward_hook(args, result, grad_fn)
[92mINFO [0m:      Sent reply
02/06/2025 20:32:57:INFO:Sent reply
[92mINFO [0m:      
02/06/2025 20:36:16:INFO:
[92mINFO [0m:      Received: evaluate message 0df04c69-6d42-435f-89cf-4e447a76e7c6
02/06/2025 20:36:16:INFO:Received: evaluate message 0df04c69-6d42-435f-89cf-4e447a76e7c6
[92mINFO [0m:      Sent reply
02/06/2025 20:36:21:INFO:Sent reply
[92mINFO [0m:      
02/06/2025 20:37:26:INFO:
[92mINFO [0m:      Received: train message ddcbf5f5-7e3c-4d87-8345-ae7aab891c9a
02/06/2025 20:37:26:INFO:Received: train message ddcbf5f5-7e3c-4d87-8345-ae7aab891c9a
/home/dgxuser16/anaconda3/envs/ihpc/lib/python3.8/site-packages/torch/nn/modules/module.py:1640: FutureWarning: Using a non-full backward hook when the forward contains multiple autograd Nodes is deprecated and will be removed in future versions. This hook will be missing some grad_input. Please use register_full_backward_hook to get the documented behavior.
  self._maybe_warn_non_full_backward_hook(args, result, grad_fn)
[92mINFO [0m:      Sent reply
02/06/2025 20:37:45:INFO:Sent reply
[92mINFO [0m:      
02/06/2025 20:38:52:INFO:
[92mINFO [0m:      Received: evaluate message 7343bae2-cc38-41d9-b761-d8414037cb9d
02/06/2025 20:38:52:INFO:Received: evaluate message 7343bae2-cc38-41d9-b761-d8414037cb9d
[92mINFO [0m:      Sent reply
02/06/2025 20:39:00:INFO:Sent reply
[92mINFO [0m:      
02/06/2025 20:40:22:INFO:
[92mINFO [0m:      Received: train message 7b880d72-382f-4cb3-b92f-c718b2414dbb
02/06/2025 20:40:22:INFO:Received: train message 7b880d72-382f-4cb3-b92f-c718b2414dbb
/home/dgxuser16/anaconda3/envs/ihpc/lib/python3.8/site-packages/torch/nn/modules/module.py:1640: FutureWarning: Using a non-full backward hook when the forward contains multiple autograd Nodes is deprecated and will be removed in future versions. This hook will be missing some grad_input. Please use register_full_backward_hook to get the documented behavior.
  self._maybe_warn_non_full_backward_hook(args, result, grad_fn)
[92mINFO [0m:      Sent reply
02/06/2025 20:40:43:INFO:Sent reply
[92mINFO [0m:      
02/06/2025 20:41:26:INFO:
[92mINFO [0m:      Received: evaluate message 6c14fc16-4144-499a-a587-2b69b1465fbb
02/06/2025 20:41:26:INFO:Received: evaluate message 6c14fc16-4144-499a-a587-2b69b1465fbb
[92mINFO [0m:      Sent reply
02/06/2025 20:41:31:INFO:Sent reply
[92mINFO [0m:      
02/06/2025 20:42:32:INFO:
[92mINFO [0m:      Received: train message b5cc1a98-93a7-41ff-8379-aa4d799c2b25
02/06/2025 20:42:32:INFO:Received: train message b5cc1a98-93a7-41ff-8379-aa4d799c2b25
/home/dgxuser16/anaconda3/envs/ihpc/lib/python3.8/site-packages/torch/nn/modules/module.py:1640: FutureWarning: Using a non-full backward hook when the forward contains multiple autograd Nodes is deprecated and will be removed in future versions. This hook will be missing some grad_input. Please use register_full_backward_hook to get the documented behavior.
  self._maybe_warn_non_full_backward_hook(args, result, grad_fn)
[92mINFO [0m:      Sent reply
02/06/2025 20:42:52:INFO:Sent reply
[92mINFO [0m:      
02/06/2025 20:43:55:INFO:
[92mINFO [0m:      Received: evaluate message 0078d49d-87a0-41a9-a3ae-a111836ab77a
02/06/2025 20:43:55:INFO:Received: evaluate message 0078d49d-87a0-41a9-a3ae-a111836ab77a
[92mINFO [0m:      Sent reply
02/06/2025 20:44:09:INFO:Sent reply
[92mINFO [0m:      
02/06/2025 20:44:44:INFO:
[92mINFO [0m:      Received: train message 38dc87b7-df24-4925-9241-139f5f83f9fa
02/06/2025 20:44:44:INFO:Received: train message 38dc87b7-df24-4925-9241-139f5f83f9fa
/home/dgxuser16/anaconda3/envs/ihpc/lib/python3.8/site-packages/torch/nn/modules/module.py:1640: FutureWarning: Using a non-full backward hook when the forward contains multiple autograd Nodes is deprecated and will be removed in future versions. This hook will be missing some grad_input. Please use register_full_backward_hook to get the documented behavior.
  self._maybe_warn_non_full_backward_hook(args, result, grad_fn)
[92mINFO [0m:      Sent reply
02/06/2025 20:45:06:INFO:Sent reply
[92mINFO [0m:      
02/06/2025 20:46:18:INFO:
[92mINFO [0m:      Received: evaluate message da68035a-7cac-43d3-adb3-522752593ca2
02/06/2025 20:46:18:INFO:Received: evaluate message da68035a-7cac-43d3-adb3-522752593ca2
[92mINFO [0m:      Sent reply
02/06/2025 20:46:23:INFO:Sent reply
[92mINFO [0m:      
02/06/2025 20:47:38:INFO:
[92mINFO [0m:      Received: train message f52b1d60-3048-4df7-871a-7022e82d58e6
02/06/2025 20:47:38:INFO:Received: train message f52b1d60-3048-4df7-871a-7022e82d58e6
/home/dgxuser16/anaconda3/envs/ihpc/lib/python3.8/site-packages/torch/nn/modules/module.py:1640: FutureWarning: Using a non-full backward hook when the forward contains multiple autograd Nodes is deprecated and will be removed in future versions. This hook will be missing some grad_input. Please use register_full_backward_hook to get the documented behavior.
  self._maybe_warn_non_full_backward_hook(args, result, grad_fn)
[92mINFO [0m:      Sent reply
02/06/2025 20:47:57:INFO:Sent reply
[92mINFO [0m:      
02/06/2025 20:49:17:INFO:
[92mINFO [0m:      Received: evaluate message c5397a2d-66b0-4ef7-ae10-d498b9fbc0f8
02/06/2025 20:49:17:INFO:Received: evaluate message c5397a2d-66b0-4ef7-ae10-d498b9fbc0f8
[92mINFO [0m:      Sent reply
02/06/2025 20:49:25:INFO:Sent reply
[92mINFO [0m:      
02/06/2025 20:50:12:INFO:
[92mINFO [0m:      Received: train message a08b9d84-8ca4-411e-a4cf-56059a348387
02/06/2025 20:50:12:INFO:Received: train message a08b9d84-8ca4-411e-a4cf-56059a348387
/home/dgxuser16/anaconda3/envs/ihpc/lib/python3.8/site-packages/torch/nn/modules/module.py:1640: FutureWarning: Using a non-full backward hook when the forward contains multiple autograd Nodes is deprecated and will be removed in future versions. This hook will be missing some grad_input. Please use register_full_backward_hook to get the documented behavior.
  self._maybe_warn_non_full_backward_hook(args, result, grad_fn)
[92mINFO [0m:      Sent reply
02/06/2025 20:50:28:INFO:Sent reply
[92mINFO [0m:      
02/06/2025 20:51:24:INFO:
[92mINFO [0m:      Received: evaluate message f142ad6c-9efb-46c7-be8c-ab4c773cc787
02/06/2025 20:51:24:INFO:Received: evaluate message f142ad6c-9efb-46c7-be8c-ab4c773cc787
[92mINFO [0m:      Sent reply
02/06/2025 20:51:28:INFO:Sent reply
[92mINFO [0m:      
02/06/2025 20:52:07:INFO:
[92mINFO [0m:      Received: train message d061dc8d-33b5-4fb9-a9c3-42851d982b5f
02/06/2025 20:52:07:INFO:Received: train message d061dc8d-33b5-4fb9-a9c3-42851d982b5f
/home/dgxuser16/anaconda3/envs/ihpc/lib/python3.8/site-packages/torch/nn/modules/module.py:1640: FutureWarning: Using a non-full backward hook when the forward contains multiple autograd Nodes is deprecated and will be removed in future versions. This hook will be missing some grad_input. Please use register_full_backward_hook to get the documented behavior.
  self._maybe_warn_non_full_backward_hook(args, result, grad_fn)
[92mINFO [0m:      Sent reply
02/06/2025 20:52:25:INFO:Sent reply
[92mINFO [0m:      
02/06/2025 20:54:28:INFO:
[92mINFO [0m:      Received: evaluate message 9832e15b-121b-4786-af5f-b777b1e7e68e
02/06/2025 20:54:28:INFO:Received: evaluate message 9832e15b-121b-4786-af5f-b777b1e7e68e
[92mINFO [0m:      Sent reply
02/06/2025 20:55:14:INFO:Sent reply
[92mINFO [0m:      
02/06/2025 20:55:56:INFO:
[92mINFO [0m:      Received: train message 372c6fe5-f2b8-4264-9ab4-7e3369db12a8
02/06/2025 20:55:56:INFO:Received: train message 372c6fe5-f2b8-4264-9ab4-7e3369db12a8
/home/dgxuser16/anaconda3/envs/ihpc/lib/python3.8/site-packages/torch/nn/modules/module.py:1640: FutureWarning: Using a non-full backward hook when the forward contains multiple autograd Nodes is deprecated and will be removed in future versions. This hook will be missing some grad_input. Please use register_full_backward_hook to get the documented behavior.
  self._maybe_warn_non_full_backward_hook(args, result, grad_fn)
[92mINFO [0m:      Sent reply
02/06/2025 20:56:12:INFO:Sent reply
[92mINFO [0m:      
02/06/2025 20:57:00:INFO:
[92mINFO [0m:      Received: evaluate message f6037d1c-159a-41e7-ad0f-29ef918e6ef8
02/06/2025 20:57:00:INFO:Received: evaluate message f6037d1c-159a-41e7-ad0f-29ef918e6ef8
[92mINFO [0m:      Sent reply
02/06/2025 20:57:03:INFO:Sent reply
[92mINFO [0m:      
02/06/2025 20:57:44:INFO:
[92mINFO [0m:      Received: train message 6c17d1cd-7c18-4cf3-8cee-483eb7b6b5b7
02/06/2025 20:57:44:INFO:Received: train message 6c17d1cd-7c18-4cf3-8cee-483eb7b6b5b7
/home/dgxuser16/anaconda3/envs/ihpc/lib/python3.8/site-packages/torch/nn/modules/module.py:1640: FutureWarning: Using a non-full backward hook when the forward contains multiple autograd Nodes is deprecated and will be removed in future versions. This hook will be missing some grad_input. Please use register_full_backward_hook to get the documented behavior.
  self._maybe_warn_non_full_backward_hook(args, result, grad_fn)
[92mINFO [0m:      Sent reply
02/06/2025 20:58:02:INFO:Sent reply
[92mINFO [0m:      
02/06/2025 20:59:08:INFO:
[92mINFO [0m:      Received: evaluate message 630ab09f-b636-496c-a341-4d7a4657128a
02/06/2025 20:59:08:INFO:Received: evaluate message 630ab09f-b636-496c-a341-4d7a4657128a
[92mINFO [0m:      Sent reply
02/06/2025 20:59:13:INFO:Sent reply
[92mINFO [0m:      
02/06/2025 20:59:49:INFO:
[92mINFO [0m:      Received: train message 83f33306-45b9-4faa-b550-6286e0a0e0a8
02/06/2025 20:59:49:INFO:Received: train message 83f33306-45b9-4faa-b550-6286e0a0e0a8
/home/dgxuser16/anaconda3/envs/ihpc/lib/python3.8/site-packages/torch/nn/modules/module.py:1640: FutureWarning: Using a non-full backward hook when the forward contains multiple autograd Nodes is deprecated and will be removed in future versions. This hook will be missing some grad_input. Please use register_full_backward_hook to get the documented behavior.
  self._maybe_warn_non_full_backward_hook(args, result, grad_fn)
[92mINFO [0m:      Sent reply
02/06/2025 21:00:10:INFO:Sent reply
[92mINFO [0m:      
02/06/2025 21:01:22:INFO:
[92mINFO [0m:      Received: evaluate message 175e8e7b-8fd5-4cba-b0b2-8377cc800167
02/06/2025 21:01:22:INFO:Received: evaluate message 175e8e7b-8fd5-4cba-b0b2-8377cc800167
[92mINFO [0m:      Sent reply
02/06/2025 21:01:26:INFO:Sent reply
[92mINFO [0m:      
02/06/2025 21:01:51:INFO:
[92mINFO [0m:      Received: train message c646af75-6b3c-48db-bd6d-d5513d56375e
02/06/2025 21:01:51:INFO:Received: train message c646af75-6b3c-48db-bd6d-d5513d56375e
/home/dgxuser16/anaconda3/envs/ihpc/lib/python3.8/site-packages/torch/nn/modules/module.py:1640: FutureWarning: Using a non-full backward hook when the forward contains multiple autograd Nodes is deprecated and will be removed in future versions. This hook will be missing some grad_input. Please use register_full_backward_hook to get the documented behavior.
  self._maybe_warn_non_full_backward_hook(args, result, grad_fn)
[92mINFO [0m:      Sent reply
02/06/2025 21:02:15:INFO:Sent reply
[92mINFO [0m:      
02/06/2025 21:03:29:INFO:
[92mINFO [0m:      Received: evaluate message 5a597c5a-e03b-459b-bea1-f6b1d6fc9b25
02/06/2025 21:03:29:INFO:Received: evaluate message 5a597c5a-e03b-459b-bea1-f6b1d6fc9b25
[92mINFO [0m:      Sent reply
02/06/2025 21:03:36:INFO:Sent reply
[92mINFO [0m:      
02/06/2025 21:04:36:INFO:
[92mINFO [0m:      Received: train message b3f008f1-f98a-4ccb-918c-7b1416000e71
02/06/2025 21:04:36:INFO:Received: train message b3f008f1-f98a-4ccb-918c-7b1416000e71
/home/dgxuser16/anaconda3/envs/ihpc/lib/python3.8/site-packages/torch/nn/modules/module.py:1640: FutureWarning: Using a non-full backward hook when the forward contains multiple autograd Nodes is deprecated and will be removed in future versions. This hook will be missing some grad_input. Please use register_full_backward_hook to get the documented behavior.
  self._maybe_warn_non_full_backward_hook(args, result, grad_fn)
[92mINFO [0m:      Sent reply
02/06/2025 21:04:57:INFO:Sent reply
[92mINFO [0m:      
02/06/2025 21:06:02:INFO:
[92mINFO [0m:      Received: evaluate message dd78138b-6e93-4cbd-89d1-ef8583901d88
02/06/2025 21:06:02:INFO:Received: evaluate message dd78138b-6e93-4cbd-89d1-ef8583901d88
[92mINFO [0m:      Sent reply
02/06/2025 21:06:22:INFO:Sent reply
[92mINFO [0m:      
02/06/2025 21:06:45:INFO:
[92mINFO [0m:      Received: train message 2428793d-7e97-4565-9fbd-f5620aabfcc6
02/06/2025 21:06:45:INFO:Received: train message 2428793d-7e97-4565-9fbd-f5620aabfcc6
/home/dgxuser16/anaconda3/envs/ihpc/lib/python3.8/site-packages/torch/nn/modules/module.py:1640: FutureWarning: Using a non-full backward hook when the forward contains multiple autograd Nodes is deprecated and will be removed in future versions. This hook will be missing some grad_input. Please use register_full_backward_hook to get the documented behavior.
  self._maybe_warn_non_full_backward_hook(args, result, grad_fn)
[92mINFO [0m:      Sent reply
02/06/2025 21:07:30:INFO:Sent reply
[92mINFO [0m:      
02/06/2025 21:09:44:INFO:
[92mINFO [0m:      Received: evaluate message e1602ee8-6202-447f-a717-015b3c44f2fd
02/06/2025 21:09:44:INFO:Received: evaluate message e1602ee8-6202-447f-a717-015b3c44f2fd
[92mINFO [0m:      Sent reply
02/06/2025 21:10:22:INFO:Sent reply
[92mINFO [0m:      
02/06/2025 21:10:45:INFO:
[92mINFO [0m:      Received: train message 85132031-4ddb-42c3-a536-184bf6a2de00
02/06/2025 21:10:45:INFO:Received: train message 85132031-4ddb-42c3-a536-184bf6a2de00
/home/dgxuser16/anaconda3/envs/ihpc/lib/python3.8/site-packages/torch/nn/modules/module.py:1640: FutureWarning: Using a non-full backward hook when the forward contains multiple autograd Nodes is deprecated and will be removed in future versions. This hook will be missing some grad_input. Please use register_full_backward_hook to get the documented behavior.
  self._maybe_warn_non_full_backward_hook(args, result, grad_fn)
[92mINFO [0m:      Sent reply
02/06/2025 21:10:59:INFO:Sent reply
[92mINFO [0m:      
02/06/2025 21:12:14:INFO:
[92mINFO [0m:      Received: evaluate message 10826fe4-f889-408d-bac1-560e8b678933
02/06/2025 21:12:14:INFO:Received: evaluate message 10826fe4-f889-408d-bac1-560e8b678933
Device: cuda:0
Params: {'batch_size': 32, 'local_epochs': 3, 'full_dataset_size': 6400, 'number_of_classes': 4}
Privacy Params: {'target_delta': 1e-05, 'noise_multiplier': 0.78, 'max_grad_norm': 1.0}
Epsilon = 5.3056

{'loss': [2.266630210384342], 'accuracy': [0.5019546520719312], 'auc': [0.509534264721046]}

Epsilon = 6.9213

{'loss': [2.266630210384342, 1.1381904074137243], 'accuracy': [0.5019546520719312, 0.48866301798279904], 'auc': [0.509534264721046, 0.48640144101008786]}

Epsilon = 8.2344

{'loss': [2.266630210384342, 1.1381904074137243, 4.987630070514097], 'accuracy': [0.5019546520719312, 0.48866301798279904, 0.019546520719311962], 'auc': [0.509534264721046, 0.48640144101008786, 0.5495063948381709]}

Epsilon = 9.3894

{'loss': [2.266630210384342, 1.1381904074137243, 4.987630070514097, 2.012899451860699], 'accuracy': [0.5019546520719312, 0.48866301798279904, 0.019546520719311962, 0.38702111024237684], 'auc': [0.509534264721046, 0.48640144101008786, 0.5495063948381709, 0.4733040920917866]}

Epsilon = 10.4426

{'loss': [2.266630210384342, 1.1381904074137243, 4.987630070514097, 2.012899451860699, 1.5365291417250884], 'accuracy': [0.5019546520719312, 0.48866301798279904, 0.019546520719311962, 0.38702111024237684, 0.35418295543393274], 'auc': [0.509534264721046, 0.48640144101008786, 0.5495063948381709, 0.4733040920917866, 0.4534645685736378]}

Epsilon = 11.4231

{'loss': [2.266630210384342, 1.1381904074137243, 4.987630070514097, 2.012899451860699, 1.5365291417250884, 4.303111570807897], 'accuracy': [0.5019546520719312, 0.48866301798279904, 0.019546520719311962, 0.38702111024237684, 0.35418295543393274, 0.15480844409695074], 'auc': [0.509534264721046, 0.48640144101008786, 0.5495063948381709, 0.4733040920917866, 0.4534645685736378, 0.5132131267489335]}

Epsilon = 12.3482

{'loss': [2.266630210384342, 1.1381904074137243, 4.987630070514097, 2.012899451860699, 1.5365291417250884, 4.303111570807897, 5.8169752714501595], 'accuracy': [0.5019546520719312, 0.48866301798279904, 0.019546520719311962, 0.38702111024237684, 0.35418295543393274, 0.15480844409695074, 0.022673964034401875], 'auc': [0.509534264721046, 0.48640144101008786, 0.5495063948381709, 0.4733040920917866, 0.4534645685736378, 0.5132131267489335, 0.5474600565006548]}

Epsilon = 13.2292

{'loss': [2.266630210384342, 1.1381904074137243, 4.987630070514097, 2.012899451860699, 1.5365291417250884, 4.303111570807897, 5.8169752714501595, 5.131549842009049], 'accuracy': [0.5019546520719312, 0.48866301798279904, 0.019546520719311962, 0.38702111024237684, 0.35418295543393274, 0.15480844409695074, 0.022673964034401875, 0.49726348709929635], 'auc': [0.509534264721046, 0.48640144101008786, 0.5495063948381709, 0.4733040920917866, 0.4534645685736378, 0.5132131267489335, 0.5474600565006548, 0.48050150491408716]}

Epsilon = 14.0741

{'loss': [2.266630210384342, 1.1381904074137243, 4.987630070514097, 2.012899451860699, 1.5365291417250884, 4.303111570807897, 5.8169752714501595, 5.131549842009049, 12.029601811517278], 'accuracy': [0.5019546520719312, 0.48866301798279904, 0.019546520719311962, 0.38702111024237684, 0.35418295543393274, 0.15480844409695074, 0.022673964034401875, 0.49726348709929635, 0.5003909304143862], 'auc': [0.509534264721046, 0.48640144101008786, 0.5495063948381709, 0.4733040920917866, 0.4534645685736378, 0.5132131267489335, 0.5474600565006548, 0.48050150491408716, 0.4251440753888034]}

Epsilon = 14.8887

{'loss': [2.266630210384342, 1.1381904074137243, 4.987630070514097, 2.012899451860699, 1.5365291417250884, 4.303111570807897, 5.8169752714501595, 5.131549842009049, 12.029601811517278, 10.904954794890438], 'accuracy': [0.5019546520719312, 0.48866301798279904, 0.019546520719311962, 0.38702111024237684, 0.35418295543393274, 0.15480844409695074, 0.022673964034401875, 0.49726348709929635, 0.5003909304143862, 0.20172009382329945], 'auc': [0.509534264721046, 0.48640144101008786, 0.5495063948381709, 0.4733040920917866, 0.4534645685736378, 0.5132131267489335, 0.5474600565006548, 0.48050150491408716, 0.4251440753888034, 0.4751265461215377]}

Epsilon = 15.6773

{'loss': [2.266630210384342, 1.1381904074137243, 4.987630070514097, 2.012899451860699, 1.5365291417250884, 4.303111570807897, 5.8169752714501595, 5.131549842009049, 12.029601811517278, 10.904954794890438, 4.958626819458485], 'accuracy': [0.5019546520719312, 0.48866301798279904, 0.019546520719311962, 0.38702111024237684, 0.35418295543393274, 0.15480844409695074, 0.022673964034401875, 0.49726348709929635, 0.5003909304143862, 0.20172009382329945, 0.09304143862392494], 'auc': [0.509534264721046, 0.48640144101008786, 0.5495063948381709, 0.4733040920917866, 0.4534645685736378, 0.5132131267489335, 0.5474600565006548, 0.48050150491408716, 0.4251440753888034, 0.4751265461215377, 0.47581156722004847]}

Epsilon = 16.4434

{'loss': [2.266630210384342, 1.1381904074137243, 4.987630070514097, 2.012899451860699, 1.5365291417250884, 4.303111570807897, 5.8169752714501595, 5.131549842009049, 12.029601811517278, 10.904954794890438, 4.958626819458485, 1.9334966204332318], 'accuracy': [0.5019546520719312, 0.48866301798279904, 0.019546520719311962, 0.38702111024237684, 0.35418295543393274, 0.15480844409695074, 0.022673964034401875, 0.49726348709929635, 0.5003909304143862, 0.20172009382329945, 0.09304143862392494, 0.3752931978107897], 'auc': [0.509534264721046, 0.48640144101008786, 0.5495063948381709, 0.4733040920917866, 0.4534645685736378, 0.5132131267489335, 0.5474600565006548, 0.48050150491408716, 0.4251440753888034, 0.4751265461215377, 0.47581156722004847, 0.5244258085193311]}

Epsilon = 17.1897

{'loss': [2.266630210384342, 1.1381904074137243, 4.987630070514097, 2.012899451860699, 1.5365291417250884, 4.303111570807897, 5.8169752714501595, 5.131549842009049, 12.029601811517278, 10.904954794890438, 4.958626819458485, 1.9334966204332318, 6.203211939681767], 'accuracy': [0.5019546520719312, 0.48866301798279904, 0.019546520719311962, 0.38702111024237684, 0.35418295543393274, 0.15480844409695074, 0.022673964034401875, 0.49726348709929635, 0.5003909304143862, 0.20172009382329945, 0.09304143862392494, 0.3752931978107897, 0.3502736512900704], 'auc': [0.509534264721046, 0.48640144101008786, 0.5495063948381709, 0.4733040920917866, 0.4534645685736378, 0.5132131267489335, 0.5474600565006548, 0.48050150491408716, 0.4251440753888034, 0.4751265461215377, 0.47581156722004847, 0.5244258085193311, 0.49556733887017]}

Epsilon = 17.9183

{'loss': [2.266630210384342, 1.1381904074137243, 4.987630070514097, 2.012899451860699, 1.5365291417250884, 4.303111570807897, 5.8169752714501595, 5.131549842009049, 12.029601811517278, 10.904954794890438, 4.958626819458485, 1.9334966204332318, 6.203211939681767, 3.044651351746775], 'accuracy': [0.5019546520719312, 0.48866301798279904, 0.019546520719311962, 0.38702111024237684, 0.35418295543393274, 0.15480844409695074, 0.022673964034401875, 0.49726348709929635, 0.5003909304143862, 0.20172009382329945, 0.09304143862392494, 0.3752931978107897, 0.3502736512900704, 0.48866301798279904], 'auc': [0.509534264721046, 0.48640144101008786, 0.5495063948381709, 0.4733040920917866, 0.4534645685736378, 0.5132131267489335, 0.5474600565006548, 0.48050150491408716, 0.4251440753888034, 0.4751265461215377, 0.47581156722004847, 0.5244258085193311, 0.49556733887017, 0.5059245380650721]}

Epsilon = 18.6313
[92mINFO [0m:      Sent reply
02/06/2025 21:12:17:INFO:Sent reply
[92mINFO [0m:      
02/06/2025 21:12:56:INFO:
[92mINFO [0m:      Received: train message dfb43578-2282-4d4b-aaff-a55f59f6cc30
02/06/2025 21:12:56:INFO:Received: train message dfb43578-2282-4d4b-aaff-a55f59f6cc30
/home/dgxuser16/anaconda3/envs/ihpc/lib/python3.8/site-packages/torch/nn/modules/module.py:1640: FutureWarning: Using a non-full backward hook when the forward contains multiple autograd Nodes is deprecated and will be removed in future versions. This hook will be missing some grad_input. Please use register_full_backward_hook to get the documented behavior.
  self._maybe_warn_non_full_backward_hook(args, result, grad_fn)
[92mINFO [0m:      Sent reply
02/06/2025 21:13:11:INFO:Sent reply
[92mINFO [0m:      
02/06/2025 21:14:33:INFO:
[92mINFO [0m:      Received: evaluate message 31ba93f4-8a8a-4416-b6a6-6108f2221c11
02/06/2025 21:14:33:INFO:Received: evaluate message 31ba93f4-8a8a-4416-b6a6-6108f2221c11
[92mINFO [0m:      Sent reply
02/06/2025 21:14:38:INFO:Sent reply
[92mINFO [0m:      
02/06/2025 21:15:32:INFO:
[92mINFO [0m:      Received: train message ef39d205-8a2c-4108-a879-6fc3731ed8e8
02/06/2025 21:15:32:INFO:Received: train message ef39d205-8a2c-4108-a879-6fc3731ed8e8
/home/dgxuser16/anaconda3/envs/ihpc/lib/python3.8/site-packages/torch/nn/modules/module.py:1640: FutureWarning: Using a non-full backward hook when the forward contains multiple autograd Nodes is deprecated and will be removed in future versions. This hook will be missing some grad_input. Please use register_full_backward_hook to get the documented behavior.
  self._maybe_warn_non_full_backward_hook(args, result, grad_fn)
[92mINFO [0m:      Sent reply
02/06/2025 21:15:54:INFO:Sent reply
[92mINFO [0m:      
02/06/2025 21:16:36:INFO:
[92mINFO [0m:      Received: evaluate message fd0a3980-a641-4d98-894f-e391b2aae240
02/06/2025 21:16:36:INFO:Received: evaluate message fd0a3980-a641-4d98-894f-e391b2aae240
[92mINFO [0m:      Sent reply
02/06/2025 21:16:40:INFO:Sent reply
[92mINFO [0m:      
02/06/2025 21:17:45:INFO:
[92mINFO [0m:      Received: train message 5e609023-c44c-465d-880b-5e72da92b7cc
02/06/2025 21:17:45:INFO:Received: train message 5e609023-c44c-465d-880b-5e72da92b7cc
/home/dgxuser16/anaconda3/envs/ihpc/lib/python3.8/site-packages/torch/nn/modules/module.py:1640: FutureWarning: Using a non-full backward hook when the forward contains multiple autograd Nodes is deprecated and will be removed in future versions. This hook will be missing some grad_input. Please use register_full_backward_hook to get the documented behavior.
  self._maybe_warn_non_full_backward_hook(args, result, grad_fn)
[92mINFO [0m:      Sent reply
02/06/2025 21:18:04:INFO:Sent reply
[92mINFO [0m:      
02/06/2025 21:19:01:INFO:
[92mINFO [0m:      Received: evaluate message 1232db3d-c149-47a3-ad07-34db39060369
02/06/2025 21:19:01:INFO:Received: evaluate message 1232db3d-c149-47a3-ad07-34db39060369
[92mINFO [0m:      Sent reply
02/06/2025 21:19:06:INFO:Sent reply
[92mINFO [0m:      
02/06/2025 21:19:52:INFO:
[92mINFO [0m:      Received: train message 9912bbd4-f326-4abe-845d-05034652f629
02/06/2025 21:19:52:INFO:Received: train message 9912bbd4-f326-4abe-845d-05034652f629
/home/dgxuser16/anaconda3/envs/ihpc/lib/python3.8/site-packages/torch/nn/modules/module.py:1640: FutureWarning: Using a non-full backward hook when the forward contains multiple autograd Nodes is deprecated and will be removed in future versions. This hook will be missing some grad_input. Please use register_full_backward_hook to get the documented behavior.
  self._maybe_warn_non_full_backward_hook(args, result, grad_fn)
[92mINFO [0m:      Sent reply
02/06/2025 21:20:07:INFO:Sent reply
[92mINFO [0m:      
02/06/2025 21:20:47:INFO:
[92mINFO [0m:      Received: evaluate message 8d290112-1005-4365-8398-96ce1797c19b
02/06/2025 21:20:47:INFO:Received: evaluate message 8d290112-1005-4365-8398-96ce1797c19b
[92mINFO [0m:      Sent reply
02/06/2025 21:20:51:INFO:Sent reply
[92mINFO [0m:      
02/06/2025 21:21:47:INFO:
[92mINFO [0m:      Received: train message 6a22731f-38dc-44a8-b618-004e3eec1bb5
02/06/2025 21:21:47:INFO:Received: train message 6a22731f-38dc-44a8-b618-004e3eec1bb5
/home/dgxuser16/anaconda3/envs/ihpc/lib/python3.8/site-packages/torch/nn/modules/module.py:1640: FutureWarning: Using a non-full backward hook when the forward contains multiple autograd Nodes is deprecated and will be removed in future versions. This hook will be missing some grad_input. Please use register_full_backward_hook to get the documented behavior.
  self._maybe_warn_non_full_backward_hook(args, result, grad_fn)
[92mINFO [0m:      Sent reply
02/06/2025 21:22:08:INFO:Sent reply
[92mINFO [0m:      
02/06/2025 21:22:45:INFO:
[92mINFO [0m:      Received: evaluate message d7cb4964-09ae-4568-a229-5c186937dad2
02/06/2025 21:22:45:INFO:Received: evaluate message d7cb4964-09ae-4568-a229-5c186937dad2
[92mINFO [0m:      Sent reply
02/06/2025 21:22:48:INFO:Sent reply
[92mINFO [0m:      
02/06/2025 21:23:35:INFO:
[92mINFO [0m:      Received: train message 7d6c2c6f-93f0-422c-83fe-1bc13d2c3872
02/06/2025 21:23:35:INFO:Received: train message 7d6c2c6f-93f0-422c-83fe-1bc13d2c3872
/home/dgxuser16/anaconda3/envs/ihpc/lib/python3.8/site-packages/torch/nn/modules/module.py:1640: FutureWarning: Using a non-full backward hook when the forward contains multiple autograd Nodes is deprecated and will be removed in future versions. This hook will be missing some grad_input. Please use register_full_backward_hook to get the documented behavior.
  self._maybe_warn_non_full_backward_hook(args, result, grad_fn)
[92mINFO [0m:      Sent reply
02/06/2025 21:23:46:INFO:Sent reply
[92mINFO [0m:      
02/06/2025 21:25:29:INFO:
[92mINFO [0m:      Received: evaluate message dd8ca0f0-1f94-42c8-8fce-2e157834168b
02/06/2025 21:25:29:INFO:Received: evaluate message dd8ca0f0-1f94-42c8-8fce-2e157834168b
[92mINFO [0m:      Sent reply
02/06/2025 21:25:34:INFO:Sent reply
[92mINFO [0m:      
02/06/2025 21:26:06:INFO:
[92mINFO [0m:      Received: train message b63e3e63-3297-4cce-a9d6-05a3706379de
02/06/2025 21:26:06:INFO:Received: train message b63e3e63-3297-4cce-a9d6-05a3706379de
/home/dgxuser16/anaconda3/envs/ihpc/lib/python3.8/site-packages/torch/nn/modules/module.py:1640: FutureWarning: Using a non-full backward hook when the forward contains multiple autograd Nodes is deprecated and will be removed in future versions. This hook will be missing some grad_input. Please use register_full_backward_hook to get the documented behavior.
  self._maybe_warn_non_full_backward_hook(args, result, grad_fn)
[92mINFO [0m:      Sent reply
02/06/2025 21:26:23:INFO:Sent reply
[92mINFO [0m:      
02/06/2025 21:27:54:INFO:
[92mINFO [0m:      Received: evaluate message 3885d804-f884-461b-8b5c-49a7fc340560
02/06/2025 21:27:54:INFO:Received: evaluate message 3885d804-f884-461b-8b5c-49a7fc340560

{'loss': [2.266630210384342, 1.1381904074137243, 4.987630070514097, 2.012899451860699, 1.5365291417250884, 4.303111570807897, 5.8169752714501595, 5.131549842009049, 12.029601811517278, 10.904954794890438, 4.958626819458485, 1.9334966204332318, 6.203211939681767, 3.044651351746775, 10.838049362094791], 'accuracy': [0.5019546520719312, 0.48866301798279904, 0.019546520719311962, 0.38702111024237684, 0.35418295543393274, 0.15480844409695074, 0.022673964034401875, 0.49726348709929635, 0.5003909304143862, 0.20172009382329945, 0.09304143862392494, 0.3752931978107897, 0.3502736512900704, 0.48866301798279904, 0.5003909304143862], 'auc': [0.509534264721046, 0.48640144101008786, 0.5495063948381709, 0.4733040920917866, 0.4534645685736378, 0.5132131267489335, 0.5474600565006548, 0.48050150491408716, 0.4251440753888034, 0.4751265461215377, 0.47581156722004847, 0.5244258085193311, 0.49556733887017, 0.5059245380650721, 0.5331090170884333]}

Epsilon = 19.3300

{'loss': [2.266630210384342, 1.1381904074137243, 4.987630070514097, 2.012899451860699, 1.5365291417250884, 4.303111570807897, 5.8169752714501595, 5.131549842009049, 12.029601811517278, 10.904954794890438, 4.958626819458485, 1.9334966204332318, 6.203211939681767, 3.044651351746775, 10.838049362094791, 6.255641150605036], 'accuracy': [0.5019546520719312, 0.48866301798279904, 0.019546520719311962, 0.38702111024237684, 0.35418295543393274, 0.15480844409695074, 0.022673964034401875, 0.49726348709929635, 0.5003909304143862, 0.20172009382329945, 0.09304143862392494, 0.3752931978107897, 0.3502736512900704, 0.48866301798279904, 0.5003909304143862, 0.2869429241594996], 'auc': [0.509534264721046, 0.48640144101008786, 0.5495063948381709, 0.4733040920917866, 0.4534645685736378, 0.5132131267489335, 0.5474600565006548, 0.48050150491408716, 0.4251440753888034, 0.4751265461215377, 0.47581156722004847, 0.5244258085193311, 0.49556733887017, 0.5059245380650721, 0.5331090170884333, 0.5308712671704449]}

Epsilon = 20.0158

{'loss': [2.266630210384342, 1.1381904074137243, 4.987630070514097, 2.012899451860699, 1.5365291417250884, 4.303111570807897, 5.8169752714501595, 5.131549842009049, 12.029601811517278, 10.904954794890438, 4.958626819458485, 1.9334966204332318, 6.203211939681767, 3.044651351746775, 10.838049362094791, 6.255641150605036, 8.91599174236924], 'accuracy': [0.5019546520719312, 0.48866301798279904, 0.019546520719311962, 0.38702111024237684, 0.35418295543393274, 0.15480844409695074, 0.022673964034401875, 0.49726348709929635, 0.5003909304143862, 0.20172009382329945, 0.09304143862392494, 0.3752931978107897, 0.3502736512900704, 0.48866301798279904, 0.5003909304143862, 0.2869429241594996, 0.5003909304143862], 'auc': [0.509534264721046, 0.48640144101008786, 0.5495063948381709, 0.4733040920917866, 0.4534645685736378, 0.5132131267489335, 0.5474600565006548, 0.48050150491408716, 0.4251440753888034, 0.4751265461215377, 0.47581156722004847, 0.5244258085193311, 0.49556733887017, 0.5059245380650721, 0.5331090170884333, 0.5308712671704449, 0.475045714442627]}

Epsilon = 20.6897

{'loss': [2.266630210384342, 1.1381904074137243, 4.987630070514097, 2.012899451860699, 1.5365291417250884, 4.303111570807897, 5.8169752714501595, 5.131549842009049, 12.029601811517278, 10.904954794890438, 4.958626819458485, 1.9334966204332318, 6.203211939681767, 3.044651351746775, 10.838049362094791, 6.255641150605036, 8.91599174236924, 6.154427356130179], 'accuracy': [0.5019546520719312, 0.48866301798279904, 0.019546520719311962, 0.38702111024237684, 0.35418295543393274, 0.15480844409695074, 0.022673964034401875, 0.49726348709929635, 0.5003909304143862, 0.20172009382329945, 0.09304143862392494, 0.3752931978107897, 0.3502736512900704, 0.48866301798279904, 0.5003909304143862, 0.2869429241594996, 0.5003909304143862, 0.3518373729476153], 'auc': [0.509534264721046, 0.48640144101008786, 0.5495063948381709, 0.4733040920917866, 0.4534645685736378, 0.5132131267489335, 0.5474600565006548, 0.48050150491408716, 0.4251440753888034, 0.4751265461215377, 0.47581156722004847, 0.5244258085193311, 0.49556733887017, 0.5059245380650721, 0.5331090170884333, 0.5308712671704449, 0.475045714442627, 0.4975506688260327]}

Epsilon = 21.3528

{'loss': [2.266630210384342, 1.1381904074137243, 4.987630070514097, 2.012899451860699, 1.5365291417250884, 4.303111570807897, 5.8169752714501595, 5.131549842009049, 12.029601811517278, 10.904954794890438, 4.958626819458485, 1.9334966204332318, 6.203211939681767, 3.044651351746775, 10.838049362094791, 6.255641150605036, 8.91599174236924, 6.154427356130179, 5.885982802363464], 'accuracy': [0.5019546520719312, 0.48866301798279904, 0.019546520719311962, 0.38702111024237684, 0.35418295543393274, 0.15480844409695074, 0.022673964034401875, 0.49726348709929635, 0.5003909304143862, 0.20172009382329945, 0.09304143862392494, 0.3752931978107897, 0.3502736512900704, 0.48866301798279904, 0.5003909304143862, 0.2869429241594996, 0.5003909304143862, 0.3518373729476153, 0.4573885848318999], 'auc': [0.509534264721046, 0.48640144101008786, 0.5495063948381709, 0.4733040920917866, 0.4534645685736378, 0.5132131267489335, 0.5474600565006548, 0.48050150491408716, 0.4251440753888034, 0.4751265461215377, 0.47581156722004847, 0.5244258085193311, 0.49556733887017, 0.5059245380650721, 0.5331090170884333, 0.5308712671704449, 0.475045714442627, 0.4975506688260327, 0.3978099321984047]}

Epsilon = 22.0058

{'loss': [2.266630210384342, 1.1381904074137243, 4.987630070514097, 2.012899451860699, 1.5365291417250884, 4.303111570807897, 5.8169752714501595, 5.131549842009049, 12.029601811517278, 10.904954794890438, 4.958626819458485, 1.9334966204332318, 6.203211939681767, 3.044651351746775, 10.838049362094791, 6.255641150605036, 8.91599174236924, 6.154427356130179, 5.885982802363464, 5.956994906143759], 'accuracy': [0.5019546520719312, 0.48866301798279904, 0.019546520719311962, 0.38702111024237684, 0.35418295543393274, 0.15480844409695074, 0.022673964034401875, 0.49726348709929635, 0.5003909304143862, 0.20172009382329945, 0.09304143862392494, 0.3752931978107897, 0.3502736512900704, 0.48866301798279904, 0.5003909304143862, 0.2869429241594996, 0.5003909304143862, 0.3518373729476153, 0.4573885848318999, 0.5003909304143862], 'auc': [0.509534264721046, 0.48640144101008786, 0.5495063948381709, 0.4733040920917866, 0.4534645685736378, 0.5132131267489335, 0.5474600565006548, 0.48050150491408716, 0.4251440753888034, 0.4751265461215377, 0.47581156722004847, 0.5244258085193311, 0.49556733887017, 0.5059245380650721, 0.5331090170884333, 0.5308712671704449, 0.475045714442627, 0.4975506688260327, 0.3978099321984047, 0.5073826073241736]}

Epsilon = 22.6496

{'loss': [2.266630210384342, 1.1381904074137243, 4.987630070514097, 2.012899451860699, 1.5365291417250884, 4.303111570807897, 5.8169752714501595, 5.131549842009049, 12.029601811517278, 10.904954794890438, 4.958626819458485, 1.9334966204332318, 6.203211939681767, 3.044651351746775, 10.838049362094791, 6.255641150605036, 8.91599174236924, 6.154427356130179, 5.885982802363464, 5.956994906143759, 4.604711806242871], 'accuracy': [0.5019546520719312, 0.48866301798279904, 0.019546520719311962, 0.38702111024237684, 0.35418295543393274, 0.15480844409695074, 0.022673964034401875, 0.49726348709929635, 0.5003909304143862, 0.20172009382329945, 0.09304143862392494, 0.3752931978107897, 0.3502736512900704, 0.48866301798279904, 0.5003909304143862, 0.2869429241594996, 0.5003909304143862, 0.3518373729476153, 0.4573885848318999, 0.5003909304143862, 0.21735731039874903], 'auc': [0.509534264721046, 0.48640144101008786, 0.5495063948381709, 0.4733040920917866, 0.4534645685736378, 0.5132131267489335, 0.5474600565006548, 0.48050150491408716, 0.4251440753888034, 0.4751265461215377, 0.47581156722004847, 0.5244258085193311, 0.49556733887017, 0.5059245380650721, 0.5331090170884333, 0.5308712671704449, 0.475045714442627, 0.4975506688260327, 0.3978099321984047, 0.5073826073241736, 0.542473859171098]}

Epsilon = 23.2847
[92mINFO [0m:      Sent reply
02/06/2025 21:28:18:INFO:Sent reply
[92mINFO [0m:      
02/06/2025 21:29:01:INFO:
[92mINFO [0m:      Received: train message 7a448bef-4fc0-4ae2-ae6a-ea2f44c5df9b
02/06/2025 21:29:01:INFO:Received: train message 7a448bef-4fc0-4ae2-ae6a-ea2f44c5df9b
/home/dgxuser16/anaconda3/envs/ihpc/lib/python3.8/site-packages/torch/nn/modules/module.py:1640: FutureWarning: Using a non-full backward hook when the forward contains multiple autograd Nodes is deprecated and will be removed in future versions. This hook will be missing some grad_input. Please use register_full_backward_hook to get the documented behavior.
  self._maybe_warn_non_full_backward_hook(args, result, grad_fn)
[92mINFO [0m:      Sent reply
02/06/2025 21:29:31:INFO:Sent reply
[92mINFO [0m:      
02/06/2025 21:30:22:INFO:
[92mINFO [0m:      Received: evaluate message de4f8e97-3ac0-4566-9908-3d1b36abc43c
02/06/2025 21:30:22:INFO:Received: evaluate message de4f8e97-3ac0-4566-9908-3d1b36abc43c
[92mINFO [0m:      Sent reply
02/06/2025 21:30:26:INFO:Sent reply
[92mINFO [0m:      
02/06/2025 21:30:43:INFO:
[92mINFO [0m:      Received: train message 32a57b80-a9c0-4d84-9e93-f6dfee5ba1dd
02/06/2025 21:30:43:INFO:Received: train message 32a57b80-a9c0-4d84-9e93-f6dfee5ba1dd
/home/dgxuser16/anaconda3/envs/ihpc/lib/python3.8/site-packages/torch/nn/modules/module.py:1640: FutureWarning: Using a non-full backward hook when the forward contains multiple autograd Nodes is deprecated and will be removed in future versions. This hook will be missing some grad_input. Please use register_full_backward_hook to get the documented behavior.
  self._maybe_warn_non_full_backward_hook(args, result, grad_fn)
[92mINFO [0m:      Sent reply
02/06/2025 21:31:08:INFO:Sent reply
[92mINFO [0m:      
02/06/2025 21:32:05:INFO:
[92mINFO [0m:      Received: evaluate message 31a67508-6bb2-4f2a-accb-ff7cb95b058a
02/06/2025 21:32:05:INFO:Received: evaluate message 31a67508-6bb2-4f2a-accb-ff7cb95b058a
[92mINFO [0m:      Sent reply
02/06/2025 21:32:13:INFO:Sent reply
[92mINFO [0m:      
02/06/2025 21:33:35:INFO:
[92mINFO [0m:      Received: train message 7f99faa5-89b4-4eba-a25d-143411e8a4ce
02/06/2025 21:33:35:INFO:Received: train message 7f99faa5-89b4-4eba-a25d-143411e8a4ce
/home/dgxuser16/anaconda3/envs/ihpc/lib/python3.8/site-packages/torch/nn/modules/module.py:1640: FutureWarning: Using a non-full backward hook when the forward contains multiple autograd Nodes is deprecated and will be removed in future versions. This hook will be missing some grad_input. Please use register_full_backward_hook to get the documented behavior.
  self._maybe_warn_non_full_backward_hook(args, result, grad_fn)
[92mINFO [0m:      Sent reply
02/06/2025 21:33:50:INFO:Sent reply
[92mINFO [0m:      
02/06/2025 21:36:58:INFO:
[92mINFO [0m:      Received: evaluate message 022c5ad2-5dc8-431c-bf38-8e5676b68452
02/06/2025 21:36:58:INFO:Received: evaluate message 022c5ad2-5dc8-431c-bf38-8e5676b68452
[92mINFO [0m:      Sent reply
02/06/2025 21:37:02:INFO:Sent reply
[92mINFO [0m:      
02/06/2025 21:37:36:INFO:
[92mINFO [0m:      Received: train message d440509f-8885-42e3-94f2-c0ed6dffc150
02/06/2025 21:37:36:INFO:Received: train message d440509f-8885-42e3-94f2-c0ed6dffc150
/home/dgxuser16/anaconda3/envs/ihpc/lib/python3.8/site-packages/torch/nn/modules/module.py:1640: FutureWarning: Using a non-full backward hook when the forward contains multiple autograd Nodes is deprecated and will be removed in future versions. This hook will be missing some grad_input. Please use register_full_backward_hook to get the documented behavior.
  self._maybe_warn_non_full_backward_hook(args, result, grad_fn)
[92mINFO [0m:      Sent reply
02/06/2025 21:37:55:INFO:Sent reply
[92mINFO [0m:      
02/06/2025 21:38:54:INFO:
[92mINFO [0m:      Received: evaluate message 1b03edc3-effe-4c13-9444-a732ab8eecda
02/06/2025 21:38:54:INFO:Received: evaluate message 1b03edc3-effe-4c13-9444-a732ab8eecda
[92mINFO [0m:      Sent reply
02/06/2025 21:39:06:INFO:Sent reply
[92mINFO [0m:      
02/06/2025 21:40:08:INFO:
[92mINFO [0m:      Received: train message ef7e3313-e712-4568-b5aa-da6bd70fa49a
02/06/2025 21:40:08:INFO:Received: train message ef7e3313-e712-4568-b5aa-da6bd70fa49a
/home/dgxuser16/anaconda3/envs/ihpc/lib/python3.8/site-packages/torch/nn/modules/module.py:1640: FutureWarning: Using a non-full backward hook when the forward contains multiple autograd Nodes is deprecated and will be removed in future versions. This hook will be missing some grad_input. Please use register_full_backward_hook to get the documented behavior.
  self._maybe_warn_non_full_backward_hook(args, result, grad_fn)
[92mINFO [0m:      Sent reply
02/06/2025 21:40:28:INFO:Sent reply
[92mINFO [0m:      
02/06/2025 21:41:25:INFO:
[92mINFO [0m:      Received: evaluate message 1239303a-144e-4667-8455-cb299802bee8
02/06/2025 21:41:25:INFO:Received: evaluate message 1239303a-144e-4667-8455-cb299802bee8

{'loss': [2.266630210384342, 1.1381904074137243, 4.987630070514097, 2.012899451860699, 1.5365291417250884, 4.303111570807897, 5.8169752714501595, 5.131549842009049, 12.029601811517278, 10.904954794890438, 4.958626819458485, 1.9334966204332318, 6.203211939681767, 3.044651351746775, 10.838049362094791, 6.255641150605036, 8.91599174236924, 6.154427356130179, 5.885982802363464, 5.956994906143759, 4.604711806242871, 4.524768707806286], 'accuracy': [0.5019546520719312, 0.48866301798279904, 0.019546520719311962, 0.38702111024237684, 0.35418295543393274, 0.15480844409695074, 0.022673964034401875, 0.49726348709929635, 0.5003909304143862, 0.20172009382329945, 0.09304143862392494, 0.3752931978107897, 0.3502736512900704, 0.48866301798279904, 0.5003909304143862, 0.2869429241594996, 0.5003909304143862, 0.3518373729476153, 0.4573885848318999, 0.5003909304143862, 0.21735731039874903, 0.34714620797498047], 'auc': [0.509534264721046, 0.48640144101008786, 0.5495063948381709, 0.4733040920917866, 0.4534645685736378, 0.5132131267489335, 0.5474600565006548, 0.48050150491408716, 0.4251440753888034, 0.4751265461215377, 0.47581156722004847, 0.5244258085193311, 0.49556733887017, 0.5059245380650721, 0.5331090170884333, 0.5308712671704449, 0.475045714442627, 0.4975506688260327, 0.3978099321984047, 0.5073826073241736, 0.542473859171098, 0.4548298589874812]}

Epsilon = 23.9118

{'loss': [2.266630210384342, 1.1381904074137243, 4.987630070514097, 2.012899451860699, 1.5365291417250884, 4.303111570807897, 5.8169752714501595, 5.131549842009049, 12.029601811517278, 10.904954794890438, 4.958626819458485, 1.9334966204332318, 6.203211939681767, 3.044651351746775, 10.838049362094791, 6.255641150605036, 8.91599174236924, 6.154427356130179, 5.885982802363464, 5.956994906143759, 4.604711806242871, 4.524768707806286, 8.31443478033011], 'accuracy': [0.5019546520719312, 0.48866301798279904, 0.019546520719311962, 0.38702111024237684, 0.35418295543393274, 0.15480844409695074, 0.022673964034401875, 0.49726348709929635, 0.5003909304143862, 0.20172009382329945, 0.09304143862392494, 0.3752931978107897, 0.3502736512900704, 0.48866301798279904, 0.5003909304143862, 0.2869429241594996, 0.5003909304143862, 0.3518373729476153, 0.4573885848318999, 0.5003909304143862, 0.21735731039874903, 0.34714620797498047, 0.5003909304143862], 'auc': [0.509534264721046, 0.48640144101008786, 0.5495063948381709, 0.4733040920917866, 0.4534645685736378, 0.5132131267489335, 0.5474600565006548, 0.48050150491408716, 0.4251440753888034, 0.4751265461215377, 0.47581156722004847, 0.5244258085193311, 0.49556733887017, 0.5059245380650721, 0.5331090170884333, 0.5308712671704449, 0.475045714442627, 0.4975506688260327, 0.3978099321984047, 0.5073826073241736, 0.542473859171098, 0.4548298589874812, 0.47763531840752]}

Epsilon = 24.5313

{'loss': [2.266630210384342, 1.1381904074137243, 4.987630070514097, 2.012899451860699, 1.5365291417250884, 4.303111570807897, 5.8169752714501595, 5.131549842009049, 12.029601811517278, 10.904954794890438, 4.958626819458485, 1.9334966204332318, 6.203211939681767, 3.044651351746775, 10.838049362094791, 6.255641150605036, 8.91599174236924, 6.154427356130179, 5.885982802363464, 5.956994906143759, 4.604711806242871, 4.524768707806286, 8.31443478033011, 6.952466548966612], 'accuracy': [0.5019546520719312, 0.48866301798279904, 0.019546520719311962, 0.38702111024237684, 0.35418295543393274, 0.15480844409695074, 0.022673964034401875, 0.49726348709929635, 0.5003909304143862, 0.20172009382329945, 0.09304143862392494, 0.3752931978107897, 0.3502736512900704, 0.48866301798279904, 0.5003909304143862, 0.2869429241594996, 0.5003909304143862, 0.3518373729476153, 0.4573885848318999, 0.5003909304143862, 0.21735731039874903, 0.34714620797498047, 0.5003909304143862, 0.5003909304143862], 'auc': [0.509534264721046, 0.48640144101008786, 0.5495063948381709, 0.4733040920917866, 0.4534645685736378, 0.5132131267489335, 0.5474600565006548, 0.48050150491408716, 0.4251440753888034, 0.4751265461215377, 0.47581156722004847, 0.5244258085193311, 0.49556733887017, 0.5059245380650721, 0.5331090170884333, 0.5308712671704449, 0.475045714442627, 0.4975506688260327, 0.3978099321984047, 0.5073826073241736, 0.542473859171098, 0.4548298589874812, 0.47763531840752, 0.5084300133861905]}

Epsilon = 25.1437

{'loss': [2.266630210384342, 1.1381904074137243, 4.987630070514097, 2.012899451860699, 1.5365291417250884, 4.303111570807897, 5.8169752714501595, 5.131549842009049, 12.029601811517278, 10.904954794890438, 4.958626819458485, 1.9334966204332318, 6.203211939681767, 3.044651351746775, 10.838049362094791, 6.255641150605036, 8.91599174236924, 6.154427356130179, 5.885982802363464, 5.956994906143759, 4.604711806242871, 4.524768707806286, 8.31443478033011, 6.952466548966612, 5.1867968408286025], 'accuracy': [0.5019546520719312, 0.48866301798279904, 0.019546520719311962, 0.38702111024237684, 0.35418295543393274, 0.15480844409695074, 0.022673964034401875, 0.49726348709929635, 0.5003909304143862, 0.20172009382329945, 0.09304143862392494, 0.3752931978107897, 0.3502736512900704, 0.48866301798279904, 0.5003909304143862, 0.2869429241594996, 0.5003909304143862, 0.3518373729476153, 0.4573885848318999, 0.5003909304143862, 0.21735731039874903, 0.34714620797498047, 0.5003909304143862, 0.5003909304143862, 0.49726348709929635], 'auc': [0.509534264721046, 0.48640144101008786, 0.5495063948381709, 0.4733040920917866, 0.4534645685736378, 0.5132131267489335, 0.5474600565006548, 0.48050150491408716, 0.4251440753888034, 0.4751265461215377, 0.47581156722004847, 0.5244258085193311, 0.49556733887017, 0.5059245380650721, 0.5331090170884333, 0.5308712671704449, 0.475045714442627, 0.4975506688260327, 0.3978099321984047, 0.5073826073241736, 0.542473859171098, 0.4548298589874812, 0.47763531840752, 0.5084300133861905, 0.4684716017451849]}

Epsilon = 25.7495

{'loss': [2.266630210384342, 1.1381904074137243, 4.987630070514097, 2.012899451860699, 1.5365291417250884, 4.303111570807897, 5.8169752714501595, 5.131549842009049, 12.029601811517278, 10.904954794890438, 4.958626819458485, 1.9334966204332318, 6.203211939681767, 3.044651351746775, 10.838049362094791, 6.255641150605036, 8.91599174236924, 6.154427356130179, 5.885982802363464, 5.956994906143759, 4.604711806242871, 4.524768707806286, 8.31443478033011, 6.952466548966612, 5.1867968408286025, 13.368652411696498], 'accuracy': [0.5019546520719312, 0.48866301798279904, 0.019546520719311962, 0.38702111024237684, 0.35418295543393274, 0.15480844409695074, 0.022673964034401875, 0.49726348709929635, 0.5003909304143862, 0.20172009382329945, 0.09304143862392494, 0.3752931978107897, 0.3502736512900704, 0.48866301798279904, 0.5003909304143862, 0.2869429241594996, 0.5003909304143862, 0.3518373729476153, 0.4573885848318999, 0.5003909304143862, 0.21735731039874903, 0.34714620797498047, 0.5003909304143862, 0.5003909304143862, 0.49726348709929635, 0.5003909304143862], 'auc': [0.509534264721046, 0.48640144101008786, 0.5495063948381709, 0.4733040920917866, 0.4534645685736378, 0.5132131267489335, 0.5474600565006548, 0.48050150491408716, 0.4251440753888034, 0.4751265461215377, 0.47581156722004847, 0.5244258085193311, 0.49556733887017, 0.5059245380650721, 0.5331090170884333, 0.5308712671704449, 0.475045714442627, 0.4975506688260327, 0.3978099321984047, 0.5073826073241736, 0.542473859171098, 0.4548298589874812, 0.47763531840752, 0.5084300133861905, 0.4684716017451849, 0.5433884568979483]}

Epsilon = 26.3489
[92mINFO [0m:      Sent reply
02/06/2025 21:41:27:INFO:Sent reply
[92mINFO [0m:      
02/06/2025 21:42:13:INFO:
[92mINFO [0m:      Received: train message d0218b73-3135-4452-b4bb-9b51ba706f50
02/06/2025 21:42:13:INFO:Received: train message d0218b73-3135-4452-b4bb-9b51ba706f50
/home/dgxuser16/anaconda3/envs/ihpc/lib/python3.8/site-packages/torch/nn/modules/module.py:1640: FutureWarning: Using a non-full backward hook when the forward contains multiple autograd Nodes is deprecated and will be removed in future versions. This hook will be missing some grad_input. Please use register_full_backward_hook to get the documented behavior.
  self._maybe_warn_non_full_backward_hook(args, result, grad_fn)
[92mINFO [0m:      Sent reply
02/06/2025 21:42:38:INFO:Sent reply
[92mINFO [0m:      
02/06/2025 21:43:29:INFO:
[92mINFO [0m:      Received: evaluate message ef64d671-1b3e-48ba-9c36-ff3e212f2df0
02/06/2025 21:43:29:INFO:Received: evaluate message ef64d671-1b3e-48ba-9c36-ff3e212f2df0
[92mINFO [0m:      Sent reply
02/06/2025 21:43:44:INFO:Sent reply
[92mINFO [0m:      
02/06/2025 21:44:52:INFO:
[92mINFO [0m:      Received: train message 850168be-26b3-40b4-9188-8409bbb15168
02/06/2025 21:44:52:INFO:Received: train message 850168be-26b3-40b4-9188-8409bbb15168
/home/dgxuser16/anaconda3/envs/ihpc/lib/python3.8/site-packages/torch/nn/modules/module.py:1640: FutureWarning: Using a non-full backward hook when the forward contains multiple autograd Nodes is deprecated and will be removed in future versions. This hook will be missing some grad_input. Please use register_full_backward_hook to get the documented behavior.
  self._maybe_warn_non_full_backward_hook(args, result, grad_fn)
[92mINFO [0m:      Sent reply
02/06/2025 21:45:15:INFO:Sent reply
[92mINFO [0m:      
02/06/2025 21:46:08:INFO:
[92mINFO [0m:      Received: evaluate message 5cdbf1b7-3898-4616-a286-1929e44d786f
02/06/2025 21:46:08:INFO:Received: evaluate message 5cdbf1b7-3898-4616-a286-1929e44d786f
[92mINFO [0m:      Sent reply
02/06/2025 21:46:12:INFO:Sent reply
[92mINFO [0m:      
02/06/2025 21:47:10:INFO:
[92mINFO [0m:      Received: train message 10e991f3-135d-4362-942b-d5bff1ce9912
02/06/2025 21:47:10:INFO:Received: train message 10e991f3-135d-4362-942b-d5bff1ce9912
/home/dgxuser16/anaconda3/envs/ihpc/lib/python3.8/site-packages/torch/nn/modules/module.py:1640: FutureWarning: Using a non-full backward hook when the forward contains multiple autograd Nodes is deprecated and will be removed in future versions. This hook will be missing some grad_input. Please use register_full_backward_hook to get the documented behavior.
  self._maybe_warn_non_full_backward_hook(args, result, grad_fn)
[92mINFO [0m:      Sent reply
02/06/2025 21:47:28:INFO:Sent reply
[92mINFO [0m:      
02/06/2025 21:48:23:INFO:
[92mINFO [0m:      Received: evaluate message 7109b295-aeb2-4e8e-8619-756be04b2a1f
02/06/2025 21:48:23:INFO:Received: evaluate message 7109b295-aeb2-4e8e-8619-756be04b2a1f
[92mINFO [0m:      Sent reply
02/06/2025 21:48:29:INFO:Sent reply
[92mINFO [0m:      
02/06/2025 21:48:42:INFO:
[92mINFO [0m:      Received: reconnect message be40177f-c5ca-4a14-b402-69c581bc6087
02/06/2025 21:48:42:INFO:Received: reconnect message be40177f-c5ca-4a14-b402-69c581bc6087
02/06/2025 21:48:42:DEBUG:gRPC channel closed
[92mINFO [0m:      Disconnect and shut down
02/06/2025 21:48:42:INFO:Disconnect and shut down
