nohup: ignoring input
/home/dgxuser16/anaconda3/envs/ihpc/lib/python3.8/site-packages/opacus/privacy_engine.py:95: UserWarning: Secure RNG turned off. This is perfectly fine for experimentation as it allows for much faster training performance, but remember to turn it on and retrain one last time before production with ``secure_mode`` turned on.
  warnings.warn(
02/06/2025 20:29:08:WARNING:Ignoring drop_last as it is not compatible with DPDataLoader.
02/06/2025 20:29:08:DEBUG:Opened insecure gRPC connection (no certificates were passed)
02/06/2025 20:29:08:DEBUG:ChannelConnectivity.IDLE
02/06/2025 20:29:08:DEBUG:ChannelConnectivity.READY
[92mINFO [0m:      
02/06/2025 20:29:08:INFO:
[92mINFO [0m:      Received: get_parameters message fcf33c96-7efd-42a1-a087-a2f45bafb6ed
02/06/2025 20:29:08:INFO:Received: get_parameters message fcf33c96-7efd-42a1-a087-a2f45bafb6ed
WARNING: All log messages before absl::InitializeLog() is called are written to STDERR
I0000 00:00:1738902548.344402  932905 fork_posix.cc:75] Other threads are currently calling into gRPC, skipping fork() handlers
[92mINFO [0m:      Sent reply
02/06/2025 20:29:13:INFO:Sent reply
[92mINFO [0m:      
02/06/2025 20:29:49:INFO:
[92mINFO [0m:      Received: train message 8057c6d4-7fed-4b74-9a98-09090e7a060a
02/06/2025 20:29:49:INFO:Received: train message 8057c6d4-7fed-4b74-9a98-09090e7a060a
/home/dgxuser16/anaconda3/envs/ihpc/lib/python3.8/site-packages/torch/nn/modules/module.py:1640: FutureWarning: Using a non-full backward hook when the forward contains multiple autograd Nodes is deprecated and will be removed in future versions. This hook will be missing some grad_input. Please use register_full_backward_hook to get the documented behavior.
  self._maybe_warn_non_full_backward_hook(args, result, grad_fn)
[92mINFO [0m:      Sent reply
02/06/2025 20:30:18:INFO:Sent reply
[92mINFO [0m:      
02/06/2025 20:32:08:INFO:
[92mINFO [0m:      Received: evaluate message b2efa1ce-d363-450d-b835-a149eb989ed4
02/06/2025 20:32:08:INFO:Received: evaluate message b2efa1ce-d363-450d-b835-a149eb989ed4
[92mINFO [0m:      Sent reply
02/06/2025 20:32:13:INFO:Sent reply
[92mINFO [0m:      
02/06/2025 20:35:44:INFO:
[92mINFO [0m:      Received: train message 057e2ae0-d776-4967-b873-f6de90c46e65
02/06/2025 20:35:44:INFO:Received: train message 057e2ae0-d776-4967-b873-f6de90c46e65
/home/dgxuser16/anaconda3/envs/ihpc/lib/python3.8/site-packages/torch/nn/modules/module.py:1640: FutureWarning: Using a non-full backward hook when the forward contains multiple autograd Nodes is deprecated and will be removed in future versions. This hook will be missing some grad_input. Please use register_full_backward_hook to get the documented behavior.
  self._maybe_warn_non_full_backward_hook(args, result, grad_fn)
[92mINFO [0m:      Sent reply
02/06/2025 20:36:13:INFO:Sent reply
[92mINFO [0m:      
02/06/2025 20:36:55:INFO:
[92mINFO [0m:      Received: evaluate message 6f8fb1f9-bb45-4fe4-905f-a2b4a81957d7
02/06/2025 20:36:55:INFO:Received: evaluate message 6f8fb1f9-bb45-4fe4-905f-a2b4a81957d7
[92mINFO [0m:      Sent reply
02/06/2025 20:36:59:INFO:Sent reply
[92mINFO [0m:      
02/06/2025 20:37:46:INFO:
[92mINFO [0m:      Received: train message a9a2bf5a-a35d-498a-bb34-507e32396d78
02/06/2025 20:37:46:INFO:Received: train message a9a2bf5a-a35d-498a-bb34-507e32396d78
/home/dgxuser16/anaconda3/envs/ihpc/lib/python3.8/site-packages/torch/nn/modules/module.py:1640: FutureWarning: Using a non-full backward hook when the forward contains multiple autograd Nodes is deprecated and will be removed in future versions. This hook will be missing some grad_input. Please use register_full_backward_hook to get the documented behavior.
  self._maybe_warn_non_full_backward_hook(args, result, grad_fn)
[92mINFO [0m:      Sent reply
02/06/2025 20:38:13:INFO:Sent reply
[92mINFO [0m:      
02/06/2025 20:39:24:INFO:
[92mINFO [0m:      Received: evaluate message 5b535d69-381e-4c35-9072-34762eefa6f4
02/06/2025 20:39:24:INFO:Received: evaluate message 5b535d69-381e-4c35-9072-34762eefa6f4
[92mINFO [0m:      Sent reply
02/06/2025 20:39:37:INFO:Sent reply
[92mINFO [0m:      
02/06/2025 20:40:18:INFO:
[92mINFO [0m:      Received: train message 49606b37-e1f7-4472-9032-2c64c495febf
02/06/2025 20:40:18:INFO:Received: train message 49606b37-e1f7-4472-9032-2c64c495febf
/home/dgxuser16/anaconda3/envs/ihpc/lib/python3.8/site-packages/torch/nn/modules/module.py:1640: FutureWarning: Using a non-full backward hook when the forward contains multiple autograd Nodes is deprecated and will be removed in future versions. This hook will be missing some grad_input. Please use register_full_backward_hook to get the documented behavior.
  self._maybe_warn_non_full_backward_hook(args, result, grad_fn)
[92mINFO [0m:      Sent reply
02/06/2025 20:40:53:INFO:Sent reply
[92mINFO [0m:      
02/06/2025 20:41:53:INFO:
[92mINFO [0m:      Received: evaluate message dd8a556c-09cf-45d3-8174-b3348a028b90
02/06/2025 20:41:53:INFO:Received: evaluate message dd8a556c-09cf-45d3-8174-b3348a028b90
[92mINFO [0m:      Sent reply
02/06/2025 20:41:56:INFO:Sent reply
[92mINFO [0m:      
02/06/2025 20:42:33:INFO:
[92mINFO [0m:      Received: train message c95a7808-1fd1-474c-a663-2d73c4c0791e
02/06/2025 20:42:33:INFO:Received: train message c95a7808-1fd1-474c-a663-2d73c4c0791e
/home/dgxuser16/anaconda3/envs/ihpc/lib/python3.8/site-packages/torch/nn/modules/module.py:1640: FutureWarning: Using a non-full backward hook when the forward contains multiple autograd Nodes is deprecated and will be removed in future versions. This hook will be missing some grad_input. Please use register_full_backward_hook to get the documented behavior.
  self._maybe_warn_non_full_backward_hook(args, result, grad_fn)
[92mINFO [0m:      Sent reply
02/06/2025 20:43:08:INFO:Sent reply
[92mINFO [0m:      
02/06/2025 20:44:04:INFO:
[92mINFO [0m:      Received: evaluate message dba1f0aa-ce89-4ff7-8340-f23b1638165b
02/06/2025 20:44:04:INFO:Received: evaluate message dba1f0aa-ce89-4ff7-8340-f23b1638165b
[92mINFO [0m:      Sent reply
02/06/2025 20:44:08:INFO:Sent reply
[92mINFO [0m:      
02/06/2025 20:44:55:INFO:
[92mINFO [0m:      Received: train message 356cb9b1-73bc-4d7f-b44b-c81364967f43
02/06/2025 20:44:55:INFO:Received: train message 356cb9b1-73bc-4d7f-b44b-c81364967f43
/home/dgxuser16/anaconda3/envs/ihpc/lib/python3.8/site-packages/torch/nn/modules/module.py:1640: FutureWarning: Using a non-full backward hook when the forward contains multiple autograd Nodes is deprecated and will be removed in future versions. This hook will be missing some grad_input. Please use register_full_backward_hook to get the documented behavior.
  self._maybe_warn_non_full_backward_hook(args, result, grad_fn)
[92mINFO [0m:      Sent reply
02/06/2025 20:45:44:INFO:Sent reply
[92mINFO [0m:      
02/06/2025 20:46:41:INFO:
[92mINFO [0m:      Received: evaluate message d92a2736-bec4-48a7-9a85-5fb10806cdb9
02/06/2025 20:46:41:INFO:Received: evaluate message d92a2736-bec4-48a7-9a85-5fb10806cdb9
[92mINFO [0m:      Sent reply
02/06/2025 20:46:46:INFO:Sent reply
[92mINFO [0m:      
02/06/2025 20:47:41:INFO:
[92mINFO [0m:      Received: train message 61288b40-094d-4887-825d-190a3c1359a0
02/06/2025 20:47:41:INFO:Received: train message 61288b40-094d-4887-825d-190a3c1359a0
/home/dgxuser16/anaconda3/envs/ihpc/lib/python3.8/site-packages/torch/nn/modules/module.py:1640: FutureWarning: Using a non-full backward hook when the forward contains multiple autograd Nodes is deprecated and will be removed in future versions. This hook will be missing some grad_input. Please use register_full_backward_hook to get the documented behavior.
  self._maybe_warn_non_full_backward_hook(args, result, grad_fn)
[92mINFO [0m:      Sent reply
02/06/2025 20:48:15:INFO:Sent reply
[92mINFO [0m:      
02/06/2025 20:48:53:INFO:
[92mINFO [0m:      Received: evaluate message e7ac22e2-a458-4d0a-8856-38fa4f8fe26f
02/06/2025 20:48:53:INFO:Received: evaluate message e7ac22e2-a458-4d0a-8856-38fa4f8fe26f
[92mINFO [0m:      Sent reply
02/06/2025 20:48:56:INFO:Sent reply
[92mINFO [0m:      
02/06/2025 20:50:02:INFO:
[92mINFO [0m:      Received: train message 237efb8b-09c3-4a8e-80fa-611bca7b9a77
02/06/2025 20:50:02:INFO:Received: train message 237efb8b-09c3-4a8e-80fa-611bca7b9a77
/home/dgxuser16/anaconda3/envs/ihpc/lib/python3.8/site-packages/torch/nn/modules/module.py:1640: FutureWarning: Using a non-full backward hook when the forward contains multiple autograd Nodes is deprecated and will be removed in future versions. This hook will be missing some grad_input. Please use register_full_backward_hook to get the documented behavior.
  self._maybe_warn_non_full_backward_hook(args, result, grad_fn)
[92mINFO [0m:      Sent reply
02/06/2025 20:50:36:INFO:Sent reply
[92mINFO [0m:      
02/06/2025 20:51:53:INFO:
[92mINFO [0m:      Received: evaluate message b03e56a2-aabc-4b13-a8d5-34fecfb197aa
02/06/2025 20:51:53:INFO:Received: evaluate message b03e56a2-aabc-4b13-a8d5-34fecfb197aa
[92mINFO [0m:      Sent reply
02/06/2025 20:51:57:INFO:Sent reply
[92mINFO [0m:      
02/06/2025 20:52:28:INFO:
[92mINFO [0m:      Received: train message 9e7f698d-9946-4e60-9f5f-a1e69db01e80
02/06/2025 20:52:28:INFO:Received: train message 9e7f698d-9946-4e60-9f5f-a1e69db01e80
/home/dgxuser16/anaconda3/envs/ihpc/lib/python3.8/site-packages/torch/nn/modules/module.py:1640: FutureWarning: Using a non-full backward hook when the forward contains multiple autograd Nodes is deprecated and will be removed in future versions. This hook will be missing some grad_input. Please use register_full_backward_hook to get the documented behavior.
  self._maybe_warn_non_full_backward_hook(args, result, grad_fn)
[92mINFO [0m:      Sent reply
02/06/2025 20:52:59:INFO:Sent reply
[92mINFO [0m:      
02/06/2025 20:54:09:INFO:
[92mINFO [0m:      Received: evaluate message 4fb7a8a9-e0b6-4587-90e2-5840c4d9843f
02/06/2025 20:54:09:INFO:Received: evaluate message 4fb7a8a9-e0b6-4587-90e2-5840c4d9843f
[92mINFO [0m:      Sent reply
02/06/2025 20:54:13:INFO:Sent reply
[92mINFO [0m:      
02/06/2025 20:54:55:INFO:
[92mINFO [0m:      Received: train message 3895c47f-a88c-4bdf-bfeb-bae3c28510ad
02/06/2025 20:54:55:INFO:Received: train message 3895c47f-a88c-4bdf-bfeb-bae3c28510ad
/home/dgxuser16/anaconda3/envs/ihpc/lib/python3.8/site-packages/torch/nn/modules/module.py:1640: FutureWarning: Using a non-full backward hook when the forward contains multiple autograd Nodes is deprecated and will be removed in future versions. This hook will be missing some grad_input. Please use register_full_backward_hook to get the documented behavior.
  self._maybe_warn_non_full_backward_hook(args, result, grad_fn)
[92mINFO [0m:      Sent reply
02/06/2025 20:55:46:INFO:Sent reply
[92mINFO [0m:      
02/06/2025 20:56:39:INFO:
[92mINFO [0m:      Received: evaluate message 12a82da1-97ca-4f52-9862-598570bcf83b
02/06/2025 20:56:39:INFO:Received: evaluate message 12a82da1-97ca-4f52-9862-598570bcf83b
[92mINFO [0m:      Sent reply
02/06/2025 20:56:42:INFO:Sent reply
[92mINFO [0m:      
02/06/2025 20:57:28:INFO:
[92mINFO [0m:      Received: train message b6e8a8f0-dc59-4ac2-95d4-a3ac3e72a3d8
02/06/2025 20:57:28:INFO:Received: train message b6e8a8f0-dc59-4ac2-95d4-a3ac3e72a3d8
/home/dgxuser16/anaconda3/envs/ihpc/lib/python3.8/site-packages/torch/nn/modules/module.py:1640: FutureWarning: Using a non-full backward hook when the forward contains multiple autograd Nodes is deprecated and will be removed in future versions. This hook will be missing some grad_input. Please use register_full_backward_hook to get the documented behavior.
  self._maybe_warn_non_full_backward_hook(args, result, grad_fn)
[92mINFO [0m:      Sent reply
02/06/2025 20:57:59:INFO:Sent reply
[92mINFO [0m:      
02/06/2025 20:58:48:INFO:
[92mINFO [0m:      Received: evaluate message cc77ded3-5aa0-4bff-92e7-908b4a968985
02/06/2025 20:58:48:INFO:Received: evaluate message cc77ded3-5aa0-4bff-92e7-908b4a968985
[92mINFO [0m:      Sent reply
02/06/2025 20:58:53:INFO:Sent reply
[92mINFO [0m:      
02/06/2025 20:59:34:INFO:
[92mINFO [0m:      Received: train message 084ea906-d07e-4c2d-88b3-27c2cf1bdcae
02/06/2025 20:59:34:INFO:Received: train message 084ea906-d07e-4c2d-88b3-27c2cf1bdcae
/home/dgxuser16/anaconda3/envs/ihpc/lib/python3.8/site-packages/torch/nn/modules/module.py:1640: FutureWarning: Using a non-full backward hook when the forward contains multiple autograd Nodes is deprecated and will be removed in future versions. This hook will be missing some grad_input. Please use register_full_backward_hook to get the documented behavior.
  self._maybe_warn_non_full_backward_hook(args, result, grad_fn)
[92mINFO [0m:      Sent reply
02/06/2025 21:00:14:INFO:Sent reply
[92mINFO [0m:      
02/06/2025 21:01:02:INFO:
[92mINFO [0m:      Received: evaluate message 2d77344d-9829-46a3-8328-c3a0e4c652a2
02/06/2025 21:01:02:INFO:Received: evaluate message 2d77344d-9829-46a3-8328-c3a0e4c652a2
[92mINFO [0m:      Sent reply
02/06/2025 21:01:12:INFO:Sent reply
[92mINFO [0m:      
02/06/2025 21:02:02:INFO:
[92mINFO [0m:      Received: train message c3521efa-f323-4e8c-8d93-4cf4b78bde02
02/06/2025 21:02:02:INFO:Received: train message c3521efa-f323-4e8c-8d93-4cf4b78bde02
/home/dgxuser16/anaconda3/envs/ihpc/lib/python3.8/site-packages/torch/nn/modules/module.py:1640: FutureWarning: Using a non-full backward hook when the forward contains multiple autograd Nodes is deprecated and will be removed in future versions. This hook will be missing some grad_input. Please use register_full_backward_hook to get the documented behavior.
  self._maybe_warn_non_full_backward_hook(args, result, grad_fn)
[92mINFO [0m:      Sent reply
02/06/2025 21:02:39:INFO:Sent reply
[92mINFO [0m:      
02/06/2025 21:03:35:INFO:
[92mINFO [0m:      Received: evaluate message 4916f62a-1f5e-4e40-a92e-77ca10f63936
02/06/2025 21:03:35:INFO:Received: evaluate message 4916f62a-1f5e-4e40-a92e-77ca10f63936
[92mINFO [0m:      Sent reply
02/06/2025 21:03:40:INFO:Sent reply
[92mINFO [0m:      
02/06/2025 21:04:40:INFO:
[92mINFO [0m:      Received: train message 37c4ae1a-b49f-45c0-b653-68b5e9b63b82
02/06/2025 21:04:40:INFO:Received: train message 37c4ae1a-b49f-45c0-b653-68b5e9b63b82
/home/dgxuser16/anaconda3/envs/ihpc/lib/python3.8/site-packages/torch/nn/modules/module.py:1640: FutureWarning: Using a non-full backward hook when the forward contains multiple autograd Nodes is deprecated and will be removed in future versions. This hook will be missing some grad_input. Please use register_full_backward_hook to get the documented behavior.
  self._maybe_warn_non_full_backward_hook(args, result, grad_fn)
[92mINFO [0m:      Sent reply
02/06/2025 21:05:21:INFO:Sent reply
[92mINFO [0m:      
02/06/2025 21:06:22:INFO:
[92mINFO [0m:      Received: evaluate message 314eb691-4e4e-4f91-9bff-bcc1879ded2b
02/06/2025 21:06:22:INFO:Received: evaluate message 314eb691-4e4e-4f91-9bff-bcc1879ded2b
[92mINFO [0m:      Sent reply
02/06/2025 21:06:27:INFO:Sent reply
[92mINFO [0m:      
02/06/2025 21:07:53:INFO:
[92mINFO [0m:      Received: train message adb65581-5d66-4352-9ccd-03e0656d27c3
02/06/2025 21:07:53:INFO:Received: train message adb65581-5d66-4352-9ccd-03e0656d27c3
/home/dgxuser16/anaconda3/envs/ihpc/lib/python3.8/site-packages/torch/nn/modules/module.py:1640: FutureWarning: Using a non-full backward hook when the forward contains multiple autograd Nodes is deprecated and will be removed in future versions. This hook will be missing some grad_input. Please use register_full_backward_hook to get the documented behavior.
  self._maybe_warn_non_full_backward_hook(args, result, grad_fn)
[92mINFO [0m:      Sent reply
02/06/2025 21:08:26:INFO:Sent reply
[92mINFO [0m:      
02/06/2025 21:09:29:INFO:
[92mINFO [0m:      Received: evaluate message f1a8ed50-99e8-4a1d-ad49-b5e94ba3d641
02/06/2025 21:09:29:INFO:Received: evaluate message f1a8ed50-99e8-4a1d-ad49-b5e94ba3d641
Device: cuda:0
Params: {'batch_size': 32, 'local_epochs': 3, 'full_dataset_size': 6400, 'number_of_classes': 4}
Privacy Params: {'target_delta': 1e-05, 'noise_multiplier': 0.43, 'max_grad_norm': 1.0}
Epsilon = 17.0674

{'loss': [1.5848958218256135], 'accuracy': [0.3502736512900704], 'auc': [0.45007280552804846]}

Epsilon = 22.3470

{'loss': [1.5848958218256135, 3.052960181674331], 'accuracy': [0.3502736512900704, 0.3502736512900704], 'auc': [0.45007280552804846, 0.487794968297678]}

Epsilon = 26.6653

{'loss': [1.5848958218256135, 3.052960181674331, 2.636795547625532], 'accuracy': [0.3502736512900704, 0.3502736512900704, 0.009382329945269743], 'auc': [0.45007280552804846, 0.487794968297678, 0.5303696558447788]}

Epsilon = 30.4966

{'loss': [1.5848958218256135, 3.052960181674331, 2.636795547625532, 2.3320311129885414], 'accuracy': [0.3502736512900704, 0.3502736512900704, 0.009382329945269743, 0.13995308835027365], 'auc': [0.45007280552804846, 0.487794968297678, 0.5303696558447788, 0.4940842718943664]}

Epsilon = 34.0201

{'loss': [1.5848958218256135, 3.052960181674331, 2.636795547625532, 2.3320311129885414, 1.256409228453886], 'accuracy': [0.3502736512900704, 0.3502736512900704, 0.009382329945269743, 0.13995308835027365, 0.49335418295543393], 'auc': [0.45007280552804846, 0.487794968297678, 0.5303696558447788, 0.4940842718943664, 0.4807432361287784]}

Epsilon = 37.3264

{'loss': [1.5848958218256135, 3.052960181674331, 2.636795547625532, 2.3320311129885414, 1.256409228453886, 1.2703620949883867], 'accuracy': [0.3502736512900704, 0.3502736512900704, 0.009382329945269743, 0.13995308835027365, 0.49335418295543393, 0.35496481626270526], 'auc': [0.45007280552804846, 0.487794968297678, 0.5303696558447788, 0.4940842718943664, 0.4807432361287784, 0.42087937365679856]}

Epsilon = 40.4688

{'loss': [1.5848958218256135, 3.052960181674331, 2.636795547625532, 2.3320311129885414, 1.256409228453886, 1.2703620949883867, 1.5770248149501989], 'accuracy': [0.3502736512900704, 0.3502736512900704, 0.009382329945269743, 0.13995308835027365, 0.49335418295543393, 0.35496481626270526, 0.1931196247068022], 'auc': [0.45007280552804846, 0.487794968297678, 0.5303696558447788, 0.4940842718943664, 0.4807432361287784, 0.42087937365679856, 0.5384886435855296]}

Epsilon = 43.4818

{'loss': [1.5848958218256135, 3.052960181674331, 2.636795547625532, 2.3320311129885414, 1.256409228453886, 1.2703620949883867, 1.5770248149501989, 2.199536394010399], 'accuracy': [0.3502736512900704, 0.3502736512900704, 0.009382329945269743, 0.13995308835027365, 0.49335418295543393, 0.35496481626270526, 0.1931196247068022, 0.43080531665363564], 'auc': [0.45007280552804846, 0.487794968297678, 0.5303696558447788, 0.4940842718943664, 0.4807432361287784, 0.42087937365679856, 0.5384886435855296, 0.46384857619469666]}

Epsilon = 46.3895

{'loss': [1.5848958218256135, 3.052960181674331, 2.636795547625532, 2.3320311129885414, 1.256409228453886, 1.2703620949883867, 1.5770248149501989, 2.199536394010399, 2.0206187780337745], 'accuracy': [0.3502736512900704, 0.3502736512900704, 0.009382329945269743, 0.13995308835027365, 0.49335418295543393, 0.35496481626270526, 0.1931196247068022, 0.43080531665363564, 0.35105551211884284], 'auc': [0.45007280552804846, 0.487794968297678, 0.5303696558447788, 0.4940842718943664, 0.4807432361287784, 0.42087937365679856, 0.5384886435855296, 0.46384857619469666, 0.4998825548358853]}

Epsilon = 49.2090

{'loss': [1.5848958218256135, 3.052960181674331, 2.636795547625532, 2.3320311129885414, 1.256409228453886, 1.2703620949883867, 1.5770248149501989, 2.199536394010399, 2.0206187780337745, 2.6005978579629296], 'accuracy': [0.3502736512900704, 0.3502736512900704, 0.009382329945269743, 0.13995308835027365, 0.49335418295543393, 0.35496481626270526, 0.1931196247068022, 0.43080531665363564, 0.35105551211884284, 0.5003909304143862], 'auc': [0.45007280552804846, 0.487794968297678, 0.5303696558447788, 0.4940842718943664, 0.4807432361287784, 0.42087937365679856, 0.5384886435855296, 0.46384857619469666, 0.4998825548358853, 0.5497602820819167]}

Epsilon = 51.9535

{'loss': [1.5848958218256135, 3.052960181674331, 2.636795547625532, 2.3320311129885414, 1.256409228453886, 1.2703620949883867, 1.5770248149501989, 2.199536394010399, 2.0206187780337745, 2.6005978579629296, 1.921200066129149], 'accuracy': [0.3502736512900704, 0.3502736512900704, 0.009382329945269743, 0.13995308835027365, 0.49335418295543393, 0.35496481626270526, 0.1931196247068022, 0.43080531665363564, 0.35105551211884284, 0.5003909304143862, 0.4519155590304926], 'auc': [0.45007280552804846, 0.487794968297678, 0.5303696558447788, 0.4940842718943664, 0.4807432361287784, 0.42087937365679856, 0.5384886435855296, 0.46384857619469666, 0.4998825548358853, 0.5497602820819167, 0.4986833551229624]}

Epsilon = 54.6330

{'loss': [1.5848958218256135, 3.052960181674331, 2.636795547625532, 2.3320311129885414, 1.256409228453886, 1.2703620949883867, 1.5770248149501989, 2.199536394010399, 2.0206187780337745, 2.6005978579629296, 1.921200066129149, 1.7559570302433851], 'accuracy': [0.3502736512900704, 0.3502736512900704, 0.009382329945269743, 0.13995308835027365, 0.49335418295543393, 0.35496481626270526, 0.1931196247068022, 0.43080531665363564, 0.35105551211884284, 0.5003909304143862, 0.4519155590304926, 0.5019546520719312], 'auc': [0.45007280552804846, 0.487794968297678, 0.5303696558447788, 0.4940842718943664, 0.4807432361287784, 0.42087937365679856, 0.5384886435855296, 0.46384857619469666, 0.4998825548358853, 0.5497602820819167, 0.4986833551229624, 0.5133162987418364]}

Epsilon = 57.2555

{'loss': [1.5848958218256135, 3.052960181674331, 2.636795547625532, 2.3320311129885414, 1.256409228453886, 1.2703620949883867, 1.5770248149501989, 2.199536394010399, 2.0206187780337745, 2.6005978579629296, 1.921200066129149, 1.7559570302433851, 2.212561376585077], 'accuracy': [0.3502736512900704, 0.3502736512900704, 0.009382329945269743, 0.13995308835027365, 0.49335418295543393, 0.35496481626270526, 0.1931196247068022, 0.43080531665363564, 0.35105551211884284, 0.5003909304143862, 0.4519155590304926, 0.5019546520719312, 0.2986708365910868], 'auc': [0.45007280552804846, 0.487794968297678, 0.5303696558447788, 0.4940842718943664, 0.4807432361287784, 0.42087937365679856, 0.5384886435855296, 0.46384857619469666, 0.4998825548358853, 0.5497602820819167, 0.4986833551229624, 0.5133162987418364, 0.522743119471727]}

Epsilon = 59.8277

{'loss': [1.5848958218256135, 3.052960181674331, 2.636795547625532, 2.3320311129885414, 1.256409228453886, 1.2703620949883867, 1.5770248149501989, 2.199536394010399, 2.0206187780337745, 2.6005978579629296, 1.921200066129149, 1.7559570302433851, 2.212561376585077, 3.3298895956949854], 'accuracy': [0.3502736512900704, 0.3502736512900704, 0.009382329945269743, 0.13995308835027365, 0.49335418295543393, 0.35496481626270526, 0.1931196247068022, 0.43080531665363564, 0.35105551211884284, 0.5003909304143862, 0.4519155590304926, 0.5019546520719312, 0.2986708365910868, 0.5019546520719312], 'auc': [0.45007280552804846, 0.487794968297678, 0.5303696558447788, 0.4940842718943664, 0.4807432361287784, 0.42087937365679856, 0.5384886435855296, 0.46384857619469666, 0.4998825548358853, 0.5497602820819167, 0.4986833551229624, 0.5133162987418364, 0.522743119471727, 0.5104704623173728]}

Epsilon = 62.3548
[92mINFO [0m:      Sent reply
02/06/2025 21:09:33:INFO:Sent reply
[92mINFO [0m:      
02/06/2025 21:10:14:INFO:
[92mINFO [0m:      Received: train message e709c1ad-ea45-4738-8a3c-bad48a240200
02/06/2025 21:10:14:INFO:Received: train message e709c1ad-ea45-4738-8a3c-bad48a240200
/home/dgxuser16/anaconda3/envs/ihpc/lib/python3.8/site-packages/torch/nn/modules/module.py:1640: FutureWarning: Using a non-full backward hook when the forward contains multiple autograd Nodes is deprecated and will be removed in future versions. This hook will be missing some grad_input. Please use register_full_backward_hook to get the documented behavior.
  self._maybe_warn_non_full_backward_hook(args, result, grad_fn)
[92mINFO [0m:      Sent reply
02/06/2025 21:11:50:INFO:Sent reply
[92mINFO [0m:      
02/06/2025 21:12:47:INFO:
[92mINFO [0m:      Received: evaluate message d17a8810-ee1d-421d-9ccd-256f887daafb
02/06/2025 21:12:47:INFO:Received: evaluate message d17a8810-ee1d-421d-9ccd-256f887daafb
[92mINFO [0m:      Sent reply
02/06/2025 21:12:51:INFO:Sent reply
[92mINFO [0m:      
02/06/2025 21:13:42:INFO:
[92mINFO [0m:      Received: train message b0a6186d-bcc4-41e7-a329-8f12872e29a1
02/06/2025 21:13:42:INFO:Received: train message b0a6186d-bcc4-41e7-a329-8f12872e29a1
/home/dgxuser16/anaconda3/envs/ihpc/lib/python3.8/site-packages/torch/nn/modules/module.py:1640: FutureWarning: Using a non-full backward hook when the forward contains multiple autograd Nodes is deprecated and will be removed in future versions. This hook will be missing some grad_input. Please use register_full_backward_hook to get the documented behavior.
  self._maybe_warn_non_full_backward_hook(args, result, grad_fn)
[92mINFO [0m:      Sent reply
02/06/2025 21:14:15:INFO:Sent reply
[92mINFO [0m:      
02/06/2025 21:14:47:INFO:
[92mINFO [0m:      Received: evaluate message 1d823fff-ed02-4579-b606-46b8cb14d26e
02/06/2025 21:14:47:INFO:Received: evaluate message 1d823fff-ed02-4579-b606-46b8cb14d26e
[92mINFO [0m:      Sent reply
02/06/2025 21:14:51:INFO:Sent reply
[92mINFO [0m:      
02/06/2025 21:15:23:INFO:
[92mINFO [0m:      Received: train message 0e4b2de4-60f4-4543-8e5b-69dc38a4bfe0
02/06/2025 21:15:23:INFO:Received: train message 0e4b2de4-60f4-4543-8e5b-69dc38a4bfe0
/home/dgxuser16/anaconda3/envs/ihpc/lib/python3.8/site-packages/torch/nn/modules/module.py:1640: FutureWarning: Using a non-full backward hook when the forward contains multiple autograd Nodes is deprecated and will be removed in future versions. This hook will be missing some grad_input. Please use register_full_backward_hook to get the documented behavior.
  self._maybe_warn_non_full_backward_hook(args, result, grad_fn)
[92mINFO [0m:      Sent reply
02/06/2025 21:16:03:INFO:Sent reply
[92mINFO [0m:      
02/06/2025 21:17:17:INFO:
[92mINFO [0m:      Received: evaluate message 2b18d873-fa87-4714-b738-8305b4b5f5ef
02/06/2025 21:17:17:INFO:Received: evaluate message 2b18d873-fa87-4714-b738-8305b4b5f5ef
[92mINFO [0m:      Sent reply
02/06/2025 21:17:20:INFO:Sent reply
[92mINFO [0m:      
02/06/2025 21:18:20:INFO:
[92mINFO [0m:      Received: train message 71517c35-8878-4efe-b49c-47eade880f4a
02/06/2025 21:18:20:INFO:Received: train message 71517c35-8878-4efe-b49c-47eade880f4a
/home/dgxuser16/anaconda3/envs/ihpc/lib/python3.8/site-packages/torch/nn/modules/module.py:1640: FutureWarning: Using a non-full backward hook when the forward contains multiple autograd Nodes is deprecated and will be removed in future versions. This hook will be missing some grad_input. Please use register_full_backward_hook to get the documented behavior.
  self._maybe_warn_non_full_backward_hook(args, result, grad_fn)
[92mINFO [0m:      Sent reply
02/06/2025 21:18:51:INFO:Sent reply
[92mINFO [0m:      
02/06/2025 21:19:33:INFO:
[92mINFO [0m:      Received: evaluate message daff91be-1d09-4be8-8959-b6d21ef8d5e2
02/06/2025 21:19:33:INFO:Received: evaluate message daff91be-1d09-4be8-8959-b6d21ef8d5e2
[92mINFO [0m:      Sent reply
02/06/2025 21:19:38:INFO:Sent reply
[92mINFO [0m:      
02/06/2025 21:20:30:INFO:
[92mINFO [0m:      Received: train message fb382b95-3b5f-4092-b7b3-9b916cc0c766
02/06/2025 21:20:30:INFO:Received: train message fb382b95-3b5f-4092-b7b3-9b916cc0c766
/home/dgxuser16/anaconda3/envs/ihpc/lib/python3.8/site-packages/torch/nn/modules/module.py:1640: FutureWarning: Using a non-full backward hook when the forward contains multiple autograd Nodes is deprecated and will be removed in future versions. This hook will be missing some grad_input. Please use register_full_backward_hook to get the documented behavior.
  self._maybe_warn_non_full_backward_hook(args, result, grad_fn)
[92mINFO [0m:      Sent reply
02/06/2025 21:21:00:INFO:Sent reply
[92mINFO [0m:      
02/06/2025 21:21:56:INFO:
[92mINFO [0m:      Received: evaluate message 9971ad3b-4cc6-4834-932a-a41caab0e87f
02/06/2025 21:21:56:INFO:Received: evaluate message 9971ad3b-4cc6-4834-932a-a41caab0e87f
[92mINFO [0m:      Sent reply
02/06/2025 21:22:10:INFO:Sent reply
[92mINFO [0m:      
02/06/2025 21:22:48:INFO:
[92mINFO [0m:      Received: train message 8f3b80aa-6223-4ce2-8df2-60f1e9a6b086
02/06/2025 21:22:48:INFO:Received: train message 8f3b80aa-6223-4ce2-8df2-60f1e9a6b086
/home/dgxuser16/anaconda3/envs/ihpc/lib/python3.8/site-packages/torch/nn/modules/module.py:1640: FutureWarning: Using a non-full backward hook when the forward contains multiple autograd Nodes is deprecated and will be removed in future versions. This hook will be missing some grad_input. Please use register_full_backward_hook to get the documented behavior.
  self._maybe_warn_non_full_backward_hook(args, result, grad_fn)
[92mINFO [0m:      Sent reply
02/06/2025 21:23:19:INFO:Sent reply
[92mINFO [0m:      
02/06/2025 21:23:58:INFO:
[92mINFO [0m:      Received: evaluate message acd35249-24f0-4bc0-b823-6fe1cb7e247c
02/06/2025 21:23:58:INFO:Received: evaluate message acd35249-24f0-4bc0-b823-6fe1cb7e247c
[92mINFO [0m:      Sent reply
02/06/2025 21:24:02:INFO:Sent reply
[92mINFO [0m:      
02/06/2025 21:24:41:INFO:
[92mINFO [0m:      Received: train message e70c38dd-a508-400b-87ef-91708ebb79cd
02/06/2025 21:24:41:INFO:Received: train message e70c38dd-a508-400b-87ef-91708ebb79cd
/home/dgxuser16/anaconda3/envs/ihpc/lib/python3.8/site-packages/torch/nn/modules/module.py:1640: FutureWarning: Using a non-full backward hook when the forward contains multiple autograd Nodes is deprecated and will be removed in future versions. This hook will be missing some grad_input. Please use register_full_backward_hook to get the documented behavior.
  self._maybe_warn_non_full_backward_hook(args, result, grad_fn)
[92mINFO [0m:      Sent reply
02/06/2025 21:25:43:INFO:Sent reply
[92mINFO [0m:      
02/06/2025 21:26:21:INFO:
[92mINFO [0m:      Received: evaluate message 71e105e5-9e09-45d4-8998-d7c7bbbc5336
02/06/2025 21:26:22:INFO:Received: evaluate message 71e105e5-9e09-45d4-8998-d7c7bbbc5336

{'loss': [1.5848958218256135, 3.052960181674331, 2.636795547625532, 2.3320311129885414, 1.256409228453886, 1.2703620949883867, 1.5770248149501989, 2.199536394010399, 2.0206187780337745, 2.6005978579629296, 1.921200066129149, 1.7559570302433851, 2.212561376585077, 3.3298895956949854, 1.7107261866447607], 'accuracy': [0.3502736512900704, 0.3502736512900704, 0.009382329945269743, 0.13995308835027365, 0.49335418295543393, 0.35496481626270526, 0.1931196247068022, 0.43080531665363564, 0.35105551211884284, 0.5003909304143862, 0.4519155590304926, 0.5019546520719312, 0.2986708365910868, 0.5019546520719312, 0.3815480844409695], 'auc': [0.45007280552804846, 0.487794968297678, 0.5303696558447788, 0.4940842718943664, 0.4807432361287784, 0.42087937365679856, 0.5384886435855296, 0.46384857619469666, 0.4998825548358853, 0.5497602820819167, 0.4986833551229624, 0.5133162987418364, 0.522743119471727, 0.5104704623173728, 0.5523306473319515]}

Epsilon = 64.8413

{'loss': [1.5848958218256135, 3.052960181674331, 2.636795547625532, 2.3320311129885414, 1.256409228453886, 1.2703620949883867, 1.5770248149501989, 2.199536394010399, 2.0206187780337745, 2.6005978579629296, 1.921200066129149, 1.7559570302433851, 2.212561376585077, 3.3298895956949854, 1.7107261866447607, 1.399545638378567], 'accuracy': [0.3502736512900704, 0.3502736512900704, 0.009382329945269743, 0.13995308835027365, 0.49335418295543393, 0.35496481626270526, 0.1931196247068022, 0.43080531665363564, 0.35105551211884284, 0.5003909304143862, 0.4519155590304926, 0.5019546520719312, 0.2986708365910868, 0.5019546520719312, 0.3815480844409695, 0.42689601250977327], 'auc': [0.45007280552804846, 0.487794968297678, 0.5303696558447788, 0.4940842718943664, 0.4807432361287784, 0.42087937365679856, 0.5384886435855296, 0.46384857619469666, 0.4998825548358853, 0.5497602820819167, 0.4986833551229624, 0.5133162987418364, 0.522743119471727, 0.5104704623173728, 0.5523306473319515, 0.4456539101824273]}

Epsilon = 67.2909

{'loss': [1.5848958218256135, 3.052960181674331, 2.636795547625532, 2.3320311129885414, 1.256409228453886, 1.2703620949883867, 1.5770248149501989, 2.199536394010399, 2.0206187780337745, 2.6005978579629296, 1.921200066129149, 1.7559570302433851, 2.212561376585077, 3.3298895956949854, 1.7107261866447607, 1.399545638378567, 2.2823474361758573], 'accuracy': [0.3502736512900704, 0.3502736512900704, 0.009382329945269743, 0.13995308835027365, 0.49335418295543393, 0.35496481626270526, 0.1931196247068022, 0.43080531665363564, 0.35105551211884284, 0.5003909304143862, 0.4519155590304926, 0.5019546520719312, 0.2986708365910868, 0.5019546520719312, 0.3815480844409695, 0.42689601250977327, 0.3502736512900704], 'auc': [0.45007280552804846, 0.487794968297678, 0.5303696558447788, 0.4940842718943664, 0.4807432361287784, 0.42087937365679856, 0.5384886435855296, 0.46384857619469666, 0.4998825548358853, 0.5497602820819167, 0.4986833551229624, 0.5133162987418364, 0.522743119471727, 0.5104704623173728, 0.5523306473319515, 0.4456539101824273, 0.500988853222891]}

Epsilon = 69.7069

{'loss': [1.5848958218256135, 3.052960181674331, 2.636795547625532, 2.3320311129885414, 1.256409228453886, 1.2703620949883867, 1.5770248149501989, 2.199536394010399, 2.0206187780337745, 2.6005978579629296, 1.921200066129149, 1.7559570302433851, 2.212561376585077, 3.3298895956949854, 1.7107261866447607, 1.399545638378567, 2.2823474361758573, 1.7574041546835761], 'accuracy': [0.3502736512900704, 0.3502736512900704, 0.009382329945269743, 0.13995308835027365, 0.49335418295543393, 0.35496481626270526, 0.1931196247068022, 0.43080531665363564, 0.35105551211884284, 0.5003909304143862, 0.4519155590304926, 0.5019546520719312, 0.2986708365910868, 0.5019546520719312, 0.3815480844409695, 0.42689601250977327, 0.3502736512900704, 0.44878811571540267], 'auc': [0.45007280552804846, 0.487794968297678, 0.5303696558447788, 0.4940842718943664, 0.4807432361287784, 0.42087937365679856, 0.5384886435855296, 0.46384857619469666, 0.4998825548358853, 0.5497602820819167, 0.4986833551229624, 0.5133162987418364, 0.522743119471727, 0.5104704623173728, 0.5523306473319515, 0.4456539101824273, 0.500988853222891, 0.44129030689496795]}

Epsilon = 72.0922

{'loss': [1.5848958218256135, 3.052960181674331, 2.636795547625532, 2.3320311129885414, 1.256409228453886, 1.2703620949883867, 1.5770248149501989, 2.199536394010399, 2.0206187780337745, 2.6005978579629296, 1.921200066129149, 1.7559570302433851, 2.212561376585077, 3.3298895956949854, 1.7107261866447607, 1.399545638378567, 2.2823474361758573, 1.7574041546835761, 9.04715160113862], 'accuracy': [0.3502736512900704, 0.3502736512900704, 0.009382329945269743, 0.13995308835027365, 0.49335418295543393, 0.35496481626270526, 0.1931196247068022, 0.43080531665363564, 0.35105551211884284, 0.5003909304143862, 0.4519155590304926, 0.5019546520719312, 0.2986708365910868, 0.5019546520719312, 0.3815480844409695, 0.42689601250977327, 0.3502736512900704, 0.44878811571540267, 0.13995308835027365], 'auc': [0.45007280552804846, 0.487794968297678, 0.5303696558447788, 0.4940842718943664, 0.4807432361287784, 0.42087937365679856, 0.5384886435855296, 0.46384857619469666, 0.4998825548358853, 0.5497602820819167, 0.4986833551229624, 0.5133162987418364, 0.522743119471727, 0.5104704623173728, 0.5523306473319515, 0.4456539101824273, 0.500988853222891, 0.44129030689496795, 0.42599072757868506]}

Epsilon = 74.4489

{'loss': [1.5848958218256135, 3.052960181674331, 2.636795547625532, 2.3320311129885414, 1.256409228453886, 1.2703620949883867, 1.5770248149501989, 2.199536394010399, 2.0206187780337745, 2.6005978579629296, 1.921200066129149, 1.7559570302433851, 2.212561376585077, 3.3298895956949854, 1.7107261866447607, 1.399545638378567, 2.2823474361758573, 1.7574041546835761, 9.04715160113862, 3.7949769765566788], 'accuracy': [0.3502736512900704, 0.3502736512900704, 0.009382329945269743, 0.13995308835027365, 0.49335418295543393, 0.35496481626270526, 0.1931196247068022, 0.43080531665363564, 0.35105551211884284, 0.5003909304143862, 0.4519155590304926, 0.5019546520719312, 0.2986708365910868, 0.5019546520719312, 0.3815480844409695, 0.42689601250977327, 0.3502736512900704, 0.44878811571540267, 0.13995308835027365, 0.3502736512900704], 'auc': [0.45007280552804846, 0.487794968297678, 0.5303696558447788, 0.4940842718943664, 0.4807432361287784, 0.42087937365679856, 0.5384886435855296, 0.46384857619469666, 0.4998825548358853, 0.5497602820819167, 0.4986833551229624, 0.5133162987418364, 0.522743119471727, 0.5104704623173728, 0.5523306473319515, 0.4456539101824273, 0.500988853222891, 0.44129030689496795, 0.42599072757868506, 0.4697771349548848]}

Epsilon = 76.7794

{'loss': [1.5848958218256135, 3.052960181674331, 2.636795547625532, 2.3320311129885414, 1.256409228453886, 1.2703620949883867, 1.5770248149501989, 2.199536394010399, 2.0206187780337745, 2.6005978579629296, 1.921200066129149, 1.7559570302433851, 2.212561376585077, 3.3298895956949854, 1.7107261866447607, 1.399545638378567, 2.2823474361758573, 1.7574041546835761, 9.04715160113862, 3.7949769765566788, 3.8757259960841908], 'accuracy': [0.3502736512900704, 0.3502736512900704, 0.009382329945269743, 0.13995308835027365, 0.49335418295543393, 0.35496481626270526, 0.1931196247068022, 0.43080531665363564, 0.35105551211884284, 0.5003909304143862, 0.4519155590304926, 0.5019546520719312, 0.2986708365910868, 0.5019546520719312, 0.3815480844409695, 0.42689601250977327, 0.3502736512900704, 0.44878811571540267, 0.13995308835027365, 0.3502736512900704, 0.49726348709929635], 'auc': [0.45007280552804846, 0.487794968297678, 0.5303696558447788, 0.4940842718943664, 0.4807432361287784, 0.42087937365679856, 0.5384886435855296, 0.46384857619469666, 0.4998825548358853, 0.5497602820819167, 0.4986833551229624, 0.5133162987418364, 0.522743119471727, 0.5104704623173728, 0.5523306473319515, 0.4456539101824273, 0.500988853222891, 0.44129030689496795, 0.42599072757868506, 0.4697771349548848, 0.5884794686263126]}

Epsilon = 79.0854
[92mINFO [0m:      Sent reply
02/06/2025 21:26:30:INFO:Sent reply
[92mINFO [0m:      
02/06/2025 21:27:23:INFO:
[92mINFO [0m:      Received: train message fd506bcb-ea01-489e-9746-f7621b0295f7
02/06/2025 21:27:23:INFO:Received: train message fd506bcb-ea01-489e-9746-f7621b0295f7
/home/dgxuser16/anaconda3/envs/ihpc/lib/python3.8/site-packages/torch/nn/modules/module.py:1640: FutureWarning: Using a non-full backward hook when the forward contains multiple autograd Nodes is deprecated and will be removed in future versions. This hook will be missing some grad_input. Please use register_full_backward_hook to get the documented behavior.
  self._maybe_warn_non_full_backward_hook(args, result, grad_fn)
[92mINFO [0m:      Sent reply
02/06/2025 21:27:58:INFO:Sent reply
[92mINFO [0m:      
02/06/2025 21:28:44:INFO:
[92mINFO [0m:      Received: evaluate message 10af8bf8-e6b7-499a-9cf2-10d88e67408b
02/06/2025 21:28:44:INFO:Received: evaluate message 10af8bf8-e6b7-499a-9cf2-10d88e67408b
[92mINFO [0m:      Sent reply
02/06/2025 21:28:50:INFO:Sent reply
[92mINFO [0m:      
02/06/2025 21:29:41:INFO:
[92mINFO [0m:      Received: train message 676d5802-a137-4d07-b590-5448f0576504
02/06/2025 21:29:41:INFO:Received: train message 676d5802-a137-4d07-b590-5448f0576504
/home/dgxuser16/anaconda3/envs/ihpc/lib/python3.8/site-packages/torch/nn/modules/module.py:1640: FutureWarning: Using a non-full backward hook when the forward contains multiple autograd Nodes is deprecated and will be removed in future versions. This hook will be missing some grad_input. Please use register_full_backward_hook to get the documented behavior.
  self._maybe_warn_non_full_backward_hook(args, result, grad_fn)
[92mINFO [0m:      Sent reply
02/06/2025 21:31:59:INFO:Sent reply
[92mINFO [0m:      
02/06/2025 21:33:44:INFO:
[92mINFO [0m:      Received: evaluate message 5d22d298-5d48-4980-b070-da81470fc1ef
02/06/2025 21:33:44:INFO:Received: evaluate message 5d22d298-5d48-4980-b070-da81470fc1ef
[92mINFO [0m:      Sent reply
02/06/2025 21:33:49:INFO:Sent reply
[92mINFO [0m:      
02/06/2025 21:36:20:INFO:
[92mINFO [0m:      Received: train message d558725d-0341-432e-af04-ed18cee3e10a
02/06/2025 21:36:20:INFO:Received: train message d558725d-0341-432e-af04-ed18cee3e10a
/home/dgxuser16/anaconda3/envs/ihpc/lib/python3.8/site-packages/torch/nn/modules/module.py:1640: FutureWarning: Using a non-full backward hook when the forward contains multiple autograd Nodes is deprecated and will be removed in future versions. This hook will be missing some grad_input. Please use register_full_backward_hook to get the documented behavior.
  self._maybe_warn_non_full_backward_hook(args, result, grad_fn)
[92mINFO [0m:      Sent reply
02/06/2025 21:37:00:INFO:Sent reply
[92mINFO [0m:      
02/06/2025 21:37:42:INFO:
[92mINFO [0m:      Received: evaluate message 84c82edf-260a-4cf9-9c28-a6559ccf497a
02/06/2025 21:37:42:INFO:Received: evaluate message 84c82edf-260a-4cf9-9c28-a6559ccf497a
[92mINFO [0m:      Sent reply
02/06/2025 21:37:46:INFO:Sent reply
[92mINFO [0m:      
02/06/2025 21:38:42:INFO:
[92mINFO [0m:      Received: train message b0415b41-7253-431c-9893-a29f5e571ef7
02/06/2025 21:38:42:INFO:Received: train message b0415b41-7253-431c-9893-a29f5e571ef7
/home/dgxuser16/anaconda3/envs/ihpc/lib/python3.8/site-packages/torch/nn/modules/module.py:1640: FutureWarning: Using a non-full backward hook when the forward contains multiple autograd Nodes is deprecated and will be removed in future versions. This hook will be missing some grad_input. Please use register_full_backward_hook to get the documented behavior.
  self._maybe_warn_non_full_backward_hook(args, result, grad_fn)
[92mINFO [0m:      Sent reply
02/06/2025 21:40:31:INFO:Sent reply
[92mINFO [0m:      
02/06/2025 21:42:01:INFO:
[92mINFO [0m:      Received: evaluate message 370039c0-c164-4014-8536-3bfb18835133
02/06/2025 21:42:01:INFO:Received: evaluate message 370039c0-c164-4014-8536-3bfb18835133
[92mINFO [0m:      Sent reply
02/06/2025 21:42:11:INFO:Sent reply
[92mINFO [0m:      
02/06/2025 21:43:12:INFO:
[92mINFO [0m:      Received: train message 18247de2-98d5-4750-a23a-9b11ff4ffedf
02/06/2025 21:43:12:INFO:Received: train message 18247de2-98d5-4750-a23a-9b11ff4ffedf
/home/dgxuser16/anaconda3/envs/ihpc/lib/python3.8/site-packages/torch/nn/modules/module.py:1640: FutureWarning: Using a non-full backward hook when the forward contains multiple autograd Nodes is deprecated and will be removed in future versions. This hook will be missing some grad_input. Please use register_full_backward_hook to get the documented behavior.
  self._maybe_warn_non_full_backward_hook(args, result, grad_fn)
[92mINFO [0m:      Sent reply
02/06/2025 21:43:45:INFO:Sent reply
[92mINFO [0m:      
02/06/2025 21:44:49:INFO:
[92mINFO [0m:      Received: evaluate message 6ea7c619-3a0d-47c3-85db-2719babd5410
02/06/2025 21:44:49:INFO:Received: evaluate message 6ea7c619-3a0d-47c3-85db-2719babd5410

{'loss': [1.5848958218256135, 3.052960181674331, 2.636795547625532, 2.3320311129885414, 1.256409228453886, 1.2703620949883867, 1.5770248149501989, 2.199536394010399, 2.0206187780337745, 2.6005978579629296, 1.921200066129149, 1.7559570302433851, 2.212561376585077, 3.3298895956949854, 1.7107261866447607, 1.399545638378567, 2.2823474361758573, 1.7574041546835761, 9.04715160113862, 3.7949769765566788, 3.8757259960841908, 3.65208827277778], 'accuracy': [0.3502736512900704, 0.3502736512900704, 0.009382329945269743, 0.13995308835027365, 0.49335418295543393, 0.35496481626270526, 0.1931196247068022, 0.43080531665363564, 0.35105551211884284, 0.5003909304143862, 0.4519155590304926, 0.5019546520719312, 0.2986708365910868, 0.5019546520719312, 0.3815480844409695, 0.42689601250977327, 0.3502736512900704, 0.44878811571540267, 0.13995308835027365, 0.3502736512900704, 0.49726348709929635, 0.5003909304143862], 'auc': [0.45007280552804846, 0.487794968297678, 0.5303696558447788, 0.4940842718943664, 0.4807432361287784, 0.42087937365679856, 0.5384886435855296, 0.46384857619469666, 0.4998825548358853, 0.5497602820819167, 0.4986833551229624, 0.5133162987418364, 0.522743119471727, 0.5104704623173728, 0.5523306473319515, 0.4456539101824273, 0.500988853222891, 0.44129030689496795, 0.42599072757868506, 0.4697771349548848, 0.5884794686263126, 0.5068354486293565]}

Epsilon = 81.3686

{'loss': [1.5848958218256135, 3.052960181674331, 2.636795547625532, 2.3320311129885414, 1.256409228453886, 1.2703620949883867, 1.5770248149501989, 2.199536394010399, 2.0206187780337745, 2.6005978579629296, 1.921200066129149, 1.7559570302433851, 2.212561376585077, 3.3298895956949854, 1.7107261866447607, 1.399545638378567, 2.2823474361758573, 1.7574041546835761, 9.04715160113862, 3.7949769765566788, 3.8757259960841908, 3.65208827277778, 1.6712804922748115], 'accuracy': [0.3502736512900704, 0.3502736512900704, 0.009382329945269743, 0.13995308835027365, 0.49335418295543393, 0.35496481626270526, 0.1931196247068022, 0.43080531665363564, 0.35105551211884284, 0.5003909304143862, 0.4519155590304926, 0.5019546520719312, 0.2986708365910868, 0.5019546520719312, 0.3815480844409695, 0.42689601250977327, 0.3502736512900704, 0.44878811571540267, 0.13995308835027365, 0.3502736512900704, 0.49726348709929635, 0.5003909304143862, 0.3565285379202502], 'auc': [0.45007280552804846, 0.487794968297678, 0.5303696558447788, 0.4940842718943664, 0.4807432361287784, 0.42087937365679856, 0.5384886435855296, 0.46384857619469666, 0.4998825548358853, 0.5497602820819167, 0.4986833551229624, 0.5133162987418364, 0.522743119471727, 0.5104704623173728, 0.5523306473319515, 0.4456539101824273, 0.500988853222891, 0.44129030689496795, 0.42599072757868506, 0.4697771349548848, 0.5884794686263126, 0.5068354486293565, 0.5666977230053923]}

Epsilon = 83.6306

{'loss': [1.5848958218256135, 3.052960181674331, 2.636795547625532, 2.3320311129885414, 1.256409228453886, 1.2703620949883867, 1.5770248149501989, 2.199536394010399, 2.0206187780337745, 2.6005978579629296, 1.921200066129149, 1.7559570302433851, 2.212561376585077, 3.3298895956949854, 1.7107261866447607, 1.399545638378567, 2.2823474361758573, 1.7574041546835761, 9.04715160113862, 3.7949769765566788, 3.8757259960841908, 3.65208827277778, 1.6712804922748115, 1.7036546159293895], 'accuracy': [0.3502736512900704, 0.3502736512900704, 0.009382329945269743, 0.13995308835027365, 0.49335418295543393, 0.35496481626270526, 0.1931196247068022, 0.43080531665363564, 0.35105551211884284, 0.5003909304143862, 0.4519155590304926, 0.5019546520719312, 0.2986708365910868, 0.5019546520719312, 0.3815480844409695, 0.42689601250977327, 0.3502736512900704, 0.44878811571540267, 0.13995308835027365, 0.3502736512900704, 0.49726348709929635, 0.5003909304143862, 0.3565285379202502, 0.3862392494136044], 'auc': [0.45007280552804846, 0.487794968297678, 0.5303696558447788, 0.4940842718943664, 0.4807432361287784, 0.42087937365679856, 0.5384886435855296, 0.46384857619469666, 0.4998825548358853, 0.5497602820819167, 0.4986833551229624, 0.5133162987418364, 0.522743119471727, 0.5104704623173728, 0.5523306473319515, 0.4456539101824273, 0.500988853222891, 0.44129030689496795, 0.42599072757868506, 0.4697771349548848, 0.5884794686263126, 0.5068354486293565, 0.5666977230053923, 0.5027052324910943]}

Epsilon = 85.8725

{'loss': [1.5848958218256135, 3.052960181674331, 2.636795547625532, 2.3320311129885414, 1.256409228453886, 1.2703620949883867, 1.5770248149501989, 2.199536394010399, 2.0206187780337745, 2.6005978579629296, 1.921200066129149, 1.7559570302433851, 2.212561376585077, 3.3298895956949854, 1.7107261866447607, 1.399545638378567, 2.2823474361758573, 1.7574041546835761, 9.04715160113862, 3.7949769765566788, 3.8757259960841908, 3.65208827277778, 1.6712804922748115, 1.7036546159293895, 6.418060512295789], 'accuracy': [0.3502736512900704, 0.3502736512900704, 0.009382329945269743, 0.13995308835027365, 0.49335418295543393, 0.35496481626270526, 0.1931196247068022, 0.43080531665363564, 0.35105551211884284, 0.5003909304143862, 0.4519155590304926, 0.5019546520719312, 0.2986708365910868, 0.5019546520719312, 0.3815480844409695, 0.42689601250977327, 0.3502736512900704, 0.44878811571540267, 0.13995308835027365, 0.3502736512900704, 0.49726348709929635, 0.5003909304143862, 0.3565285379202502, 0.3862392494136044, 0.3502736512900704], 'auc': [0.45007280552804846, 0.487794968297678, 0.5303696558447788, 0.4940842718943664, 0.4807432361287784, 0.42087937365679856, 0.5384886435855296, 0.46384857619469666, 0.4998825548358853, 0.5497602820819167, 0.4986833551229624, 0.5133162987418364, 0.522743119471727, 0.5104704623173728, 0.5523306473319515, 0.4456539101824273, 0.500988853222891, 0.44129030689496795, 0.42599072757868506, 0.4697771349548848, 0.5884794686263126, 0.5068354486293565, 0.5666977230053923, 0.5027052324910943, 0.46162852185810493]}

Epsilon = 88.0956

{'loss': [1.5848958218256135, 3.052960181674331, 2.636795547625532, 2.3320311129885414, 1.256409228453886, 1.2703620949883867, 1.5770248149501989, 2.199536394010399, 2.0206187780337745, 2.6005978579629296, 1.921200066129149, 1.7559570302433851, 2.212561376585077, 3.3298895956949854, 1.7107261866447607, 1.399545638378567, 2.2823474361758573, 1.7574041546835761, 9.04715160113862, 3.7949769765566788, 3.8757259960841908, 3.65208827277778, 1.6712804922748115, 1.7036546159293895, 6.418060512295789, 1.6625112356666105], 'accuracy': [0.3502736512900704, 0.3502736512900704, 0.009382329945269743, 0.13995308835027365, 0.49335418295543393, 0.35496481626270526, 0.1931196247068022, 0.43080531665363564, 0.35105551211884284, 0.5003909304143862, 0.4519155590304926, 0.5019546520719312, 0.2986708365910868, 0.5019546520719312, 0.3815480844409695, 0.42689601250977327, 0.3502736512900704, 0.44878811571540267, 0.13995308835027365, 0.3502736512900704, 0.49726348709929635, 0.5003909304143862, 0.3565285379202502, 0.3862392494136044, 0.3502736512900704, 0.36200156372165754], 'auc': [0.45007280552804846, 0.487794968297678, 0.5303696558447788, 0.4940842718943664, 0.4807432361287784, 0.42087937365679856, 0.5384886435855296, 0.46384857619469666, 0.4998825548358853, 0.5497602820819167, 0.4986833551229624, 0.5133162987418364, 0.522743119471727, 0.5104704623173728, 0.5523306473319515, 0.4456539101824273, 0.500988853222891, 0.44129030689496795, 0.42599072757868506, 0.4697771349548848, 0.5884794686263126, 0.5068354486293565, 0.5666977230053923, 0.5027052324910943, 0.46162852185810493, 0.5199197811614403]}

Epsilon = 90.3011
[92mINFO [0m:      Sent reply
02/06/2025 21:44:54:INFO:Sent reply
[92mINFO [0m:      
02/06/2025 21:45:33:INFO:
[92mINFO [0m:      Received: train message 33e27c09-c6f6-4793-9b37-dfb0eeab6dfb
02/06/2025 21:45:33:INFO:Received: train message 33e27c09-c6f6-4793-9b37-dfb0eeab6dfb
/home/dgxuser16/anaconda3/envs/ihpc/lib/python3.8/site-packages/torch/nn/modules/module.py:1640: FutureWarning: Using a non-full backward hook when the forward contains multiple autograd Nodes is deprecated and will be removed in future versions. This hook will be missing some grad_input. Please use register_full_backward_hook to get the documented behavior.
  self._maybe_warn_non_full_backward_hook(args, result, grad_fn)
[92mINFO [0m:      Sent reply
02/06/2025 21:46:30:INFO:Sent reply
[92mINFO [0m:      
02/06/2025 21:47:11:INFO:
[92mINFO [0m:      Received: evaluate message c569f852-fbb7-43a9-9367-605544455a39
02/06/2025 21:47:11:INFO:Received: evaluate message c569f852-fbb7-43a9-9367-605544455a39
[92mINFO [0m:      Sent reply
02/06/2025 21:47:16:INFO:Sent reply
[92mINFO [0m:      
02/06/2025 21:47:56:INFO:
[92mINFO [0m:      Received: train message e3ac5b33-7ca0-48d8-ad9d-cc486cdf9278
02/06/2025 21:47:56:INFO:Received: train message e3ac5b33-7ca0-48d8-ad9d-cc486cdf9278
/home/dgxuser16/anaconda3/envs/ihpc/lib/python3.8/site-packages/torch/nn/modules/module.py:1640: FutureWarning: Using a non-full backward hook when the forward contains multiple autograd Nodes is deprecated and will be removed in future versions. This hook will be missing some grad_input. Please use register_full_backward_hook to get the documented behavior.
  self._maybe_warn_non_full_backward_hook(args, result, grad_fn)
[92mINFO [0m:      Sent reply
02/06/2025 21:48:45:INFO:Sent reply
[92mINFO [0m:      
02/06/2025 21:49:52:INFO:
[92mINFO [0m:      Received: evaluate message 018e332d-9096-486c-8114-7d26ef7ff241
02/06/2025 21:49:52:INFO:Received: evaluate message 018e332d-9096-486c-8114-7d26ef7ff241
[92mINFO [0m:      Sent reply
02/06/2025 21:49:58:INFO:Sent reply
[92mINFO [0m:      
02/06/2025 21:50:44:INFO:
[92mINFO [0m:      Received: train message bb2cb266-fa6b-4f43-b2df-6c3f8bf1b167
02/06/2025 21:50:44:INFO:Received: train message bb2cb266-fa6b-4f43-b2df-6c3f8bf1b167
/home/dgxuser16/anaconda3/envs/ihpc/lib/python3.8/site-packages/torch/nn/modules/module.py:1640: FutureWarning: Using a non-full backward hook when the forward contains multiple autograd Nodes is deprecated and will be removed in future versions. This hook will be missing some grad_input. Please use register_full_backward_hook to get the documented behavior.
  self._maybe_warn_non_full_backward_hook(args, result, grad_fn)
[92mINFO [0m:      Sent reply
02/06/2025 21:51:34:INFO:Sent reply
[92mINFO [0m:      
02/06/2025 21:52:48:INFO:
[92mINFO [0m:      Received: evaluate message de31a474-4124-4417-b688-a94d3fc4bc6f
02/06/2025 21:52:48:INFO:Received: evaluate message de31a474-4124-4417-b688-a94d3fc4bc6f
[92mINFO [0m:      Sent reply
02/06/2025 21:52:52:INFO:Sent reply
[92mINFO [0m:      
02/06/2025 21:52:52:INFO:
[92mINFO [0m:      Received: reconnect message a4de0aed-fd5d-49e7-a1db-bec227426e26
02/06/2025 21:52:52:INFO:Received: reconnect message a4de0aed-fd5d-49e7-a1db-bec227426e26
02/06/2025 21:52:52:DEBUG:gRPC channel closed
[92mINFO [0m:      Disconnect and shut down
02/06/2025 21:52:52:INFO:Disconnect and shut down

{'loss': [1.5848958218256135, 3.052960181674331, 2.636795547625532, 2.3320311129885414, 1.256409228453886, 1.2703620949883867, 1.5770248149501989, 2.199536394010399, 2.0206187780337745, 2.6005978579629296, 1.921200066129149, 1.7559570302433851, 2.212561376585077, 3.3298895956949854, 1.7107261866447607, 1.399545638378567, 2.2823474361758573, 1.7574041546835761, 9.04715160113862, 3.7949769765566788, 3.8757259960841908, 3.65208827277778, 1.6712804922748115, 1.7036546159293895, 6.418060512295789, 1.6625112356666105, 6.256401015176169], 'accuracy': [0.3502736512900704, 0.3502736512900704, 0.009382329945269743, 0.13995308835027365, 0.49335418295543393, 0.35496481626270526, 0.1931196247068022, 0.43080531665363564, 0.35105551211884284, 0.5003909304143862, 0.4519155590304926, 0.5019546520719312, 0.2986708365910868, 0.5019546520719312, 0.3815480844409695, 0.42689601250977327, 0.3502736512900704, 0.44878811571540267, 0.13995308835027365, 0.3502736512900704, 0.49726348709929635, 0.5003909304143862, 0.3565285379202502, 0.3862392494136044, 0.3502736512900704, 0.36200156372165754, 0.23455824863174354], 'auc': [0.45007280552804846, 0.487794968297678, 0.5303696558447788, 0.4940842718943664, 0.4807432361287784, 0.42087937365679856, 0.5384886435855296, 0.46384857619469666, 0.4998825548358853, 0.5497602820819167, 0.4986833551229624, 0.5133162987418364, 0.522743119471727, 0.5104704623173728, 0.5523306473319515, 0.4456539101824273, 0.500988853222891, 0.44129030689496795, 0.42599072757868506, 0.4697771349548848, 0.5884794686263126, 0.5068354486293565, 0.5666977230053923, 0.5027052324910943, 0.46162852185810493, 0.5199197811614403, 0.4920965002319806]}

Epsilon = 92.4898

{'loss': [1.5848958218256135, 3.052960181674331, 2.636795547625532, 2.3320311129885414, 1.256409228453886, 1.2703620949883867, 1.5770248149501989, 2.199536394010399, 2.0206187780337745, 2.6005978579629296, 1.921200066129149, 1.7559570302433851, 2.212561376585077, 3.3298895956949854, 1.7107261866447607, 1.399545638378567, 2.2823474361758573, 1.7574041546835761, 9.04715160113862, 3.7949769765566788, 3.8757259960841908, 3.65208827277778, 1.6712804922748115, 1.7036546159293895, 6.418060512295789, 1.6625112356666105, 6.256401015176169, 2.532930555988607], 'accuracy': [0.3502736512900704, 0.3502736512900704, 0.009382329945269743, 0.13995308835027365, 0.49335418295543393, 0.35496481626270526, 0.1931196247068022, 0.43080531665363564, 0.35105551211884284, 0.5003909304143862, 0.4519155590304926, 0.5019546520719312, 0.2986708365910868, 0.5019546520719312, 0.3815480844409695, 0.42689601250977327, 0.3502736512900704, 0.44878811571540267, 0.13995308835027365, 0.3502736512900704, 0.49726348709929635, 0.5003909304143862, 0.3565285379202502, 0.3862392494136044, 0.3502736512900704, 0.36200156372165754, 0.23455824863174354, 0.49726348709929635], 'auc': [0.45007280552804846, 0.487794968297678, 0.5303696558447788, 0.4940842718943664, 0.4807432361287784, 0.42087937365679856, 0.5384886435855296, 0.46384857619469666, 0.4998825548358853, 0.5497602820819167, 0.4986833551229624, 0.5133162987418364, 0.522743119471727, 0.5104704623173728, 0.5523306473319515, 0.4456539101824273, 0.500988853222891, 0.44129030689496795, 0.42599072757868506, 0.4697771349548848, 0.5884794686263126, 0.5068354486293565, 0.5666977230053923, 0.5027052324910943, 0.46162852185810493, 0.5199197811614403, 0.4920965002319806, 0.46685750274318844]}

Epsilon = 94.6626

{'loss': [1.5848958218256135, 3.052960181674331, 2.636795547625532, 2.3320311129885414, 1.256409228453886, 1.2703620949883867, 1.5770248149501989, 2.199536394010399, 2.0206187780337745, 2.6005978579629296, 1.921200066129149, 1.7559570302433851, 2.212561376585077, 3.3298895956949854, 1.7107261866447607, 1.399545638378567, 2.2823474361758573, 1.7574041546835761, 9.04715160113862, 3.7949769765566788, 3.8757259960841908, 3.65208827277778, 1.6712804922748115, 1.7036546159293895, 6.418060512295789, 1.6625112356666105, 6.256401015176169, 2.532930555988607, 2.6451118342153164], 'accuracy': [0.3502736512900704, 0.3502736512900704, 0.009382329945269743, 0.13995308835027365, 0.49335418295543393, 0.35496481626270526, 0.1931196247068022, 0.43080531665363564, 0.35105551211884284, 0.5003909304143862, 0.4519155590304926, 0.5019546520719312, 0.2986708365910868, 0.5019546520719312, 0.3815480844409695, 0.42689601250977327, 0.3502736512900704, 0.44878811571540267, 0.13995308835027365, 0.3502736512900704, 0.49726348709929635, 0.5003909304143862, 0.3565285379202502, 0.3862392494136044, 0.3502736512900704, 0.36200156372165754, 0.23455824863174354, 0.49726348709929635, 0.34323690383111805], 'auc': [0.45007280552804846, 0.487794968297678, 0.5303696558447788, 0.4940842718943664, 0.4807432361287784, 0.42087937365679856, 0.5384886435855296, 0.46384857619469666, 0.4998825548358853, 0.5497602820819167, 0.4986833551229624, 0.5133162987418364, 0.522743119471727, 0.5104704623173728, 0.5523306473319515, 0.4456539101824273, 0.500988853222891, 0.44129030689496795, 0.42599072757868506, 0.4697771349548848, 0.5884794686263126, 0.5068354486293565, 0.5666977230053923, 0.5027052324910943, 0.46162852185810493, 0.5199197811614403, 0.4920965002319806, 0.46685750274318844, 0.5392844206183474]}

Epsilon = 96.8204

{'loss': [1.5848958218256135, 3.052960181674331, 2.636795547625532, 2.3320311129885414, 1.256409228453886, 1.2703620949883867, 1.5770248149501989, 2.199536394010399, 2.0206187780337745, 2.6005978579629296, 1.921200066129149, 1.7559570302433851, 2.212561376585077, 3.3298895956949854, 1.7107261866447607, 1.399545638378567, 2.2823474361758573, 1.7574041546835761, 9.04715160113862, 3.7949769765566788, 3.8757259960841908, 3.65208827277778, 1.6712804922748115, 1.7036546159293895, 6.418060512295789, 1.6625112356666105, 6.256401015176169, 2.532930555988607, 2.6451118342153164, 4.419143439393616], 'accuracy': [0.3502736512900704, 0.3502736512900704, 0.009382329945269743, 0.13995308835027365, 0.49335418295543393, 0.35496481626270526, 0.1931196247068022, 0.43080531665363564, 0.35105551211884284, 0.5003909304143862, 0.4519155590304926, 0.5019546520719312, 0.2986708365910868, 0.5019546520719312, 0.3815480844409695, 0.42689601250977327, 0.3502736512900704, 0.44878811571540267, 0.13995308835027365, 0.3502736512900704, 0.49726348709929635, 0.5003909304143862, 0.3565285379202502, 0.3862392494136044, 0.3502736512900704, 0.36200156372165754, 0.23455824863174354, 0.49726348709929635, 0.34323690383111805, 0.4949179046129789], 'auc': [0.45007280552804846, 0.487794968297678, 0.5303696558447788, 0.4940842718943664, 0.4807432361287784, 0.42087937365679856, 0.5384886435855296, 0.46384857619469666, 0.4998825548358853, 0.5497602820819167, 0.4986833551229624, 0.5133162987418364, 0.522743119471727, 0.5104704623173728, 0.5523306473319515, 0.4456539101824273, 0.500988853222891, 0.44129030689496795, 0.42599072757868506, 0.4697771349548848, 0.5884794686263126, 0.5068354486293565, 0.5666977230053923, 0.5027052324910943, 0.46162852185810493, 0.5199197811614403, 0.4920965002319806, 0.46685750274318844, 0.5392844206183474, 0.39554084333029105]}



{'loss': [1.5848958218256135, 3.052960181674331, 2.636795547625532, 2.3320311129885414, 1.256409228453886, 1.2703620949883867, 1.5770248149501989, 2.199536394010399, 2.0206187780337745, 2.6005978579629296, 1.921200066129149, 1.7559570302433851, 2.212561376585077, 3.3298895956949854, 1.7107261866447607, 1.399545638378567, 2.2823474361758573, 1.7574041546835761, 9.04715160113862, 3.7949769765566788, 3.8757259960841908, 3.65208827277778, 1.6712804922748115, 1.7036546159293895, 6.418060512295789, 1.6625112356666105, 6.256401015176169, 2.532930555988607, 2.6451118342153164, 4.419143439393616], 'accuracy': [0.3502736512900704, 0.3502736512900704, 0.009382329945269743, 0.13995308835027365, 0.49335418295543393, 0.35496481626270526, 0.1931196247068022, 0.43080531665363564, 0.35105551211884284, 0.5003909304143862, 0.4519155590304926, 0.5019546520719312, 0.2986708365910868, 0.5019546520719312, 0.3815480844409695, 0.42689601250977327, 0.3502736512900704, 0.44878811571540267, 0.13995308835027365, 0.3502736512900704, 0.49726348709929635, 0.5003909304143862, 0.3565285379202502, 0.3862392494136044, 0.3502736512900704, 0.36200156372165754, 0.23455824863174354, 0.49726348709929635, 0.34323690383111805, 0.4949179046129789], 'auc': [0.45007280552804846, 0.487794968297678, 0.5303696558447788, 0.4940842718943664, 0.4807432361287784, 0.42087937365679856, 0.5384886435855296, 0.46384857619469666, 0.4998825548358853, 0.5497602820819167, 0.4986833551229624, 0.5133162987418364, 0.522743119471727, 0.5104704623173728, 0.5523306473319515, 0.4456539101824273, 0.500988853222891, 0.44129030689496795, 0.42599072757868506, 0.4697771349548848, 0.5884794686263126, 0.5068354486293565, 0.5666977230053923, 0.5027052324910943, 0.46162852185810493, 0.5199197811614403, 0.4920965002319806, 0.46685750274318844, 0.5392844206183474, 0.39554084333029105]}
