nohup: ignoring input
[92mINFO [0m:      Starting Flower server, config: num_rounds=30, no round_timeout
[92mINFO [0m:      Flower ECE: gRPC server running (30 rounds), SSL is disabled
[92mINFO [0m:      [INIT]
[92mINFO [0m:      Requesting initial parameters from one random client
WARNING: All log messages before absl::InitializeLog() is called are written to STDERR
I0000 00:00:1738861127.975781  503434 fork_posix.cc:75] Other threads are currently calling into gRPC, skipping fork() handlers
[92mINFO [0m:      Received initial parameters from one random client
[92mINFO [0m:      Starting evaluation of initial global parameters
[92mINFO [0m:      Evaluation returned no results (`None`)
[92mINFO [0m:      
[92mINFO [0m:      [ROUND 1]
[92mINFO [0m:      configure_fit: strategy sampled 6 clients (out of 6)
[92mINFO [0m:      aggregate_fit: received 6 results and 0 failures
[93mWARNING [0m:   No fit_metrics_aggregation_fn provided
[92mINFO [0m:      configure_evaluate: strategy sampled 6 clients (out of 6)
[92mINFO [0m:      aggregate_evaluate: received 6 results and 0 failures
[93mWARNING [0m:   No evaluate_metrics_aggregation_fn provided
[92mINFO [0m:      
[92mINFO [0m:      [ROUND 2]
[92mINFO [0m:      configure_fit: strategy sampled 6 clients (out of 6)
[92mINFO [0m:      aggregate_fit: received 6 results and 0 failures
[92mINFO [0m:      configure_evaluate: strategy sampled 6 clients (out of 6)
[92mINFO [0m:      aggregate_evaluate: received 6 results and 0 failures
[92mINFO [0m:      
[92mINFO [0m:      [ROUND 3]
[92mINFO [0m:      configure_fit: strategy sampled 6 clients (out of 6)
[92mINFO [0m:      aggregate_fit: received 6 results and 0 failures
[92mINFO [0m:      configure_evaluate: strategy sampled 6 clients (out of 6)
[92mINFO [0m:      aggregate_evaluate: received 6 results and 0 failures
[92mINFO [0m:      
[92mINFO [0m:      [ROUND 4]
[92mINFO [0m:      configure_fit: strategy sampled 6 clients (out of 6)
[92mINFO [0m:      aggregate_fit: received 6 results and 0 failures
[92mINFO [0m:      configure_evaluate: strategy sampled 6 clients (out of 6)
[92mINFO [0m:      aggregate_evaluate: received 6 results and 0 failures
[92mINFO [0m:      
[92mINFO [0m:      [ROUND 5]
[92mINFO [0m:      configure_fit: strategy sampled 6 clients (out of 6)
[92mINFO [0m:      aggregate_fit: received 6 results and 0 failures
[92mINFO [0m:      configure_evaluate: strategy sampled 6 clients (out of 6)
[92mINFO [0m:      aggregate_evaluate: received 6 results and 0 failures
[92mINFO [0m:      
[92mINFO [0m:      [ROUND 6]
[92mINFO [0m:      configure_fit: strategy sampled 6 clients (out of 6)
[92mINFO [0m:      aggregate_fit: received 6 results and 0 failures
[92mINFO [0m:      configure_evaluate: strategy sampled 6 clients (out of 6)
[92mINFO [0m:      aggregate_evaluate: received 6 results and 0 failures
[92mINFO [0m:      
[92mINFO [0m:      [ROUND 7]
[92mINFO [0m:      configure_fit: strategy sampled 6 clients (out of 6)
[92mINFO [0m:      aggregate_fit: received 6 results and 0 failures
[92mINFO [0m:      configure_evaluate: strategy sampled 6 clients (out of 6)
[92mINFO [0m:      aggregate_evaluate: received 6 results and 0 failures
[92mINFO [0m:      
[92mINFO [0m:      [ROUND 8]
[92mINFO [0m:      configure_fit: strategy sampled 6 clients (out of 6)
[92mINFO [0m:      aggregate_fit: received 6 results and 0 failures
[92mINFO [0m:      configure_evaluate: strategy sampled 6 clients (out of 6)
[92mINFO [0m:      aggregate_evaluate: received 6 results and 0 failures
[92mINFO [0m:      
[92mINFO [0m:      [ROUND 9]
[92mINFO [0m:      configure_fit: strategy sampled 6 clients (out of 6)
[92mINFO [0m:      aggregate_fit: received 6 results and 0 failures
[92mINFO [0m:      configure_evaluate: strategy sampled 6 clients (out of 6)
[92mINFO [0m:      aggregate_evaluate: received 6 results and 0 failures
[92mINFO [0m:      
[92mINFO [0m:      [ROUND 10]
[92mINFO [0m:      configure_fit: strategy sampled 6 clients (out of 6)
[92mINFO [0m:      aggregate_fit: received 6 results and 0 failures
[92mINFO [0m:      configure_evaluate: strategy sampled 6 clients (out of 6)
[92mINFO [0m:      aggregate_evaluate: received 6 results and 0 failures
[92mINFO [0m:      
[92mINFO [0m:      [ROUND 11]
[92mINFO [0m:      configure_fit: strategy sampled 6 clients (out of 6)
[92mINFO [0m:      aggregate_fit: received 6 results and 0 failures
[92mINFO [0m:      configure_evaluate: strategy sampled 6 clients (out of 6)
[92mINFO [0m:      aggregate_evaluate: received 6 results and 0 failures
[92mINFO [0m:      
[92mINFO [0m:      [ROUND 12]
[92mINFO [0m:      configure_fit: strategy sampled 6 clients (out of 6)
[92mINFO [0m:      aggregate_fit: received 6 results and 0 failures
[92mINFO [0m:      configure_evaluate: strategy sampled 6 clients (out of 6)
[92mINFO [0m:      aggregate_evaluate: received 6 results and 0 failures
[92mINFO [0m:      
[92mINFO [0m:      [ROUND 13]
[92mINFO [0m:      configure_fit: strategy sampled 6 clients (out of 6)
[92mINFO [0m:      aggregate_fit: received 6 results and 0 failures
[92mINFO [0m:      configure_evaluate: strategy sampled 6 clients (out of 6)
[92mINFO [0m:      aggregate_evaluate: received 6 results and 0 failures
[92mINFO [0m:      
[92mINFO [0m:      [ROUND 14]
[92mINFO [0m:      configure_fit: strategy sampled 6 clients (out of 6)
[92mINFO [0m:      aggregate_fit: received 6 results and 0 failures
[92mINFO [0m:      configure_evaluate: strategy sampled 6 clients (out of 6)
[92mINFO [0m:      aggregate_evaluate: received 6 results and 0 failures
[92mINFO [0m:      
[92mINFO [0m:      [ROUND 15]
[92mINFO [0m:      configure_fit: strategy sampled 6 clients (out of 6)
[92mINFO [0m:      aggregate_fit: received 6 results and 0 failures
[92mINFO [0m:      configure_evaluate: strategy sampled 6 clients (out of 6)
[92mINFO [0m:      aggregate_evaluate: received 6 results and 0 failures
[92mINFO [0m:      
[92mINFO [0m:      [ROUND 16]
[92mINFO [0m:      configure_fit: strategy sampled 6 clients (out of 6)
[92mINFO [0m:      aggregate_fit: received 6 results and 0 failures
[92mINFO [0m:      configure_evaluate: strategy sampled 6 clients (out of 6)
[92mINFO [0m:      aggregate_evaluate: received 6 results and 0 failures
[92mINFO [0m:      
[92mINFO [0m:      [ROUND 17]
[92mINFO [0m:      configure_fit: strategy sampled 6 clients (out of 6)
[92mINFO [0m:      aggregate_fit: received 6 results and 0 failures
[92mINFO [0m:      configure_evaluate: strategy sampled 6 clients (out of 6)
[92mINFO [0m:      aggregate_evaluate: received 6 results and 0 failures
[92mINFO [0m:      
[92mINFO [0m:      [ROUND 18]
[92mINFO [0m:      configure_fit: strategy sampled 6 clients (out of 6)
[92mINFO [0m:      aggregate_fit: received 6 results and 0 failures
[92mINFO [0m:      configure_evaluate: strategy sampled 6 clients (out of 6)
[92mINFO [0m:      aggregate_evaluate: received 6 results and 0 failures
[92mINFO [0m:      
[92mINFO [0m:      [ROUND 19]
[92mINFO [0m:      configure_fit: strategy sampled 6 clients (out of 6)
[92mINFO [0m:      aggregate_fit: received 6 results and 0 failures
[92mINFO [0m:      configure_evaluate: strategy sampled 6 clients (out of 6)
[92mINFO [0m:      aggregate_evaluate: received 6 results and 0 failures
[92mINFO [0m:      
[92mINFO [0m:      [ROUND 20]
[92mINFO [0m:      configure_fit: strategy sampled 6 clients (out of 6)
[92mINFO [0m:      aggregate_fit: received 6 results and 0 failures
[92mINFO [0m:      configure_evaluate: strategy sampled 6 clients (out of 6)
[92mINFO [0m:      aggregate_evaluate: received 6 results and 0 failures
[92mINFO [0m:      
[92mINFO [0m:      [ROUND 21]
[92mINFO [0m:      configure_fit: strategy sampled 6 clients (out of 6)
[92mINFO [0m:      aggregate_fit: received 6 results and 0 failures
[92mINFO [0m:      configure_evaluate: strategy sampled 6 clients (out of 6)
[92mINFO [0m:      aggregate_evaluate: received 6 results and 0 failures
[92mINFO [0m:      
[92mINFO [0m:      [ROUND 22]
[92mINFO [0m:      configure_fit: strategy sampled 6 clients (out of 6)
[92mINFO [0m:      aggregate_fit: received 6 results and 0 failures
[92mINFO [0m:      configure_evaluate: strategy sampled 6 clients (out of 6)
[92mINFO [0m:      aggregate_evaluate: received 6 results and 0 failures
[92mINFO [0m:      
[92mINFO [0m:      [ROUND 23]
[92mINFO [0m:      configure_fit: strategy sampled 6 clients (out of 6)
[92mINFO [0m:      aggregate_fit: received 6 results and 0 failures
[92mINFO [0m:      configure_evaluate: strategy sampled 6 clients (out of 6)
[92mINFO [0m:      aggregate_evaluate: received 6 results and 0 failures
[92mINFO [0m:      
[92mINFO [0m:      [ROUND 24]
[92mINFO [0m:      configure_fit: strategy sampled 6 clients (out of 6)
[92mINFO [0m:      aggregate_fit: received 6 results and 0 failures
[92mINFO [0m:      configure_evaluate: strategy sampled 6 clients (out of 6)
[92mINFO [0m:      aggregate_evaluate: received 6 results and 0 failures
[92mINFO [0m:      
[92mINFO [0m:      [ROUND 25]
[92mINFO [0m:      configure_fit: strategy sampled 6 clients (out of 6)
[92mINFO [0m:      aggregate_fit: received 6 results and 0 failures
[92mINFO [0m:      configure_evaluate: strategy sampled 6 clients (out of 6)
[92mINFO [0m:      aggregate_evaluate: received 6 results and 0 failures
[92mINFO [0m:      
[92mINFO [0m:      [ROUND 26]
[92mINFO [0m:      configure_fit: strategy sampled 6 clients (out of 6)
[92mINFO [0m:      aggregate_fit: received 6 results and 0 failures
[92mINFO [0m:      configure_evaluate: strategy sampled 6 clients (out of 6)
[92mINFO [0m:      aggregate_evaluate: received 6 results and 0 failures
[92mINFO [0m:      
[92mINFO [0m:      [ROUND 27]
[92mINFO [0m:      configure_fit: strategy sampled 6 clients (out of 6)
[92mINFO [0m:      aggregate_fit: received 6 results and 0 failures
[92mINFO [0m:      configure_evaluate: strategy sampled 6 clients (out of 6)
[92mINFO [0m:      aggregate_evaluate: received 6 results and 0 failures
[92mINFO [0m:      
[92mINFO [0m:      [ROUND 28]
[92mINFO [0m:      configure_fit: strategy sampled 6 clients (out of 6)
[92mINFO [0m:      aggregate_fit: received 6 results and 0 failures
[92mINFO [0m:      configure_evaluate: strategy sampled 6 clients (out of 6)
[92mINFO [0m:      aggregate_evaluate: received 6 results and 0 failures
[92mINFO [0m:      
[92mINFO [0m:      [ROUND 29]
[92mINFO [0m:      configure_fit: strategy sampled 6 clients (out of 6)
[92mINFO [0m:      aggregate_fit: received 6 results and 0 failures
[92mINFO [0m:      configure_evaluate: strategy sampled 6 clients (out of 6)
[92mINFO [0m:      aggregate_evaluate: received 6 results and 0 failures
[92mINFO [0m:      
[92mINFO [0m:      [ROUND 30]
[92mINFO [0m:      configure_fit: strategy sampled 6 clients (out of 6)
[92mINFO [0m:      aggregate_fit: received 6 results and 0 failures
[92mINFO [0m:      configure_evaluate: strategy sampled 6 clients (out of 6)
[92mINFO [0m:      aggregate_evaluate: received 6 results and 0 failures
[92mINFO [0m:      
[92mINFO [0m:      [SUMMARY]
[92mINFO [0m:      Run finished 30 round(s) in 3278.42s
[92mINFO [0m:      	History (loss, distributed):
[92mINFO [0m:      		round 1: 1.053907036781311
[92mINFO [0m:      		round 2: 1.0563033819198608
[92mINFO [0m:      		round 3: 1.071804404258728
[92mINFO [0m:      		round 4: 1.0657886266708374
[92mINFO [0m:      		round 5: 1.058274745941162
[92mINFO [0m:      		round 6: 1.0665026903152466
[92mINFO [0m:      		round 7: 1.0515538454055786
[92mINFO [0m:      		round 8: 1.055152416229248
[92mINFO [0m:      		round 9: 1.054008960723877
[92mINFO [0m:      		round 10: 1.0623035430908203
[92mINFO [0m:      		round 11: 1.0618897676467896
[92mINFO [0m:      		round 12: 1.0651155710220337
[92mINFO [0m:      		round 13: 1.0643939971923828
[92mINFO [0m:      		round 14: 1.0627328157424927
[92mINFO [0m:      		round 15: 1.0700509548187256
[92mINFO [0m:      		round 16: 1.0776346921920776
[92mINFO [0m:      		round 17: 1.0830175876617432
[92mINFO [0m:      		round 18: 1.0807231664657593
[92mINFO [0m:      		round 19: 1.1007757186889648
[92mINFO [0m:      		round 20: 1.1054604053497314
[92mINFO [0m:      		round 21: 1.1112135648727417
[92mINFO [0m:      		round 22: 1.1045998334884644
[92mINFO [0m:      		round 23: 1.0904866456985474
[92mINFO [0m:      		round 24: 1.0912294387817383
[92mINFO [0m:      		round 25: 1.100946307182312
[92mINFO [0m:      		round 26: 1.1108680963516235
[92mINFO [0m:      		round 27: 1.1151493787765503
[92mINFO [0m:      		round 28: 1.1160125732421875
[92mINFO [0m:      		round 29: 1.1124463081359863
[92mINFO [0m:      		round 30: 1.1198432445526123
[92mINFO [0m:      
