nohup: ignoring input
/home/dgxuser16/.local/lib/python3.8/site-packages/torchvision/io/image.py:13: UserWarning: Failed to load image Python extension: '/raid/home/dgxuser16/.local/lib/python3.8/site-packages/torchvision/image.so: undefined symbol: _ZN3c1017RegisterOperatorsD1Ev'If you don't plan on using image functionality from `torchvision.io`, you can ignore this warning. Otherwise, there might be something wrong with your environment. Did you have `libjpeg` or `libpng` installed before building `torchvision` from source?
  warn(
[92mINFO [0m:      Starting Flower server, config: num_rounds=30, no round_timeout
[92mINFO [0m:      Flower ECE: gRPC server running (30 rounds), SSL is disabled
[92mINFO [0m:      [INIT]
[92mINFO [0m:      Requesting initial parameters from one random client
[92mINFO [0m:      Received initial parameters from one random client
[92mINFO [0m:      Evaluating initial global parameters
[92mINFO [0m:      
[92mINFO [0m:      [ROUND 1]
[92mINFO [0m:      configure_fit: strategy sampled 6 clients (out of 6)
[92mINFO [0m:      aggregate_fit: received 6 results and 0 failures
[93mWARNING [0m:   No fit_metrics_aggregation_fn provided
[92mINFO [0m:      configure_evaluate: strategy sampled 6 clients (out of 6)
[92mINFO [0m:      aggregate_evaluate: received 6 results and 0 failures
[93mWARNING [0m:   No evaluate_metrics_aggregation_fn provided
[92mINFO [0m:      
[92mINFO [0m:      [ROUND 2]
[92mINFO [0m:      configure_fit: strategy sampled 6 clients (out of 6)
[92mINFO [0m:      aggregate_fit: received 6 results and 0 failures
[92mINFO [0m:      configure_evaluate: strategy sampled 6 clients (out of 6)
[92mINFO [0m:      aggregate_evaluate: received 6 results and 0 failures
[92mINFO [0m:      
[92mINFO [0m:      [ROUND 3]
[92mINFO [0m:      configure_fit: strategy sampled 6 clients (out of 6)
[92mINFO [0m:      aggregate_fit: received 6 results and 0 failures
[92mINFO [0m:      configure_evaluate: strategy sampled 6 clients (out of 6)
[92mINFO [0m:      aggregate_evaluate: received 6 results and 0 failures
[92mINFO [0m:      
[92mINFO [0m:      [ROUND 4]
[92mINFO [0m:      configure_fit: strategy sampled 6 clients (out of 6)
[92mINFO [0m:      aggregate_fit: received 6 results and 0 failures
[92mINFO [0m:      configure_evaluate: strategy sampled 6 clients (out of 6)
[92mINFO [0m:      aggregate_evaluate: received 6 results and 0 failures
[92mINFO [0m:      
[92mINFO [0m:      [ROUND 5]
[92mINFO [0m:      configure_fit: strategy sampled 6 clients (out of 6)
[92mINFO [0m:      aggregate_fit: received 6 results and 0 failures
[92mINFO [0m:      configure_evaluate: strategy sampled 6 clients (out of 6)
[92mINFO [0m:      aggregate_evaluate: received 6 results and 0 failures
[92mINFO [0m:      
[92mINFO [0m:      [ROUND 6]
[92mINFO [0m:      configure_fit: strategy sampled 6 clients (out of 6)
[92mINFO [0m:      aggregate_fit: received 6 results and 0 failures
[92mINFO [0m:      configure_evaluate: strategy sampled 6 clients (out of 6)
[92mINFO [0m:      aggregate_evaluate: received 6 results and 0 failures
[92mINFO [0m:      
[92mINFO [0m:      [ROUND 7]
[92mINFO [0m:      configure_fit: strategy sampled 6 clients (out of 6)
[92mINFO [0m:      aggregate_fit: received 6 results and 0 failures
[92mINFO [0m:      configure_evaluate: strategy sampled 6 clients (out of 6)
[92mINFO [0m:      aggregate_evaluate: received 6 results and 0 failures
[92mINFO [0m:      
[92mINFO [0m:      [ROUND 8]
[92mINFO [0m:      configure_fit: strategy sampled 6 clients (out of 6)
[92mINFO [0m:      aggregate_fit: received 6 results and 0 failures
[92mINFO [0m:      configure_evaluate: strategy sampled 6 clients (out of 6)
[92mINFO [0m:      aggregate_evaluate: received 6 results and 0 failures
[92mINFO [0m:      
[92mINFO [0m:      [ROUND 9]
[92mINFO [0m:      configure_fit: strategy sampled 6 clients (out of 6)
[92mINFO [0m:      aggregate_fit: received 6 results and 0 failures
[92mINFO [0m:      configure_evaluate: strategy sampled 6 clients (out of 6)
[92mINFO [0m:      aggregate_evaluate: received 6 results and 0 failures
[92mINFO [0m:      
[92mINFO [0m:      [ROUND 10]
[92mINFO [0m:      configure_fit: strategy sampled 6 clients (out of 6)
[92mINFO [0m:      aggregate_fit: received 6 results and 0 failures
[92mINFO [0m:      configure_evaluate: strategy sampled 6 clients (out of 6)
[92mINFO [0m:      aggregate_evaluate: received 6 results and 0 failures
[92mINFO [0m:      
[92mINFO [0m:      [ROUND 11]
[92mINFO [0m:      configure_fit: strategy sampled 6 clients (out of 6)
[92mINFO [0m:      aggregate_fit: received 6 results and 0 failures
[92mINFO [0m:      configure_evaluate: strategy sampled 6 clients (out of 6)
[92mINFO [0m:      aggregate_evaluate: received 6 results and 0 failures
[92mINFO [0m:      
[92mINFO [0m:      [ROUND 12]
[92mINFO [0m:      configure_fit: strategy sampled 6 clients (out of 6)
[92mINFO [0m:      aggregate_fit: received 6 results and 0 failures
[92mINFO [0m:      configure_evaluate: strategy sampled 6 clients (out of 6)
[92mINFO [0m:      aggregate_evaluate: received 6 results and 0 failures
[92mINFO [0m:      
[92mINFO [0m:      [ROUND 13]
[92mINFO [0m:      configure_fit: strategy sampled 6 clients (out of 6)
[92mINFO [0m:      aggregate_fit: received 6 results and 0 failures
[92mINFO [0m:      configure_evaluate: strategy sampled 6 clients (out of 6)
[92mINFO [0m:      aggregate_evaluate: received 6 results and 0 failures
[92mINFO [0m:      
[92mINFO [0m:      [ROUND 14]
[92mINFO [0m:      configure_fit: strategy sampled 6 clients (out of 6)
[92mINFO [0m:      aggregate_fit: received 6 results and 0 failures
[92mINFO [0m:      configure_evaluate: strategy sampled 6 clients (out of 6)
[92mINFO [0m:      aggregate_evaluate: received 6 results and 0 failures
[92mINFO [0m:      
[92mINFO [0m:      [ROUND 15]
[92mINFO [0m:      configure_fit: strategy sampled 6 clients (out of 6)
[92mINFO [0m:      aggregate_fit: received 6 results and 0 failures
[92mINFO [0m:      configure_evaluate: strategy sampled 6 clients (out of 6)
[92mINFO [0m:      aggregate_evaluate: received 6 results and 0 failures
[92mINFO [0m:      
[92mINFO [0m:      [ROUND 16]
[92mINFO [0m:      configure_fit: strategy sampled 6 clients (out of 6)
[92mINFO [0m:      aggregate_fit: received 6 results and 0 failures
[92mINFO [0m:      configure_evaluate: strategy sampled 6 clients (out of 6)
[92mINFO [0m:      aggregate_evaluate: received 6 results and 0 failures
[92mINFO [0m:      
[92mINFO [0m:      [ROUND 17]
[92mINFO [0m:      configure_fit: strategy sampled 6 clients (out of 6)
[92mINFO [0m:      aggregate_fit: received 6 results and 0 failures
[92mINFO [0m:      configure_evaluate: strategy sampled 6 clients (out of 6)
[92mINFO [0m:      aggregate_evaluate: received 6 results and 0 failures
[92mINFO [0m:      
[92mINFO [0m:      [ROUND 18]
[92mINFO [0m:      configure_fit: strategy sampled 6 clients (out of 6)
[92mINFO [0m:      aggregate_fit: received 6 results and 0 failures
[92mINFO [0m:      configure_evaluate: strategy sampled 6 clients (out of 6)
[92mINFO [0m:      aggregate_evaluate: received 6 results and 0 failures
[92mINFO [0m:      
[92mINFO [0m:      [ROUND 19]
[92mINFO [0m:      configure_fit: strategy sampled 6 clients (out of 6)
[92mINFO [0m:      aggregate_fit: received 6 results and 0 failures
[92mINFO [0m:      configure_evaluate: strategy sampled 6 clients (out of 6)
[92mINFO [0m:      aggregate_evaluate: received 6 results and 0 failures
[92mINFO [0m:      
[92mINFO [0m:      [ROUND 20]
[92mINFO [0m:      configure_fit: strategy sampled 6 clients (out of 6)
[92mINFO [0m:      aggregate_fit: received 6 results and 0 failures
[92mINFO [0m:      configure_evaluate: strategy sampled 6 clients (out of 6)
[92mINFO [0m:      aggregate_evaluate: received 6 results and 0 failures
[92mINFO [0m:      
[92mINFO [0m:      [ROUND 21]
[92mINFO [0m:      configure_fit: strategy sampled 6 clients (out of 6)
[92mINFO [0m:      aggregate_fit: received 6 results and 0 failures
[92mINFO [0m:      configure_evaluate: strategy sampled 6 clients (out of 6)
[92mINFO [0m:      aggregate_evaluate: received 6 results and 0 failures
[92mINFO [0m:      
[92mINFO [0m:      [ROUND 22]
[92mINFO [0m:      configure_fit: strategy sampled 6 clients (out of 6)
[92mINFO [0m:      aggregate_fit: received 6 results and 0 failures
[92mINFO [0m:      configure_evaluate: strategy sampled 6 clients (out of 6)
[92mINFO [0m:      aggregate_evaluate: received 6 results and 0 failures
[92mINFO [0m:      
[92mINFO [0m:      [ROUND 23]
[92mINFO [0m:      configure_fit: strategy sampled 6 clients (out of 6)
[92mINFO [0m:      aggregate_fit: received 6 results and 0 failures
[92mINFO [0m:      configure_evaluate: strategy sampled 6 clients (out of 6)
[92mINFO [0m:      aggregate_evaluate: received 6 results and 0 failures
[92mINFO [0m:      
[92mINFO [0m:      [ROUND 24]
[92mINFO [0m:      configure_fit: strategy sampled 6 clients (out of 6)
[92mINFO [0m:      aggregate_fit: received 6 results and 0 failures
[92mINFO [0m:      configure_evaluate: strategy sampled 6 clients (out of 6)
[92mINFO [0m:      aggregate_evaluate: received 6 results and 0 failures
[92mINFO [0m:      
[92mINFO [0m:      [ROUND 25]
[92mINFO [0m:      configure_fit: strategy sampled 6 clients (out of 6)
[92mINFO [0m:      aggregate_fit: received 6 results and 0 failures
[92mINFO [0m:      configure_evaluate: strategy sampled 6 clients (out of 6)
[92mINFO [0m:      aggregate_evaluate: received 6 results and 0 failures
[92mINFO [0m:      
[92mINFO [0m:      [ROUND 26]
[92mINFO [0m:      configure_fit: strategy sampled 6 clients (out of 6)
[92mINFO [0m:      aggregate_fit: received 6 results and 0 failures
[92mINFO [0m:      configure_evaluate: strategy sampled 6 clients (out of 6)
[92mINFO [0m:      aggregate_evaluate: received 6 results and 0 failures
[92mINFO [0m:      
[92mINFO [0m:      [ROUND 27]
[92mINFO [0m:      configure_fit: strategy sampled 6 clients (out of 6)
[92mINFO [0m:      aggregate_fit: received 6 results and 0 failures
[92mINFO [0m:      configure_evaluate: strategy sampled 6 clients (out of 6)
[92mINFO [0m:      aggregate_evaluate: received 6 results and 0 failures
[92mINFO [0m:      
[92mINFO [0m:      [ROUND 28]
[92mINFO [0m:      configure_fit: strategy sampled 6 clients (out of 6)
[92mINFO [0m:      aggregate_fit: received 6 results and 0 failures
[92mINFO [0m:      configure_evaluate: strategy sampled 6 clients (out of 6)
[92mINFO [0m:      aggregate_evaluate: received 6 results and 0 failures
[92mINFO [0m:      
[92mINFO [0m:      [ROUND 29]
[92mINFO [0m:      configure_fit: strategy sampled 6 clients (out of 6)
[92mINFO [0m:      aggregate_fit: received 6 results and 0 failures
[92mINFO [0m:      configure_evaluate: strategy sampled 6 clients (out of 6)
[92mINFO [0m:      aggregate_evaluate: received 6 results and 0 failures
[92mINFO [0m:      
[92mINFO [0m:      [ROUND 30]
[92mINFO [0m:      configure_fit: strategy sampled 6 clients (out of 6)
[92mINFO [0m:      aggregate_fit: received 6 results and 0 failures
[92mINFO [0m:      configure_evaluate: strategy sampled 6 clients (out of 6)
[92mINFO [0m:      aggregate_evaluate: received 6 results and 0 failures
[92mINFO [0m:      
[92mINFO [0m:      [SUMMARY]
[92mINFO [0m:      Run finished 30 rounds in 51184.93s
[92mINFO [0m:      History (loss, distributed):
[92mINFO [0m:      	('\tround 1: 142.0397186279297\n'
[92mINFO [0m:      	 '\tround 2: 135.71282958984375\n'
[92mINFO [0m:      	 '\tround 3: 137.69252014160156\n'
[92mINFO [0m:      	 '\tround 4: 140.31297302246094\n'
[92mINFO [0m:      	 '\tround 5: 141.28822326660156\n'
[92mINFO [0m:      	 '\tround 6: 141.2022247314453\n'
[92mINFO [0m:      	 '\tround 7: 139.4740447998047\n'
[92mINFO [0m:      	 '\tround 8: 137.77972412109375\n'
[92mINFO [0m:      	 '\tround 9: 134.7427215576172\n'
[92mINFO [0m:      	 '\tround 10: 132.7020721435547\n'
[92mINFO [0m:      	 '\tround 11: 130.76300048828125\n'
[92mINFO [0m:      	 '\tround 12: 129.79644775390625\n'
[92mINFO [0m:      	 '\tround 13: 128.39810180664062\n'
[92mINFO [0m:      	 '\tround 14: 127.30027770996094\n'
[92mINFO [0m:      	 '\tround 15: 126.08612060546875\n'
[92mINFO [0m:      	 '\tround 16: 125.23086547851562\n'
[92mINFO [0m:      	 '\tround 17: 124.017578125\n'
[92mINFO [0m:      	 '\tround 18: 123.64478302001953\n'
[92mINFO [0m:      	 '\tround 19: 122.99409484863281\n'
[92mINFO [0m:      	 '\tround 20: 122.10566711425781\n'
[92mINFO [0m:      	 '\tround 21: 121.58415222167969\n'
[92mINFO [0m:      	 '\tround 22: 121.08059692382812\n'
[92mINFO [0m:      	 '\tround 23: 120.3185806274414\n'
[92mINFO [0m:      	 '\tround 24: 119.8053207397461\n'
[92mINFO [0m:      	 '\tround 25: 119.22537994384766\n'
[92mINFO [0m:      	 '\tround 26: 119.36760711669922\n'
[92mINFO [0m:      	 '\tround 27: 118.90310668945312\n'
[92mINFO [0m:      	 '\tround 28: 118.28096008300781\n'
[92mINFO [0m:      	 '\tround 29: 118.09677124023438\n'
[92mINFO [0m:      	 '\tround 30: 118.12688446044922\n')
[92mINFO [0m:      
[Server] Model checkpoint saved at round 1 => /home/dgxuser16/NTL/mccarthy/ahmad/github/dyn_noise/saved_model/model_checkpoint_round_1.pth
[Server] Model checkpoint saved at round 2 => /home/dgxuser16/NTL/mccarthy/ahmad/github/dyn_noise/saved_model/model_checkpoint_round_2.pth
[Server] Model checkpoint saved at round 3 => /home/dgxuser16/NTL/mccarthy/ahmad/github/dyn_noise/saved_model/model_checkpoint_round_3.pth
[Server] Model checkpoint saved at round 4 => /home/dgxuser16/NTL/mccarthy/ahmad/github/dyn_noise/saved_model/model_checkpoint_round_4.pth
[Server] Model checkpoint saved at round 5 => /home/dgxuser16/NTL/mccarthy/ahmad/github/dyn_noise/saved_model/model_checkpoint_round_5.pth
[Server] Model checkpoint saved at round 6 => /home/dgxuser16/NTL/mccarthy/ahmad/github/dyn_noise/saved_model/model_checkpoint_round_6.pth
[Server] Model checkpoint saved at round 7 => /home/dgxuser16/NTL/mccarthy/ahmad/github/dyn_noise/saved_model/model_checkpoint_round_7.pth
[Server] Model checkpoint saved at round 8 => /home/dgxuser16/NTL/mccarthy/ahmad/github/dyn_noise/saved_model/model_checkpoint_round_8.pth
[Server] Model checkpoint saved at round 9 => /home/dgxuser16/NTL/mccarthy/ahmad/github/dyn_noise/saved_model/model_checkpoint_round_9.pth
[Server] Model checkpoint saved at round 10 => /home/dgxuser16/NTL/mccarthy/ahmad/github/dyn_noise/saved_model/model_checkpoint_round_10.pth
[Server] Model checkpoint saved at round 11 => /home/dgxuser16/NTL/mccarthy/ahmad/github/dyn_noise/saved_model/model_checkpoint_round_11.pth
[Server] Model checkpoint saved at round 12 => /home/dgxuser16/NTL/mccarthy/ahmad/github/dyn_noise/saved_model/model_checkpoint_round_12.pth
[Server] Model checkpoint saved at round 13 => /home/dgxuser16/NTL/mccarthy/ahmad/github/dyn_noise/saved_model/model_checkpoint_round_13.pth
[Server] Model checkpoint saved at round 14 => /home/dgxuser16/NTL/mccarthy/ahmad/github/dyn_noise/saved_model/model_checkpoint_round_14.pth
[Server] Model checkpoint saved at round 15 => /home/dgxuser16/NTL/mccarthy/ahmad/github/dyn_noise/saved_model/model_checkpoint_round_15.pth
[Server] Model checkpoint saved at round 16 => /home/dgxuser16/NTL/mccarthy/ahmad/github/dyn_noise/saved_model/model_checkpoint_round_16.pth
[Server] Model checkpoint saved at round 17 => /home/dgxuser16/NTL/mccarthy/ahmad/github/dyn_noise/saved_model/model_checkpoint_round_17.pth
[Server] Model checkpoint saved at round 18 => /home/dgxuser16/NTL/mccarthy/ahmad/github/dyn_noise/saved_model/model_checkpoint_round_18.pth
[Server] Model checkpoint saved at round 19 => /home/dgxuser16/NTL/mccarthy/ahmad/github/dyn_noise/saved_model/model_checkpoint_round_19.pth
[Server] Model checkpoint saved at round 20 => /home/dgxuser16/NTL/mccarthy/ahmad/github/dyn_noise/saved_model/model_checkpoint_round_20.pth
[Server] Model checkpoint saved at round 21 => /home/dgxuser16/NTL/mccarthy/ahmad/github/dyn_noise/saved_model/model_checkpoint_round_21.pth
[Server] Model checkpoint saved at round 22 => /home/dgxuser16/NTL/mccarthy/ahmad/github/dyn_noise/saved_model/model_checkpoint_round_22.pth
[Server] Model checkpoint saved at round 23 => /home/dgxuser16/NTL/mccarthy/ahmad/github/dyn_noise/saved_model/model_checkpoint_round_23.pth
[Server] Model checkpoint saved at round 24 => /home/dgxuser16/NTL/mccarthy/ahmad/github/dyn_noise/saved_model/model_checkpoint_round_24.pth
[Server] Model checkpoint saved at round 25 => /home/dgxuser16/NTL/mccarthy/ahmad/github/dyn_noise/saved_model/model_checkpoint_round_25.pth
[Server] Model checkpoint saved at round 26 => /home/dgxuser16/NTL/mccarthy/ahmad/github/dyn_noise/saved_model/model_checkpoint_round_26.pth
[Server] Model checkpoint saved at round 27 => /home/dgxuser16/NTL/mccarthy/ahmad/github/dyn_noise/saved_model/model_checkpoint_round_27.pth
[Server] Model checkpoint saved at round 28 => /home/dgxuser16/NTL/mccarthy/ahmad/github/dyn_noise/saved_model/model_checkpoint_round_28.pth
[Server] Model checkpoint saved at round 29 => /home/dgxuser16/NTL/mccarthy/ahmad/github/dyn_noise/saved_model/model_checkpoint_round_29.pth
[Server] Model checkpoint saved at round 30 => /home/dgxuser16/NTL/mccarthy/ahmad/github/dyn_noise/saved_model/model_checkpoint_round_30.pth
Time taken (hours): 14.233469310204187
