nohup: ignoring input
/home/dgxuser16/anaconda3/envs/ihpc/lib/python3.8/site-packages/opacus/privacy_engine.py:95: UserWarning: Secure RNG turned off. This is perfectly fine for experimentation as it allows for much faster training performance, but remember to turn it on and retrain one last time before production with ``secure_mode`` turned on.
  warnings.warn(
02/17/2025 15:40:48:WARNING:Ignoring drop_last as it is not compatible with DPDataLoader.
02/17/2025 15:40:48:DEBUG:Opened insecure gRPC connection (no certificates were passed)
02/17/2025 15:40:48:DEBUG:ChannelConnectivity.IDLE
02/17/2025 15:40:48:DEBUG:ChannelConnectivity.READY
WARNING: All log messages before absl::InitializeLog() is called are written to STDERR
I0000 00:00:1739835648.661664  734902 fork_posix.cc:75] Other threads are currently calling into gRPC, skipping fork() handlers
[92mINFO [0m:      
02/17/2025 15:41:13:INFO:
[92mINFO [0m:      Received: train message c9af0dbb-e516-4de2-8c02-50ac695cb8ae
02/17/2025 15:41:13:INFO:Received: train message c9af0dbb-e516-4de2-8c02-50ac695cb8ae
/home/dgxuser16/anaconda3/envs/ihpc/lib/python3.8/site-packages/torch/nn/modules/module.py:1640: FutureWarning: Using a non-full backward hook when the forward contains multiple autograd Nodes is deprecated and will be removed in future versions. This hook will be missing some grad_input. Please use register_full_backward_hook to get the documented behavior.
  self._maybe_warn_non_full_backward_hook(args, result, grad_fn)
[92mINFO [0m:      Sent reply
02/17/2025 15:41:27:INFO:Sent reply
[92mINFO [0m:      
02/17/2025 15:42:24:INFO:
[92mINFO [0m:      Received: evaluate message 487831a4-00fb-4c9e-8810-90460679ffe8
02/17/2025 15:42:24:INFO:Received: evaluate message 487831a4-00fb-4c9e-8810-90460679ffe8
[92mINFO [0m:      Sent reply
02/17/2025 15:42:28:INFO:Sent reply
[92mINFO [0m:      
02/17/2025 15:43:00:INFO:
[92mINFO [0m:      Received: train message b07ac261-ef65-4836-a44f-9b171c7f4c46
02/17/2025 15:43:00:INFO:Received: train message b07ac261-ef65-4836-a44f-9b171c7f4c46
/home/dgxuser16/anaconda3/envs/ihpc/lib/python3.8/site-packages/torch/nn/modules/module.py:1640: FutureWarning: Using a non-full backward hook when the forward contains multiple autograd Nodes is deprecated and will be removed in future versions. This hook will be missing some grad_input. Please use register_full_backward_hook to get the documented behavior.
  self._maybe_warn_non_full_backward_hook(args, result, grad_fn)
[92mINFO [0m:      Sent reply
02/17/2025 15:43:10:INFO:Sent reply
[92mINFO [0m:      
02/17/2025 15:43:57:INFO:
[92mINFO [0m:      Received: evaluate message 037e6e4d-2238-40ab-bfff-774604dc761a
02/17/2025 15:43:57:INFO:Received: evaluate message 037e6e4d-2238-40ab-bfff-774604dc761a
[92mINFO [0m:      Sent reply
02/17/2025 15:44:01:INFO:Sent reply
[92mINFO [0m:      
02/17/2025 15:44:37:INFO:
[92mINFO [0m:      Received: train message ae9e7de1-3e5b-4ead-9a9b-1e6ada44b048
02/17/2025 15:44:37:INFO:Received: train message ae9e7de1-3e5b-4ead-9a9b-1e6ada44b048
/home/dgxuser16/anaconda3/envs/ihpc/lib/python3.8/site-packages/torch/nn/modules/module.py:1640: FutureWarning: Using a non-full backward hook when the forward contains multiple autograd Nodes is deprecated and will be removed in future versions. This hook will be missing some grad_input. Please use register_full_backward_hook to get the documented behavior.
  self._maybe_warn_non_full_backward_hook(args, result, grad_fn)
[92mINFO [0m:      Sent reply
02/17/2025 15:44:49:INFO:Sent reply
[92mINFO [0m:      
02/17/2025 15:45:22:INFO:
[92mINFO [0m:      Received: evaluate message c1264c42-0fe4-421b-8c07-b65171130b72
02/17/2025 15:45:22:INFO:Received: evaluate message c1264c42-0fe4-421b-8c07-b65171130b72
[92mINFO [0m:      Sent reply
02/17/2025 15:45:26:INFO:Sent reply
[92mINFO [0m:      
02/17/2025 15:46:26:INFO:
[92mINFO [0m:      Received: train message 4d0f3818-f930-4e46-a4ee-5d3f46429752
02/17/2025 15:46:26:INFO:Received: train message 4d0f3818-f930-4e46-a4ee-5d3f46429752
/home/dgxuser16/anaconda3/envs/ihpc/lib/python3.8/site-packages/torch/nn/modules/module.py:1640: FutureWarning: Using a non-full backward hook when the forward contains multiple autograd Nodes is deprecated and will be removed in future versions. This hook will be missing some grad_input. Please use register_full_backward_hook to get the documented behavior.
  self._maybe_warn_non_full_backward_hook(args, result, grad_fn)
[92mINFO [0m:      Sent reply
02/17/2025 15:46:36:INFO:Sent reply
[92mINFO [0m:      
02/17/2025 15:47:23:INFO:
[92mINFO [0m:      Received: evaluate message 17b9a6ab-1666-4231-8c31-5e50e397a39b
02/17/2025 15:47:23:INFO:Received: evaluate message 17b9a6ab-1666-4231-8c31-5e50e397a39b
[92mINFO [0m:      Sent reply
02/17/2025 15:47:28:INFO:Sent reply
[92mINFO [0m:      
02/17/2025 15:48:02:INFO:
[92mINFO [0m:      Received: train message 801ebdcb-2033-4dee-8a6e-3658a81ba7c3
02/17/2025 15:48:02:INFO:Received: train message 801ebdcb-2033-4dee-8a6e-3658a81ba7c3
/home/dgxuser16/anaconda3/envs/ihpc/lib/python3.8/site-packages/torch/nn/modules/module.py:1640: FutureWarning: Using a non-full backward hook when the forward contains multiple autograd Nodes is deprecated and will be removed in future versions. This hook will be missing some grad_input. Please use register_full_backward_hook to get the documented behavior.
  self._maybe_warn_non_full_backward_hook(args, result, grad_fn)
[92mINFO [0m:      Sent reply
02/17/2025 15:48:13:INFO:Sent reply
[92mINFO [0m:      
02/17/2025 15:49:12:INFO:
[92mINFO [0m:      Received: evaluate message 535b5f9d-d986-4b70-b337-21a50838f222
02/17/2025 15:49:12:INFO:Received: evaluate message 535b5f9d-d986-4b70-b337-21a50838f222
[92mINFO [0m:      Sent reply
02/17/2025 15:49:16:INFO:Sent reply
[92mINFO [0m:      
02/17/2025 15:49:54:INFO:
[92mINFO [0m:      Received: train message 5a7db2fb-ac6c-4de7-99bd-de59c7492e55
02/17/2025 15:49:54:INFO:Received: train message 5a7db2fb-ac6c-4de7-99bd-de59c7492e55
/home/dgxuser16/anaconda3/envs/ihpc/lib/python3.8/site-packages/torch/nn/modules/module.py:1640: FutureWarning: Using a non-full backward hook when the forward contains multiple autograd Nodes is deprecated and will be removed in future versions. This hook will be missing some grad_input. Please use register_full_backward_hook to get the documented behavior.
  self._maybe_warn_non_full_backward_hook(args, result, grad_fn)
[92mINFO [0m:      Sent reply
02/17/2025 15:50:03:INFO:Sent reply
[92mINFO [0m:      
02/17/2025 15:50:56:INFO:
[92mINFO [0m:      Received: evaluate message 555df2ca-8a58-4049-b02d-05017cc94200
02/17/2025 15:50:56:INFO:Received: evaluate message 555df2ca-8a58-4049-b02d-05017cc94200
[92mINFO [0m:      Sent reply
02/17/2025 15:50:59:INFO:Sent reply
[92mINFO [0m:      
02/17/2025 15:52:05:INFO:
[92mINFO [0m:      Received: train message eb6bd3f0-ccf0-460e-9fe4-45fddd3b25f5
02/17/2025 15:52:05:INFO:Received: train message eb6bd3f0-ccf0-460e-9fe4-45fddd3b25f5
/home/dgxuser16/anaconda3/envs/ihpc/lib/python3.8/site-packages/torch/nn/modules/module.py:1640: FutureWarning: Using a non-full backward hook when the forward contains multiple autograd Nodes is deprecated and will be removed in future versions. This hook will be missing some grad_input. Please use register_full_backward_hook to get the documented behavior.
  self._maybe_warn_non_full_backward_hook(args, result, grad_fn)
[92mINFO [0m:      Sent reply
02/17/2025 15:52:15:INFO:Sent reply
[92mINFO [0m:      
02/17/2025 15:53:13:INFO:
[92mINFO [0m:      Received: evaluate message a776c212-cfd8-485c-bfc1-f8f5acd58700
02/17/2025 15:53:13:INFO:Received: evaluate message a776c212-cfd8-485c-bfc1-f8f5acd58700
[92mINFO [0m:      Sent reply
02/17/2025 15:53:19:INFO:Sent reply
[92mINFO [0m:      
02/17/2025 15:54:17:INFO:
[92mINFO [0m:      Received: train message f0b52e04-882b-467d-87a2-db8adabeb280
02/17/2025 15:54:17:INFO:Received: train message f0b52e04-882b-467d-87a2-db8adabeb280
/home/dgxuser16/anaconda3/envs/ihpc/lib/python3.8/site-packages/torch/nn/modules/module.py:1640: FutureWarning: Using a non-full backward hook when the forward contains multiple autograd Nodes is deprecated and will be removed in future versions. This hook will be missing some grad_input. Please use register_full_backward_hook to get the documented behavior.
  self._maybe_warn_non_full_backward_hook(args, result, grad_fn)
[92mINFO [0m:      Sent reply
02/17/2025 15:54:30:INFO:Sent reply
[92mINFO [0m:      
02/17/2025 15:55:05:INFO:
[92mINFO [0m:      Received: evaluate message fab45ae2-349f-4c1b-9dfc-135bd714cbed
02/17/2025 15:55:05:INFO:Received: evaluate message fab45ae2-349f-4c1b-9dfc-135bd714cbed
[92mINFO [0m:      Sent reply
02/17/2025 15:55:11:INFO:Sent reply
[92mINFO [0m:      
02/17/2025 15:56:04:INFO:
[92mINFO [0m:      Received: train message 599c0302-2291-4262-950e-e9281f34feb6
02/17/2025 15:56:04:INFO:Received: train message 599c0302-2291-4262-950e-e9281f34feb6
/home/dgxuser16/anaconda3/envs/ihpc/lib/python3.8/site-packages/torch/nn/modules/module.py:1640: FutureWarning: Using a non-full backward hook when the forward contains multiple autograd Nodes is deprecated and will be removed in future versions. This hook will be missing some grad_input. Please use register_full_backward_hook to get the documented behavior.
  self._maybe_warn_non_full_backward_hook(args, result, grad_fn)
[92mINFO [0m:      Sent reply
02/17/2025 15:56:16:INFO:Sent reply
[92mINFO [0m:      
02/17/2025 15:56:58:INFO:
[92mINFO [0m:      Received: evaluate message 54febc7c-fc41-467a-9b92-0c1db11367df
02/17/2025 15:56:58:INFO:Received: evaluate message 54febc7c-fc41-467a-9b92-0c1db11367df
[92mINFO [0m:      Sent reply
02/17/2025 15:57:06:INFO:Sent reply
[92mINFO [0m:      
02/17/2025 15:57:40:INFO:
[92mINFO [0m:      Received: train message ec947dfc-010c-43cd-a4bc-8f293ef566e6
02/17/2025 15:57:40:INFO:Received: train message ec947dfc-010c-43cd-a4bc-8f293ef566e6
/home/dgxuser16/anaconda3/envs/ihpc/lib/python3.8/site-packages/torch/nn/modules/module.py:1640: FutureWarning: Using a non-full backward hook when the forward contains multiple autograd Nodes is deprecated and will be removed in future versions. This hook will be missing some grad_input. Please use register_full_backward_hook to get the documented behavior.
  self._maybe_warn_non_full_backward_hook(args, result, grad_fn)
[92mINFO [0m:      Sent reply
02/17/2025 15:57:52:INFO:Sent reply
[92mINFO [0m:      
02/17/2025 15:58:50:INFO:
[92mINFO [0m:      Received: evaluate message 99ac66b8-f100-4598-931e-4b8f16a6d8bd
02/17/2025 15:58:50:INFO:Received: evaluate message 99ac66b8-f100-4598-931e-4b8f16a6d8bd
[92mINFO [0m:      Sent reply
02/17/2025 15:58:53:INFO:Sent reply
[92mINFO [0m:      
02/17/2025 15:59:48:INFO:
[92mINFO [0m:      Received: train message d38abd33-b716-4bd1-9350-709b534cb031
02/17/2025 15:59:48:INFO:Received: train message d38abd33-b716-4bd1-9350-709b534cb031
/home/dgxuser16/anaconda3/envs/ihpc/lib/python3.8/site-packages/torch/nn/modules/module.py:1640: FutureWarning: Using a non-full backward hook when the forward contains multiple autograd Nodes is deprecated and will be removed in future versions. This hook will be missing some grad_input. Please use register_full_backward_hook to get the documented behavior.
  self._maybe_warn_non_full_backward_hook(args, result, grad_fn)
[92mINFO [0m:      Sent reply
02/17/2025 16:00:00:INFO:Sent reply
[92mINFO [0m:      
02/17/2025 16:00:59:INFO:
[92mINFO [0m:      Received: evaluate message 15c72b9b-0fa9-4ec8-9a2e-3782f75295c7
02/17/2025 16:00:59:INFO:Received: evaluate message 15c72b9b-0fa9-4ec8-9a2e-3782f75295c7
[92mINFO [0m:      Sent reply
02/17/2025 16:01:02:INFO:Sent reply
[92mINFO [0m:      
02/17/2025 16:01:36:INFO:
[92mINFO [0m:      Received: train message 478fa83b-78d7-48f6-82e2-1239ae7c7916
02/17/2025 16:01:36:INFO:Received: train message 478fa83b-78d7-48f6-82e2-1239ae7c7916
/home/dgxuser16/anaconda3/envs/ihpc/lib/python3.8/site-packages/torch/nn/modules/module.py:1640: FutureWarning: Using a non-full backward hook when the forward contains multiple autograd Nodes is deprecated and will be removed in future versions. This hook will be missing some grad_input. Please use register_full_backward_hook to get the documented behavior.
  self._maybe_warn_non_full_backward_hook(args, result, grad_fn)
[92mINFO [0m:      Sent reply
02/17/2025 16:01:46:INFO:Sent reply
[92mINFO [0m:      
02/17/2025 16:02:47:INFO:
[92mINFO [0m:      Received: evaluate message 6e02f27b-ff58-4e4c-a5c7-166e5e5214a6
02/17/2025 16:02:47:INFO:Received: evaluate message 6e02f27b-ff58-4e4c-a5c7-166e5e5214a6
[92mINFO [0m:      Sent reply
02/17/2025 16:02:52:INFO:Sent reply
[92mINFO [0m:      
02/17/2025 16:03:43:INFO:
[92mINFO [0m:      Received: train message 900cbaea-369b-4b2e-801d-1ca9a6586759
02/17/2025 16:03:43:INFO:Received: train message 900cbaea-369b-4b2e-801d-1ca9a6586759
/home/dgxuser16/anaconda3/envs/ihpc/lib/python3.8/site-packages/torch/nn/modules/module.py:1640: FutureWarning: Using a non-full backward hook when the forward contains multiple autograd Nodes is deprecated and will be removed in future versions. This hook will be missing some grad_input. Please use register_full_backward_hook to get the documented behavior.
  self._maybe_warn_non_full_backward_hook(args, result, grad_fn)
[92mINFO [0m:      Sent reply
02/17/2025 16:03:54:INFO:Sent reply
[92mINFO [0m:      
02/17/2025 16:04:47:INFO:
[92mINFO [0m:      Received: evaluate message 611bd212-df89-4c5c-99ef-067a11162442
02/17/2025 16:04:47:INFO:Received: evaluate message 611bd212-df89-4c5c-99ef-067a11162442
[92mINFO [0m:      Sent reply
02/17/2025 16:04:49:INFO:Sent reply
[92mINFO [0m:      
02/17/2025 16:05:36:INFO:
[92mINFO [0m:      Received: train message f5fa1019-d3a7-4585-9048-bef88286493c
02/17/2025 16:05:36:INFO:Received: train message f5fa1019-d3a7-4585-9048-bef88286493c
/home/dgxuser16/anaconda3/envs/ihpc/lib/python3.8/site-packages/torch/nn/modules/module.py:1640: FutureWarning: Using a non-full backward hook when the forward contains multiple autograd Nodes is deprecated and will be removed in future versions. This hook will be missing some grad_input. Please use register_full_backward_hook to get the documented behavior.
  self._maybe_warn_non_full_backward_hook(args, result, grad_fn)
[92mINFO [0m:      Sent reply
02/17/2025 16:05:48:INFO:Sent reply
[92mINFO [0m:      
02/17/2025 16:06:40:INFO:
[92mINFO [0m:      Received: evaluate message fc0785b0-e7b5-4c78-b6da-590280387213
02/17/2025 16:06:40:INFO:Received: evaluate message fc0785b0-e7b5-4c78-b6da-590280387213
[92mINFO [0m:      Sent reply
02/17/2025 16:06:43:INFO:Sent reply
[92mINFO [0m:      
02/17/2025 16:07:28:INFO:
[92mINFO [0m:      Received: train message 7ea47642-be2f-4a1e-bf01-c0a3d9b6910e
02/17/2025 16:07:28:INFO:Received: train message 7ea47642-be2f-4a1e-bf01-c0a3d9b6910e
/home/dgxuser16/anaconda3/envs/ihpc/lib/python3.8/site-packages/torch/nn/modules/module.py:1640: FutureWarning: Using a non-full backward hook when the forward contains multiple autograd Nodes is deprecated and will be removed in future versions. This hook will be missing some grad_input. Please use register_full_backward_hook to get the documented behavior.
  self._maybe_warn_non_full_backward_hook(args, result, grad_fn)
[92mINFO [0m:      Sent reply
02/17/2025 16:07:43:INFO:Sent reply
[92mINFO [0m:      
02/17/2025 16:08:43:INFO:
[92mINFO [0m:      Received: evaluate message 93e2fee4-3b1e-49bb-864a-9ce35ddf2b1d
02/17/2025 16:08:43:INFO:Received: evaluate message 93e2fee4-3b1e-49bb-864a-9ce35ddf2b1d
[92mINFO [0m:      Sent reply
02/17/2025 16:08:46:INFO:Sent reply
[92mINFO [0m:      
02/17/2025 16:09:25:INFO:
[92mINFO [0m:      Received: train message a3881aad-649c-435f-8add-0027d826583c
02/17/2025 16:09:25:INFO:Received: train message a3881aad-649c-435f-8add-0027d826583c
/home/dgxuser16/anaconda3/envs/ihpc/lib/python3.8/site-packages/torch/nn/modules/module.py:1640: FutureWarning: Using a non-full backward hook when the forward contains multiple autograd Nodes is deprecated and will be removed in future versions. This hook will be missing some grad_input. Please use register_full_backward_hook to get the documented behavior.
  self._maybe_warn_non_full_backward_hook(args, result, grad_fn)
[92mINFO [0m:      Sent reply
02/17/2025 16:09:38:INFO:Sent reply
[92mINFO [0m:      
02/17/2025 16:11:03:INFO:
[92mINFO [0m:      Received: evaluate message b43770b1-43e9-467b-8f8c-85800fb40e68
02/17/2025 16:11:03:INFO:Received: evaluate message b43770b1-43e9-467b-8f8c-85800fb40e68
Device: cuda:0
Params: {'batch_size': 32, 'local_epochs': 3, 'full_dataset_size': 6400, 'number_of_classes': 4}
Privacy Params: {'target_delta': 1e-05, 'noise_multiplier': 1.5, 'max_grad_norm': 1.0}
Epsilon = 1.42

{'loss': [1.1154576903493074], 'accuracy': [0.49726348709929635], 'auc': [0.5734022748932928]}

Epsilon = 1.95

{'loss': [1.1154576903493074, 1.0920067346124], 'accuracy': [0.49726348709929635, 0.4980453479280688], 'auc': [0.5734022748932928, 0.6460728846583308]}

Epsilon = 2.38

{'loss': [1.1154576903493074, 1.0920067346124, 1.0662111886503922], 'accuracy': [0.49726348709929635, 0.4980453479280688, 0.509773260359656], 'auc': [0.5734022748932928, 0.6460728846583308, 0.6656143019391354]}

Epsilon = 2.75

{'loss': [1.1154576903493074, 1.0920067346124, 1.0662111886503922, 1.060247216306691], 'accuracy': [0.49726348709929635, 0.4980453479280688, 0.509773260359656, 0.506645817044566], 'auc': [0.5734022748932928, 0.6460728846583308, 0.6656143019391354, 0.6780325410389172]}

Epsilon = 3.09

{'loss': [1.1154576903493074, 1.0920067346124, 1.0662111886503922, 1.060247216306691, 1.0564713424029437], 'accuracy': [0.49726348709929635, 0.4980453479280688, 0.509773260359656, 0.506645817044566, 0.5136825645035183], 'auc': [0.5734022748932928, 0.6460728846583308, 0.6656143019391354, 0.6780325410389172, 0.6888414887190208]}

Epsilon = 3.39

{'loss': [1.1154576903493074, 1.0920067346124, 1.0662111886503922, 1.060247216306691, 1.0564713424029437, 1.0627259418682906], 'accuracy': [0.49726348709929635, 0.4980453479280688, 0.509773260359656, 0.506645817044566, 0.5136825645035183, 0.5160281469898358], 'auc': [0.5734022748932928, 0.6460728846583308, 0.6656143019391354, 0.6780325410389172, 0.6888414887190208, 0.7003126263003349]}

Epsilon = 3.68

{'loss': [1.1154576903493074, 1.0920067346124, 1.0662111886503922, 1.060247216306691, 1.0564713424029437, 1.0627259418682906, 1.064148606034906], 'accuracy': [0.49726348709929635, 0.4980453479280688, 0.509773260359656, 0.506645817044566, 0.5136825645035183, 0.5160281469898358, 0.5129007036747459], 'auc': [0.5734022748932928, 0.6460728846583308, 0.6656143019391354, 0.6780325410389172, 0.6888414887190208, 0.7003126263003349, 0.6993723889604007]}

Epsilon = 3.95

{'loss': [1.1154576903493074, 1.0920067346124, 1.0662111886503922, 1.060247216306691, 1.0564713424029437, 1.0627259418682906, 1.064148606034906, 1.0876237823219388], 'accuracy': [0.49726348709929635, 0.4980453479280688, 0.509773260359656, 0.506645817044566, 0.5136825645035183, 0.5160281469898358, 0.5129007036747459, 0.5129007036747459], 'auc': [0.5734022748932928, 0.6460728846583308, 0.6656143019391354, 0.6780325410389172, 0.6888414887190208, 0.7003126263003349, 0.6993723889604007, 0.7030446851505365]}

Epsilon = 4.21

{'loss': [1.1154576903493074, 1.0920067346124, 1.0662111886503922, 1.060247216306691, 1.0564713424029437, 1.0627259418682906, 1.064148606034906, 1.0876237823219388, 1.078993130326737], 'accuracy': [0.49726348709929635, 0.4980453479280688, 0.509773260359656, 0.506645817044566, 0.5136825645035183, 0.5160281469898358, 0.5129007036747459, 0.5129007036747459, 0.5121188428459734], 'auc': [0.5734022748932928, 0.6460728846583308, 0.6656143019391354, 0.6780325410389172, 0.6888414887190208, 0.7003126263003349, 0.6993723889604007, 0.7030446851505365, 0.7071632607422439]}

Epsilon = 4.45

{'loss': [1.1154576903493074, 1.0920067346124, 1.0662111886503922, 1.060247216306691, 1.0564713424029437, 1.0627259418682906, 1.064148606034906, 1.0876237823219388, 1.078993130326737, 1.0857503706817986], 'accuracy': [0.49726348709929635, 0.4980453479280688, 0.509773260359656, 0.506645817044566, 0.5136825645035183, 0.5160281469898358, 0.5129007036747459, 0.5129007036747459, 0.5121188428459734, 0.5160281469898358], 'auc': [0.5734022748932928, 0.6460728846583308, 0.6656143019391354, 0.6780325410389172, 0.6888414887190208, 0.7003126263003349, 0.6993723889604007, 0.7030446851505365, 0.7071632607422439, 0.7134668450224181]}

Epsilon = 4.69

{'loss': [1.1154576903493074, 1.0920067346124, 1.0662111886503922, 1.060247216306691, 1.0564713424029437, 1.0627259418682906, 1.064148606034906, 1.0876237823219388, 1.078993130326737, 1.0857503706817986, 1.0839449735802538], 'accuracy': [0.49726348709929635, 0.4980453479280688, 0.509773260359656, 0.506645817044566, 0.5136825645035183, 0.5160281469898358, 0.5129007036747459, 0.5129007036747459, 0.5121188428459734, 0.5160281469898358, 0.5199374511336982], 'auc': [0.5734022748932928, 0.6460728846583308, 0.6656143019391354, 0.6780325410389172, 0.6888414887190208, 0.7003126263003349, 0.6993723889604007, 0.7030446851505365, 0.7071632607422439, 0.7134668450224181, 0.7147309284882433]}

Epsilon = 4.92

{'loss': [1.1154576903493074, 1.0920067346124, 1.0662111886503922, 1.060247216306691, 1.0564713424029437, 1.0627259418682906, 1.064148606034906, 1.0876237823219388, 1.078993130326737, 1.0857503706817986, 1.0839449735802538, 1.072570672764081], 'accuracy': [0.49726348709929635, 0.4980453479280688, 0.509773260359656, 0.506645817044566, 0.5136825645035183, 0.5160281469898358, 0.5129007036747459, 0.5129007036747459, 0.5121188428459734, 0.5160281469898358, 0.5199374511336982, 0.5230648944487881], 'auc': [0.5734022748932928, 0.6460728846583308, 0.6656143019391354, 0.6780325410389172, 0.6888414887190208, 0.7003126263003349, 0.6993723889604007, 0.7030446851505365, 0.7071632607422439, 0.7134668450224181, 0.7147309284882433, 0.7142070588685987]}

Epsilon = 5.14

{'loss': [1.1154576903493074, 1.0920067346124, 1.0662111886503922, 1.060247216306691, 1.0564713424029437, 1.0627259418682906, 1.064148606034906, 1.0876237823219388, 1.078993130326737, 1.0857503706817986, 1.0839449735802538, 1.072570672764081, 1.0919451426490383], 'accuracy': [0.49726348709929635, 0.4980453479280688, 0.509773260359656, 0.506645817044566, 0.5136825645035183, 0.5160281469898358, 0.5129007036747459, 0.5129007036747459, 0.5121188428459734, 0.5160281469898358, 0.5199374511336982, 0.5230648944487881, 0.5191555903049258], 'auc': [0.5734022748932928, 0.6460728846583308, 0.6656143019391354, 0.6780325410389172, 0.6888414887190208, 0.7003126263003349, 0.6993723889604007, 0.7030446851505365, 0.7071632607422439, 0.7134668450224181, 0.7147309284882433, 0.7142070588685987, 0.7184347789127759]}

Epsilon = 5.36

{'loss': [1.1154576903493074, 1.0920067346124, 1.0662111886503922, 1.060247216306691, 1.0564713424029437, 1.0627259418682906, 1.064148606034906, 1.0876237823219388, 1.078993130326737, 1.0857503706817986, 1.0839449735802538, 1.072570672764081, 1.0919451426490383, 1.084838024986452], 'accuracy': [0.49726348709929635, 0.4980453479280688, 0.509773260359656, 0.506645817044566, 0.5136825645035183, 0.5160281469898358, 0.5129007036747459, 0.5129007036747459, 0.5121188428459734, 0.5160281469898358, 0.5199374511336982, 0.5230648944487881, 0.5191555903049258, 0.5238467552775606], 'auc': [0.5734022748932928, 0.6460728846583308, 0.6656143019391354, 0.6780325410389172, 0.6888414887190208, 0.7003126263003349, 0.6993723889604007, 0.7030446851505365, 0.7071632607422439, 0.7134668450224181, 0.7147309284882433, 0.7142070588685987, 0.7184347789127759, 0.7196400146453641]}

Epsilon = 5.57

{'loss': [1.1154576903493074, 1.0920067346124, 1.0662111886503922, 1.060247216306691, 1.0564713424029437, 1.0627259418682906, 1.064148606034906, 1.0876237823219388, 1.078993130326737, 1.0857503706817986, 1.0839449735802538, 1.072570672764081, 1.0919451426490383, 1.084838024986452, 1.1005995313668269], 'accuracy': [0.49726348709929635, 0.4980453479280688, 0.509773260359656, 0.506645817044566, 0.5136825645035183, 0.5160281469898358, 0.5129007036747459, 0.5129007036747459, 0.5121188428459734, 0.5160281469898358, 0.5199374511336982, 0.5230648944487881, 0.5191555903049258, 0.5238467552775606, 0.5207193119624707], 'auc': [0.5734022748932928, 0.6460728846583308, 0.6656143019391354, 0.6780325410389172, 0.6888414887190208, 0.7003126263003349, 0.6993723889604007, 0.7030446851505365, 0.7071632607422439, 0.7134668450224181, 0.7147309284882433, 0.7142070588685987, 0.7184347789127759, 0.7196400146453641, 0.7222795012802739]}

Epsilon = 5.77
[92mINFO [0m:      Sent reply
02/17/2025 16:11:06:INFO:Sent reply
[92mINFO [0m:      
02/17/2025 16:11:46:INFO:
[92mINFO [0m:      Received: train message a29ee6e4-cb83-4093-90d3-d3d03284afe4
02/17/2025 16:11:46:INFO:Received: train message a29ee6e4-cb83-4093-90d3-d3d03284afe4
/home/dgxuser16/anaconda3/envs/ihpc/lib/python3.8/site-packages/torch/nn/modules/module.py:1640: FutureWarning: Using a non-full backward hook when the forward contains multiple autograd Nodes is deprecated and will be removed in future versions. This hook will be missing some grad_input. Please use register_full_backward_hook to get the documented behavior.
  self._maybe_warn_non_full_backward_hook(args, result, grad_fn)
[92mINFO [0m:      Sent reply
02/17/2025 16:11:57:INFO:Sent reply
[92mINFO [0m:      
02/17/2025 16:12:42:INFO:
[92mINFO [0m:      Received: evaluate message 27556784-12d9-42d8-9107-8a49e3a2e86c
02/17/2025 16:12:42:INFO:Received: evaluate message 27556784-12d9-42d8-9107-8a49e3a2e86c
[92mINFO [0m:      Sent reply
02/17/2025 16:12:46:INFO:Sent reply
[92mINFO [0m:      
02/17/2025 16:13:07:INFO:
[92mINFO [0m:      Received: train message 6536ab2e-208e-4098-a40e-d2e08399755a
02/17/2025 16:13:07:INFO:Received: train message 6536ab2e-208e-4098-a40e-d2e08399755a
/home/dgxuser16/anaconda3/envs/ihpc/lib/python3.8/site-packages/torch/nn/modules/module.py:1640: FutureWarning: Using a non-full backward hook when the forward contains multiple autograd Nodes is deprecated and will be removed in future versions. This hook will be missing some grad_input. Please use register_full_backward_hook to get the documented behavior.
  self._maybe_warn_non_full_backward_hook(args, result, grad_fn)
[92mINFO [0m:      Sent reply
02/17/2025 16:13:19:INFO:Sent reply
[92mINFO [0m:      
02/17/2025 16:14:31:INFO:
[92mINFO [0m:      Received: evaluate message 947b9d56-baca-4faf-a183-e48011d0578f
02/17/2025 16:14:31:INFO:Received: evaluate message 947b9d56-baca-4faf-a183-e48011d0578f
[92mINFO [0m:      Sent reply
02/17/2025 16:14:36:INFO:Sent reply
[92mINFO [0m:      
02/17/2025 16:15:17:INFO:
[92mINFO [0m:      Received: train message 0f6c1092-956e-41f0-a41c-2cff577b4b27
02/17/2025 16:15:17:INFO:Received: train message 0f6c1092-956e-41f0-a41c-2cff577b4b27
/home/dgxuser16/anaconda3/envs/ihpc/lib/python3.8/site-packages/torch/nn/modules/module.py:1640: FutureWarning: Using a non-full backward hook when the forward contains multiple autograd Nodes is deprecated and will be removed in future versions. This hook will be missing some grad_input. Please use register_full_backward_hook to get the documented behavior.
  self._maybe_warn_non_full_backward_hook(args, result, grad_fn)
[92mINFO [0m:      Sent reply
02/17/2025 16:15:32:INFO:Sent reply
[92mINFO [0m:      
02/17/2025 16:16:07:INFO:
[92mINFO [0m:      Received: evaluate message 5d509299-de9f-46c0-aaba-1f1183dd160c
02/17/2025 16:16:07:INFO:Received: evaluate message 5d509299-de9f-46c0-aaba-1f1183dd160c
[92mINFO [0m:      Sent reply
02/17/2025 16:16:11:INFO:Sent reply
[92mINFO [0m:      
02/17/2025 16:17:05:INFO:
[92mINFO [0m:      Received: train message 78e4d291-fe49-4669-8f01-6faeea3980f9
02/17/2025 16:17:05:INFO:Received: train message 78e4d291-fe49-4669-8f01-6faeea3980f9
/home/dgxuser16/anaconda3/envs/ihpc/lib/python3.8/site-packages/torch/nn/modules/module.py:1640: FutureWarning: Using a non-full backward hook when the forward contains multiple autograd Nodes is deprecated and will be removed in future versions. This hook will be missing some grad_input. Please use register_full_backward_hook to get the documented behavior.
  self._maybe_warn_non_full_backward_hook(args, result, grad_fn)
[92mINFO [0m:      Sent reply
02/17/2025 16:17:18:INFO:Sent reply
[92mINFO [0m:      
02/17/2025 16:17:58:INFO:
[92mINFO [0m:      Received: evaluate message 839f1eb8-36e8-4e4a-8b0a-16aa6d9b642a
02/17/2025 16:17:58:INFO:Received: evaluate message 839f1eb8-36e8-4e4a-8b0a-16aa6d9b642a
[92mINFO [0m:      Sent reply
02/17/2025 16:18:00:INFO:Sent reply
[92mINFO [0m:      
02/17/2025 16:19:01:INFO:
[92mINFO [0m:      Received: train message 2cc5c9af-00fb-45a4-a539-05ddf490bc34
02/17/2025 16:19:01:INFO:Received: train message 2cc5c9af-00fb-45a4-a539-05ddf490bc34
/home/dgxuser16/anaconda3/envs/ihpc/lib/python3.8/site-packages/torch/nn/modules/module.py:1640: FutureWarning: Using a non-full backward hook when the forward contains multiple autograd Nodes is deprecated and will be removed in future versions. This hook will be missing some grad_input. Please use register_full_backward_hook to get the documented behavior.
  self._maybe_warn_non_full_backward_hook(args, result, grad_fn)
[92mINFO [0m:      Sent reply
02/17/2025 16:19:15:INFO:Sent reply
[92mINFO [0m:      
02/17/2025 16:20:12:INFO:
[92mINFO [0m:      Received: evaluate message be53deba-7951-4716-90a3-b472a4eb02cf
02/17/2025 16:20:12:INFO:Received: evaluate message be53deba-7951-4716-90a3-b472a4eb02cf
[92mINFO [0m:      Sent reply
02/17/2025 16:20:16:INFO:Sent reply
[92mINFO [0m:      
02/17/2025 16:20:49:INFO:
[92mINFO [0m:      Received: train message 0df3d32d-ee91-4477-9193-aa3ed769b033
02/17/2025 16:20:49:INFO:Received: train message 0df3d32d-ee91-4477-9193-aa3ed769b033
/home/dgxuser16/anaconda3/envs/ihpc/lib/python3.8/site-packages/torch/nn/modules/module.py:1640: FutureWarning: Using a non-full backward hook when the forward contains multiple autograd Nodes is deprecated and will be removed in future versions. This hook will be missing some grad_input. Please use register_full_backward_hook to get the documented behavior.
  self._maybe_warn_non_full_backward_hook(args, result, grad_fn)
[92mINFO [0m:      Sent reply
02/17/2025 16:21:03:INFO:Sent reply
[92mINFO [0m:      
02/17/2025 16:21:56:INFO:
[92mINFO [0m:      Received: evaluate message 6dc0e83a-3116-4232-9026-68b9e269dd95
02/17/2025 16:21:56:INFO:Received: evaluate message 6dc0e83a-3116-4232-9026-68b9e269dd95

{'loss': [1.1154576903493074, 1.0920067346124, 1.0662111886503922, 1.060247216306691, 1.0564713424029437, 1.0627259418682906, 1.064148606034906, 1.0876237823219388, 1.078993130326737, 1.0857503706817986, 1.0839449735802538, 1.072570672764081, 1.0919451426490383, 1.084838024986452, 1.1005995313668269, 1.1094189887870747], 'accuracy': [0.49726348709929635, 0.4980453479280688, 0.509773260359656, 0.506645817044566, 0.5136825645035183, 0.5160281469898358, 0.5129007036747459, 0.5129007036747459, 0.5121188428459734, 0.5160281469898358, 0.5199374511336982, 0.5230648944487881, 0.5191555903049258, 0.5238467552775606, 0.5207193119624707, 0.5215011727912432], 'auc': [0.5734022748932928, 0.6460728846583308, 0.6656143019391354, 0.6780325410389172, 0.6888414887190208, 0.7003126263003349, 0.6993723889604007, 0.7030446851505365, 0.7071632607422439, 0.7134668450224181, 0.7147309284882433, 0.7142070588685987, 0.7184347789127759, 0.7196400146453641, 0.7222795012802739, 0.7241849528839206]}

Epsilon = 5.97

{'loss': [1.1154576903493074, 1.0920067346124, 1.0662111886503922, 1.060247216306691, 1.0564713424029437, 1.0627259418682906, 1.064148606034906, 1.0876237823219388, 1.078993130326737, 1.0857503706817986, 1.0839449735802538, 1.072570672764081, 1.0919451426490383, 1.084838024986452, 1.1005995313668269, 1.1094189887870747, 1.1089908292836002], 'accuracy': [0.49726348709929635, 0.4980453479280688, 0.509773260359656, 0.506645817044566, 0.5136825645035183, 0.5160281469898358, 0.5129007036747459, 0.5129007036747459, 0.5121188428459734, 0.5160281469898358, 0.5199374511336982, 0.5230648944487881, 0.5191555903049258, 0.5238467552775606, 0.5207193119624707, 0.5215011727912432, 0.524628616106333], 'auc': [0.5734022748932928, 0.6460728846583308, 0.6656143019391354, 0.6780325410389172, 0.6888414887190208, 0.7003126263003349, 0.6993723889604007, 0.7030446851505365, 0.7071632607422439, 0.7134668450224181, 0.7147309284882433, 0.7142070588685987, 0.7184347789127759, 0.7196400146453641, 0.7222795012802739, 0.7241849528839206, 0.7266535167007127]}

Epsilon = 6.16

{'loss': [1.1154576903493074, 1.0920067346124, 1.0662111886503922, 1.060247216306691, 1.0564713424029437, 1.0627259418682906, 1.064148606034906, 1.0876237823219388, 1.078993130326737, 1.0857503706817986, 1.0839449735802538, 1.072570672764081, 1.0919451426490383, 1.084838024986452, 1.1005995313668269, 1.1094189887870747, 1.1089908292836002, 1.1159257677218428], 'accuracy': [0.49726348709929635, 0.4980453479280688, 0.509773260359656, 0.506645817044566, 0.5136825645035183, 0.5160281469898358, 0.5129007036747459, 0.5129007036747459, 0.5121188428459734, 0.5160281469898358, 0.5199374511336982, 0.5230648944487881, 0.5191555903049258, 0.5238467552775606, 0.5207193119624707, 0.5215011727912432, 0.524628616106333, 0.5269741985926505], 'auc': [0.5734022748932928, 0.6460728846583308, 0.6656143019391354, 0.6780325410389172, 0.6888414887190208, 0.7003126263003349, 0.6993723889604007, 0.7030446851505365, 0.7071632607422439, 0.7134668450224181, 0.7147309284882433, 0.7142070588685987, 0.7184347789127759, 0.7196400146453641, 0.7222795012802739, 0.7241849528839206, 0.7266535167007127, 0.7288329697332946]}

Epsilon = 6.35

{'loss': [1.1154576903493074, 1.0920067346124, 1.0662111886503922, 1.060247216306691, 1.0564713424029437, 1.0627259418682906, 1.064148606034906, 1.0876237823219388, 1.078993130326737, 1.0857503706817986, 1.0839449735802538, 1.072570672764081, 1.0919451426490383, 1.084838024986452, 1.1005995313668269, 1.1094189887870747, 1.1089908292836002, 1.1159257677218428, 1.1231385070518929], 'accuracy': [0.49726348709929635, 0.4980453479280688, 0.509773260359656, 0.506645817044566, 0.5136825645035183, 0.5160281469898358, 0.5129007036747459, 0.5129007036747459, 0.5121188428459734, 0.5160281469898358, 0.5199374511336982, 0.5230648944487881, 0.5191555903049258, 0.5238467552775606, 0.5207193119624707, 0.5215011727912432, 0.524628616106333, 0.5269741985926505, 0.5254104769351056], 'auc': [0.5734022748932928, 0.6460728846583308, 0.6656143019391354, 0.6780325410389172, 0.6888414887190208, 0.7003126263003349, 0.6993723889604007, 0.7030446851505365, 0.7071632607422439, 0.7134668450224181, 0.7147309284882433, 0.7142070588685987, 0.7184347789127759, 0.7196400146453641, 0.7222795012802739, 0.7241849528839206, 0.7266535167007127, 0.7288329697332946, 0.7306766524056227]}

Epsilon = 6.54

{'loss': [1.1154576903493074, 1.0920067346124, 1.0662111886503922, 1.060247216306691, 1.0564713424029437, 1.0627259418682906, 1.064148606034906, 1.0876237823219388, 1.078993130326737, 1.0857503706817986, 1.0839449735802538, 1.072570672764081, 1.0919451426490383, 1.084838024986452, 1.1005995313668269, 1.1094189887870747, 1.1089908292836002, 1.1159257677218428, 1.1231385070518929, 1.1305365714363236], 'accuracy': [0.49726348709929635, 0.4980453479280688, 0.509773260359656, 0.506645817044566, 0.5136825645035183, 0.5160281469898358, 0.5129007036747459, 0.5129007036747459, 0.5121188428459734, 0.5160281469898358, 0.5199374511336982, 0.5230648944487881, 0.5191555903049258, 0.5238467552775606, 0.5207193119624707, 0.5215011727912432, 0.524628616106333, 0.5269741985926505, 0.5254104769351056, 0.5261923377638781], 'auc': [0.5734022748932928, 0.6460728846583308, 0.6656143019391354, 0.6780325410389172, 0.6888414887190208, 0.7003126263003349, 0.6993723889604007, 0.7030446851505365, 0.7071632607422439, 0.7134668450224181, 0.7147309284882433, 0.7142070588685987, 0.7184347789127759, 0.7196400146453641, 0.7222795012802739, 0.7241849528839206, 0.7266535167007127, 0.7288329697332946, 0.7306766524056227, 0.7318429196978874]}

Epsilon = 6.73

{'loss': [1.1154576903493074, 1.0920067346124, 1.0662111886503922, 1.060247216306691, 1.0564713424029437, 1.0627259418682906, 1.064148606034906, 1.0876237823219388, 1.078993130326737, 1.0857503706817986, 1.0839449735802538, 1.072570672764081, 1.0919451426490383, 1.084838024986452, 1.1005995313668269, 1.1094189887870747, 1.1089908292836002, 1.1159257677218428, 1.1231385070518929, 1.1305365714363236, 1.136238460991884], 'accuracy': [0.49726348709929635, 0.4980453479280688, 0.509773260359656, 0.506645817044566, 0.5136825645035183, 0.5160281469898358, 0.5129007036747459, 0.5129007036747459, 0.5121188428459734, 0.5160281469898358, 0.5199374511336982, 0.5230648944487881, 0.5191555903049258, 0.5238467552775606, 0.5207193119624707, 0.5215011727912432, 0.524628616106333, 0.5269741985926505, 0.5254104769351056, 0.5261923377638781, 0.5261923377638781], 'auc': [0.5734022748932928, 0.6460728846583308, 0.6656143019391354, 0.6780325410389172, 0.6888414887190208, 0.7003126263003349, 0.6993723889604007, 0.7030446851505365, 0.7071632607422439, 0.7134668450224181, 0.7147309284882433, 0.7142070588685987, 0.7184347789127759, 0.7196400146453641, 0.7222795012802739, 0.7241849528839206, 0.7266535167007127, 0.7288329697332946, 0.7306766524056227, 0.7318429196978874, 0.7354154528294637]}

Epsilon = 6.91
[92mINFO [0m:      Sent reply
02/17/2025 16:22:00:INFO:Sent reply
[92mINFO [0m:      
02/17/2025 16:22:33:INFO:
[92mINFO [0m:      Received: train message e623ed97-56ca-4f6f-925e-fa9137d4caaa
02/17/2025 16:22:33:INFO:Received: train message e623ed97-56ca-4f6f-925e-fa9137d4caaa
/home/dgxuser16/anaconda3/envs/ihpc/lib/python3.8/site-packages/torch/nn/modules/module.py:1640: FutureWarning: Using a non-full backward hook when the forward contains multiple autograd Nodes is deprecated and will be removed in future versions. This hook will be missing some grad_input. Please use register_full_backward_hook to get the documented behavior.
  self._maybe_warn_non_full_backward_hook(args, result, grad_fn)
[92mINFO [0m:      Sent reply
02/17/2025 16:22:45:INFO:Sent reply
[92mINFO [0m:      
02/17/2025 16:23:50:INFO:
[92mINFO [0m:      Received: evaluate message b3d3e17a-d739-4e4a-bd23-a83171abb66f
02/17/2025 16:23:50:INFO:Received: evaluate message b3d3e17a-d739-4e4a-bd23-a83171abb66f
[92mINFO [0m:      Sent reply
02/17/2025 16:23:54:INFO:Sent reply
[92mINFO [0m:      
02/17/2025 16:24:34:INFO:
[92mINFO [0m:      Received: train message 737a66d4-95ff-40bf-8709-dd5a21610540
02/17/2025 16:24:34:INFO:Received: train message 737a66d4-95ff-40bf-8709-dd5a21610540
/home/dgxuser16/anaconda3/envs/ihpc/lib/python3.8/site-packages/torch/nn/modules/module.py:1640: FutureWarning: Using a non-full backward hook when the forward contains multiple autograd Nodes is deprecated and will be removed in future versions. This hook will be missing some grad_input. Please use register_full_backward_hook to get the documented behavior.
  self._maybe_warn_non_full_backward_hook(args, result, grad_fn)
[92mINFO [0m:      Sent reply
02/17/2025 16:24:50:INFO:Sent reply
[92mINFO [0m:      
02/17/2025 16:25:42:INFO:
[92mINFO [0m:      Received: evaluate message 553d8328-40d2-43af-a9de-93b01fc34ba7
02/17/2025 16:25:42:INFO:Received: evaluate message 553d8328-40d2-43af-a9de-93b01fc34ba7
[92mINFO [0m:      Sent reply
02/17/2025 16:25:46:INFO:Sent reply
[92mINFO [0m:      
02/17/2025 16:26:13:INFO:
[92mINFO [0m:      Received: train message 3c52a9e0-07db-4794-bbff-1503d3194786
02/17/2025 16:26:13:INFO:Received: train message 3c52a9e0-07db-4794-bbff-1503d3194786
/home/dgxuser16/anaconda3/envs/ihpc/lib/python3.8/site-packages/torch/nn/modules/module.py:1640: FutureWarning: Using a non-full backward hook when the forward contains multiple autograd Nodes is deprecated and will be removed in future versions. This hook will be missing some grad_input. Please use register_full_backward_hook to get the documented behavior.
  self._maybe_warn_non_full_backward_hook(args, result, grad_fn)
[92mINFO [0m:      Sent reply
02/17/2025 16:26:29:INFO:Sent reply
[92mINFO [0m:      
02/17/2025 16:27:37:INFO:
[92mINFO [0m:      Received: evaluate message 8e1eb862-c410-4f41-801d-4008f2c044be
02/17/2025 16:27:37:INFO:Received: evaluate message 8e1eb862-c410-4f41-801d-4008f2c044be
[92mINFO [0m:      Sent reply
02/17/2025 16:27:40:INFO:Sent reply
[92mINFO [0m:      
02/17/2025 16:28:25:INFO:
[92mINFO [0m:      Received: train message 0151966e-8c9a-4ebe-9b53-628c7c7d1ae7
02/17/2025 16:28:25:INFO:Received: train message 0151966e-8c9a-4ebe-9b53-628c7c7d1ae7
/home/dgxuser16/anaconda3/envs/ihpc/lib/python3.8/site-packages/torch/nn/modules/module.py:1640: FutureWarning: Using a non-full backward hook when the forward contains multiple autograd Nodes is deprecated and will be removed in future versions. This hook will be missing some grad_input. Please use register_full_backward_hook to get the documented behavior.
  self._maybe_warn_non_full_backward_hook(args, result, grad_fn)
[92mINFO [0m:      Sent reply
02/17/2025 16:28:43:INFO:Sent reply
[92mINFO [0m:      
02/17/2025 16:29:40:INFO:
[92mINFO [0m:      Received: evaluate message 452af836-701f-40e2-ae9c-c6bad8979794
02/17/2025 16:29:40:INFO:Received: evaluate message 452af836-701f-40e2-ae9c-c6bad8979794
[92mINFO [0m:      Sent reply
02/17/2025 16:29:44:INFO:Sent reply
[92mINFO [0m:      
02/17/2025 16:30:21:INFO:
[92mINFO [0m:      Received: train message 0b100f91-1db8-4f45-94e0-3357d311a44d
02/17/2025 16:30:21:INFO:Received: train message 0b100f91-1db8-4f45-94e0-3357d311a44d
/home/dgxuser16/anaconda3/envs/ihpc/lib/python3.8/site-packages/torch/nn/modules/module.py:1640: FutureWarning: Using a non-full backward hook when the forward contains multiple autograd Nodes is deprecated and will be removed in future versions. This hook will be missing some grad_input. Please use register_full_backward_hook to get the documented behavior.
  self._maybe_warn_non_full_backward_hook(args, result, grad_fn)
[92mINFO [0m:      Sent reply
02/17/2025 16:30:31:INFO:Sent reply
[92mINFO [0m:      
02/17/2025 16:31:33:INFO:
[92mINFO [0m:      Received: evaluate message 746fe5f4-1bb3-4f51-be02-d3877d4b81df
02/17/2025 16:31:33:INFO:Received: evaluate message 746fe5f4-1bb3-4f51-be02-d3877d4b81df

{'loss': [1.1154576903493074, 1.0920067346124, 1.0662111886503922, 1.060247216306691, 1.0564713424029437, 1.0627259418682906, 1.064148606034906, 1.0876237823219388, 1.078993130326737, 1.0857503706817986, 1.0839449735802538, 1.072570672764081, 1.0919451426490383, 1.084838024986452, 1.1005995313668269, 1.1094189887870747, 1.1089908292836002, 1.1159257677218428, 1.1231385070518929, 1.1305365714363236, 1.136238460991884, 1.116070505135501], 'accuracy': [0.49726348709929635, 0.4980453479280688, 0.509773260359656, 0.506645817044566, 0.5136825645035183, 0.5160281469898358, 0.5129007036747459, 0.5129007036747459, 0.5121188428459734, 0.5160281469898358, 0.5199374511336982, 0.5230648944487881, 0.5191555903049258, 0.5238467552775606, 0.5207193119624707, 0.5215011727912432, 0.524628616106333, 0.5269741985926505, 0.5254104769351056, 0.5261923377638781, 0.5261923377638781, 0.5269741985926505], 'auc': [0.5734022748932928, 0.6460728846583308, 0.6656143019391354, 0.6780325410389172, 0.6888414887190208, 0.7003126263003349, 0.6993723889604007, 0.7030446851505365, 0.7071632607422439, 0.7134668450224181, 0.7147309284882433, 0.7142070588685987, 0.7184347789127759, 0.7196400146453641, 0.7222795012802739, 0.7241849528839206, 0.7266535167007127, 0.7288329697332946, 0.7306766524056227, 0.7318429196978874, 0.7354154528294637, 0.7349850723128742]}

Epsilon = 7.08

{'loss': [1.1154576903493074, 1.0920067346124, 1.0662111886503922, 1.060247216306691, 1.0564713424029437, 1.0627259418682906, 1.064148606034906, 1.0876237823219388, 1.078993130326737, 1.0857503706817986, 1.0839449735802538, 1.072570672764081, 1.0919451426490383, 1.084838024986452, 1.1005995313668269, 1.1094189887870747, 1.1089908292836002, 1.1159257677218428, 1.1231385070518929, 1.1305365714363236, 1.136238460991884, 1.116070505135501, 1.1093233790222419], 'accuracy': [0.49726348709929635, 0.4980453479280688, 0.509773260359656, 0.506645817044566, 0.5136825645035183, 0.5160281469898358, 0.5129007036747459, 0.5129007036747459, 0.5121188428459734, 0.5160281469898358, 0.5199374511336982, 0.5230648944487881, 0.5191555903049258, 0.5238467552775606, 0.5207193119624707, 0.5215011727912432, 0.524628616106333, 0.5269741985926505, 0.5254104769351056, 0.5261923377638781, 0.5261923377638781, 0.5269741985926505, 0.5301016419077405], 'auc': [0.5734022748932928, 0.6460728846583308, 0.6656143019391354, 0.6780325410389172, 0.6888414887190208, 0.7003126263003349, 0.6993723889604007, 0.7030446851505365, 0.7071632607422439, 0.7134668450224181, 0.7147309284882433, 0.7142070588685987, 0.7184347789127759, 0.7196400146453641, 0.7222795012802739, 0.7241849528839206, 0.7266535167007127, 0.7288329697332946, 0.7306766524056227, 0.7318429196978874, 0.7354154528294637, 0.7349850723128742, 0.7345791148999457]}

Epsilon = 7.26

{'loss': [1.1154576903493074, 1.0920067346124, 1.0662111886503922, 1.060247216306691, 1.0564713424029437, 1.0627259418682906, 1.064148606034906, 1.0876237823219388, 1.078993130326737, 1.0857503706817986, 1.0839449735802538, 1.072570672764081, 1.0919451426490383, 1.084838024986452, 1.1005995313668269, 1.1094189887870747, 1.1089908292836002, 1.1159257677218428, 1.1231385070518929, 1.1305365714363236, 1.136238460991884, 1.116070505135501, 1.1093233790222419, 1.1156774872536768], 'accuracy': [0.49726348709929635, 0.4980453479280688, 0.509773260359656, 0.506645817044566, 0.5136825645035183, 0.5160281469898358, 0.5129007036747459, 0.5129007036747459, 0.5121188428459734, 0.5160281469898358, 0.5199374511336982, 0.5230648944487881, 0.5191555903049258, 0.5238467552775606, 0.5207193119624707, 0.5215011727912432, 0.524628616106333, 0.5269741985926505, 0.5254104769351056, 0.5261923377638781, 0.5261923377638781, 0.5269741985926505, 0.5301016419077405, 0.5332290852228303], 'auc': [0.5734022748932928, 0.6460728846583308, 0.6656143019391354, 0.6780325410389172, 0.6888414887190208, 0.7003126263003349, 0.6993723889604007, 0.7030446851505365, 0.7071632607422439, 0.7134668450224181, 0.7147309284882433, 0.7142070588685987, 0.7184347789127759, 0.7196400146453641, 0.7222795012802739, 0.7241849528839206, 0.7266535167007127, 0.7288329697332946, 0.7306766524056227, 0.7318429196978874, 0.7354154528294637, 0.7349850723128742, 0.7345791148999457, 0.7362486112984392]}

Epsilon = 7.43

{'loss': [1.1154576903493074, 1.0920067346124, 1.0662111886503922, 1.060247216306691, 1.0564713424029437, 1.0627259418682906, 1.064148606034906, 1.0876237823219388, 1.078993130326737, 1.0857503706817986, 1.0839449735802538, 1.072570672764081, 1.0919451426490383, 1.084838024986452, 1.1005995313668269, 1.1094189887870747, 1.1089908292836002, 1.1159257677218428, 1.1231385070518929, 1.1305365714363236, 1.136238460991884, 1.116070505135501, 1.1093233790222419, 1.1156774872536768, 1.124326211386495], 'accuracy': [0.49726348709929635, 0.4980453479280688, 0.509773260359656, 0.506645817044566, 0.5136825645035183, 0.5160281469898358, 0.5129007036747459, 0.5129007036747459, 0.5121188428459734, 0.5160281469898358, 0.5199374511336982, 0.5230648944487881, 0.5191555903049258, 0.5238467552775606, 0.5207193119624707, 0.5215011727912432, 0.524628616106333, 0.5269741985926505, 0.5254104769351056, 0.5261923377638781, 0.5261923377638781, 0.5269741985926505, 0.5301016419077405, 0.5332290852228303, 0.5340109460516028], 'auc': [0.5734022748932928, 0.6460728846583308, 0.6656143019391354, 0.6780325410389172, 0.6888414887190208, 0.7003126263003349, 0.6993723889604007, 0.7030446851505365, 0.7071632607422439, 0.7134668450224181, 0.7147309284882433, 0.7142070588685987, 0.7184347789127759, 0.7196400146453641, 0.7222795012802739, 0.7241849528839206, 0.7266535167007127, 0.7288329697332946, 0.7306766524056227, 0.7318429196978874, 0.7354154528294637, 0.7349850723128742, 0.7345791148999457, 0.7362486112984392, 0.7362966893436604]}

Epsilon = 7.60

{'loss': [1.1154576903493074, 1.0920067346124, 1.0662111886503922, 1.060247216306691, 1.0564713424029437, 1.0627259418682906, 1.064148606034906, 1.0876237823219388, 1.078993130326737, 1.0857503706817986, 1.0839449735802538, 1.072570672764081, 1.0919451426490383, 1.084838024986452, 1.1005995313668269, 1.1094189887870747, 1.1089908292836002, 1.1159257677218428, 1.1231385070518929, 1.1305365714363236, 1.136238460991884, 1.116070505135501, 1.1093233790222419, 1.1156774872536768, 1.124326211386495, 1.138340078731176], 'accuracy': [0.49726348709929635, 0.4980453479280688, 0.509773260359656, 0.506645817044566, 0.5136825645035183, 0.5160281469898358, 0.5129007036747459, 0.5129007036747459, 0.5121188428459734, 0.5160281469898358, 0.5199374511336982, 0.5230648944487881, 0.5191555903049258, 0.5238467552775606, 0.5207193119624707, 0.5215011727912432, 0.524628616106333, 0.5269741985926505, 0.5254104769351056, 0.5261923377638781, 0.5261923377638781, 0.5269741985926505, 0.5301016419077405, 0.5332290852228303, 0.5340109460516028, 0.5347928068803753], 'auc': [0.5734022748932928, 0.6460728846583308, 0.6656143019391354, 0.6780325410389172, 0.6888414887190208, 0.7003126263003349, 0.6993723889604007, 0.7030446851505365, 0.7071632607422439, 0.7134668450224181, 0.7147309284882433, 0.7142070588685987, 0.7184347789127759, 0.7196400146453641, 0.7222795012802739, 0.7241849528839206, 0.7266535167007127, 0.7288329697332946, 0.7306766524056227, 0.7318429196978874, 0.7354154528294637, 0.7349850723128742, 0.7345791148999457, 0.7362486112984392, 0.7362966893436604, 0.7374870911619269]}

Epsilon = 7.77
[92mINFO [0m:      Sent reply
02/17/2025 16:31:37:INFO:Sent reply
[92mINFO [0m:      
02/17/2025 16:32:08:INFO:
[92mINFO [0m:      Received: train message f49512e9-a84f-45e1-a755-9605876c5ef7
02/17/2025 16:32:08:INFO:Received: train message f49512e9-a84f-45e1-a755-9605876c5ef7
/home/dgxuser16/anaconda3/envs/ihpc/lib/python3.8/site-packages/torch/nn/modules/module.py:1640: FutureWarning: Using a non-full backward hook when the forward contains multiple autograd Nodes is deprecated and will be removed in future versions. This hook will be missing some grad_input. Please use register_full_backward_hook to get the documented behavior.
  self._maybe_warn_non_full_backward_hook(args, result, grad_fn)
[92mINFO [0m:      Sent reply
02/17/2025 16:32:19:INFO:Sent reply
[92mINFO [0m:      
02/17/2025 16:33:44:INFO:
[92mINFO [0m:      Received: evaluate message b5b62020-5591-43e6-bc81-3765a26df895
02/17/2025 16:33:45:INFO:Received: evaluate message b5b62020-5591-43e6-bc81-3765a26df895
[92mINFO [0m:      Sent reply
02/17/2025 16:33:47:INFO:Sent reply
[92mINFO [0m:      
02/17/2025 16:34:26:INFO:
[92mINFO [0m:      Received: train message 51012929-aa77-413d-91c8-2e2faf335564
02/17/2025 16:34:26:INFO:Received: train message 51012929-aa77-413d-91c8-2e2faf335564
/home/dgxuser16/anaconda3/envs/ihpc/lib/python3.8/site-packages/torch/nn/modules/module.py:1640: FutureWarning: Using a non-full backward hook when the forward contains multiple autograd Nodes is deprecated and will be removed in future versions. This hook will be missing some grad_input. Please use register_full_backward_hook to get the documented behavior.
  self._maybe_warn_non_full_backward_hook(args, result, grad_fn)
[92mINFO [0m:      Sent reply
02/17/2025 16:34:38:INFO:Sent reply
[92mINFO [0m:      
02/17/2025 16:35:20:INFO:
[92mINFO [0m:      Received: evaluate message 46479015-f304-4f92-9951-cb10e90645b9
02/17/2025 16:35:20:INFO:Received: evaluate message 46479015-f304-4f92-9951-cb10e90645b9
[92mINFO [0m:      Sent reply
02/17/2025 16:35:24:INFO:Sent reply
[92mINFO [0m:      
02/17/2025 16:36:11:INFO:
[92mINFO [0m:      Received: train message 37b04db4-a309-48ab-ad3b-c8cea720965c
02/17/2025 16:36:11:INFO:Received: train message 37b04db4-a309-48ab-ad3b-c8cea720965c
/home/dgxuser16/anaconda3/envs/ihpc/lib/python3.8/site-packages/torch/nn/modules/module.py:1640: FutureWarning: Using a non-full backward hook when the forward contains multiple autograd Nodes is deprecated and will be removed in future versions. This hook will be missing some grad_input. Please use register_full_backward_hook to get the documented behavior.
  self._maybe_warn_non_full_backward_hook(args, result, grad_fn)
[92mINFO [0m:      Sent reply
02/17/2025 16:36:23:INFO:Sent reply
[92mINFO [0m:      
02/17/2025 16:36:52:INFO:
[92mINFO [0m:      Received: evaluate message 685a84b2-bdad-465f-85f9-23f1497d0caf
02/17/2025 16:36:52:INFO:Received: evaluate message 685a84b2-bdad-465f-85f9-23f1497d0caf
[92mINFO [0m:      Sent reply
02/17/2025 16:36:55:INFO:Sent reply
[92mINFO [0m:      
02/17/2025 16:37:06:INFO:
[92mINFO [0m:      Received: reconnect message 0b7a0d9f-f575-43b4-a9a6-c868c9bafecd
02/17/2025 16:37:06:INFO:Received: reconnect message 0b7a0d9f-f575-43b4-a9a6-c868c9bafecd
02/17/2025 16:37:06:DEBUG:gRPC channel closed
[92mINFO [0m:      Disconnect and shut down
02/17/2025 16:37:06:INFO:Disconnect and shut down

{'loss': [1.1154576903493074, 1.0920067346124, 1.0662111886503922, 1.060247216306691, 1.0564713424029437, 1.0627259418682906, 1.064148606034906, 1.0876237823219388, 1.078993130326737, 1.0857503706817986, 1.0839449735802538, 1.072570672764081, 1.0919451426490383, 1.084838024986452, 1.1005995313668269, 1.1094189887870747, 1.1089908292836002, 1.1159257677218428, 1.1231385070518929, 1.1305365714363236, 1.136238460991884, 1.116070505135501, 1.1093233790222419, 1.1156774872536768, 1.124326211386495, 1.138340078731176, 1.1233294846677893], 'accuracy': [0.49726348709929635, 0.4980453479280688, 0.509773260359656, 0.506645817044566, 0.5136825645035183, 0.5160281469898358, 0.5129007036747459, 0.5129007036747459, 0.5121188428459734, 0.5160281469898358, 0.5199374511336982, 0.5230648944487881, 0.5191555903049258, 0.5238467552775606, 0.5207193119624707, 0.5215011727912432, 0.524628616106333, 0.5269741985926505, 0.5254104769351056, 0.5261923377638781, 0.5261923377638781, 0.5269741985926505, 0.5301016419077405, 0.5332290852228303, 0.5340109460516028, 0.5347928068803753, 0.5308835027365129], 'auc': [0.5734022748932928, 0.6460728846583308, 0.6656143019391354, 0.6780325410389172, 0.6888414887190208, 0.7003126263003349, 0.6993723889604007, 0.7030446851505365, 0.7071632607422439, 0.7134668450224181, 0.7147309284882433, 0.7142070588685987, 0.7184347789127759, 0.7196400146453641, 0.7222795012802739, 0.7241849528839206, 0.7266535167007127, 0.7288329697332946, 0.7306766524056227, 0.7318429196978874, 0.7354154528294637, 0.7349850723128742, 0.7345791148999457, 0.7362486112984392, 0.7362966893436604, 0.7374870911619269, 0.7378213164582728]}

Epsilon = 7.93

{'loss': [1.1154576903493074, 1.0920067346124, 1.0662111886503922, 1.060247216306691, 1.0564713424029437, 1.0627259418682906, 1.064148606034906, 1.0876237823219388, 1.078993130326737, 1.0857503706817986, 1.0839449735802538, 1.072570672764081, 1.0919451426490383, 1.084838024986452, 1.1005995313668269, 1.1094189887870747, 1.1089908292836002, 1.1159257677218428, 1.1231385070518929, 1.1305365714363236, 1.136238460991884, 1.116070505135501, 1.1093233790222419, 1.1156774872536768, 1.124326211386495, 1.138340078731176, 1.1233294846677893, 1.1378067444785671], 'accuracy': [0.49726348709929635, 0.4980453479280688, 0.509773260359656, 0.506645817044566, 0.5136825645035183, 0.5160281469898358, 0.5129007036747459, 0.5129007036747459, 0.5121188428459734, 0.5160281469898358, 0.5199374511336982, 0.5230648944487881, 0.5191555903049258, 0.5238467552775606, 0.5207193119624707, 0.5215011727912432, 0.524628616106333, 0.5269741985926505, 0.5254104769351056, 0.5261923377638781, 0.5261923377638781, 0.5269741985926505, 0.5301016419077405, 0.5332290852228303, 0.5340109460516028, 0.5347928068803753, 0.5308835027365129, 0.5347928068803753], 'auc': [0.5734022748932928, 0.6460728846583308, 0.6656143019391354, 0.6780325410389172, 0.6888414887190208, 0.7003126263003349, 0.6993723889604007, 0.7030446851505365, 0.7071632607422439, 0.7134668450224181, 0.7147309284882433, 0.7142070588685987, 0.7184347789127759, 0.7196400146453641, 0.7222795012802739, 0.7241849528839206, 0.7266535167007127, 0.7288329697332946, 0.7306766524056227, 0.7318429196978874, 0.7354154528294637, 0.7349850723128742, 0.7345791148999457, 0.7362486112984392, 0.7362966893436604, 0.7374870911619269, 0.7378213164582728, 0.7395455532794879]}

Epsilon = 8.10

{'loss': [1.1154576903493074, 1.0920067346124, 1.0662111886503922, 1.060247216306691, 1.0564713424029437, 1.0627259418682906, 1.064148606034906, 1.0876237823219388, 1.078993130326737, 1.0857503706817986, 1.0839449735802538, 1.072570672764081, 1.0919451426490383, 1.084838024986452, 1.1005995313668269, 1.1094189887870747, 1.1089908292836002, 1.1159257677218428, 1.1231385070518929, 1.1305365714363236, 1.136238460991884, 1.116070505135501, 1.1093233790222419, 1.1156774872536768, 1.124326211386495, 1.138340078731176, 1.1233294846677893, 1.1378067444785671, 1.1289048729416353], 'accuracy': [0.49726348709929635, 0.4980453479280688, 0.509773260359656, 0.506645817044566, 0.5136825645035183, 0.5160281469898358, 0.5129007036747459, 0.5129007036747459, 0.5121188428459734, 0.5160281469898358, 0.5199374511336982, 0.5230648944487881, 0.5191555903049258, 0.5238467552775606, 0.5207193119624707, 0.5215011727912432, 0.524628616106333, 0.5269741985926505, 0.5254104769351056, 0.5261923377638781, 0.5261923377638781, 0.5269741985926505, 0.5301016419077405, 0.5332290852228303, 0.5340109460516028, 0.5347928068803753, 0.5308835027365129, 0.5347928068803753, 0.5355746677091477], 'auc': [0.5734022748932928, 0.6460728846583308, 0.6656143019391354, 0.6780325410389172, 0.6888414887190208, 0.7003126263003349, 0.6993723889604007, 0.7030446851505365, 0.7071632607422439, 0.7134668450224181, 0.7147309284882433, 0.7142070588685987, 0.7184347789127759, 0.7196400146453641, 0.7222795012802739, 0.7241849528839206, 0.7266535167007127, 0.7288329697332946, 0.7306766524056227, 0.7318429196978874, 0.7354154528294637, 0.7349850723128742, 0.7345791148999457, 0.7362486112984392, 0.7362966893436604, 0.7374870911619269, 0.7378213164582728, 0.7395455532794879, 0.7372925063037129]}

Epsilon = 8.26

{'loss': [1.1154576903493074, 1.0920067346124, 1.0662111886503922, 1.060247216306691, 1.0564713424029437, 1.0627259418682906, 1.064148606034906, 1.0876237823219388, 1.078993130326737, 1.0857503706817986, 1.0839449735802538, 1.072570672764081, 1.0919451426490383, 1.084838024986452, 1.1005995313668269, 1.1094189887870747, 1.1089908292836002, 1.1159257677218428, 1.1231385070518929, 1.1305365714363236, 1.136238460991884, 1.116070505135501, 1.1093233790222419, 1.1156774872536768, 1.124326211386495, 1.138340078731176, 1.1233294846677893, 1.1378067444785671, 1.1289048729416353, 1.1464197855614608], 'accuracy': [0.49726348709929635, 0.4980453479280688, 0.509773260359656, 0.506645817044566, 0.5136825645035183, 0.5160281469898358, 0.5129007036747459, 0.5129007036747459, 0.5121188428459734, 0.5160281469898358, 0.5199374511336982, 0.5230648944487881, 0.5191555903049258, 0.5238467552775606, 0.5207193119624707, 0.5215011727912432, 0.524628616106333, 0.5269741985926505, 0.5254104769351056, 0.5261923377638781, 0.5261923377638781, 0.5269741985926505, 0.5301016419077405, 0.5332290852228303, 0.5340109460516028, 0.5347928068803753, 0.5308835027365129, 0.5347928068803753, 0.5355746677091477, 0.5355746677091477], 'auc': [0.5734022748932928, 0.6460728846583308, 0.6656143019391354, 0.6780325410389172, 0.6888414887190208, 0.7003126263003349, 0.6993723889604007, 0.7030446851505365, 0.7071632607422439, 0.7134668450224181, 0.7147309284882433, 0.7142070588685987, 0.7184347789127759, 0.7196400146453641, 0.7222795012802739, 0.7241849528839206, 0.7266535167007127, 0.7288329697332946, 0.7306766524056227, 0.7318429196978874, 0.7354154528294637, 0.7349850723128742, 0.7345791148999457, 0.7362486112984392, 0.7362966893436604, 0.7374870911619269, 0.7378213164582728, 0.7395455532794879, 0.7372925063037129, 0.738632209869464]}



{'loss': [1.1154576903493074, 1.0920067346124, 1.0662111886503922, 1.060247216306691, 1.0564713424029437, 1.0627259418682906, 1.064148606034906, 1.0876237823219388, 1.078993130326737, 1.0857503706817986, 1.0839449735802538, 1.072570672764081, 1.0919451426490383, 1.084838024986452, 1.1005995313668269, 1.1094189887870747, 1.1089908292836002, 1.1159257677218428, 1.1231385070518929, 1.1305365714363236, 1.136238460991884, 1.116070505135501, 1.1093233790222419, 1.1156774872536768, 1.124326211386495, 1.138340078731176, 1.1233294846677893, 1.1378067444785671, 1.1289048729416353, 1.1464197855614608], 'accuracy': [0.49726348709929635, 0.4980453479280688, 0.509773260359656, 0.506645817044566, 0.5136825645035183, 0.5160281469898358, 0.5129007036747459, 0.5129007036747459, 0.5121188428459734, 0.5160281469898358, 0.5199374511336982, 0.5230648944487881, 0.5191555903049258, 0.5238467552775606, 0.5207193119624707, 0.5215011727912432, 0.524628616106333, 0.5269741985926505, 0.5254104769351056, 0.5261923377638781, 0.5261923377638781, 0.5269741985926505, 0.5301016419077405, 0.5332290852228303, 0.5340109460516028, 0.5347928068803753, 0.5308835027365129, 0.5347928068803753, 0.5355746677091477, 0.5355746677091477], 'auc': [0.5734022748932928, 0.6460728846583308, 0.6656143019391354, 0.6780325410389172, 0.6888414887190208, 0.7003126263003349, 0.6993723889604007, 0.7030446851505365, 0.7071632607422439, 0.7134668450224181, 0.7147309284882433, 0.7142070588685987, 0.7184347789127759, 0.7196400146453641, 0.7222795012802739, 0.7241849528839206, 0.7266535167007127, 0.7288329697332946, 0.7306766524056227, 0.7318429196978874, 0.7354154528294637, 0.7349850723128742, 0.7345791148999457, 0.7362486112984392, 0.7362966893436604, 0.7374870911619269, 0.7378213164582728, 0.7395455532794879, 0.7372925063037129, 0.738632209869464]}
