nohup: ignoring input
/home/dgxuser16/anaconda3/envs/ihpc/lib/python3.8/site-packages/opacus/privacy_engine.py:95: UserWarning: Secure RNG turned off. This is perfectly fine for experimentation as it allows for much faster training performance, but remember to turn it on and retrain one last time before production with ``secure_mode`` turned on.
  warnings.warn(
02/17/2025 15:43:20:WARNING:Ignoring drop_last as it is not compatible with DPDataLoader.
02/17/2025 15:43:20:DEBUG:Opened insecure gRPC connection (no certificates were passed)
02/17/2025 15:43:20:DEBUG:ChannelConnectivity.IDLE
02/17/2025 15:43:20:DEBUG:ChannelConnectivity.READY
WARNING: All log messages before absl::InitializeLog() is called are written to STDERR
I0000 00:00:1739835800.326338  738797 fork_posix.cc:75] Other threads are currently calling into gRPC, skipping fork() handlers
[92mINFO [0m:      
02/17/2025 15:44:04:INFO:
[92mINFO [0m:      Received: train message e8e3651a-a54e-4fd9-a7a7-cc78eba2eb8e
02/17/2025 15:44:04:INFO:Received: train message e8e3651a-a54e-4fd9-a7a7-cc78eba2eb8e
/home/dgxuser16/anaconda3/envs/ihpc/lib/python3.8/site-packages/torch/nn/modules/module.py:1640: FutureWarning: Using a non-full backward hook when the forward contains multiple autograd Nodes is deprecated and will be removed in future versions. This hook will be missing some grad_input. Please use register_full_backward_hook to get the documented behavior.
  self._maybe_warn_non_full_backward_hook(args, result, grad_fn)
/home/dgxuser16/anaconda3/envs/ihpc/lib/python3.8/site-packages/opacus/accountants/analysis/rdp.py:332: UserWarning: Optimal order is the largest alpha. Please consider expanding the range of alphas to get a tighter privacy bound.
  warnings.warn(
[92mINFO [0m:      Sent reply
02/17/2025 15:44:16:INFO:Sent reply
[92mINFO [0m:      
02/17/2025 15:44:56:INFO:
[92mINFO [0m:      Received: evaluate message 01a0d1ed-1fd3-4f7a-8c5d-ffcdd8339613
02/17/2025 15:44:56:INFO:Received: evaluate message 01a0d1ed-1fd3-4f7a-8c5d-ffcdd8339613
[92mINFO [0m:      Sent reply
02/17/2025 15:45:00:INFO:Sent reply
[92mINFO [0m:      
02/17/2025 15:45:42:INFO:
[92mINFO [0m:      Received: train message 9cd3dfd8-c038-46fe-a59b-f40852846cbe
02/17/2025 15:45:42:INFO:Received: train message 9cd3dfd8-c038-46fe-a59b-f40852846cbe
/home/dgxuser16/anaconda3/envs/ihpc/lib/python3.8/site-packages/torch/nn/modules/module.py:1640: FutureWarning: Using a non-full backward hook when the forward contains multiple autograd Nodes is deprecated and will be removed in future versions. This hook will be missing some grad_input. Please use register_full_backward_hook to get the documented behavior.
  self._maybe_warn_non_full_backward_hook(args, result, grad_fn)
/home/dgxuser16/anaconda3/envs/ihpc/lib/python3.8/site-packages/opacus/accountants/analysis/rdp.py:332: UserWarning: Optimal order is the largest alpha. Please consider expanding the range of alphas to get a tighter privacy bound.
  warnings.warn(
[92mINFO [0m:      Sent reply
02/17/2025 15:45:57:INFO:Sent reply
[92mINFO [0m:      
02/17/2025 15:46:38:INFO:
[92mINFO [0m:      Received: evaluate message e5fbd970-eded-4f0c-b4db-a06a8a676fc1
02/17/2025 15:46:38:INFO:Received: evaluate message e5fbd970-eded-4f0c-b4db-a06a8a676fc1
[92mINFO [0m:      Sent reply
02/17/2025 15:46:43:INFO:Sent reply
[92mINFO [0m:      
02/17/2025 15:47:18:INFO:
[92mINFO [0m:      Received: train message 23c53b69-a77b-4366-ba65-e593ef23eb3b
02/17/2025 15:47:18:INFO:Received: train message 23c53b69-a77b-4366-ba65-e593ef23eb3b
/home/dgxuser16/anaconda3/envs/ihpc/lib/python3.8/site-packages/torch/nn/modules/module.py:1640: FutureWarning: Using a non-full backward hook when the forward contains multiple autograd Nodes is deprecated and will be removed in future versions. This hook will be missing some grad_input. Please use register_full_backward_hook to get the documented behavior.
  self._maybe_warn_non_full_backward_hook(args, result, grad_fn)
/home/dgxuser16/anaconda3/envs/ihpc/lib/python3.8/site-packages/opacus/accountants/analysis/rdp.py:332: UserWarning: Optimal order is the largest alpha. Please consider expanding the range of alphas to get a tighter privacy bound.
  warnings.warn(
[92mINFO [0m:      Sent reply
02/17/2025 15:47:29:INFO:Sent reply
[92mINFO [0m:      
02/17/2025 15:48:29:INFO:
[92mINFO [0m:      Received: evaluate message 788501fc-1d07-4180-8b81-5ae5af8529a3
02/17/2025 15:48:29:INFO:Received: evaluate message 788501fc-1d07-4180-8b81-5ae5af8529a3
[92mINFO [0m:      Sent reply
02/17/2025 15:48:37:INFO:Sent reply
[92mINFO [0m:      
02/17/2025 15:49:02:INFO:
[92mINFO [0m:      Received: train message b47ccd18-405f-4253-a318-67ce944ede9c
02/17/2025 15:49:02:INFO:Received: train message b47ccd18-405f-4253-a318-67ce944ede9c
/home/dgxuser16/anaconda3/envs/ihpc/lib/python3.8/site-packages/torch/nn/modules/module.py:1640: FutureWarning: Using a non-full backward hook when the forward contains multiple autograd Nodes is deprecated and will be removed in future versions. This hook will be missing some grad_input. Please use register_full_backward_hook to get the documented behavior.
  self._maybe_warn_non_full_backward_hook(args, result, grad_fn)
/home/dgxuser16/anaconda3/envs/ihpc/lib/python3.8/site-packages/opacus/accountants/analysis/rdp.py:332: UserWarning: Optimal order is the largest alpha. Please consider expanding the range of alphas to get a tighter privacy bound.
  warnings.warn(
[92mINFO [0m:      Sent reply
02/17/2025 15:49:17:INFO:Sent reply
[92mINFO [0m:      
02/17/2025 15:50:19:INFO:
[92mINFO [0m:      Received: evaluate message d6972e8c-d5c0-49ed-9989-e21e62e34075
02/17/2025 15:50:19:INFO:Received: evaluate message d6972e8c-d5c0-49ed-9989-e21e62e34075
[92mINFO [0m:      Sent reply
02/17/2025 15:50:23:INFO:Sent reply
[92mINFO [0m:      
02/17/2025 15:51:10:INFO:
[92mINFO [0m:      Received: train message 67815574-ee4c-4182-8c5d-63a8d3271af7
02/17/2025 15:51:10:INFO:Received: train message 67815574-ee4c-4182-8c5d-63a8d3271af7
/home/dgxuser16/anaconda3/envs/ihpc/lib/python3.8/site-packages/torch/nn/modules/module.py:1640: FutureWarning: Using a non-full backward hook when the forward contains multiple autograd Nodes is deprecated and will be removed in future versions. This hook will be missing some grad_input. Please use register_full_backward_hook to get the documented behavior.
  self._maybe_warn_non_full_backward_hook(args, result, grad_fn)
/home/dgxuser16/anaconda3/envs/ihpc/lib/python3.8/site-packages/opacus/accountants/analysis/rdp.py:332: UserWarning: Optimal order is the largest alpha. Please consider expanding the range of alphas to get a tighter privacy bound.
  warnings.warn(
[92mINFO [0m:      Sent reply
02/17/2025 15:51:26:INFO:Sent reply
[92mINFO [0m:      
02/17/2025 15:52:16:INFO:
[92mINFO [0m:      Received: evaluate message 9ce2536e-8db9-4634-9c4b-4b2bda0e6763
02/17/2025 15:52:16:INFO:Received: evaluate message 9ce2536e-8db9-4634-9c4b-4b2bda0e6763
[92mINFO [0m:      Sent reply
02/17/2025 15:52:19:INFO:Sent reply
[92mINFO [0m:      
02/17/2025 15:53:02:INFO:
[92mINFO [0m:      Received: train message 9f9fdcc4-e3fa-48fb-8e32-412304556e2e
02/17/2025 15:53:02:INFO:Received: train message 9f9fdcc4-e3fa-48fb-8e32-412304556e2e
/home/dgxuser16/anaconda3/envs/ihpc/lib/python3.8/site-packages/torch/nn/modules/module.py:1640: FutureWarning: Using a non-full backward hook when the forward contains multiple autograd Nodes is deprecated and will be removed in future versions. This hook will be missing some grad_input. Please use register_full_backward_hook to get the documented behavior.
  self._maybe_warn_non_full_backward_hook(args, result, grad_fn)
/home/dgxuser16/anaconda3/envs/ihpc/lib/python3.8/site-packages/opacus/accountants/analysis/rdp.py:332: UserWarning: Optimal order is the largest alpha. Please consider expanding the range of alphas to get a tighter privacy bound.
  warnings.warn(
[92mINFO [0m:      Sent reply
02/17/2025 15:53:18:INFO:Sent reply
[92mINFO [0m:      
02/17/2025 15:54:09:INFO:
[92mINFO [0m:      Received: evaluate message 844bef4f-d56c-4e90-a573-2315e80fbfea
02/17/2025 15:54:09:INFO:Received: evaluate message 844bef4f-d56c-4e90-a573-2315e80fbfea
[92mINFO [0m:      Sent reply
02/17/2025 15:54:13:INFO:Sent reply
[92mINFO [0m:      
02/17/2025 15:54:43:INFO:
[92mINFO [0m:      Received: train message b7cab7d5-ef1c-402e-96f1-54e5c2297c8c
02/17/2025 15:54:43:INFO:Received: train message b7cab7d5-ef1c-402e-96f1-54e5c2297c8c
/home/dgxuser16/anaconda3/envs/ihpc/lib/python3.8/site-packages/torch/nn/modules/module.py:1640: FutureWarning: Using a non-full backward hook when the forward contains multiple autograd Nodes is deprecated and will be removed in future versions. This hook will be missing some grad_input. Please use register_full_backward_hook to get the documented behavior.
  self._maybe_warn_non_full_backward_hook(args, result, grad_fn)
/home/dgxuser16/anaconda3/envs/ihpc/lib/python3.8/site-packages/opacus/accountants/analysis/rdp.py:332: UserWarning: Optimal order is the largest alpha. Please consider expanding the range of alphas to get a tighter privacy bound.
  warnings.warn(
[92mINFO [0m:      Sent reply
02/17/2025 15:54:53:INFO:Sent reply
[92mINFO [0m:      
02/17/2025 15:55:55:INFO:
[92mINFO [0m:      Received: evaluate message 0d9432c4-29c8-4b77-936d-d07f2a188f65
02/17/2025 15:55:55:INFO:Received: evaluate message 0d9432c4-29c8-4b77-936d-d07f2a188f65
[92mINFO [0m:      Sent reply
02/17/2025 15:56:00:INFO:Sent reply
[92mINFO [0m:      
02/17/2025 15:56:31:INFO:
[92mINFO [0m:      Received: train message 57dac24b-b930-4f8b-8677-e8a451909a31
02/17/2025 15:56:31:INFO:Received: train message 57dac24b-b930-4f8b-8677-e8a451909a31
/home/dgxuser16/anaconda3/envs/ihpc/lib/python3.8/site-packages/torch/nn/modules/module.py:1640: FutureWarning: Using a non-full backward hook when the forward contains multiple autograd Nodes is deprecated and will be removed in future versions. This hook will be missing some grad_input. Please use register_full_backward_hook to get the documented behavior.
  self._maybe_warn_non_full_backward_hook(args, result, grad_fn)
/home/dgxuser16/anaconda3/envs/ihpc/lib/python3.8/site-packages/opacus/accountants/analysis/rdp.py:332: UserWarning: Optimal order is the largest alpha. Please consider expanding the range of alphas to get a tighter privacy bound.
  warnings.warn(
[92mINFO [0m:      Sent reply
02/17/2025 15:56:43:INFO:Sent reply
[92mINFO [0m:      
02/17/2025 15:57:29:INFO:
[92mINFO [0m:      Received: evaluate message e0cf1a06-cdde-42c8-84d9-19b145e35160
02/17/2025 15:57:29:INFO:Received: evaluate message e0cf1a06-cdde-42c8-84d9-19b145e35160
[92mINFO [0m:      Sent reply
02/17/2025 15:57:33:INFO:Sent reply
[92mINFO [0m:      
02/17/2025 15:58:12:INFO:
[92mINFO [0m:      Received: train message 6d144dd2-a985-48a1-b1b5-270cc55adbad
02/17/2025 15:58:12:INFO:Received: train message 6d144dd2-a985-48a1-b1b5-270cc55adbad
/home/dgxuser16/anaconda3/envs/ihpc/lib/python3.8/site-packages/torch/nn/modules/module.py:1640: FutureWarning: Using a non-full backward hook when the forward contains multiple autograd Nodes is deprecated and will be removed in future versions. This hook will be missing some grad_input. Please use register_full_backward_hook to get the documented behavior.
  self._maybe_warn_non_full_backward_hook(args, result, grad_fn)
/home/dgxuser16/anaconda3/envs/ihpc/lib/python3.8/site-packages/opacus/accountants/analysis/rdp.py:332: UserWarning: Optimal order is the largest alpha. Please consider expanding the range of alphas to get a tighter privacy bound.
  warnings.warn(
[92mINFO [0m:      Sent reply
02/17/2025 15:58:22:INFO:Sent reply
[92mINFO [0m:      
02/17/2025 15:59:45:INFO:
[92mINFO [0m:      Received: evaluate message 36d0bfab-0fa7-4933-8cbe-2f539eaaceed
02/17/2025 15:59:45:INFO:Received: evaluate message 36d0bfab-0fa7-4933-8cbe-2f539eaaceed
[92mINFO [0m:      Sent reply
02/17/2025 15:59:49:INFO:Sent reply
[92mINFO [0m:      
02/17/2025 16:00:23:INFO:
[92mINFO [0m:      Received: train message 7d564bef-6473-4404-b6eb-a6a8bf244570
02/17/2025 16:00:23:INFO:Received: train message 7d564bef-6473-4404-b6eb-a6a8bf244570
/home/dgxuser16/anaconda3/envs/ihpc/lib/python3.8/site-packages/torch/nn/modules/module.py:1640: FutureWarning: Using a non-full backward hook when the forward contains multiple autograd Nodes is deprecated and will be removed in future versions. This hook will be missing some grad_input. Please use register_full_backward_hook to get the documented behavior.
  self._maybe_warn_non_full_backward_hook(args, result, grad_fn)
/home/dgxuser16/anaconda3/envs/ihpc/lib/python3.8/site-packages/opacus/accountants/analysis/rdp.py:332: UserWarning: Optimal order is the largest alpha. Please consider expanding the range of alphas to get a tighter privacy bound.
  warnings.warn(
[92mINFO [0m:      Sent reply
02/17/2025 16:00:35:INFO:Sent reply
[92mINFO [0m:      
02/17/2025 16:01:32:INFO:
[92mINFO [0m:      Received: evaluate message 81530429-faea-4cd2-9234-6d6e135cb9d2
02/17/2025 16:01:32:INFO:Received: evaluate message 81530429-faea-4cd2-9234-6d6e135cb9d2
[92mINFO [0m:      Sent reply
02/17/2025 16:01:34:INFO:Sent reply
[92mINFO [0m:      
02/17/2025 16:02:00:INFO:
[92mINFO [0m:      Received: train message f1e5b751-8c8c-4e43-b9d0-420d05baef0e
02/17/2025 16:02:00:INFO:Received: train message f1e5b751-8c8c-4e43-b9d0-420d05baef0e
/home/dgxuser16/anaconda3/envs/ihpc/lib/python3.8/site-packages/torch/nn/modules/module.py:1640: FutureWarning: Using a non-full backward hook when the forward contains multiple autograd Nodes is deprecated and will be removed in future versions. This hook will be missing some grad_input. Please use register_full_backward_hook to get the documented behavior.
  self._maybe_warn_non_full_backward_hook(args, result, grad_fn)
/home/dgxuser16/anaconda3/envs/ihpc/lib/python3.8/site-packages/opacus/accountants/analysis/rdp.py:332: UserWarning: Optimal order is the largest alpha. Please consider expanding the range of alphas to get a tighter privacy bound.
  warnings.warn(
[92mINFO [0m:      Sent reply
02/17/2025 16:02:11:INFO:Sent reply
[92mINFO [0m:      
02/17/2025 16:03:27:INFO:
[92mINFO [0m:      Received: evaluate message e7fcd00b-3e13-4c82-bba6-aed395d9c61c
02/17/2025 16:03:27:INFO:Received: evaluate message e7fcd00b-3e13-4c82-bba6-aed395d9c61c
[92mINFO [0m:      Sent reply
02/17/2025 16:03:31:INFO:Sent reply
[92mINFO [0m:      
02/17/2025 16:04:15:INFO:
[92mINFO [0m:      Received: train message a6aad750-9a07-4173-908a-bebcbb051b83
02/17/2025 16:04:15:INFO:Received: train message a6aad750-9a07-4173-908a-bebcbb051b83
/home/dgxuser16/anaconda3/envs/ihpc/lib/python3.8/site-packages/torch/nn/modules/module.py:1640: FutureWarning: Using a non-full backward hook when the forward contains multiple autograd Nodes is deprecated and will be removed in future versions. This hook will be missing some grad_input. Please use register_full_backward_hook to get the documented behavior.
  self._maybe_warn_non_full_backward_hook(args, result, grad_fn)
/home/dgxuser16/anaconda3/envs/ihpc/lib/python3.8/site-packages/opacus/accountants/analysis/rdp.py:332: UserWarning: Optimal order is the largest alpha. Please consider expanding the range of alphas to get a tighter privacy bound.
  warnings.warn(
[92mINFO [0m:      Sent reply
02/17/2025 16:04:27:INFO:Sent reply
[92mINFO [0m:      
02/17/2025 16:05:17:INFO:
[92mINFO [0m:      Received: evaluate message bbf44834-7251-4934-a251-c2477f8315b8
02/17/2025 16:05:17:INFO:Received: evaluate message bbf44834-7251-4934-a251-c2477f8315b8
[92mINFO [0m:      Sent reply
02/17/2025 16:05:22:INFO:Sent reply
[92mINFO [0m:      
02/17/2025 16:06:00:INFO:
[92mINFO [0m:      Received: train message 8126c3d4-c4dd-4d21-92a3-1e9a01387cce
02/17/2025 16:06:00:INFO:Received: train message 8126c3d4-c4dd-4d21-92a3-1e9a01387cce
/home/dgxuser16/anaconda3/envs/ihpc/lib/python3.8/site-packages/torch/nn/modules/module.py:1640: FutureWarning: Using a non-full backward hook when the forward contains multiple autograd Nodes is deprecated and will be removed in future versions. This hook will be missing some grad_input. Please use register_full_backward_hook to get the documented behavior.
  self._maybe_warn_non_full_backward_hook(args, result, grad_fn)
/home/dgxuser16/anaconda3/envs/ihpc/lib/python3.8/site-packages/opacus/accountants/analysis/rdp.py:332: UserWarning: Optimal order is the largest alpha. Please consider expanding the range of alphas to get a tighter privacy bound.
  warnings.warn(
[92mINFO [0m:      Sent reply
02/17/2025 16:06:13:INFO:Sent reply
[92mINFO [0m:      
02/17/2025 16:07:01:INFO:
[92mINFO [0m:      Received: evaluate message 164d9899-d3d6-4043-a892-2de42e171e20
02/17/2025 16:07:01:INFO:Received: evaluate message 164d9899-d3d6-4043-a892-2de42e171e20
[92mINFO [0m:      Sent reply
02/17/2025 16:07:05:INFO:Sent reply
[92mINFO [0m:      
02/17/2025 16:07:49:INFO:
[92mINFO [0m:      Received: train message 6d46e3e6-cab7-47ce-aff5-3cacd937989d
02/17/2025 16:07:49:INFO:Received: train message 6d46e3e6-cab7-47ce-aff5-3cacd937989d
/home/dgxuser16/anaconda3/envs/ihpc/lib/python3.8/site-packages/torch/nn/modules/module.py:1640: FutureWarning: Using a non-full backward hook when the forward contains multiple autograd Nodes is deprecated and will be removed in future versions. This hook will be missing some grad_input. Please use register_full_backward_hook to get the documented behavior.
  self._maybe_warn_non_full_backward_hook(args, result, grad_fn)
/home/dgxuser16/anaconda3/envs/ihpc/lib/python3.8/site-packages/opacus/accountants/analysis/rdp.py:332: UserWarning: Optimal order is the largest alpha. Please consider expanding the range of alphas to get a tighter privacy bound.
  warnings.warn(
[92mINFO [0m:      Sent reply
02/17/2025 16:08:04:INFO:Sent reply
[92mINFO [0m:      
02/17/2025 16:08:28:INFO:
[92mINFO [0m:      Received: evaluate message 9f1f957f-6544-4a5b-98e3-c7ffbee4065e
02/17/2025 16:08:28:INFO:Received: evaluate message 9f1f957f-6544-4a5b-98e3-c7ffbee4065e
[92mINFO [0m:      Sent reply
02/17/2025 16:08:31:INFO:Sent reply
[92mINFO [0m:      
02/17/2025 16:09:29:INFO:
[92mINFO [0m:      Received: train message f51d6186-8a92-4a3a-923e-7e78b905cc89
02/17/2025 16:09:29:INFO:Received: train message f51d6186-8a92-4a3a-923e-7e78b905cc89
/home/dgxuser16/anaconda3/envs/ihpc/lib/python3.8/site-packages/torch/nn/modules/module.py:1640: FutureWarning: Using a non-full backward hook when the forward contains multiple autograd Nodes is deprecated and will be removed in future versions. This hook will be missing some grad_input. Please use register_full_backward_hook to get the documented behavior.
  self._maybe_warn_non_full_backward_hook(args, result, grad_fn)
/home/dgxuser16/anaconda3/envs/ihpc/lib/python3.8/site-packages/opacus/accountants/analysis/rdp.py:332: UserWarning: Optimal order is the largest alpha. Please consider expanding the range of alphas to get a tighter privacy bound.
  warnings.warn(
[92mINFO [0m:      Sent reply
02/17/2025 16:09:39:INFO:Sent reply
[92mINFO [0m:      
02/17/2025 16:10:50:INFO:
[92mINFO [0m:      Received: evaluate message e6931f04-68d9-4695-b4ed-15460fb5b9a4
02/17/2025 16:10:50:INFO:Received: evaluate message e6931f04-68d9-4695-b4ed-15460fb5b9a4
[92mINFO [0m:      Sent reply
02/17/2025 16:10:52:INFO:Sent reply
[92mINFO [0m:      
02/17/2025 16:11:29:INFO:
[92mINFO [0m:      Received: train message 5c70928d-0ec0-4ed4-ac2a-c512a086c443
02/17/2025 16:11:29:INFO:Received: train message 5c70928d-0ec0-4ed4-ac2a-c512a086c443
/home/dgxuser16/anaconda3/envs/ihpc/lib/python3.8/site-packages/torch/nn/modules/module.py:1640: FutureWarning: Using a non-full backward hook when the forward contains multiple autograd Nodes is deprecated and will be removed in future versions. This hook will be missing some grad_input. Please use register_full_backward_hook to get the documented behavior.
  self._maybe_warn_non_full_backward_hook(args, result, grad_fn)
/home/dgxuser16/anaconda3/envs/ihpc/lib/python3.8/site-packages/opacus/accountants/analysis/rdp.py:332: UserWarning: Optimal order is the largest alpha. Please consider expanding the range of alphas to get a tighter privacy bound.
  warnings.warn(
[92mINFO [0m:      Sent reply
02/17/2025 16:11:48:INFO:Sent reply
[92mINFO [0m:      
02/17/2025 16:12:39:INFO:
[92mINFO [0m:      Received: evaluate message 613e7690-478f-4c95-833a-e7c325242870
02/17/2025 16:12:39:INFO:Received: evaluate message 613e7690-478f-4c95-833a-e7c325242870
Device: cuda:0
Params: {'batch_size': 32, 'local_epochs': 3, 'full_dataset_size': 6400, 'number_of_classes': 4}
Privacy Params: {'target_delta': 1e-05, 'noise_multiplier': 5.0, 'max_grad_norm': 1.0}
Epsilon = 0.26

{'loss': [1.0637531269798994], 'accuracy': [0.4988272087568413], 'auc': [0.6126244090319893]}

Epsilon = 0.36

{'loss': [1.0637531269798994, 1.0743263416499063], 'accuracy': [0.4988272087568413, 0.5011727912431587], 'auc': [0.6126244090319893, 0.6427563495554159]}

Epsilon = 0.45

{'loss': [1.0637531269798994, 1.0743263416499063, 1.0926661737921464], 'accuracy': [0.4988272087568413, 0.5011727912431587, 0.5019546520719312], 'auc': [0.6126244090319893, 0.6427563495554159, 0.6478191556976258]}

Epsilon = 0.52

{'loss': [1.0637531269798994, 1.0743263416499063, 1.0926661737921464, 1.092535943701642], 'accuracy': [0.4988272087568413, 0.5011727912431587, 0.5019546520719312, 0.49569976544175137], 'auc': [0.6126244090319893, 0.6427563495554159, 0.6478191556976258, 0.6471781500143199]}

Epsilon = 0.59

{'loss': [1.0637531269798994, 1.0743263416499063, 1.0926661737921464, 1.092535943701642, 1.0904863739125519], 'accuracy': [0.4988272087568413, 0.5011727912431587, 0.5019546520719312, 0.49569976544175137, 0.4988272087568413], 'auc': [0.6126244090319893, 0.6427563495554159, 0.6478191556976258, 0.6471781500143199, 0.6553070290310754]}

Epsilon = 0.65

{'loss': [1.0637531269798994, 1.0743263416499063, 1.0926661737921464, 1.092535943701642, 1.0904863739125519, 1.102278728239046], 'accuracy': [0.4988272087568413, 0.5011727912431587, 0.5019546520719312, 0.49569976544175137, 0.4988272087568413, 0.4980453479280688], 'auc': [0.6126244090319893, 0.6427563495554159, 0.6478191556976258, 0.6471781500143199, 0.6553070290310754, 0.667288355595523]}

Epsilon = 0.70

{'loss': [1.0637531269798994, 1.0743263416499063, 1.0926661737921464, 1.092535943701642, 1.0904863739125519, 1.102278728239046, 1.0813884811535583], 'accuracy': [0.4988272087568413, 0.5011727912431587, 0.5019546520719312, 0.49569976544175137, 0.4988272087568413, 0.4980453479280688, 0.491790461297889], 'auc': [0.6126244090319893, 0.6427563495554159, 0.6478191556976258, 0.6471781500143199, 0.6553070290310754, 0.667288355595523, 0.6629687389791885]}

Epsilon = 0.75

{'loss': [1.0637531269798994, 1.0743263416499063, 1.0926661737921464, 1.092535943701642, 1.0904863739125519, 1.102278728239046, 1.0813884811535583, 1.0818830423750292], 'accuracy': [0.4988272087568413, 0.5011727912431587, 0.5019546520719312, 0.49569976544175137, 0.4988272087568413, 0.4980453479280688, 0.491790461297889, 0.4988272087568413], 'auc': [0.6126244090319893, 0.6427563495554159, 0.6478191556976258, 0.6471781500143199, 0.6553070290310754, 0.667288355595523, 0.6629687389791885, 0.6633735503060076]}

Epsilon = 0.80

{'loss': [1.0637531269798994, 1.0743263416499063, 1.0926661737921464, 1.092535943701642, 1.0904863739125519, 1.102278728239046, 1.0813884811535583, 1.0818830423750292, 1.0803690565294173], 'accuracy': [0.4988272087568413, 0.5011727912431587, 0.5019546520719312, 0.49569976544175137, 0.4988272087568413, 0.4980453479280688, 0.491790461297889, 0.4988272087568413, 0.49726348709929635], 'auc': [0.6126244090319893, 0.6427563495554159, 0.6478191556976258, 0.6471781500143199, 0.6553070290310754, 0.667288355595523, 0.6629687389791885, 0.6633735503060076, 0.6686219124742502]}

Epsilon = 0.85

{'loss': [1.0637531269798994, 1.0743263416499063, 1.0926661737921464, 1.092535943701642, 1.0904863739125519, 1.102278728239046, 1.0813884811535583, 1.0818830423750292, 1.0803690565294173, 1.0929793257374052], 'accuracy': [0.4988272087568413, 0.5011727912431587, 0.5019546520719312, 0.49569976544175137, 0.4988272087568413, 0.4980453479280688, 0.491790461297889, 0.4988272087568413, 0.49726348709929635, 0.4980453479280688], 'auc': [0.6126244090319893, 0.6427563495554159, 0.6478191556976258, 0.6471781500143199, 0.6553070290310754, 0.667288355595523, 0.6629687389791885, 0.6633735503060076, 0.6686219124742502, 0.6784367470166348]}

Epsilon = 0.89

{'loss': [1.0637531269798994, 1.0743263416499063, 1.0926661737921464, 1.092535943701642, 1.0904863739125519, 1.102278728239046, 1.0813884811535583, 1.0818830423750292, 1.0803690565294173, 1.0929793257374052, 1.0892508530448992], 'accuracy': [0.4988272087568413, 0.5011727912431587, 0.5019546520719312, 0.49569976544175137, 0.4988272087568413, 0.4980453479280688, 0.491790461297889, 0.4988272087568413, 0.49726348709929635, 0.4980453479280688, 0.4980453479280688], 'auc': [0.6126244090319893, 0.6427563495554159, 0.6478191556976258, 0.6471781500143199, 0.6553070290310754, 0.667288355595523, 0.6629687389791885, 0.6633735503060076, 0.6686219124742502, 0.6784367470166348, 0.6783089640225433]}

Epsilon = 0.94

{'loss': [1.0637531269798994, 1.0743263416499063, 1.0926661737921464, 1.092535943701642, 1.0904863739125519, 1.102278728239046, 1.0813884811535583, 1.0818830423750292, 1.0803690565294173, 1.0929793257374052, 1.0892508530448992, 1.0875891000614957], 'accuracy': [0.4988272087568413, 0.5011727912431587, 0.5019546520719312, 0.49569976544175137, 0.4988272087568413, 0.4980453479280688, 0.491790461297889, 0.4988272087568413, 0.49726348709929635, 0.4980453479280688, 0.4980453479280688, 0.5121188428459734], 'auc': [0.6126244090319893, 0.6427563495554159, 0.6478191556976258, 0.6471781500143199, 0.6553070290310754, 0.667288355595523, 0.6629687389791885, 0.6633735503060076, 0.6686219124742502, 0.6784367470166348, 0.6783089640225433, 0.6736532358003906]}

Epsilon = 0.98

{'loss': [1.0637531269798994, 1.0743263416499063, 1.0926661737921464, 1.092535943701642, 1.0904863739125519, 1.102278728239046, 1.0813884811535583, 1.0818830423750292, 1.0803690565294173, 1.0929793257374052, 1.0892508530448992, 1.0875891000614957, 1.0887299319372408], 'accuracy': [0.4988272087568413, 0.5011727912431587, 0.5019546520719312, 0.49569976544175137, 0.4988272087568413, 0.4980453479280688, 0.491790461297889, 0.4988272087568413, 0.49726348709929635, 0.4980453479280688, 0.4980453479280688, 0.5121188428459734, 0.5074276778733385], 'auc': [0.6126244090319893, 0.6427563495554159, 0.6478191556976258, 0.6471781500143199, 0.6553070290310754, 0.667288355595523, 0.6629687389791885, 0.6633735503060076, 0.6686219124742502, 0.6784367470166348, 0.6783089640225433, 0.6736532358003906, 0.6783376572535053]}

Epsilon = 1.02

{'loss': [1.0637531269798994, 1.0743263416499063, 1.0926661737921464, 1.092535943701642, 1.0904863739125519, 1.102278728239046, 1.0813884811535583, 1.0818830423750292, 1.0803690565294173, 1.0929793257374052, 1.0892508530448992, 1.0875891000614957, 1.0887299319372408, 1.0823675059918036], 'accuracy': [0.4988272087568413, 0.5011727912431587, 0.5019546520719312, 0.49569976544175137, 0.4988272087568413, 0.4980453479280688, 0.491790461297889, 0.4988272087568413, 0.49726348709929635, 0.4980453479280688, 0.4980453479280688, 0.5121188428459734, 0.5074276778733385, 0.509773260359656], 'auc': [0.6126244090319893, 0.6427563495554159, 0.6478191556976258, 0.6471781500143199, 0.6553070290310754, 0.667288355595523, 0.6629687389791885, 0.6633735503060076, 0.6686219124742502, 0.6784367470166348, 0.6783089640225433, 0.6736532358003906, 0.6783376572535053, 0.6774526541808379]}

Epsilon = 1.06

{'loss': [1.0637531269798994, 1.0743263416499063, 1.0926661737921464, 1.092535943701642, 1.0904863739125519, 1.102278728239046, 1.0813884811535583, 1.0818830423750292, 1.0803690565294173, 1.0929793257374052, 1.0892508530448992, 1.0875891000614957, 1.0887299319372408, 1.0823675059918036, 1.089275201985014], 'accuracy': [0.4988272087568413, 0.5011727912431587, 0.5019546520719312, 0.49569976544175137, 0.4988272087568413, 0.4980453479280688, 0.491790461297889, 0.4988272087568413, 0.49726348709929635, 0.4980453479280688, 0.4980453479280688, 0.5121188428459734, 0.5074276778733385, 0.509773260359656, 0.509773260359656], 'auc': [0.6126244090319893, 0.6427563495554159, 0.6478191556976258, 0.6471781500143199, 0.6553070290310754, 0.667288355595523, 0.6629687389791885, 0.6633735503060076, 0.6686219124742502, 0.6784367470166348, 0.6783089640225433, 0.6736532358003906, 0.6783376572535053, 0.6774526541808379, 0.6807067396285442]}

Epsilon = 1.09
[92mINFO [0m:      Sent reply
02/17/2025 16:12:44:INFO:Sent reply
[92mINFO [0m:      
02/17/2025 16:13:00:INFO:
[92mINFO [0m:      Received: train message b2ea0470-211d-4121-9054-f67affacd836
02/17/2025 16:13:00:INFO:Received: train message b2ea0470-211d-4121-9054-f67affacd836
/home/dgxuser16/anaconda3/envs/ihpc/lib/python3.8/site-packages/torch/nn/modules/module.py:1640: FutureWarning: Using a non-full backward hook when the forward contains multiple autograd Nodes is deprecated and will be removed in future versions. This hook will be missing some grad_input. Please use register_full_backward_hook to get the documented behavior.
  self._maybe_warn_non_full_backward_hook(args, result, grad_fn)
/home/dgxuser16/anaconda3/envs/ihpc/lib/python3.8/site-packages/opacus/accountants/analysis/rdp.py:332: UserWarning: Optimal order is the largest alpha. Please consider expanding the range of alphas to get a tighter privacy bound.
  warnings.warn(
[92mINFO [0m:      Sent reply
02/17/2025 16:13:09:INFO:Sent reply
[92mINFO [0m:      
02/17/2025 16:14:00:INFO:
[92mINFO [0m:      Received: evaluate message 467ed881-b2cf-4de1-a62d-fd71aa250231
02/17/2025 16:14:00:INFO:Received: evaluate message 467ed881-b2cf-4de1-a62d-fd71aa250231
[92mINFO [0m:      Sent reply
02/17/2025 16:14:03:INFO:Sent reply
[92mINFO [0m:      
02/17/2025 16:14:51:INFO:
[92mINFO [0m:      Received: train message 61c6d91d-5d14-4328-ab95-b4579e49b36e
02/17/2025 16:14:51:INFO:Received: train message 61c6d91d-5d14-4328-ab95-b4579e49b36e
/home/dgxuser16/anaconda3/envs/ihpc/lib/python3.8/site-packages/torch/nn/modules/module.py:1640: FutureWarning: Using a non-full backward hook when the forward contains multiple autograd Nodes is deprecated and will be removed in future versions. This hook will be missing some grad_input. Please use register_full_backward_hook to get the documented behavior.
  self._maybe_warn_non_full_backward_hook(args, result, grad_fn)
/home/dgxuser16/anaconda3/envs/ihpc/lib/python3.8/site-packages/opacus/accountants/analysis/rdp.py:332: UserWarning: Optimal order is the largest alpha. Please consider expanding the range of alphas to get a tighter privacy bound.
  warnings.warn(
[92mINFO [0m:      Sent reply
02/17/2025 16:15:03:INFO:Sent reply
[92mINFO [0m:      
02/17/2025 16:16:05:INFO:
[92mINFO [0m:      Received: evaluate message 86654070-1dc4-436b-90e1-9ba79a7c15a5
02/17/2025 16:16:05:INFO:Received: evaluate message 86654070-1dc4-436b-90e1-9ba79a7c15a5
[92mINFO [0m:      Sent reply
02/17/2025 16:16:08:INFO:Sent reply
[92mINFO [0m:      
02/17/2025 16:17:07:INFO:
[92mINFO [0m:      Received: train message ae810912-a4f5-4574-acb1-cc8e5e102f8c
02/17/2025 16:17:07:INFO:Received: train message ae810912-a4f5-4574-acb1-cc8e5e102f8c
/home/dgxuser16/anaconda3/envs/ihpc/lib/python3.8/site-packages/torch/nn/modules/module.py:1640: FutureWarning: Using a non-full backward hook when the forward contains multiple autograd Nodes is deprecated and will be removed in future versions. This hook will be missing some grad_input. Please use register_full_backward_hook to get the documented behavior.
  self._maybe_warn_non_full_backward_hook(args, result, grad_fn)
/home/dgxuser16/anaconda3/envs/ihpc/lib/python3.8/site-packages/opacus/accountants/analysis/rdp.py:332: UserWarning: Optimal order is the largest alpha. Please consider expanding the range of alphas to get a tighter privacy bound.
  warnings.warn(
[92mINFO [0m:      Sent reply
02/17/2025 16:17:20:INFO:Sent reply
[92mINFO [0m:      
02/17/2025 16:18:01:INFO:
[92mINFO [0m:      Received: evaluate message 967d4876-0bcd-4cc0-93fe-9570a71a331e
02/17/2025 16:18:01:INFO:Received: evaluate message 967d4876-0bcd-4cc0-93fe-9570a71a331e
[92mINFO [0m:      Sent reply
02/17/2025 16:18:04:INFO:Sent reply
[92mINFO [0m:      
02/17/2025 16:18:46:INFO:
[92mINFO [0m:      Received: train message efe30365-17b3-45d9-9ab1-0a198d25de03
02/17/2025 16:18:46:INFO:Received: train message efe30365-17b3-45d9-9ab1-0a198d25de03
/home/dgxuser16/anaconda3/envs/ihpc/lib/python3.8/site-packages/torch/nn/modules/module.py:1640: FutureWarning: Using a non-full backward hook when the forward contains multiple autograd Nodes is deprecated and will be removed in future versions. This hook will be missing some grad_input. Please use register_full_backward_hook to get the documented behavior.
  self._maybe_warn_non_full_backward_hook(args, result, grad_fn)
/home/dgxuser16/anaconda3/envs/ihpc/lib/python3.8/site-packages/opacus/accountants/analysis/rdp.py:332: UserWarning: Optimal order is the largest alpha. Please consider expanding the range of alphas to get a tighter privacy bound.
  warnings.warn(
[92mINFO [0m:      Sent reply
02/17/2025 16:19:01:INFO:Sent reply
[92mINFO [0m:      
02/17/2025 16:19:46:INFO:
[92mINFO [0m:      Received: evaluate message 7cc94aac-115f-4b1c-aab5-44611e0f3f50
02/17/2025 16:19:46:INFO:Received: evaluate message 7cc94aac-115f-4b1c-aab5-44611e0f3f50
[92mINFO [0m:      Sent reply
02/17/2025 16:19:51:INFO:Sent reply
[92mINFO [0m:      
02/17/2025 16:20:29:INFO:
[92mINFO [0m:      Received: train message e2b02c63-bb45-40ee-a672-1b013770d5ec
02/17/2025 16:20:29:INFO:Received: train message e2b02c63-bb45-40ee-a672-1b013770d5ec
/home/dgxuser16/anaconda3/envs/ihpc/lib/python3.8/site-packages/torch/nn/modules/module.py:1640: FutureWarning: Using a non-full backward hook when the forward contains multiple autograd Nodes is deprecated and will be removed in future versions. This hook will be missing some grad_input. Please use register_full_backward_hook to get the documented behavior.
  self._maybe_warn_non_full_backward_hook(args, result, grad_fn)
/home/dgxuser16/anaconda3/envs/ihpc/lib/python3.8/site-packages/opacus/accountants/analysis/rdp.py:332: UserWarning: Optimal order is the largest alpha. Please consider expanding the range of alphas to get a tighter privacy bound.
  warnings.warn(
[92mINFO [0m:      Sent reply
02/17/2025 16:20:39:INFO:Sent reply
[92mINFO [0m:      
02/17/2025 16:21:59:INFO:
[92mINFO [0m:      Received: evaluate message 058c2c3b-f602-4d11-8eaf-2072b70e9b8d
02/17/2025 16:21:59:INFO:Received: evaluate message 058c2c3b-f602-4d11-8eaf-2072b70e9b8d
[92mINFO [0m:      Sent reply
02/17/2025 16:22:04:INFO:Sent reply
[92mINFO [0m:      
02/17/2025 16:22:40:INFO:
[92mINFO [0m:      Received: train message 0fac8c1b-d7a0-4dde-a52b-7f774d29c11a
02/17/2025 16:22:40:INFO:Received: train message 0fac8c1b-d7a0-4dde-a52b-7f774d29c11a
/home/dgxuser16/anaconda3/envs/ihpc/lib/python3.8/site-packages/torch/nn/modules/module.py:1640: FutureWarning: Using a non-full backward hook when the forward contains multiple autograd Nodes is deprecated and will be removed in future versions. This hook will be missing some grad_input. Please use register_full_backward_hook to get the documented behavior.
  self._maybe_warn_non_full_backward_hook(args, result, grad_fn)
/home/dgxuser16/anaconda3/envs/ihpc/lib/python3.8/site-packages/opacus/accountants/analysis/rdp.py:332: UserWarning: Optimal order is the largest alpha. Please consider expanding the range of alphas to get a tighter privacy bound.
  warnings.warn(
[92mINFO [0m:      Sent reply
02/17/2025 16:22:52:INFO:Sent reply
[92mINFO [0m:      
02/17/2025 16:23:49:INFO:
[92mINFO [0m:      Received: evaluate message bdb57c12-8081-48f5-ad4b-fd57821321e9
02/17/2025 16:23:49:INFO:Received: evaluate message bdb57c12-8081-48f5-ad4b-fd57821321e9

{'loss': [1.0637531269798994, 1.0743263416499063, 1.0926661737921464, 1.092535943701642, 1.0904863739125519, 1.102278728239046, 1.0813884811535583, 1.0818830423750292, 1.0803690565294173, 1.0929793257374052, 1.0892508530448992, 1.0875891000614957, 1.0887299319372408, 1.0823675059918036, 1.089275201985014, 1.0983954716511681], 'accuracy': [0.4988272087568413, 0.5011727912431587, 0.5019546520719312, 0.49569976544175137, 0.4988272087568413, 0.4980453479280688, 0.491790461297889, 0.4988272087568413, 0.49726348709929635, 0.4980453479280688, 0.4980453479280688, 0.5121188428459734, 0.5074276778733385, 0.509773260359656, 0.509773260359656, 0.5105551211884285], 'auc': [0.6126244090319893, 0.6427563495554159, 0.6478191556976258, 0.6471781500143199, 0.6553070290310754, 0.667288355595523, 0.6629687389791885, 0.6633735503060076, 0.6686219124742502, 0.6784367470166348, 0.6783089640225433, 0.6736532358003906, 0.6783376572535053, 0.6774526541808379, 0.6807067396285442, 0.685116065439221]}

Epsilon = 1.13

{'loss': [1.0637531269798994, 1.0743263416499063, 1.0926661737921464, 1.092535943701642, 1.0904863739125519, 1.102278728239046, 1.0813884811535583, 1.0818830423750292, 1.0803690565294173, 1.0929793257374052, 1.0892508530448992, 1.0875891000614957, 1.0887299319372408, 1.0823675059918036, 1.089275201985014, 1.0983954716511681, 1.1025001281774818], 'accuracy': [0.4988272087568413, 0.5011727912431587, 0.5019546520719312, 0.49569976544175137, 0.4988272087568413, 0.4980453479280688, 0.491790461297889, 0.4988272087568413, 0.49726348709929635, 0.4980453479280688, 0.4980453479280688, 0.5121188428459734, 0.5074276778733385, 0.509773260359656, 0.509773260359656, 0.5105551211884285, 0.5105551211884285], 'auc': [0.6126244090319893, 0.6427563495554159, 0.6478191556976258, 0.6471781500143199, 0.6553070290310754, 0.667288355595523, 0.6629687389791885, 0.6633735503060076, 0.6686219124742502, 0.6784367470166348, 0.6783089640225433, 0.6736532358003906, 0.6783376572535053, 0.6774526541808379, 0.6807067396285442, 0.685116065439221, 0.6871344269681422]}

Epsilon = 1.17

{'loss': [1.0637531269798994, 1.0743263416499063, 1.0926661737921464, 1.092535943701642, 1.0904863739125519, 1.102278728239046, 1.0813884811535583, 1.0818830423750292, 1.0803690565294173, 1.0929793257374052, 1.0892508530448992, 1.0875891000614957, 1.0887299319372408, 1.0823675059918036, 1.089275201985014, 1.0983954716511681, 1.1025001281774818, 1.0972754555908006], 'accuracy': [0.4988272087568413, 0.5011727912431587, 0.5019546520719312, 0.49569976544175137, 0.4988272087568413, 0.4980453479280688, 0.491790461297889, 0.4988272087568413, 0.49726348709929635, 0.4980453479280688, 0.4980453479280688, 0.5121188428459734, 0.5074276778733385, 0.509773260359656, 0.509773260359656, 0.5105551211884285, 0.5105551211884285, 0.5152462861610634], 'auc': [0.6126244090319893, 0.6427563495554159, 0.6478191556976258, 0.6471781500143199, 0.6553070290310754, 0.667288355595523, 0.6629687389791885, 0.6633735503060076, 0.6686219124742502, 0.6784367470166348, 0.6783089640225433, 0.6736532358003906, 0.6783376572535053, 0.6774526541808379, 0.6807067396285442, 0.685116065439221, 0.6871344269681422, 0.6907618167599783]}

Epsilon = 1.20

{'loss': [1.0637531269798994, 1.0743263416499063, 1.0926661737921464, 1.092535943701642, 1.0904863739125519, 1.102278728239046, 1.0813884811535583, 1.0818830423750292, 1.0803690565294173, 1.0929793257374052, 1.0892508530448992, 1.0875891000614957, 1.0887299319372408, 1.0823675059918036, 1.089275201985014, 1.0983954716511681, 1.1025001281774818, 1.0972754555908006, 1.1206541889994475], 'accuracy': [0.4988272087568413, 0.5011727912431587, 0.5019546520719312, 0.49569976544175137, 0.4988272087568413, 0.4980453479280688, 0.491790461297889, 0.4988272087568413, 0.49726348709929635, 0.4980453479280688, 0.4980453479280688, 0.5121188428459734, 0.5074276778733385, 0.509773260359656, 0.509773260359656, 0.5105551211884285, 0.5105551211884285, 0.5152462861610634, 0.5089913995308835], 'auc': [0.6126244090319893, 0.6427563495554159, 0.6478191556976258, 0.6471781500143199, 0.6553070290310754, 0.667288355595523, 0.6629687389791885, 0.6633735503060076, 0.6686219124742502, 0.6784367470166348, 0.6783089640225433, 0.6736532358003906, 0.6783376572535053, 0.6774526541808379, 0.6807067396285442, 0.685116065439221, 0.6871344269681422, 0.6907618167599783, 0.6954071060285254]}

Epsilon = 1.23

{'loss': [1.0637531269798994, 1.0743263416499063, 1.0926661737921464, 1.092535943701642, 1.0904863739125519, 1.102278728239046, 1.0813884811535583, 1.0818830423750292, 1.0803690565294173, 1.0929793257374052, 1.0892508530448992, 1.0875891000614957, 1.0887299319372408, 1.0823675059918036, 1.089275201985014, 1.0983954716511681, 1.1025001281774818, 1.0972754555908006, 1.1206541889994475, 1.125175062802921], 'accuracy': [0.4988272087568413, 0.5011727912431587, 0.5019546520719312, 0.49569976544175137, 0.4988272087568413, 0.4980453479280688, 0.491790461297889, 0.4988272087568413, 0.49726348709929635, 0.4980453479280688, 0.4980453479280688, 0.5121188428459734, 0.5074276778733385, 0.509773260359656, 0.509773260359656, 0.5105551211884285, 0.5105551211884285, 0.5152462861610634, 0.5089913995308835, 0.5121188428459734], 'auc': [0.6126244090319893, 0.6427563495554159, 0.6478191556976258, 0.6471781500143199, 0.6553070290310754, 0.667288355595523, 0.6629687389791885, 0.6633735503060076, 0.6686219124742502, 0.6784367470166348, 0.6783089640225433, 0.6736532358003906, 0.6783376572535053, 0.6774526541808379, 0.6807067396285442, 0.685116065439221, 0.6871344269681422, 0.6907618167599783, 0.6954071060285254, 0.694791849627735]}

Epsilon = 1.27

{'loss': [1.0637531269798994, 1.0743263416499063, 1.0926661737921464, 1.092535943701642, 1.0904863739125519, 1.102278728239046, 1.0813884811535583, 1.0818830423750292, 1.0803690565294173, 1.0929793257374052, 1.0892508530448992, 1.0875891000614957, 1.0887299319372408, 1.0823675059918036, 1.089275201985014, 1.0983954716511681, 1.1025001281774818, 1.0972754555908006, 1.1206541889994475, 1.125175062802921, 1.126957186131481], 'accuracy': [0.4988272087568413, 0.5011727912431587, 0.5019546520719312, 0.49569976544175137, 0.4988272087568413, 0.4980453479280688, 0.491790461297889, 0.4988272087568413, 0.49726348709929635, 0.4980453479280688, 0.4980453479280688, 0.5121188428459734, 0.5074276778733385, 0.509773260359656, 0.509773260359656, 0.5105551211884285, 0.5105551211884285, 0.5152462861610634, 0.5089913995308835, 0.5121188428459734, 0.5144644253322909], 'auc': [0.6126244090319893, 0.6427563495554159, 0.6478191556976258, 0.6471781500143199, 0.6553070290310754, 0.667288355595523, 0.6629687389791885, 0.6633735503060076, 0.6686219124742502, 0.6784367470166348, 0.6783089640225433, 0.6736532358003906, 0.6783376572535053, 0.6774526541808379, 0.6807067396285442, 0.685116065439221, 0.6871344269681422, 0.6907618167599783, 0.6954071060285254, 0.694791849627735, 0.6958230790026636]}

Epsilon = 1.30
[92mINFO [0m:      Sent reply
02/17/2025 16:23:53:INFO:Sent reply
[92mINFO [0m:      
02/17/2025 16:24:37:INFO:
[92mINFO [0m:      Received: train message 186f7e2b-2373-42ca-903f-e491ff08e462
02/17/2025 16:24:37:INFO:Received: train message 186f7e2b-2373-42ca-903f-e491ff08e462
/home/dgxuser16/anaconda3/envs/ihpc/lib/python3.8/site-packages/torch/nn/modules/module.py:1640: FutureWarning: Using a non-full backward hook when the forward contains multiple autograd Nodes is deprecated and will be removed in future versions. This hook will be missing some grad_input. Please use register_full_backward_hook to get the documented behavior.
  self._maybe_warn_non_full_backward_hook(args, result, grad_fn)
/home/dgxuser16/anaconda3/envs/ihpc/lib/python3.8/site-packages/opacus/accountants/analysis/rdp.py:332: UserWarning: Optimal order is the largest alpha. Please consider expanding the range of alphas to get a tighter privacy bound.
  warnings.warn(
[92mINFO [0m:      Sent reply
02/17/2025 16:24:54:INFO:Sent reply
[92mINFO [0m:      
02/17/2025 16:25:33:INFO:
[92mINFO [0m:      Received: evaluate message cf867ab5-176d-46a8-9b03-362c5600772c
02/17/2025 16:25:33:INFO:Received: evaluate message cf867ab5-176d-46a8-9b03-362c5600772c
[92mINFO [0m:      Sent reply
02/17/2025 16:25:35:INFO:Sent reply
[92mINFO [0m:      
02/17/2025 16:26:16:INFO:
[92mINFO [0m:      Received: train message e5f84509-3edf-440e-b838-52a612d2aaed
02/17/2025 16:26:16:INFO:Received: train message e5f84509-3edf-440e-b838-52a612d2aaed
/home/dgxuser16/anaconda3/envs/ihpc/lib/python3.8/site-packages/torch/nn/modules/module.py:1640: FutureWarning: Using a non-full backward hook when the forward contains multiple autograd Nodes is deprecated and will be removed in future versions. This hook will be missing some grad_input. Please use register_full_backward_hook to get the documented behavior.
  self._maybe_warn_non_full_backward_hook(args, result, grad_fn)
/home/dgxuser16/anaconda3/envs/ihpc/lib/python3.8/site-packages/opacus/accountants/analysis/rdp.py:332: UserWarning: Optimal order is the largest alpha. Please consider expanding the range of alphas to get a tighter privacy bound.
  warnings.warn(
[92mINFO [0m:      Sent reply
02/17/2025 16:26:32:INFO:Sent reply
[92mINFO [0m:      
02/17/2025 16:27:46:INFO:
[92mINFO [0m:      Received: evaluate message 258a1ae8-5188-41aa-9a48-b64ffd01793e
02/17/2025 16:27:46:INFO:Received: evaluate message 258a1ae8-5188-41aa-9a48-b64ffd01793e
[92mINFO [0m:      Sent reply
02/17/2025 16:27:49:INFO:Sent reply
[92mINFO [0m:      
02/17/2025 16:28:38:INFO:
[92mINFO [0m:      Received: train message af1db473-cfe7-4195-8654-f54f1dde5c07
02/17/2025 16:28:38:INFO:Received: train message af1db473-cfe7-4195-8654-f54f1dde5c07
/home/dgxuser16/anaconda3/envs/ihpc/lib/python3.8/site-packages/torch/nn/modules/module.py:1640: FutureWarning: Using a non-full backward hook when the forward contains multiple autograd Nodes is deprecated and will be removed in future versions. This hook will be missing some grad_input. Please use register_full_backward_hook to get the documented behavior.
  self._maybe_warn_non_full_backward_hook(args, result, grad_fn)
/home/dgxuser16/anaconda3/envs/ihpc/lib/python3.8/site-packages/opacus/accountants/analysis/rdp.py:332: UserWarning: Optimal order is the largest alpha. Please consider expanding the range of alphas to get a tighter privacy bound.
  warnings.warn(
[92mINFO [0m:      Sent reply
02/17/2025 16:28:55:INFO:Sent reply
[92mINFO [0m:      
02/17/2025 16:29:46:INFO:
[92mINFO [0m:      Received: evaluate message 91166822-454f-4564-ae42-d83b680c4e8b
02/17/2025 16:29:46:INFO:Received: evaluate message 91166822-454f-4564-ae42-d83b680c4e8b
[92mINFO [0m:      Sent reply
02/17/2025 16:29:49:INFO:Sent reply
[92mINFO [0m:      
02/17/2025 16:30:28:INFO:
[92mINFO [0m:      Received: train message 63e3afe0-d90d-491b-8a5f-2e9a76a9595b
02/17/2025 16:30:28:INFO:Received: train message 63e3afe0-d90d-491b-8a5f-2e9a76a9595b
/home/dgxuser16/anaconda3/envs/ihpc/lib/python3.8/site-packages/torch/nn/modules/module.py:1640: FutureWarning: Using a non-full backward hook when the forward contains multiple autograd Nodes is deprecated and will be removed in future versions. This hook will be missing some grad_input. Please use register_full_backward_hook to get the documented behavior.
  self._maybe_warn_non_full_backward_hook(args, result, grad_fn)
/home/dgxuser16/anaconda3/envs/ihpc/lib/python3.8/site-packages/opacus/accountants/analysis/rdp.py:332: UserWarning: Optimal order is the largest alpha. Please consider expanding the range of alphas to get a tighter privacy bound.
  warnings.warn(
[92mINFO [0m:      Sent reply
02/17/2025 16:30:40:INFO:Sent reply
[92mINFO [0m:      
02/17/2025 16:31:52:INFO:
[92mINFO [0m:      Received: evaluate message afb8139f-393f-4e6c-b487-d4bfcec48f9d
02/17/2025 16:31:52:INFO:Received: evaluate message afb8139f-393f-4e6c-b487-d4bfcec48f9d
[92mINFO [0m:      Sent reply
02/17/2025 16:31:56:INFO:Sent reply
[92mINFO [0m:      
02/17/2025 16:32:34:INFO:
[92mINFO [0m:      Received: train message b95f658b-7361-4b5b-afcc-6826fde76d0d
02/17/2025 16:32:34:INFO:Received: train message b95f658b-7361-4b5b-afcc-6826fde76d0d
/home/dgxuser16/anaconda3/envs/ihpc/lib/python3.8/site-packages/torch/nn/modules/module.py:1640: FutureWarning: Using a non-full backward hook when the forward contains multiple autograd Nodes is deprecated and will be removed in future versions. This hook will be missing some grad_input. Please use register_full_backward_hook to get the documented behavior.
  self._maybe_warn_non_full_backward_hook(args, result, grad_fn)
/home/dgxuser16/anaconda3/envs/ihpc/lib/python3.8/site-packages/opacus/accountants/analysis/rdp.py:332: UserWarning: Optimal order is the largest alpha. Please consider expanding the range of alphas to get a tighter privacy bound.
  warnings.warn(
[92mINFO [0m:      Sent reply
02/17/2025 16:32:49:INFO:Sent reply
[92mINFO [0m:      
02/17/2025 16:33:43:INFO:
[92mINFO [0m:      Received: evaluate message b3df169f-6926-41ac-92b7-e3039253f390
02/17/2025 16:33:44:INFO:Received: evaluate message b3df169f-6926-41ac-92b7-e3039253f390

{'loss': [1.0637531269798994, 1.0743263416499063, 1.0926661737921464, 1.092535943701642, 1.0904863739125519, 1.102278728239046, 1.0813884811535583, 1.0818830423750292, 1.0803690565294173, 1.0929793257374052, 1.0892508530448992, 1.0875891000614957, 1.0887299319372408, 1.0823675059918036, 1.089275201985014, 1.0983954716511681, 1.1025001281774818, 1.0972754555908006, 1.1206541889994475, 1.125175062802921, 1.126957186131481, 1.1241364795496167], 'accuracy': [0.4988272087568413, 0.5011727912431587, 0.5019546520719312, 0.49569976544175137, 0.4988272087568413, 0.4980453479280688, 0.491790461297889, 0.4988272087568413, 0.49726348709929635, 0.4980453479280688, 0.4980453479280688, 0.5121188428459734, 0.5074276778733385, 0.509773260359656, 0.509773260359656, 0.5105551211884285, 0.5105551211884285, 0.5152462861610634, 0.5089913995308835, 0.5121188428459734, 0.5144644253322909, 0.5136825645035183], 'auc': [0.6126244090319893, 0.6427563495554159, 0.6478191556976258, 0.6471781500143199, 0.6553070290310754, 0.667288355595523, 0.6629687389791885, 0.6633735503060076, 0.6686219124742502, 0.6784367470166348, 0.6783089640225433, 0.6736532358003906, 0.6783376572535053, 0.6774526541808379, 0.6807067396285442, 0.685116065439221, 0.6871344269681422, 0.6907618167599783, 0.6954071060285254, 0.694791849627735, 0.6958230790026636, 0.6972822073885703]}

Epsilon = 1.33

{'loss': [1.0637531269798994, 1.0743263416499063, 1.0926661737921464, 1.092535943701642, 1.0904863739125519, 1.102278728239046, 1.0813884811535583, 1.0818830423750292, 1.0803690565294173, 1.0929793257374052, 1.0892508530448992, 1.0875891000614957, 1.0887299319372408, 1.0823675059918036, 1.089275201985014, 1.0983954716511681, 1.1025001281774818, 1.0972754555908006, 1.1206541889994475, 1.125175062802921, 1.126957186131481, 1.1241364795496167, 1.1060796387965461], 'accuracy': [0.4988272087568413, 0.5011727912431587, 0.5019546520719312, 0.49569976544175137, 0.4988272087568413, 0.4980453479280688, 0.491790461297889, 0.4988272087568413, 0.49726348709929635, 0.4980453479280688, 0.4980453479280688, 0.5121188428459734, 0.5074276778733385, 0.509773260359656, 0.509773260359656, 0.5105551211884285, 0.5105551211884285, 0.5152462861610634, 0.5089913995308835, 0.5121188428459734, 0.5144644253322909, 0.5136825645035183, 0.5152462861610634], 'auc': [0.6126244090319893, 0.6427563495554159, 0.6478191556976258, 0.6471781500143199, 0.6553070290310754, 0.667288355595523, 0.6629687389791885, 0.6633735503060076, 0.6686219124742502, 0.6784367470166348, 0.6783089640225433, 0.6736532358003906, 0.6783376572535053, 0.6774526541808379, 0.6807067396285442, 0.685116065439221, 0.6871344269681422, 0.6907618167599783, 0.6954071060285254, 0.694791849627735, 0.6958230790026636, 0.6972822073885703, 0.6966511761846812]}

Epsilon = 1.36

{'loss': [1.0637531269798994, 1.0743263416499063, 1.0926661737921464, 1.092535943701642, 1.0904863739125519, 1.102278728239046, 1.0813884811535583, 1.0818830423750292, 1.0803690565294173, 1.0929793257374052, 1.0892508530448992, 1.0875891000614957, 1.0887299319372408, 1.0823675059918036, 1.089275201985014, 1.0983954716511681, 1.1025001281774818, 1.0972754555908006, 1.1206541889994475, 1.125175062802921, 1.126957186131481, 1.1241364795496167, 1.1060796387965461, 1.1022864992120847], 'accuracy': [0.4988272087568413, 0.5011727912431587, 0.5019546520719312, 0.49569976544175137, 0.4988272087568413, 0.4980453479280688, 0.491790461297889, 0.4988272087568413, 0.49726348709929635, 0.4980453479280688, 0.4980453479280688, 0.5121188428459734, 0.5074276778733385, 0.509773260359656, 0.509773260359656, 0.5105551211884285, 0.5105551211884285, 0.5152462861610634, 0.5089913995308835, 0.5121188428459734, 0.5144644253322909, 0.5136825645035183, 0.5152462861610634, 0.5222830336200156], 'auc': [0.6126244090319893, 0.6427563495554159, 0.6478191556976258, 0.6471781500143199, 0.6553070290310754, 0.667288355595523, 0.6629687389791885, 0.6633735503060076, 0.6686219124742502, 0.6784367470166348, 0.6783089640225433, 0.6736532358003906, 0.6783376572535053, 0.6774526541808379, 0.6807067396285442, 0.685116065439221, 0.6871344269681422, 0.6907618167599783, 0.6954071060285254, 0.694791849627735, 0.6958230790026636, 0.6972822073885703, 0.6966511761846812, 0.695688540166236]}

Epsilon = 1.39

{'loss': [1.0637531269798994, 1.0743263416499063, 1.0926661737921464, 1.092535943701642, 1.0904863739125519, 1.102278728239046, 1.0813884811535583, 1.0818830423750292, 1.0803690565294173, 1.0929793257374052, 1.0892508530448992, 1.0875891000614957, 1.0887299319372408, 1.0823675059918036, 1.089275201985014, 1.0983954716511681, 1.1025001281774818, 1.0972754555908006, 1.1206541889994475, 1.125175062802921, 1.126957186131481, 1.1241364795496167, 1.1060796387965461, 1.1022864992120847, 1.1101155344446345], 'accuracy': [0.4988272087568413, 0.5011727912431587, 0.5019546520719312, 0.49569976544175137, 0.4988272087568413, 0.4980453479280688, 0.491790461297889, 0.4988272087568413, 0.49726348709929635, 0.4980453479280688, 0.4980453479280688, 0.5121188428459734, 0.5074276778733385, 0.509773260359656, 0.509773260359656, 0.5105551211884285, 0.5105551211884285, 0.5152462861610634, 0.5089913995308835, 0.5121188428459734, 0.5144644253322909, 0.5136825645035183, 0.5152462861610634, 0.5222830336200156, 0.5324472243940579], 'auc': [0.6126244090319893, 0.6427563495554159, 0.6478191556976258, 0.6471781500143199, 0.6553070290310754, 0.667288355595523, 0.6629687389791885, 0.6633735503060076, 0.6686219124742502, 0.6784367470166348, 0.6783089640225433, 0.6736532358003906, 0.6783376572535053, 0.6774526541808379, 0.6807067396285442, 0.685116065439221, 0.6871344269681422, 0.6907618167599783, 0.6954071060285254, 0.694791849627735, 0.6958230790026636, 0.6972822073885703, 0.6966511761846812, 0.695688540166236, 0.6938004116884021]}

Epsilon = 1.42

{'loss': [1.0637531269798994, 1.0743263416499063, 1.0926661737921464, 1.092535943701642, 1.0904863739125519, 1.102278728239046, 1.0813884811535583, 1.0818830423750292, 1.0803690565294173, 1.0929793257374052, 1.0892508530448992, 1.0875891000614957, 1.0887299319372408, 1.0823675059918036, 1.089275201985014, 1.0983954716511681, 1.1025001281774818, 1.0972754555908006, 1.1206541889994475, 1.125175062802921, 1.126957186131481, 1.1241364795496167, 1.1060796387965461, 1.1022864992120847, 1.1101155344446345, 1.1187545808150117], 'accuracy': [0.4988272087568413, 0.5011727912431587, 0.5019546520719312, 0.49569976544175137, 0.4988272087568413, 0.4980453479280688, 0.491790461297889, 0.4988272087568413, 0.49726348709929635, 0.4980453479280688, 0.4980453479280688, 0.5121188428459734, 0.5074276778733385, 0.509773260359656, 0.509773260359656, 0.5105551211884285, 0.5105551211884285, 0.5152462861610634, 0.5089913995308835, 0.5121188428459734, 0.5144644253322909, 0.5136825645035183, 0.5152462861610634, 0.5222830336200156, 0.5324472243940579, 0.5301016419077405], 'auc': [0.6126244090319893, 0.6427563495554159, 0.6478191556976258, 0.6471781500143199, 0.6553070290310754, 0.667288355595523, 0.6629687389791885, 0.6633735503060076, 0.6686219124742502, 0.6784367470166348, 0.6783089640225433, 0.6736532358003906, 0.6783376572535053, 0.6774526541808379, 0.6807067396285442, 0.685116065439221, 0.6871344269681422, 0.6907618167599783, 0.6954071060285254, 0.694791849627735, 0.6958230790026636, 0.6972822073885703, 0.6966511761846812, 0.695688540166236, 0.6938004116884021, 0.6962089615513755]}

Epsilon = 1.45
[92mINFO [0m:      Sent reply
02/17/2025 16:33:48:INFO:Sent reply
[92mINFO [0m:      
02/17/2025 16:34:24:INFO:
[92mINFO [0m:      Received: train message 3bc49ca5-476b-494c-a6db-8f32920f77d1
02/17/2025 16:34:24:INFO:Received: train message 3bc49ca5-476b-494c-a6db-8f32920f77d1
/home/dgxuser16/anaconda3/envs/ihpc/lib/python3.8/site-packages/torch/nn/modules/module.py:1640: FutureWarning: Using a non-full backward hook when the forward contains multiple autograd Nodes is deprecated and will be removed in future versions. This hook will be missing some grad_input. Please use register_full_backward_hook to get the documented behavior.
  self._maybe_warn_non_full_backward_hook(args, result, grad_fn)
/home/dgxuser16/anaconda3/envs/ihpc/lib/python3.8/site-packages/opacus/accountants/analysis/rdp.py:332: UserWarning: Optimal order is the largest alpha. Please consider expanding the range of alphas to get a tighter privacy bound.
  warnings.warn(
[92mINFO [0m:      Sent reply
02/17/2025 16:34:36:INFO:Sent reply
[92mINFO [0m:      
02/17/2025 16:35:14:INFO:
[92mINFO [0m:      Received: evaluate message ee43bc50-9944-4a08-a88f-71388e22a817
02/17/2025 16:35:14:INFO:Received: evaluate message ee43bc50-9944-4a08-a88f-71388e22a817
[92mINFO [0m:      Sent reply
02/17/2025 16:35:17:INFO:Sent reply
[92mINFO [0m:      
02/17/2025 16:35:59:INFO:
[92mINFO [0m:      Received: train message b1f4bb35-0746-4195-8758-99b9e7312e6c
02/17/2025 16:35:59:INFO:Received: train message b1f4bb35-0746-4195-8758-99b9e7312e6c
/home/dgxuser16/anaconda3/envs/ihpc/lib/python3.8/site-packages/torch/nn/modules/module.py:1640: FutureWarning: Using a non-full backward hook when the forward contains multiple autograd Nodes is deprecated and will be removed in future versions. This hook will be missing some grad_input. Please use register_full_backward_hook to get the documented behavior.
  self._maybe_warn_non_full_backward_hook(args, result, grad_fn)
/home/dgxuser16/anaconda3/envs/ihpc/lib/python3.8/site-packages/opacus/accountants/analysis/rdp.py:332: UserWarning: Optimal order is the largest alpha. Please consider expanding the range of alphas to get a tighter privacy bound.
  warnings.warn(
[92mINFO [0m:      Sent reply
02/17/2025 16:36:10:INFO:Sent reply
[92mINFO [0m:      
02/17/2025 16:37:07:INFO:
[92mINFO [0m:      Received: evaluate message 97959d28-9956-4599-9f20-49b4dbf48d28
02/17/2025 16:37:07:INFO:Received: evaluate message 97959d28-9956-4599-9f20-49b4dbf48d28
[92mINFO [0m:      Sent reply
02/17/2025 16:37:10:INFO:Sent reply
[92mINFO [0m:      
02/17/2025 16:37:38:INFO:
[92mINFO [0m:      Received: train message 8cc3af87-9c58-4db1-ba36-1ce0ad3c3c44
02/17/2025 16:37:38:INFO:Received: train message 8cc3af87-9c58-4db1-ba36-1ce0ad3c3c44
/home/dgxuser16/anaconda3/envs/ihpc/lib/python3.8/site-packages/torch/nn/modules/module.py:1640: FutureWarning: Using a non-full backward hook when the forward contains multiple autograd Nodes is deprecated and will be removed in future versions. This hook will be missing some grad_input. Please use register_full_backward_hook to get the documented behavior.
  self._maybe_warn_non_full_backward_hook(args, result, grad_fn)
/home/dgxuser16/anaconda3/envs/ihpc/lib/python3.8/site-packages/opacus/accountants/analysis/rdp.py:332: UserWarning: Optimal order is the largest alpha. Please consider expanding the range of alphas to get a tighter privacy bound.
  warnings.warn(
[92mINFO [0m:      Sent reply
02/17/2025 16:37:53:INFO:Sent reply
[92mINFO [0m:      
02/17/2025 16:38:50:INFO:
[92mINFO [0m:      Received: evaluate message d500bf64-6bd3-4073-8ee8-56b3b50c9533
02/17/2025 16:38:50:INFO:Received: evaluate message d500bf64-6bd3-4073-8ee8-56b3b50c9533
[92mINFO [0m:      Sent reply
02/17/2025 16:38:53:INFO:Sent reply
[92mINFO [0m:      
02/17/2025 16:38:56:INFO:
[92mINFO [0m:      Received: reconnect message 1b8a0b4a-85e7-4d5a-b0c6-b116a05669f1
02/17/2025 16:38:56:INFO:Received: reconnect message 1b8a0b4a-85e7-4d5a-b0c6-b116a05669f1
02/17/2025 16:38:56:DEBUG:gRPC channel closed
[92mINFO [0m:      Disconnect and shut down
02/17/2025 16:38:56:INFO:Disconnect and shut down

{'loss': [1.0637531269798994, 1.0743263416499063, 1.0926661737921464, 1.092535943701642, 1.0904863739125519, 1.102278728239046, 1.0813884811535583, 1.0818830423750292, 1.0803690565294173, 1.0929793257374052, 1.0892508530448992, 1.0875891000614957, 1.0887299319372408, 1.0823675059918036, 1.089275201985014, 1.0983954716511681, 1.1025001281774818, 1.0972754555908006, 1.1206541889994475, 1.125175062802921, 1.126957186131481, 1.1241364795496167, 1.1060796387965461, 1.1022864992120847, 1.1101155344446345, 1.1187545808150117, 1.124406994554193], 'accuracy': [0.4988272087568413, 0.5011727912431587, 0.5019546520719312, 0.49569976544175137, 0.4988272087568413, 0.4980453479280688, 0.491790461297889, 0.4988272087568413, 0.49726348709929635, 0.4980453479280688, 0.4980453479280688, 0.5121188428459734, 0.5074276778733385, 0.509773260359656, 0.509773260359656, 0.5105551211884285, 0.5105551211884285, 0.5152462861610634, 0.5089913995308835, 0.5121188428459734, 0.5144644253322909, 0.5136825645035183, 0.5152462861610634, 0.5222830336200156, 0.5324472243940579, 0.5301016419077405, 0.5379202501954652], 'auc': [0.6126244090319893, 0.6427563495554159, 0.6478191556976258, 0.6471781500143199, 0.6553070290310754, 0.667288355595523, 0.6629687389791885, 0.6633735503060076, 0.6686219124742502, 0.6784367470166348, 0.6783089640225433, 0.6736532358003906, 0.6783376572535053, 0.6774526541808379, 0.6807067396285442, 0.685116065439221, 0.6871344269681422, 0.6907618167599783, 0.6954071060285254, 0.694791849627735, 0.6958230790026636, 0.6972822073885703, 0.6966511761846812, 0.695688540166236, 0.6938004116884021, 0.6962089615513755, 0.6946608026939289]}

Epsilon = 1.48

{'loss': [1.0637531269798994, 1.0743263416499063, 1.0926661737921464, 1.092535943701642, 1.0904863739125519, 1.102278728239046, 1.0813884811535583, 1.0818830423750292, 1.0803690565294173, 1.0929793257374052, 1.0892508530448992, 1.0875891000614957, 1.0887299319372408, 1.0823675059918036, 1.089275201985014, 1.0983954716511681, 1.1025001281774818, 1.0972754555908006, 1.1206541889994475, 1.125175062802921, 1.126957186131481, 1.1241364795496167, 1.1060796387965461, 1.1022864992120847, 1.1101155344446345, 1.1187545808150117, 1.124406994554193, 1.1268121165815417], 'accuracy': [0.4988272087568413, 0.5011727912431587, 0.5019546520719312, 0.49569976544175137, 0.4988272087568413, 0.4980453479280688, 0.491790461297889, 0.4988272087568413, 0.49726348709929635, 0.4980453479280688, 0.4980453479280688, 0.5121188428459734, 0.5074276778733385, 0.509773260359656, 0.509773260359656, 0.5105551211884285, 0.5105551211884285, 0.5152462861610634, 0.5089913995308835, 0.5121188428459734, 0.5144644253322909, 0.5136825645035183, 0.5152462861610634, 0.5222830336200156, 0.5324472243940579, 0.5301016419077405, 0.5379202501954652, 0.5191555903049258], 'auc': [0.6126244090319893, 0.6427563495554159, 0.6478191556976258, 0.6471781500143199, 0.6553070290310754, 0.667288355595523, 0.6629687389791885, 0.6633735503060076, 0.6686219124742502, 0.6784367470166348, 0.6783089640225433, 0.6736532358003906, 0.6783376572535053, 0.6774526541808379, 0.6807067396285442, 0.685116065439221, 0.6871344269681422, 0.6907618167599783, 0.6954071060285254, 0.694791849627735, 0.6958230790026636, 0.6972822073885703, 0.6966511761846812, 0.695688540166236, 0.6938004116884021, 0.6962089615513755, 0.6946608026939289, 0.7022441217388641]}

Epsilon = 1.51

{'loss': [1.0637531269798994, 1.0743263416499063, 1.0926661737921464, 1.092535943701642, 1.0904863739125519, 1.102278728239046, 1.0813884811535583, 1.0818830423750292, 1.0803690565294173, 1.0929793257374052, 1.0892508530448992, 1.0875891000614957, 1.0887299319372408, 1.0823675059918036, 1.089275201985014, 1.0983954716511681, 1.1025001281774818, 1.0972754555908006, 1.1206541889994475, 1.125175062802921, 1.126957186131481, 1.1241364795496167, 1.1060796387965461, 1.1022864992120847, 1.1101155344446345, 1.1187545808150117, 1.124406994554193, 1.1268121165815417, 1.1268979393009846], 'accuracy': [0.4988272087568413, 0.5011727912431587, 0.5019546520719312, 0.49569976544175137, 0.4988272087568413, 0.4980453479280688, 0.491790461297889, 0.4988272087568413, 0.49726348709929635, 0.4980453479280688, 0.4980453479280688, 0.5121188428459734, 0.5074276778733385, 0.509773260359656, 0.509773260359656, 0.5105551211884285, 0.5105551211884285, 0.5152462861610634, 0.5089913995308835, 0.5121188428459734, 0.5144644253322909, 0.5136825645035183, 0.5152462861610634, 0.5222830336200156, 0.5324472243940579, 0.5301016419077405, 0.5379202501954652, 0.5191555903049258, 0.5207193119624707], 'auc': [0.6126244090319893, 0.6427563495554159, 0.6478191556976258, 0.6471781500143199, 0.6553070290310754, 0.667288355595523, 0.6629687389791885, 0.6633735503060076, 0.6686219124742502, 0.6784367470166348, 0.6783089640225433, 0.6736532358003906, 0.6783376572535053, 0.6774526541808379, 0.6807067396285442, 0.685116065439221, 0.6871344269681422, 0.6907618167599783, 0.6954071060285254, 0.694791849627735, 0.6958230790026636, 0.6972822073885703, 0.6966511761846812, 0.695688540166236, 0.6938004116884021, 0.6962089615513755, 0.6946608026939289, 0.7022441217388641, 0.702057647134709]}

Epsilon = 1.54

{'loss': [1.0637531269798994, 1.0743263416499063, 1.0926661737921464, 1.092535943701642, 1.0904863739125519, 1.102278728239046, 1.0813884811535583, 1.0818830423750292, 1.0803690565294173, 1.0929793257374052, 1.0892508530448992, 1.0875891000614957, 1.0887299319372408, 1.0823675059918036, 1.089275201985014, 1.0983954716511681, 1.1025001281774818, 1.0972754555908006, 1.1206541889994475, 1.125175062802921, 1.126957186131481, 1.1241364795496167, 1.1060796387965461, 1.1022864992120847, 1.1101155344446345, 1.1187545808150117, 1.124406994554193, 1.1268121165815417, 1.1268979393009846, 1.133416988264312], 'accuracy': [0.4988272087568413, 0.5011727912431587, 0.5019546520719312, 0.49569976544175137, 0.4988272087568413, 0.4980453479280688, 0.491790461297889, 0.4988272087568413, 0.49726348709929635, 0.4980453479280688, 0.4980453479280688, 0.5121188428459734, 0.5074276778733385, 0.509773260359656, 0.509773260359656, 0.5105551211884285, 0.5105551211884285, 0.5152462861610634, 0.5089913995308835, 0.5121188428459734, 0.5144644253322909, 0.5136825645035183, 0.5152462861610634, 0.5222830336200156, 0.5324472243940579, 0.5301016419077405, 0.5379202501954652, 0.5191555903049258, 0.5207193119624707, 0.5199374511336982], 'auc': [0.6126244090319893, 0.6427563495554159, 0.6478191556976258, 0.6471781500143199, 0.6553070290310754, 0.667288355595523, 0.6629687389791885, 0.6633735503060076, 0.6686219124742502, 0.6784367470166348, 0.6783089640225433, 0.6736532358003906, 0.6783376572535053, 0.6774526541808379, 0.6807067396285442, 0.685116065439221, 0.6871344269681422, 0.6907618167599783, 0.6954071060285254, 0.694791849627735, 0.6958230790026636, 0.6972822073885703, 0.6966511761846812, 0.695688540166236, 0.6938004116884021, 0.6962089615513755, 0.6946608026939289, 0.7022441217388641, 0.702057647134709, 0.7022163031596463]}



{'loss': [1.0637531269798994, 1.0743263416499063, 1.0926661737921464, 1.092535943701642, 1.0904863739125519, 1.102278728239046, 1.0813884811535583, 1.0818830423750292, 1.0803690565294173, 1.0929793257374052, 1.0892508530448992, 1.0875891000614957, 1.0887299319372408, 1.0823675059918036, 1.089275201985014, 1.0983954716511681, 1.1025001281774818, 1.0972754555908006, 1.1206541889994475, 1.125175062802921, 1.126957186131481, 1.1241364795496167, 1.1060796387965461, 1.1022864992120847, 1.1101155344446345, 1.1187545808150117, 1.124406994554193, 1.1268121165815417, 1.1268979393009846, 1.133416988264312], 'accuracy': [0.4988272087568413, 0.5011727912431587, 0.5019546520719312, 0.49569976544175137, 0.4988272087568413, 0.4980453479280688, 0.491790461297889, 0.4988272087568413, 0.49726348709929635, 0.4980453479280688, 0.4980453479280688, 0.5121188428459734, 0.5074276778733385, 0.509773260359656, 0.509773260359656, 0.5105551211884285, 0.5105551211884285, 0.5152462861610634, 0.5089913995308835, 0.5121188428459734, 0.5144644253322909, 0.5136825645035183, 0.5152462861610634, 0.5222830336200156, 0.5324472243940579, 0.5301016419077405, 0.5379202501954652, 0.5191555903049258, 0.5207193119624707, 0.5199374511336982], 'auc': [0.6126244090319893, 0.6427563495554159, 0.6478191556976258, 0.6471781500143199, 0.6553070290310754, 0.667288355595523, 0.6629687389791885, 0.6633735503060076, 0.6686219124742502, 0.6784367470166348, 0.6783089640225433, 0.6736532358003906, 0.6783376572535053, 0.6774526541808379, 0.6807067396285442, 0.685116065439221, 0.6871344269681422, 0.6907618167599783, 0.6954071060285254, 0.694791849627735, 0.6958230790026636, 0.6972822073885703, 0.6966511761846812, 0.695688540166236, 0.6938004116884021, 0.6962089615513755, 0.6946608026939289, 0.7022441217388641, 0.702057647134709, 0.7022163031596463]}
