nohup: ignoring input
/home/dgxuser16/anaconda3/envs/ihpc/lib/python3.8/site-packages/opacus/privacy_engine.py:95: UserWarning: Secure RNG turned off. This is perfectly fine for experimentation as it allows for much faster training performance, but remember to turn it on and retrain one last time before production with ``secure_mode`` turned on.
  warnings.warn(
02/17/2025 15:43:19:WARNING:Ignoring drop_last as it is not compatible with DPDataLoader.
02/17/2025 15:43:19:DEBUG:Opened insecure gRPC connection (no certificates were passed)
02/17/2025 15:43:19:DEBUG:ChannelConnectivity.IDLE
02/17/2025 15:43:20:DEBUG:ChannelConnectivity.READY
WARNING: All log messages before absl::InitializeLog() is called are written to STDERR
I0000 00:00:1739835800.037121  738705 fork_posix.cc:75] Other threads are currently calling into gRPC, skipping fork() handlers
[92mINFO [0m:      
02/17/2025 15:43:35:INFO:
[92mINFO [0m:      Received: train message 6c7d2735-74e0-4723-8de2-4ce796ceccc1
02/17/2025 15:43:35:INFO:Received: train message 6c7d2735-74e0-4723-8de2-4ce796ceccc1
/home/dgxuser16/anaconda3/envs/ihpc/lib/python3.8/site-packages/torch/nn/modules/module.py:1640: FutureWarning: Using a non-full backward hook when the forward contains multiple autograd Nodes is deprecated and will be removed in future versions. This hook will be missing some grad_input. Please use register_full_backward_hook to get the documented behavior.
  self._maybe_warn_non_full_backward_hook(args, result, grad_fn)
/home/dgxuser16/anaconda3/envs/ihpc/lib/python3.8/site-packages/opacus/accountants/analysis/rdp.py:332: UserWarning: Optimal order is the largest alpha. Please consider expanding the range of alphas to get a tighter privacy bound.
  warnings.warn(
[92mINFO [0m:      Sent reply
02/17/2025 15:43:47:INFO:Sent reply
[92mINFO [0m:      
02/17/2025 15:45:02:INFO:
[92mINFO [0m:      Received: evaluate message 3e16d4b4-ea3b-4f14-9217-1c19ae392f0f
02/17/2025 15:45:02:INFO:Received: evaluate message 3e16d4b4-ea3b-4f14-9217-1c19ae392f0f
[92mINFO [0m:      Sent reply
02/17/2025 15:45:06:INFO:Sent reply
[92mINFO [0m:      
02/17/2025 15:45:29:INFO:
[92mINFO [0m:      Received: train message e8cbb70d-0d97-493e-84b6-611b5f35f427
02/17/2025 15:45:29:INFO:Received: train message e8cbb70d-0d97-493e-84b6-611b5f35f427
/home/dgxuser16/anaconda3/envs/ihpc/lib/python3.8/site-packages/torch/nn/modules/module.py:1640: FutureWarning: Using a non-full backward hook when the forward contains multiple autograd Nodes is deprecated and will be removed in future versions. This hook will be missing some grad_input. Please use register_full_backward_hook to get the documented behavior.
  self._maybe_warn_non_full_backward_hook(args, result, grad_fn)
/home/dgxuser16/anaconda3/envs/ihpc/lib/python3.8/site-packages/opacus/accountants/analysis/rdp.py:332: UserWarning: Optimal order is the largest alpha. Please consider expanding the range of alphas to get a tighter privacy bound.
  warnings.warn(
[92mINFO [0m:      Sent reply
02/17/2025 15:45:42:INFO:Sent reply
[92mINFO [0m:      
02/17/2025 15:46:22:INFO:
[92mINFO [0m:      Received: evaluate message 4768750b-110b-4762-9750-6317445cd8ea
02/17/2025 15:46:22:INFO:Received: evaluate message 4768750b-110b-4762-9750-6317445cd8ea
[92mINFO [0m:      Sent reply
02/17/2025 15:46:27:INFO:Sent reply
[92mINFO [0m:      
02/17/2025 15:47:22:INFO:
[92mINFO [0m:      Received: train message ecc24d8b-ea7c-4b93-9be9-a59aefad1086
02/17/2025 15:47:22:INFO:Received: train message ecc24d8b-ea7c-4b93-9be9-a59aefad1086
/home/dgxuser16/anaconda3/envs/ihpc/lib/python3.8/site-packages/torch/nn/modules/module.py:1640: FutureWarning: Using a non-full backward hook when the forward contains multiple autograd Nodes is deprecated and will be removed in future versions. This hook will be missing some grad_input. Please use register_full_backward_hook to get the documented behavior.
  self._maybe_warn_non_full_backward_hook(args, result, grad_fn)
/home/dgxuser16/anaconda3/envs/ihpc/lib/python3.8/site-packages/opacus/accountants/analysis/rdp.py:332: UserWarning: Optimal order is the largest alpha. Please consider expanding the range of alphas to get a tighter privacy bound.
  warnings.warn(
[92mINFO [0m:      Sent reply
02/17/2025 15:47:38:INFO:Sent reply
[92mINFO [0m:      
02/17/2025 15:48:29:INFO:
[92mINFO [0m:      Received: evaluate message 19a92fa9-7a37-40a8-bab9-9660ae318baa
02/17/2025 15:48:29:INFO:Received: evaluate message 19a92fa9-7a37-40a8-bab9-9660ae318baa
[92mINFO [0m:      Sent reply
02/17/2025 15:48:36:INFO:Sent reply
[92mINFO [0m:      
02/17/2025 15:49:18:INFO:
[92mINFO [0m:      Received: train message 09bfae63-a791-42ae-a428-399358bed03b
02/17/2025 15:49:18:INFO:Received: train message 09bfae63-a791-42ae-a428-399358bed03b
/home/dgxuser16/anaconda3/envs/ihpc/lib/python3.8/site-packages/torch/nn/modules/module.py:1640: FutureWarning: Using a non-full backward hook when the forward contains multiple autograd Nodes is deprecated and will be removed in future versions. This hook will be missing some grad_input. Please use register_full_backward_hook to get the documented behavior.
  self._maybe_warn_non_full_backward_hook(args, result, grad_fn)
/home/dgxuser16/anaconda3/envs/ihpc/lib/python3.8/site-packages/opacus/accountants/analysis/rdp.py:332: UserWarning: Optimal order is the largest alpha. Please consider expanding the range of alphas to get a tighter privacy bound.
  warnings.warn(
[92mINFO [0m:      Sent reply
02/17/2025 15:49:32:INFO:Sent reply
[92mINFO [0m:      
02/17/2025 15:50:22:INFO:
[92mINFO [0m:      Received: evaluate message d8084656-e7ea-4bd3-bf46-ebe6b1d8516f
02/17/2025 15:50:22:INFO:Received: evaluate message d8084656-e7ea-4bd3-bf46-ebe6b1d8516f
[92mINFO [0m:      Sent reply
02/17/2025 15:50:25:INFO:Sent reply
[92mINFO [0m:      
02/17/2025 15:50:59:INFO:
[92mINFO [0m:      Received: train message de65a948-f639-4395-aa17-3e51de8667d0
02/17/2025 15:50:59:INFO:Received: train message de65a948-f639-4395-aa17-3e51de8667d0
/home/dgxuser16/anaconda3/envs/ihpc/lib/python3.8/site-packages/torch/nn/modules/module.py:1640: FutureWarning: Using a non-full backward hook when the forward contains multiple autograd Nodes is deprecated and will be removed in future versions. This hook will be missing some grad_input. Please use register_full_backward_hook to get the documented behavior.
  self._maybe_warn_non_full_backward_hook(args, result, grad_fn)
/home/dgxuser16/anaconda3/envs/ihpc/lib/python3.8/site-packages/opacus/accountants/analysis/rdp.py:332: UserWarning: Optimal order is the largest alpha. Please consider expanding the range of alphas to get a tighter privacy bound.
  warnings.warn(
[92mINFO [0m:      Sent reply
02/17/2025 15:51:15:INFO:Sent reply
[92mINFO [0m:      
02/17/2025 15:52:13:INFO:
[92mINFO [0m:      Received: evaluate message 37b32a79-a6fb-4b08-8cfb-2e4d43106bc8
02/17/2025 15:52:13:INFO:Received: evaluate message 37b32a79-a6fb-4b08-8cfb-2e4d43106bc8
[92mINFO [0m:      Sent reply
02/17/2025 15:52:16:INFO:Sent reply
[92mINFO [0m:      
02/17/2025 15:52:31:INFO:
[92mINFO [0m:      Received: train message 15e9f605-a11a-47e5-9fa2-e48fc7d660fb
02/17/2025 15:52:31:INFO:Received: train message 15e9f605-a11a-47e5-9fa2-e48fc7d660fb
/home/dgxuser16/anaconda3/envs/ihpc/lib/python3.8/site-packages/torch/nn/modules/module.py:1640: FutureWarning: Using a non-full backward hook when the forward contains multiple autograd Nodes is deprecated and will be removed in future versions. This hook will be missing some grad_input. Please use register_full_backward_hook to get the documented behavior.
  self._maybe_warn_non_full_backward_hook(args, result, grad_fn)
/home/dgxuser16/anaconda3/envs/ihpc/lib/python3.8/site-packages/opacus/accountants/analysis/rdp.py:332: UserWarning: Optimal order is the largest alpha. Please consider expanding the range of alphas to get a tighter privacy bound.
  warnings.warn(
[92mINFO [0m:      Sent reply
02/17/2025 15:52:42:INFO:Sent reply
[92mINFO [0m:      
02/17/2025 15:54:11:INFO:
[92mINFO [0m:      Received: evaluate message 4db0ee0f-f52a-4bcd-9590-40fa02d4ef00
02/17/2025 15:54:11:INFO:Received: evaluate message 4db0ee0f-f52a-4bcd-9590-40fa02d4ef00
[92mINFO [0m:      Sent reply
02/17/2025 15:54:14:INFO:Sent reply
[92mINFO [0m:      
02/17/2025 15:54:42:INFO:
[92mINFO [0m:      Received: train message b24b5d8a-f37e-46bc-9f15-d2b0052844da
02/17/2025 15:54:42:INFO:Received: train message b24b5d8a-f37e-46bc-9f15-d2b0052844da
/home/dgxuser16/anaconda3/envs/ihpc/lib/python3.8/site-packages/torch/nn/modules/module.py:1640: FutureWarning: Using a non-full backward hook when the forward contains multiple autograd Nodes is deprecated and will be removed in future versions. This hook will be missing some grad_input. Please use register_full_backward_hook to get the documented behavior.
  self._maybe_warn_non_full_backward_hook(args, result, grad_fn)
/home/dgxuser16/anaconda3/envs/ihpc/lib/python3.8/site-packages/opacus/accountants/analysis/rdp.py:332: UserWarning: Optimal order is the largest alpha. Please consider expanding the range of alphas to get a tighter privacy bound.
  warnings.warn(
[92mINFO [0m:      Sent reply
02/17/2025 15:54:54:INFO:Sent reply
[92mINFO [0m:      
02/17/2025 15:55:42:INFO:
[92mINFO [0m:      Received: evaluate message c42c5aa0-6588-409a-a37e-defecdd7d45f
02/17/2025 15:55:42:INFO:Received: evaluate message c42c5aa0-6588-409a-a37e-defecdd7d45f
[92mINFO [0m:      Sent reply
02/17/2025 15:55:45:INFO:Sent reply
[92mINFO [0m:      
02/17/2025 15:56:37:INFO:
[92mINFO [0m:      Received: train message 946358c9-9621-42d0-9e7e-f5d881c8dca1
02/17/2025 15:56:37:INFO:Received: train message 946358c9-9621-42d0-9e7e-f5d881c8dca1
/home/dgxuser16/anaconda3/envs/ihpc/lib/python3.8/site-packages/torch/nn/modules/module.py:1640: FutureWarning: Using a non-full backward hook when the forward contains multiple autograd Nodes is deprecated and will be removed in future versions. This hook will be missing some grad_input. Please use register_full_backward_hook to get the documented behavior.
  self._maybe_warn_non_full_backward_hook(args, result, grad_fn)
/home/dgxuser16/anaconda3/envs/ihpc/lib/python3.8/site-packages/opacus/accountants/analysis/rdp.py:332: UserWarning: Optimal order is the largest alpha. Please consider expanding the range of alphas to get a tighter privacy bound.
  warnings.warn(
[92mINFO [0m:      Sent reply
02/17/2025 15:56:52:INFO:Sent reply
[92mINFO [0m:      
02/17/2025 15:57:43:INFO:
[92mINFO [0m:      Received: evaluate message 3cc34d86-c780-4a50-899b-08d59df31efa
02/17/2025 15:57:43:INFO:Received: evaluate message 3cc34d86-c780-4a50-899b-08d59df31efa
[92mINFO [0m:      Sent reply
02/17/2025 15:57:48:INFO:Sent reply
[92mINFO [0m:      
02/17/2025 15:58:29:INFO:
[92mINFO [0m:      Received: train message 2c96ffa4-f350-49fe-be84-5a5b15b5751b
02/17/2025 15:58:29:INFO:Received: train message 2c96ffa4-f350-49fe-be84-5a5b15b5751b
/home/dgxuser16/anaconda3/envs/ihpc/lib/python3.8/site-packages/torch/nn/modules/module.py:1640: FutureWarning: Using a non-full backward hook when the forward contains multiple autograd Nodes is deprecated and will be removed in future versions. This hook will be missing some grad_input. Please use register_full_backward_hook to get the documented behavior.
  self._maybe_warn_non_full_backward_hook(args, result, grad_fn)
/home/dgxuser16/anaconda3/envs/ihpc/lib/python3.8/site-packages/opacus/accountants/analysis/rdp.py:332: UserWarning: Optimal order is the largest alpha. Please consider expanding the range of alphas to get a tighter privacy bound.
  warnings.warn(
[92mINFO [0m:      Sent reply
02/17/2025 15:58:42:INFO:Sent reply
[92mINFO [0m:      
02/17/2025 15:59:41:INFO:
[92mINFO [0m:      Received: evaluate message a7bfcdf0-8949-4043-ae07-a7a6fd71b386
02/17/2025 15:59:41:INFO:Received: evaluate message a7bfcdf0-8949-4043-ae07-a7a6fd71b386
[92mINFO [0m:      Sent reply
02/17/2025 15:59:45:INFO:Sent reply
[92mINFO [0m:      
02/17/2025 16:00:18:INFO:
[92mINFO [0m:      Received: train message ea0db523-3212-4636-ac65-74e74560851a
02/17/2025 16:00:18:INFO:Received: train message ea0db523-3212-4636-ac65-74e74560851a
/home/dgxuser16/anaconda3/envs/ihpc/lib/python3.8/site-packages/torch/nn/modules/module.py:1640: FutureWarning: Using a non-full backward hook when the forward contains multiple autograd Nodes is deprecated and will be removed in future versions. This hook will be missing some grad_input. Please use register_full_backward_hook to get the documented behavior.
  self._maybe_warn_non_full_backward_hook(args, result, grad_fn)
/home/dgxuser16/anaconda3/envs/ihpc/lib/python3.8/site-packages/opacus/accountants/analysis/rdp.py:332: UserWarning: Optimal order is the largest alpha. Please consider expanding the range of alphas to get a tighter privacy bound.
  warnings.warn(
[92mINFO [0m:      Sent reply
02/17/2025 16:00:35:INFO:Sent reply
[92mINFO [0m:      
02/17/2025 16:01:36:INFO:
[92mINFO [0m:      Received: evaluate message 5a5f40b2-d180-4fd2-b952-526883e7dc35
02/17/2025 16:01:36:INFO:Received: evaluate message 5a5f40b2-d180-4fd2-b952-526883e7dc35
[92mINFO [0m:      Sent reply
02/17/2025 16:01:39:INFO:Sent reply
[92mINFO [0m:      
02/17/2025 16:02:13:INFO:
[92mINFO [0m:      Received: train message 481365ac-6ade-42ec-96ea-9c91214cf27f
02/17/2025 16:02:13:INFO:Received: train message 481365ac-6ade-42ec-96ea-9c91214cf27f
/home/dgxuser16/anaconda3/envs/ihpc/lib/python3.8/site-packages/torch/nn/modules/module.py:1640: FutureWarning: Using a non-full backward hook when the forward contains multiple autograd Nodes is deprecated and will be removed in future versions. This hook will be missing some grad_input. Please use register_full_backward_hook to get the documented behavior.
  self._maybe_warn_non_full_backward_hook(args, result, grad_fn)
/home/dgxuser16/anaconda3/envs/ihpc/lib/python3.8/site-packages/opacus/accountants/analysis/rdp.py:332: UserWarning: Optimal order is the largest alpha. Please consider expanding the range of alphas to get a tighter privacy bound.
  warnings.warn(
[92mINFO [0m:      Sent reply
02/17/2025 16:02:31:INFO:Sent reply
[92mINFO [0m:      
02/17/2025 16:03:28:INFO:
[92mINFO [0m:      Received: evaluate message f1a516eb-005f-422e-b6eb-e4a4fb12399e
02/17/2025 16:03:28:INFO:Received: evaluate message f1a516eb-005f-422e-b6eb-e4a4fb12399e
[92mINFO [0m:      Sent reply
02/17/2025 16:03:31:INFO:Sent reply
[92mINFO [0m:      
02/17/2025 16:04:00:INFO:
[92mINFO [0m:      Received: train message 2bbe8f76-0311-4fa6-8a05-b070013c0834
02/17/2025 16:04:00:INFO:Received: train message 2bbe8f76-0311-4fa6-8a05-b070013c0834
/home/dgxuser16/anaconda3/envs/ihpc/lib/python3.8/site-packages/torch/nn/modules/module.py:1640: FutureWarning: Using a non-full backward hook when the forward contains multiple autograd Nodes is deprecated and will be removed in future versions. This hook will be missing some grad_input. Please use register_full_backward_hook to get the documented behavior.
  self._maybe_warn_non_full_backward_hook(args, result, grad_fn)
/home/dgxuser16/anaconda3/envs/ihpc/lib/python3.8/site-packages/opacus/accountants/analysis/rdp.py:332: UserWarning: Optimal order is the largest alpha. Please consider expanding the range of alphas to get a tighter privacy bound.
  warnings.warn(
[92mINFO [0m:      Sent reply
02/17/2025 16:04:13:INFO:Sent reply
[92mINFO [0m:      
02/17/2025 16:05:12:INFO:
[92mINFO [0m:      Received: evaluate message ea66bac4-5b7b-43e4-9897-640ec98b75f6
02/17/2025 16:05:12:INFO:Received: evaluate message ea66bac4-5b7b-43e4-9897-640ec98b75f6
[92mINFO [0m:      Sent reply
02/17/2025 16:05:15:INFO:Sent reply
[92mINFO [0m:      
02/17/2025 16:05:51:INFO:
[92mINFO [0m:      Received: train message c45df292-e2b3-4f4c-824d-566125c312d2
02/17/2025 16:05:51:INFO:Received: train message c45df292-e2b3-4f4c-824d-566125c312d2
/home/dgxuser16/anaconda3/envs/ihpc/lib/python3.8/site-packages/torch/nn/modules/module.py:1640: FutureWarning: Using a non-full backward hook when the forward contains multiple autograd Nodes is deprecated and will be removed in future versions. This hook will be missing some grad_input. Please use register_full_backward_hook to get the documented behavior.
  self._maybe_warn_non_full_backward_hook(args, result, grad_fn)
/home/dgxuser16/anaconda3/envs/ihpc/lib/python3.8/site-packages/opacus/accountants/analysis/rdp.py:332: UserWarning: Optimal order is the largest alpha. Please consider expanding the range of alphas to get a tighter privacy bound.
  warnings.warn(
[92mINFO [0m:      Sent reply
02/17/2025 16:06:03:INFO:Sent reply
[92mINFO [0m:      
02/17/2025 16:06:59:INFO:
[92mINFO [0m:      Received: evaluate message 5dc7589a-6b8a-4bc5-8a7b-dca7e91f61cb
02/17/2025 16:06:59:INFO:Received: evaluate message 5dc7589a-6b8a-4bc5-8a7b-dca7e91f61cb
[92mINFO [0m:      Sent reply
02/17/2025 16:07:03:INFO:Sent reply
[92mINFO [0m:      
02/17/2025 16:07:49:INFO:
[92mINFO [0m:      Received: train message d84635a5-7b46-4f41-b88b-ca95579835a5
02/17/2025 16:07:49:INFO:Received: train message d84635a5-7b46-4f41-b88b-ca95579835a5
/home/dgxuser16/anaconda3/envs/ihpc/lib/python3.8/site-packages/torch/nn/modules/module.py:1640: FutureWarning: Using a non-full backward hook when the forward contains multiple autograd Nodes is deprecated and will be removed in future versions. This hook will be missing some grad_input. Please use register_full_backward_hook to get the documented behavior.
  self._maybe_warn_non_full_backward_hook(args, result, grad_fn)
/home/dgxuser16/anaconda3/envs/ihpc/lib/python3.8/site-packages/opacus/accountants/analysis/rdp.py:332: UserWarning: Optimal order is the largest alpha. Please consider expanding the range of alphas to get a tighter privacy bound.
  warnings.warn(
[92mINFO [0m:      Sent reply
02/17/2025 16:08:05:INFO:Sent reply
[92mINFO [0m:      
02/17/2025 16:08:47:INFO:
[92mINFO [0m:      Received: evaluate message 7b761e33-4b0b-4945-815e-f264a64c5294
02/17/2025 16:08:47:INFO:Received: evaluate message 7b761e33-4b0b-4945-815e-f264a64c5294
[92mINFO [0m:      Sent reply
02/17/2025 16:08:50:INFO:Sent reply
[92mINFO [0m:      
02/17/2025 16:09:11:INFO:
[92mINFO [0m:      Received: train message 58034eee-8283-417f-8ee8-577b85775d9e
02/17/2025 16:09:11:INFO:Received: train message 58034eee-8283-417f-8ee8-577b85775d9e
/home/dgxuser16/anaconda3/envs/ihpc/lib/python3.8/site-packages/torch/nn/modules/module.py:1640: FutureWarning: Using a non-full backward hook when the forward contains multiple autograd Nodes is deprecated and will be removed in future versions. This hook will be missing some grad_input. Please use register_full_backward_hook to get the documented behavior.
  self._maybe_warn_non_full_backward_hook(args, result, grad_fn)
/home/dgxuser16/anaconda3/envs/ihpc/lib/python3.8/site-packages/opacus/accountants/analysis/rdp.py:332: UserWarning: Optimal order is the largest alpha. Please consider expanding the range of alphas to get a tighter privacy bound.
  warnings.warn(
[92mINFO [0m:      Sent reply
02/17/2025 16:09:26:INFO:Sent reply
[92mINFO [0m:      
02/17/2025 16:10:47:INFO:
[92mINFO [0m:      Received: evaluate message 753f7cae-d3f8-41d3-9f71-bfabeb75936c
02/17/2025 16:10:47:INFO:Received: evaluate message 753f7cae-d3f8-41d3-9f71-bfabeb75936c
[92mINFO [0m:      Sent reply
02/17/2025 16:10:50:INFO:Sent reply
[92mINFO [0m:      
02/17/2025 16:11:30:INFO:
[92mINFO [0m:      Received: train message 50fda06e-a8b7-481f-b259-d40c641e4e42
02/17/2025 16:11:30:INFO:Received: train message 50fda06e-a8b7-481f-b259-d40c641e4e42
/home/dgxuser16/anaconda3/envs/ihpc/lib/python3.8/site-packages/torch/nn/modules/module.py:1640: FutureWarning: Using a non-full backward hook when the forward contains multiple autograd Nodes is deprecated and will be removed in future versions. This hook will be missing some grad_input. Please use register_full_backward_hook to get the documented behavior.
  self._maybe_warn_non_full_backward_hook(args, result, grad_fn)
/home/dgxuser16/anaconda3/envs/ihpc/lib/python3.8/site-packages/opacus/accountants/analysis/rdp.py:332: UserWarning: Optimal order is the largest alpha. Please consider expanding the range of alphas to get a tighter privacy bound.
  warnings.warn(
[92mINFO [0m:      Sent reply
02/17/2025 16:11:51:INFO:Sent reply
[92mINFO [0m:      
02/17/2025 16:12:33:INFO:
[92mINFO [0m:      Received: evaluate message 29784f96-7eb8-4ecf-a1ed-0a68b59b2940
02/17/2025 16:12:33:INFO:Received: evaluate message 29784f96-7eb8-4ecf-a1ed-0a68b59b2940
Device: cuda:0
Params: {'batch_size': 32, 'local_epochs': 3, 'full_dataset_size': 6400, 'number_of_classes': 4}
Privacy Params: {'target_delta': 1e-05, 'noise_multiplier': 5.0, 'max_grad_norm': 1.0}
Epsilon = 0.21

{'loss': [1.0637531269798994], 'accuracy': [0.4988272087568413], 'auc': [0.6126244090319893]}

Epsilon = 0.30

{'loss': [1.0637531269798994, 1.0743263416499063], 'accuracy': [0.4988272087568413, 0.5011727912431587], 'auc': [0.6126244090319893, 0.6427563495554159]}

Epsilon = 0.37

{'loss': [1.0637531269798994, 1.0743263416499063, 1.0926661737921464], 'accuracy': [0.4988272087568413, 0.5011727912431587, 0.5019546520719312], 'auc': [0.6126244090319893, 0.6427563495554159, 0.6478191556976258]}

Epsilon = 0.43

{'loss': [1.0637531269798994, 1.0743263416499063, 1.0926661737921464, 1.092535943701642], 'accuracy': [0.4988272087568413, 0.5011727912431587, 0.5019546520719312, 0.49569976544175137], 'auc': [0.6126244090319893, 0.6427563495554159, 0.6478191556976258, 0.6471781500143199]}

Epsilon = 0.49

{'loss': [1.0637531269798994, 1.0743263416499063, 1.0926661737921464, 1.092535943701642, 1.0904863739125519], 'accuracy': [0.4988272087568413, 0.5011727912431587, 0.5019546520719312, 0.49569976544175137, 0.4988272087568413], 'auc': [0.6126244090319893, 0.6427563495554159, 0.6478191556976258, 0.6471781500143199, 0.6553070290310754]}

Epsilon = 0.54

{'loss': [1.0637531269798994, 1.0743263416499063, 1.0926661737921464, 1.092535943701642, 1.0904863739125519, 1.102278728239046], 'accuracy': [0.4988272087568413, 0.5011727912431587, 0.5019546520719312, 0.49569976544175137, 0.4988272087568413, 0.4980453479280688], 'auc': [0.6126244090319893, 0.6427563495554159, 0.6478191556976258, 0.6471781500143199, 0.6553070290310754, 0.667288355595523]}

Epsilon = 0.58

{'loss': [1.0637531269798994, 1.0743263416499063, 1.0926661737921464, 1.092535943701642, 1.0904863739125519, 1.102278728239046, 1.0813884811535583], 'accuracy': [0.4988272087568413, 0.5011727912431587, 0.5019546520719312, 0.49569976544175137, 0.4988272087568413, 0.4980453479280688, 0.491790461297889], 'auc': [0.6126244090319893, 0.6427563495554159, 0.6478191556976258, 0.6471781500143199, 0.6553070290310754, 0.667288355595523, 0.6629687389791885]}

Epsilon = 0.62

{'loss': [1.0637531269798994, 1.0743263416499063, 1.0926661737921464, 1.092535943701642, 1.0904863739125519, 1.102278728239046, 1.0813884811535583, 1.0818830423750292], 'accuracy': [0.4988272087568413, 0.5011727912431587, 0.5019546520719312, 0.49569976544175137, 0.4988272087568413, 0.4980453479280688, 0.491790461297889, 0.4988272087568413], 'auc': [0.6126244090319893, 0.6427563495554159, 0.6478191556976258, 0.6471781500143199, 0.6553070290310754, 0.667288355595523, 0.6629687389791885, 0.6633735503060076]}

Epsilon = 0.66

{'loss': [1.0637531269798994, 1.0743263416499063, 1.0926661737921464, 1.092535943701642, 1.0904863739125519, 1.102278728239046, 1.0813884811535583, 1.0818830423750292, 1.0803690565294173], 'accuracy': [0.4988272087568413, 0.5011727912431587, 0.5019546520719312, 0.49569976544175137, 0.4988272087568413, 0.4980453479280688, 0.491790461297889, 0.4988272087568413, 0.49726348709929635], 'auc': [0.6126244090319893, 0.6427563495554159, 0.6478191556976258, 0.6471781500143199, 0.6553070290310754, 0.667288355595523, 0.6629687389791885, 0.6633735503060076, 0.6686219124742502]}

Epsilon = 0.70

{'loss': [1.0637531269798994, 1.0743263416499063, 1.0926661737921464, 1.092535943701642, 1.0904863739125519, 1.102278728239046, 1.0813884811535583, 1.0818830423750292, 1.0803690565294173, 1.0929793257374052], 'accuracy': [0.4988272087568413, 0.5011727912431587, 0.5019546520719312, 0.49569976544175137, 0.4988272087568413, 0.4980453479280688, 0.491790461297889, 0.4988272087568413, 0.49726348709929635, 0.4980453479280688], 'auc': [0.6126244090319893, 0.6427563495554159, 0.6478191556976258, 0.6471781500143199, 0.6553070290310754, 0.667288355595523, 0.6629687389791885, 0.6633735503060076, 0.6686219124742502, 0.6784367470166348]}

Epsilon = 0.74

{'loss': [1.0637531269798994, 1.0743263416499063, 1.0926661737921464, 1.092535943701642, 1.0904863739125519, 1.102278728239046, 1.0813884811535583, 1.0818830423750292, 1.0803690565294173, 1.0929793257374052, 1.0892508530448992], 'accuracy': [0.4988272087568413, 0.5011727912431587, 0.5019546520719312, 0.49569976544175137, 0.4988272087568413, 0.4980453479280688, 0.491790461297889, 0.4988272087568413, 0.49726348709929635, 0.4980453479280688, 0.4980453479280688], 'auc': [0.6126244090319893, 0.6427563495554159, 0.6478191556976258, 0.6471781500143199, 0.6553070290310754, 0.667288355595523, 0.6629687389791885, 0.6633735503060076, 0.6686219124742502, 0.6784367470166348, 0.6783089640225433]}

Epsilon = 0.77

{'loss': [1.0637531269798994, 1.0743263416499063, 1.0926661737921464, 1.092535943701642, 1.0904863739125519, 1.102278728239046, 1.0813884811535583, 1.0818830423750292, 1.0803690565294173, 1.0929793257374052, 1.0892508530448992, 1.0875891000614957], 'accuracy': [0.4988272087568413, 0.5011727912431587, 0.5019546520719312, 0.49569976544175137, 0.4988272087568413, 0.4980453479280688, 0.491790461297889, 0.4988272087568413, 0.49726348709929635, 0.4980453479280688, 0.4980453479280688, 0.5121188428459734], 'auc': [0.6126244090319893, 0.6427563495554159, 0.6478191556976258, 0.6471781500143199, 0.6553070290310754, 0.667288355595523, 0.6629687389791885, 0.6633735503060076, 0.6686219124742502, 0.6784367470166348, 0.6783089640225433, 0.6736532358003906]}

Epsilon = 0.81

{'loss': [1.0637531269798994, 1.0743263416499063, 1.0926661737921464, 1.092535943701642, 1.0904863739125519, 1.102278728239046, 1.0813884811535583, 1.0818830423750292, 1.0803690565294173, 1.0929793257374052, 1.0892508530448992, 1.0875891000614957, 1.0887299319372408], 'accuracy': [0.4988272087568413, 0.5011727912431587, 0.5019546520719312, 0.49569976544175137, 0.4988272087568413, 0.4980453479280688, 0.491790461297889, 0.4988272087568413, 0.49726348709929635, 0.4980453479280688, 0.4980453479280688, 0.5121188428459734, 0.5074276778733385], 'auc': [0.6126244090319893, 0.6427563495554159, 0.6478191556976258, 0.6471781500143199, 0.6553070290310754, 0.667288355595523, 0.6629687389791885, 0.6633735503060076, 0.6686219124742502, 0.6784367470166348, 0.6783089640225433, 0.6736532358003906, 0.6783376572535053]}

Epsilon = 0.84

{'loss': [1.0637531269798994, 1.0743263416499063, 1.0926661737921464, 1.092535943701642, 1.0904863739125519, 1.102278728239046, 1.0813884811535583, 1.0818830423750292, 1.0803690565294173, 1.0929793257374052, 1.0892508530448992, 1.0875891000614957, 1.0887299319372408, 1.0823675059918036], 'accuracy': [0.4988272087568413, 0.5011727912431587, 0.5019546520719312, 0.49569976544175137, 0.4988272087568413, 0.4980453479280688, 0.491790461297889, 0.4988272087568413, 0.49726348709929635, 0.4980453479280688, 0.4980453479280688, 0.5121188428459734, 0.5074276778733385, 0.509773260359656], 'auc': [0.6126244090319893, 0.6427563495554159, 0.6478191556976258, 0.6471781500143199, 0.6553070290310754, 0.667288355595523, 0.6629687389791885, 0.6633735503060076, 0.6686219124742502, 0.6784367470166348, 0.6783089640225433, 0.6736532358003906, 0.6783376572535053, 0.6774526541808379]}

Epsilon = 0.87

{'loss': [1.0637531269798994, 1.0743263416499063, 1.0926661737921464, 1.092535943701642, 1.0904863739125519, 1.102278728239046, 1.0813884811535583, 1.0818830423750292, 1.0803690565294173, 1.0929793257374052, 1.0892508530448992, 1.0875891000614957, 1.0887299319372408, 1.0823675059918036, 1.089275201985014], 'accuracy': [0.4988272087568413, 0.5011727912431587, 0.5019546520719312, 0.49569976544175137, 0.4988272087568413, 0.4980453479280688, 0.491790461297889, 0.4988272087568413, 0.49726348709929635, 0.4980453479280688, 0.4980453479280688, 0.5121188428459734, 0.5074276778733385, 0.509773260359656, 0.509773260359656], 'auc': [0.6126244090319893, 0.6427563495554159, 0.6478191556976258, 0.6471781500143199, 0.6553070290310754, 0.667288355595523, 0.6629687389791885, 0.6633735503060076, 0.6686219124742502, 0.6784367470166348, 0.6783089640225433, 0.6736532358003906, 0.6783376572535053, 0.6774526541808379, 0.6807067396285442]}

Epsilon = 0.90
[92mINFO [0m:      Sent reply
02/17/2025 16:12:36:INFO:Sent reply
[92mINFO [0m:      
02/17/2025 16:13:19:INFO:
[92mINFO [0m:      Received: train message f98af221-dee9-487d-bb35-94c50c734ff4
02/17/2025 16:13:19:INFO:Received: train message f98af221-dee9-487d-bb35-94c50c734ff4
/home/dgxuser16/anaconda3/envs/ihpc/lib/python3.8/site-packages/torch/nn/modules/module.py:1640: FutureWarning: Using a non-full backward hook when the forward contains multiple autograd Nodes is deprecated and will be removed in future versions. This hook will be missing some grad_input. Please use register_full_backward_hook to get the documented behavior.
  self._maybe_warn_non_full_backward_hook(args, result, grad_fn)
/home/dgxuser16/anaconda3/envs/ihpc/lib/python3.8/site-packages/opacus/accountants/analysis/rdp.py:332: UserWarning: Optimal order is the largest alpha. Please consider expanding the range of alphas to get a tighter privacy bound.
  warnings.warn(
[92mINFO [0m:      Sent reply
02/17/2025 16:13:37:INFO:Sent reply
[92mINFO [0m:      
02/17/2025 16:14:27:INFO:
[92mINFO [0m:      Received: evaluate message c0a269c4-0a24-414f-925d-6db36d3a8382
02/17/2025 16:14:27:INFO:Received: evaluate message c0a269c4-0a24-414f-925d-6db36d3a8382
[92mINFO [0m:      Sent reply
02/17/2025 16:14:32:INFO:Sent reply
[92mINFO [0m:      
02/17/2025 16:15:05:INFO:
[92mINFO [0m:      Received: train message 0f9aa437-d2e0-4ee8-8467-26835995e47a
02/17/2025 16:15:05:INFO:Received: train message 0f9aa437-d2e0-4ee8-8467-26835995e47a
/home/dgxuser16/anaconda3/envs/ihpc/lib/python3.8/site-packages/torch/nn/modules/module.py:1640: FutureWarning: Using a non-full backward hook when the forward contains multiple autograd Nodes is deprecated and will be removed in future versions. This hook will be missing some grad_input. Please use register_full_backward_hook to get the documented behavior.
  self._maybe_warn_non_full_backward_hook(args, result, grad_fn)
/home/dgxuser16/anaconda3/envs/ihpc/lib/python3.8/site-packages/opacus/accountants/analysis/rdp.py:332: UserWarning: Optimal order is the largest alpha. Please consider expanding the range of alphas to get a tighter privacy bound.
  warnings.warn(
[92mINFO [0m:      Sent reply
02/17/2025 16:15:23:INFO:Sent reply
[92mINFO [0m:      
02/17/2025 16:16:10:INFO:
[92mINFO [0m:      Received: evaluate message 69f829b3-ac06-4687-9e74-8dfa4ca715f9
02/17/2025 16:16:10:INFO:Received: evaluate message 69f829b3-ac06-4687-9e74-8dfa4ca715f9
[92mINFO [0m:      Sent reply
02/17/2025 16:16:13:INFO:Sent reply
[92mINFO [0m:      
02/17/2025 16:16:55:INFO:
[92mINFO [0m:      Received: train message 9287b90a-3732-4f29-bd72-779fc0485249
02/17/2025 16:16:55:INFO:Received: train message 9287b90a-3732-4f29-bd72-779fc0485249
/home/dgxuser16/anaconda3/envs/ihpc/lib/python3.8/site-packages/torch/nn/modules/module.py:1640: FutureWarning: Using a non-full backward hook when the forward contains multiple autograd Nodes is deprecated and will be removed in future versions. This hook will be missing some grad_input. Please use register_full_backward_hook to get the documented behavior.
  self._maybe_warn_non_full_backward_hook(args, result, grad_fn)
/home/dgxuser16/anaconda3/envs/ihpc/lib/python3.8/site-packages/opacus/accountants/analysis/rdp.py:332: UserWarning: Optimal order is the largest alpha. Please consider expanding the range of alphas to get a tighter privacy bound.
  warnings.warn(
[92mINFO [0m:      Sent reply
02/17/2025 16:17:12:INFO:Sent reply
[92mINFO [0m:      
02/17/2025 16:18:04:INFO:
[92mINFO [0m:      Received: evaluate message 6c56e9e1-071e-4a83-904d-0eb413489bd4
02/17/2025 16:18:04:INFO:Received: evaluate message 6c56e9e1-071e-4a83-904d-0eb413489bd4
[92mINFO [0m:      Sent reply
02/17/2025 16:18:07:INFO:Sent reply
[92mINFO [0m:      
02/17/2025 16:18:54:INFO:
[92mINFO [0m:      Received: train message c4b642ca-8304-44ac-87a5-401edb889478
02/17/2025 16:18:54:INFO:Received: train message c4b642ca-8304-44ac-87a5-401edb889478
/home/dgxuser16/anaconda3/envs/ihpc/lib/python3.8/site-packages/torch/nn/modules/module.py:1640: FutureWarning: Using a non-full backward hook when the forward contains multiple autograd Nodes is deprecated and will be removed in future versions. This hook will be missing some grad_input. Please use register_full_backward_hook to get the documented behavior.
  self._maybe_warn_non_full_backward_hook(args, result, grad_fn)
/home/dgxuser16/anaconda3/envs/ihpc/lib/python3.8/site-packages/opacus/accountants/analysis/rdp.py:332: UserWarning: Optimal order is the largest alpha. Please consider expanding the range of alphas to get a tighter privacy bound.
  warnings.warn(
[92mINFO [0m:      Sent reply
02/17/2025 16:19:11:INFO:Sent reply
[92mINFO [0m:      
02/17/2025 16:20:06:INFO:
[92mINFO [0m:      Received: evaluate message 0ae9806e-f12c-42a1-8fcc-e9cb32ffc651
02/17/2025 16:20:06:INFO:Received: evaluate message 0ae9806e-f12c-42a1-8fcc-e9cb32ffc651
[92mINFO [0m:      Sent reply
02/17/2025 16:20:12:INFO:Sent reply
[92mINFO [0m:      
02/17/2025 16:20:52:INFO:
[92mINFO [0m:      Received: train message f5c79389-1003-48d3-b8c5-6ae74d3b8bca
02/17/2025 16:20:52:INFO:Received: train message f5c79389-1003-48d3-b8c5-6ae74d3b8bca
/home/dgxuser16/anaconda3/envs/ihpc/lib/python3.8/site-packages/torch/nn/modules/module.py:1640: FutureWarning: Using a non-full backward hook when the forward contains multiple autograd Nodes is deprecated and will be removed in future versions. This hook will be missing some grad_input. Please use register_full_backward_hook to get the documented behavior.
  self._maybe_warn_non_full_backward_hook(args, result, grad_fn)
/home/dgxuser16/anaconda3/envs/ihpc/lib/python3.8/site-packages/opacus/accountants/analysis/rdp.py:332: UserWarning: Optimal order is the largest alpha. Please consider expanding the range of alphas to get a tighter privacy bound.
  warnings.warn(
[92mINFO [0m:      Sent reply
02/17/2025 16:21:07:INFO:Sent reply
[92mINFO [0m:      
02/17/2025 16:21:32:INFO:
[92mINFO [0m:      Received: evaluate message 7e0f3c02-4a3a-4d6a-a5e1-5e549f3a4e4f
02/17/2025 16:21:32:INFO:Received: evaluate message 7e0f3c02-4a3a-4d6a-a5e1-5e549f3a4e4f
[92mINFO [0m:      Sent reply
02/17/2025 16:21:35:INFO:Sent reply
[92mINFO [0m:      
02/17/2025 16:22:30:INFO:
[92mINFO [0m:      Received: train message d97579b8-7a76-430f-a9bf-afbcc6dcf538
02/17/2025 16:22:30:INFO:Received: train message d97579b8-7a76-430f-a9bf-afbcc6dcf538
/home/dgxuser16/anaconda3/envs/ihpc/lib/python3.8/site-packages/torch/nn/modules/module.py:1640: FutureWarning: Using a non-full backward hook when the forward contains multiple autograd Nodes is deprecated and will be removed in future versions. This hook will be missing some grad_input. Please use register_full_backward_hook to get the documented behavior.
  self._maybe_warn_non_full_backward_hook(args, result, grad_fn)
/home/dgxuser16/anaconda3/envs/ihpc/lib/python3.8/site-packages/opacus/accountants/analysis/rdp.py:332: UserWarning: Optimal order is the largest alpha. Please consider expanding the range of alphas to get a tighter privacy bound.
  warnings.warn(
[92mINFO [0m:      Sent reply
02/17/2025 16:22:45:INFO:Sent reply
[92mINFO [0m:      
02/17/2025 16:23:39:INFO:
[92mINFO [0m:      Received: evaluate message 6f3fce8f-30fd-4ac0-b269-39541ec5f537
02/17/2025 16:23:39:INFO:Received: evaluate message 6f3fce8f-30fd-4ac0-b269-39541ec5f537

{'loss': [1.0637531269798994, 1.0743263416499063, 1.0926661737921464, 1.092535943701642, 1.0904863739125519, 1.102278728239046, 1.0813884811535583, 1.0818830423750292, 1.0803690565294173, 1.0929793257374052, 1.0892508530448992, 1.0875891000614957, 1.0887299319372408, 1.0823675059918036, 1.089275201985014, 1.0983954716511681], 'accuracy': [0.4988272087568413, 0.5011727912431587, 0.5019546520719312, 0.49569976544175137, 0.4988272087568413, 0.4980453479280688, 0.491790461297889, 0.4988272087568413, 0.49726348709929635, 0.4980453479280688, 0.4980453479280688, 0.5121188428459734, 0.5074276778733385, 0.509773260359656, 0.509773260359656, 0.5105551211884285], 'auc': [0.6126244090319893, 0.6427563495554159, 0.6478191556976258, 0.6471781500143199, 0.6553070290310754, 0.667288355595523, 0.6629687389791885, 0.6633735503060076, 0.6686219124742502, 0.6784367470166348, 0.6783089640225433, 0.6736532358003906, 0.6783376572535053, 0.6774526541808379, 0.6807067396285442, 0.685116065439221]}

Epsilon = 0.93

{'loss': [1.0637531269798994, 1.0743263416499063, 1.0926661737921464, 1.092535943701642, 1.0904863739125519, 1.102278728239046, 1.0813884811535583, 1.0818830423750292, 1.0803690565294173, 1.0929793257374052, 1.0892508530448992, 1.0875891000614957, 1.0887299319372408, 1.0823675059918036, 1.089275201985014, 1.0983954716511681, 1.1025001281774818], 'accuracy': [0.4988272087568413, 0.5011727912431587, 0.5019546520719312, 0.49569976544175137, 0.4988272087568413, 0.4980453479280688, 0.491790461297889, 0.4988272087568413, 0.49726348709929635, 0.4980453479280688, 0.4980453479280688, 0.5121188428459734, 0.5074276778733385, 0.509773260359656, 0.509773260359656, 0.5105551211884285, 0.5105551211884285], 'auc': [0.6126244090319893, 0.6427563495554159, 0.6478191556976258, 0.6471781500143199, 0.6553070290310754, 0.667288355595523, 0.6629687389791885, 0.6633735503060076, 0.6686219124742502, 0.6784367470166348, 0.6783089640225433, 0.6736532358003906, 0.6783376572535053, 0.6774526541808379, 0.6807067396285442, 0.685116065439221, 0.6871344269681422]}

Epsilon = 0.96

{'loss': [1.0637531269798994, 1.0743263416499063, 1.0926661737921464, 1.092535943701642, 1.0904863739125519, 1.102278728239046, 1.0813884811535583, 1.0818830423750292, 1.0803690565294173, 1.0929793257374052, 1.0892508530448992, 1.0875891000614957, 1.0887299319372408, 1.0823675059918036, 1.089275201985014, 1.0983954716511681, 1.1025001281774818, 1.0972754555908006], 'accuracy': [0.4988272087568413, 0.5011727912431587, 0.5019546520719312, 0.49569976544175137, 0.4988272087568413, 0.4980453479280688, 0.491790461297889, 0.4988272087568413, 0.49726348709929635, 0.4980453479280688, 0.4980453479280688, 0.5121188428459734, 0.5074276778733385, 0.509773260359656, 0.509773260359656, 0.5105551211884285, 0.5105551211884285, 0.5152462861610634], 'auc': [0.6126244090319893, 0.6427563495554159, 0.6478191556976258, 0.6471781500143199, 0.6553070290310754, 0.667288355595523, 0.6629687389791885, 0.6633735503060076, 0.6686219124742502, 0.6784367470166348, 0.6783089640225433, 0.6736532358003906, 0.6783376572535053, 0.6774526541808379, 0.6807067396285442, 0.685116065439221, 0.6871344269681422, 0.6907618167599783]}

Epsilon = 0.99

{'loss': [1.0637531269798994, 1.0743263416499063, 1.0926661737921464, 1.092535943701642, 1.0904863739125519, 1.102278728239046, 1.0813884811535583, 1.0818830423750292, 1.0803690565294173, 1.0929793257374052, 1.0892508530448992, 1.0875891000614957, 1.0887299319372408, 1.0823675059918036, 1.089275201985014, 1.0983954716511681, 1.1025001281774818, 1.0972754555908006, 1.1206541889994475], 'accuracy': [0.4988272087568413, 0.5011727912431587, 0.5019546520719312, 0.49569976544175137, 0.4988272087568413, 0.4980453479280688, 0.491790461297889, 0.4988272087568413, 0.49726348709929635, 0.4980453479280688, 0.4980453479280688, 0.5121188428459734, 0.5074276778733385, 0.509773260359656, 0.509773260359656, 0.5105551211884285, 0.5105551211884285, 0.5152462861610634, 0.5089913995308835], 'auc': [0.6126244090319893, 0.6427563495554159, 0.6478191556976258, 0.6471781500143199, 0.6553070290310754, 0.667288355595523, 0.6629687389791885, 0.6633735503060076, 0.6686219124742502, 0.6784367470166348, 0.6783089640225433, 0.6736532358003906, 0.6783376572535053, 0.6774526541808379, 0.6807067396285442, 0.685116065439221, 0.6871344269681422, 0.6907618167599783, 0.6954071060285254]}

Epsilon = 1.02

{'loss': [1.0637531269798994, 1.0743263416499063, 1.0926661737921464, 1.092535943701642, 1.0904863739125519, 1.102278728239046, 1.0813884811535583, 1.0818830423750292, 1.0803690565294173, 1.0929793257374052, 1.0892508530448992, 1.0875891000614957, 1.0887299319372408, 1.0823675059918036, 1.089275201985014, 1.0983954716511681, 1.1025001281774818, 1.0972754555908006, 1.1206541889994475, 1.125175062802921], 'accuracy': [0.4988272087568413, 0.5011727912431587, 0.5019546520719312, 0.49569976544175137, 0.4988272087568413, 0.4980453479280688, 0.491790461297889, 0.4988272087568413, 0.49726348709929635, 0.4980453479280688, 0.4980453479280688, 0.5121188428459734, 0.5074276778733385, 0.509773260359656, 0.509773260359656, 0.5105551211884285, 0.5105551211884285, 0.5152462861610634, 0.5089913995308835, 0.5121188428459734], 'auc': [0.6126244090319893, 0.6427563495554159, 0.6478191556976258, 0.6471781500143199, 0.6553070290310754, 0.667288355595523, 0.6629687389791885, 0.6633735503060076, 0.6686219124742502, 0.6784367470166348, 0.6783089640225433, 0.6736532358003906, 0.6783376572535053, 0.6774526541808379, 0.6807067396285442, 0.685116065439221, 0.6871344269681422, 0.6907618167599783, 0.6954071060285254, 0.694791849627735]}

Epsilon = 1.05

{'loss': [1.0637531269798994, 1.0743263416499063, 1.0926661737921464, 1.092535943701642, 1.0904863739125519, 1.102278728239046, 1.0813884811535583, 1.0818830423750292, 1.0803690565294173, 1.0929793257374052, 1.0892508530448992, 1.0875891000614957, 1.0887299319372408, 1.0823675059918036, 1.089275201985014, 1.0983954716511681, 1.1025001281774818, 1.0972754555908006, 1.1206541889994475, 1.125175062802921, 1.126957186131481], 'accuracy': [0.4988272087568413, 0.5011727912431587, 0.5019546520719312, 0.49569976544175137, 0.4988272087568413, 0.4980453479280688, 0.491790461297889, 0.4988272087568413, 0.49726348709929635, 0.4980453479280688, 0.4980453479280688, 0.5121188428459734, 0.5074276778733385, 0.509773260359656, 0.509773260359656, 0.5105551211884285, 0.5105551211884285, 0.5152462861610634, 0.5089913995308835, 0.5121188428459734, 0.5144644253322909], 'auc': [0.6126244090319893, 0.6427563495554159, 0.6478191556976258, 0.6471781500143199, 0.6553070290310754, 0.667288355595523, 0.6629687389791885, 0.6633735503060076, 0.6686219124742502, 0.6784367470166348, 0.6783089640225433, 0.6736532358003906, 0.6783376572535053, 0.6774526541808379, 0.6807067396285442, 0.685116065439221, 0.6871344269681422, 0.6907618167599783, 0.6954071060285254, 0.694791849627735, 0.6958230790026636]}

Epsilon = 1.07
[92mINFO [0m:      Sent reply
02/17/2025 16:23:42:INFO:Sent reply
[92mINFO [0m:      
02/17/2025 16:24:37:INFO:
[92mINFO [0m:      Received: train message b0914bed-bfbf-4e12-a23d-fe68ae1dbf2d
02/17/2025 16:24:37:INFO:Received: train message b0914bed-bfbf-4e12-a23d-fe68ae1dbf2d
/home/dgxuser16/anaconda3/envs/ihpc/lib/python3.8/site-packages/torch/nn/modules/module.py:1640: FutureWarning: Using a non-full backward hook when the forward contains multiple autograd Nodes is deprecated and will be removed in future versions. This hook will be missing some grad_input. Please use register_full_backward_hook to get the documented behavior.
  self._maybe_warn_non_full_backward_hook(args, result, grad_fn)
/home/dgxuser16/anaconda3/envs/ihpc/lib/python3.8/site-packages/opacus/accountants/analysis/rdp.py:332: UserWarning: Optimal order is the largest alpha. Please consider expanding the range of alphas to get a tighter privacy bound.
  warnings.warn(
[92mINFO [0m:      Sent reply
02/17/2025 16:24:55:INFO:Sent reply
[92mINFO [0m:      
02/17/2025 16:25:47:INFO:
[92mINFO [0m:      Received: evaluate message adefe8ef-8672-44fc-9eb1-8fc8bc723a08
02/17/2025 16:25:47:INFO:Received: evaluate message adefe8ef-8672-44fc-9eb1-8fc8bc723a08
[92mINFO [0m:      Sent reply
02/17/2025 16:25:52:INFO:Sent reply
[92mINFO [0m:      
02/17/2025 16:26:33:INFO:
[92mINFO [0m:      Received: train message c118b891-d874-4270-99a0-6727f8266ca9
02/17/2025 16:26:33:INFO:Received: train message c118b891-d874-4270-99a0-6727f8266ca9
/home/dgxuser16/anaconda3/envs/ihpc/lib/python3.8/site-packages/torch/nn/modules/module.py:1640: FutureWarning: Using a non-full backward hook when the forward contains multiple autograd Nodes is deprecated and will be removed in future versions. This hook will be missing some grad_input. Please use register_full_backward_hook to get the documented behavior.
  self._maybe_warn_non_full_backward_hook(args, result, grad_fn)
/home/dgxuser16/anaconda3/envs/ihpc/lib/python3.8/site-packages/opacus/accountants/analysis/rdp.py:332: UserWarning: Optimal order is the largest alpha. Please consider expanding the range of alphas to get a tighter privacy bound.
  warnings.warn(
[92mINFO [0m:      Sent reply
02/17/2025 16:26:55:INFO:Sent reply
[92mINFO [0m:      
02/17/2025 16:27:45:INFO:
[92mINFO [0m:      Received: evaluate message 08c4713c-e742-49ca-af8e-37730f913321
02/17/2025 16:27:45:INFO:Received: evaluate message 08c4713c-e742-49ca-af8e-37730f913321
[92mINFO [0m:      Sent reply
02/17/2025 16:27:49:INFO:Sent reply
[92mINFO [0m:      
02/17/2025 16:28:17:INFO:
[92mINFO [0m:      Received: train message 815fda95-b664-4e80-a54f-c1b7b7111e77
02/17/2025 16:28:17:INFO:Received: train message 815fda95-b664-4e80-a54f-c1b7b7111e77
/home/dgxuser16/anaconda3/envs/ihpc/lib/python3.8/site-packages/torch/nn/modules/module.py:1640: FutureWarning: Using a non-full backward hook when the forward contains multiple autograd Nodes is deprecated and will be removed in future versions. This hook will be missing some grad_input. Please use register_full_backward_hook to get the documented behavior.
  self._maybe_warn_non_full_backward_hook(args, result, grad_fn)
/home/dgxuser16/anaconda3/envs/ihpc/lib/python3.8/site-packages/opacus/accountants/analysis/rdp.py:332: UserWarning: Optimal order is the largest alpha. Please consider expanding the range of alphas to get a tighter privacy bound.
  warnings.warn(
[92mINFO [0m:      Sent reply
02/17/2025 16:28:31:INFO:Sent reply
[92mINFO [0m:      
02/17/2025 16:29:52:INFO:
[92mINFO [0m:      Received: evaluate message e9f50509-8610-477b-aa8a-53ca2a2943c4
02/17/2025 16:29:52:INFO:Received: evaluate message e9f50509-8610-477b-aa8a-53ca2a2943c4
[92mINFO [0m:      Sent reply
02/17/2025 16:29:56:INFO:Sent reply
[92mINFO [0m:      
02/17/2025 16:30:32:INFO:
[92mINFO [0m:      Received: train message 69b44128-865f-4553-9eae-baa93575b93e
02/17/2025 16:30:32:INFO:Received: train message 69b44128-865f-4553-9eae-baa93575b93e
/home/dgxuser16/anaconda3/envs/ihpc/lib/python3.8/site-packages/torch/nn/modules/module.py:1640: FutureWarning: Using a non-full backward hook when the forward contains multiple autograd Nodes is deprecated and will be removed in future versions. This hook will be missing some grad_input. Please use register_full_backward_hook to get the documented behavior.
  self._maybe_warn_non_full_backward_hook(args, result, grad_fn)
/home/dgxuser16/anaconda3/envs/ihpc/lib/python3.8/site-packages/opacus/accountants/analysis/rdp.py:332: UserWarning: Optimal order is the largest alpha. Please consider expanding the range of alphas to get a tighter privacy bound.
  warnings.warn(
[92mINFO [0m:      Sent reply
02/17/2025 16:30:48:INFO:Sent reply
[92mINFO [0m:      
02/17/2025 16:31:50:INFO:
[92mINFO [0m:      Received: evaluate message a5d158e1-b323-4f93-ab64-62a8b44a6aa7
02/17/2025 16:31:50:INFO:Received: evaluate message a5d158e1-b323-4f93-ab64-62a8b44a6aa7
[92mINFO [0m:      Sent reply
02/17/2025 16:31:54:INFO:Sent reply
[92mINFO [0m:      
02/17/2025 16:32:28:INFO:
[92mINFO [0m:      Received: train message 62d5e6e2-9577-4994-8f57-209522635170
02/17/2025 16:32:28:INFO:Received: train message 62d5e6e2-9577-4994-8f57-209522635170
/home/dgxuser16/anaconda3/envs/ihpc/lib/python3.8/site-packages/torch/nn/modules/module.py:1640: FutureWarning: Using a non-full backward hook when the forward contains multiple autograd Nodes is deprecated and will be removed in future versions. This hook will be missing some grad_input. Please use register_full_backward_hook to get the documented behavior.
  self._maybe_warn_non_full_backward_hook(args, result, grad_fn)
/home/dgxuser16/anaconda3/envs/ihpc/lib/python3.8/site-packages/opacus/accountants/analysis/rdp.py:332: UserWarning: Optimal order is the largest alpha. Please consider expanding the range of alphas to get a tighter privacy bound.
  warnings.warn(
[92mINFO [0m:      Sent reply
02/17/2025 16:32:46:INFO:Sent reply
[92mINFO [0m:      
02/17/2025 16:33:46:INFO:
[92mINFO [0m:      Received: evaluate message 47f15a4c-4ebc-489e-ae70-e3ab8e40b39e
02/17/2025 16:33:46:INFO:Received: evaluate message 47f15a4c-4ebc-489e-ae70-e3ab8e40b39e

{'loss': [1.0637531269798994, 1.0743263416499063, 1.0926661737921464, 1.092535943701642, 1.0904863739125519, 1.102278728239046, 1.0813884811535583, 1.0818830423750292, 1.0803690565294173, 1.0929793257374052, 1.0892508530448992, 1.0875891000614957, 1.0887299319372408, 1.0823675059918036, 1.089275201985014, 1.0983954716511681, 1.1025001281774818, 1.0972754555908006, 1.1206541889994475, 1.125175062802921, 1.126957186131481, 1.1241364795496167], 'accuracy': [0.4988272087568413, 0.5011727912431587, 0.5019546520719312, 0.49569976544175137, 0.4988272087568413, 0.4980453479280688, 0.491790461297889, 0.4988272087568413, 0.49726348709929635, 0.4980453479280688, 0.4980453479280688, 0.5121188428459734, 0.5074276778733385, 0.509773260359656, 0.509773260359656, 0.5105551211884285, 0.5105551211884285, 0.5152462861610634, 0.5089913995308835, 0.5121188428459734, 0.5144644253322909, 0.5136825645035183], 'auc': [0.6126244090319893, 0.6427563495554159, 0.6478191556976258, 0.6471781500143199, 0.6553070290310754, 0.667288355595523, 0.6629687389791885, 0.6633735503060076, 0.6686219124742502, 0.6784367470166348, 0.6783089640225433, 0.6736532358003906, 0.6783376572535053, 0.6774526541808379, 0.6807067396285442, 0.685116065439221, 0.6871344269681422, 0.6907618167599783, 0.6954071060285254, 0.694791849627735, 0.6958230790026636, 0.6972822073885703]}

Epsilon = 1.10

{'loss': [1.0637531269798994, 1.0743263416499063, 1.0926661737921464, 1.092535943701642, 1.0904863739125519, 1.102278728239046, 1.0813884811535583, 1.0818830423750292, 1.0803690565294173, 1.0929793257374052, 1.0892508530448992, 1.0875891000614957, 1.0887299319372408, 1.0823675059918036, 1.089275201985014, 1.0983954716511681, 1.1025001281774818, 1.0972754555908006, 1.1206541889994475, 1.125175062802921, 1.126957186131481, 1.1241364795496167, 1.1060796387965461], 'accuracy': [0.4988272087568413, 0.5011727912431587, 0.5019546520719312, 0.49569976544175137, 0.4988272087568413, 0.4980453479280688, 0.491790461297889, 0.4988272087568413, 0.49726348709929635, 0.4980453479280688, 0.4980453479280688, 0.5121188428459734, 0.5074276778733385, 0.509773260359656, 0.509773260359656, 0.5105551211884285, 0.5105551211884285, 0.5152462861610634, 0.5089913995308835, 0.5121188428459734, 0.5144644253322909, 0.5136825645035183, 0.5152462861610634], 'auc': [0.6126244090319893, 0.6427563495554159, 0.6478191556976258, 0.6471781500143199, 0.6553070290310754, 0.667288355595523, 0.6629687389791885, 0.6633735503060076, 0.6686219124742502, 0.6784367470166348, 0.6783089640225433, 0.6736532358003906, 0.6783376572535053, 0.6774526541808379, 0.6807067396285442, 0.685116065439221, 0.6871344269681422, 0.6907618167599783, 0.6954071060285254, 0.694791849627735, 0.6958230790026636, 0.6972822073885703, 0.6966511761846812]}

Epsilon = 1.13

{'loss': [1.0637531269798994, 1.0743263416499063, 1.0926661737921464, 1.092535943701642, 1.0904863739125519, 1.102278728239046, 1.0813884811535583, 1.0818830423750292, 1.0803690565294173, 1.0929793257374052, 1.0892508530448992, 1.0875891000614957, 1.0887299319372408, 1.0823675059918036, 1.089275201985014, 1.0983954716511681, 1.1025001281774818, 1.0972754555908006, 1.1206541889994475, 1.125175062802921, 1.126957186131481, 1.1241364795496167, 1.1060796387965461, 1.1022864992120847], 'accuracy': [0.4988272087568413, 0.5011727912431587, 0.5019546520719312, 0.49569976544175137, 0.4988272087568413, 0.4980453479280688, 0.491790461297889, 0.4988272087568413, 0.49726348709929635, 0.4980453479280688, 0.4980453479280688, 0.5121188428459734, 0.5074276778733385, 0.509773260359656, 0.509773260359656, 0.5105551211884285, 0.5105551211884285, 0.5152462861610634, 0.5089913995308835, 0.5121188428459734, 0.5144644253322909, 0.5136825645035183, 0.5152462861610634, 0.5222830336200156], 'auc': [0.6126244090319893, 0.6427563495554159, 0.6478191556976258, 0.6471781500143199, 0.6553070290310754, 0.667288355595523, 0.6629687389791885, 0.6633735503060076, 0.6686219124742502, 0.6784367470166348, 0.6783089640225433, 0.6736532358003906, 0.6783376572535053, 0.6774526541808379, 0.6807067396285442, 0.685116065439221, 0.6871344269681422, 0.6907618167599783, 0.6954071060285254, 0.694791849627735, 0.6958230790026636, 0.6972822073885703, 0.6966511761846812, 0.695688540166236]}

Epsilon = 1.15

{'loss': [1.0637531269798994, 1.0743263416499063, 1.0926661737921464, 1.092535943701642, 1.0904863739125519, 1.102278728239046, 1.0813884811535583, 1.0818830423750292, 1.0803690565294173, 1.0929793257374052, 1.0892508530448992, 1.0875891000614957, 1.0887299319372408, 1.0823675059918036, 1.089275201985014, 1.0983954716511681, 1.1025001281774818, 1.0972754555908006, 1.1206541889994475, 1.125175062802921, 1.126957186131481, 1.1241364795496167, 1.1060796387965461, 1.1022864992120847, 1.1101155344446345], 'accuracy': [0.4988272087568413, 0.5011727912431587, 0.5019546520719312, 0.49569976544175137, 0.4988272087568413, 0.4980453479280688, 0.491790461297889, 0.4988272087568413, 0.49726348709929635, 0.4980453479280688, 0.4980453479280688, 0.5121188428459734, 0.5074276778733385, 0.509773260359656, 0.509773260359656, 0.5105551211884285, 0.5105551211884285, 0.5152462861610634, 0.5089913995308835, 0.5121188428459734, 0.5144644253322909, 0.5136825645035183, 0.5152462861610634, 0.5222830336200156, 0.5324472243940579], 'auc': [0.6126244090319893, 0.6427563495554159, 0.6478191556976258, 0.6471781500143199, 0.6553070290310754, 0.667288355595523, 0.6629687389791885, 0.6633735503060076, 0.6686219124742502, 0.6784367470166348, 0.6783089640225433, 0.6736532358003906, 0.6783376572535053, 0.6774526541808379, 0.6807067396285442, 0.685116065439221, 0.6871344269681422, 0.6907618167599783, 0.6954071060285254, 0.694791849627735, 0.6958230790026636, 0.6972822073885703, 0.6966511761846812, 0.695688540166236, 0.6938004116884021]}

Epsilon = 1.17

{'loss': [1.0637531269798994, 1.0743263416499063, 1.0926661737921464, 1.092535943701642, 1.0904863739125519, 1.102278728239046, 1.0813884811535583, 1.0818830423750292, 1.0803690565294173, 1.0929793257374052, 1.0892508530448992, 1.0875891000614957, 1.0887299319372408, 1.0823675059918036, 1.089275201985014, 1.0983954716511681, 1.1025001281774818, 1.0972754555908006, 1.1206541889994475, 1.125175062802921, 1.126957186131481, 1.1241364795496167, 1.1060796387965461, 1.1022864992120847, 1.1101155344446345, 1.1187545808150117], 'accuracy': [0.4988272087568413, 0.5011727912431587, 0.5019546520719312, 0.49569976544175137, 0.4988272087568413, 0.4980453479280688, 0.491790461297889, 0.4988272087568413, 0.49726348709929635, 0.4980453479280688, 0.4980453479280688, 0.5121188428459734, 0.5074276778733385, 0.509773260359656, 0.509773260359656, 0.5105551211884285, 0.5105551211884285, 0.5152462861610634, 0.5089913995308835, 0.5121188428459734, 0.5144644253322909, 0.5136825645035183, 0.5152462861610634, 0.5222830336200156, 0.5324472243940579, 0.5301016419077405], 'auc': [0.6126244090319893, 0.6427563495554159, 0.6478191556976258, 0.6471781500143199, 0.6553070290310754, 0.667288355595523, 0.6629687389791885, 0.6633735503060076, 0.6686219124742502, 0.6784367470166348, 0.6783089640225433, 0.6736532358003906, 0.6783376572535053, 0.6774526541808379, 0.6807067396285442, 0.685116065439221, 0.6871344269681422, 0.6907618167599783, 0.6954071060285254, 0.694791849627735, 0.6958230790026636, 0.6972822073885703, 0.6966511761846812, 0.695688540166236, 0.6938004116884021, 0.6962089615513755]}

Epsilon = 1.20
[92mINFO [0m:      Sent reply
02/17/2025 16:33:51:INFO:Sent reply
[92mINFO [0m:      
02/17/2025 16:34:26:INFO:
[92mINFO [0m:      Received: train message 64161017-0899-4121-bdd1-1d7286e00cc6
02/17/2025 16:34:26:INFO:Received: train message 64161017-0899-4121-bdd1-1d7286e00cc6
/home/dgxuser16/anaconda3/envs/ihpc/lib/python3.8/site-packages/torch/nn/modules/module.py:1640: FutureWarning: Using a non-full backward hook when the forward contains multiple autograd Nodes is deprecated and will be removed in future versions. This hook will be missing some grad_input. Please use register_full_backward_hook to get the documented behavior.
  self._maybe_warn_non_full_backward_hook(args, result, grad_fn)
/home/dgxuser16/anaconda3/envs/ihpc/lib/python3.8/site-packages/opacus/accountants/analysis/rdp.py:332: UserWarning: Optimal order is the largest alpha. Please consider expanding the range of alphas to get a tighter privacy bound.
  warnings.warn(
[92mINFO [0m:      Sent reply
02/17/2025 16:34:42:INFO:Sent reply
[92mINFO [0m:      
02/17/2025 16:35:29:INFO:
[92mINFO [0m:      Received: evaluate message 65e41451-6ad9-4b24-ba74-80dc13be6af6
02/17/2025 16:35:29:INFO:Received: evaluate message 65e41451-6ad9-4b24-ba74-80dc13be6af6
[92mINFO [0m:      Sent reply
02/17/2025 16:35:33:INFO:Sent reply
[92mINFO [0m:      
02/17/2025 16:36:11:INFO:
[92mINFO [0m:      Received: train message a3d7916c-afd1-4ea3-ae12-c52d0814d65b
02/17/2025 16:36:11:INFO:Received: train message a3d7916c-afd1-4ea3-ae12-c52d0814d65b
/home/dgxuser16/anaconda3/envs/ihpc/lib/python3.8/site-packages/torch/nn/modules/module.py:1640: FutureWarning: Using a non-full backward hook when the forward contains multiple autograd Nodes is deprecated and will be removed in future versions. This hook will be missing some grad_input. Please use register_full_backward_hook to get the documented behavior.
  self._maybe_warn_non_full_backward_hook(args, result, grad_fn)
/home/dgxuser16/anaconda3/envs/ihpc/lib/python3.8/site-packages/opacus/accountants/analysis/rdp.py:332: UserWarning: Optimal order is the largest alpha. Please consider expanding the range of alphas to get a tighter privacy bound.
  warnings.warn(
[92mINFO [0m:      Sent reply
02/17/2025 16:36:25:INFO:Sent reply
[92mINFO [0m:      
02/17/2025 16:37:00:INFO:
[92mINFO [0m:      Received: evaluate message 77d878d2-65de-4cc4-ae03-4fe7d562344e
02/17/2025 16:37:00:INFO:Received: evaluate message 77d878d2-65de-4cc4-ae03-4fe7d562344e
[92mINFO [0m:      Sent reply
02/17/2025 16:37:02:INFO:Sent reply
[92mINFO [0m:      
02/17/2025 16:37:45:INFO:
[92mINFO [0m:      Received: train message ba9d36fd-31cf-4fb0-9541-17a3656c70f7
02/17/2025 16:37:45:INFO:Received: train message ba9d36fd-31cf-4fb0-9541-17a3656c70f7
/home/dgxuser16/anaconda3/envs/ihpc/lib/python3.8/site-packages/torch/nn/modules/module.py:1640: FutureWarning: Using a non-full backward hook when the forward contains multiple autograd Nodes is deprecated and will be removed in future versions. This hook will be missing some grad_input. Please use register_full_backward_hook to get the documented behavior.
  self._maybe_warn_non_full_backward_hook(args, result, grad_fn)
/home/dgxuser16/anaconda3/envs/ihpc/lib/python3.8/site-packages/opacus/accountants/analysis/rdp.py:332: UserWarning: Optimal order is the largest alpha. Please consider expanding the range of alphas to get a tighter privacy bound.
  warnings.warn(
[92mINFO [0m:      Sent reply
02/17/2025 16:38:06:INFO:Sent reply
[92mINFO [0m:      
02/17/2025 16:38:48:INFO:
[92mINFO [0m:      Received: evaluate message a31507af-9fe1-4408-a08c-7c575ffdb7da
02/17/2025 16:38:48:INFO:Received: evaluate message a31507af-9fe1-4408-a08c-7c575ffdb7da
[92mINFO [0m:      Sent reply
02/17/2025 16:38:50:INFO:Sent reply
[92mINFO [0m:      
02/17/2025 16:38:56:INFO:
[92mINFO [0m:      Received: reconnect message 8545822f-e60a-498a-8de1-25b119bfaf39
02/17/2025 16:38:56:INFO:Received: reconnect message 8545822f-e60a-498a-8de1-25b119bfaf39
02/17/2025 16:38:56:DEBUG:gRPC channel closed
[92mINFO [0m:      Disconnect and shut down
02/17/2025 16:38:56:INFO:Disconnect and shut down

{'loss': [1.0637531269798994, 1.0743263416499063, 1.0926661737921464, 1.092535943701642, 1.0904863739125519, 1.102278728239046, 1.0813884811535583, 1.0818830423750292, 1.0803690565294173, 1.0929793257374052, 1.0892508530448992, 1.0875891000614957, 1.0887299319372408, 1.0823675059918036, 1.089275201985014, 1.0983954716511681, 1.1025001281774818, 1.0972754555908006, 1.1206541889994475, 1.125175062802921, 1.126957186131481, 1.1241364795496167, 1.1060796387965461, 1.1022864992120847, 1.1101155344446345, 1.1187545808150117, 1.124406994554193], 'accuracy': [0.4988272087568413, 0.5011727912431587, 0.5019546520719312, 0.49569976544175137, 0.4988272087568413, 0.4980453479280688, 0.491790461297889, 0.4988272087568413, 0.49726348709929635, 0.4980453479280688, 0.4980453479280688, 0.5121188428459734, 0.5074276778733385, 0.509773260359656, 0.509773260359656, 0.5105551211884285, 0.5105551211884285, 0.5152462861610634, 0.5089913995308835, 0.5121188428459734, 0.5144644253322909, 0.5136825645035183, 0.5152462861610634, 0.5222830336200156, 0.5324472243940579, 0.5301016419077405, 0.5379202501954652], 'auc': [0.6126244090319893, 0.6427563495554159, 0.6478191556976258, 0.6471781500143199, 0.6553070290310754, 0.667288355595523, 0.6629687389791885, 0.6633735503060076, 0.6686219124742502, 0.6784367470166348, 0.6783089640225433, 0.6736532358003906, 0.6783376572535053, 0.6774526541808379, 0.6807067396285442, 0.685116065439221, 0.6871344269681422, 0.6907618167599783, 0.6954071060285254, 0.694791849627735, 0.6958230790026636, 0.6972822073885703, 0.6966511761846812, 0.695688540166236, 0.6938004116884021, 0.6962089615513755, 0.6946608026939289]}

Epsilon = 1.22

{'loss': [1.0637531269798994, 1.0743263416499063, 1.0926661737921464, 1.092535943701642, 1.0904863739125519, 1.102278728239046, 1.0813884811535583, 1.0818830423750292, 1.0803690565294173, 1.0929793257374052, 1.0892508530448992, 1.0875891000614957, 1.0887299319372408, 1.0823675059918036, 1.089275201985014, 1.0983954716511681, 1.1025001281774818, 1.0972754555908006, 1.1206541889994475, 1.125175062802921, 1.126957186131481, 1.1241364795496167, 1.1060796387965461, 1.1022864992120847, 1.1101155344446345, 1.1187545808150117, 1.124406994554193, 1.1268121165815417], 'accuracy': [0.4988272087568413, 0.5011727912431587, 0.5019546520719312, 0.49569976544175137, 0.4988272087568413, 0.4980453479280688, 0.491790461297889, 0.4988272087568413, 0.49726348709929635, 0.4980453479280688, 0.4980453479280688, 0.5121188428459734, 0.5074276778733385, 0.509773260359656, 0.509773260359656, 0.5105551211884285, 0.5105551211884285, 0.5152462861610634, 0.5089913995308835, 0.5121188428459734, 0.5144644253322909, 0.5136825645035183, 0.5152462861610634, 0.5222830336200156, 0.5324472243940579, 0.5301016419077405, 0.5379202501954652, 0.5191555903049258], 'auc': [0.6126244090319893, 0.6427563495554159, 0.6478191556976258, 0.6471781500143199, 0.6553070290310754, 0.667288355595523, 0.6629687389791885, 0.6633735503060076, 0.6686219124742502, 0.6784367470166348, 0.6783089640225433, 0.6736532358003906, 0.6783376572535053, 0.6774526541808379, 0.6807067396285442, 0.685116065439221, 0.6871344269681422, 0.6907618167599783, 0.6954071060285254, 0.694791849627735, 0.6958230790026636, 0.6972822073885703, 0.6966511761846812, 0.695688540166236, 0.6938004116884021, 0.6962089615513755, 0.6946608026939289, 0.7022441217388641]}

Epsilon = 1.25

{'loss': [1.0637531269798994, 1.0743263416499063, 1.0926661737921464, 1.092535943701642, 1.0904863739125519, 1.102278728239046, 1.0813884811535583, 1.0818830423750292, 1.0803690565294173, 1.0929793257374052, 1.0892508530448992, 1.0875891000614957, 1.0887299319372408, 1.0823675059918036, 1.089275201985014, 1.0983954716511681, 1.1025001281774818, 1.0972754555908006, 1.1206541889994475, 1.125175062802921, 1.126957186131481, 1.1241364795496167, 1.1060796387965461, 1.1022864992120847, 1.1101155344446345, 1.1187545808150117, 1.124406994554193, 1.1268121165815417, 1.1268979393009846], 'accuracy': [0.4988272087568413, 0.5011727912431587, 0.5019546520719312, 0.49569976544175137, 0.4988272087568413, 0.4980453479280688, 0.491790461297889, 0.4988272087568413, 0.49726348709929635, 0.4980453479280688, 0.4980453479280688, 0.5121188428459734, 0.5074276778733385, 0.509773260359656, 0.509773260359656, 0.5105551211884285, 0.5105551211884285, 0.5152462861610634, 0.5089913995308835, 0.5121188428459734, 0.5144644253322909, 0.5136825645035183, 0.5152462861610634, 0.5222830336200156, 0.5324472243940579, 0.5301016419077405, 0.5379202501954652, 0.5191555903049258, 0.5207193119624707], 'auc': [0.6126244090319893, 0.6427563495554159, 0.6478191556976258, 0.6471781500143199, 0.6553070290310754, 0.667288355595523, 0.6629687389791885, 0.6633735503060076, 0.6686219124742502, 0.6784367470166348, 0.6783089640225433, 0.6736532358003906, 0.6783376572535053, 0.6774526541808379, 0.6807067396285442, 0.685116065439221, 0.6871344269681422, 0.6907618167599783, 0.6954071060285254, 0.694791849627735, 0.6958230790026636, 0.6972822073885703, 0.6966511761846812, 0.695688540166236, 0.6938004116884021, 0.6962089615513755, 0.6946608026939289, 0.7022441217388641, 0.702057647134709]}

Epsilon = 1.27

{'loss': [1.0637531269798994, 1.0743263416499063, 1.0926661737921464, 1.092535943701642, 1.0904863739125519, 1.102278728239046, 1.0813884811535583, 1.0818830423750292, 1.0803690565294173, 1.0929793257374052, 1.0892508530448992, 1.0875891000614957, 1.0887299319372408, 1.0823675059918036, 1.089275201985014, 1.0983954716511681, 1.1025001281774818, 1.0972754555908006, 1.1206541889994475, 1.125175062802921, 1.126957186131481, 1.1241364795496167, 1.1060796387965461, 1.1022864992120847, 1.1101155344446345, 1.1187545808150117, 1.124406994554193, 1.1268121165815417, 1.1268979393009846, 1.133416988264312], 'accuracy': [0.4988272087568413, 0.5011727912431587, 0.5019546520719312, 0.49569976544175137, 0.4988272087568413, 0.4980453479280688, 0.491790461297889, 0.4988272087568413, 0.49726348709929635, 0.4980453479280688, 0.4980453479280688, 0.5121188428459734, 0.5074276778733385, 0.509773260359656, 0.509773260359656, 0.5105551211884285, 0.5105551211884285, 0.5152462861610634, 0.5089913995308835, 0.5121188428459734, 0.5144644253322909, 0.5136825645035183, 0.5152462861610634, 0.5222830336200156, 0.5324472243940579, 0.5301016419077405, 0.5379202501954652, 0.5191555903049258, 0.5207193119624707, 0.5199374511336982], 'auc': [0.6126244090319893, 0.6427563495554159, 0.6478191556976258, 0.6471781500143199, 0.6553070290310754, 0.667288355595523, 0.6629687389791885, 0.6633735503060076, 0.6686219124742502, 0.6784367470166348, 0.6783089640225433, 0.6736532358003906, 0.6783376572535053, 0.6774526541808379, 0.6807067396285442, 0.685116065439221, 0.6871344269681422, 0.6907618167599783, 0.6954071060285254, 0.694791849627735, 0.6958230790026636, 0.6972822073885703, 0.6966511761846812, 0.695688540166236, 0.6938004116884021, 0.6962089615513755, 0.6946608026939289, 0.7022441217388641, 0.702057647134709, 0.7022163031596463]}



{'loss': [1.0637531269798994, 1.0743263416499063, 1.0926661737921464, 1.092535943701642, 1.0904863739125519, 1.102278728239046, 1.0813884811535583, 1.0818830423750292, 1.0803690565294173, 1.0929793257374052, 1.0892508530448992, 1.0875891000614957, 1.0887299319372408, 1.0823675059918036, 1.089275201985014, 1.0983954716511681, 1.1025001281774818, 1.0972754555908006, 1.1206541889994475, 1.125175062802921, 1.126957186131481, 1.1241364795496167, 1.1060796387965461, 1.1022864992120847, 1.1101155344446345, 1.1187545808150117, 1.124406994554193, 1.1268121165815417, 1.1268979393009846, 1.133416988264312], 'accuracy': [0.4988272087568413, 0.5011727912431587, 0.5019546520719312, 0.49569976544175137, 0.4988272087568413, 0.4980453479280688, 0.491790461297889, 0.4988272087568413, 0.49726348709929635, 0.4980453479280688, 0.4980453479280688, 0.5121188428459734, 0.5074276778733385, 0.509773260359656, 0.509773260359656, 0.5105551211884285, 0.5105551211884285, 0.5152462861610634, 0.5089913995308835, 0.5121188428459734, 0.5144644253322909, 0.5136825645035183, 0.5152462861610634, 0.5222830336200156, 0.5324472243940579, 0.5301016419077405, 0.5379202501954652, 0.5191555903049258, 0.5207193119624707, 0.5199374511336982], 'auc': [0.6126244090319893, 0.6427563495554159, 0.6478191556976258, 0.6471781500143199, 0.6553070290310754, 0.667288355595523, 0.6629687389791885, 0.6633735503060076, 0.6686219124742502, 0.6784367470166348, 0.6783089640225433, 0.6736532358003906, 0.6783376572535053, 0.6774526541808379, 0.6807067396285442, 0.685116065439221, 0.6871344269681422, 0.6907618167599783, 0.6954071060285254, 0.694791849627735, 0.6958230790026636, 0.6972822073885703, 0.6966511761846812, 0.695688540166236, 0.6938004116884021, 0.6962089615513755, 0.6946608026939289, 0.7022441217388641, 0.702057647134709, 0.7022163031596463]}
