nohup: ignoring input
WARNING: All log messages before absl::InitializeLog() is called are written to STDERR
I0000 00:00:1739093365.685345 2523642 fork_posix.cc:75] Other threads are currently calling into gRPC, skipping fork() handlers
/home/dgxuser16/anaconda3/envs/ihpc/lib/python3.8/site-packages/albumentations/__init__.py:13: UserWarning: A new version of Albumentations is available: 2.0.3 (you have 1.4.18). Upgrade using: pip install -U albumentations. To disable automatic update checks, set the environment variable NO_ALBUMENTATIONS_UPDATE to 1.
  check_for_updates()
/raid/home/dgxuser16/NTL/mccarthy/ahmad/github/adaptive_privacy_fl/isic/without_dp/flamby/datasets/fed_isic2019/dataset.py:222: DeprecationWarning: Flip is deprecated. Consider using HorizontalFlip, VerticalFlip, RandomRotate90 or D4.
  albumentations.Flip(p=0.5),
/home/dgxuser16/anaconda3/envs/ihpc/lib/python3.8/site-packages/pydantic/main.py:214: DeprecationWarning: `max_holes` is deprecated. Use num_holes_range instead.
  validated_self = self.__pydantic_validator__.validate_python(data, self_instance=self)
/home/dgxuser16/anaconda3/envs/ihpc/lib/python3.8/site-packages/pydantic/main.py:214: DeprecationWarning: `max_height` is deprecated. Use hole_height_range instead.
  validated_self = self.__pydantic_validator__.validate_python(data, self_instance=self)
/home/dgxuser16/anaconda3/envs/ihpc/lib/python3.8/site-packages/pydantic/main.py:214: DeprecationWarning: `max_width` is deprecated. Use hole_width_range instead.
  validated_self = self.__pydantic_validator__.validate_python(data, self_instance=self)
/home/dgxuser16/anaconda3/envs/ihpc/lib/python3.8/site-packages/albumentations/core/validation.py:45: DeprecationWarning: always_apply is deprecated. Use `p=1` if you want to always apply the transform. self.p will be set to 1.
  original_init(self, **validated_kwargs)
/home/dgxuser16/anaconda3/envs/ihpc/lib/python3.8/site-packages/albumentations/core/validation.py:45: DeprecationWarning: always_apply is deprecated. Use `p=1` if you want to always apply the transform. self.p will be set to 1.
  original_init(self, **validated_kwargs)
[92mINFO [0m:      
[92mINFO [0m:      Received: train message 19f476ac-2b67-48bf-b7db-0fbe7132b621
[92mINFO [0m:      Sent reply
[92mINFO [0m:      
[92mINFO [0m:      Received: evaluate message 5ce2da00-642c-4bdc-83b5-dfa2e8910b55
[92mINFO [0m:      Sent reply
[92mINFO [0m:      
[92mINFO [0m:      Received: train message d006c53d-a2ae-4cbe-bb98-f5870850b3c5
[92mINFO [0m:      Sent reply
[92mINFO [0m:      
[92mINFO [0m:      Received: evaluate message e4d3d98a-716b-4c48-8f89-dc027f072229
[92mINFO [0m:      Sent reply
[92mINFO [0m:      
[92mINFO [0m:      Received: train message 31561603-1301-4cbe-b41c-1c7cf35cc7bb
[92mINFO [0m:      Sent reply
[92mINFO [0m:      
[92mINFO [0m:      Received: evaluate message 821a8240-b927-465b-b7c8-045100aa37e8
[92mINFO [0m:      Sent reply
[92mINFO [0m:      
[92mINFO [0m:      Received: train message e02f8f88-c6fd-4739-9f04-d4ac75fb8efc
[92mINFO [0m:      Sent reply
[92mINFO [0m:      
[92mINFO [0m:      Received: evaluate message ea91448a-f0b1-426d-9c97-08dbc394797a
[92mINFO [0m:      Sent reply
[92mINFO [0m:      
[92mINFO [0m:      Received: train message 26381682-57b0-494a-8d8a-7f23062d0ef1
[92mINFO [0m:      Sent reply
[92mINFO [0m:      
[92mINFO [0m:      Received: evaluate message e1e78282-dc44-4821-8da3-4c44fb536bf9
[92mINFO [0m:      Sent reply
[92mINFO [0m:      
[92mINFO [0m:      Received: train message b6cd5fc4-49ec-478c-9009-a48414ccccea
[92mINFO [0m:      Sent reply
[92mINFO [0m:      
[92mINFO [0m:      Received: evaluate message 86d82834-465b-496c-abbe-eb7c8b306b3d
[92mINFO [0m:      Sent reply
[92mINFO [0m:      
[92mINFO [0m:      Received: train message 32ae6b13-4266-4c3d-b9c3-73811c26ab78
[92mINFO [0m:      Sent reply
[92mINFO [0m:      
[92mINFO [0m:      Received: evaluate message 09a826b6-a10f-46de-86ea-a9e3acf34ca7
[92mINFO [0m:      Sent reply
[92mINFO [0m:      
[92mINFO [0m:      Received: train message b93567b6-871f-4497-a246-e5c2dd706c2b
[92mINFO [0m:      Sent reply
[92mINFO [0m:      
[92mINFO [0m:      Received: evaluate message b1364011-0229-4a9e-9fb8-2d4b39fa64bc
[92mINFO [0m:      Sent reply
[92mINFO [0m:      
[92mINFO [0m:      Received: train message e66e66ce-4d66-47a3-b34f-f855a083c2e0
[92mINFO [0m:      Sent reply
[92mINFO [0m:      
[92mINFO [0m:      Received: evaluate message 40265cbd-9044-4cb0-8908-f4020a422994
[92mINFO [0m:      Sent reply
[92mINFO [0m:      
[92mINFO [0m:      Received: train message 4c996a55-0bde-44a0-9775-d451f263a5c0
[92mINFO [0m:      Sent reply
[92mINFO [0m:      
[92mINFO [0m:      Received: evaluate message 5e42cc7d-65e8-4528-9a10-4fbf0658f669
[92mINFO [0m:      Sent reply
[92mINFO [0m:      
[92mINFO [0m:      Received: train message f9e13f6b-dd89-4998-aae9-111a4fc1e21d
[92mINFO [0m:      Sent reply
[92mINFO [0m:      
[92mINFO [0m:      Received: evaluate message 71273450-d5ff-44a0-beb6-8d72608982ce
['/raid/home/dgxuser16/NTL/mccarthy/ahmad/github/adaptive_privacy_fl/isic/without_dp', '/home/dgxuser16/anaconda3/envs/ihpc/lib/python38.zip', '/home/dgxuser16/anaconda3/envs/ihpc/lib/python3.8', '/home/dgxuser16/anaconda3/envs/ihpc/lib/python3.8/lib-dynload', '/home/dgxuser16/anaconda3/envs/ihpc/lib/python3.8/site-packages', '/raid/home/dgxuser16/NTL/mccarthy/ahmad/github/adaptive_privacy_fl/isic/without_dp']
Device: cuda:0
Client Name: client_5
Params: {'batch_size': 32, 'local_epochs': 3, 'full_dataset_size': 18597, 'number_of_classes': 8}
Training the model with the following parameters:
Epochs: 3, Trainloader Size: 655, Optimizer: Adam (
Parameter Group 0
    amsgrad: False
    betas: (0.9, 0.999)
    capturable: False
    differentiable: False
    eps: 1e-08
    foreach: None
    fused: None
    lr: 0.001
    maximize: False
    weight_decay: 0
)


{'loss': [1.163260932152088], 'accuracy': [0.5799436165928312], 'auc': [0.8750455166385547]}

Training the model with the following parameters:
Epochs: 3, Trainloader Size: 655, Optimizer: Adam (
Parameter Group 0
    amsgrad: False
    betas: (0.9, 0.999)
    capturable: False
    differentiable: False
    eps: 1e-08
    foreach: None
    fused: None
    lr: 0.001
    maximize: False
    weight_decay: 0
)


{'loss': [1.163260932152088, 1.07604313667292], 'accuracy': [0.5799436165928312, 0.6165928312525171], 'auc': [0.8750455166385547, 0.8938255168118945]}

Training the model with the following parameters:
Epochs: 3, Trainloader Size: 655, Optimizer: Adam (
Parameter Group 0
    amsgrad: False
    betas: (0.9, 0.999)
    capturable: False
    differentiable: False
    eps: 1e-08
    foreach: None
    fused: None
    lr: 0.001
    maximize: False
    weight_decay: 0
)


{'loss': [1.163260932152088, 1.07604313667292, 1.052242309035095], 'accuracy': [0.5799436165928312, 0.6165928312525171, 0.6278695126862666], 'auc': [0.8750455166385547, 0.8938255168118945, 0.9001907958003581]}

Training the model with the following parameters:
Epochs: 3, Trainloader Size: 655, Optimizer: Adam (
Parameter Group 0
    amsgrad: False
    betas: (0.9, 0.999)
    capturable: False
    differentiable: False
    eps: 1e-08
    foreach: None
    fused: None
    lr: 0.001
    maximize: False
    weight_decay: 0
)


{'loss': [1.163260932152088, 1.07604313667292, 1.052242309035095, 1.0276961675873217], 'accuracy': [0.5799436165928312, 0.6165928312525171, 0.6278695126862666, 0.6367297623842126], 'auc': [0.8750455166385547, 0.8938255168118945, 0.9001907958003581, 0.9036864831696778]}

Training the model with the following parameters:
Epochs: 3, Trainloader Size: 655, Optimizer: Adam (
Parameter Group 0
    amsgrad: False
    betas: (0.9, 0.999)
    capturable: False
    differentiable: False
    eps: 1e-08
    foreach: None
    fused: None
    lr: 0.001
    maximize: False
    weight_decay: 0
)


{'loss': [1.163260932152088, 1.07604313667292, 1.052242309035095, 1.0276961675873217, 1.0293097165962692], 'accuracy': [0.5799436165928312, 0.6165928312525171, 0.6278695126862666, 0.6367297623842126, 0.6363270237615787], 'auc': [0.8750455166385547, 0.8938255168118945, 0.9001907958003581, 0.9036864831696778, 0.905951554966131]}

Training the model with the following parameters:
Epochs: 3, Trainloader Size: 655, Optimizer: Adam (
Parameter Group 0
    amsgrad: False
    betas: (0.9, 0.999)
    capturable: False
    differentiable: False
    eps: 1e-08
    foreach: None
    fused: None
    lr: 0.001
    maximize: False
    weight_decay: 0
)


{'loss': [1.163260932152088, 1.07604313667292, 1.052242309035095, 1.0276961675873217, 1.0293097165962692, 1.0207698544426593], 'accuracy': [0.5799436165928312, 0.6165928312525171, 0.6278695126862666, 0.6367297623842126, 0.6363270237615787, 0.63954893274265], 'auc': [0.8750455166385547, 0.8938255168118945, 0.9001907958003581, 0.9036864831696778, 0.905951554966131, 0.9079111259764033]}

Training the model with the following parameters:
Epochs: 3, Trainloader Size: 655, Optimizer: Adam (
Parameter Group 0
    amsgrad: False
    betas: (0.9, 0.999)
    capturable: False
    differentiable: False
    eps: 1e-08
    foreach: None
    fused: None
    lr: 0.001
    maximize: False
    weight_decay: 0
)


{'loss': [1.163260932152088, 1.07604313667292, 1.052242309035095, 1.0276961675873217, 1.0293097165962692, 1.0207698544426593, 1.0108113345531413], 'accuracy': [0.5799436165928312, 0.6165928312525171, 0.6278695126862666, 0.6367297623842126, 0.6363270237615787, 0.63954893274265, 0.6407571486105518], 'auc': [0.8750455166385547, 0.8938255168118945, 0.9001907958003581, 0.9036864831696778, 0.905951554966131, 0.9079111259764033, 0.9090850466809979]}

Training the model with the following parameters:
Epochs: 3, Trainloader Size: 655, Optimizer: Adam (
Parameter Group 0
    amsgrad: False
    betas: (0.9, 0.999)
    capturable: False
    differentiable: False
    eps: 1e-08
    foreach: None
    fused: None
    lr: 0.001
    maximize: False
    weight_decay: 0
)


{'loss': [1.163260932152088, 1.07604313667292, 1.052242309035095, 1.0276961675873217, 1.0293097165962692, 1.0207698544426593, 1.0108113345531413, 1.0011796943612317], 'accuracy': [0.5799436165928312, 0.6165928312525171, 0.6278695126862666, 0.6367297623842126, 0.6363270237615787, 0.63954893274265, 0.6407571486105518, 0.6451872734595248], 'auc': [0.8750455166385547, 0.8938255168118945, 0.9001907958003581, 0.9036864831696778, 0.905951554966131, 0.9079111259764033, 0.9090850466809979, 0.9106233866684077]}

Training the model with the following parameters:
Epochs: 3, Trainloader Size: 655, Optimizer: Adam (
Parameter Group 0
    amsgrad: False
    betas: (0.9, 0.999)
    capturable: False
    differentiable: False
    eps: 1e-08
    foreach: None
    fused: None
    lr: 0.001
    maximize: False
    weight_decay: 0
)


{'loss': [1.163260932152088, 1.07604313667292, 1.052242309035095, 1.0276961675873217, 1.0293097165962692, 1.0207698544426593, 1.0108113345531413, 1.0011796943612317, 0.9945136109187724], 'accuracy': [0.5799436165928312, 0.6165928312525171, 0.6278695126862666, 0.6367297623842126, 0.6363270237615787, 0.63954893274265, 0.6407571486105518, 0.6451872734595248, 0.6455900120821587], 'auc': [0.8750455166385547, 0.8938255168118945, 0.9001907958003581, 0.9036864831696778, 0.905951554966131, 0.9079111259764033, 0.9090850466809979, 0.9106233866684077, 0.9119040778724607]}

Training the model with the following parameters:
Epochs: 3, Trainloader Size: 655, Optimizer: Adam (
Parameter Group 0
    amsgrad: False
    betas: (0.9, 0.999)
    capturable: False
    differentiable: False
    eps: 1e-08
    foreach: None
    fused: None
    lr: 0.001
    maximize: False
    weight_decay: 0
)


{'loss': [1.163260932152088, 1.07604313667292, 1.052242309035095, 1.0276961675873217, 1.0293097165962692, 1.0207698544426593, 1.0108113345531413, 1.0011796943612317, 0.9945136109187724, 1.003689945512273], 'accuracy': [0.5799436165928312, 0.6165928312525171, 0.6278695126862666, 0.6367297623842126, 0.6363270237615787, 0.63954893274265, 0.6407571486105518, 0.6451872734595248, 0.6455900120821587, 0.6423681031010874], 'auc': [0.8750455166385547, 0.8938255168118945, 0.9001907958003581, 0.9036864831696778, 0.905951554966131, 0.9079111259764033, 0.9090850466809979, 0.9106233866684077, 0.9119040778724607, 0.9122674127974764]}

Training the model with the following parameters:
Epochs: 3, Trainloader Size: 655, Optimizer: Adam (
Parameter Group 0
    amsgrad: False
    betas: (0.9, 0.999)
    capturable: False
    differentiable: False
    eps: 1e-08
    foreach: None
    fused: None
    lr: 0.001
    maximize: False
    weight_decay: 0
)

[92mINFO [0m:      Sent reply
[92mINFO [0m:      
[92mINFO [0m:      Received: train message 08410c5d-0297-4354-842d-d8acb6ccbcde
[92mINFO [0m:      Sent reply
[92mINFO [0m:      
[92mINFO [0m:      Received: evaluate message 386e7ec1-9f69-4822-9943-40a97fcf1bb5
[92mINFO [0m:      Sent reply
[92mINFO [0m:      
[92mINFO [0m:      Received: train message 84e12289-4a2a-43d4-9632-4e1057c67337
[92mINFO [0m:      Sent reply
[92mINFO [0m:      
[92mINFO [0m:      Received: evaluate message 16297a30-b62a-44cc-9d38-ccfb9244b6cb
[92mINFO [0m:      Sent reply
[92mINFO [0m:      
[92mINFO [0m:      Received: train message 5e459f06-42e3-42c7-b68a-0b5fd5ee5082
[92mINFO [0m:      Sent reply
[92mINFO [0m:      
[92mINFO [0m:      Received: evaluate message 7eb7e960-6df6-442c-95bd-0a5d6a5b6cec
[92mINFO [0m:      Sent reply
[92mINFO [0m:      
[92mINFO [0m:      Received: train message f5bb428a-a966-4b84-a7e6-2ab013c49bd5
[92mINFO [0m:      Sent reply
[92mINFO [0m:      
[92mINFO [0m:      Received: evaluate message 36097ce9-27eb-40bf-a944-d88a56dc5f20
[92mINFO [0m:      Sent reply
[92mINFO [0m:      
[92mINFO [0m:      Received: train message afaccdd3-e5f8-448a-8a04-7701bc97a159
[92mINFO [0m:      Sent reply
[92mINFO [0m:      
[92mINFO [0m:      Received: evaluate message a238160a-2bed-4fe2-8030-393364b31ae2
[92mINFO [0m:      Sent reply
[92mINFO [0m:      
[92mINFO [0m:      Received: train message b6cbbf8e-f5ba-4e9e-b2cc-c959eb157230
[92mINFO [0m:      Sent reply
[92mINFO [0m:      
[92mINFO [0m:      Received: evaluate message 5c18c956-2da8-4223-8d32-d5bccc64beb7
[92mINFO [0m:      Sent reply
[92mINFO [0m:      
[92mINFO [0m:      Received: train message e88eb87b-f5ef-4f05-913f-0f0347d13f8d

{'loss': [1.163260932152088, 1.07604313667292, 1.052242309035095, 1.0276961675873217, 1.0293097165962692, 1.0207698544426593, 1.0108113345531413, 1.0011796943612317, 0.9945136109187724, 1.003689945512273, 1.007911462362284], 'accuracy': [0.5799436165928312, 0.6165928312525171, 0.6278695126862666, 0.6367297623842126, 0.6363270237615787, 0.63954893274265, 0.6407571486105518, 0.6451872734595248, 0.6455900120821587, 0.6423681031010874, 0.6480064438179621], 'auc': [0.8750455166385547, 0.8938255168118945, 0.9001907958003581, 0.9036864831696778, 0.905951554966131, 0.9079111259764033, 0.9090850466809979, 0.9106233866684077, 0.9119040778724607, 0.9122674127974764, 0.9129772686887588]}

Training the model with the following parameters:
Epochs: 3, Trainloader Size: 655, Optimizer: Adam (
Parameter Group 0
    amsgrad: False
    betas: (0.9, 0.999)
    capturable: False
    differentiable: False
    eps: 1e-08
    foreach: None
    fused: None
    lr: 0.001
    maximize: False
    weight_decay: 0
)


{'loss': [1.163260932152088, 1.07604313667292, 1.052242309035095, 1.0276961675873217, 1.0293097165962692, 1.0207698544426593, 1.0108113345531413, 1.0011796943612317, 0.9945136109187724, 1.003689945512273, 1.007911462362284, 0.995656471217874], 'accuracy': [0.5799436165928312, 0.6165928312525171, 0.6278695126862666, 0.6367297623842126, 0.6363270237615787, 0.63954893274265, 0.6407571486105518, 0.6451872734595248, 0.6455900120821587, 0.6423681031010874, 0.6480064438179621, 0.6524365686669351], 'auc': [0.8750455166385547, 0.8938255168118945, 0.9001907958003581, 0.9036864831696778, 0.905951554966131, 0.9079111259764033, 0.9090850466809979, 0.9106233866684077, 0.9119040778724607, 0.9122674127974764, 0.9129772686887588, 0.9143723180297936]}

Training the model with the following parameters:
Epochs: 3, Trainloader Size: 655, Optimizer: Adam (
Parameter Group 0
    amsgrad: False
    betas: (0.9, 0.999)
    capturable: False
    differentiable: False
    eps: 1e-08
    foreach: None
    fused: None
    lr: 0.001
    maximize: False
    weight_decay: 0
)


{'loss': [1.163260932152088, 1.07604313667292, 1.052242309035095, 1.0276961675873217, 1.0293097165962692, 1.0207698544426593, 1.0108113345531413, 1.0011796943612317, 0.9945136109187724, 1.003689945512273, 1.007911462362284, 0.995656471217874, 0.9922920326959976], 'accuracy': [0.5799436165928312, 0.6165928312525171, 0.6278695126862666, 0.6367297623842126, 0.6363270237615787, 0.63954893274265, 0.6407571486105518, 0.6451872734595248, 0.6455900120821587, 0.6423681031010874, 0.6480064438179621, 0.6524365686669351, 0.6524365686669351], 'auc': [0.8750455166385547, 0.8938255168118945, 0.9001907958003581, 0.9036864831696778, 0.905951554966131, 0.9079111259764033, 0.9090850466809979, 0.9106233866684077, 0.9119040778724607, 0.9122674127974764, 0.9129772686887588, 0.9143723180297936, 0.9144118089183703]}

Training the model with the following parameters:
Epochs: 3, Trainloader Size: 655, Optimizer: Adam (
Parameter Group 0
    amsgrad: False
    betas: (0.9, 0.999)
    capturable: False
    differentiable: False
    eps: 1e-08
    foreach: None
    fused: None
    lr: 0.001
    maximize: False
    weight_decay: 0
)


{'loss': [1.163260932152088, 1.07604313667292, 1.052242309035095, 1.0276961675873217, 1.0293097165962692, 1.0207698544426593, 1.0108113345531413, 1.0011796943612317, 0.9945136109187724, 1.003689945512273, 1.007911462362284, 0.995656471217874, 0.9922920326959976, 1.002761429253001], 'accuracy': [0.5799436165928312, 0.6165928312525171, 0.6278695126862666, 0.6367297623842126, 0.6363270237615787, 0.63954893274265, 0.6407571486105518, 0.6451872734595248, 0.6455900120821587, 0.6423681031010874, 0.6480064438179621, 0.6524365686669351, 0.6524365686669351, 0.6512283527990335], 'auc': [0.8750455166385547, 0.8938255168118945, 0.9001907958003581, 0.9036864831696778, 0.905951554966131, 0.9079111259764033, 0.9090850466809979, 0.9106233866684077, 0.9119040778724607, 0.9122674127974764, 0.9129772686887588, 0.9143723180297936, 0.9144118089183703, 0.9146802851614466]}

Training the model with the following parameters:
Epochs: 3, Trainloader Size: 655, Optimizer: Adam (
Parameter Group 0
    amsgrad: False
    betas: (0.9, 0.999)
    capturable: False
    differentiable: False
    eps: 1e-08
    foreach: None
    fused: None
    lr: 0.001
    maximize: False
    weight_decay: 0
)


{'loss': [1.163260932152088, 1.07604313667292, 1.052242309035095, 1.0276961675873217, 1.0293097165962692, 1.0207698544426593, 1.0108113345531413, 1.0011796943612317, 0.9945136109187724, 1.003689945512273, 1.007911462362284, 0.995656471217874, 0.9922920326959976, 1.002761429253001, 1.0003686868707546], 'accuracy': [0.5799436165928312, 0.6165928312525171, 0.6278695126862666, 0.6367297623842126, 0.6363270237615787, 0.63954893274265, 0.6407571486105518, 0.6451872734595248, 0.6455900120821587, 0.6423681031010874, 0.6480064438179621, 0.6524365686669351, 0.6524365686669351, 0.6512283527990335, 0.653242045912203], 'auc': [0.8750455166385547, 0.8938255168118945, 0.9001907958003581, 0.9036864831696778, 0.905951554966131, 0.9079111259764033, 0.9090850466809979, 0.9106233866684077, 0.9119040778724607, 0.9122674127974764, 0.9129772686887588, 0.9143723180297936, 0.9144118089183703, 0.9146802851614466, 0.9150238009144132]}

Training the model with the following parameters:
Epochs: 3, Trainloader Size: 655, Optimizer: Adam (
Parameter Group 0
    amsgrad: False
    betas: (0.9, 0.999)
    capturable: False
    differentiable: False
    eps: 1e-08
    foreach: None
    fused: None
    lr: 0.001
    maximize: False
    weight_decay: 0
)


{'loss': [1.163260932152088, 1.07604313667292, 1.052242309035095, 1.0276961675873217, 1.0293097165962692, 1.0207698544426593, 1.0108113345531413, 1.0011796943612317, 0.9945136109187724, 1.003689945512273, 1.007911462362284, 0.995656471217874, 0.9922920326959976, 1.002761429253001, 1.0003686868707546, 1.0054924400208989], 'accuracy': [0.5799436165928312, 0.6165928312525171, 0.6278695126862666, 0.6367297623842126, 0.6363270237615787, 0.63954893274265, 0.6407571486105518, 0.6451872734595248, 0.6455900120821587, 0.6423681031010874, 0.6480064438179621, 0.6524365686669351, 0.6524365686669351, 0.6512283527990335, 0.653242045912203, 0.6528393072895691], 'auc': [0.8750455166385547, 0.8938255168118945, 0.9001907958003581, 0.9036864831696778, 0.905951554966131, 0.9079111259764033, 0.9090850466809979, 0.9106233866684077, 0.9119040778724607, 0.9122674127974764, 0.9129772686887588, 0.9143723180297936, 0.9144118089183703, 0.9146802851614466, 0.9150238009144132, 0.9154632622096205]}

Training the model with the following parameters:
Epochs: 3, Trainloader Size: 655, Optimizer: Adam (
Parameter Group 0
    amsgrad: False
    betas: (0.9, 0.999)
    capturable: False
    differentiable: False
    eps: 1e-08
    foreach: None
    fused: None
    lr: 0.001
    maximize: False
    weight_decay: 0
)


{'loss': [1.163260932152088, 1.07604313667292, 1.052242309035095, 1.0276961675873217, 1.0293097165962692, 1.0207698544426593, 1.0108113345531413, 1.0011796943612317, 0.9945136109187724, 1.003689945512273, 1.007911462362284, 0.995656471217874, 0.9922920326959976, 1.002761429253001, 1.0003686868707546, 1.0054924400208989, 0.988154316111721], 'accuracy': [0.5799436165928312, 0.6165928312525171, 0.6278695126862666, 0.6367297623842126, 0.6363270237615787, 0.63954893274265, 0.6407571486105518, 0.6451872734595248, 0.6455900120821587, 0.6423681031010874, 0.6480064438179621, 0.6524365686669351, 0.6524365686669351, 0.6512283527990335, 0.653242045912203, 0.6528393072895691, 0.6560612162706404], 'auc': [0.8750455166385547, 0.8938255168118945, 0.9001907958003581, 0.9036864831696778, 0.905951554966131, 0.9079111259764033, 0.9090850466809979, 0.9106233866684077, 0.9119040778724607, 0.9122674127974764, 0.9129772686887588, 0.9143723180297936, 0.9144118089183703, 0.9146802851614466, 0.9150238009144132, 0.9154632622096205, 0.9163068554543512]}

Training the model with the following parameters:
[92mINFO [0m:      Sent reply
