nohup: ignoring input
nohup: ignoring input
['/raid/home/dgxuser16/NTL/mccarthy/ahmad/github/adaptive_privacy_fl/new_exp/isic', '/home/dgxuser16/anaconda3/envs/ihpc/lib/python38.zip', '/home/dgxuser16/anaconda3/envs/ihpc/lib/python3.8', '/home/dgxuser16/anaconda3/envs/ihpc/lib/python3.8/lib-dynload', '/home/dgxuser16/.local/lib/python3.8/site-packages', '/home/dgxuser16/anaconda3/envs/ihpc/lib/python3.8/site-packages', '/raid/home/dgxuser16/NTL/mccarthy/ahmad/github/adaptive_privacy_fl/new_exp/isic']
BaseNM 0.38177490234375
noise multiplier 0.26758588943630457
Noise multiplier before  adjustment: 0.005351717788726091
BaseNM 0.38177490234375
noise multiplier 0.28254565922543406
Noise multiplier before  adjustment: 0.005650913184508681
BaseNM 0.38177490234375
noise multiplier 0.2737503373064101
Noise multiplier before  adjustment: 0.005475006746128202
BaseNM 0.38177490234375
noise multiplier 0.2677649292163551
Noise multiplier before  adjustment: 0.005355298584327102
BaseNM 0.38177490234375
noise multiplier 0.3015311569906771
Noise multiplier before  adjustment: 0.006030623139813542
BaseNM 0.38177490234375
noise multiplier 0.2653410444036126
Noise multiplier before  adjustment: 0.005306820888072252
BaseNM 0.42724609375
noise multiplier 0.3083798894658685
Noise multiplier before  adjustment: 0.00616759778931737
BaseNM 0.42724609375
noise multiplier 0.3231919500976801
Noise multiplier before  adjustment: 0.006463839001953602
BaseNM 0.42724609375
noise multiplier 0.3072072803042829
Noise multiplier before  adjustment: 0.006144145606085658
BaseNM 0.42724609375
noise multiplier 0.310944105964154
Noise multiplier before  adjustment: 0.00621888211928308
BaseNM 0.42724609375
noise multiplier 0.2864773345645517
Noise multiplier before  adjustment: 0.005729546691291034
BaseNM 0.42724609375
noise multiplier 0.3132916644681245
Noise multiplier before  adjustment: 0.00626583328936249
BaseNM 0.46192169189453125
noise multiplier 0.3409183546900749
Noise multiplier before  adjustment: 0.006818367093801498
BaseNM 0.46192169189453125
noise multiplier 0.3135190249886364
Noise multiplier before  adjustment: 0.006270380499772727
BaseNM 0.46192169189453125
noise multiplier 0.3439145530574024
Noise multiplier before  adjustment: 0.0068782910611480475
BaseNM 0.46192169189453125
noise multiplier 0.341826394200325
Noise multiplier before  adjustment: 0.0068365278840065
BaseNM 0.46192169189453125
noise multiplier 0.3186589847318828
Noise multiplier before  adjustment: 0.006373179694637656
BaseNM 0.46192169189453125
noise multiplier 0.33545104623772204
Noise multiplier before  adjustment: 0.006709020924754441
BaseNM 0.4913330078125
noise multiplier 0.34452851209789515
Noise multiplier before  adjustment: 0.006890570241957903
BaseNM 0.4913330078125
noise multiplier 0.37580014555715024
Noise multiplier before  adjustment: 0.007516002911143005
BaseNM 0.4913330078125
noise multiplier 0.34606175031512976
Noise multiplier before  adjustment: 0.006921235006302595
BaseNM 0.4913330078125
noise multiplier 0.34531418327242136
Noise multiplier before  adjustment: 0.006906283665448427
BaseNM 0.4913330078125
noise multiplier 0.3486335228662938
Noise multiplier before  adjustment: 0.006972670457325875
BaseNM 0.4913330078125
noise multiplier 0.3497470417059958
Noise multiplier before  adjustment: 0.006994940834119916
BaseNM 0.5175018310546875
noise multiplier 0.3418303322978318
Noise multiplier before  adjustment: 0.006836606645956636
BaseNM 0.5175018310546875
noise multiplier 0.38013049960136414
Noise multiplier before  adjustment: 0.007602609992027283
BaseNM 0.5175018310546875
noise multiplier 0.3770466591231525
Noise multiplier before  adjustment: 0.0075409331824630495
BaseNM 0.5175018310546875
noise multiplier 0.36539625050500035
Noise multiplier before  adjustment: 0.0073079250101000075
BaseNM 0.5175018310546875
noise multiplier 0.356189479585737
Noise multiplier before  adjustment: 0.00712378959171474
BaseNM 0.5175018310546875
noise multiplier 0.35674496251158416
Noise multiplier before  adjustment: 0.007134899250231684
BaseNM 0.5413436889648438
noise multiplier 0.3961847620084882
Noise multiplier before  adjustment: 0.007923695240169764
BaseNM 0.5413436889648438
noise multiplier 0.38814849266782403
Noise multiplier before  adjustment: 0.007762969853356481
BaseNM 0.5413436889648438
noise multiplier 0.38408813206478953
Noise multiplier before  adjustment: 0.007681762641295791
BaseNM 0.5413436889648438
noise multiplier 0.36395029490813613
Noise multiplier before  adjustment: 0.007279005898162723
BaseNM 0.5413436889648438
noise multiplier 0.38751486456021667
Noise multiplier before  adjustment: 0.007750297291204333
BaseNM 0.5413436889648438
noise multiplier 0.3462200169451535
Noise multiplier before  adjustment: 0.0069244003389030695
BaseNM 0.4621124267578125
noise multiplier 0.3242458994500339
Noise multiplier before  adjustment: 0.010808196648334463
BaseNM 0.4621124267578125
noise multiplier 0.33641293551772833
Noise multiplier before  adjustment: 0.011213764517257611
BaseNM 0.4621124267578125
noise multiplier 0.3311909958720207
Noise multiplier before  adjustment: 0.01103969986240069
BaseNM 0.4621124267578125
noise multiplier 0.32495427783578634
Noise multiplier before  adjustment: 0.010831809261192878
BaseNM 0.4621124267578125
noise multiplier 0.30968115013092756
Noise multiplier before  adjustment: 0.010322705004364252
BaseNM 0.4621124267578125
noise multiplier 0.34058208391070366
Noise multiplier before  adjustment: 0.011352736130356788
BaseNM 0.525970458984375
noise multiplier 0.36812905967235565
Noise multiplier before  adjustment: 0.01227096865574519
BaseNM 0.525970458984375
noise multiplier 0.3804333135485649
Noise multiplier before  adjustment: 0.01268111045161883
BaseNM 0.525970458984375
noise multiplier 0.36030684504657984
Noise multiplier before  adjustment: 0.012010228168219329
BaseNM 0.525970458984375
noise multiplier 0.38224871177226305
Noise multiplier before  adjustment: 0.012741623725742102
BaseNM 0.525970458984375
noise multiplier 0.360746955499053
Noise multiplier before  adjustment: 0.0120248985166351
BaseNM 0.525970458984375
noise multiplier 0.39193141739815474
Noise multiplier before  adjustment: 0.013064380579938492
BaseNM 0.575408935546875
noise multiplier 0.41239448729902506
Noise multiplier before  adjustment: 0.013746482909967501
BaseNM 0.575408935546875
noise multiplier 0.35370317683555186
Noise multiplier before  adjustment: 0.011790105894518395
BaseNM 0.575408935546875
noise multiplier 0.4229139320086688
Noise multiplier before  adjustment: 0.014097131066955626
BaseNM 0.575408935546875
noise multiplier 0.42226309748366475
Noise multiplier before  adjustment: 0.014075436582788824
BaseNM 0.575408935546875
noise multiplier 0.40886844671331346
Noise multiplier before  adjustment: 0.013628948223777115
BaseNM 0.575408935546875
noise multiplier 0.40848435484804213
Noise multiplier before  adjustment: 0.013616145161601404
BaseNM 0.61767578125
noise multiplier 0.46811168268322945
Noise multiplier before  adjustment: 0.015603722756107647
BaseNM 0.61767578125
noise multiplier 0.41059977537952363
Noise multiplier before  adjustment: 0.013686659179317455
BaseNM 0.61767578125
noise multiplier 0.4412964414805174
Noise multiplier before  adjustment: 0.014709881382683913
BaseNM 0.61767578125
noise multiplier 0.45172166731208563
Noise multiplier before  adjustment: 0.015057388910402853
BaseNM 0.61767578125
noise multiplier 0.42703763116151094
Noise multiplier before  adjustment: 0.014234587705383698
BaseNM 0.61767578125
noise multiplier 0.4368829829618335
Noise multiplier before  adjustment: 0.014562766098727782
BaseNM 0.655364990234375
noise multiplier 0.45160231832414865
Noise multiplier before  adjustment: 0.015053410610804955
BaseNM 0.655364990234375
noise multiplier 0.4706632732413709
Noise multiplier before  adjustment: 0.015688775774712362
BaseNM 0.655364990234375
noise multiplier 0.43131470028311014
Noise multiplier before  adjustment: 0.014377156676103672
BaseNM 0.655364990234375
noise multiplier 0.45768171083182096
Noise multiplier before  adjustment: 0.015256057027727365
BaseNM 0.655364990234375
noise multiplier 0.45770636899396777
Noise multiplier before  adjustment: 0.015256878966465593
BaseNM ['/raid/home/dgxuser16/NTL/mccarthy/ahmad/github/adaptive_privacy_fl/new_exp/isic', '/home/dgxuser16/anaconda3/envs/ihpc/lib/python38.zip', '/home/dgxuser16/anaconda3/envs/ihpc/lib/python3.8', '/home/dgxuser16/anaconda3/envs/ihpc/lib/python3.8/lib-dynload', '/home/dgxuser16/.local/lib/python3.8/site-packages', '/home/dgxuser16/anaconda3/envs/ihpc/lib/python3.8/site-packages', '/raid/home/dgxuser16/NTL/mccarthy/ahmad/github/adaptive_privacy_fl/new_exp/isic']
BaseNM 0.38177490234375
noise multiplier 0.2672695843502879
Noise multiplier before  adjustment: 0.005345391687005758
BaseNM 0.38177490234375
noise multiplier 0.28314518090337515
Noise multiplier before  adjustment: 0.005662903618067503
BaseNM 0.38177490234375
noise multiplier 0.27346497448161244
Noise multiplier before  adjustment: 0.005469299489632249
BaseNM 0.38177490234375
noise multiplier 0.26796825462952256
Noise multiplier before  adjustment: 0.005359365092590451
BaseNM 0.38177490234375
noise multiplier 0.30075803375802934
Noise multiplier before  adjustment: 0.006015160675160587
BaseNM 0.38177490234375
noise multiplier 0.265380528755486
Noise multiplier before  adjustment: 0.00530761057510972
BaseNM 0.42724609375
noise multiplier 0.3081935839727521
Noise multiplier before  adjustment: 0.006163871679455042
BaseNM 0.42724609375
noise multiplier 0.32299181912094355
Noise multiplier before  adjustment: 0.006459836382418871
BaseNM 0.42724609375
noise multiplier 0.30689815478399396
Noise multiplier before  adjustment: 0.00613796309567988
BaseNM 0.42724609375
noise multiplier 0.3104719687253237
Noise multiplier before  adjustment: 0.006209439374506473
BaseNM 0.42724609375
noise multiplier 0.28609372884966433
Noise multiplier before  adjustment: 0.0057218745769932865
BaseNM 0.42724609375
noise multiplier 0.31444580340757966
Noise multiplier before  adjustment: 0.006288916068151593
BaseNM 0.46192169189453125
noise multiplier 0.3409524760209024
Noise multiplier before  adjustment: 0.006819049520418048
BaseNM 0.46192169189453125
noise multiplier 0.3157638676930219
Noise multiplier before  adjustment: 0.006315277353860438
BaseNM 0.46192169189453125
noise multiplier 0.3443006561137736
Noise multiplier before  adjustment: 0.006886013122275472
BaseNM 0.46192169189453125
noise multiplier 0.3412074614316225
Noise multiplier before  adjustment: 0.0068241492286324505
BaseNM 0.46192169189453125
noise multiplier 0.3179788524284959
Noise multiplier before  adjustment: 0.006359577048569918
BaseNM 0.46192169189453125
noise multiplier 0.33442032895982265
Noise multiplier before  adjustment: 0.006688406579196453
BaseNM 0.4913330078125
noise multiplier 0.34452467039227486
Noise multiplier before  adjustment: 0.006890493407845497
BaseNM 0.4913330078125
noise multiplier 0.3766395431011915
Noise multiplier before  adjustment: 0.00753279086202383
BaseNM 0.4913330078125
noise multiplier 0.3464747532270849
Noise multiplier before  adjustment: 0.006929495064541697
BaseNM 0.4913330078125
noise multiplier 0.34530393593013287
Noise multiplier before  adjustment: 0.006906078718602657
BaseNM 0.4913330078125
noise multiplier 0.3492654140572995
Noise multiplier before  adjustment: 0.00698530828114599
BaseNM 0.4913330078125
noise multiplier 0.35178561694920063
Noise multiplier before  adjustment: 0.007035712338984012
BaseNM 0.5175018310546875
noise multiplier 0.34200060879811645
Noise multiplier before  adjustment: 0.006840012175962329
BaseNM 0.5175018310546875
noise multiplier 0.37903452874161303
Noise multiplier before  adjustment: 0.007580690574832261
BaseNM 0.5175018310546875
noise multiplier 0.377303646877408
Noise multiplier before  adjustment: 0.007546072937548161
BaseNM 0.5175018310546875
noise multiplier 0.3661945224739611
Noise multiplier before  adjustment: 0.0073238904494792225
BaseNM 0.5175018310546875
noise multiplier 0.35679881321266294
Noise multiplier before  adjustment: 0.007135976264253259
BaseNM 0.5175018310546875
noise multiplier 0.3569336524233222
Noise multiplier before  adjustment: 0.007138673048466444
BaseNM 0.5413436889648438
noise multiplier 0.3966395268216729
Noise multiplier before  adjustment: 0.007932790536433459
BaseNM 0.5413436889648438
noise multiplier 0.3862420436926186
Noise multiplier before  adjustment: 0.007724840873852373
BaseNM 0.5413436889648438
noise multiplier 0.3838771996088326
Noise multiplier before  adjustment: 0.007677543992176652
BaseNM 0.5413436889648438
noise multiplier 0.36451737070456147
Noise multiplier before  adjustment: 0.007290347414091229
BaseNM 0.5413436889648438
noise multiplier 0.3865915625356138
Noise multiplier before  adjustment: 0.007731831250712275
BaseNM 0.5413436889648438
noise multiplier 0.3488467843271792
Noise multiplier before  adjustment: 0.006976935686543584
BaseNM 0.4621124267578125
noise multiplier 0.3238947759382427
Noise multiplier before  adjustment: 0.010796492531274756
BaseNM 0.4621124267578125
noise multiplier 0.33536669542081654
Noise multiplier before  adjustment: 0.01117888984736055
BaseNM 0.4621124267578125
noise multiplier 0.33117035683244467
Noise multiplier before  adjustment: 0.011039011894414823
BaseNM 0.4621124267578125
noise multiplier 0.325961765833199
Noise multiplier before  adjustment: 0.010865392194439967
BaseNM 0.4621124267578125
noise multiplier 0.30972381588071585
Noise multiplier before  adjustment: 0.010324127196023861
BaseNM 0.4621124267578125
noise multiplier 0.34224984236061573
Noise multiplier before  adjustment: 0.011408328078687191
BaseNM 0.525970458984375
noise multiplier 0.3683805614709854
Noise multiplier before  adjustment: 0.012279352049032848
BaseNM 0.525970458984375
noise multiplier 0.3828468290157616
Noise multiplier before  adjustment: 0.012761560967192054
BaseNM 0.525970458984375
noise multiplier 0.3603115491569042
Noise multiplier before  adjustment: 0.012010384971896807
BaseNM 0.525970458984375
noise multiplier 0.3813832588493824
Noise multiplier before  adjustment: 0.012712775294979413
BaseNM 0.525970458984375
noise multiplier 0.36068299668841064
Noise multiplier before  adjustment: 0.012022766556280354
BaseNM 0.525970458984375
noise multiplier 0.3919165786355734
Noise multiplier before  adjustment: 0.013063885954519112
BaseNM 0.575408935546875
noise multiplier 0.41283680871129036
Noise multiplier before  adjustment: 0.013761226957043012
BaseNM 0.575408935546875
noise multiplier 0.3534889845177531
Noise multiplier before  adjustment: 0.01178296615059177
BaseNM 0.575408935546875
noise multiplier 0.4224556025583297
Noise multiplier before  adjustment: 0.01408185341861099
BaseNM 0.575408935546875
noise multiplier 0.42221658071503043
Noise multiplier before  adjustment: 0.014073886023834348
BaseNM 0.575408935546875
noise multiplier 0.40779058262705803
Noise multiplier before  adjustment: 0.013593019420901934
BaseNM 0.575408935546875
noise multiplier 0.4080695614684373
Noise multiplier before  adjustment: 0.013602318715614577
BaseNM 0.61767578125
noise multiplier 0.4683640617877245
Noise multiplier before  adjustment: 0.015612135392924149
BaseNM 0.61767578125
noise multiplier 0.4083084047306329
Noise multiplier before  adjustment: 0.013610280157687763
BaseNM 0.61767578125
noise multiplier 0.4407764598727226
Noise multiplier before  adjustment: 0.014692548662424088
BaseNM 0.61767578125
noise multiplier 0.4525753017514944
Noise multiplier before  adjustment: 0.01508584339171648
BaseNM 0.61767578125
noise multiplier 0.42574350629001856
Noise multiplier before  adjustment: 0.014191450209667285
BaseNM 0.61767578125
noise multiplier 0.43730634078383446
Noise multiplier before  adjustment: 0.014576878026127815
BaseNM 0.655364990234375
noise multiplier 0.4518042076379061
Noise multiplier before  adjustment: 0.01506014025459687
BaseNM 0.655364990234375
noise multiplier 0.4709813352674246
Noise multiplier before  adjustment: 0.015699377842247488
BaseNM 0.655364990234375
noise multiplier 0.4308026498183608
Noise multiplier before  adjustment: 0.014360088327278694
BaseNM 0.655364990234375
noise multiplier 0.45723970141261816
Noise multiplier before  adjustment: 0.015241323380420606
BaseNM 0.655364990234375
noise multiplier 0.4566084682010114
Noise multiplier before  adjustment: 0.015220282273367048
BaseNM 0.655364990234375
noise multiplier 0.4789568888954818
Noise multiplier before  adjustment: 0.015965229629849396
BaseNM 0.69000244140625
noise multiplier 0.4810234042815864
Noise multiplier before  adjustment: 0.01603411347605288
BaseNM 0.69000244140625
noise multiplier 0.48915223381482065
Noise multiplier before  adjustment: 0.01630507446049402
BaseNM 0.69000244140625
noise multiplier 0.4760226118378341
Noise multiplier before  adjustment: 0.015867420394594472
BaseNM 0.69000244140625
noise multiplier 0.48697515530511737
Noise multiplier before  adjustment: 0.016232505176837244
BaseNM 0.69000244140625
noise multiplier 0.4866916255559772
Noise multiplier before  adjustment: 0.016223054185199242
BaseNM 0.69000244140625
noise multiplier 0.5041676769033074
Noise multiplier before  adjustment: 0.01680558923011025
BaseNM 0.5389404296875
noise multiplier 0.3911371426656842
Noise multiplier before  adjustment: 0.01955685713328421
BaseNM 0.5389404296875
noise multiplier 0.4178833917248994
Noise multiplier before  adjustment: 0.02089416958624497
BaseNM 0.5389404296875
noise multiplier 0.40107616083696485
Noise multiplier before  adjustment: 0.020053808041848243
BaseNM 0.5389404296875
noise multiplier 0.38269774871878326
Noise multiplier before  adjustment: 0.019134887435939163
BaseNM 0.5389404296875
noise multiplier 0.37237345217727125
Noise multiplier before  adjustment: 0.018618672608863563
BaseNM 0.5389404296875
noise multiplier 0.41732500679790974
Noise multiplier before  adjustment: 0.020866250339895486
BaseNM 0.6243896484375
noise multiplier 0.4596051601693034
Noise multiplier before  adjustment: 0.02298025800846517
BaseNM 0.6243896484375
noise multiplier 0.3755874240305275
Noise multiplier before  adjustment: 0.018779371201526375
BaseNM 0.6243896484375
noise multiplier 0.4402503836899996
Noise multiplier before  adjustment: 0.02201251918449998
BaseNM 0.6243896484375
noise multiplier 0.4491003528237343
Noise multiplier before  adjustment: 0.022455017641186716
BaseNM 0.6243896484375
noise multiplier 0.4693427844904363
Noise multiplier before  adjustment: 0.023467139224521816
BaseNM 0.6243896484375
noise multiplier 0.45783187728375196
Noise multiplier before  adjustment: 0.022891593864187598
BaseNM 0.691375732421875
noise multiplier 0.4883885383605957
Noise multiplier before  adjustment: 0.024419426918029785
BaseNM 0.691375732421875
noise multiplier 0.43604156374931335
Noise multiplier before  adjustment: 0.021802078187465667
BaseNM 0.691375732421875
noise multiplier 0.49930175114423037
Noise multiplier before  adjustment: 0.024965087557211517
BaseNM 0.691375732421875
noise multiplier 0.4866982763633132
Noise multiplier before  adjustment: 0.02433491381816566
BaseNM 0.691375732421875
noise multiplier 0.5066206834744662
Noise multiplier before  adjustment: 0.02533103417372331
BaseNM 0.691375732421875
noise multiplier 0.4719691714271903
Noise multiplier before  adjustment: 0.023598458571359514
BaseNM 0.749053955078125
noise multiplier 0.5480505442246795
Noise multiplier before  adjustment: 0.027402527211233974
BaseNM 0.749053955078125
noise multiplier 0.5191915850155056
Noise multiplier before  adjustment: 0.02595957925077528
BaseNM 0.749053955078125
noise multiplier 0.5715375654399395
Noise multiplier before  adjustment: 0.028576878271996974
BaseNM 0.749053955078125
noise multiplier 0.5273593999445438
Noise multiplier before  adjustment: 0.02636796999722719
BaseNM 0.749053955078125
noise multiplier 0.5431207325309515
Noise multiplier before  adjustment: 0.027156036626547576
BaseNM 0.749053955078125
noise multiplier 0.5205512344837189
Noise multiplier before  adjustment: 0.026027561724185945
BaseNM 0.80078125
noise multiplier 0.5719382194802165
Noise multiplier before  adjustment: 0.028596910974010827
BaseNM 0.80078125
noise multiplier 0.6015139608643949
Noise multiplier before  adjustment: 0.030075698043219745
BaseNM 0.80078125
noise multiplier 0.6178926434367895
Noise multiplier before  adjustment: 0.030894632171839475
BaseNM 0.80078125
noise multiplier 0.5538948820903897
Noise multiplier before  adjustment: 0.027694744104519487
BaseNM 0.80078125
noise multiplier 0.502925596665591
Noise multiplier before  adjustment: 0.02514627983327955
BaseNM 0.80078125
noise multiplier 0.6505971681326628
Noise multiplier before  adjustment: 0.03252985840663314
BaseNM 0.848236083984375
noise multiplier 0.6000510975718498
Noise multiplier before  adjustment: 0.03000255487859249
BaseNM 0.848236083984375
noise multiplier 0.6247850591316819
Noise multiplier before  adjustment: 0.031239252956584095
BaseNM 0.848236083984375
noise multiplier 0.6248449636623263
Noise multiplier before  adjustment: 0.031242248183116317
BaseNM 0.848236083984375
noise multiplier 0.6111816614866257
Noise multiplier before  adjustment: 0.030559083074331285
BaseNM 0.848236083984375
noise multiplier 0.5628455830737948
Noise multiplier before  adjustment: 0.02814227915368974
BaseNM 0.848236083984375
noise multiplier 0.5659333476796746
Noise multiplier before  adjustment: 0.02829666738398373
BaseNM 0.7086181640625
noise multiplier 0.493345033377409
Noise multiplier before  adjustment: 0.0493345033377409
BaseNM 0.7086181640625
noise multiplier 0.5247769025154412
Noise multiplier before  adjustment: 0.05247769025154412
BaseNM 0.7086181640625
noise multiplier 0.4872213276103139
Noise multiplier before  adjustment: 0.04872213276103139
BaseNM 0.7086181640625
noise multiplier 0.5221030423417687
Noise multiplier before  adjustment: 0.05221030423417687
BaseNM 0.7086181640625
noise multiplier 0.508241682080552
Noise multiplier before  adjustment: 0.0508241682080552
BaseNM 0.7086181640625
noise multiplier 0.44194001983851194
Noise multiplier before  adjustment: 0.04419400198385119
BaseNM 0.85723876953125
noise multiplier 0.5809757150709629
Noise multiplier before  adjustment: 0.05809757150709629
BaseNM 0.85723876953125
noise multiplier 0.5680006537586451
Noise multiplier before  adjustment: 0.0568000653758645
BaseNM 0.85723876953125
noise multiplier 0.6107625467702746
Noise multiplier before  adjustment: 0.061076254677027465
BaseNM 0.85723876953125
noise multiplier 0.5695745539851487
Noise multiplier before  adjustment: 0.056957455398514864
BaseNM 0.85723876953125
noise multiplier 0.5794319557026029
Noise multiplier before  adjustment: 0.057943195570260286
BaseNM 0.85723876953125
noise multiplier 0.5834087203256786
Noise multiplier before  adjustment: 0.05834087203256786
BaseNM 0.9771728515625
noise multiplier 0.7191835511475801
Noise multiplier before  adjustment: 0.07191835511475801
BaseNM 0.9771728515625
noise multiplier 0.6794827096164227
Noise multiplier before  adjustment: 0.06794827096164227
BaseNM 0.9771728515625
noise multiplier 0.6697221379727125
Noise multiplier before  adjustment: 0.06697221379727125
BaseNM 0.9771728515625
noise multiplier 0.7009047707542777
Noise multiplier before  adjustment: 0.07009047707542777
BaseNM 0.9771728515625
noise multiplier 0.7178616668097675
Noise multiplier before  adjustment: 0.07178616668097675
BaseNM 0.9771728515625
noise multiplier 0.6556918490678072
Noise multiplier before  adjustment: 0.06556918490678072
BaseNM 1.08154296875
noise multiplier 0.7502238163724542
Noise multiplier before  adjustment: 0.07502238163724542
BaseNM 1.08154296875
noise multiplier 0.7027110606431961
Noise multiplier before  adjustment: 0.0702711060643196
BaseNM 1.08154296875
noise multiplier 0.7809876538813114
Noise multiplier before  adjustment: 0.07809876538813114
BaseNM 1.08154296875
noise multiplier 0.7643294502049685
Noise multiplier before  adjustment: 0.07643294502049684
BaseNM 1.08154296875
noise multiplier 0.7904113228432834
Noise multiplier before  adjustment: 0.07904113228432834
BaseNM 1.08154296875
noise multiplier 0.7359314262866974
Noise multiplier before  adjustment: 0.07359314262866974
BaseNM 1.1761474609375
noise multiplier 0.8600656893104315
Noise multiplier before  adjustment: 0.08600656893104315
BaseNM 1.1761474609375
noise multiplier 0.8491814555600286
Noise multiplier before  adjustment: 0.08491814555600286
BaseNM 1.1761474609375
noise multiplier 0.8051338363438845
Noise multiplier before  adjustment: 0.08051338363438845
BaseNM 1.1761474609375
0.655364990234375
noise multiplier 0.47980860783718526
Noise multiplier before  adjustment: 0.01599362026123951
BaseNM 0.69000244140625
noise multiplier 0.4806219395250082
Noise multiplier before  adjustment: 0.016020731317500272
BaseNM 0.69000244140625
noise multiplier 0.4862214846070856
Noise multiplier before  adjustment: 0.016207382820236187
BaseNM 0.69000244140625
noise multiplier 0.4767428352497518
Noise multiplier before  adjustment: 0.015891427841658392
BaseNM 0.69000244140625
noise multiplier 0.48795644845813513
Noise multiplier before  adjustment: 0.016265214948604504
BaseNM 0.69000244140625
noise multiplier 0.4915811992250383
Noise multiplier before  adjustment: 0.016386039974167942
BaseNM 0.69000244140625
noise multiplier 0.5023844158276916
Noise multiplier before  adjustment: 0.016746147194256385
BaseNM 0.5389404296875
noise multiplier 0.3913940545171499
Noise multiplier before  adjustment: 0.019569702725857497
BaseNM 0.5389404296875
noise multiplier 0.4164690007455647
Noise multiplier before  adjustment: 0.020823450037278236
BaseNM 0.5389404296875
noise multiplier 0.4001394878141582
Noise multiplier before  adjustment: 0.02000697439070791
BaseNM 0.5389404296875
noise multiplier 0.38348551094532013
Noise multiplier before  adjustment: 0.019174275547266008
BaseNM 0.5389404296875
noise multiplier 0.37340483628213406
Noise multiplier before  adjustment: 0.018670241814106703
BaseNM 0.5389404296875
noise multiplier 0.4179624642711133
Noise multiplier before  adjustment: 0.020898123213555664
BaseNM 0.6243896484375
noise multiplier 0.45971056167036295
Noise multiplier before  adjustment: 0.02298552808351815
BaseNM 0.6243896484375
noise multiplier 0.374198054196313
Noise multiplier before  adjustment: 0.01870990270981565
BaseNM 0.6243896484375
noise multiplier 0.44048925768584013
Noise multiplier before  adjustment: 0.022024462884292006
BaseNM 0.6243896484375
noise multiplier 0.4490621732547879
Noise multiplier before  adjustment: 0.022453108662739397
BaseNM 0.6243896484375
noise multiplier 0.4695881581865251
Noise multiplier before  adjustment: 0.023479407909326254
BaseNM 0.6243896484375
noise multiplier 0.4603763595223427
Noise multiplier before  adjustment: 0.023018817976117135
BaseNM 0.691375732421875
noise multiplier 0.4888837728649378
Noise multiplier before  adjustment: 0.02444418864324689
BaseNM 0.691375732421875
noise multiplier 0.43668877333402634
Noise multiplier before  adjustment: 0.021834438666701317
BaseNM 0.691375732421875
noise multiplier 0.4992306628264487
Noise multiplier before  adjustment: 0.024961533141322434
BaseNM 0.691375732421875
noise multiplier 0.4886655732989311
Noise multiplier before  adjustment: 0.024433278664946555
BaseNM 0.691375732421875
noise multiplier 0.5077810790389776
Noise multiplier before  adjustment: 0.025389053951948883
BaseNM 0.691375732421875
noise multiplier 0.4741500671952963
Noise multiplier before  adjustment: 0.023707503359764813
BaseNM 0.749053955078125
noise multiplier 0.5480318935588002
Noise multiplier before  adjustment: 0.02740159467794001
BaseNM 0.749053955078125
noise multiplier 0.5203454461880028
Noise multiplier before  adjustment: 0.026017272309400142
BaseNM 0.749053955078125
noise multiplier 0.5705880112946033
Noise multiplier before  adjustment: 0.02852940056473017
BaseNM 0.749053955078125
noise multiplier 0.5274427449330688
Noise multiplier before  adjustment: 0.026372137246653438
BaseNM 0.749053955078125
noise multiplier 0.5455391551367939
Noise multiplier before  adjustment: 0.027276957756839693
BaseNM 0.749053955078125
noise multiplier 0.5216668825596571
Noise multiplier before  adjustment: 0.026083344127982855
BaseNM 0.80078125
noise multiplier 0.5713969822973013
Noise multiplier before  adjustment: 0.028569849114865063
BaseNM 0.80078125
noise multiplier 0.5991303832270205
Noise multiplier before  adjustment: 0.029956519161351024
BaseNM 0.80078125
noise multiplier 0.6176216648891568
Noise multiplier before  adjustment: 0.03088108324445784
BaseNM 0.80078125
noise multiplier 0.5536386203020811
Noise multiplier before  adjustment: 0.027681931015104057
BaseNM 0.80078125
noise multiplier 0.5034847466740757
Noise multiplier before  adjustment: 0.025174237333703785
BaseNM 0.80078125
noise multiplier 0.6523410975933075
Noise multiplier before  adjustment: 0.032617054879665375
BaseNM 0.848236083984375
noise multiplier 0.6002543736249208
Noise multiplier before  adjustment: 0.030012718681246043
BaseNM 0.848236083984375
noise multiplier 0.6261718813329935
Noise multiplier before  adjustment: 0.031308594066649674
BaseNM 0.848236083984375
noise multiplier 0.6247303001582623
Noise multiplier before  adjustment: 0.031236515007913114
BaseNM 0.848236083984375
noise multiplier 0.6111396076157689
Noise multiplier before  adjustment: 0.030556980380788447
BaseNM 0.848236083984375
noise multiplier 0.5630811494775116
Noise multiplier before  adjustment: 0.02815405747387558
BaseNM 0.848236083984375
noise multiplier 0.5621451502665877
Noise multiplier before  adjustment: 0.028107257513329386
BaseNM 0.7086181640625
noise multiplier 0.49351801723241806
Noise multiplier before  adjustment: 0.04935180172324181
BaseNM 0.7086181640625
noise multiplier 0.5270726359449327
Noise multiplier before  adjustment: 0.05270726359449327
BaseNM 0.7086181640625
noise multiplier 0.48690836410969496
Noise multiplier before  adjustment: 0.048690836410969496
BaseNM 0.7086181640625
noise multiplier 0.5211326284334064
Noise multiplier before  adjustment: 0.052113262843340634
BaseNM 0.7086181640625
noise multiplier 0.5099219959229231
Noise multiplier before  adjustment: 0.05099219959229231
BaseNM 0.7086181640625
noise multiplier 0.4426000942476094
Noise multiplier before  adjustment: 0.04426000942476094
BaseNM 0.85723876953125
noise multiplier 0.580522995442152
Noise multiplier before  adjustment: 0.0580522995442152
BaseNM 0.85723876953125
noise multiplier 0.5668079340830445
Noise multiplier before  adjustment: 0.05668079340830445
BaseNM 0.85723876953125
noise multiplier 0.6098162671551108
Noise multiplier before  adjustment: 0.060981626715511085
BaseNM 0.85723876953125
noise multiplier 0.567661676555872
Noise multiplier before  adjustment: 0.056766167655587195
BaseNM 0.85723876953125
noise multiplier 0.5800249711610377
Noise multiplier before  adjustment: 0.058002497116103766
BaseNM 0.85723876953125
noise multiplier 0.5855532386340201
Noise multiplier before  adjustment: 0.05855532386340201
BaseNM 0.9771728515625
noise multiplier 0.7198468130081892
Noise multiplier before  adjustment: 0.07198468130081892
BaseNM 0.9771728515625
noise multiplier 0.6808896493166685
Noise multiplier before  adjustment: 0.06808896493166686
BaseNM 0.9771728515625
noise multiplier 0.669170456007123
Noise multiplier before  adjustment: 0.0669170456007123
BaseNM 0.9771728515625
noise multiplier 0.6974243810400367
Noise multiplier before  adjustment: 0.06974243810400367
BaseNM 0.9771728515625
noise multiplier 0.7173932548612356
Noise multiplier before  adjustment: 0.07173932548612356
BaseNM 0.9771728515625
noise multiplier 0.6560235768556595
Noise multiplier before  adjustment: 0.06560235768556595
BaseNM 1.08154296875
noise multiplier 0.7502713277935982
Noise multiplier before  adjustment: 0.07502713277935982
BaseNM 1.08154296875
noise multiplier 0.7066502375528216
Noise multiplier before  adjustment: 0.07066502375528216
BaseNM 1.08154296875
noise multiplier 0.7810115069150925
Noise multiplier before  adjustment: 0.07810115069150925
BaseNM 1.08154296875
noise multiplier 0.7644946910440922
Noise multiplier before  adjustment: 0.07644946910440922
BaseNM 1.08154296875
noise multiplier 0.793876264244318
Noise multiplier before  adjustment: 0.0793876264244318
BaseNM 1.08154296875
noise multiplier 0.7399263046681881
Noise multiplier before  adjustment: 0.07399263046681881
BaseNM 1.1761474609375
noise multiplier 0.8600258063524961
Noise multiplier before  adjustment: 0.08600258063524961
BaseNM 1.1761474609375
noise multiplier 0.8470747144892812
Noise multiplier before  adjustment: 0.08470747144892812
BaseNM 1.1761474609375
noise multiplier 0.8042703233659267
Noise multiplier before  adjustment: 0.08042703233659268
BaseNM 1.1761474609375
