nohup: ignoring input
/home/dgxuser16/.local/lib/python3.8/site-packages/albumentations/__init__.py:13: UserWarning: A new version of Albumentations is available: 2.0.2 (you have 1.4.18). Upgrade using: pip install -U albumentations. To disable automatic update checks, set the environment variable NO_ALBUMENTATIONS_UPDATE to 1.
  check_for_updates()
/raid/home/dgxuser16/NTL/mccarthy/ahmad/github/adaptive_privacy_fl/without_dp/isic/version_03/flamby/datasets/fed_isic2019/dataset.py:222: DeprecationWarning: Flip is deprecated. Consider using HorizontalFlip, VerticalFlip, RandomRotate90 or D4.
  albumentations.Flip(p=0.5),
/home/dgxuser16/.local/lib/python3.8/site-packages/pydantic/main.py:214: DeprecationWarning: `max_holes` is deprecated. Use num_holes_range instead.
  validated_self = self.__pydantic_validator__.validate_python(data, self_instance=self)
/home/dgxuser16/.local/lib/python3.8/site-packages/pydantic/main.py:214: DeprecationWarning: `max_height` is deprecated. Use hole_height_range instead.
  validated_self = self.__pydantic_validator__.validate_python(data, self_instance=self)
/home/dgxuser16/.local/lib/python3.8/site-packages/pydantic/main.py:214: DeprecationWarning: `max_width` is deprecated. Use hole_width_range instead.
  validated_self = self.__pydantic_validator__.validate_python(data, self_instance=self)
/home/dgxuser16/.local/lib/python3.8/site-packages/albumentations/core/validation.py:45: DeprecationWarning: always_apply is deprecated. Use `p=1` if you want to always apply the transform. self.p will be set to 1.
  original_init(self, **validated_kwargs)
/home/dgxuser16/.local/lib/python3.8/site-packages/albumentations/core/validation.py:45: DeprecationWarning: always_apply is deprecated. Use `p=1` if you want to always apply the transform. self.p will be set to 1.
  original_init(self, **validated_kwargs)
[92mINFO [0m:      
[92mINFO [0m:      [RUN 0, ROUND ]
[92mINFO [0m:      Received: train message 5ce07586-4185-4179-a1c8-777ed8e6bb04
[92mINFO [0m:      Sent reply
[92mINFO [0m:      
[92mINFO [0m:      [RUN 0, ROUND ]
[92mINFO [0m:      Received: evaluate message 5e06b063-4dff-460e-84ec-ff464da4e986
[92mINFO [0m:      Sent reply
[92mINFO [0m:      
[92mINFO [0m:      [RUN 0, ROUND ]
[92mINFO [0m:      Received: train message 71c6ebde-32b9-4cf9-91c5-f0bc9229b52f
[92mINFO [0m:      Sent reply
[92mINFO [0m:      
[92mINFO [0m:      [RUN 0, ROUND ]
[92mINFO [0m:      Received: evaluate message 3d8155fc-e3cd-4402-9af0-e9b76255f684
[92mINFO [0m:      Sent reply
[92mINFO [0m:      
[92mINFO [0m:      [RUN 0, ROUND ]
[92mINFO [0m:      Received: train message 0516ef4c-a527-4361-80ea-f84c88f2fd96
[92mINFO [0m:      Sent reply
[92mINFO [0m:      
[92mINFO [0m:      [RUN 0, ROUND ]
[92mINFO [0m:      Received: evaluate message acb484ef-fef3-422f-9188-ca0db36a853a
[92mINFO [0m:      Sent reply
[92mINFO [0m:      
[92mINFO [0m:      [RUN 0, ROUND ]
[92mINFO [0m:      Received: train message 71c3a76b-3ef5-4c9e-9c20-19fa210de4bc
[92mINFO [0m:      Sent reply
[92mINFO [0m:      
[92mINFO [0m:      [RUN 0, ROUND ]
[92mINFO [0m:      Received: evaluate message 73593e8d-c6ae-41ef-b617-204c961fbb15
[92mINFO [0m:      Sent reply
[92mINFO [0m:      
[92mINFO [0m:      [RUN 0, ROUND ]
[92mINFO [0m:      Received: train message c14fc238-3910-4c74-aac6-4450b45580a0
[92mINFO [0m:      Sent reply
[92mINFO [0m:      
[92mINFO [0m:      [RUN 0, ROUND ]
[92mINFO [0m:      Received: evaluate message 950e7ee5-efad-41b5-9581-b92dc956b3f9
[92mINFO [0m:      Sent reply
[92mINFO [0m:      
[92mINFO [0m:      [RUN 0, ROUND ]
[92mINFO [0m:      Received: train message a6d9cdc8-970c-4b68-8c49-9d4d128a0313
[92mINFO [0m:      Sent reply
[92mINFO [0m:      
[92mINFO [0m:      [RUN 0, ROUND ]
[92mINFO [0m:      Received: evaluate message 54b57cb9-65f8-4371-98f6-b95d771e518f
[92mINFO [0m:      Sent reply
[92mINFO [0m:      
[92mINFO [0m:      [RUN 0, ROUND ]
[92mINFO [0m:      Received: train message 29df9355-a7e5-43ac-8b2e-913f258b00bb
[92mINFO [0m:      Sent reply
[92mINFO [0m:      
[92mINFO [0m:      [RUN 0, ROUND ]
[92mINFO [0m:      Received: evaluate message 4386453b-9686-42bb-9cd6-4cf532bbf06a
[92mINFO [0m:      Sent reply
[92mINFO [0m:      
[92mINFO [0m:      [RUN 0, ROUND ]
[92mINFO [0m:      Received: train message 6be14369-5fbd-41eb-9b6a-51216ffff03e
[92mINFO [0m:      Sent reply
[92mINFO [0m:      
[92mINFO [0m:      [RUN 0, ROUND ]
[92mINFO [0m:      Received: evaluate message 003e8491-1471-49a3-bb3d-598faa272857
[92mINFO [0m:      Sent reply
[92mINFO [0m:      
[92mINFO [0m:      [RUN 0, ROUND ]
[92mINFO [0m:      Received: train message 386da3d4-d5b8-43f7-b2f1-27333609e51b
[92mINFO [0m:      Sent reply
[92mINFO [0m:      
[92mINFO [0m:      [RUN 0, ROUND ]
[92mINFO [0m:      Received: evaluate message 8d5205bf-5198-43ba-8190-cbc0f36e77cb
[92mINFO [0m:      Sent reply
[92mINFO [0m:      
[92mINFO [0m:      [RUN 0, ROUND ]
[92mINFO [0m:      Received: train message 20a81aa7-8dd5-4caf-b735-667f3117bc92
[92mINFO [0m:      Sent reply
[92mINFO [0m:      
[92mINFO [0m:      [RUN 0, ROUND ]
[92mINFO [0m:      Received: evaluate message 82f394e0-cf46-44b9-933f-011e48e5c63f
[92mINFO [0m:      Sent reply
[92mINFO [0m:      
[92mINFO [0m:      [RUN 0, ROUND ]
[92mINFO [0m:      Received: train message 7e8bf0d4-2e89-4e4f-99fa-abfceca41d35
[92mINFO [0m:      Sent reply
[92mINFO [0m:      
[92mINFO [0m:      [RUN 0, ROUND ]
[92mINFO [0m:      Received: evaluate message 0c614cb6-68a8-4ff8-9616-606e59398afe
['/raid/home/dgxuser16/NTL/mccarthy/ahmad/github/adaptive_privacy_fl/without_dp/isic/version_03', '/home/dgxuser16/anaconda3/envs/ihpc/lib/python38.zip', '/home/dgxuser16/anaconda3/envs/ihpc/lib/python3.8', '/home/dgxuser16/anaconda3/envs/ihpc/lib/python3.8/lib-dynload', '/home/dgxuser16/.local/lib/python3.8/site-packages', '/home/dgxuser16/anaconda3/envs/ihpc/lib/python3.8/site-packages', '/raid/home/dgxuser16/NTL/mccarthy/ahmad/github/adaptive_privacy_fl/without_dp/isic/version_03']
Device: cuda:0
Client Name: client_5
Params: {'batch_size': 32, 'local_epochs': 3, 'full_dataset_size': 18597, 'number_of_classes': 8}
Training the model with the following parameters:
Epochs: 3, Trainloader Size: 655, Optimizer: Adam (
Parameter Group 0
    amsgrad: False
    betas: (0.9, 0.999)
    capturable: False
    differentiable: False
    eps: 1e-08
    foreach: None
    fused: None
    lr: 0.001
    maximize: False
    weight_decay: 0
)


{'loss': [1.1441499332338871], 'accuracy': [0.5932339911397503], 'auc': [0.8778771876237157]}

Training the model with the following parameters:
Epochs: 3, Trainloader Size: 655, Optimizer: Adam (
Parameter Group 0
    amsgrad: False
    betas: (0.9, 0.999)
    capturable: False
    differentiable: False
    eps: 1e-08
    foreach: None
    fused: None
    lr: 0.001
    maximize: False
    weight_decay: 0
)


{'loss': [1.1441499332338871, 1.0821138685430387], 'accuracy': [0.5932339911397503, 0.6178010471204188], 'auc': [0.8778771876237157, 0.8928247716299691]}

Training the model with the following parameters:
Epochs: 3, Trainloader Size: 655, Optimizer: Adam (
Parameter Group 0
    amsgrad: False
    betas: (0.9, 0.999)
    capturable: False
    differentiable: False
    eps: 1e-08
    foreach: None
    fused: None
    lr: 0.001
    maximize: False
    weight_decay: 0
)


{'loss': [1.1441499332338871, 1.0821138685430387, 1.0562993177376685], 'accuracy': [0.5932339911397503, 0.6178010471204188, 0.6294804671768023], 'auc': [0.8778771876237157, 0.8928247716299691, 0.8991316809715508]}

Training the model with the following parameters:
Epochs: 3, Trainloader Size: 655, Optimizer: Adam (
Parameter Group 0
    amsgrad: False
    betas: (0.9, 0.999)
    capturable: False
    differentiable: False
    eps: 1e-08
    foreach: None
    fused: None
    lr: 0.001
    maximize: False
    weight_decay: 0
)


{'loss': [1.1441499332338871, 1.0821138685430387, 1.0562993177376685, 1.0430408211374687], 'accuracy': [0.5932339911397503, 0.6178010471204188, 0.6294804671768023, 0.6375352396294804], 'auc': [0.8778771876237157, 0.8928247716299691, 0.8991316809715508, 0.9026135126745323]}

Training the model with the following parameters:
Epochs: 3, Trainloader Size: 655, Optimizer: Adam (
Parameter Group 0
    amsgrad: False
    betas: (0.9, 0.999)
    capturable: False
    differentiable: False
    eps: 1e-08
    foreach: None
    fused: None
    lr: 0.001
    maximize: False
    weight_decay: 0
)


{'loss': [1.1441499332338871, 1.0821138685430387, 1.0562993177376685, 1.0430408211374687, 1.0390088279017795], 'accuracy': [0.5932339911397503, 0.6178010471204188, 0.6294804671768023, 0.6375352396294804, 0.6331051147805075], 'auc': [0.8778771876237157, 0.8928247716299691, 0.8991316809715508, 0.9026135126745323, 0.9064669077028662]}

Training the model with the following parameters:
Epochs: 3, Trainloader Size: 655, Optimizer: Adam (
Parameter Group 0
    amsgrad: False
    betas: (0.9, 0.999)
    capturable: False
    differentiable: False
    eps: 1e-08
    foreach: None
    fused: None
    lr: 0.001
    maximize: False
    weight_decay: 0
)


{'loss': [1.1441499332338871, 1.0821138685430387, 1.0562993177376685, 1.0430408211374687, 1.0390088279017795, 1.0318697104759385], 'accuracy': [0.5932339911397503, 0.6178010471204188, 0.6294804671768023, 0.6375352396294804, 0.6331051147805075, 0.6359242851389448], 'auc': [0.8778771876237157, 0.8928247716299691, 0.8991316809715508, 0.9026135126745323, 0.9064669077028662, 0.9079222666419492]}

Training the model with the following parameters:
Epochs: 3, Trainloader Size: 655, Optimizer: Adam (
Parameter Group 0
    amsgrad: False
    betas: (0.9, 0.999)
    capturable: False
    differentiable: False
    eps: 1e-08
    foreach: None
    fused: None
    lr: 0.001
    maximize: False
    weight_decay: 0
)


{'loss': [1.1441499332338871, 1.0821138685430387, 1.0562993177376685, 1.0430408211374687, 1.0390088279017795, 1.0318697104759385, 1.0309121920320232], 'accuracy': [0.5932339911397503, 0.6178010471204188, 0.6294804671768023, 0.6375352396294804, 0.6331051147805075, 0.6359242851389448, 0.639951671365284], 'auc': [0.8778771876237157, 0.8928247716299691, 0.8991316809715508, 0.9026135126745323, 0.9064669077028662, 0.9079222666419492, 0.9089284167492805]}

Training the model with the following parameters:
Epochs: 3, Trainloader Size: 655, Optimizer: Adam (
Parameter Group 0
    amsgrad: False
    betas: (0.9, 0.999)
    capturable: False
    differentiable: False
    eps: 1e-08
    foreach: None
    fused: None
    lr: 0.001
    maximize: False
    weight_decay: 0
)


{'loss': [1.1441499332338871, 1.0821138685430387, 1.0562993177376685, 1.0430408211374687, 1.0390088279017795, 1.0318697104759385, 1.0309121920320232, 1.0326238831012324], 'accuracy': [0.5932339911397503, 0.6178010471204188, 0.6294804671768023, 0.6375352396294804, 0.6331051147805075, 0.6359242851389448, 0.639951671365284, 0.639951671365284], 'auc': [0.8778771876237157, 0.8928247716299691, 0.8991316809715508, 0.9026135126745323, 0.9064669077028662, 0.9079222666419492, 0.9089284167492805, 0.9099370147619785]}

Training the model with the following parameters:
Epochs: 3, Trainloader Size: 655, Optimizer: Adam (
Parameter Group 0
    amsgrad: False
    betas: (0.9, 0.999)
    capturable: False
    differentiable: False
    eps: 1e-08
    foreach: None
    fused: None
    lr: 0.001
    maximize: False
    weight_decay: 0
)


{'loss': [1.1441499332338871, 1.0821138685430387, 1.0562993177376685, 1.0430408211374687, 1.0390088279017795, 1.0318697104759385, 1.0309121920320232, 1.0326238831012324, 1.021342655871119], 'accuracy': [0.5932339911397503, 0.6178010471204188, 0.6294804671768023, 0.6375352396294804, 0.6331051147805075, 0.6359242851389448, 0.639951671365284, 0.639951671365284, 0.6467982279500604], 'auc': [0.8778771876237157, 0.8928247716299691, 0.8991316809715508, 0.9026135126745323, 0.9064669077028662, 0.9079222666419492, 0.9089284167492805, 0.9099370147619785, 0.9109045203617363]}

Training the model with the following parameters:
Epochs: 3, Trainloader Size: 655, Optimizer: Adam (
Parameter Group 0
    amsgrad: False
    betas: (0.9, 0.999)
    capturable: False
    differentiable: False
    eps: 1e-08
    foreach: None
    fused: None
    lr: 0.001
    maximize: False
    weight_decay: 0
)


{'loss': [1.1441499332338871, 1.0821138685430387, 1.0562993177376685, 1.0430408211374687, 1.0390088279017795, 1.0318697104759385, 1.0309121920320232, 1.0326238831012324, 1.021342655871119, 1.0314664110703378], 'accuracy': [0.5932339911397503, 0.6178010471204188, 0.6294804671768023, 0.6375352396294804, 0.6331051147805075, 0.6359242851389448, 0.639951671365284, 0.639951671365284, 0.6467982279500604, 0.6467982279500604], 'auc': [0.8778771876237157, 0.8928247716299691, 0.8991316809715508, 0.9026135126745323, 0.9064669077028662, 0.9079222666419492, 0.9089284167492805, 0.9099370147619785, 0.9109045203617363, 0.9107877888134044]}

Training the model with the following parameters:
Epochs: 3, Trainloader Size: 655, Optimizer: Adam (
Parameter Group 0
    amsgrad: False
    betas: (0.9, 0.999)
    capturable: False
    differentiable: False
    eps: 1e-08
    foreach: None
    fused: None
    lr: 0.001
    maximize: False
    weight_decay: 0
)

[92mINFO [0m:      Sent reply
[92mINFO [0m:      
[92mINFO [0m:      [RUN 0, ROUND ]
[92mINFO [0m:      Received: train message 0a054764-4c2f-4a13-9e14-e6b9225a3659
[92mINFO [0m:      Sent reply
[92mINFO [0m:      
[92mINFO [0m:      [RUN 0, ROUND ]
[92mINFO [0m:      Received: evaluate message 3ce42cdc-63c4-4e49-9d85-e6cd76f920c3
