nohup: ignoring input
/home/dgxuser16/.local/lib/python3.8/site-packages/albumentations/__init__.py:13: UserWarning: A new version of Albumentations is available: 2.0.2 (you have 1.4.18). Upgrade using: pip install -U albumentations. To disable automatic update checks, set the environment variable NO_ALBUMENTATIONS_UPDATE to 1.
  check_for_updates()
/raid/home/dgxuser16/NTL/mccarthy/ahmad/github/adaptive_privacy_fl/without_dp/isic/version_03/flamby/datasets/fed_isic2019/dataset.py:222: DeprecationWarning: Flip is deprecated. Consider using HorizontalFlip, VerticalFlip, RandomRotate90 or D4.
  albumentations.Flip(p=0.5),
/home/dgxuser16/.local/lib/python3.8/site-packages/pydantic/main.py:214: DeprecationWarning: `max_holes` is deprecated. Use num_holes_range instead.
  validated_self = self.__pydantic_validator__.validate_python(data, self_instance=self)
/home/dgxuser16/.local/lib/python3.8/site-packages/pydantic/main.py:214: DeprecationWarning: `max_height` is deprecated. Use hole_height_range instead.
  validated_self = self.__pydantic_validator__.validate_python(data, self_instance=self)
/home/dgxuser16/.local/lib/python3.8/site-packages/pydantic/main.py:214: DeprecationWarning: `max_width` is deprecated. Use hole_width_range instead.
  validated_self = self.__pydantic_validator__.validate_python(data, self_instance=self)
/home/dgxuser16/.local/lib/python3.8/site-packages/albumentations/core/validation.py:45: DeprecationWarning: always_apply is deprecated. Use `p=1` if you want to always apply the transform. self.p will be set to 1.
  original_init(self, **validated_kwargs)
/home/dgxuser16/.local/lib/python3.8/site-packages/albumentations/core/validation.py:45: DeprecationWarning: always_apply is deprecated. Use `p=1` if you want to always apply the transform. self.p will be set to 1.
  original_init(self, **validated_kwargs)
[92mINFO [0m:      
[92mINFO [0m:      [RUN 0, ROUND ]
[92mINFO [0m:      Received: train message 8abf397e-66ce-4fc7-8bb3-10444906d5cc
[92mINFO [0m:      Sent reply
[92mINFO [0m:      
[92mINFO [0m:      [RUN 0, ROUND ]
[92mINFO [0m:      Received: evaluate message cdc8ed7e-42e9-4128-ba28-9b0cc37f607a
[92mINFO [0m:      Sent reply
[92mINFO [0m:      
[92mINFO [0m:      [RUN 0, ROUND ]
[92mINFO [0m:      Received: train message 9d6fd7b4-a598-42c3-9a5d-82c40b8f0b94
[92mINFO [0m:      Sent reply
[92mINFO [0m:      
[92mINFO [0m:      [RUN 0, ROUND ]
[92mINFO [0m:      Received: evaluate message 87ab445d-6263-418f-bb2a-8a8fd8cb5322
[92mINFO [0m:      Sent reply
[92mINFO [0m:      
[92mINFO [0m:      [RUN 0, ROUND ]
[92mINFO [0m:      Received: train message 681badf5-2355-41b6-b7db-12e56526840f
[92mINFO [0m:      Sent reply
[92mINFO [0m:      
[92mINFO [0m:      [RUN 0, ROUND ]
[92mINFO [0m:      Received: evaluate message 1e48adcc-42e4-498a-9667-fe190db5e5a4
[92mINFO [0m:      Sent reply
[92mINFO [0m:      
[92mINFO [0m:      [RUN 0, ROUND ]
[92mINFO [0m:      Received: train message 3d4ad76c-059b-4a0c-830e-df19bfdf4987
[92mINFO [0m:      Sent reply
[92mINFO [0m:      
[92mINFO [0m:      [RUN 0, ROUND ]
[92mINFO [0m:      Received: evaluate message 9503305a-7bc1-48be-ad73-db992ea2c109
[92mINFO [0m:      Sent reply
[92mINFO [0m:      
[92mINFO [0m:      [RUN 0, ROUND ]
[92mINFO [0m:      Received: train message 6d39d010-bd99-42b0-9081-621ee806c4a9
[92mINFO [0m:      Sent reply
[92mINFO [0m:      
[92mINFO [0m:      [RUN 0, ROUND ]
[92mINFO [0m:      Received: evaluate message 1abab850-4bdd-4534-a7ac-a25275d1a0ff
[92mINFO [0m:      Sent reply
[92mINFO [0m:      
[92mINFO [0m:      [RUN 0, ROUND ]
[92mINFO [0m:      Received: train message bcb4ce71-d15a-44e5-bc97-c0580d8bd565
[92mINFO [0m:      Sent reply
[92mINFO [0m:      
[92mINFO [0m:      [RUN 0, ROUND ]
[92mINFO [0m:      Received: evaluate message b0c2909b-9461-4ef1-aa98-b90f1399cbd6
[92mINFO [0m:      Sent reply
[92mINFO [0m:      
[92mINFO [0m:      [RUN 0, ROUND ]
[92mINFO [0m:      Received: train message e0a231f8-7105-4fb4-8935-d5559eb38483
[92mINFO [0m:      Sent reply
[92mINFO [0m:      
[92mINFO [0m:      [RUN 0, ROUND ]
[92mINFO [0m:      Received: evaluate message 97c4a5c1-a1ae-49ab-aed4-3204311a42b1
[92mINFO [0m:      Sent reply
[92mINFO [0m:      
[92mINFO [0m:      [RUN 0, ROUND ]
[92mINFO [0m:      Received: train message ec4a6df9-a20f-4dca-9bdc-cb4e4626f2ab
[92mINFO [0m:      Sent reply
[92mINFO [0m:      
[92mINFO [0m:      [RUN 0, ROUND ]
[92mINFO [0m:      Received: evaluate message 7d0c2878-b0a1-4b7f-b28e-4fe295017189
[92mINFO [0m:      Sent reply
[92mINFO [0m:      
[92mINFO [0m:      [RUN 0, ROUND ]
[92mINFO [0m:      Received: train message 8ac78eb0-474c-4717-a182-672bd017030c
[92mINFO [0m:      Sent reply
[92mINFO [0m:      
[92mINFO [0m:      [RUN 0, ROUND ]
[92mINFO [0m:      Received: evaluate message fb5fe389-f29d-4387-8d30-d9f31d487243
[92mINFO [0m:      Sent reply
[92mINFO [0m:      
[92mINFO [0m:      [RUN 0, ROUND ]
[92mINFO [0m:      Received: train message 32ecadc0-b4c9-45c7-adf4-91b8b316c468
[92mINFO [0m:      Sent reply
[92mINFO [0m:      
[92mINFO [0m:      [RUN 0, ROUND ]
[92mINFO [0m:      Received: evaluate message 79742df6-05f9-47b3-9257-7356ad9f111d
[92mINFO [0m:      Sent reply
[92mINFO [0m:      
[92mINFO [0m:      [RUN 0, ROUND ]
[92mINFO [0m:      Received: train message 723c5413-cb78-4b4d-b21c-7399bd62f2c3
[92mINFO [0m:      Sent reply
[92mINFO [0m:      
[92mINFO [0m:      [RUN 0, ROUND ]
[92mINFO [0m:      Received: evaluate message c573e419-506c-462d-a3b6-2d36ab627c92
['/raid/home/dgxuser16/NTL/mccarthy/ahmad/github/adaptive_privacy_fl/without_dp/isic/version_03', '/home/dgxuser16/anaconda3/envs/ihpc/lib/python38.zip', '/home/dgxuser16/anaconda3/envs/ihpc/lib/python3.8', '/home/dgxuser16/anaconda3/envs/ihpc/lib/python3.8/lib-dynload', '/home/dgxuser16/.local/lib/python3.8/site-packages', '/home/dgxuser16/anaconda3/envs/ihpc/lib/python3.8/site-packages', '/raid/home/dgxuser16/NTL/mccarthy/ahmad/github/adaptive_privacy_fl/without_dp/isic/version_03']
Device: cuda:0
Client Name: client_6
Params: {'batch_size': 32, 'local_epochs': 3, 'full_dataset_size': 18597, 'number_of_classes': 8}
Training the model with the following parameters:
Epochs: 3, Trainloader Size: 351, Optimizer: Adam (
Parameter Group 0
    amsgrad: False
    betas: (0.9, 0.999)
    capturable: False
    differentiable: False
    eps: 1e-08
    foreach: None
    fused: None
    lr: 0.001
    maximize: False
    weight_decay: 0
)


{'loss': [1.1441499332338871], 'accuracy': [0.5932339911397503], 'auc': [0.8778771876237157]}

Training the model with the following parameters:
Epochs: 3, Trainloader Size: 351, Optimizer: Adam (
Parameter Group 0
    amsgrad: False
    betas: (0.9, 0.999)
    capturable: False
    differentiable: False
    eps: 1e-08
    foreach: None
    fused: None
    lr: 0.001
    maximize: False
    weight_decay: 0
)


{'loss': [1.1441499332338871, 1.0821138685430387], 'accuracy': [0.5932339911397503, 0.6178010471204188], 'auc': [0.8778771876237157, 0.8928247716299691]}

Training the model with the following parameters:
Epochs: 3, Trainloader Size: 351, Optimizer: Adam (
Parameter Group 0
    amsgrad: False
    betas: (0.9, 0.999)
    capturable: False
    differentiable: False
    eps: 1e-08
    foreach: None
    fused: None
    lr: 0.001
    maximize: False
    weight_decay: 0
)


{'loss': [1.1441499332338871, 1.0821138685430387, 1.0562993177376685], 'accuracy': [0.5932339911397503, 0.6178010471204188, 0.6294804671768023], 'auc': [0.8778771876237157, 0.8928247716299691, 0.8991316809715508]}

Training the model with the following parameters:
Epochs: 3, Trainloader Size: 351, Optimizer: Adam (
Parameter Group 0
    amsgrad: False
    betas: (0.9, 0.999)
    capturable: False
    differentiable: False
    eps: 1e-08
    foreach: None
    fused: None
    lr: 0.001
    maximize: False
    weight_decay: 0
)


{'loss': [1.1441499332338871, 1.0821138685430387, 1.0562993177376685, 1.0430408211374687], 'accuracy': [0.5932339911397503, 0.6178010471204188, 0.6294804671768023, 0.6375352396294804], 'auc': [0.8778771876237157, 0.8928247716299691, 0.8991316809715508, 0.9026135126745323]}

Training the model with the following parameters:
Epochs: 3, Trainloader Size: 351, Optimizer: Adam (
Parameter Group 0
    amsgrad: False
    betas: (0.9, 0.999)
    capturable: False
    differentiable: False
    eps: 1e-08
    foreach: None
    fused: None
    lr: 0.001
    maximize: False
    weight_decay: 0
)


{'loss': [1.1441499332338871, 1.0821138685430387, 1.0562993177376685, 1.0430408211374687, 1.0390088279017795], 'accuracy': [0.5932339911397503, 0.6178010471204188, 0.6294804671768023, 0.6375352396294804, 0.6331051147805075], 'auc': [0.8778771876237157, 0.8928247716299691, 0.8991316809715508, 0.9026135126745323, 0.9064669077028662]}

Training the model with the following parameters:
Epochs: 3, Trainloader Size: 351, Optimizer: Adam (
Parameter Group 0
    amsgrad: False
    betas: (0.9, 0.999)
    capturable: False
    differentiable: False
    eps: 1e-08
    foreach: None
    fused: None
    lr: 0.001
    maximize: False
    weight_decay: 0
)


{'loss': [1.1441499332338871, 1.0821138685430387, 1.0562993177376685, 1.0430408211374687, 1.0390088279017795, 1.0318697104759385], 'accuracy': [0.5932339911397503, 0.6178010471204188, 0.6294804671768023, 0.6375352396294804, 0.6331051147805075, 0.6359242851389448], 'auc': [0.8778771876237157, 0.8928247716299691, 0.8991316809715508, 0.9026135126745323, 0.9064669077028662, 0.9079222666419492]}

Training the model with the following parameters:
Epochs: 3, Trainloader Size: 351, Optimizer: Adam (
Parameter Group 0
    amsgrad: False
    betas: (0.9, 0.999)
    capturable: False
    differentiable: False
    eps: 1e-08
    foreach: None
    fused: None
    lr: 0.001
    maximize: False
    weight_decay: 0
)


{'loss': [1.1441499332338871, 1.0821138685430387, 1.0562993177376685, 1.0430408211374687, 1.0390088279017795, 1.0318697104759385, 1.0309121920320232], 'accuracy': [0.5932339911397503, 0.6178010471204188, 0.6294804671768023, 0.6375352396294804, 0.6331051147805075, 0.6359242851389448, 0.639951671365284], 'auc': [0.8778771876237157, 0.8928247716299691, 0.8991316809715508, 0.9026135126745323, 0.9064669077028662, 0.9079222666419492, 0.9089284167492805]}

Training the model with the following parameters:
Epochs: 3, Trainloader Size: 351, Optimizer: Adam (
Parameter Group 0
    amsgrad: False
    betas: (0.9, 0.999)
    capturable: False
    differentiable: False
    eps: 1e-08
    foreach: None
    fused: None
    lr: 0.001
    maximize: False
    weight_decay: 0
)


{'loss': [1.1441499332338871, 1.0821138685430387, 1.0562993177376685, 1.0430408211374687, 1.0390088279017795, 1.0318697104759385, 1.0309121920320232, 1.0326238831012324], 'accuracy': [0.5932339911397503, 0.6178010471204188, 0.6294804671768023, 0.6375352396294804, 0.6331051147805075, 0.6359242851389448, 0.639951671365284, 0.639951671365284], 'auc': [0.8778771876237157, 0.8928247716299691, 0.8991316809715508, 0.9026135126745323, 0.9064669077028662, 0.9079222666419492, 0.9089284167492805, 0.9099370147619785]}

Training the model with the following parameters:
Epochs: 3, Trainloader Size: 351, Optimizer: Adam (
Parameter Group 0
    amsgrad: False
    betas: (0.9, 0.999)
    capturable: False
    differentiable: False
    eps: 1e-08
    foreach: None
    fused: None
    lr: 0.001
    maximize: False
    weight_decay: 0
)


{'loss': [1.1441499332338871, 1.0821138685430387, 1.0562993177376685, 1.0430408211374687, 1.0390088279017795, 1.0318697104759385, 1.0309121920320232, 1.0326238831012324, 1.021342655871119], 'accuracy': [0.5932339911397503, 0.6178010471204188, 0.6294804671768023, 0.6375352396294804, 0.6331051147805075, 0.6359242851389448, 0.639951671365284, 0.639951671365284, 0.6467982279500604], 'auc': [0.8778771876237157, 0.8928247716299691, 0.8991316809715508, 0.9026135126745323, 0.9064669077028662, 0.9079222666419492, 0.9089284167492805, 0.9099370147619785, 0.9109045203617363]}

Training the model with the following parameters:
Epochs: 3, Trainloader Size: 351, Optimizer: Adam (
Parameter Group 0
    amsgrad: False
    betas: (0.9, 0.999)
    capturable: False
    differentiable: False
    eps: 1e-08
    foreach: None
    fused: None
    lr: 0.001
    maximize: False
    weight_decay: 0
)


{'loss': [1.1441499332338871, 1.0821138685430387, 1.0562993177376685, 1.0430408211374687, 1.0390088279017795, 1.0318697104759385, 1.0309121920320232, 1.0326238831012324, 1.021342655871119, 1.0314664110703378], 'accuracy': [0.5932339911397503, 0.6178010471204188, 0.6294804671768023, 0.6375352396294804, 0.6331051147805075, 0.6359242851389448, 0.639951671365284, 0.639951671365284, 0.6467982279500604, 0.6467982279500604], 'auc': [0.8778771876237157, 0.8928247716299691, 0.8991316809715508, 0.9026135126745323, 0.9064669077028662, 0.9079222666419492, 0.9089284167492805, 0.9099370147619785, 0.9109045203617363, 0.9107877888134044]}

Training the model with the following parameters:
Epochs: 3, Trainloader Size: 351, Optimizer: Adam (
Parameter Group 0
    amsgrad: False
    betas: (0.9, 0.999)
    capturable: False
    differentiable: False
    eps: 1e-08
    foreach: None
    fused: None
    lr: 0.001
    maximize: False
    weight_decay: 0
)

[92mINFO [0m:      Sent reply
[92mINFO [0m:      
[92mINFO [0m:      [RUN 0, ROUND ]
[92mINFO [0m:      Received: train message 044b91b1-dd2f-4842-8eaa-30075932656c
[92mINFO [0m:      Sent reply
[92mINFO [0m:      
[92mINFO [0m:      [RUN 0, ROUND ]
[92mINFO [0m:      Received: evaluate message 12f683b0-7215-4eb2-8d95-c8f088a34178
