nohup: ignoring input
['/raid/home/dgxuser16/NTL/mccarthy/ahmad/github/adaptive_privacy_fl/new_exp_2', '/home/dgxuser16/anaconda3/envs/ihpc/lib/python38.zip', '/home/dgxuser16/anaconda3/envs/ihpc/lib/python3.8', '/home/dgxuser16/anaconda3/envs/ihpc/lib/python3.8/lib-dynload', '/home/dgxuser16/.local/lib/python3.8/site-packages', '/home/dgxuser16/anaconda3/envs/ihpc/lib/python3.8/site-packages', '/raid/home/dgxuser16/NTL/mccarthy/ahmad/github/adaptive_privacy_fl']
BaseNM 0.38177490234375
noise multiplier 0.0330301970243454
Noise multiplier before  adjustment: 0.0006606039404869079
BaseNM 0.38177490234375
noise multiplier 0.0384964682161808
Noise multiplier before  adjustment: 0.000769929364323616
BaseNM 0.38177490234375
noise multiplier 0.019514912739396095
Noise multiplier before  adjustment: 0.0003902982547879219
BaseNM 0.38177490234375
noise multiplier 0.026642680168151855
Noise multiplier before  adjustment: 0.0005328536033630371
(50.0, 0.1)
(50.0, 0.01)
(50.0, 0.001)
(50.0, 0.0001)
(30.0, 0.1)
(30.0, 0.01)
(30.0, 0.001)
(30.0, 0.0001)
(20.0, 0.1)
(20.0, 0.01)
(20.0, 0.001)
(20.0, 0.0001)
(10.0, 0.1)
(10.0, 0.01)
(10.0, 0.001)
(10.0, 0.0001)
(5.0, 0.1)
(5.0, 0.01)
(5.0, 0.001)
(5.0, 0.0001)
(1.0, 0.1)
(1.0, 0.01)
(1.0, 0.001)
(1.0, 0.0001)
(0.1, 0.1)
(0.1, 0.01)
(0.1, 0.001)
(0.1, 0.0001)
(50.0, 0.1, 0.0006606039404869079)
(50.0, 0.1, 0.000769929364323616)
(50.0, 0.1, 0.0003902982547879219)
(50.0, 0.1, 0.0005328536033630371)
BaseNM 0.42724609375
noise multiplier 0.0374874472618103
Noise multiplier before  adjustment: 0.0007497489452362061
BaseNM 0.42724609375
noise multiplier 0.04160602390766144
Noise multiplier before  adjustment: 0.0008321204781532288
BaseNM 0.42724609375
noise multiplier 0.021997462958097458
Noise multiplier before  adjustment: 0.00043994925916194914
BaseNM 0.42724609375
noise multiplier 0.02876722812652588
Noise multiplier before  adjustment: 0.0005753445625305176
(50.0, 0.1)
(50.0, 0.01)
(50.0, 0.001)
(50.0, 0.0001)
(30.0, 0.1)
(30.0, 0.01)
(30.0, 0.001)
(30.0, 0.0001)
(20.0, 0.1)
(20.0, 0.01)
(20.0, 0.001)
(20.0, 0.0001)
(10.0, 0.1)
(10.0, 0.01)
(10.0, 0.001)
(10.0, 0.0001)
(5.0, 0.1)
(5.0, 0.01)
(5.0, 0.001)
(5.0, 0.0001)
(1.0, 0.1)
(1.0, 0.01)
(1.0, 0.001)
(1.0, 0.0001)
(0.1, 0.1)
(0.1, 0.01)
(0.1, 0.001)
(0.1, 0.0001)
(50.0, 0.1, 0.0006606039404869079)
(50.0, 0.1, 0.000769929364323616)
(50.0, 0.1, 0.0003902982547879219)
(50.0, 0.1, 0.0005328536033630371)
(50.0, 0.01, 0.0007497489452362061)
(50.0, 0.01, 0.0008321204781532288)
(50.0, 0.01, 0.00043994925916194914)
(50.0, 0.01, 0.0005753445625305176)
BaseNM 0.46192169189453125
noise multiplier 0.0392393134534359
Noise multiplier before  adjustment: 0.0007847862690687179
BaseNM 0.46192169189453125
noise multiplier 0.04969361796975136
Noise multiplier before  adjustment: 0.0009938723593950272
BaseNM 0.46192169189453125
noise multiplier 0.02281995117664337
Noise multiplier before  adjustment: 0.0004563990235328674
BaseNM 0.46192169189453125
noise multiplier 0.03301142901182175
Noise multiplier before  adjustment: 0.000660228580236435
(50.0, 0.1)
(50.0, 0.01)
(50.0, 0.001)
(50.0, 0.0001)
(30.0, 0.1)
(30.0, 0.01)
(30.0, 0.001)
(30.0, 0.0001)
(20.0, 0.1)
(20.0, 0.01)
(20.0, 0.001)
(20.0, 0.0001)
(10.0, 0.1)
(10.0, 0.01)
(10.0, 0.001)
(10.0, 0.0001)
(5.0, 0.1)
(5.0, 0.01)
(5.0, 0.001)
(5.0, 0.0001)
(1.0, 0.1)
(1.0, 0.01)
(1.0, 0.001)
(1.0, 0.0001)
(0.1, 0.1)
(0.1, 0.01)
(0.1, 0.001)
(0.1, 0.0001)
(50.0, 0.1, 0.0006606039404869079)
(50.0, 0.1, 0.000769929364323616)
(50.0, 0.1, 0.0003902982547879219)
(50.0, 0.1, 0.0005328536033630371)
(50.0, 0.01, 0.0007497489452362061)
(50.0, 0.01, 0.0008321204781532288)
(50.0, 0.01, 0.00043994925916194914)
(50.0, 0.01, 0.0005753445625305176)
(50.0, 0.001, 0.0007847862690687179)
(50.0, 0.001, 0.0009938723593950272)
(50.0, 0.001, 0.0004563990235328674)
(50.0, 0.001, 0.000660228580236435)
BaseNM 0.4913330078125
noise multiplier 0.046677228063344955
Noise multiplier before  adjustment: 0.0009335445612668991
BaseNM 0.4913330078125
noise multiplier 0.05133000761270523
Noise multiplier before  adjustment: 0.0010266001522541046
BaseNM 0.4913330078125
noise multiplier 0.02209240198135376
Noise multiplier before  adjustment: 0.00044184803962707517
BaseNM 0.4913330078125
noise multiplier 0.029864275828003883
Noise multiplier before  adjustment: 0.0005972855165600776
(50.0, 0.1)
(50.0, 0.01)
(50.0, 0.001)
(50.0, 0.0001)
(30.0, 0.1)
(30.0, 0.01)
(30.0, 0.001)
(30.0, 0.0001)
(20.0, 0.1)
(20.0, 0.01)
(20.0, 0.001)
(20.0, 0.0001)
(10.0, 0.1)
(10.0, 0.01)
(10.0, 0.001)
(10.0, 0.0001)
(5.0, 0.1)
(5.0, 0.01)
(5.0, 0.001)
(5.0, 0.0001)
(1.0, 0.1)
(1.0, 0.01)
(1.0, 0.001)
(1.0, 0.0001)
(0.1, 0.1)
(0.1, 0.01)
(0.1, 0.001)
(0.1, 0.0001)
(50.0, 0.1, 0.0006606039404869079)
(50.0, 0.1, 0.000769929364323616)
(50.0, 0.1, 0.0003902982547879219)
(50.0, 0.1, 0.0005328536033630371)
(50.0, 0.01, 0.0007497489452362061)
(50.0, 0.01, 0.0008321204781532288)
(50.0, 0.01, 0.00043994925916194914)
(50.0, 0.01, 0.0005753445625305176)
(50.0, 0.001, 0.0007847862690687179)
(50.0, 0.001, 0.0009938723593950272)
(50.0, 0.001, 0.0004563990235328674)
(50.0, 0.001, 0.000660228580236435)
(50.0, 0.0001, 0.0009335445612668991)
(50.0, 0.0001, 0.0010266001522541046)
(50.0, 0.0001, 0.00044184803962707517)
(50.0, 0.0001, 0.0005972855165600776)
BaseNM 0.4621124267578125
noise multiplier 0.04359547048807144
Noise multiplier before  adjustment: 0.0014531823496023815
BaseNM 0.4621124267578125
noise multiplier 0.049684714525938034
Noise multiplier before  adjustment: 0.001656157150864601
BaseNM 0.4621124267578125
noise multiplier 0.021218191832304
Noise multiplier before  adjustment: 0.0007072730610768
BaseNM 0.4621124267578125
noise multiplier 0.031224852427840233
Noise multiplier before  adjustment: 0.001040828414261341
(50.0, 0.1)
(50.0, 0.01)
(50.0, 0.001)
(50.0, 0.0001)
(30.0, 0.1)
(30.0, 0.01)
(30.0, 0.001)
(30.0, 0.0001)
(20.0, 0.1)
(20.0, 0.01)
(20.0, 0.001)
(20.0, 0.0001)
(10.0, 0.1)
(10.0, 0.01)
(10.0, 0.001)
(10.0, 0.0001)
(5.0, 0.1)
(5.0, 0.01)
(5.0, 0.001)
(5.0, 0.0001)
(1.0, 0.1)
(1.0, 0.01)
(1.0, 0.001)
(1.0, 0.0001)
(0.1, 0.1)
(0.1, 0.01)
(0.1, 0.001)
(0.1, 0.0001)
(50.0, 0.1, 0.0006606039404869079)
(50.0, 0.1, 0.000769929364323616)
(50.0, 0.1, 0.0003902982547879219)
(50.0, 0.1, 0.0005328536033630371)
(50.0, 0.01, 0.0007497489452362061)
(50.0, 0.01, 0.0008321204781532288)
(50.0, 0.01, 0.00043994925916194914)
(50.0, 0.01, 0.0005753445625305176)
(50.0, 0.001, 0.0007847862690687179)
(50.0, 0.001, 0.0009938723593950272)
(50.0, 0.001, 0.0004563990235328674)
(50.0, 0.001, 0.000660228580236435)
(50.0, 0.0001, 0.0009335445612668991)
(50.0, 0.0001, 0.0010266001522541046)
(50.0, 0.0001, 0.00044184803962707517)
(50.0, 0.0001, 0.0005972855165600776)
(30.0, 0.1, 0.0014531823496023815)
(30.0, 0.1, 0.001656157150864601)
(30.0, 0.1, 0.0007072730610768)
(30.0, 0.1, 0.001040828414261341)
BaseNM 0.525970458984375
noise multiplier 0.049800142645835876
Noise multiplier before  adjustment: 0.001660004754861196
BaseNM 0.525970458984375
noise multiplier 0.04929922893643379
Noise multiplier before  adjustment: 0.0016433076312144597
BaseNM 0.525970458984375
noise multiplier 0.0271757859736681
Noise multiplier before  adjustment: 0.0009058595324556033
BaseNM 0.525970458984375
noise multiplier 0.03681790456175804
Noise multiplier before  adjustment: 0.0012272634853919347
(50.0, 0.1)
(50.0, 0.01)
(50.0, 0.001)
(50.0, 0.0001)
(30.0, 0.1)
(30.0, 0.01)
(30.0, 0.001)
(30.0, 0.0001)
(20.0, 0.1)
(20.0, 0.01)
(20.0, 0.001)
(20.0, 0.0001)
(10.0, 0.1)
(10.0, 0.01)
(10.0, 0.001)
(10.0, 0.0001)
(5.0, 0.1)
(5.0, 0.01)
(5.0, 0.001)
(5.0, 0.0001)
(1.0, 0.1)
(1.0, 0.01)
(1.0, 0.001)
(1.0, 0.0001)
(0.1, 0.1)
(0.1, 0.01)
(0.1, 0.001)
(0.1, 0.0001)
(50.0, 0.1, 0.0006606039404869079)
(50.0, 0.1, 0.000769929364323616)
(50.0, 0.1, 0.0003902982547879219)
(50.0, 0.1, 0.0005328536033630371)
(50.0, 0.01, 0.0007497489452362061)
(50.0, 0.01, 0.0008321204781532288)
(50.0, 0.01, 0.00043994925916194914)
(50.0, 0.01, 0.0005753445625305176)
(50.0, 0.001, 0.0007847862690687179)
(50.0, 0.001, 0.0009938723593950272)
(50.0, 0.001, 0.0004563990235328674)
(50.0, 0.001, 0.000660228580236435)
(50.0, 0.0001, 0.0009335445612668991)
(50.0, 0.0001, 0.0010266001522541046)
(50.0, 0.0001, 0.00044184803962707517)
(50.0, 0.0001, 0.0005972855165600776)
(30.0, 0.1, 0.0014531823496023815)
(30.0, 0.1, 0.001656157150864601)
(30.0, 0.1, 0.0007072730610768)
(30.0, 0.1, 0.001040828414261341)
(30.0, 0.01, 0.001660004754861196)
(30.0, 0.01, 0.0016433076312144597)
(30.0, 0.01, 0.0009058595324556033)
(30.0, 0.01, 0.0012272634853919347)
BaseNM 0.575408935546875
noise multiplier 0.05458721145987511
Noise multiplier before  adjustment: 0.0018195737153291701
BaseNM 0.575408935546875
noise multiplier 0.058670524507761
Noise multiplier before  adjustment: 0.0019556841502587
BaseNM 0.575408935546875
noise multiplier 0.028696563094854355
Noise multiplier before  adjustment: 0.0009565521031618118
BaseNM 0.575408935546875
noise multiplier 0.037510521709918976
Noise multiplier before  adjustment: 0.0012503507236639659
(50.0, 0.1)
(50.0, 0.01)
(50.0, 0.001)
(50.0, 0.0001)
(30.0, 0.1)
(30.0, 0.01)
(30.0, 0.001)
(30.0, 0.0001)
(20.0, 0.1)
(20.0, 0.01)
(20.0, 0.001)
(20.0, 0.0001)
(10.0, 0.1)
(10.0, 0.01)
(10.0, 0.001)
(10.0, 0.0001)
(5.0, 0.1)
(5.0, 0.01)
(5.0, 0.001)
(5.0, 0.0001)
(1.0, 0.1)
(1.0, 0.01)
(1.0, 0.001)
(1.0, 0.0001)
(0.1, 0.1)
(0.1, 0.01)
(0.1, 0.001)
(0.1, 0.0001)
(50.0, 0.1, 0.0006606039404869079)
(50.0, 0.1, 0.000769929364323616)
(50.0, 0.1, 0.0003902982547879219)
(50.0, 0.1, 0.0005328536033630371)
(50.0, 0.01, 0.0007497489452362061)
(50.0, 0.01, 0.0008321204781532288)
(50.0, 0.01, 0.00043994925916194914)
(50.0, 0.01, 0.0005753445625305176)
(50.0, 0.001, 0.0007847862690687179)
(50.0, 0.001, 0.0009938723593950272)
(50.0, 0.001, 0.0004563990235328674)
(50.0, 0.001, 0.000660228580236435)
(50.0, 0.0001, 0.0009335445612668991)
(50.0, 0.0001, 0.0010266001522541046)
(50.0, 0.0001, 0.00044184803962707517)
(50.0, 0.0001, 0.0005972855165600776)
(30.0, 0.1, 0.0014531823496023815)
(30.0, 0.1, 0.001656157150864601)
(30.0, 0.1, 0.0007072730610768)
(30.0, 0.1, 0.001040828414261341)
(30.0, 0.01, 0.001660004754861196)
(30.0, 0.01, 0.0016433076312144597)
(30.0, 0.01, 0.0009058595324556033)
(30.0, 0.01, 0.0012272634853919347)
(30.0, 0.001, 0.0018195737153291701)
(30.0, 0.001, 0.0019556841502587)
(30.0, 0.001, 0.0009565521031618118)
(30.0, 0.001, 0.0012503507236639659)
BaseNM 0.61767578125
noise multiplier 0.058323558419942856
Noise multiplier before  adjustment: 0.001944118613998095
BaseNM 0.61767578125
noise multiplier 0.06427986919879913
Noise multiplier before  adjustment: 0.0021426623066266377
BaseNM 0.61767578125
noise multiplier 0.030394742265343666
Noise multiplier before  adjustment: 0.0010131580755114555
BaseNM 0.61767578125
noise multiplier 0.039658382534980774
Noise multiplier before  adjustment: 0.0013219460844993592
(50.0, 0.1)
(50.0, 0.01)
(50.0, 0.001)
(50.0, 0.0001)
(30.0, 0.1)
(30.0, 0.01)
(30.0, 0.001)
(30.0, 0.0001)
(20.0, 0.1)
(20.0, 0.01)
(20.0, 0.001)
(20.0, 0.0001)
(10.0, 0.1)
(10.0, 0.01)
(10.0, 0.001)
(10.0, 0.0001)
(5.0, 0.1)
(5.0, 0.01)
(5.0, 0.001)
(5.0, 0.0001)
(1.0, 0.1)
(1.0, 0.01)
(1.0, 0.001)
(1.0, 0.0001)
(0.1, 0.1)
(0.1, 0.01)
(0.1, 0.001)
(0.1, 0.0001)
(50.0, 0.1, 0.0006606039404869079)
(50.0, 0.1, 0.000769929364323616)
(50.0, 0.1, 0.0003902982547879219)
(50.0, 0.1, 0.0005328536033630371)
(50.0, 0.01, 0.0007497489452362061)
(50.0, 0.01, 0.0008321204781532288)
(50.0, 0.01, 0.00043994925916194914)
(50.0, 0.01, 0.0005753445625305176)
(50.0, 0.001, 0.0007847862690687179)
(50.0, 0.001, 0.0009938723593950272)
(50.0, 0.001, 0.0004563990235328674)
(50.0, 0.001, 0.000660228580236435)
(50.0, 0.0001, 0.0009335445612668991)
(50.0, 0.0001, 0.0010266001522541046)
(50.0, 0.0001, 0.00044184803962707517)
(50.0, 0.0001, 0.0005972855165600776)
(30.0, 0.1, 0.0014531823496023815)
(30.0, 0.1, 0.001656157150864601)
(30.0, 0.1, 0.0007072730610768)
(30.0, 0.1, 0.001040828414261341)
(30.0, 0.01, 0.001660004754861196)
(30.0, 0.01, 0.0016433076312144597)
(30.0, 0.01, 0.0009058595324556033)
(30.0, 0.01, 0.0012272634853919347)
(30.0, 0.001, 0.0018195737153291701)
(30.0, 0.001, 0.0019556841502587)
(30.0, 0.001, 0.0009565521031618118)
(30.0, 0.001, 0.0012503507236639659)
(30.0, 0.0001, 0.001944118613998095)
(30.0, 0.0001, 0.0021426623066266377)
(30.0, 0.0001, 0.0010131580755114555)
(30.0, 0.0001, 0.0013219460844993592)
BaseNM 0.5389404296875
noise multiplier 0.05256672948598862
Noise multiplier before  adjustment: 0.0026283364742994307
BaseNM 0.5389404296875
noise multiplier 0.05572355166077614
Noise multiplier before  adjustment: 0.002786177583038807
BaseNM 0.5389404296875
noise multiplier 0.028175808489322662
Noise multiplier before  adjustment: 0.001408790424466133
BaseNM 0.5389404296875
noise multiplier 0.033719632774591446
Noise multiplier before  adjustment: 0.0016859816387295723
(50.0, 0.1)
(50.0, 0.01)
(50.0, 0.001)
(50.0, 0.0001)
(30.0, 0.1)
(30.0, 0.01)
(30.0, 0.001)
(30.0, 0.0001)
(20.0, 0.1)
(20.0, 0.01)
(20.0, 0.001)
(20.0, 0.0001)
(10.0, 0.1)
(10.0, 0.01)
(10.0, 0.001)
(10.0, 0.0001)
(5.0, 0.1)
(5.0, 0.01)
(5.0, 0.001)
(5.0, 0.0001)
(1.0, 0.1)
(1.0, 0.01)
(1.0, 0.001)
(1.0, 0.0001)
(0.1, 0.1)
(0.1, 0.01)
(0.1, 0.001)
(0.1, 0.0001)
(50.0, 0.1, 0.0006606039404869079)
(50.0, 0.1, 0.000769929364323616)
(50.0, 0.1, 0.0003902982547879219)
(50.0, 0.1, 0.0005328536033630371)
(50.0, 0.01, 0.0007497489452362061)
(50.0, 0.01, 0.0008321204781532288)
(50.0, 0.01, 0.00043994925916194914)
(50.0, 0.01, 0.0005753445625305176)
(50.0, 0.001, 0.0007847862690687179)
(50.0, 0.001, 0.0009938723593950272)
(50.0, 0.001, 0.0004563990235328674)
(50.0, 0.001, 0.000660228580236435)
(50.0, 0.0001, 0.0009335445612668991)
(50.0, 0.0001, 0.0010266001522541046)
(50.0, 0.0001, 0.00044184803962707517)
(50.0, 0.0001, 0.0005972855165600776)
(30.0, 0.1, 0.0014531823496023815)
(30.0, 0.1, 0.001656157150864601)
(30.0, 0.1, 0.0007072730610768)
(30.0, 0.1, 0.001040828414261341)
(30.0, 0.01, 0.001660004754861196)
(30.0, 0.01, 0.0016433076312144597)
(30.0, 0.01, 0.0009058595324556033)
(30.0, 0.01, 0.0012272634853919347)
(30.0, 0.001, 0.0018195737153291701)
(30.0, 0.001, 0.0019556841502587)
(30.0, 0.001, 0.0009565521031618118)
(30.0, 0.001, 0.0012503507236639659)
(30.0, 0.0001, 0.001944118613998095)
(30.0, 0.0001, 0.0021426623066266377)
(30.0, 0.0001, 0.0010131580755114555)
(30.0, 0.0001, 0.0013219460844993592)
(20.0, 0.1, 0.0026283364742994307)
(20.0, 0.1, 0.002786177583038807)
(20.0, 0.1, 0.001408790424466133)
(20.0, 0.1, 0.0016859816387295723)
BaseNM 0.6243896484375
noise multiplier 0.06099943816661835
Noise multiplier before  adjustment: 0.0030499719083309173
BaseNM 0.6243896484375
noise multiplier 0.058997973799705505
Noise multiplier before  adjustment: 0.0029498986899852754
BaseNM 0.6243896484375
noise multiplier 0.028126653283834457
Noise multiplier before  adjustment: 0.0014063326641917228
BaseNM 0.6243896484375
noise multiplier 0.041524529457092285
Noise multiplier before  adjustment: 0.0020762264728546144
(50.0, 0.1)
(50.0, 0.01)
(50.0, 0.001)
(50.0, 0.0001)
(30.0, 0.1)
(30.0, 0.01)
(30.0, 0.001)
(30.0, 0.0001)
(20.0, 0.1)
(20.0, 0.01)
(20.0, 0.001)
(20.0, 0.0001)
(10.0, 0.1)
(10.0, 0.01)
(10.0, 0.001)
(10.0, 0.0001)
(5.0, 0.1)
(5.0, 0.01)
(5.0, 0.001)
(5.0, 0.0001)
(1.0, 0.1)
(1.0, 0.01)
(1.0, 0.001)
(1.0, 0.0001)
(0.1, 0.1)
(0.1, 0.01)
(0.1, 0.001)
(0.1, 0.0001)
(50.0, 0.1, 0.0006606039404869079)
(50.0, 0.1, 0.000769929364323616)
(50.0, 0.1, 0.0003902982547879219)
(50.0, 0.1, 0.0005328536033630371)
(50.0, 0.01, 0.0007497489452362061)
(50.0, 0.01, 0.0008321204781532288)
(50.0, 0.01, 0.00043994925916194914)
(50.0, 0.01, 0.0005753445625305176)
(50.0, 0.001, 0.0007847862690687179)
(50.0, 0.001, 0.0009938723593950272)
(50.0, 0.001, 0.0004563990235328674)
(50.0, 0.001, 0.000660228580236435)
(50.0, 0.0001, 0.0009335445612668991)
(50.0, 0.0001, 0.0010266001522541046)
(50.0, 0.0001, 0.00044184803962707517)
(50.0, 0.0001, 0.0005972855165600776)
(30.0, 0.1, 0.0014531823496023815)
(30.0, 0.1, 0.001656157150864601)
(30.0, 0.1, 0.0007072730610768)
(30.0, 0.1, 0.001040828414261341)
(30.0, 0.01, 0.001660004754861196)
(30.0, 0.01, 0.0016433076312144597)
(30.0, 0.01, 0.0009058595324556033)
(30.0, 0.01, 0.0012272634853919347)
(30.0, 0.001, 0.0018195737153291701)
(30.0, 0.001, 0.0019556841502587)
(30.0, 0.001, 0.0009565521031618118)
(30.0, 0.001, 0.0012503507236639659)
(30.0, 0.0001, 0.001944118613998095)
(30.0, 0.0001, 0.0021426623066266377)
(30.0, 0.0001, 0.0010131580755114555)
(30.0, 0.0001, 0.0013219460844993592)
(20.0, 0.1, 0.0026283364742994307)
(20.0, 0.1, 0.002786177583038807)
(20.0, 0.1, 0.001408790424466133)
(20.0, 0.1, 0.0016859816387295723)
(20.0, 0.01, 0.0030499719083309173)
(20.0, 0.01, 0.0029498986899852754)
(20.0, 0.01, 0.0014063326641917228)
(20.0, 0.01, 0.0020762264728546144)
BaseNM 0.691375732421875
noise multiplier 0.06477533280849457
Noise multiplier before  adjustment: 0.0032387666404247286
BaseNM 0.691375732421875
noise multiplier 0.0689636692404747
Noise multiplier before  adjustment: 0.003448183462023735
BaseNM 0.691375732421875
noise multiplier 0.03133796527981758
Noise multiplier before  adjustment: 0.001566898263990879
BaseNM 0.691375732421875
noise multiplier 0.04729263857007027
Noise multiplier before  adjustment: 0.0023646319285035135
(50.0, 0.1)
(50.0, 0.01)
(50.0, 0.001)
(50.0, 0.0001)
(30.0, 0.1)
(30.0, 0.01)
(30.0, 0.001)
(30.0, 0.0001)
(20.0, 0.1)
(20.0, 0.01)
(20.0, 0.001)
(20.0, 0.0001)
(10.0, 0.1)
(10.0, 0.01)
(10.0, 0.001)
(10.0, 0.0001)
(5.0, 0.1)
(5.0, 0.01)
(5.0, 0.001)
(5.0, 0.0001)
(1.0, 0.1)
(1.0, 0.01)
(1.0, 0.001)
(1.0, 0.0001)
(0.1, 0.1)
(0.1, 0.01)
(0.1, 0.001)
(0.1, 0.0001)
(50.0, 0.1, 0.0006606039404869079)
(50.0, 0.1, 0.000769929364323616)
(50.0, 0.1, 0.0003902982547879219)
(50.0, 0.1, 0.0005328536033630371)
(50.0, 0.01, 0.0007497489452362061)
(50.0, 0.01, 0.0008321204781532288)
(50.0, 0.01, 0.00043994925916194914)
(50.0, 0.01, 0.0005753445625305176)
(50.0, 0.001, 0.0007847862690687179)
(50.0, 0.001, 0.0009938723593950272)
(50.0, 0.001, 0.0004563990235328674)
(50.0, 0.001, 0.000660228580236435)
(50.0, 0.0001, 0.0009335445612668991)
(50.0, 0.0001, 0.0010266001522541046)
(50.0, 0.0001, 0.00044184803962707517)
(50.0, 0.0001, 0.0005972855165600776)
(30.0, 0.1, 0.0014531823496023815)
(30.0, 0.1, 0.001656157150864601)
(30.0, 0.1, 0.0007072730610768)
(30.0, 0.1, 0.001040828414261341)
(30.0, 0.01, 0.001660004754861196)
(30.0, 0.01, 0.0016433076312144597)
(30.0, 0.01, 0.0009058595324556033)
(30.0, 0.01, 0.0012272634853919347)
(30.0, 0.001, 0.0018195737153291701)
(30.0, 0.001, 0.0019556841502587)
(30.0, 0.001, 0.0009565521031618118)
(30.0, 0.001, 0.0012503507236639659)
(30.0, 0.0001, 0.001944118613998095)
(30.0, 0.0001, 0.0021426623066266377)
(30.0, 0.0001, 0.0010131580755114555)
(30.0, 0.0001, 0.0013219460844993592)
(20.0, 0.1, 0.0026283364742994307)
(20.0, 0.1, 0.002786177583038807)
(20.0, 0.1, 0.001408790424466133)
(20.0, 0.1, 0.0016859816387295723)
(20.0, 0.01, 0.0030499719083309173)
(20.0, 0.01, 0.0029498986899852754)
(20.0, 0.01, 0.0014063326641917228)
(20.0, 0.01, 0.0020762264728546144)
(20.0, 0.001, 0.0032387666404247286)
(20.0, 0.001, 0.003448183462023735)
(20.0, 0.001, 0.001566898263990879)
(20.0, 0.001, 0.0023646319285035135)
BaseNM 0.749053955078125
noise multiplier 0.06931819766759872
Noise multiplier before  adjustment: 0.003465909883379936
BaseNM 0.749053955078125
noise multiplier 0.06736229360103607
Noise multiplier before  adjustment: 0.0033681146800518037
BaseNM 0.749053955078125
noise multiplier 0.039028678089380264
Noise multiplier before  adjustment: 0.0019514339044690132
BaseNM 0.749053955078125
noise multiplier 0.048909708857536316
Noise multiplier before  adjustment: 0.002445485442876816
(50.0, 0.1)
(50.0, 0.01)
(50.0, 0.001)
(50.0, 0.0001)
(30.0, 0.1)
(30.0, 0.01)
(30.0, 0.001)
(30.0, 0.0001)
(20.0, 0.1)
(20.0, 0.01)
(20.0, 0.001)
(20.0, 0.0001)
(10.0, 0.1)
(10.0, 0.01)
(10.0, 0.001)
(10.0, 0.0001)
(5.0, 0.1)
(5.0, 0.01)
(5.0, 0.001)
(5.0, 0.0001)
(1.0, 0.1)
(1.0, 0.01)
(1.0, 0.001)
(1.0, 0.0001)
(0.1, 0.1)
(0.1, 0.01)
(0.1, 0.001)
(0.1, 0.0001)
(50.0, 0.1, 0.0006606039404869079)
(50.0, 0.1, 0.000769929364323616)
(50.0, 0.1, 0.0003902982547879219)
(50.0, 0.1, 0.0005328536033630371)
(50.0, 0.01, 0.0007497489452362061)
(50.0, 0.01, 0.0008321204781532288)
(50.0, 0.01, 0.00043994925916194914)
(50.0, 0.01, 0.0005753445625305176)
(50.0, 0.001, 0.0007847862690687179)
(50.0, 0.001, 0.0009938723593950272)
(50.0, 0.001, 0.0004563990235328674)
(50.0, 0.001, 0.000660228580236435)
(50.0, 0.0001, 0.0009335445612668991)
(50.0, 0.0001, 0.0010266001522541046)
(50.0, 0.0001, 0.00044184803962707517)
(50.0, 0.0001, 0.0005972855165600776)
(30.0, 0.1, 0.0014531823496023815)
(30.0, 0.1, 0.001656157150864601)
(30.0, 0.1, 0.0007072730610768)
(30.0, 0.1, 0.001040828414261341)
(30.0, 0.01, 0.001660004754861196)
(30.0, 0.01, 0.0016433076312144597)
(30.0, 0.01, 0.0009058595324556033)
(30.0, 0.01, 0.0012272634853919347)
(30.0, 0.001, 0.0018195737153291701)
(30.0, 0.001, 0.0019556841502587)
(30.0, 0.001, 0.0009565521031618118)
(30.0, 0.001, 0.0012503507236639659)
(30.0, 0.0001, 0.001944118613998095)
(30.0, 0.0001, 0.0021426623066266377)
(30.0, 0.0001, 0.0010131580755114555)
(30.0, 0.0001, 0.0013219460844993592)
(20.0, 0.1, 0.0026283364742994307)
(20.0, 0.1, 0.002786177583038807)
(20.0, 0.1, 0.001408790424466133)
(20.0, 0.1, 0.0016859816387295723)
(20.0, 0.01, 0.0030499719083309173)
(20.0, 0.01, 0.0029498986899852754)
(20.0, 0.01, 0.0014063326641917228)
(20.0, 0.01, 0.0020762264728546144)
(20.0, 0.001, 0.0032387666404247286)
(20.0, 0.001, 0.003448183462023735)
(20.0, 0.001, 0.001566898263990879)
(20.0, 0.001, 0.0023646319285035135)
(20.0, 0.0001, 0.003465909883379936)
(20.0, 0.0001, 0.0033681146800518037)
(20.0, 0.0001, 0.0019514339044690132)
(20.0, 0.0001, 0.002445485442876816)
BaseNM 0.7086181640625
noise multiplier 0.06556709855794907
Noise multiplier before  adjustment: 0.006556709855794906
BaseNM 0.7086181640625
noise multiplier 0.07488536834716797
Noise multiplier before  adjustment: 0.007488536834716797
BaseNM 0.7086181640625
noise multiplier 0.03423166647553444
Noise multiplier before  adjustment: 0.003423166647553444
BaseNM 0.7086181640625
noise multiplier 0.04817667976021767
Noise multiplier before  adjustment: 0.004817667976021766
(50.0, 0.1)
(50.0, 0.01)
(50.0, 0.001)
(50.0, 0.0001)
(30.0, 0.1)
(30.0, 0.01)
(30.0, 0.001)
(30.0, 0.0001)
(20.0, 0.1)
(20.0, 0.01)
(20.0, 0.001)
(20.0, 0.0001)
(10.0, 0.1)
(10.0, 0.01)
(10.0, 0.001)
(10.0, 0.0001)
(5.0, 0.1)
(5.0, 0.01)
(5.0, 0.001)
(5.0, 0.0001)
(1.0, 0.1)
(1.0, 0.01)
(1.0, 0.001)
(1.0, 0.0001)
(0.1, 0.1)
(0.1, 0.01)
(0.1, 0.001)
(0.1, 0.0001)
(50.0, 0.1, 0.0006606039404869079)
(50.0, 0.1, 0.000769929364323616)
(50.0, 0.1, 0.0003902982547879219)
(50.0, 0.1, 0.0005328536033630371)
(50.0, 0.01, 0.0007497489452362061)
(50.0, 0.01, 0.0008321204781532288)
(50.0, 0.01, 0.00043994925916194914)
(50.0, 0.01, 0.0005753445625305176)
(50.0, 0.001, 0.0007847862690687179)
(50.0, 0.001, 0.0009938723593950272)
(50.0, 0.001, 0.0004563990235328674)
(50.0, 0.001, 0.000660228580236435)
(50.0, 0.0001, 0.0009335445612668991)
(50.0, 0.0001, 0.0010266001522541046)
(50.0, 0.0001, 0.00044184803962707517)
(50.0, 0.0001, 0.0005972855165600776)
(30.0, 0.1, 0.0014531823496023815)
(30.0, 0.1, 0.001656157150864601)
(30.0, 0.1, 0.0007072730610768)
(30.0, 0.1, 0.001040828414261341)
(30.0, 0.01, 0.001660004754861196)
(30.0, 0.01, 0.0016433076312144597)
(30.0, 0.01, 0.0009058595324556033)
(30.0, 0.01, 0.0012272634853919347)
(30.0, 0.001, 0.0018195737153291701)
(30.0, 0.001, 0.0019556841502587)
(30.0, 0.001, 0.0009565521031618118)
(30.0, 0.001, 0.0012503507236639659)
(30.0, 0.0001, 0.001944118613998095)
(30.0, 0.0001, 0.0021426623066266377)
(30.0, 0.0001, 0.0010131580755114555)
(30.0, 0.0001, 0.0013219460844993592)
(20.0, 0.1, 0.0026283364742994307)
(20.0, 0.1, 0.002786177583038807)
(20.0, 0.1, 0.001408790424466133)
(20.0, 0.1, 0.0016859816387295723)
(20.0, 0.01, 0.0030499719083309173)
(20.0, 0.01, 0.0029498986899852754)
(20.0, 0.01, 0.0014063326641917228)
(20.0, 0.01, 0.0020762264728546144)
(20.0, 0.001, 0.0032387666404247286)
(20.0, 0.001, 0.003448183462023735)
(20.0, 0.001, 0.001566898263990879)
(20.0, 0.001, 0.0023646319285035135)
(20.0, 0.0001, 0.003465909883379936)
(20.0, 0.0001, 0.0033681146800518037)
(20.0, 0.0001, 0.0019514339044690132)
(20.0, 0.0001, 0.002445485442876816)
(10.0, 0.1, 0.006556709855794906)
(10.0, 0.1, 0.007488536834716797)
(10.0, 0.1, 0.003423166647553444)
(10.0, 0.1, 0.004817667976021766)
BaseNM 0.85723876953125
noise multiplier 0.08425294607877731
Noise multiplier before  adjustment: 0.00842529460787773
BaseNM 0.85723876953125
noise multiplier 0.09065157920122147
Noise multiplier before  adjustment: 0.009065157920122146
BaseNM 0.85723876953125
noise multiplier 0.039487261325120926
Noise multiplier before  adjustment: 0.003948726132512093
BaseNM 0.85723876953125
noise multiplier 0.05966751277446747
Noise multiplier before  adjustment: 0.005966751277446747
(50.0, 0.1)
(50.0, 0.01)
(50.0, 0.001)
(50.0, 0.0001)
(30.0, 0.1)
(30.0, 0.01)
(30.0, 0.001)
(30.0, 0.0001)
(20.0, 0.1)
(20.0, 0.01)
(20.0, 0.001)
(20.0, 0.0001)
(10.0, 0.1)
(10.0, 0.01)
(10.0, 0.001)
(10.0, 0.0001)
(5.0, 0.1)
(5.0, 0.01)
(5.0, 0.001)
(5.0, 0.0001)
(1.0, 0.1)
(1.0, 0.01)
(1.0, 0.001)
(1.0, 0.0001)
(0.1, 0.1)
(0.1, 0.01)
(0.1, 0.001)
(0.1, 0.0001)
(50.0, 0.1, 0.0006606039404869079)
(50.0, 0.1, 0.000769929364323616)
(50.0, 0.1, 0.0003902982547879219)
(50.0, 0.1, 0.0005328536033630371)
(50.0, 0.01, 0.0007497489452362061)
(50.0, 0.01, 0.0008321204781532288)
(50.0, 0.01, 0.00043994925916194914)
(50.0, 0.01, 0.0005753445625305176)
(50.0, 0.001, 0.0007847862690687179)
(50.0, 0.001, 0.0009938723593950272)
(50.0, 0.001, 0.0004563990235328674)
(50.0, 0.001, 0.000660228580236435)
(50.0, 0.0001, 0.0009335445612668991)
(50.0, 0.0001, 0.0010266001522541046)
(50.0, 0.0001, 0.00044184803962707517)
(50.0, 0.0001, 0.0005972855165600776)
(30.0, 0.1, 0.0014531823496023815)
(30.0, 0.1, 0.001656157150864601)
(30.0, 0.1, 0.0007072730610768)
(30.0, 0.1, 0.001040828414261341)
(30.0, 0.01, 0.001660004754861196)
(30.0, 0.01, 0.0016433076312144597)
(30.0, 0.01, 0.0009058595324556033)
(30.0, 0.01, 0.0012272634853919347)
(30.0, 0.001, 0.0018195737153291701)
(30.0, 0.001, 0.0019556841502587)
(30.0, 0.001, 0.0009565521031618118)
(30.0, 0.001, 0.0012503507236639659)
(30.0, 0.0001, 0.001944118613998095)
(30.0, 0.0001, 0.0021426623066266377)
(30.0, 0.0001, 0.0010131580755114555)
(30.0, 0.0001, 0.0013219460844993592)
(20.0, 0.1, 0.0026283364742994307)
(20.0, 0.1, 0.002786177583038807)
(20.0, 0.1, 0.001408790424466133)
(20.0, 0.1, 0.0016859816387295723)
(20.0, 0.01, 0.0030499719083309173)
(20.0, 0.01, 0.0029498986899852754)
(20.0, 0.01, 0.0014063326641917228)
(20.0, 0.01, 0.0020762264728546144)
(20.0, 0.001, 0.0032387666404247286)
(20.0, 0.001, 0.003448183462023735)
(20.0, 0.001, 0.001566898263990879)
(20.0, 0.001, 0.0023646319285035135)
(20.0, 0.0001, 0.003465909883379936)
(20.0, 0.0001, 0.0033681146800518037)
(20.0, 0.0001, 0.0019514339044690132)
(20.0, 0.0001, 0.002445485442876816)
(10.0, 0.1, 0.006556709855794906)
(10.0, 0.1, 0.007488536834716797)
(10.0, 0.1, 0.003423166647553444)
(10.0, 0.1, 0.004817667976021766)
(10.0, 0.01, 0.00842529460787773)
(10.0, 0.01, 0.009065157920122146)
(10.0, 0.01, 0.003948726132512093)
(10.0, 0.01, 0.005966751277446747)
BaseNM 0.9771728515625
noise multiplier 0.09320233017206192
Noise multiplier before  adjustment: 0.009320233017206192
BaseNM 0.9771728515625
noise multiplier 0.10427480936050415
Noise multiplier before  adjustment: 0.010427480936050415
BaseNM 0.9771728515625
noise multiplier 0.05007461830973625
Noise multiplier before  adjustment: 0.005007461830973625
BaseNM 0.9771728515625
noise multiplier 0.061891648918390274
Noise multiplier before  adjustment: 0.006189164891839028
(50.0, 0.1)
(50.0, 0.01)
(50.0, 0.001)
(50.0, 0.0001)
(30.0, 0.1)
(30.0, 0.01)
(30.0, 0.001)
(30.0, 0.0001)
(20.0, 0.1)
(20.0, 0.01)
(20.0, 0.001)
(20.0, 0.0001)
(10.0, 0.1)
(10.0, 0.01)
(10.0, 0.001)
(10.0, 0.0001)
(5.0, 0.1)
(5.0, 0.01)
(5.0, 0.001)
(5.0, 0.0001)
(1.0, 0.1)
(1.0, 0.01)
(1.0, 0.001)
(1.0, 0.0001)
(0.1, 0.1)
(0.1, 0.01)
(0.1, 0.001)
(0.1, 0.0001)
(50.0, 0.1, 0.0006606039404869079)
(50.0, 0.1, 0.000769929364323616)
(50.0, 0.1, 0.0003902982547879219)
(50.0, 0.1, 0.0005328536033630371)
(50.0, 0.01, 0.0007497489452362061)
(50.0, 0.01, 0.0008321204781532288)
(50.0, 0.01, 0.00043994925916194914)
(50.0, 0.01, 0.0005753445625305176)
(50.0, 0.001, 0.0007847862690687179)
(50.0, 0.001, 0.0009938723593950272)
(50.0, 0.001, 0.0004563990235328674)
(50.0, 0.001, 0.000660228580236435)
(50.0, 0.0001, 0.0009335445612668991)
(50.0, 0.0001, 0.0010266001522541046)
(50.0, 0.0001, 0.00044184803962707517)
(50.0, 0.0001, 0.0005972855165600776)
(30.0, 0.1, 0.0014531823496023815)
(30.0, 0.1, 0.001656157150864601)
(30.0, 0.1, 0.0007072730610768)
(30.0, 0.1, 0.001040828414261341)
(30.0, 0.01, 0.001660004754861196)
(30.0, 0.01, 0.0016433076312144597)
(30.0, 0.01, 0.0009058595324556033)
(30.0, 0.01, 0.0012272634853919347)
(30.0, 0.001, 0.0018195737153291701)
(30.0, 0.001, 0.0019556841502587)
(30.0, 0.001, 0.0009565521031618118)
(30.0, 0.001, 0.0012503507236639659)
(30.0, 0.0001, 0.001944118613998095)
(30.0, 0.0001, 0.0021426623066266377)
(30.0, 0.0001, 0.0010131580755114555)
(30.0, 0.0001, 0.0013219460844993592)
(20.0, 0.1, 0.0026283364742994307)
(20.0, 0.1, 0.002786177583038807)
(20.0, 0.1, 0.001408790424466133)
(20.0, 0.1, 0.0016859816387295723)
(20.0, 0.01, 0.0030499719083309173)
(20.0, 0.01, 0.0029498986899852754)
(20.0, 0.01, 0.0014063326641917228)
(20.0, 0.01, 0.0020762264728546144)
(20.0, 0.001, 0.0032387666404247286)
(20.0, 0.001, 0.003448183462023735)
(20.0, 0.001, 0.001566898263990879)
(20.0, 0.001, 0.0023646319285035135)
(20.0, 0.0001, 0.003465909883379936)
(20.0, 0.0001, 0.0033681146800518037)
(20.0, 0.0001, 0.0019514339044690132)
(20.0, 0.0001, 0.002445485442876816)
(10.0, 0.1, 0.006556709855794906)
(10.0, 0.1, 0.007488536834716797)
(10.0, 0.1, 0.003423166647553444)
(10.0, 0.1, 0.004817667976021766)
(10.0, 0.01, 0.00842529460787773)
(10.0, 0.01, 0.009065157920122146)
(10.0, 0.01, 0.003948726132512093)
(10.0, 0.01, 0.005966751277446747)
(10.0, 0.001, 0.009320233017206192)
(10.0, 0.001, 0.010427480936050415)
(10.0, 0.001, 0.005007461830973625)
(10.0, 0.001, 0.006189164891839028)
BaseNM 1.08154296875
noise multiplier 0.09996151179075241
Noise multiplier before  adjustment: 0.00999615117907524
BaseNM 1.08154296875
noise multiplier 0.11076635867357254
Noise multiplier before  adjustment: 0.011076635867357253
BaseNM 1.08154296875
noise multiplier 0.05028427392244339
Noise multiplier before  adjustment: 0.005028427392244339
BaseNM 1.08154296875
noise multiplier 0.07003389298915863
Noise multiplier before  adjustment: 0.007003389298915863
(50.0, 0.1)
(50.0, 0.01)
(50.0, 0.001)
(50.0, 0.0001)
(30.0, 0.1)
(30.0, 0.01)
(30.0, 0.001)
(30.0, 0.0001)
(20.0, 0.1)
(20.0, 0.01)
(20.0, 0.001)
(20.0, 0.0001)
(10.0, 0.1)
(10.0, 0.01)
(10.0, 0.001)
(10.0, 0.0001)
(5.0, 0.1)
(5.0, 0.01)
(5.0, 0.001)
(5.0, 0.0001)
(1.0, 0.1)
(1.0, 0.01)
(1.0, 0.001)
(1.0, 0.0001)
(0.1, 0.1)
(0.1, 0.01)
(0.1, 0.001)
(0.1, 0.0001)
(50.0, 0.1, 0.0006606039404869079)
(50.0, 0.1, 0.000769929364323616)
(50.0, 0.1, 0.0003902982547879219)
(50.0, 0.1, 0.0005328536033630371)
(50.0, 0.01, 0.0007497489452362061)
(50.0, 0.01, 0.0008321204781532288)
(50.0, 0.01, 0.00043994925916194914)
(50.0, 0.01, 0.0005753445625305176)
(50.0, 0.001, 0.0007847862690687179)
(50.0, 0.001, 0.0009938723593950272)
(50.0, 0.001, 0.0004563990235328674)
(50.0, 0.001, 0.000660228580236435)
(50.0, 0.0001, 0.0009335445612668991)
(50.0, 0.0001, 0.0010266001522541046)
(50.0, 0.0001, 0.00044184803962707517)
(50.0, 0.0001, 0.0005972855165600776)
(30.0, 0.1, 0.0014531823496023815)
(30.0, 0.1, 0.001656157150864601)
(30.0, 0.1, 0.0007072730610768)
(30.0, 0.1, 0.001040828414261341)
(30.0, 0.01, 0.001660004754861196)
(30.0, 0.01, 0.0016433076312144597)
(30.0, 0.01, 0.0009058595324556033)
(30.0, 0.01, 0.0012272634853919347)
(30.0, 0.001, 0.0018195737153291701)
(30.0, 0.001, 0.0019556841502587)
(30.0, 0.001, 0.0009565521031618118)
(30.0, 0.001, 0.0012503507236639659)
(30.0, 0.0001, 0.001944118613998095)
(30.0, 0.0001, 0.0021426623066266377)
(30.0, 0.0001, 0.0010131580755114555)
(30.0, 0.0001, 0.0013219460844993592)
(20.0, 0.1, 0.0026283364742994307)
(20.0, 0.1, 0.002786177583038807)
(20.0, 0.1, 0.001408790424466133)
(20.0, 0.1, 0.0016859816387295723)
(20.0, 0.01, 0.0030499719083309173)
(20.0, 0.01, 0.0029498986899852754)
(20.0, 0.01, 0.0014063326641917228)
(20.0, 0.01, 0.0020762264728546144)
(20.0, 0.001, 0.0032387666404247286)
(20.0, 0.001, 0.003448183462023735)
(20.0, 0.001, 0.001566898263990879)
(20.0, 0.001, 0.0023646319285035135)
(20.0, 0.0001, 0.003465909883379936)
(20.0, 0.0001, 0.0033681146800518037)
(20.0, 0.0001, 0.0019514339044690132)
(20.0, 0.0001, 0.002445485442876816)
(10.0, 0.1, 0.006556709855794906)
(10.0, 0.1, 0.007488536834716797)
(10.0, 0.1, 0.003423166647553444)
(10.0, 0.1, 0.004817667976021766)
(10.0, 0.01, 0.00842529460787773)
(10.0, 0.01, 0.009065157920122146)
(10.0, 0.01, 0.003948726132512093)
(10.0, 0.01, 0.005966751277446747)
(10.0, 0.001, 0.009320233017206192)
(10.0, 0.001, 0.010427480936050415)
(10.0, 0.001, 0.005007461830973625)
(10.0, 0.001, 0.006189164891839028)
(10.0, 0.0001, 0.00999615117907524)
(10.0, 0.0001, 0.011076635867357253)
(10.0, 0.0001, 0.005028427392244339)
(10.0, 0.0001, 0.007003389298915863)
BaseNM 0.953369140625
noise multiplier 0.09439615160226822
Noise multiplier before  adjustment: 0.018879230320453643
BaseNM 0.953369140625
noise multiplier 0.0975896343588829
Noise multiplier before  adjustment: 0.01951792687177658
BaseNM 0.953369140625
noise multiplier 0.048939336091279984
Noise multiplier before  adjustment: 0.009787867218255997
BaseNM 0.953369140625
noise multiplier 0.060049209743738174
Noise multiplier before  adjustment: 0.012009841948747635
(50.0, 0.1)
(50.0, 0.01)
(50.0, 0.001)
(50.0, 0.0001)
(30.0, 0.1)
(30.0, 0.01)
(30.0, 0.001)
(30.0, 0.0001)
(20.0, 0.1)
(20.0, 0.01)
(20.0, 0.001)
(20.0, 0.0001)
(10.0, 0.1)
(10.0, 0.01)
(10.0, 0.001)
(10.0, 0.0001)
(5.0, 0.1)
(5.0, 0.01)
(5.0, 0.001)
(5.0, 0.0001)
(1.0, 0.1)
(1.0, 0.01)
(1.0, 0.001)
(1.0, 0.0001)
(0.1, 0.1)
(0.1, 0.01)
(0.1, 0.001)
(0.1, 0.0001)
(50.0, 0.1, 0.0006606039404869079)
(50.0, 0.1, 0.000769929364323616)
(50.0, 0.1, 0.0003902982547879219)
(50.0, 0.1, 0.0005328536033630371)
(50.0, 0.01, 0.0007497489452362061)
(50.0, 0.01, 0.0008321204781532288)
(50.0, 0.01, 0.00043994925916194914)
(50.0, 0.01, 0.0005753445625305176)
(50.0, 0.001, 0.0007847862690687179)
(50.0, 0.001, 0.0009938723593950272)
(50.0, 0.001, 0.0004563990235328674)
(50.0, 0.001, 0.000660228580236435)
(50.0, 0.0001, 0.0009335445612668991)
(50.0, 0.0001, 0.0010266001522541046)
(50.0, 0.0001, 0.00044184803962707517)
(50.0, 0.0001, 0.0005972855165600776)
(30.0, 0.1, 0.0014531823496023815)
(30.0, 0.1, 0.001656157150864601)
(30.0, 0.1, 0.0007072730610768)
(30.0, 0.1, 0.001040828414261341)
(30.0, 0.01, 0.001660004754861196)
(30.0, 0.01, 0.0016433076312144597)
(30.0, 0.01, 0.0009058595324556033)
(30.0, 0.01, 0.0012272634853919347)
(30.0, 0.001, 0.0018195737153291701)
(30.0, 0.001, 0.0019556841502587)
(30.0, 0.001, 0.0009565521031618118)
(30.0, 0.001, 0.0012503507236639659)
(30.0, 0.0001, 0.001944118613998095)
(30.0, 0.0001, 0.0021426623066266377)
(30.0, 0.0001, 0.0010131580755114555)
(30.0, 0.0001, 0.0013219460844993592)
(20.0, 0.1, 0.0026283364742994307)
(20.0, 0.1, 0.002786177583038807)
(20.0, 0.1, 0.001408790424466133)
(20.0, 0.1, 0.0016859816387295723)
(20.0, 0.01, 0.0030499719083309173)
(20.0, 0.01, 0.0029498986899852754)
(20.0, 0.01, 0.0014063326641917228)
(20.0, 0.01, 0.0020762264728546144)
(20.0, 0.001, 0.0032387666404247286)
(20.0, 0.001, 0.003448183462023735)
(20.0, 0.001, 0.001566898263990879)
(20.0, 0.001, 0.0023646319285035135)
(20.0, 0.0001, 0.003465909883379936)
(20.0, 0.0001, 0.0033681146800518037)
(20.0, 0.0001, 0.0019514339044690132)
(20.0, 0.0001, 0.002445485442876816)
(10.0, 0.1, 0.006556709855794906)
(10.0, 0.1, 0.007488536834716797)
(10.0, 0.1, 0.003423166647553444)
(10.0, 0.1, 0.004817667976021766)
(10.0, 0.01, 0.00842529460787773)
(10.0, 0.01, 0.009065157920122146)
(10.0, 0.01, 0.003948726132512093)
(10.0, 0.01, 0.005966751277446747)
(10.0, 0.001, 0.009320233017206192)
(10.0, 0.001, 0.010427480936050415)
(10.0, 0.001, 0.005007461830973625)
(10.0, 0.001, 0.006189164891839028)
(10.0, 0.0001, 0.00999615117907524)
(10.0, 0.0001, 0.011076635867357253)
(10.0, 0.0001, 0.005028427392244339)
(10.0, 0.0001, 0.007003389298915863)
(5.0, 0.1, 0.018879230320453643)
(5.0, 0.1, 0.01951792687177658)
(5.0, 0.1, 0.009787867218255997)
(5.0, 0.1, 0.012009841948747635)
BaseNM 1.234130859375
noise multiplier 0.11095377057790756
Noise multiplier before  adjustment: 0.022190754115581513
BaseNM 1.234130859375
noise multiplier 0.13242998719215393
Noise multiplier before  adjustment: 0.026485997438430785
BaseNM 1.234130859375
noise multiplier 0.056318070739507675
Noise multiplier before  adjustment: 0.011263614147901535
BaseNM 1.234130859375
noise multiplier 0.08488407731056213
Noise multiplier before  adjustment: 0.016976815462112427
(50.0, 0.1)
(50.0, 0.01)
(50.0, 0.001)
(50.0, 0.0001)
(30.0, 0.1)
(30.0, 0.01)
(30.0, 0.001)
(30.0, 0.0001)
(20.0, 0.1)
(20.0, 0.01)
(20.0, 0.001)
(20.0, 0.0001)
(10.0, 0.1)
(10.0, 0.01)
(10.0, 0.001)
(10.0, 0.0001)
(5.0, 0.1)
(5.0, 0.01)
(5.0, 0.001)
(5.0, 0.0001)
(1.0, 0.1)
(1.0, 0.01)
(1.0, 0.001)
(1.0, 0.0001)
(0.1, 0.1)
(0.1, 0.01)
(0.1, 0.001)
(0.1, 0.0001)
(50.0, 0.1, 0.0006606039404869079)
(50.0, 0.1, 0.000769929364323616)
(50.0, 0.1, 0.0003902982547879219)
(50.0, 0.1, 0.0005328536033630371)
(50.0, 0.01, 0.0007497489452362061)
(50.0, 0.01, 0.0008321204781532288)
(50.0, 0.01, 0.00043994925916194914)
(50.0, 0.01, 0.0005753445625305176)
(50.0, 0.001, 0.0007847862690687179)
(50.0, 0.001, 0.0009938723593950272)
(50.0, 0.001, 0.0004563990235328674)
(50.0, 0.001, 0.000660228580236435)
(50.0, 0.0001, 0.0009335445612668991)
(50.0, 0.0001, 0.0010266001522541046)
(50.0, 0.0001, 0.00044184803962707517)
(50.0, 0.0001, 0.0005972855165600776)
(30.0, 0.1, 0.0014531823496023815)
(30.0, 0.1, 0.001656157150864601)
(30.0, 0.1, 0.0007072730610768)
(30.0, 0.1, 0.001040828414261341)
(30.0, 0.01, 0.001660004754861196)
(30.0, 0.01, 0.0016433076312144597)
(30.0, 0.01, 0.0009058595324556033)
(30.0, 0.01, 0.0012272634853919347)
(30.0, 0.001, 0.0018195737153291701)
(30.0, 0.001, 0.0019556841502587)
(30.0, 0.001, 0.0009565521031618118)
(30.0, 0.001, 0.0012503507236639659)
(30.0, 0.0001, 0.001944118613998095)
(30.0, 0.0001, 0.0021426623066266377)
(30.0, 0.0001, 0.0010131580755114555)
(30.0, 0.0001, 0.0013219460844993592)
(20.0, 0.1, 0.0026283364742994307)
(20.0, 0.1, 0.002786177583038807)
(20.0, 0.1, 0.001408790424466133)
(20.0, 0.1, 0.0016859816387295723)
(20.0, 0.01, 0.0030499719083309173)
(20.0, 0.01, 0.0029498986899852754)
(20.0, 0.01, 0.0014063326641917228)
(20.0, 0.01, 0.0020762264728546144)
(20.0, 0.001, 0.0032387666404247286)
(20.0, 0.001, 0.003448183462023735)
(20.0, 0.001, 0.001566898263990879)
(20.0, 0.001, 0.0023646319285035135)
(20.0, 0.0001, 0.003465909883379936)
(20.0, 0.0001, 0.0033681146800518037)
(20.0, 0.0001, 0.0019514339044690132)
(20.0, 0.0001, 0.002445485442876816)
(10.0, 0.1, 0.006556709855794906)
(10.0, 0.1, 0.007488536834716797)
(10.0, 0.1, 0.003423166647553444)
(10.0, 0.1, 0.004817667976021766)
(10.0, 0.01, 0.00842529460787773)
(10.0, 0.01, 0.009065157920122146)
(10.0, 0.01, 0.003948726132512093)
(10.0, 0.01, 0.005966751277446747)
(10.0, 0.001, 0.009320233017206192)
(10.0, 0.001, 0.010427480936050415)
(10.0, 0.001, 0.005007461830973625)
(10.0, 0.001, 0.006189164891839028)
(10.0, 0.0001, 0.00999615117907524)
(10.0, 0.0001, 0.011076635867357253)
(10.0, 0.0001, 0.005028427392244339)
(10.0, 0.0001, 0.007003389298915863)
(5.0, 0.1, 0.018879230320453643)
(5.0, 0.1, 0.01951792687177658)
(5.0, 0.1, 0.009787867218255997)
(5.0, 0.1, 0.012009841948747635)
(5.0, 0.01, 0.022190754115581513)
(5.0, 0.01, 0.026485997438430785)
(5.0, 0.01, 0.011263614147901535)
(5.0, 0.01, 0.016976815462112427)
BaseNM 1.46728515625
noise multiplier 0.14519517123699188
Noise multiplier before  adjustment: 0.029039034247398378
BaseNM 1.46728515625
noise multiplier 0.15050774812698364
Noise multiplier before  adjustment: 0.03010154962539673
BaseNM 1.46728515625
noise multiplier 0.07653100788593292
Noise multiplier before  adjustment: 0.015306201577186585
BaseNM 1.46728515625
noise multiplier 0.10063406825065613
Noise multiplier before  adjustment: 0.020126813650131227
(50.0, 0.1)
(50.0, 0.01)
(50.0, 0.001)
(50.0, 0.0001)
(30.0, 0.1)
(30.0, 0.01)
(30.0, 0.001)
(30.0, 0.0001)
(20.0, 0.1)
(20.0, 0.01)
(20.0, 0.001)
(20.0, 0.0001)
(10.0, 0.1)
(10.0, 0.01)
(10.0, 0.001)
(10.0, 0.0001)
(5.0, 0.1)
(5.0, 0.01)
(5.0, 0.001)
(5.0, 0.0001)
(1.0, 0.1)
(1.0, 0.01)
(1.0, 0.001)
(1.0, 0.0001)
(0.1, 0.1)
(0.1, 0.01)
(0.1, 0.001)
(0.1, 0.0001)
(50.0, 0.1, 0.0006606039404869079)
(50.0, 0.1, 0.000769929364323616)
(50.0, 0.1, 0.0003902982547879219)
(50.0, 0.1, 0.0005328536033630371)
(50.0, 0.01, 0.0007497489452362061)
(50.0, 0.01, 0.0008321204781532288)
(50.0, 0.01, 0.00043994925916194914)
(50.0, 0.01, 0.0005753445625305176)
(50.0, 0.001, 0.0007847862690687179)
(50.0, 0.001, 0.0009938723593950272)
(50.0, 0.001, 0.0004563990235328674)
(50.0, 0.001, 0.000660228580236435)
(50.0, 0.0001, 0.0009335445612668991)
(50.0, 0.0001, 0.0010266001522541046)
(50.0, 0.0001, 0.00044184803962707517)
(50.0, 0.0001, 0.0005972855165600776)
(30.0, 0.1, 0.0014531823496023815)
(30.0, 0.1, 0.001656157150864601)
(30.0, 0.1, 0.0007072730610768)
(30.0, 0.1, 0.001040828414261341)
(30.0, 0.01, 0.001660004754861196)
(30.0, 0.01, 0.0016433076312144597)
(30.0, 0.01, 0.0009058595324556033)
(30.0, 0.01, 0.0012272634853919347)
(30.0, 0.001, 0.0018195737153291701)
(30.0, 0.001, 0.0019556841502587)
(30.0, 0.001, 0.0009565521031618118)
(30.0, 0.001, 0.0012503507236639659)
(30.0, 0.0001, 0.001944118613998095)
(30.0, 0.0001, 0.0021426623066266377)
(30.0, 0.0001, 0.0010131580755114555)
(30.0, 0.0001, 0.0013219460844993592)
(20.0, 0.1, 0.0026283364742994307)
(20.0, 0.1, 0.002786177583038807)
(20.0, 0.1, 0.001408790424466133)
(20.0, 0.1, 0.0016859816387295723)
(20.0, 0.01, 0.0030499719083309173)
(20.0, 0.01, 0.0029498986899852754)
(20.0, 0.01, 0.0014063326641917228)
(20.0, 0.01, 0.0020762264728546144)
(20.0, 0.001, 0.0032387666404247286)
(20.0, 0.001, 0.003448183462023735)
(20.0, 0.001, 0.001566898263990879)
(20.0, 0.001, 0.0023646319285035135)
(20.0, 0.0001, 0.003465909883379936)
(20.0, 0.0001, 0.0033681146800518037)
(20.0, 0.0001, 0.0019514339044690132)
(20.0, 0.0001, 0.002445485442876816)
(10.0, 0.1, 0.006556709855794906)
(10.0, 0.1, 0.007488536834716797)
(10.0, 0.1, 0.003423166647553444)
(10.0, 0.1, 0.004817667976021766)
(10.0, 0.01, 0.00842529460787773)
(10.0, 0.01, 0.009065157920122146)
(10.0, 0.01, 0.003948726132512093)
(10.0, 0.01, 0.005966751277446747)
(10.0, 0.001, 0.009320233017206192)
(10.0, 0.001, 0.010427480936050415)
(10.0, 0.001, 0.005007461830973625)
(10.0, 0.001, 0.006189164891839028)
(10.0, 0.0001, 0.00999615117907524)
(10.0, 0.0001, 0.011076635867357253)
(10.0, 0.0001, 0.005028427392244339)
(10.0, 0.0001, 0.007003389298915863)
(5.0, 0.1, 0.018879230320453643)
(5.0, 0.1, 0.01951792687177658)
(5.0, 0.1, 0.009787867218255997)
(5.0, 0.1, 0.012009841948747635)
(5.0, 0.01, 0.022190754115581513)
(5.0, 0.01, 0.026485997438430785)
(5.0, 0.01, 0.011263614147901535)
(5.0, 0.01, 0.016976815462112427)
(5.0, 0.001, 0.029039034247398378)
(5.0, 0.001, 0.03010154962539673)
(5.0, 0.001, 0.015306201577186585)
(5.0, 0.001, 0.020126813650131227)
BaseNM 1.6748046875
noise multiplier 0.12522515654563904
Noise multiplier before  adjustment: 0.02504503130912781
BaseNM 1.6748046875
noise multiplier 0.17697753012180328
Noise multiplier before  adjustment: 0.03539550602436066
BaseNM 1.6748046875
noise multiplier 0.08889558166265488
Noise multiplier before  adjustment: 0.017779116332530976
BaseNM 1.6748046875
noise multiplier 0.11468970030546188
Noise multiplier before  adjustment: 0.022937940061092378
(50.0, 0.1)
(50.0, 0.01)
(50.0, 0.001)
(50.0, 0.0001)
(30.0, 0.1)
(30.0, 0.01)
(30.0, 0.001)
(30.0, 0.0001)
(20.0, 0.1)
(20.0, 0.01)
(20.0, 0.001)
(20.0, 0.0001)
(10.0, 0.1)
(10.0, 0.01)
(10.0, 0.001)
(10.0, 0.0001)
(5.0, 0.1)
(5.0, 0.01)
(5.0, 0.001)
(5.0, 0.0001)
(1.0, 0.1)
(1.0, 0.01)
(1.0, 0.001)
(1.0, 0.0001)
(0.1, 0.1)
(0.1, 0.01)
(0.1, 0.001)
(0.1, 0.0001)
(50.0, 0.1, 0.0006606039404869079)
(50.0, 0.1, 0.000769929364323616)
(50.0, 0.1, 0.0003902982547879219)
(50.0, 0.1, 0.0005328536033630371)
(50.0, 0.01, 0.0007497489452362061)
(50.0, 0.01, 0.0008321204781532288)
(50.0, 0.01, 0.00043994925916194914)
(50.0, 0.01, 0.0005753445625305176)
(50.0, 0.001, 0.0007847862690687179)
(50.0, 0.001, 0.0009938723593950272)
(50.0, 0.001, 0.0004563990235328674)
(50.0, 0.001, 0.000660228580236435)
(50.0, 0.0001, 0.0009335445612668991)
(50.0, 0.0001, 0.0010266001522541046)
(50.0, 0.0001, 0.00044184803962707517)
(50.0, 0.0001, 0.0005972855165600776)
(30.0, 0.1, 0.0014531823496023815)
(30.0, 0.1, 0.001656157150864601)
(30.0, 0.1, 0.0007072730610768)
(30.0, 0.1, 0.001040828414261341)
(30.0, 0.01, 0.001660004754861196)
(30.0, 0.01, 0.0016433076312144597)
(30.0, 0.01, 0.0009058595324556033)
(30.0, 0.01, 0.0012272634853919347)
(30.0, 0.001, 0.0018195737153291701)
(30.0, 0.001, 0.0019556841502587)
(30.0, 0.001, 0.0009565521031618118)
(30.0, 0.001, 0.0012503507236639659)
(30.0, 0.0001, 0.001944118613998095)
(30.0, 0.0001, 0.0021426623066266377)
(30.0, 0.0001, 0.0010131580755114555)
(30.0, 0.0001, 0.0013219460844993592)
(20.0, 0.1, 0.0026283364742994307)
(20.0, 0.1, 0.002786177583038807)
(20.0, 0.1, 0.001408790424466133)
(20.0, 0.1, 0.0016859816387295723)
(20.0, 0.01, 0.0030499719083309173)
(20.0, 0.01, 0.0029498986899852754)
(20.0, 0.01, 0.0014063326641917228)
(20.0, 0.01, 0.0020762264728546144)
(20.0, 0.001, 0.0032387666404247286)
(20.0, 0.001, 0.003448183462023735)
(20.0, 0.001, 0.001566898263990879)
(20.0, 0.001, 0.0023646319285035135)
(20.0, 0.0001, 0.003465909883379936)
(20.0, 0.0001, 0.0033681146800518037)
(20.0, 0.0001, 0.0019514339044690132)
(20.0, 0.0001, 0.002445485442876816)
(10.0, 0.1, 0.006556709855794906)
(10.0, 0.1, 0.007488536834716797)
(10.0, 0.1, 0.003423166647553444)
(10.0, 0.1, 0.004817667976021766)
(10.0, 0.01, 0.00842529460787773)
(10.0, 0.01, 0.009065157920122146)
(10.0, 0.01, 0.003948726132512093)
(10.0, 0.01, 0.005966751277446747)
(10.0, 0.001, 0.009320233017206192)
(10.0, 0.001, 0.010427480936050415)
(10.0, 0.001, 0.005007461830973625)
(10.0, 0.001, 0.006189164891839028)
(10.0, 0.0001, 0.00999615117907524)
(10.0, 0.0001, 0.011076635867357253)
(10.0, 0.0001, 0.005028427392244339)
(10.0, 0.0001, 0.007003389298915863)
(5.0, 0.1, 0.018879230320453643)
(5.0, 0.1, 0.01951792687177658)
(5.0, 0.1, 0.009787867218255997)
(5.0, 0.1, 0.012009841948747635)
(5.0, 0.01, 0.022190754115581513)
(5.0, 0.01, 0.026485997438430785)
(5.0, 0.01, 0.011263614147901535)
(5.0, 0.01, 0.016976815462112427)
(5.0, 0.001, 0.029039034247398378)
(5.0, 0.001, 0.03010154962539673)
(5.0, 0.001, 0.015306201577186585)
(5.0, 0.001, 0.020126813650131227)
(5.0, 0.0001, 0.02504503130912781)
(5.0, 0.0001, 0.03539550602436066)
(5.0, 0.0001, 0.017779116332530976)
(5.0, 0.0001, 0.022937940061092378)
BaseNM 2.099609375
noise multiplier 0.19606436789035797
Noise multiplier before  adjustment: 0.19606436789035797
BaseNM 2.099609375
noise multiplier 0.22010335326194763
Noise multiplier before  adjustment: 0.22010335326194763
BaseNM 2.099609375
noise multiplier 0.0985703393816948
Noise multiplier before  adjustment: 0.0985703393816948
BaseNM 2.099609375
noise multiplier 0.13487249612808228
Noise multiplier before  adjustment: 0.13487249612808228
(50.0, 0.1)
(50.0, 0.01)
(50.0, 0.001)
(50.0, 0.0001)
(30.0, 0.1)
(30.0, 0.01)
(30.0, 0.001)
(30.0, 0.0001)
(20.0, 0.1)
(20.0, 0.01)
(20.0, 0.001)
(20.0, 0.0001)
(10.0, 0.1)
(10.0, 0.01)
(10.0, 0.001)
(10.0, 0.0001)
(5.0, 0.1)
(5.0, 0.01)
(5.0, 0.001)
(5.0, 0.0001)
(1.0, 0.1)
(1.0, 0.01)
(1.0, 0.001)
(1.0, 0.0001)
(0.1, 0.1)
(0.1, 0.01)
(0.1, 0.001)
(0.1, 0.0001)
(50.0, 0.1, 0.0006606039404869079)
(50.0, 0.1, 0.000769929364323616)
(50.0, 0.1, 0.0003902982547879219)
(50.0, 0.1, 0.0005328536033630371)
(50.0, 0.01, 0.0007497489452362061)
(50.0, 0.01, 0.0008321204781532288)
(50.0, 0.01, 0.00043994925916194914)
(50.0, 0.01, 0.0005753445625305176)
(50.0, 0.001, 0.0007847862690687179)
(50.0, 0.001, 0.0009938723593950272)
(50.0, 0.001, 0.0004563990235328674)
(50.0, 0.001, 0.000660228580236435)
(50.0, 0.0001, 0.0009335445612668991)
(50.0, 0.0001, 0.0010266001522541046)
(50.0, 0.0001, 0.00044184803962707517)
(50.0, 0.0001, 0.0005972855165600776)
(30.0, 0.1, 0.0014531823496023815)
(30.0, 0.1, 0.001656157150864601)
(30.0, 0.1, 0.0007072730610768)
(30.0, 0.1, 0.001040828414261341)
(30.0, 0.01, 0.001660004754861196)
(30.0, 0.01, 0.0016433076312144597)
(30.0, 0.01, 0.0009058595324556033)
(30.0, 0.01, 0.0012272634853919347)
(30.0, 0.001, 0.0018195737153291701)
(30.0, 0.001, 0.0019556841502587)
(30.0, 0.001, 0.0009565521031618118)
(30.0, 0.001, 0.0012503507236639659)
(30.0, 0.0001, 0.001944118613998095)
(30.0, 0.0001, 0.0021426623066266377)
(30.0, 0.0001, 0.0010131580755114555)
(30.0, 0.0001, 0.0013219460844993592)
(20.0, 0.1, 0.0026283364742994307)
(20.0, 0.1, 0.002786177583038807)
(20.0, 0.1, 0.001408790424466133)
(20.0, 0.1, 0.0016859816387295723)
(20.0, 0.01, 0.0030499719083309173)
(20.0, 0.01, 0.0029498986899852754)
(20.0, 0.01, 0.0014063326641917228)
(20.0, 0.01, 0.0020762264728546144)
(20.0, 0.001, 0.0032387666404247286)
(20.0, 0.001, 0.003448183462023735)
(20.0, 0.001, 0.001566898263990879)
(20.0, 0.001, 0.0023646319285035135)
(20.0, 0.0001, 0.003465909883379936)
(20.0, 0.0001, 0.0033681146800518037)
(20.0, 0.0001, 0.0019514339044690132)
(20.0, 0.0001, 0.002445485442876816)
(10.0, 0.1, 0.006556709855794906)
(10.0, 0.1, 0.007488536834716797)
(10.0, 0.1, 0.003423166647553444)
(10.0, 0.1, 0.004817667976021766)
(10.0, 0.01, 0.00842529460787773)
(10.0, 0.01, 0.009065157920122146)
(10.0, 0.01, 0.003948726132512093)
(10.0, 0.01, 0.005966751277446747)
(10.0, 0.001, 0.009320233017206192)
(10.0, 0.001, 0.010427480936050415)
(10.0, 0.001, 0.005007461830973625)
(10.0, 0.001, 0.006189164891839028)
(10.0, 0.0001, 0.00999615117907524)
(10.0, 0.0001, 0.011076635867357253)
(10.0, 0.0001, 0.005028427392244339)
(10.0, 0.0001, 0.007003389298915863)
(5.0, 0.1, 0.018879230320453643)
(5.0, 0.1, 0.01951792687177658)
(5.0, 0.1, 0.009787867218255997)
(5.0, 0.1, 0.012009841948747635)
(5.0, 0.01, 0.022190754115581513)
(5.0, 0.01, 0.026485997438430785)
(5.0, 0.01, 0.011263614147901535)
(5.0, 0.01, 0.016976815462112427)
(5.0, 0.001, 0.029039034247398378)
(5.0, 0.001, 0.03010154962539673)
(5.0, 0.001, 0.015306201577186585)
(5.0, 0.001, 0.020126813650131227)
(5.0, 0.0001, 0.02504503130912781)
(5.0, 0.0001, 0.03539550602436066)
(5.0, 0.0001, 0.017779116332530976)
(5.0, 0.0001, 0.022937940061092378)
(1.0, 0.1, 0.19606436789035797)
(1.0, 0.1, 0.22010335326194763)
(1.0, 0.1, 0.0985703393816948)
(1.0, 0.1, 0.13487249612808228)
BaseNM 3.57421875
noise multiplier 0.3322036564350128
Noise multiplier before  adjustment: 0.3322036564350128
BaseNM 3.57421875
noise multiplier 0.375425785779953
Noise multiplier before  adjustment: 0.375425785779953
BaseNM 3.57421875
noise multiplier 0.17918696999549866
Noise multiplier before  adjustment: 0.17918696999549866
BaseNM 3.57421875
noise multiplier 0.2681891918182373
Noise multiplier before  adjustment: 0.2681891918182373
(50.0, 0.1)
(50.0, 0.01)
(50.0, 0.001)
(50.0, 0.0001)
(30.0, 0.1)
(30.0, 0.01)
(30.0, 0.001)
(30.0, 0.0001)
(20.0, 0.1)
(20.0, 0.01)
(20.0, 0.001)
(20.0, 0.0001)
(10.0, 0.1)
(10.0, 0.01)
(10.0, 0.001)
(10.0, 0.0001)
(5.0, 0.1)
(5.0, 0.01)
(5.0, 0.001)
(5.0, 0.0001)
(1.0, 0.1)
(1.0, 0.01)
(1.0, 0.001)
(1.0, 0.0001)
(0.1, 0.1)
(0.1, 0.01)
(0.1, 0.001)
(0.1, 0.0001)
(50.0, 0.1, 0.0006606039404869079)
(50.0, 0.1, 0.000769929364323616)
(50.0, 0.1, 0.0003902982547879219)
(50.0, 0.1, 0.0005328536033630371)
(50.0, 0.01, 0.0007497489452362061)
(50.0, 0.01, 0.0008321204781532288)
(50.0, 0.01, 0.00043994925916194914)
(50.0, 0.01, 0.0005753445625305176)
(50.0, 0.001, 0.0007847862690687179)
(50.0, 0.001, 0.0009938723593950272)
(50.0, 0.001, 0.0004563990235328674)
(50.0, 0.001, 0.000660228580236435)
(50.0, 0.0001, 0.0009335445612668991)
(50.0, 0.0001, 0.0010266001522541046)
(50.0, 0.0001, 0.00044184803962707517)
(50.0, 0.0001, 0.0005972855165600776)
(30.0, 0.1, 0.0014531823496023815)
(30.0, 0.1, 0.001656157150864601)
(30.0, 0.1, 0.0007072730610768)
(30.0, 0.1, 0.001040828414261341)
(30.0, 0.01, 0.001660004754861196)
(30.0, 0.01, 0.0016433076312144597)
(30.0, 0.01, 0.0009058595324556033)
(30.0, 0.01, 0.0012272634853919347)
(30.0, 0.001, 0.0018195737153291701)
(30.0, 0.001, 0.0019556841502587)
(30.0, 0.001, 0.0009565521031618118)
(30.0, 0.001, 0.0012503507236639659)
(30.0, 0.0001, 0.001944118613998095)
(30.0, 0.0001, 0.0021426623066266377)
(30.0, 0.0001, 0.0010131580755114555)
(30.0, 0.0001, 0.0013219460844993592)
(20.0, 0.1, 0.0026283364742994307)
(20.0, 0.1, 0.002786177583038807)
(20.0, 0.1, 0.001408790424466133)
(20.0, 0.1, 0.0016859816387295723)
(20.0, 0.01, 0.0030499719083309173)
(20.0, 0.01, 0.0029498986899852754)
(20.0, 0.01, 0.0014063326641917228)
(20.0, 0.01, 0.0020762264728546144)
(20.0, 0.001, 0.0032387666404247286)
(20.0, 0.001, 0.003448183462023735)
(20.0, 0.001, 0.001566898263990879)
(20.0, 0.001, 0.0023646319285035135)
(20.0, 0.0001, 0.003465909883379936)
(20.0, 0.0001, 0.0033681146800518037)
(20.0, 0.0001, 0.0019514339044690132)
(20.0, 0.0001, 0.002445485442876816)
(10.0, 0.1, 0.006556709855794906)
(10.0, 0.1, 0.007488536834716797)
(10.0, 0.1, 0.003423166647553444)
(10.0, 0.1, 0.004817667976021766)
(10.0, 0.01, 0.00842529460787773)
(10.0, 0.01, 0.009065157920122146)
(10.0, 0.01, 0.003948726132512093)
(10.0, 0.01, 0.005966751277446747)
(10.0, 0.001, 0.009320233017206192)
(10.0, 0.001, 0.010427480936050415)
(10.0, 0.001, 0.005007461830973625)
(10.0, 0.001, 0.006189164891839028)
(10.0, 0.0001, 0.00999615117907524)
(10.0, 0.0001, 0.011076635867357253)
(10.0, 0.0001, 0.005028427392244339)
(10.0, 0.0001, 0.007003389298915863)
(5.0, 0.1, 0.018879230320453643)
(5.0, 0.1, 0.01951792687177658)
(5.0, 0.1, 0.009787867218255997)
(5.0, 0.1, 0.012009841948747635)
(5.0, 0.01, 0.022190754115581513)
(5.0, 0.01, 0.026485997438430785)
(5.0, 0.01, 0.011263614147901535)
(5.0, 0.01, 0.016976815462112427)
(5.0, 0.001, 0.029039034247398378)
(5.0, 0.001, 0.03010154962539673)
(5.0, 0.001, 0.015306201577186585)
(5.0, 0.001, 0.020126813650131227)
(5.0, 0.0001, 0.02504503130912781)
(5.0, 0.0001, 0.03539550602436066)
(5.0, 0.0001, 0.017779116332530976)
(5.0, 0.0001, 0.022937940061092378)
(1.0, 0.1, 0.19606436789035797)
(1.0, 0.1, 0.22010335326194763)
(1.0, 0.1, 0.0985703393816948)
(1.0, 0.1, 0.13487249612808228)
(1.0, 0.01, 0.3322036564350128)
(1.0, 0.01, 0.375425785779953)
(1.0, 0.01, 0.17918696999549866)
(1.0, 0.01, 0.2681891918182373)
BaseNM 4.8828125
noise multiplier 0.4820494055747986
Noise multiplier before  adjustment: 0.4820494055747986
BaseNM 4.8828125
noise multiplier 0.49873673915863037
Noise multiplier before  adjustment: 0.49873673915863037
BaseNM 4.8828125
noise multiplier 0.25370609760284424
Noise multiplier before  adjustment: 0.25370609760284424
BaseNM 4.8828125
noise multiplier 0.3451313078403473
Noise multiplier before  adjustment: 0.3451313078403473
(50.0, 0.1)
(50.0, 0.01)
(50.0, 0.001)
(50.0, 0.0001)
(30.0, 0.1)
(30.0, 0.01)
(30.0, 0.001)
(30.0, 0.0001)
(20.0, 0.1)
(20.0, 0.01)
(20.0, 0.001)
(20.0, 0.0001)
(10.0, 0.1)
(10.0, 0.01)
(10.0, 0.001)
(10.0, 0.0001)
(5.0, 0.1)
(5.0, 0.01)
(5.0, 0.001)
(5.0, 0.0001)
(1.0, 0.1)
(1.0, 0.01)
(1.0, 0.001)
(1.0, 0.0001)
(0.1, 0.1)
(0.1, 0.01)
(0.1, 0.001)
(0.1, 0.0001)
(50.0, 0.1, 0.0006606039404869079)
(50.0, 0.1, 0.000769929364323616)
(50.0, 0.1, 0.0003902982547879219)
(50.0, 0.1, 0.0005328536033630371)
(50.0, 0.01, 0.0007497489452362061)
(50.0, 0.01, 0.0008321204781532288)
(50.0, 0.01, 0.00043994925916194914)
(50.0, 0.01, 0.0005753445625305176)
(50.0, 0.001, 0.0007847862690687179)
(50.0, 0.001, 0.0009938723593950272)
(50.0, 0.001, 0.0004563990235328674)
(50.0, 0.001, 0.000660228580236435)
(50.0, 0.0001, 0.0009335445612668991)
(50.0, 0.0001, 0.0010266001522541046)
(50.0, 0.0001, 0.00044184803962707517)
(50.0, 0.0001, 0.0005972855165600776)
(30.0, 0.1, 0.0014531823496023815)
(30.0, 0.1, 0.001656157150864601)
(30.0, 0.1, 0.0007072730610768)
(30.0, 0.1, 0.001040828414261341)
(30.0, 0.01, 0.001660004754861196)
(30.0, 0.01, 0.0016433076312144597)
(30.0, 0.01, 0.0009058595324556033)
(30.0, 0.01, 0.0012272634853919347)
(30.0, 0.001, 0.0018195737153291701)
(30.0, 0.001, 0.0019556841502587)
(30.0, 0.001, 0.0009565521031618118)
(30.0, 0.001, 0.0012503507236639659)
(30.0, 0.0001, 0.001944118613998095)
(30.0, 0.0001, 0.0021426623066266377)
(30.0, 0.0001, 0.0010131580755114555)
(30.0, 0.0001, 0.0013219460844993592)
(20.0, 0.1, 0.0026283364742994307)
(20.0, 0.1, 0.002786177583038807)
(20.0, 0.1, 0.001408790424466133)
(20.0, 0.1, 0.0016859816387295723)
(20.0, 0.01, 0.0030499719083309173)
(20.0, 0.01, 0.0029498986899852754)
(20.0, 0.01, 0.0014063326641917228)
(20.0, 0.01, 0.0020762264728546144)
(20.0, 0.001, 0.0032387666404247286)
(20.0, 0.001, 0.003448183462023735)
(20.0, 0.001, 0.001566898263990879)
(20.0, 0.001, 0.0023646319285035135)
(20.0, 0.0001, 0.003465909883379936)
(20.0, 0.0001, 0.0033681146800518037)
(20.0, 0.0001, 0.0019514339044690132)
(20.0, 0.0001, 0.002445485442876816)
(10.0, 0.1, 0.006556709855794906)
(10.0, 0.1, 0.007488536834716797)
(10.0, 0.1, 0.003423166647553444)
(10.0, 0.1, 0.004817667976021766)
(10.0, 0.01, 0.00842529460787773)
(10.0, 0.01, 0.009065157920122146)
(10.0, 0.01, 0.003948726132512093)
(10.0, 0.01, 0.005966751277446747)
(10.0, 0.001, 0.009320233017206192)
(10.0, 0.001, 0.010427480936050415)
(10.0, 0.001, 0.005007461830973625)
(10.0, 0.001, 0.006189164891839028)
(10.0, 0.0001, 0.00999615117907524)
(10.0, 0.0001, 0.011076635867357253)
(10.0, 0.0001, 0.005028427392244339)
(10.0, 0.0001, 0.007003389298915863)
(5.0, 0.1, 0.018879230320453643)
(5.0, 0.1, 0.01951792687177658)
(5.0, 0.1, 0.009787867218255997)
(5.0, 0.1, 0.012009841948747635)
(5.0, 0.01, 0.022190754115581513)
(5.0, 0.01, 0.026485997438430785)
(5.0, 0.01, 0.011263614147901535)
(5.0, 0.01, 0.016976815462112427)
(5.0, 0.001, 0.029039034247398378)
(5.0, 0.001, 0.03010154962539673)
(5.0, 0.001, 0.015306201577186585)
(5.0, 0.001, 0.020126813650131227)
(5.0, 0.0001, 0.02504503130912781)
(5.0, 0.0001, 0.03539550602436066)
(5.0, 0.0001, 0.017779116332530976)
(5.0, 0.0001, 0.022937940061092378)
(1.0, 0.1, 0.19606436789035797)
(1.0, 0.1, 0.22010335326194763)
(1.0, 0.1, 0.0985703393816948)
(1.0, 0.1, 0.13487249612808228)
(1.0, 0.01, 0.3322036564350128)
(1.0, 0.01, 0.375425785779953)
(1.0, 0.01, 0.17918696999549866)
(1.0, 0.01, 0.2681891918182373)
(1.0, 0.001, 0.4820494055747986)
(1.0, 0.001, 0.49873673915863037)
(1.0, 0.001, 0.25370609760284424)
(1.0, 0.001, 0.3451313078403473)
BaseNM 6.015625
noise multiplier 0.5664985775947571
Noise multiplier before  adjustment: 0.5664985775947571
BaseNM 6.015625
noise multiplier 0.6454667448997498
Noise multiplier before  adjustment: 0.6454667448997498
BaseNM 6.015625
noise multiplier 0.28754791617393494
Noise multiplier before  adjustment: 0.28754791617393494
BaseNM 6.015625
noise multiplier 0.3879670798778534
Noise multiplier before  adjustment: 0.3879670798778534
(50.0, 0.1)
(50.0, 0.01)
(50.0, 0.001)
(50.0, 0.0001)
(30.0, 0.1)
(30.0, 0.01)
(30.0, 0.001)
(30.0, 0.0001)
(20.0, 0.1)
(20.0, 0.01)
(20.0, 0.001)
(20.0, 0.0001)
(10.0, 0.1)
(10.0, 0.01)
(10.0, 0.001)
(10.0, 0.0001)
(5.0, 0.1)
(5.0, 0.01)
(5.0, 0.001)
(5.0, 0.0001)
(1.0, 0.1)
(1.0, 0.01)
(1.0, 0.001)
(1.0, 0.0001)
(0.1, 0.1)
(0.1, 0.01)
(0.1, 0.001)
(0.1, 0.0001)
(50.0, 0.1, 0.0006606039404869079)
(50.0, 0.1, 0.000769929364323616)
(50.0, 0.1, 0.0003902982547879219)
(50.0, 0.1, 0.0005328536033630371)
(50.0, 0.01, 0.0007497489452362061)
(50.0, 0.01, 0.0008321204781532288)
(50.0, 0.01, 0.00043994925916194914)
(50.0, 0.01, 0.0005753445625305176)
(50.0, 0.001, 0.0007847862690687179)
(50.0, 0.001, 0.0009938723593950272)
(50.0, 0.001, 0.0004563990235328674)
(50.0, 0.001, 0.000660228580236435)
(50.0, 0.0001, 0.0009335445612668991)
(50.0, 0.0001, 0.0010266001522541046)
(50.0, 0.0001, 0.00044184803962707517)
(50.0, 0.0001, 0.0005972855165600776)
(30.0, 0.1, 0.0014531823496023815)
(30.0, 0.1, 0.001656157150864601)
(30.0, 0.1, 0.0007072730610768)
(30.0, 0.1, 0.001040828414261341)
(30.0, 0.01, 0.001660004754861196)
(30.0, 0.01, 0.0016433076312144597)
(30.0, 0.01, 0.0009058595324556033)
(30.0, 0.01, 0.0012272634853919347)
(30.0, 0.001, 0.0018195737153291701)
(30.0, 0.001, 0.0019556841502587)
(30.0, 0.001, 0.0009565521031618118)
(30.0, 0.001, 0.0012503507236639659)
(30.0, 0.0001, 0.001944118613998095)
(30.0, 0.0001, 0.0021426623066266377)
(30.0, 0.0001, 0.0010131580755114555)
(30.0, 0.0001, 0.0013219460844993592)
(20.0, 0.1, 0.0026283364742994307)
(20.0, 0.1, 0.002786177583038807)
(20.0, 0.1, 0.001408790424466133)
(20.0, 0.1, 0.0016859816387295723)
(20.0, 0.01, 0.0030499719083309173)
(20.0, 0.01, 0.0029498986899852754)
(20.0, 0.01, 0.0014063326641917228)
(20.0, 0.01, 0.0020762264728546144)
(20.0, 0.001, 0.0032387666404247286)
(20.0, 0.001, 0.003448183462023735)
(20.0, 0.001, 0.001566898263990879)
(20.0, 0.001, 0.0023646319285035135)
(20.0, 0.0001, 0.003465909883379936)
(20.0, 0.0001, 0.0033681146800518037)
(20.0, 0.0001, 0.0019514339044690132)
(20.0, 0.0001, 0.002445485442876816)
(10.0, 0.1, 0.006556709855794906)
(10.0, 0.1, 0.007488536834716797)
(10.0, 0.1, 0.003423166647553444)
(10.0, 0.1, 0.004817667976021766)
(10.0, 0.01, 0.00842529460787773)
(10.0, 0.01, 0.009065157920122146)
(10.0, 0.01, 0.003948726132512093)
(10.0, 0.01, 0.005966751277446747)
(10.0, 0.001, 0.009320233017206192)
(10.0, 0.001, 0.010427480936050415)
(10.0, 0.001, 0.005007461830973625)
(10.0, 0.001, 0.006189164891839028)
(10.0, 0.0001, 0.00999615117907524)
(10.0, 0.0001, 0.011076635867357253)
(10.0, 0.0001, 0.005028427392244339)
(10.0, 0.0001, 0.007003389298915863)
(5.0, 0.1, 0.018879230320453643)
(5.0, 0.1, 0.01951792687177658)
(5.0, 0.1, 0.009787867218255997)
(5.0, 0.1, 0.012009841948747635)
(5.0, 0.01, 0.022190754115581513)
(5.0, 0.01, 0.026485997438430785)
(5.0, 0.01, 0.011263614147901535)
(5.0, 0.01, 0.016976815462112427)
(5.0, 0.001, 0.029039034247398378)
(5.0, 0.001, 0.03010154962539673)
(5.0, 0.001, 0.015306201577186585)
(5.0, 0.001, 0.020126813650131227)
(5.0, 0.0001, 0.02504503130912781)
(5.0, 0.0001, 0.03539550602436066)
(5.0, 0.0001, 0.017779116332530976)
(5.0, 0.0001, 0.022937940061092378)
(1.0, 0.1, 0.19606436789035797)
(1.0, 0.1, 0.22010335326194763)
(1.0, 0.1, 0.0985703393816948)
(1.0, 0.1, 0.13487249612808228)
(1.0, 0.01, 0.3322036564350128)
(1.0, 0.01, 0.375425785779953)
(1.0, 0.01, 0.17918696999549866)
(1.0, 0.01, 0.2681891918182373)
(1.0, 0.001, 0.4820494055747986)
(1.0, 0.001, 0.49873673915863037)
(1.0, 0.001, 0.25370609760284424)
(1.0, 0.001, 0.3451313078403473)
(1.0, 0.0001, 0.5664985775947571)
(1.0, 0.0001, 0.6454667448997498)
(1.0, 0.0001, 0.28754791617393494)
(1.0, 0.0001, 0.3879670798778534)
BaseNM 5.46875
noise multiplier 0.5536198019981384
Noise multiplier before  adjustment: 5.536198019981384
BaseNM 5.46875
noise multiplier 0.5477311015129089
Noise multiplier before  adjustment: 5.477311015129089
BaseNM 5.46875
noise multiplier 0.2855885922908783
Noise multiplier before  adjustment: 2.855885922908783
BaseNM 5.46875
noise multiplier 0.37670379877090454
Noise multiplier before  adjustment: 3.7670379877090454
(50.0, 0.1)
(50.0, 0.01)
(50.0, 0.001)
(50.0, 0.0001)
(30.0, 0.1)
(30.0, 0.01)
(30.0, 0.001)
(30.0, 0.0001)
(20.0, 0.1)
(20.0, 0.01)
(20.0, 0.001)
(20.0, 0.0001)
(10.0, 0.1)
(10.0, 0.01)
(10.0, 0.001)
(10.0, 0.0001)
(5.0, 0.1)
(5.0, 0.01)
(5.0, 0.001)
(5.0, 0.0001)
(1.0, 0.1)
(1.0, 0.01)
(1.0, 0.001)
(1.0, 0.0001)
(0.1, 0.1)
(0.1, 0.01)
(0.1, 0.001)
(0.1, 0.0001)
(50.0, 0.1, 0.0006606039404869079)
(50.0, 0.1, 0.000769929364323616)
(50.0, 0.1, 0.0003902982547879219)
(50.0, 0.1, 0.0005328536033630371)
(50.0, 0.01, 0.0007497489452362061)
(50.0, 0.01, 0.0008321204781532288)
(50.0, 0.01, 0.00043994925916194914)
(50.0, 0.01, 0.0005753445625305176)
(50.0, 0.001, 0.0007847862690687179)
(50.0, 0.001, 0.0009938723593950272)
(50.0, 0.001, 0.0004563990235328674)
(50.0, 0.001, 0.000660228580236435)
(50.0, 0.0001, 0.0009335445612668991)
(50.0, 0.0001, 0.0010266001522541046)
(50.0, 0.0001, 0.00044184803962707517)
(50.0, 0.0001, 0.0005972855165600776)
(30.0, 0.1, 0.0014531823496023815)
(30.0, 0.1, 0.001656157150864601)
(30.0, 0.1, 0.0007072730610768)
(30.0, 0.1, 0.001040828414261341)
(30.0, 0.01, 0.001660004754861196)
(30.0, 0.01, 0.0016433076312144597)
(30.0, 0.01, 0.0009058595324556033)
(30.0, 0.01, 0.0012272634853919347)
(30.0, 0.001, 0.0018195737153291701)
(30.0, 0.001, 0.0019556841502587)
(30.0, 0.001, 0.0009565521031618118)
(30.0, 0.001, 0.0012503507236639659)
(30.0, 0.0001, 0.001944118613998095)
(30.0, 0.0001, 0.0021426623066266377)
(30.0, 0.0001, 0.0010131580755114555)
(30.0, 0.0001, 0.0013219460844993592)
(20.0, 0.1, 0.0026283364742994307)
(20.0, 0.1, 0.002786177583038807)
(20.0, 0.1, 0.001408790424466133)
(20.0, 0.1, 0.0016859816387295723)
(20.0, 0.01, 0.0030499719083309173)
(20.0, 0.01, 0.0029498986899852754)
(20.0, 0.01, 0.0014063326641917228)
(20.0, 0.01, 0.0020762264728546144)
(20.0, 0.001, 0.0032387666404247286)
(20.0, 0.001, 0.003448183462023735)
(20.0, 0.001, 0.001566898263990879)
(20.0, 0.001, 0.0023646319285035135)
(20.0, 0.0001, 0.003465909883379936)
(20.0, 0.0001, 0.0033681146800518037)
(20.0, 0.0001, 0.0019514339044690132)
(20.0, 0.0001, 0.002445485442876816)
(10.0, 0.1, 0.006556709855794906)
(10.0, 0.1, 0.007488536834716797)
(10.0, 0.1, 0.003423166647553444)
(10.0, 0.1, 0.004817667976021766)
(10.0, 0.01, 0.00842529460787773)
(10.0, 0.01, 0.009065157920122146)
(10.0, 0.01, 0.003948726132512093)
(10.0, 0.01, 0.005966751277446747)
(10.0, 0.001, 0.009320233017206192)
(10.0, 0.001, 0.010427480936050415)
(10.0, 0.001, 0.005007461830973625)
(10.0, 0.001, 0.006189164891839028)
(10.0, 0.0001, 0.00999615117907524)
(10.0, 0.0001, 0.011076635867357253)
(10.0, 0.0001, 0.005028427392244339)
(10.0, 0.0001, 0.007003389298915863)
(5.0, 0.1, 0.018879230320453643)
(5.0, 0.1, 0.01951792687177658)
(5.0, 0.1, 0.009787867218255997)
(5.0, 0.1, 0.012009841948747635)
(5.0, 0.01, 0.022190754115581513)
(5.0, 0.01, 0.026485997438430785)
(5.0, 0.01, 0.011263614147901535)
(5.0, 0.01, 0.016976815462112427)
(5.0, 0.001, 0.029039034247398378)
(5.0, 0.001, 0.03010154962539673)
(5.0, 0.001, 0.015306201577186585)
(5.0, 0.001, 0.020126813650131227)
(5.0, 0.0001, 0.02504503130912781)
(5.0, 0.0001, 0.03539550602436066)
(5.0, 0.0001, 0.017779116332530976)
(5.0, 0.0001, 0.022937940061092378)
(1.0, 0.1, 0.19606436789035797)
(1.0, 0.1, 0.22010335326194763)
(1.0, 0.1, 0.0985703393816948)
(1.0, 0.1, 0.13487249612808228)
(1.0, 0.01, 0.3322036564350128)
(1.0, 0.01, 0.375425785779953)
(1.0, 0.01, 0.17918696999549866)
(1.0, 0.01, 0.2681891918182373)
(1.0, 0.001, 0.4820494055747986)
(1.0, 0.001, 0.49873673915863037)
(1.0, 0.001, 0.25370609760284424)
(1.0, 0.001, 0.3451313078403473)
(1.0, 0.0001, 0.5664985775947571)
(1.0, 0.0001, 0.6454667448997498)
(1.0, 0.0001, 0.28754791617393494)
(1.0, 0.0001, 0.3879670798778534)
(0.1, 0.1, 5.536198019981384)
(0.1, 0.1, 5.477311015129089)
(0.1, 0.1, 2.855885922908783)
(0.1, 0.1, 3.7670379877090454)
BaseNM 20
noise multiplier 1.9485647678375244
Noise multiplier before  adjustment: 19.485647678375244
BaseNM 20
noise multiplier 1.991517186164856
Noise multiplier before  adjustment: 19.91517186164856
BaseNM 20
noise multiplier 1.0755060911178589
Noise multiplier before  adjustment: 10.755060911178589
BaseNM 20
noise multiplier 1.2558410167694092
Noise multiplier before  adjustment: 12.558410167694092
(50.0, 0.1)
(50.0, 0.01)
(50.0, 0.001)
(50.0, 0.0001)
(30.0, 0.1)
(30.0, 0.01)
(30.0, 0.001)
(30.0, 0.0001)
(20.0, 0.1)
(20.0, 0.01)
(20.0, 0.001)
(20.0, 0.0001)
(10.0, 0.1)
(10.0, 0.01)
(10.0, 0.001)
(10.0, 0.0001)
(5.0, 0.1)
(5.0, 0.01)
(5.0, 0.001)
(5.0, 0.0001)
(1.0, 0.1)
(1.0, 0.01)
(1.0, 0.001)
(1.0, 0.0001)
(0.1, 0.1)
(0.1, 0.01)
(0.1, 0.001)
(0.1, 0.0001)
(50.0, 0.1, 0.0006606039404869079)
(50.0, 0.1, 0.000769929364323616)
(50.0, 0.1, 0.0003902982547879219)
(50.0, 0.1, 0.0005328536033630371)
(50.0, 0.01, 0.0007497489452362061)
(50.0, 0.01, 0.0008321204781532288)
(50.0, 0.01, 0.00043994925916194914)
(50.0, 0.01, 0.0005753445625305176)
(50.0, 0.001, 0.0007847862690687179)
(50.0, 0.001, 0.0009938723593950272)
(50.0, 0.001, 0.0004563990235328674)
(50.0, 0.001, 0.000660228580236435)
(50.0, 0.0001, 0.0009335445612668991)
(50.0, 0.0001, 0.0010266001522541046)
(50.0, 0.0001, 0.00044184803962707517)
(50.0, 0.0001, 0.0005972855165600776)
(30.0, 0.1, 0.0014531823496023815)
(30.0, 0.1, 0.001656157150864601)
(30.0, 0.1, 0.0007072730610768)
(30.0, 0.1, 0.001040828414261341)
(30.0, 0.01, 0.001660004754861196)
(30.0, 0.01, 0.0016433076312144597)
(30.0, 0.01, 0.0009058595324556033)
(30.0, 0.01, 0.0012272634853919347)
(30.0, 0.001, 0.0018195737153291701)
(30.0, 0.001, 0.0019556841502587)
(30.0, 0.001, 0.0009565521031618118)
(30.0, 0.001, 0.0012503507236639659)
(30.0, 0.0001, 0.001944118613998095)
(30.0, 0.0001, 0.0021426623066266377)
(30.0, 0.0001, 0.0010131580755114555)
(30.0, 0.0001, 0.0013219460844993592)
(20.0, 0.1, 0.0026283364742994307)
(20.0, 0.1, 0.002786177583038807)
(20.0, 0.1, 0.001408790424466133)
(20.0, 0.1, 0.0016859816387295723)
(20.0, 0.01, 0.0030499719083309173)
(20.0, 0.01, 0.0029498986899852754)
(20.0, 0.01, 0.0014063326641917228)
(20.0, 0.01, 0.0020762264728546144)
(20.0, 0.001, 0.0032387666404247286)
(20.0, 0.001, 0.003448183462023735)
(20.0, 0.001, 0.001566898263990879)
(20.0, 0.001, 0.0023646319285035135)
(20.0, 0.0001, 0.003465909883379936)
(20.0, 0.0001, 0.0033681146800518037)
(20.0, 0.0001, 0.0019514339044690132)
(20.0, 0.0001, 0.002445485442876816)
(10.0, 0.1, 0.006556709855794906)
(10.0, 0.1, 0.007488536834716797)
(10.0, 0.1, 0.003423166647553444)
(10.0, 0.1, 0.004817667976021766)
(10.0, 0.01, 0.00842529460787773)
(10.0, 0.01, 0.009065157920122146)
(10.0, 0.01, 0.003948726132512093)
(10.0, 0.01, 0.005966751277446747)
(10.0, 0.001, 0.009320233017206192)
(10.0, 0.001, 0.010427480936050415)
(10.0, 0.001, 0.005007461830973625)
(10.0, 0.001, 0.006189164891839028)
(10.0, 0.0001, 0.00999615117907524)
(10.0, 0.0001, 0.011076635867357253)
(10.0, 0.0001, 0.005028427392244339)
(10.0, 0.0001, 0.007003389298915863)
(5.0, 0.1, 0.018879230320453643)
(5.0, 0.1, 0.01951792687177658)
(5.0, 0.1, 0.009787867218255997)
(5.0, 0.1, 0.012009841948747635)
(5.0, 0.01, 0.022190754115581513)
(5.0, 0.01, 0.026485997438430785)
(5.0, 0.01, 0.011263614147901535)
(5.0, 0.01, 0.016976815462112427)
(5.0, 0.001, 0.029039034247398378)
(5.0, 0.001, 0.03010154962539673)
(5.0, 0.001, 0.015306201577186585)
(5.0, 0.001, 0.020126813650131227)
(5.0, 0.0001, 0.02504503130912781)
(5.0, 0.0001, 0.03539550602436066)
(5.0, 0.0001, 0.017779116332530976)
(5.0, 0.0001, 0.022937940061092378)
(1.0, 0.1, 0.19606436789035797)
(1.0, 0.1, 0.22010335326194763)
(1.0, 0.1, 0.0985703393816948)
(1.0, 0.1, 0.13487249612808228)
(1.0, 0.01, 0.3322036564350128)
(1.0, 0.01, 0.375425785779953)
(1.0, 0.01, 0.17918696999549866)
(1.0, 0.01, 0.2681891918182373)
(1.0, 0.001, 0.4820494055747986)
(1.0, 0.001, 0.49873673915863037)
(1.0, 0.001, 0.25370609760284424)
(1.0, 0.001, 0.3451313078403473)
(1.0, 0.0001, 0.5664985775947571)
(1.0, 0.0001, 0.6454667448997498)
(1.0, 0.0001, 0.28754791617393494)
(1.0, 0.0001, 0.3879670798778534)
(0.1, 0.1, 5.536198019981384)
(0.1, 0.1, 5.477311015129089)
(0.1, 0.1, 2.855885922908783)
(0.1, 0.1, 3.7670379877090454)
(0.1, 0.01, 19.485647678375244)
(0.1, 0.01, 19.91517186164856)
(0.1, 0.01, 10.755060911178589)
(0.1, 0.01, 12.558410167694092)
BaseNM 35.0
noise multiplier 3.110243320465088
Noise multiplier before  adjustment: 31.10243320465088
BaseNM 35.0
noise multiplier 3.5040998458862305
Noise multiplier before  adjustment: 35.040998458862305
BaseNM 35.0
noise multiplier 1.7687431573867798
Noise multiplier before  adjustment: 17.687431573867798
BaseNM 35.0
noise multiplier 2.1596741676330566
Noise multiplier before  adjustment: 21.596741676330566
(50.0, 0.1)
(50.0, 0.01)
(50.0, 0.001)
(50.0, 0.0001)
(30.0, 0.1)
(30.0, 0.01)
(30.0, 0.001)
(30.0, 0.0001)
(20.0, 0.1)
(20.0, 0.01)
(20.0, 0.001)
(20.0, 0.0001)
(10.0, 0.1)
(10.0, 0.01)
(10.0, 0.001)
(10.0, 0.0001)
(5.0, 0.1)
(5.0, 0.01)
(5.0, 0.001)
(5.0, 0.0001)
(1.0, 0.1)
(1.0, 0.01)
(1.0, 0.001)
(1.0, 0.0001)
(0.1, 0.1)
(0.1, 0.01)
(0.1, 0.001)
(0.1, 0.0001)
(50.0, 0.1, 0.0006606039404869079)
(50.0, 0.1, 0.000769929364323616)
(50.0, 0.1, 0.0003902982547879219)
(50.0, 0.1, 0.0005328536033630371)
(50.0, 0.01, 0.0007497489452362061)
(50.0, 0.01, 0.0008321204781532288)
(50.0, 0.01, 0.00043994925916194914)
(50.0, 0.01, 0.0005753445625305176)
(50.0, 0.001, 0.0007847862690687179)
(50.0, 0.001, 0.0009938723593950272)
(50.0, 0.001, 0.0004563990235328674)
(50.0, 0.001, 0.000660228580236435)
(50.0, 0.0001, 0.0009335445612668991)
(50.0, 0.0001, 0.0010266001522541046)
(50.0, 0.0001, 0.00044184803962707517)
(50.0, 0.0001, 0.0005972855165600776)
(30.0, 0.1, 0.0014531823496023815)
(30.0, 0.1, 0.001656157150864601)
(30.0, 0.1, 0.0007072730610768)
(30.0, 0.1, 0.001040828414261341)
(30.0, 0.01, 0.001660004754861196)
(30.0, 0.01, 0.0016433076312144597)
/home/dgxuser16/.local/lib/python3.8/site-packages/opacus/accountants/analysis/rdp.py:332: UserWarning: Optimal order is the largest alpha. Please consider expanding the range of alphas to get a tighter privacy bound.
  warnings.warn(
(30.0, 0.01, 0.0009058595324556033)
(30.0, 0.01, 0.0012272634853919347)
(30.0, 0.001, 0.0018195737153291701)
(30.0, 0.001, 0.0019556841502587)
(30.0, 0.001, 0.0009565521031618118)
(30.0, 0.001, 0.0012503507236639659)
(30.0, 0.0001, 0.001944118613998095)
(30.0, 0.0001, 0.0021426623066266377)
(30.0, 0.0001, 0.0010131580755114555)
(30.0, 0.0001, 0.0013219460844993592)
(20.0, 0.1, 0.0026283364742994307)
(20.0, 0.1, 0.002786177583038807)
(20.0, 0.1, 0.001408790424466133)
(20.0, 0.1, 0.0016859816387295723)
(20.0, 0.01, 0.0030499719083309173)
(20.0, 0.01, 0.0029498986899852754)
(20.0, 0.01, 0.0014063326641917228)
(20.0, 0.01, 0.0020762264728546144)
(20.0, 0.001, 0.0032387666404247286)
(20.0, 0.001, 0.003448183462023735)
(20.0, 0.001, 0.001566898263990879)
(20.0, 0.001, 0.0023646319285035135)
(20.0, 0.0001, 0.003465909883379936)
(20.0, 0.0001, 0.0033681146800518037)
(20.0, 0.0001, 0.0019514339044690132)
(20.0, 0.0001, 0.002445485442876816)
(10.0, 0.1, 0.006556709855794906)
(10.0, 0.1, 0.007488536834716797)
(10.0, 0.1, 0.003423166647553444)
(10.0, 0.1, 0.004817667976021766)
(10.0, 0.01, 0.00842529460787773)
(10.0, 0.01, 0.009065157920122146)
(10.0, 0.01, 0.003948726132512093)
(10.0, 0.01, 0.005966751277446747)
(10.0, 0.001, 0.009320233017206192)
(10.0, 0.001, 0.010427480936050415)
(10.0, 0.001, 0.005007461830973625)
(10.0, 0.001, 0.006189164891839028)
(10.0, 0.0001, 0.00999615117907524)
(10.0, 0.0001, 0.011076635867357253)
(10.0, 0.0001, 0.005028427392244339)
(10.0, 0.0001, 0.007003389298915863)
(5.0, 0.1, 0.018879230320453643)
(5.0, 0.1, 0.01951792687177658)
(5.0, 0.1, 0.009787867218255997)
(5.0, 0.1, 0.012009841948747635)
(5.0, 0.01, 0.022190754115581513)
(5.0, 0.01, 0.026485997438430785)
(5.0, 0.01, 0.011263614147901535)
(5.0, 0.01, 0.016976815462112427)
(5.0, 0.001, 0.029039034247398378)
(5.0, 0.001, 0.03010154962539673)
(5.0, 0.001, 0.015306201577186585)
(5.0, 0.001, 0.020126813650131227)
(5.0, 0.0001, 0.02504503130912781)
(5.0, 0.0001, 0.03539550602436066)
(5.0, 0.0001, 0.017779116332530976)
(5.0, 0.0001, 0.022937940061092378)
(1.0, 0.1, 0.19606436789035797)
(1.0, 0.1, 0.22010335326194763)
(1.0, 0.1, 0.0985703393816948)
(1.0, 0.1, 0.13487249612808228)
(1.0, 0.01, 0.3322036564350128)
(1.0, 0.01, 0.375425785779953)
(1.0, 0.01, 0.17918696999549866)
(1.0, 0.01, 0.2681891918182373)
(1.0, 0.001, 0.4820494055747986)
(1.0, 0.001, 0.49873673915863037)
(1.0, 0.001, 0.25370609760284424)
(1.0, 0.001, 0.3451313078403473)
(1.0, 0.0001, 0.5664985775947571)
(1.0, 0.0001, 0.6454667448997498)
(1.0, 0.0001, 0.28754791617393494)
(1.0, 0.0001, 0.3879670798778534)
(0.1, 0.1, 5.536198019981384)
(0.1, 0.1, 5.477311015129089)
(0.1, 0.1, 2.855885922908783)
(0.1, 0.1, 3.7670379877090454)
(0.1, 0.01, 19.485647678375244)
(0.1, 0.01, 19.91517186164856)
(0.1, 0.01, 10.755060911178589)
(0.1, 0.01, 12.558410167694092)
(0.1, 0.001, 31.10243320465088)
(0.1, 0.001, 35.040998458862305)
(0.1, 0.001, 17.687431573867798)
(0.1, 0.001, 21.596741676330566)
BaseNM 50.0
noise multiplier 4.740234851837158
Noise multiplier before  adjustment: 47.40234851837158
BaseNM 50.0
noise multiplier 5.028090000152588
Noise multiplier before  adjustment: 50.28090000152588
BaseNM 50.0
noise multiplier 2.6911981105804443
Noise multiplier before  adjustment: 26.911981105804443
BaseNM 50.0
noise multiplier 3.6741137504577637
Noise multiplier before  adjustment: 36.74113750457764
(50.0, 0.1)
(50.0, 0.01)
(50.0, 0.001)
(50.0, 0.0001)
(30.0, 0.1)
(30.0, 0.01)
(30.0, 0.001)
(30.0, 0.0001)
(20.0, 0.1)
(20.0, 0.01)
(20.0, 0.001)
(20.0, 0.0001)
(10.0, 0.1)
(10.0, 0.01)
(10.0, 0.001)
(10.0, 0.0001)
(5.0, 0.1)
(5.0, 0.01)
(5.0, 0.001)
(5.0, 0.0001)
(1.0, 0.1)
(1.0, 0.01)
(1.0, 0.001)
(1.0, 0.0001)
(0.1, 0.1)
(0.1, 0.01)
(0.1, 0.001)
(0.1, 0.0001)
(50.0, 0.1, 0.0006606039404869079)
(50.0, 0.1, 0.000769929364323616)
(50.0, 0.1, 0.0003902982547879219)
(50.0, 0.1, 0.0005328536033630371)
(50.0, 0.01, 0.0007497489452362061)
(50.0, 0.01, 0.0008321204781532288)
(50.0, 0.01, 0.00043994925916194914)
(50.0, 0.01, 0.0005753445625305176)
(50.0, 0.001, 0.0007847862690687179)
(50.0, 0.001, 0.0009938723593950272)
(50.0, 0.001, 0.0004563990235328674)
(50.0, 0.001, 0.000660228580236435)
(50.0, 0.0001, 0.0009335445612668991)
(50.0, 0.0001, 0.0010266001522541046)
(50.0, 0.0001, 0.00044184803962707517)
(50.0, 0.0001, 0.0005972855165600776)
(30.0, 0.1, 0.0014531823496023815)
(30.0, 0.1, 0.001656157150864601)
(30.0, 0.1, 0.0007072730610768)
(30.0, 0.1, 0.001040828414261341)
(30.0, 0.01, 0.001660004754861196)
(30.0, 0.01, 0.0016433076312144597)
(30.0, 0.01, 0.0009058595324556033)
(30.0, 0.01, 0.0012272634853919347)
(30.0, 0.001, 0.0018195737153291701)
(30.0, 0.001, 0.0019556841502587)
(30.0, 0.001, 0.0009565521031618118)
(30.0, 0.001, 0.0012503507236639659)
(30.0, 0.0001, 0.001944118613998095)
(30.0, 0.0001, 0.0021426623066266377)
(30.0, 0.0001, 0.0010131580755114555)
(30.0, 0.0001, 0.0013219460844993592)
(20.0, 0.1, 0.0026283364742994307)
(20.0, 0.1, 0.002786177583038807)
(20.0, 0.1, 0.001408790424466133)
(20.0, 0.1, 0.0016859816387295723)
(20.0, 0.01, 0.0030499719083309173)
(20.0, 0.01, 0.0029498986899852754)
(20.0, 0.01, 0.0014063326641917228)
(20.0, 0.01, 0.0020762264728546144)
(20.0, 0.001, 0.0032387666404247286)
(20.0, 0.001, 0.003448183462023735)
(20.0, 0.001, 0.001566898263990879)
(20.0, 0.001, 0.0023646319285035135)
(20.0, 0.0001, 0.003465909883379936)
(20.0, 0.0001, 0.0033681146800518037)
(20.0, 0.0001, 0.0019514339044690132)
(20.0, 0.0001, 0.002445485442876816)
(10.0, 0.1, 0.006556709855794906)
(10.0, 0.1, 0.007488536834716797)
(10.0, 0.1, 0.003423166647553444)
(10.0, 0.1, 0.004817667976021766)
(10.0, 0.01, 0.00842529460787773)
(10.0, 0.01, 0.009065157920122146)
(10.0, 0.01, 0.003948726132512093)
(10.0, 0.01, 0.005966751277446747)
(10.0, 0.001, 0.009320233017206192)
(10.0, 0.001, 0.010427480936050415)
(10.0, 0.001, 0.005007461830973625)
(10.0, 0.001, 0.006189164891839028)
(10.0, 0.0001, 0.00999615117907524)
(10.0, 0.0001, 0.011076635867357253)
(10.0, 0.0001, 0.005028427392244339)
(10.0, 0.0001, 0.007003389298915863)
(5.0, 0.1, 0.018879230320453643)
(5.0, 0.1, 0.01951792687177658)
(5.0, 0.1, 0.009787867218255997)
(5.0, 0.1, 0.012009841948747635)
(5.0, 0.01, 0.022190754115581513)
(5.0, 0.01, 0.026485997438430785)
(5.0, 0.01, 0.011263614147901535)
(5.0, 0.01, 0.016976815462112427)
(5.0, 0.001, 0.029039034247398378)
(5.0, 0.001, 0.03010154962539673)
(5.0, 0.001, 0.015306201577186585)
(5.0, 0.001, 0.020126813650131227)
(5.0, 0.0001, 0.02504503130912781)
(5.0, 0.0001, 0.03539550602436066)
(5.0, 0.0001, 0.017779116332530976)
(5.0, 0.0001, 0.022937940061092378)
(1.0, 0.1, 0.19606436789035797)
(1.0, 0.1, 0.22010335326194763)
(1.0, 0.1, 0.0985703393816948)
(1.0, 0.1, 0.13487249612808228)
(1.0, 0.01, 0.3322036564350128)
(1.0, 0.01, 0.375425785779953)
(1.0, 0.01, 0.17918696999549866)
(1.0, 0.01, 0.2681891918182373)
(1.0, 0.001, 0.4820494055747986)
(1.0, 0.001, 0.49873673915863037)
(1.0, 0.001, 0.25370609760284424)
(1.0, 0.001, 0.3451313078403473)
(1.0, 0.0001, 0.5664985775947571)
(1.0, 0.0001, 0.6454667448997498)
(1.0, 0.0001, 0.28754791617393494)
(1.0, 0.0001, 0.3879670798778534)
(0.1, 0.1, 5.536198019981384)
(0.1, 0.1, 5.477311015129089)
(0.1, 0.1, 2.855885922908783)
(0.1, 0.1, 3.7670379877090454)
(0.1, 0.01, 19.485647678375244)
(0.1, 0.01, 19.91517186164856)
(0.1, 0.01, 10.755060911178589)
(0.1, 0.01, 12.558410167694092)
(0.1, 0.001, 31.10243320465088)
(0.1, 0.001, 35.040998458862305)
(0.1, 0.001, 17.687431573867798)
(0.1, 0.001, 21.596741676330566)
(0.1, 0.0001, 47.40234851837158)
(0.1, 0.0001, 50.28090000152588)
(0.1, 0.0001, 26.911981105804443)
(0.1, 0.0001, 36.74113750457764)
  0%|          | 0/15 [00:00<?, ?it/s]  7%|         | 1/15 [00:05<01:18,  5.63s/it] 13%|        | 2/15 [00:10<01:10,  5.45s/it] 20%|        | 3/15 [00:16<01:06,  5.54s/it] 27%|       | 4/15 [00:22<01:01,  5.57s/it] 33%|      | 5/15 [00:27<00:54,  5.43s/it] 40%|      | 6/15 [00:32<00:48,  5.42s/it] 47%|     | 7/15 [00:37<00:42,  5.31s/it] 53%|    | 8/15 [00:43<00:37,  5.42s/it] 60%|    | 9/15 [00:48<00:32,  5.37s/it] 67%|   | 10/15 [00:54<00:27,  5.42s/it] 73%|  | 11/15 [00:59<00:21,  5.32s/it] 80%|  | 12/15 [01:04<00:16,  5.35s/it] 87%| | 13/15 [01:10<00:10,  5.43s/it] 93%|| 14/15 [01:15<00:05,  5.18s/it]100%|| 15/15 [01:20<00:00,  5.12s/it]100%|| 15/15 [01:20<00:00,  5.33s/it]
  0%|          | 0/4 [00:00<?, ?it/s] 25%|       | 1/4 [00:00<00:01,  2.39it/s] 50%|     | 2/4 [00:00<00:00,  2.57it/s]100%|| 4/4 [00:01<00:00,  4.41it/s]100%|| 4/4 [00:01<00:00,  3.82it/s]
Mean performance without DP, Perf=0.6914917050801882
  0%|          | 0/140 [00:00<?, ?it/s]/home/dgxuser16/.local/lib/python3.8/site-packages/opacus/privacy_engine.py:95: UserWarning: Secure RNG turned off. This is perfectly fine for experimentation as it allows for much faster training performance, but remember to turn it on and retrain one last time before production with ``secure_mode`` turned on.
  warnings.warn(
/home/dgxuser16/.local/lib/python3.8/site-packages/opacus/accountants/analysis/rdp.py:332: UserWarning: Optimal order is the largest alpha. Please consider expanding the range of alphas to get a tighter privacy bound.
  warnings.warn(
/home/dgxuser16/.local/lib/python3.8/site-packages/opacus/accountants/analysis/rdp.py:332: UserWarning: Optimal order is the smallest alpha. Please consider expanding the range of alphas to get a tighter privacy bound.
  warnings.warn(
/home/dgxuser16/.local/lib/python3.8/site-packages/opacus/accountants/analysis/prv/prvs.py:52: RuntimeWarning: overflow encountered in exp
  z = np.log(np.where(t > np.log(1 - q), (np.exp(t) + q - 1) / q, 1))
/home/dgxuser16/.local/lib/python3.8/site-packages/opacus/accountants/analysis/prv/prvs.py:52: RuntimeWarning: overflow encountered in divide
  z = np.log(np.where(t > np.log(1 - q), (np.exp(t) + q - 1) / q, 1))
/home/dgxuser16/.local/lib/python3.8/site-packages/opacus/accountants/analysis/prv/prvs.py:145: RuntimeWarning: overflow encountered in exp
  d2 = np.flip(np.flip(p * np.exp(-t)).cumsum())
/home/dgxuser16/.local/lib/python3.8/site-packages/opacus/accountants/analysis/prv/prvs.py:145: RuntimeWarning: invalid value encountered in accumulate
  d2 = np.flip(np.flip(p * np.exp(-t)).cumsum())
/home/dgxuser16/.local/lib/python3.8/site-packages/opacus/accountants/analysis/prv/prvs.py:146: RuntimeWarning: overflow encountered in exp
  ndelta = np.exp(t) * d2 - d1
/home/dgxuser16/.local/lib/python3.8/site-packages/opacus/accountants/analysis/prv/prvs.py:146: RuntimeWarning: invalid value encountered in multiply
  ndelta = np.exp(t) * d2 - d1

  0%|          | 0/15 [00:00<?, ?it/s][A/home/dgxuser16/.local/lib/python3.8/site-packages/torch/nn/modules/module.py:1359: UserWarning: Using a non-full backward hook when the forward contains multiple autograd Nodes is deprecated and will be removed in future versions. This hook will be missing some grad_input. Please use register_full_backward_hook to get the documented behavior.
  warnings.warn("Using a non-full backward hook when the forward contains multiple autograd Nodes "

  7%|         | 1/15 [00:05<01:11,  5.08s/it][A
 13%|        | 2/15 [00:10<01:11,  5.53s/it][A
 20%|        | 3/15 [00:16<01:08,  5.67s/it][A
 27%|       | 4/15 [00:22<01:02,  5.71s/it][A
 33%|      | 5/15 [00:28<00:57,  5.75s/it][A
 40%|      | 6/15 [00:33<00:51,  5.68s/it][A
 47%|     | 7/15 [00:39<00:45,  5.69s/it][A
 53%|    | 8/15 [00:45<00:39,  5.68s/it][A
 60%|    | 9/15 [00:50<00:34,  5.70s/it][A
 67%|   | 10/15 [00:56<00:28,  5.66s/it][A
 73%|  | 11/15 [01:02<00:22,  5.71s/it][A
 80%|  | 12/15 [01:08<00:17,  5.74s/it][A
 87%| | 13/15 [01:13<00:11,  5.69s/it][A
 93%|| 14/15 [01:19<00:05,  5.66s/it][A
100%|| 15/15 [01:25<00:00,  5.67s/it][A100%|| 15/15 [01:25<00:00,  5.67s/it]

  0%|          | 0/4 [00:00<?, ?it/s][A
 25%|       | 1/4 [00:00<00:01,  2.36it/s][A
 50%|     | 2/4 [00:00<00:00,  2.51it/s][A
100%|| 4/4 [00:01<00:00,  4.35it/s][A100%|| 4/4 [00:01<00:00,  3.76it/s]
  1%|          | 1/140 [03:47<8:47:38, 227.76s/it]Mean performance eps=50.0, delta=0.1, Perf=0.6846853092288485

  0%|          | 0/15 [00:00<?, ?it/s][A
  7%|         | 1/15 [00:05<01:19,  5.69s/it][A
 13%|        | 2/15 [00:11<01:13,  5.62s/it][A
 20%|        | 3/15 [00:17<01:08,  5.71s/it][A
 27%|       | 4/15 [00:22<01:03,  5.76s/it][A
 33%|      | 5/15 [00:28<00:57,  5.73s/it][A
 40%|      | 6/15 [00:34<00:51,  5.75s/it][A
 47%|     | 7/15 [00:39<00:45,  5.70s/it][A
 53%|    | 8/15 [00:45<00:39,  5.69s/it][A
 60%|    | 9/15 [00:51<00:34,  5.71s/it][A
 67%|   | 10/15 [00:57<00:28,  5.70s/it][A
 73%|  | 11/15 [01:02<00:22,  5.69s/it][A
 80%|  | 12/15 [01:08<00:17,  5.72s/it][A
 87%| | 13/15 [01:14<00:11,  5.74s/it][A
 93%|| 14/15 [01:19<00:05,  5.66s/it][A
100%|| 15/15 [01:25<00:00,  5.52s/it][A100%|| 15/15 [01:25<00:00,  5.67s/it]

  0%|          | 0/4 [00:00<?, ?it/s][A
 25%|       | 1/4 [00:00<00:01,  2.39it/s][A
 50%|     | 2/4 [00:00<00:00,  2.56it/s][A
100%|| 4/4 [00:01<00:00,  4.40it/s][A100%|| 4/4 [00:01<00:00,  3.81it/s]
  1%|         | 2/140 [06:33<7:20:21, 191.46s/it]Mean performance eps=50.0, delta=0.01, Perf=0.6842801666186498

  0%|          | 0/15 [00:00<?, ?it/s][A
  7%|         | 1/15 [00:05<01:17,  5.50s/it][A
 13%|        | 2/15 [00:11<01:12,  5.55s/it][A
 20%|        | 3/15 [00:16<01:08,  5.68s/it][A
 27%|       | 4/15 [00:22<01:02,  5.70s/it][A
 33%|      | 5/15 [00:28<00:56,  5.63s/it][A
 40%|      | 6/15 [00:33<00:49,  5.56s/it][A
 47%|     | 7/15 [00:39<00:44,  5.55s/it][A
 53%|    | 8/15 [00:45<00:39,  5.67s/it][A
 60%|    | 9/15 [00:50<00:34,  5.70s/it][A
 67%|   | 10/15 [00:56<00:28,  5.67s/it][A
 73%|  | 11/15 [01:01<00:22,  5.60s/it][A
 80%|  | 12/15 [01:07<00:16,  5.63s/it][A
 87%| | 13/15 [01:13<00:11,  5.64s/it][A
 93%|| 14/15 [01:18<00:05,  5.65s/it][A
100%|| 15/15 [01:24<00:00,  5.71s/it][A100%|| 15/15 [01:24<00:00,  5.65s/it]

  0%|          | 0/4 [00:00<?, ?it/s][A
 25%|       | 1/4 [00:00<00:00,  4.75it/s][A
 50%|     | 2/4 [00:00<00:00,  3.41it/s][A
100%|| 4/4 [00:00<00:00,  5.25it/s][A100%|| 4/4 [00:00<00:00,  4.87it/s]
  2%|         | 3/140 [09:11<6:41:26, 175.82s/it]Mean performance eps=50.0, delta=0.001, Perf=0.6842801666186498

  0%|          | 0/15 [00:00<?, ?it/s][A
  7%|         | 1/15 [00:05<01:19,  5.66s/it][A