nohup: ignoring input
/home/dgxuser16/anaconda3/envs/ihpc/lib/python3.8/site-packages/albumentations/__init__.py:13: UserWarning: A new version of Albumentations is available: 2.0.3 (you have 1.4.18). Upgrade using: pip install -U albumentations. To disable automatic update checks, set the environment variable NO_ALBUMENTATIONS_UPDATE to 1.
  check_for_updates()
/raid/home/dgxuser16/NTL/mccarthy/ahmad/github/adaptive_privacy_fl/isic/fixed_noise/0.41, e=30/flamby/datasets/fed_isic2019/dataset.py:222: DeprecationWarning: Flip is deprecated. Consider using HorizontalFlip, VerticalFlip, RandomRotate90 or D4.
  albumentations.Flip(p=0.5),
/home/dgxuser16/anaconda3/envs/ihpc/lib/python3.8/site-packages/pydantic/main.py:214: DeprecationWarning: `max_holes` is deprecated. Use num_holes_range instead.
  validated_self = self.__pydantic_validator__.validate_python(data, self_instance=self)
/home/dgxuser16/anaconda3/envs/ihpc/lib/python3.8/site-packages/pydantic/main.py:214: DeprecationWarning: `max_height` is deprecated. Use hole_height_range instead.
  validated_self = self.__pydantic_validator__.validate_python(data, self_instance=self)
/home/dgxuser16/anaconda3/envs/ihpc/lib/python3.8/site-packages/pydantic/main.py:214: DeprecationWarning: `max_width` is deprecated. Use hole_width_range instead.
  validated_self = self.__pydantic_validator__.validate_python(data, self_instance=self)
/home/dgxuser16/anaconda3/envs/ihpc/lib/python3.8/site-packages/albumentations/core/validation.py:45: DeprecationWarning: always_apply is deprecated. Use `p=1` if you want to always apply the transform. self.p will be set to 1.
  original_init(self, **validated_kwargs)
/home/dgxuser16/anaconda3/envs/ihpc/lib/python3.8/site-packages/albumentations/core/validation.py:45: DeprecationWarning: always_apply is deprecated. Use `p=1` if you want to always apply the transform. self.p will be set to 1.
  original_init(self, **validated_kwargs)
/home/dgxuser16/anaconda3/envs/ihpc/lib/python3.8/site-packages/opacus/privacy_engine.py:95: UserWarning: Secure RNG turned off. This is perfectly fine for experimentation as it allows for much faster training performance, but remember to turn it on and retrain one last time before production with ``secure_mode`` turned on.
  warnings.warn(
02/06/2025 09:48:03:DEBUG:Opened insecure gRPC connection (no certificates were passed)
02/06/2025 09:48:03:DEBUG:ChannelConnectivity.IDLE
02/06/2025 09:48:03:DEBUG:ChannelConnectivity.CONNECTING
02/06/2025 09:48:03:DEBUG:ChannelConnectivity.READY
WARNING: All log messages before absl::InitializeLog() is called are written to STDERR
I0000 00:00:1738864083.696053  607650 fork_posix.cc:75] Other threads are currently calling into gRPC, skipping fork() handlers
[92mINFO [0m:      
02/06/2025 09:48:37:INFO:
[92mINFO [0m:      Received: train message d3f734ae-1e3d-432f-8b23-b8041364df2a
02/06/2025 09:48:37:INFO:Received: train message d3f734ae-1e3d-432f-8b23-b8041364df2a
/home/dgxuser16/anaconda3/envs/ihpc/lib/python3.8/site-packages/torch/nn/modules/module.py:1640: FutureWarning: Using a non-full backward hook when the forward contains multiple autograd Nodes is deprecated and will be removed in future versions. This hook will be missing some grad_input. Please use register_full_backward_hook to get the documented behavior.
  self._maybe_warn_non_full_backward_hook(args, result, grad_fn)
[92mINFO [0m:      Sent reply
02/06/2025 09:51:05:INFO:Sent reply
[92mINFO [0m:      
02/06/2025 10:20:21:INFO:
[92mINFO [0m:      Received: evaluate message d3992632-40ef-44db-95fe-48053deaac88
02/06/2025 10:20:21:INFO:Received: evaluate message d3992632-40ef-44db-95fe-48053deaac88
[92mINFO [0m:      Sent reply
02/06/2025 10:25:05:INFO:Sent reply
[92mINFO [0m:      
02/06/2025 10:25:42:INFO:
[92mINFO [0m:      Received: train message 4bd95923-2957-484d-9ded-cd358619877f
02/06/2025 10:25:42:INFO:Received: train message 4bd95923-2957-484d-9ded-cd358619877f
/home/dgxuser16/anaconda3/envs/ihpc/lib/python3.8/site-packages/torch/nn/modules/module.py:1640: FutureWarning: Using a non-full backward hook when the forward contains multiple autograd Nodes is deprecated and will be removed in future versions. This hook will be missing some grad_input. Please use register_full_backward_hook to get the documented behavior.
  self._maybe_warn_non_full_backward_hook(args, result, grad_fn)
[92mINFO [0m:      Sent reply
02/06/2025 10:28:13:INFO:Sent reply
[92mINFO [0m:      
02/06/2025 10:55:50:INFO:
[92mINFO [0m:      Received: evaluate message 7a4d9457-b611-4ddd-aaca-e72646852df8
02/06/2025 10:55:50:INFO:Received: evaluate message 7a4d9457-b611-4ddd-aaca-e72646852df8
[92mINFO [0m:      Sent reply
02/06/2025 11:00:46:INFO:Sent reply
[92mINFO [0m:      
02/06/2025 11:01:49:INFO:
[92mINFO [0m:      Received: train message 50471e73-a408-421f-ba33-eec2f0186bda
02/06/2025 11:01:49:INFO:Received: train message 50471e73-a408-421f-ba33-eec2f0186bda
/home/dgxuser16/anaconda3/envs/ihpc/lib/python3.8/site-packages/torch/nn/modules/module.py:1640: FutureWarning: Using a non-full backward hook when the forward contains multiple autograd Nodes is deprecated and will be removed in future versions. This hook will be missing some grad_input. Please use register_full_backward_hook to get the documented behavior.
  self._maybe_warn_non_full_backward_hook(args, result, grad_fn)
[92mINFO [0m:      Sent reply
02/06/2025 11:04:31:INFO:Sent reply
[92mINFO [0m:      
02/06/2025 11:31:59:INFO:
[92mINFO [0m:      Received: evaluate message b763feed-b8ab-4584-be50-a20ebc1117a4
02/06/2025 11:31:59:INFO:Received: evaluate message b763feed-b8ab-4584-be50-a20ebc1117a4
[92mINFO [0m:      Sent reply
02/06/2025 11:36:04:INFO:Sent reply
[92mINFO [0m:      
02/06/2025 11:36:46:INFO:
[92mINFO [0m:      Received: train message 345eea89-c994-4d3e-b51d-3ea44e9709a9
02/06/2025 11:36:46:INFO:Received: train message 345eea89-c994-4d3e-b51d-3ea44e9709a9
/home/dgxuser16/anaconda3/envs/ihpc/lib/python3.8/site-packages/torch/nn/modules/module.py:1640: FutureWarning: Using a non-full backward hook when the forward contains multiple autograd Nodes is deprecated and will be removed in future versions. This hook will be missing some grad_input. Please use register_full_backward_hook to get the documented behavior.
  self._maybe_warn_non_full_backward_hook(args, result, grad_fn)
[92mINFO [0m:      Sent reply
02/06/2025 11:39:25:INFO:Sent reply
[92mINFO [0m:      
02/06/2025 12:11:18:INFO:
[92mINFO [0m:      Received: evaluate message 71a95db5-b97d-473f-b8dd-6cb84a4dc29e
02/06/2025 12:11:18:INFO:Received: evaluate message 71a95db5-b97d-473f-b8dd-6cb84a4dc29e
[92mINFO [0m:      Sent reply
02/06/2025 12:15:32:INFO:Sent reply
[92mINFO [0m:      
02/06/2025 12:15:48:INFO:
[92mINFO [0m:      Received: train message 88f70f85-2748-42c1-b40e-f6190990c910
02/06/2025 12:15:48:INFO:Received: train message 88f70f85-2748-42c1-b40e-f6190990c910
/home/dgxuser16/anaconda3/envs/ihpc/lib/python3.8/site-packages/torch/nn/modules/module.py:1640: FutureWarning: Using a non-full backward hook when the forward contains multiple autograd Nodes is deprecated and will be removed in future versions. This hook will be missing some grad_input. Please use register_full_backward_hook to get the documented behavior.
  self._maybe_warn_non_full_backward_hook(args, result, grad_fn)
[92mINFO [0m:      Sent reply
02/06/2025 12:17:46:INFO:Sent reply
[92mINFO [0m:      
02/06/2025 12:51:21:INFO:
[92mINFO [0m:      Received: evaluate message d3720bb2-9dce-4f74-b3d3-0829105f9a40
02/06/2025 12:51:21:INFO:Received: evaluate message d3720bb2-9dce-4f74-b3d3-0829105f9a40
[92mINFO [0m:      Sent reply
02/06/2025 12:55:42:INFO:Sent reply
[92mINFO [0m:      
02/06/2025 12:56:43:INFO:
[92mINFO [0m:      Received: train message d8ee130b-ccfd-4b61-a29d-881b0849b649
02/06/2025 12:56:43:INFO:Received: train message d8ee130b-ccfd-4b61-a29d-881b0849b649
/home/dgxuser16/anaconda3/envs/ihpc/lib/python3.8/site-packages/torch/nn/modules/module.py:1640: FutureWarning: Using a non-full backward hook when the forward contains multiple autograd Nodes is deprecated and will be removed in future versions. This hook will be missing some grad_input. Please use register_full_backward_hook to get the documented behavior.
  self._maybe_warn_non_full_backward_hook(args, result, grad_fn)
[92mINFO [0m:      Sent reply
02/06/2025 12:59:09:INFO:Sent reply
[92mINFO [0m:      
02/06/2025 13:29:08:INFO:
[92mINFO [0m:      Received: evaluate message 099ae8e7-c100-4335-a5b0-9e8163c22048
02/06/2025 13:29:08:INFO:Received: evaluate message 099ae8e7-c100-4335-a5b0-9e8163c22048
[92mINFO [0m:      Sent reply
02/06/2025 13:33:45:INFO:Sent reply
[92mINFO [0m:      
02/06/2025 13:34:50:INFO:
[92mINFO [0m:      Received: train message f6efc406-7209-4e06-9892-fb6210973e83
02/06/2025 13:34:50:INFO:Received: train message f6efc406-7209-4e06-9892-fb6210973e83
/home/dgxuser16/anaconda3/envs/ihpc/lib/python3.8/site-packages/torch/nn/modules/module.py:1640: FutureWarning: Using a non-full backward hook when the forward contains multiple autograd Nodes is deprecated and will be removed in future versions. This hook will be missing some grad_input. Please use register_full_backward_hook to get the documented behavior.
  self._maybe_warn_non_full_backward_hook(args, result, grad_fn)
[92mINFO [0m:      Sent reply
02/06/2025 13:37:17:INFO:Sent reply
[92mINFO [0m:      
02/06/2025 14:02:18:INFO:
[92mINFO [0m:      Received: evaluate message 82a910c8-da9f-4e54-bb5a-4b381402319f
02/06/2025 14:02:18:INFO:Received: evaluate message 82a910c8-da9f-4e54-bb5a-4b381402319f
[92mINFO [0m:      Sent reply
02/06/2025 14:06:20:INFO:Sent reply
[92mINFO [0m:      
02/06/2025 14:08:01:INFO:
[92mINFO [0m:      Received: train message ba293c92-beb4-4134-9d99-1c7342103336
02/06/2025 14:08:01:INFO:Received: train message ba293c92-beb4-4134-9d99-1c7342103336
/home/dgxuser16/anaconda3/envs/ihpc/lib/python3.8/site-packages/torch/nn/modules/module.py:1640: FutureWarning: Using a non-full backward hook when the forward contains multiple autograd Nodes is deprecated and will be removed in future versions. This hook will be missing some grad_input. Please use register_full_backward_hook to get the documented behavior.
  self._maybe_warn_non_full_backward_hook(args, result, grad_fn)
[92mINFO [0m:      Sent reply
02/06/2025 14:10:50:INFO:Sent reply
[92mINFO [0m:      
02/06/2025 14:39:38:INFO:
[92mINFO [0m:      Received: evaluate message 0254e5b9-78d7-4f7e-a6e5-c45b90032394
02/06/2025 14:39:38:INFO:Received: evaluate message 0254e5b9-78d7-4f7e-a6e5-c45b90032394
[92mINFO [0m:      Sent reply
02/06/2025 14:43:49:INFO:Sent reply
[92mINFO [0m:      
02/06/2025 14:44:30:INFO:
[92mINFO [0m:      Received: train message bcaaba78-0cd3-41cd-8eb5-4aec64ce7951
02/06/2025 14:44:30:INFO:Received: train message bcaaba78-0cd3-41cd-8eb5-4aec64ce7951
/home/dgxuser16/anaconda3/envs/ihpc/lib/python3.8/site-packages/torch/nn/modules/module.py:1640: FutureWarning: Using a non-full backward hook when the forward contains multiple autograd Nodes is deprecated and will be removed in future versions. This hook will be missing some grad_input. Please use register_full_backward_hook to get the documented behavior.
  self._maybe_warn_non_full_backward_hook(args, result, grad_fn)
[92mINFO [0m:      Sent reply
02/06/2025 14:46:53:INFO:Sent reply
[92mINFO [0m:      
02/06/2025 15:19:51:INFO:
[92mINFO [0m:      Received: evaluate message 64940c0f-7627-42dc-81b6-01e1ddedff3c
02/06/2025 15:19:51:INFO:Received: evaluate message 64940c0f-7627-42dc-81b6-01e1ddedff3c
[92mINFO [0m:      Sent reply
02/06/2025 15:24:13:INFO:Sent reply
[92mINFO [0m:      
02/06/2025 15:24:48:INFO:
[92mINFO [0m:      Received: train message 8819a148-927c-4ae1-a3b6-5e1b62ac68a9
02/06/2025 15:24:48:INFO:Received: train message 8819a148-927c-4ae1-a3b6-5e1b62ac68a9
/home/dgxuser16/anaconda3/envs/ihpc/lib/python3.8/site-packages/torch/nn/modules/module.py:1640: FutureWarning: Using a non-full backward hook when the forward contains multiple autograd Nodes is deprecated and will be removed in future versions. This hook will be missing some grad_input. Please use register_full_backward_hook to get the documented behavior.
  self._maybe_warn_non_full_backward_hook(args, result, grad_fn)
[92mINFO [0m:      Sent reply
02/06/2025 15:27:09:INFO:Sent reply
[92mINFO [0m:      
02/06/2025 15:57:42:INFO:
[92mINFO [0m:      Received: evaluate message 494a98f3-72a3-4b86-8033-fa9e3a4869a3
02/06/2025 15:57:42:INFO:Received: evaluate message 494a98f3-72a3-4b86-8033-fa9e3a4869a3
[92mINFO [0m:      Sent reply
02/06/2025 16:02:15:INFO:Sent reply
[92mINFO [0m:      
02/06/2025 16:03:40:INFO:
[92mINFO [0m:      Received: train message dc3b6c1e-81dc-4e48-a458-2dbb415215f2
02/06/2025 16:03:40:INFO:Received: train message dc3b6c1e-81dc-4e48-a458-2dbb415215f2
/home/dgxuser16/anaconda3/envs/ihpc/lib/python3.8/site-packages/torch/nn/modules/module.py:1640: FutureWarning: Using a non-full backward hook when the forward contains multiple autograd Nodes is deprecated and will be removed in future versions. This hook will be missing some grad_input. Please use register_full_backward_hook to get the documented behavior.
  self._maybe_warn_non_full_backward_hook(args, result, grad_fn)
[92mINFO [0m:      Sent reply
02/06/2025 16:06:13:INFO:Sent reply
[92mINFO [0m:      
02/06/2025 16:33:38:INFO:
[92mINFO [0m:      Received: evaluate message f0bd08c2-582c-4c5c-9931-89f768e06e5e
02/06/2025 16:33:38:INFO:Received: evaluate message f0bd08c2-582c-4c5c-9931-89f768e06e5e
[92mINFO [0m:      Sent reply
02/06/2025 16:38:24:INFO:Sent reply
[92mINFO [0m:      
02/06/2025 16:39:44:INFO:
[92mINFO [0m:      Received: train message 38b249f4-d423-472a-8fe7-df6b232baf7d
02/06/2025 16:39:44:INFO:Received: train message 38b249f4-d423-472a-8fe7-df6b232baf7d
/home/dgxuser16/anaconda3/envs/ihpc/lib/python3.8/site-packages/torch/nn/modules/module.py:1640: FutureWarning: Using a non-full backward hook when the forward contains multiple autograd Nodes is deprecated and will be removed in future versions. This hook will be missing some grad_input. Please use register_full_backward_hook to get the documented behavior.
  self._maybe_warn_non_full_backward_hook(args, result, grad_fn)
[92mINFO [0m:      Sent reply
02/06/2025 16:42:23:INFO:Sent reply
[92mINFO [0m:      
02/06/2025 17:10:56:INFO:
[92mINFO [0m:      Received: evaluate message 09a33acc-c808-4355-8c1d-bb9abaef8bc0
02/06/2025 17:10:56:INFO:Received: evaluate message 09a33acc-c808-4355-8c1d-bb9abaef8bc0
[92mINFO [0m:      Sent reply
02/06/2025 17:15:09:INFO:Sent reply
[92mINFO [0m:      
02/06/2025 17:16:01:INFO:
[92mINFO [0m:      Received: train message 20a37d2c-0be7-4bd4-b873-a69ec13045bd
02/06/2025 17:16:01:INFO:Received: train message 20a37d2c-0be7-4bd4-b873-a69ec13045bd
/home/dgxuser16/anaconda3/envs/ihpc/lib/python3.8/site-packages/torch/nn/modules/module.py:1640: FutureWarning: Using a non-full backward hook when the forward contains multiple autograd Nodes is deprecated and will be removed in future versions. This hook will be missing some grad_input. Please use register_full_backward_hook to get the documented behavior.
  self._maybe_warn_non_full_backward_hook(args, result, grad_fn)
[92mINFO [0m:      Sent reply
02/06/2025 17:18:27:INFO:Sent reply
[92mINFO [0m:      
02/06/2025 17:50:26:INFO:
[92mINFO [0m:      Received: evaluate message 0120a28e-ccf8-48dd-a884-7b0fe08a6f24
02/06/2025 17:50:26:INFO:Received: evaluate message 0120a28e-ccf8-48dd-a884-7b0fe08a6f24
[92mINFO [0m:      Sent reply
02/06/2025 17:54:44:INFO:Sent reply
[92mINFO [0m:      
02/06/2025 17:55:20:INFO:
[92mINFO [0m:      Received: train message abe5dd5c-678b-4913-8a45-2833ba994db4
02/06/2025 17:55:20:INFO:Received: train message abe5dd5c-678b-4913-8a45-2833ba994db4
/home/dgxuser16/anaconda3/envs/ihpc/lib/python3.8/site-packages/torch/nn/modules/module.py:1640: FutureWarning: Using a non-full backward hook when the forward contains multiple autograd Nodes is deprecated and will be removed in future versions. This hook will be missing some grad_input. Please use register_full_backward_hook to get the documented behavior.
  self._maybe_warn_non_full_backward_hook(args, result, grad_fn)
[92mINFO [0m:      Sent reply
02/06/2025 17:57:44:INFO:Sent reply
[92mINFO [0m:      
02/06/2025 18:29:59:INFO:
[92mINFO [0m:      Received: evaluate message 4bfca1ba-abcf-4d52-be93-308a85b7cd63
02/06/2025 18:29:59:INFO:Received: evaluate message 4bfca1ba-abcf-4d52-be93-308a85b7cd63
[92mINFO [0m:      Sent reply
02/06/2025 18:34:29:INFO:Sent reply
[92mINFO [0m:      
02/06/2025 18:35:09:INFO:
[92mINFO [0m:      Received: train message 393d2404-b1a0-4a2e-b1e1-cd1017fd6eb9
02/06/2025 18:35:09:INFO:Received: train message 393d2404-b1a0-4a2e-b1e1-cd1017fd6eb9
/home/dgxuser16/anaconda3/envs/ihpc/lib/python3.8/site-packages/torch/nn/modules/module.py:1640: FutureWarning: Using a non-full backward hook when the forward contains multiple autograd Nodes is deprecated and will be removed in future versions. This hook will be missing some grad_input. Please use register_full_backward_hook to get the documented behavior.
  self._maybe_warn_non_full_backward_hook(args, result, grad_fn)
[92mINFO [0m:      Sent reply
02/06/2025 18:37:43:INFO:Sent reply
[92mINFO [0m:      
02/06/2025 19:06:28:INFO:
[92mINFO [0m:      Received: evaluate message c1f24dc0-5914-4f2f-b4f4-6890c4eec14d
02/06/2025 19:06:28:INFO:Received: evaluate message c1f24dc0-5914-4f2f-b4f4-6890c4eec14d
['/raid/home/dgxuser16/NTL/mccarthy/ahmad/github/adaptive_privacy_fl/isic/fixed_noise/0.41, e=30', '/home/dgxuser16/anaconda3/envs/ihpc/lib/python38.zip', '/home/dgxuser16/anaconda3/envs/ihpc/lib/python3.8', '/home/dgxuser16/anaconda3/envs/ihpc/lib/python3.8/lib-dynload', '/home/dgxuser16/anaconda3/envs/ihpc/lib/python3.8/site-packages', '/raid/home/dgxuser16/NTL/mccarthy/ahmad/github/adaptive_privacy_fl/isic/fixed_noise/0.41, e=30']
Device: cuda:0
Params: {'batch_size': 32, 'local_epochs': 3, 'full_dataset_size': 18597, 'number_of_classes': 8}
Privacy Params: {'target_delta': 1e-05, 'noise_multiplier': 0.41, 'max_grad_norm': 1.0}
Epsilon = 27.84

{'loss': [1.5452676315822287], 'accuracy': [0.5138944824808699], 'auc': [0.7453405358675893]}

Epsilon = 37.99

{'loss': [1.5452676315822287, 1.4632218565328248], 'accuracy': [0.5138944824808699, 0.5734997986306887], 'auc': [0.7453405358675893, 0.7891764937164943]}

Epsilon = 46.46

{'loss': [1.5452676315822287, 1.4632218565328248, 1.4578116753866632], 'accuracy': [0.5138944824808699, 0.5734997986306887, 0.5879983890455095], 'auc': [0.7453405358675893, 0.7891764937164943, 0.8044193592607869]}

Epsilon = 54.07

{'loss': [1.5452676315822287, 1.4632218565328248, 1.4578116753866632, 1.411933759792265], 'accuracy': [0.5138944824808699, 0.5734997986306887, 0.5879983890455095, 0.598872331856625], 'auc': [0.7453405358675893, 0.7891764937164943, 0.8044193592607869, 0.8207368199672287]}

Epsilon = 61.14

{'loss': [1.5452676315822287, 1.4632218565328248, 1.4578116753866632, 1.411933759792265, 1.3959020039654046], 'accuracy': [0.5138944824808699, 0.5734997986306887, 0.5879983890455095, 0.598872331856625, 0.6045106725734998], 'auc': [0.7453405358675893, 0.7891764937164943, 0.8044193592607869, 0.8207368199672287, 0.8309497395934122]}

Epsilon = 67.83

{'loss': [1.5452676315822287, 1.4632218565328248, 1.4578116753866632, 1.411933759792265, 1.3959020039654046, 1.3696866131001695], 'accuracy': [0.5138944824808699, 0.5734997986306887, 0.5879983890455095, 0.598872331856625, 0.6045106725734998, 0.6145791381393476], 'auc': [0.7453405358675893, 0.7891764937164943, 0.8044193592607869, 0.8207368199672287, 0.8309497395934122, 0.8380486895484105]}

Epsilon = 74.23

{'loss': [1.5452676315822287, 1.4632218565328248, 1.4578116753866632, 1.411933759792265, 1.3959020039654046, 1.3696866131001695, 1.3833029637450034], 'accuracy': [0.5138944824808699, 0.5734997986306887, 0.5879983890455095, 0.598872331856625, 0.6045106725734998, 0.6145791381393476, 0.6153846153846154], 'auc': [0.7453405358675893, 0.7891764937164943, 0.8044193592607869, 0.8207368199672287, 0.8309497395934122, 0.8380486895484105, 0.8420320683148852]}

Epsilon = 80.41

{'loss': [1.5452676315822287, 1.4632218565328248, 1.4578116753866632, 1.411933759792265, 1.3959020039654046, 1.3696866131001695, 1.3833029637450034, 1.349912829088003], 'accuracy': [0.5138944824808699, 0.5734997986306887, 0.5879983890455095, 0.598872331856625, 0.6045106725734998, 0.6145791381393476, 0.6153846153846154, 0.6157873540072493], 'auc': [0.7453405358675893, 0.7891764937164943, 0.8044193592607869, 0.8207368199672287, 0.8309497395934122, 0.8380486895484105, 0.8420320683148852, 0.8496724970077221]}

Epsilon = 86.40

{'loss': [1.5452676315822287, 1.4632218565328248, 1.4578116753866632, 1.411933759792265, 1.3959020039654046, 1.3696866131001695, 1.3833029637450034, 1.349912829088003, 1.3612423076583549], 'accuracy': [0.5138944824808699, 0.5734997986306887, 0.5879983890455095, 0.598872331856625, 0.6045106725734998, 0.6145791381393476, 0.6153846153846154, 0.6157873540072493, 0.621425694724124], 'auc': [0.7453405358675893, 0.7891764937164943, 0.8044193592607869, 0.8207368199672287, 0.8309497395934122, 0.8380486895484105, 0.8420320683148852, 0.8496724970077221, 0.8513554800145852]}

Epsilon = 92.24

{'loss': [1.5452676315822287, 1.4632218565328248, 1.4578116753866632, 1.411933759792265, 1.3959020039654046, 1.3696866131001695, 1.3833029637450034, 1.349912829088003, 1.3612423076583549, 1.3391236811696259], 'accuracy': [0.5138944824808699, 0.5734997986306887, 0.5879983890455095, 0.598872331856625, 0.6045106725734998, 0.6145791381393476, 0.6153846153846154, 0.6157873540072493, 0.621425694724124, 0.6258558195730971], 'auc': [0.7453405358675893, 0.7891764937164943, 0.8044193592607869, 0.8207368199672287, 0.8309497395934122, 0.8380486895484105, 0.8420320683148852, 0.8496724970077221, 0.8513554800145852, 0.8554714716440784]}

Epsilon = 97.94

{'loss': [1.5452676315822287, 1.4632218565328248, 1.4578116753866632, 1.411933759792265, 1.3959020039654046, 1.3696866131001695, 1.3833029637450034, 1.349912829088003, 1.3612423076583549, 1.3391236811696259, 1.367821440214694], 'accuracy': [0.5138944824808699, 0.5734997986306887, 0.5879983890455095, 0.598872331856625, 0.6045106725734998, 0.6145791381393476, 0.6153846153846154, 0.6157873540072493, 0.621425694724124, 0.6258558195730971, 0.6246476037051953], 'auc': [0.7453405358675893, 0.7891764937164943, 0.8044193592607869, 0.8207368199672287, 0.8309497395934122, 0.8380486895484105, 0.8420320683148852, 0.8496724970077221, 0.8513554800145852, 0.8554714716440784, 0.85547990624081]}

Epsilon = 103.54

{'loss': [1.5452676315822287, 1.4632218565328248, 1.4578116753866632, 1.411933759792265, 1.3959020039654046, 1.3696866131001695, 1.3833029637450034, 1.349912829088003, 1.3612423076583549, 1.3391236811696259, 1.367821440214694, 1.3326105952166858], 'accuracy': [0.5138944824808699, 0.5734997986306887, 0.5879983890455095, 0.598872331856625, 0.6045106725734998, 0.6145791381393476, 0.6153846153846154, 0.6157873540072493, 0.621425694724124, 0.6258558195730971, 0.6246476037051953, 0.6294804671768023], 'auc': [0.7453405358675893, 0.7891764937164943, 0.8044193592607869, 0.8207368199672287, 0.8309497395934122, 0.8380486895484105, 0.8420320683148852, 0.8496724970077221, 0.8513554800145852, 0.8554714716440784, 0.85547990624081, 0.8595533359295942]}

Epsilon = 109.03

{'loss': [1.5452676315822287, 1.4632218565328248, 1.4578116753866632, 1.411933759792265, 1.3959020039654046, 1.3696866131001695, 1.3833029637450034, 1.349912829088003, 1.3612423076583549, 1.3391236811696259, 1.367821440214694, 1.3326105952166858, 1.3401157893435494], 'accuracy': [0.5138944824808699, 0.5734997986306887, 0.5879983890455095, 0.598872331856625, 0.6045106725734998, 0.6145791381393476, 0.6153846153846154, 0.6157873540072493, 0.621425694724124, 0.6258558195730971, 0.6246476037051953, 0.6294804671768023, 0.6306886830447039], 'auc': [0.7453405358675893, 0.7891764937164943, 0.8044193592607869, 0.8207368199672287, 0.8309497395934122, 0.8380486895484105, 0.8420320683148852, 0.8496724970077221, 0.8513554800145852, 0.8554714716440784, 0.85547990624081, 0.8595533359295942, 0.8600132265537733]}

Epsilon = 114.43

{'loss': [1.5452676315822287, 1.4632218565328248, 1.4578116753866632, 1.411933759792265, 1.3959020039654046, 1.3696866131001695, 1.3833029637450034, 1.349912829088003, 1.3612423076583549, 1.3391236811696259, 1.367821440214694, 1.3326105952166858, 1.3401157893435494, 1.3678135105404603], 'accuracy': [0.5138944824808699, 0.5734997986306887, 0.5879983890455095, 0.598872331856625, 0.6045106725734998, 0.6145791381393476, 0.6153846153846154, 0.6157873540072493, 0.621425694724124, 0.6258558195730971, 0.6246476037051953, 0.6294804671768023, 0.6306886830447039, 0.6302859444220701], 'auc': [0.7453405358675893, 0.7891764937164943, 0.8044193592607869, 0.8207368199672287, 0.8309497395934122, 0.8380486895484105, 0.8420320683148852, 0.8496724970077221, 0.8513554800145852, 0.8554714716440784, 0.85547990624081, 0.8595533359295942, 0.8600132265537733, 0.8588591552963956]}

Epsilon = 119.76
[92mINFO [0m:      Sent reply
02/06/2025 19:11:05:INFO:Sent reply
[92mINFO [0m:      
02/06/2025 19:11:55:INFO:
[92mINFO [0m:      Received: train message dff72cb8-4733-44b1-8bf0-a12590b03bff
02/06/2025 19:11:55:INFO:Received: train message dff72cb8-4733-44b1-8bf0-a12590b03bff
/home/dgxuser16/anaconda3/envs/ihpc/lib/python3.8/site-packages/torch/nn/modules/module.py:1640: FutureWarning: Using a non-full backward hook when the forward contains multiple autograd Nodes is deprecated and will be removed in future versions. This hook will be missing some grad_input. Please use register_full_backward_hook to get the documented behavior.
  self._maybe_warn_non_full_backward_hook(args, result, grad_fn)
[92mINFO [0m:      Sent reply
02/06/2025 19:14:33:INFO:Sent reply
[92mINFO [0m:      
02/06/2025 19:40:35:INFO:
[92mINFO [0m:      Received: evaluate message db783f20-5b0d-492c-b6a6-2bcb458c559f
02/06/2025 19:40:35:INFO:Received: evaluate message db783f20-5b0d-492c-b6a6-2bcb458c559f
[92mINFO [0m:      Sent reply
02/06/2025 19:44:57:INFO:Sent reply
[92mINFO [0m:      
02/06/2025 19:45:48:INFO:
[92mINFO [0m:      Received: train message 6602f20e-3f38-4884-8f61-c3ede3057ebe
02/06/2025 19:45:48:INFO:Received: train message 6602f20e-3f38-4884-8f61-c3ede3057ebe
/home/dgxuser16/anaconda3/envs/ihpc/lib/python3.8/site-packages/torch/nn/modules/module.py:1640: FutureWarning: Using a non-full backward hook when the forward contains multiple autograd Nodes is deprecated and will be removed in future versions. This hook will be missing some grad_input. Please use register_full_backward_hook to get the documented behavior.
  self._maybe_warn_non_full_backward_hook(args, result, grad_fn)
[92mINFO [0m:      Sent reply
02/06/2025 19:48:21:INFO:Sent reply
[92mINFO [0m:      
02/06/2025 20:19:10:INFO:
[92mINFO [0m:      Received: evaluate message 38da0301-1f97-4ebe-9340-b01cbd5992be
02/06/2025 20:19:10:INFO:Received: evaluate message 38da0301-1f97-4ebe-9340-b01cbd5992be
