nohup: ignoring input
/home/dgxuser16/.local/lib/python3.8/site-packages/albumentations/__init__.py:13: UserWarning: A new version of Albumentations is available: 2.0.2 (you have 1.4.18). Upgrade using: pip install -U albumentations. To disable automatic update checks, set the environment variable NO_ALBUMENTATIONS_UPDATE to 1.
  check_for_updates()
/raid/home/dgxuser16/NTL/mccarthy/ahmad/github/adaptive_privacy_fl/without_dp/isic/version_02/flamby/datasets/fed_isic2019/dataset.py:222: DeprecationWarning: Flip is deprecated. Consider using HorizontalFlip, VerticalFlip, RandomRotate90 or D4.
  albumentations.Flip(p=0.5),
/home/dgxuser16/.local/lib/python3.8/site-packages/pydantic/main.py:214: DeprecationWarning: `max_holes` is deprecated. Use num_holes_range instead.
  validated_self = self.__pydantic_validator__.validate_python(data, self_instance=self)
/home/dgxuser16/.local/lib/python3.8/site-packages/pydantic/main.py:214: DeprecationWarning: `max_height` is deprecated. Use hole_height_range instead.
  validated_self = self.__pydantic_validator__.validate_python(data, self_instance=self)
/home/dgxuser16/.local/lib/python3.8/site-packages/pydantic/main.py:214: DeprecationWarning: `max_width` is deprecated. Use hole_width_range instead.
  validated_self = self.__pydantic_validator__.validate_python(data, self_instance=self)
/home/dgxuser16/.local/lib/python3.8/site-packages/albumentations/core/validation.py:45: DeprecationWarning: always_apply is deprecated. Use `p=1` if you want to always apply the transform. self.p will be set to 1.
  original_init(self, **validated_kwargs)
/home/dgxuser16/.local/lib/python3.8/site-packages/albumentations/core/validation.py:45: DeprecationWarning: always_apply is deprecated. Use `p=1` if you want to always apply the transform. self.p will be set to 1.
  original_init(self, **validated_kwargs)
[93mWARNING [0m:   DEPRECATED FEATURE: flwr.client.start_numpy_client() is deprecated. 
	Instead, use `flwr.client.start_client()` by ensuring you first call the `.to_client()` method as shown below: 
	flwr.client.start_client(
		server_address='<IP>:<PORT>',
		client=FlowerClient().to_client(), # <-- where FlowerClient is of type flwr.client.NumPyClient object
	)
	Using `start_numpy_client()` is deprecated.

            This is a deprecated feature. It will be removed
            entirely in future versions of Flower.
        
[92mINFO [0m:      
[92mINFO [0m:      [RUN 0, ROUND ]
[92mINFO [0m:      Received: train message 0e667d0a-def7-49f6-9269-832582ae7d25
[91mERROR [0m:     Client raised an exception.
Traceback (most recent call last):
  File "/home/dgxuser16/.local/lib/python3.8/site-packages/flwr/client/app.py", line 496, in _start_client_internal
    reply_message = client_app(message=message, context=context)
  File "/home/dgxuser16/.local/lib/python3.8/site-packages/flwr/client/client_app.py", line 98, in __call__
    return self._call(message, context)
  File "/home/dgxuser16/.local/lib/python3.8/site-packages/flwr/client/client_app.py", line 81, in ffn
    out_message = handle_legacy_message_from_msgtype(
  File "/home/dgxuser16/.local/lib/python3.8/site-packages/flwr/client/message_handler/message_handler.py", line 130, in handle_legacy_message_from_msgtype
    fit_res = maybe_call_fit(
  File "/home/dgxuser16/.local/lib/python3.8/site-packages/flwr/client/client.py", line 234, in maybe_call_fit
    return client.fit(fit_ins)
  File "/home/dgxuser16/.local/lib/python3.8/site-packages/flwr/client/numpy_client.py", line 238, in _fit
    results = self.numpy_client.fit(parameters, ins.config)  # type: ignore
  File "client_2.py", line 155, in fit
    average_loss=train(
  File "client_2.py", line 75, in train
    outputs = net(images)
  File "/home/dgxuser16/.local/lib/python3.8/site-packages/torch/nn/modules/module.py", line 1518, in _wrapped_call_impl
    return self._call_impl(*args, **kwargs)
  File "/home/dgxuser16/.local/lib/python3.8/site-packages/torch/nn/modules/module.py", line 1527, in _call_impl
    return forward_call(*args, **kwargs)
  File "/raid/home/dgxuser16/NTL/mccarthy/ahmad/github/adaptive_privacy_fl/without_dp/isic/version_02/main.py", line 37, in forward
    return self.model(x)
  File "/home/dgxuser16/.local/lib/python3.8/site-packages/torch/nn/modules/module.py", line 1518, in _wrapped_call_impl
    return self._call_impl(*args, **kwargs)
  File "/home/dgxuser16/.local/lib/python3.8/site-packages/torch/nn/modules/module.py", line 1527, in _call_impl
    return forward_call(*args, **kwargs)
  File "/home/dgxuser16/.local/lib/python3.8/site-packages/torchvision/models/vision_transformer.py", line 303, in forward
    x = self.heads(x)
  File "/home/dgxuser16/.local/lib/python3.8/site-packages/torch/nn/modules/module.py", line 1518, in _wrapped_call_impl
    return self._call_impl(*args, **kwargs)
  File "/home/dgxuser16/.local/lib/python3.8/site-packages/torch/nn/modules/module.py", line 1527, in _call_impl
    return forward_call(*args, **kwargs)
  File "/home/dgxuser16/.local/lib/python3.8/site-packages/torch/nn/modules/container.py", line 215, in forward
    input = module(input)
  File "/home/dgxuser16/.local/lib/python3.8/site-packages/torch/nn/modules/module.py", line 1518, in _wrapped_call_impl
    return self._call_impl(*args, **kwargs)
  File "/home/dgxuser16/.local/lib/python3.8/site-packages/torch/nn/modules/module.py", line 1527, in _call_impl
    return forward_call(*args, **kwargs)
  File "/home/dgxuser16/.local/lib/python3.8/site-packages/torch/nn/modules/linear.py", line 114, in forward
    return F.linear(input, self.weight, self.bias)
RuntimeError: Expected all tensors to be on the same device, but found at least two devices, cpu and cuda:0! (when checking argument for argument mat1 in method wrapper_CUDA_addmm)
['/raid/home/dgxuser16/NTL/mccarthy/ahmad/github/adaptive_privacy_fl/without_dp/isic/version_02', '/home/dgxuser16/anaconda3/envs/ihpc/lib/python38.zip', '/home/dgxuser16/anaconda3/envs/ihpc/lib/python3.8', '/home/dgxuser16/anaconda3/envs/ihpc/lib/python3.8/lib-dynload', '/home/dgxuser16/.local/lib/python3.8/site-packages', '/home/dgxuser16/anaconda3/envs/ihpc/lib/python3.8/site-packages', '/raid/home/dgxuser16/NTL/mccarthy/ahmad/github/adaptive_privacy_fl/without_dp/isic/version_02']
Device: cuda:0
Client Name: client_2
Params: {'batch_size': 32, 'local_epochs': 3, 'full_dataset_size': 18597, 'number_of_classes': 8}
Training the model with the following parameters:
Epochs: 3, Trainloader Size: 3163, Optimizer: Adam (
Parameter Group 0
    amsgrad: False
    betas: (0.9, 0.999)
    capturable: False
    differentiable: False
    eps: 1e-08
    foreach: None
    fused: None
    lr: 0.001
    maximize: False
    weight_decay: 0
)

Traceback (most recent call last):
  File "client_2.py", line 194, in <module>
    fl.client.start_numpy_client(
  File "/home/dgxuser16/.local/lib/python3.8/site-packages/flwr/client/app.py", line 643, in start_numpy_client
    start_client(
  File "/home/dgxuser16/.local/lib/python3.8/site-packages/flwr/client/app.py", line 291, in start_client
    _start_client_internal(
  File "/home/dgxuser16/.local/lib/python3.8/site-packages/flwr/client/app.py", line 503, in _start_client_internal
    raise ex
  File "/home/dgxuser16/.local/lib/python3.8/site-packages/flwr/client/app.py", line 496, in _start_client_internal
    reply_message = client_app(message=message, context=context)
  File "/home/dgxuser16/.local/lib/python3.8/site-packages/flwr/client/client_app.py", line 98, in __call__
    return self._call(message, context)
  File "/home/dgxuser16/.local/lib/python3.8/site-packages/flwr/client/client_app.py", line 81, in ffn
    out_message = handle_legacy_message_from_msgtype(
  File "/home/dgxuser16/.local/lib/python3.8/site-packages/flwr/client/message_handler/message_handler.py", line 130, in handle_legacy_message_from_msgtype
    fit_res = maybe_call_fit(
  File "/home/dgxuser16/.local/lib/python3.8/site-packages/flwr/client/client.py", line 234, in maybe_call_fit
    return client.fit(fit_ins)
  File "/home/dgxuser16/.local/lib/python3.8/site-packages/flwr/client/numpy_client.py", line 238, in _fit
    results = self.numpy_client.fit(parameters, ins.config)  # type: ignore
  File "client_2.py", line 155, in fit
    average_loss=train(
  File "client_2.py", line 75, in train
    outputs = net(images)
  File "/home/dgxuser16/.local/lib/python3.8/site-packages/torch/nn/modules/module.py", line 1518, in _wrapped_call_impl
    return self._call_impl(*args, **kwargs)
  File "/home/dgxuser16/.local/lib/python3.8/site-packages/torch/nn/modules/module.py", line 1527, in _call_impl
    return forward_call(*args, **kwargs)
  File "/raid/home/dgxuser16/NTL/mccarthy/ahmad/github/adaptive_privacy_fl/without_dp/isic/version_02/main.py", line 37, in forward
    return self.model(x)
  File "/home/dgxuser16/.local/lib/python3.8/site-packages/torch/nn/modules/module.py", line 1518, in _wrapped_call_impl
    return self._call_impl(*args, **kwargs)
  File "/home/dgxuser16/.local/lib/python3.8/site-packages/torch/nn/modules/module.py", line 1527, in _call_impl
    return forward_call(*args, **kwargs)
  File "/home/dgxuser16/.local/lib/python3.8/site-packages/torchvision/models/vision_transformer.py", line 303, in forward
    x = self.heads(x)
  File "/home/dgxuser16/.local/lib/python3.8/site-packages/torch/nn/modules/module.py", line 1518, in _wrapped_call_impl
    return self._call_impl(*args, **kwargs)
  File "/home/dgxuser16/.local/lib/python3.8/site-packages/torch/nn/modules/module.py", line 1527, in _call_impl
    return forward_call(*args, **kwargs)
  File "/home/dgxuser16/.local/lib/python3.8/site-packages/torch/nn/modules/container.py", line 215, in forward
    input = module(input)
  File "/home/dgxuser16/.local/lib/python3.8/site-packages/torch/nn/modules/module.py", line 1518, in _wrapped_call_impl
    return self._call_impl(*args, **kwargs)
  File "/home/dgxuser16/.local/lib/python3.8/site-packages/torch/nn/modules/module.py", line 1527, in _call_impl
    return forward_call(*args, **kwargs)
  File "/home/dgxuser16/.local/lib/python3.8/site-packages/torch/nn/modules/linear.py", line 114, in forward
    return F.linear(input, self.weight, self.bias)
RuntimeError: Expected all tensors to be on the same device, but found at least two devices, cpu and cuda:0! (when checking argument for argument mat1 in method wrapper_CUDA_addmm)
nohup: ignoring input
/home/dgxuser16/.local/lib/python3.8/site-packages/albumentations/__init__.py:13: UserWarning: A new version of Albumentations is available: 2.0.2 (you have 1.4.18). Upgrade using: pip install -U albumentations. To disable automatic update checks, set the environment variable NO_ALBUMENTATIONS_UPDATE to 1.
  check_for_updates()
/raid/home/dgxuser16/NTL/mccarthy/ahmad/github/adaptive_privacy_fl/without_dp/isic/version_02/flamby/datasets/fed_isic2019/dataset.py:222: DeprecationWarning: Flip is deprecated. Consider using HorizontalFlip, VerticalFlip, RandomRotate90 or D4.
  albumentations.Flip(p=0.5),
/home/dgxuser16/.local/lib/python3.8/site-packages/pydantic/main.py:214: DeprecationWarning: `max_holes` is deprecated. Use num_holes_range instead.
  validated_self = self.__pydantic_validator__.validate_python(data, self_instance=self)
/home/dgxuser16/.local/lib/python3.8/site-packages/pydantic/main.py:214: DeprecationWarning: `max_height` is deprecated. Use hole_height_range instead.
  validated_self = self.__pydantic_validator__.validate_python(data, self_instance=self)
/home/dgxuser16/.local/lib/python3.8/site-packages/pydantic/main.py:214: DeprecationWarning: `max_width` is deprecated. Use hole_width_range instead.
  validated_self = self.__pydantic_validator__.validate_python(data, self_instance=self)
/home/dgxuser16/.local/lib/python3.8/site-packages/albumentations/core/validation.py:45: DeprecationWarning: always_apply is deprecated. Use `p=1` if you want to always apply the transform. self.p will be set to 1.
  original_init(self, **validated_kwargs)
/home/dgxuser16/.local/lib/python3.8/site-packages/albumentations/core/validation.py:45: DeprecationWarning: always_apply is deprecated. Use `p=1` if you want to always apply the transform. self.p will be set to 1.
  original_init(self, **validated_kwargs)
[93mWARNING [0m:   DEPRECATED FEATURE: flwr.client.start_numpy_client() is deprecated. 
	Instead, use `flwr.client.start_client()` by ensuring you first call the `.to_client()` method as shown below: 
	flwr.client.start_client(
		server_address='<IP>:<PORT>',
		client=FlowerClient().to_client(), # <-- where FlowerClient is of type flwr.client.NumPyClient object
	)
	Using `start_numpy_client()` is deprecated.

            This is a deprecated feature. It will be removed
            entirely in future versions of Flower.
        
[92mINFO [0m:      
[92mINFO [0m:      [RUN 0, ROUND ]
[92mINFO [0m:      Received: train message 5c3ad62a-be62-4d6f-af32-cb71c463cf0f
[92mINFO [0m:      Sent reply
[92mINFO [0m:      
[92mINFO [0m:      [RUN 0, ROUND ]
[92mINFO [0m:      Received: evaluate message dd70ea86-91c2-45a8-8b61-f4a494fd3909
[92mINFO [0m:      Sent reply
[92mINFO [0m:      
[92mINFO [0m:      [RUN 0, ROUND ]
[92mINFO [0m:      Received: train message 691a4632-3918-4788-8607-586bd01e386b
[92mINFO [0m:      Sent reply
[92mINFO [0m:      
[92mINFO [0m:      [RUN 0, ROUND ]
[92mINFO [0m:      Received: evaluate message 5cd27f2b-ad95-4184-bba3-8e4ac8410468
[92mINFO [0m:      Sent reply
[92mINFO [0m:      
[92mINFO [0m:      [RUN 0, ROUND ]
[92mINFO [0m:      Received: train message 0dfd81b4-e955-49ad-8446-631e27936a1a
[92mINFO [0m:      Sent reply
[92mINFO [0m:      
[92mINFO [0m:      [RUN 0, ROUND ]
[92mINFO [0m:      Received: evaluate message b4ff0d62-36b4-44de-a66e-1745098ebd86
[92mINFO [0m:      Sent reply
[92mINFO [0m:      
[92mINFO [0m:      [RUN 0, ROUND ]
[92mINFO [0m:      Received: train message 22e8670f-dfab-4190-9534-54c86156605c
[92mINFO [0m:      Sent reply
[92mINFO [0m:      
[92mINFO [0m:      [RUN 0, ROUND ]
[92mINFO [0m:      Received: evaluate message 9c6ebbe3-1a0e-40cd-ab84-5eb3839eea90
[92mINFO [0m:      Sent reply
[92mINFO [0m:      
[92mINFO [0m:      [RUN 0, ROUND ]
[92mINFO [0m:      Received: train message 8934af0c-f503-4f9f-adde-a73b54579b9d
[92mINFO [0m:      Sent reply
[92mINFO [0m:      
[92mINFO [0m:      [RUN 0, ROUND ]
[92mINFO [0m:      Received: evaluate message b26015e6-4198-458b-81fc-9e7fa3734c38
[92mINFO [0m:      Sent reply
[92mINFO [0m:      
[92mINFO [0m:      [RUN 0, ROUND ]
[92mINFO [0m:      Received: train message 6615314c-71d0-4003-978c-6516d8b97730
[92mINFO [0m:      Sent reply
[92mINFO [0m:      
[92mINFO [0m:      [RUN 0, ROUND ]
[92mINFO [0m:      Received: evaluate message 2f495456-dd0c-4563-8632-2fb564c4162a
[92mINFO [0m:      Sent reply
[92mINFO [0m:      
[92mINFO [0m:      [RUN 0, ROUND ]
[92mINFO [0m:      Received: train message 3b000e77-0876-4bbd-8daa-a37352c5dd6b
[92mINFO [0m:      Sent reply
[92mINFO [0m:      
[92mINFO [0m:      [RUN 0, ROUND ]
[92mINFO [0m:      Received: evaluate message f47f86ca-04a9-4609-8065-1a1929ca916c
[92mINFO [0m:      Sent reply
[92mINFO [0m:      
[92mINFO [0m:      [RUN 0, ROUND ]
[92mINFO [0m:      Received: train message c236746d-57a6-4f5c-8c1e-61cbddb177a8
[92mINFO [0m:      Sent reply
[92mINFO [0m:      
[92mINFO [0m:      [RUN 0, ROUND ]
[92mINFO [0m:      Received: evaluate message 2d9d9200-2c1f-4b82-88a3-650e6294ed3a
[92mINFO [0m:      Sent reply
[92mINFO [0m:      
[92mINFO [0m:      [RUN 0, ROUND ]
[92mINFO [0m:      Received: train message ff962d33-21e3-4dcb-b8a7-864472f3b259
[92mINFO [0m:      Sent reply
[92mINFO [0m:      
[92mINFO [0m:      [RUN 0, ROUND ]
[92mINFO [0m:      Received: evaluate message 655cc349-21dc-4123-a37f-7cb5b4f22784
[92mINFO [0m:      Sent reply
[92mINFO [0m:      
[92mINFO [0m:      [RUN 0, ROUND ]
[92mINFO [0m:      Received: train message ff769cc7-3f78-4876-a469-47462681d89a
[92mINFO [0m:      Sent reply
[92mINFO [0m:      
[92mINFO [0m:      [RUN 0, ROUND ]
[92mINFO [0m:      Received: evaluate message b92f1fe5-09f8-4b97-b35f-23dc16b64d62
[92mINFO [0m:      Sent reply
[92mINFO [0m:      
[92mINFO [0m:      [RUN 0, ROUND ]
[92mINFO [0m:      Received: train message b1796588-4385-4334-9957-4385e4f4ff42
[92mINFO [0m:      Sent reply
[92mINFO [0m:      
[92mINFO [0m:      [RUN 0, ROUND ]
[92mINFO [0m:      Received: evaluate message 530d2d86-a28c-4d5e-9a97-17bd5a318f1c
['/raid/home/dgxuser16/NTL/mccarthy/ahmad/github/adaptive_privacy_fl/without_dp/isic/version_02', '/home/dgxuser16/anaconda3/envs/ihpc/lib/python38.zip', '/home/dgxuser16/anaconda3/envs/ihpc/lib/python3.8', '/home/dgxuser16/anaconda3/envs/ihpc/lib/python3.8/lib-dynload', '/home/dgxuser16/.local/lib/python3.8/site-packages', '/home/dgxuser16/anaconda3/envs/ihpc/lib/python3.8/site-packages', '/raid/home/dgxuser16/NTL/mccarthy/ahmad/github/adaptive_privacy_fl/without_dp/isic/version_02']
Device: cuda:0
Client Name: client_2
Params: {'batch_size': 32, 'local_epochs': 3, 'full_dataset_size': 18597, 'number_of_classes': 8}
Training the model with the following parameters:
Epochs: 3, Trainloader Size: 3163, Optimizer: Adam (
Parameter Group 0
    amsgrad: False
    betas: (0.9, 0.999)
    capturable: False
    differentiable: False
    eps: 1e-08
    foreach: None
    fused: None
    lr: 0.001
    maximize: False
    weight_decay: 0
)


{'loss': [1.1976331066710786], 'accuracy': [0.5561820378574305], 'auc': [0.871038306126441]}

Training the model with the following parameters:
Epochs: 3, Trainloader Size: 3163, Optimizer: Adam (
Parameter Group 0
    amsgrad: False
    betas: (0.9, 0.999)
    capturable: False
    differentiable: False
    eps: 1e-08
    foreach: None
    fused: None
    lr: 0.001
    maximize: False
    weight_decay: 0
)


{'loss': [1.1976331066710786, 1.0884431192724155], 'accuracy': [0.5561820378574305, 0.6049134111961337], 'auc': [0.871038306126441, 0.8933144829011361]}

Training the model with the following parameters:
Epochs: 3, Trainloader Size: 3163, Optimizer: Adam (
Parameter Group 0
    amsgrad: False
    betas: (0.9, 0.999)
    capturable: False
    differentiable: False
    eps: 1e-08
    foreach: None
    fused: None
    lr: 0.001
    maximize: False
    weight_decay: 0
)


{'loss': [1.1976331066710786, 1.0884431192724155, 1.0506024655199224], 'accuracy': [0.5561820378574305, 0.6049134111961337, 0.621828433346758], 'auc': [0.871038306126441, 0.8933144829011361, 0.9017910987710754]}

Training the model with the following parameters:
Epochs: 3, Trainloader Size: 3163, Optimizer: Adam (
Parameter Group 0
    amsgrad: False
    betas: (0.9, 0.999)
    capturable: False
    differentiable: False
    eps: 1e-08
    foreach: None
    fused: None
    lr: 0.001
    maximize: False
    weight_decay: 0
)


{'loss': [1.1976331066710786, 1.0884431192724155, 1.0506024655199224, 1.0275597480147105], 'accuracy': [0.5561820378574305, 0.6049134111961337, 0.621828433346758, 0.6355215465163109], 'auc': [0.871038306126441, 0.8933144829011361, 0.9017910987710754, 0.9054320299488106]}

Training the model with the following parameters:
Epochs: 3, Trainloader Size: 3163, Optimizer: Adam (
Parameter Group 0
    amsgrad: False
    betas: (0.9, 0.999)
    capturable: False
    differentiable: False
    eps: 1e-08
    foreach: None
    fused: None
    lr: 0.001
    maximize: False
    weight_decay: 0
)


{'loss': [1.1976331066710786, 1.0884431192724155, 1.0506024655199224, 1.0275597480147105, 1.02418524485368], 'accuracy': [0.5561820378574305, 0.6049134111961337, 0.621828433346758, 0.6355215465163109, 0.6359242851389448], 'auc': [0.871038306126441, 0.8933144829011361, 0.9017910987710754, 0.9054320299488106, 0.9068166188592905]}

Training the model with the following parameters:
Epochs: 3, Trainloader Size: 3163, Optimizer: Adam (
Parameter Group 0
    amsgrad: False
    betas: (0.9, 0.999)
    capturable: False
    differentiable: False
    eps: 1e-08
    foreach: None
    fused: None
    lr: 0.001
    maximize: False
    weight_decay: 0
)


{'loss': [1.1976331066710786, 1.0884431192724155, 1.0506024655199224, 1.0275597480147105, 1.02418524485368, 1.023252839961457], 'accuracy': [0.5561820378574305, 0.6049134111961337, 0.621828433346758, 0.6355215465163109, 0.6359242851389448, 0.6339105920257753], 'auc': [0.871038306126441, 0.8933144829011361, 0.9017910987710754, 0.9054320299488106, 0.9068166188592905, 0.9089723269337513]}

Training the model with the following parameters:
Epochs: 3, Trainloader Size: 3163, Optimizer: Adam (
Parameter Group 0
    amsgrad: False
    betas: (0.9, 0.999)
    capturable: False
    differentiable: False
    eps: 1e-08
    foreach: None
    fused: None
    lr: 0.001
    maximize: False
    weight_decay: 0
)


{'loss': [1.1976331066710786, 1.0884431192724155, 1.0506024655199224, 1.0275597480147105, 1.02418524485368, 1.023252839961457, 1.005757520528172], 'accuracy': [0.5561820378574305, 0.6049134111961337, 0.621828433346758, 0.6355215465163109, 0.6359242851389448, 0.6339105920257753, 0.6383407168747482], 'auc': [0.871038306126441, 0.8933144829011361, 0.9017910987710754, 0.9054320299488106, 0.9068166188592905, 0.9089723269337513, 0.9112415780849183]}

Training the model with the following parameters:
Epochs: 3, Trainloader Size: 3163, Optimizer: Adam (
Parameter Group 0
    amsgrad: False
    betas: (0.9, 0.999)
    capturable: False
    differentiable: False
    eps: 1e-08
    foreach: None
    fused: None
    lr: 0.001
    maximize: False
    weight_decay: 0
)


{'loss': [1.1976331066710786, 1.0884431192724155, 1.0506024655199224, 1.0275597480147105, 1.02418524485368, 1.023252839961457, 1.005757520528172, 1.007754302221683], 'accuracy': [0.5561820378574305, 0.6049134111961337, 0.621828433346758, 0.6355215465163109, 0.6359242851389448, 0.6339105920257753, 0.6383407168747482, 0.6403544099879178], 'auc': [0.871038306126441, 0.8933144829011361, 0.9017910987710754, 0.9054320299488106, 0.9068166188592905, 0.9089723269337513, 0.9112415780849183, 0.9119786389952492]}

Training the model with the following parameters:
Epochs: 3, Trainloader Size: 3163, Optimizer: Adam (
Parameter Group 0
    amsgrad: False
    betas: (0.9, 0.999)
    capturable: False
    differentiable: False
    eps: 1e-08
    foreach: None
    fused: None
    lr: 0.001
    maximize: False
    weight_decay: 0
)


{'loss': [1.1976331066710786, 1.0884431192724155, 1.0506024655199224, 1.0275597480147105, 1.02418524485368, 1.023252839961457, 1.005757520528172, 1.007754302221683, 0.9923386100171028], 'accuracy': [0.5561820378574305, 0.6049134111961337, 0.621828433346758, 0.6355215465163109, 0.6359242851389448, 0.6339105920257753, 0.6383407168747482, 0.6403544099879178, 0.6484091824405961], 'auc': [0.871038306126441, 0.8933144829011361, 0.9017910987710754, 0.9054320299488106, 0.9068166188592905, 0.9089723269337513, 0.9112415780849183, 0.9119786389952492, 0.9131271701103949]}

Training the model with the following parameters:
Epochs: 3, Trainloader Size: 3163, Optimizer: Adam (
Parameter Group 0
    amsgrad: False
    betas: (0.9, 0.999)
    capturable: False
    differentiable: False
    eps: 1e-08
    foreach: None
    fused: None
    lr: 0.001
    maximize: False
    weight_decay: 0
)


{'loss': [1.1976331066710786, 1.0884431192724155, 1.0506024655199224, 1.0275597480147105, 1.02418524485368, 1.023252839961457, 1.005757520528172, 1.007754302221683, 0.9923386100171028, 1.0058844268345997], 'accuracy': [0.5561820378574305, 0.6049134111961337, 0.621828433346758, 0.6355215465163109, 0.6359242851389448, 0.6339105920257753, 0.6383407168747482, 0.6403544099879178, 0.6484091824405961, 0.6435763189689891], 'auc': [0.871038306126441, 0.8933144829011361, 0.9017910987710754, 0.9054320299488106, 0.9068166188592905, 0.9089723269337513, 0.9112415780849183, 0.9119786389952492, 0.9131271701103949, 0.9130647042615276]}

Training the model with the following parameters:
Epochs: 3, Trainloader Size: 3163, Optimizer: Adam (
Parameter Group 0
    amsgrad: False
    betas: (0.9, 0.999)
    capturable: False
    differentiable: False
    eps: 1e-08
    foreach: None
    fused: None
    lr: 0.001
    maximize: False
    weight_decay: 0
)

[92mINFO [0m:      Sent reply
[92mINFO [0m:      
[92mINFO [0m:      [RUN 0, ROUND ]
[92mINFO [0m:      Received: train message 29d02b2f-c471-4744-b6e9-80b10ef9c575
[92mINFO [0m:      Sent reply
[92mINFO [0m:      
[92mINFO [0m:      [RUN 0, ROUND ]
[92mINFO [0m:      Received: evaluate message c54d677d-a9ce-419a-9334-49ed9b202519
[92mINFO [0m:      Sent reply
[92mINFO [0m:      
[92mINFO [0m:      [RUN 0, ROUND ]
[92mINFO [0m:      Received: train message b3d5e728-f321-4c62-af4a-3b984295652a
[92mINFO [0m:      Sent reply
[92mINFO [0m:      
[92mINFO [0m:      [RUN 0, ROUND ]
[92mINFO [0m:      Received: evaluate message a811bfd9-00ed-4813-8465-af208b3c4b1d
[92mINFO [0m:      Sent reply
[92mINFO [0m:      
[92mINFO [0m:      [RUN 0, ROUND ]
[92mINFO [0m:      Received: train message e25cc1ca-9508-4aee-a98f-a6296854309b
[92mINFO [0m:      Sent reply
[92mINFO [0m:      
[92mINFO [0m:      [RUN 0, ROUND ]
[92mINFO [0m:      Received: evaluate message 6c82c0b7-58bd-4c5c-8e2e-c294b4653510
[92mINFO [0m:      Sent reply
[92mINFO [0m:      
[92mINFO [0m:      [RUN 0, ROUND ]
[92mINFO [0m:      Received: train message 0cba2c68-d4ce-4283-83ad-62109f1a5ec3
[92mINFO [0m:      Sent reply
[92mINFO [0m:      
[92mINFO [0m:      [RUN 0, ROUND ]
[92mINFO [0m:      Received: evaluate message 956eee15-3f23-4259-b434-282a67eebfd9
[92mINFO [0m:      Sent reply
[92mINFO [0m:      
[92mINFO [0m:      [RUN 0, ROUND ]
[92mINFO [0m:      Received: train message 4d318cc8-7365-4b9d-af09-51874e6612fa
[92mINFO [0m:      Sent reply
[92mINFO [0m:      
[92mINFO [0m:      [RUN 0, ROUND ]
[92mINFO [0m:      Received: evaluate message 15bf5c65-05d3-4178-9b4a-b4da142be79a
[92mINFO [0m:      Sent reply
[92mINFO [0m:      
[92mINFO [0m:      [RUN 0, ROUND ]
[92mINFO [0m:      Received: train message 130813ac-b76e-4186-b0a8-ebe15039f5a2
[92mINFO [0m:      Sent reply
[92mINFO [0m:      
[92mINFO [0m:      [RUN 0, ROUND ]
[92mINFO [0m:      Received: evaluate message 7c1dacc4-2992-445f-a7a4-a1075ddad75e
[92mINFO [0m:      Sent reply
[92mINFO [0m:      
[92mINFO [0m:      [RUN 0, ROUND ]
[92mINFO [0m:      Received: train message 1da2fabe-9627-480f-beab-c91bb6192b74

{'loss': [1.1976331066710786, 1.0884431192724155, 1.0506024655199224, 1.0275597480147105, 1.02418524485368, 1.023252839961457, 1.005757520528172, 1.007754302221683, 0.9923386100171028, 1.0058844268345997, 1.000047147418048], 'accuracy': [0.5561820378574305, 0.6049134111961337, 0.621828433346758, 0.6355215465163109, 0.6359242851389448, 0.6339105920257753, 0.6383407168747482, 0.6403544099879178, 0.6484091824405961, 0.6435763189689891, 0.6476037051953283], 'auc': [0.871038306126441, 0.8933144829011361, 0.9017910987710754, 0.9054320299488106, 0.9068166188592905, 0.9089723269337513, 0.9112415780849183, 0.9119786389952492, 0.9131271701103949, 0.9130647042615276, 0.9142969515104507]}

Training the model with the following parameters:
Epochs: 3, Trainloader Size: 3163, Optimizer: Adam (
Parameter Group 0
    amsgrad: False
    betas: (0.9, 0.999)
    capturable: False
    differentiable: False
    eps: 1e-08
    foreach: None
    fused: None
    lr: 0.001
    maximize: False
    weight_decay: 0
)


{'loss': [1.1976331066710786, 1.0884431192724155, 1.0506024655199224, 1.0275597480147105, 1.02418524485368, 1.023252839961457, 1.005757520528172, 1.007754302221683, 0.9923386100171028, 1.0058844268345997, 1.000047147418048, 0.9950336803364456], 'accuracy': [0.5561820378574305, 0.6049134111961337, 0.621828433346758, 0.6355215465163109, 0.6359242851389448, 0.6339105920257753, 0.6383407168747482, 0.6403544099879178, 0.6484091824405961, 0.6435763189689891, 0.6476037051953283, 0.6496173983084977], 'auc': [0.871038306126441, 0.8933144829011361, 0.9017910987710754, 0.9054320299488106, 0.9068166188592905, 0.9089723269337513, 0.9112415780849183, 0.9119786389952492, 0.9131271701103949, 0.9130647042615276, 0.9142969515104507, 0.9143624631904206]}

Training the model with the following parameters:
Epochs: 3, Trainloader Size: 3163, Optimizer: Adam (
Parameter Group 0
    amsgrad: False
    betas: (0.9, 0.999)
    capturable: False
    differentiable: False
    eps: 1e-08
    foreach: None
    fused: None
    lr: 0.001
    maximize: False
    weight_decay: 0
)


{'loss': [1.1976331066710786, 1.0884431192724155, 1.0506024655199224, 1.0275597480147105, 1.02418524485368, 1.023252839961457, 1.005757520528172, 1.007754302221683, 0.9923386100171028, 1.0058844268345997, 1.000047147418048, 0.9950336803364456, 0.9904821373453268], 'accuracy': [0.5561820378574305, 0.6049134111961337, 0.621828433346758, 0.6355215465163109, 0.6359242851389448, 0.6339105920257753, 0.6383407168747482, 0.6403544099879178, 0.6484091824405961, 0.6435763189689891, 0.6476037051953283, 0.6496173983084977, 0.653242045912203], 'auc': [0.871038306126441, 0.8933144829011361, 0.9017910987710754, 0.9054320299488106, 0.9068166188592905, 0.9089723269337513, 0.9112415780849183, 0.9119786389952492, 0.9131271701103949, 0.9130647042615276, 0.9142969515104507, 0.9143624631904206, 0.9155090782375168]}

Training the model with the following parameters:
Epochs: 3, Trainloader Size: 3163, Optimizer: Adam (
Parameter Group 0
    amsgrad: False
    betas: (0.9, 0.999)
    capturable: False
    differentiable: False
    eps: 1e-08
    foreach: None
    fused: None
    lr: 0.001
    maximize: False
    weight_decay: 0
)


{'loss': [1.1976331066710786, 1.0884431192724155, 1.0506024655199224, 1.0275597480147105, 1.02418524485368, 1.023252839961457, 1.005757520528172, 1.007754302221683, 0.9923386100171028, 1.0058844268345997, 1.000047147418048, 0.9950336803364456, 0.9904821373453268, 1.0047539720552563], 'accuracy': [0.5561820378574305, 0.6049134111961337, 0.621828433346758, 0.6355215465163109, 0.6359242851389448, 0.6339105920257753, 0.6383407168747482, 0.6403544099879178, 0.6484091824405961, 0.6435763189689891, 0.6476037051953283, 0.6496173983084977, 0.653242045912203, 0.643979057591623], 'auc': [0.871038306126441, 0.8933144829011361, 0.9017910987710754, 0.9054320299488106, 0.9068166188592905, 0.9089723269337513, 0.9112415780849183, 0.9119786389952492, 0.9131271701103949, 0.9130647042615276, 0.9142969515104507, 0.9143624631904206, 0.9155090782375168, 0.9145280721179873]}

Training the model with the following parameters:
Epochs: 3, Trainloader Size: 3163, Optimizer: Adam (
Parameter Group 0
    amsgrad: False
    betas: (0.9, 0.999)
    capturable: False
    differentiable: False
    eps: 1e-08
    foreach: None
    fused: None
    lr: 0.001
    maximize: False
    weight_decay: 0
)


{'loss': [1.1976331066710786, 1.0884431192724155, 1.0506024655199224, 1.0275597480147105, 1.02418524485368, 1.023252839961457, 1.005757520528172, 1.007754302221683, 0.9923386100171028, 1.0058844268345997, 1.000047147418048, 0.9950336803364456, 0.9904821373453268, 1.0047539720552563, 0.9858515812800481], 'accuracy': [0.5561820378574305, 0.6049134111961337, 0.621828433346758, 0.6355215465163109, 0.6359242851389448, 0.6339105920257753, 0.6383407168747482, 0.6403544099879178, 0.6484091824405961, 0.6435763189689891, 0.6476037051953283, 0.6496173983084977, 0.653242045912203, 0.643979057591623, 0.653242045912203], 'auc': [0.871038306126441, 0.8933144829011361, 0.9017910987710754, 0.9054320299488106, 0.9068166188592905, 0.9089723269337513, 0.9112415780849183, 0.9119786389952492, 0.9131271701103949, 0.9130647042615276, 0.9142969515104507, 0.9143624631904206, 0.9155090782375168, 0.9145280721179873, 0.9154706841247666]}

Training the model with the following parameters:
Epochs: 3, Trainloader Size: 3163, Optimizer: Adam (
Parameter Group 0
    amsgrad: False
    betas: (0.9, 0.999)
    capturable: False
    differentiable: False
    eps: 1e-08
    foreach: None
    fused: None
    lr: 0.001
    maximize: False
    weight_decay: 0
)


{'loss': [1.1976331066710786, 1.0884431192724155, 1.0506024655199224, 1.0275597480147105, 1.02418524485368, 1.023252839961457, 1.005757520528172, 1.007754302221683, 0.9923386100171028, 1.0058844268345997, 1.000047147418048, 0.9950336803364456, 0.9904821373453268, 1.0047539720552563, 0.9858515812800481, 0.9836562044717494], 'accuracy': [0.5561820378574305, 0.6049134111961337, 0.621828433346758, 0.6355215465163109, 0.6359242851389448, 0.6339105920257753, 0.6383407168747482, 0.6403544099879178, 0.6484091824405961, 0.6435763189689891, 0.6476037051953283, 0.6496173983084977, 0.653242045912203, 0.643979057591623, 0.653242045912203, 0.6568666935159082], 'auc': [0.871038306126441, 0.8933144829011361, 0.9017910987710754, 0.9054320299488106, 0.9068166188592905, 0.9089723269337513, 0.9112415780849183, 0.9119786389952492, 0.9131271701103949, 0.9130647042615276, 0.9142969515104507, 0.9143624631904206, 0.9155090782375168, 0.9145280721179873, 0.9154706841247666, 0.9159252132583078]}

Training the model with the following parameters:
Epochs: 3, Trainloader Size: 3163, Optimizer: Adam (
Parameter Group 0
    amsgrad: False
    betas: (0.9, 0.999)
    capturable: False
    differentiable: False
    eps: 1e-08
    foreach: None
    fused: None
    lr: 0.001
    maximize: False
    weight_decay: 0
)


{'loss': [1.1976331066710786, 1.0884431192724155, 1.0506024655199224, 1.0275597480147105, 1.02418524485368, 1.023252839961457, 1.005757520528172, 1.007754302221683, 0.9923386100171028, 1.0058844268345997, 1.000047147418048, 0.9950336803364456, 0.9904821373453268, 1.0047539720552563, 0.9858515812800481, 0.9836562044717494, 1.002909044632737], 'accuracy': [0.5561820378574305, 0.6049134111961337, 0.621828433346758, 0.6355215465163109, 0.6359242851389448, 0.6339105920257753, 0.6383407168747482, 0.6403544099879178, 0.6484091824405961, 0.6435763189689891, 0.6476037051953283, 0.6496173983084977, 0.653242045912203, 0.643979057591623, 0.653242045912203, 0.6568666935159082, 0.643979057591623], 'auc': [0.871038306126441, 0.8933144829011361, 0.9017910987710754, 0.9054320299488106, 0.9068166188592905, 0.9089723269337513, 0.9112415780849183, 0.9119786389952492, 0.9131271701103949, 0.9130647042615276, 0.9142969515104507, 0.9143624631904206, 0.9155090782375168, 0.9145280721179873, 0.9154706841247666, 0.9159252132583078, 0.9157629467420229]}

Training the model with the following parameters:
[92mINFO [0m:      Sent reply
[92mINFO [0m:      
[92mINFO [0m:      [RUN 0, ROUND ]
[92mINFO [0m:      Received: evaluate message 8d1f46a7-6b03-4e48-87c0-666f83639059
[92mINFO [0m:      Sent reply
[92mINFO [0m:      
[92mINFO [0m:      [RUN 0, ROUND ]
[92mINFO [0m:      Received: train message 25f562c6-77f8-4dfb-ba36-28c293290861
[92mINFO [0m:      Sent reply
[92mINFO [0m:      
[92mINFO [0m:      [RUN 0, ROUND ]
[92mINFO [0m:      Received: evaluate message a18455a4-2c20-4700-ac96-11992072caba
[92mINFO [0m:      Sent reply
[92mINFO [0m:      
[92mINFO [0m:      [RUN 0, ROUND ]
[92mINFO [0m:      Received: train message 52cefba9-a936-43a4-a5b4-76c4f4b1f5af
[92mINFO [0m:      Sent reply
