nohup: ignoring input
/home/dgxuser16/anaconda3/envs/ihpc/lib/python3.8/site-packages/opacus/privacy_engine.py:95: UserWarning: Secure RNG turned off. This is perfectly fine for experimentation as it allows for much faster training performance, but remember to turn it on and retrain one last time before production with ``secure_mode`` turned on.
  warnings.warn(
02/06/2025 08:14:09:WARNING:Ignoring drop_last as it is not compatible with DPDataLoader.
02/06/2025 08:14:09:DEBUG:Opened insecure gRPC connection (no certificates were passed)
02/06/2025 08:14:09:DEBUG:ChannelConnectivity.IDLE
02/06/2025 08:14:09:DEBUG:ChannelConnectivity.CONNECTING
02/06/2025 08:14:09:DEBUG:ChannelConnectivity.READY
WARNING: All log messages before absl::InitializeLog() is called are written to STDERR
I0000 00:00:1738858449.819574  396249 fork_posix.cc:75] Other threads are currently calling into gRPC, skipping fork() handlers
[92mINFO [0m:      
02/06/2025 08:14:27:INFO:
[92mINFO [0m:      Received: train message 612b5277-169b-4197-b2c7-53ca5b39606c
02/06/2025 08:14:27:INFO:Received: train message 612b5277-169b-4197-b2c7-53ca5b39606c
/home/dgxuser16/anaconda3/envs/ihpc/lib/python3.8/site-packages/torch/nn/modules/module.py:1640: FutureWarning: Using a non-full backward hook when the forward contains multiple autograd Nodes is deprecated and will be removed in future versions. This hook will be missing some grad_input. Please use register_full_backward_hook to get the documented behavior.
  self._maybe_warn_non_full_backward_hook(args, result, grad_fn)
[92mINFO [0m:      Sent reply
02/06/2025 08:14:48:INFO:Sent reply
[92mINFO [0m:      
02/06/2025 08:15:47:INFO:
[92mINFO [0m:      Received: evaluate message fe2d510d-8544-4e50-b4cf-640372223164
02/06/2025 08:15:47:INFO:Received: evaluate message fe2d510d-8544-4e50-b4cf-640372223164
[92mINFO [0m:      Sent reply
02/06/2025 08:15:52:INFO:Sent reply
[92mINFO [0m:      
02/06/2025 08:16:37:INFO:
[92mINFO [0m:      Received: train message 1dc9ac29-bd05-46f4-86d9-e77b5ae707b1
02/06/2025 08:16:37:INFO:Received: train message 1dc9ac29-bd05-46f4-86d9-e77b5ae707b1
/home/dgxuser16/anaconda3/envs/ihpc/lib/python3.8/site-packages/torch/nn/modules/module.py:1640: FutureWarning: Using a non-full backward hook when the forward contains multiple autograd Nodes is deprecated and will be removed in future versions. This hook will be missing some grad_input. Please use register_full_backward_hook to get the documented behavior.
  self._maybe_warn_non_full_backward_hook(args, result, grad_fn)
[92mINFO [0m:      Sent reply
02/06/2025 08:17:04:INFO:Sent reply
[92mINFO [0m:      
02/06/2025 08:17:47:INFO:
[92mINFO [0m:      Received: evaluate message 530d84e7-f8e6-4773-93c8-856469ea831b
02/06/2025 08:17:47:INFO:Received: evaluate message 530d84e7-f8e6-4773-93c8-856469ea831b
[92mINFO [0m:      Sent reply
02/06/2025 08:17:53:INFO:Sent reply
[92mINFO [0m:      
02/06/2025 08:18:16:INFO:
[92mINFO [0m:      Received: train message 962a427b-9148-48c1-94f9-b859ec1d3c3c
02/06/2025 08:18:16:INFO:Received: train message 962a427b-9148-48c1-94f9-b859ec1d3c3c
/home/dgxuser16/anaconda3/envs/ihpc/lib/python3.8/site-packages/torch/nn/modules/module.py:1640: FutureWarning: Using a non-full backward hook when the forward contains multiple autograd Nodes is deprecated and will be removed in future versions. This hook will be missing some grad_input. Please use register_full_backward_hook to get the documented behavior.
  self._maybe_warn_non_full_backward_hook(args, result, grad_fn)
[92mINFO [0m:      Sent reply
02/06/2025 08:18:39:INFO:Sent reply
[92mINFO [0m:      
02/06/2025 08:19:28:INFO:
[92mINFO [0m:      Received: evaluate message 5a2093ea-112e-47b7-b618-b26972c6e9bf
02/06/2025 08:19:28:INFO:Received: evaluate message 5a2093ea-112e-47b7-b618-b26972c6e9bf
[92mINFO [0m:      Sent reply
02/06/2025 08:19:33:INFO:Sent reply
[92mINFO [0m:      
02/06/2025 08:19:53:INFO:
[92mINFO [0m:      Received: train message 45b7822a-7e98-4523-a3dd-c00be668fc5a
02/06/2025 08:19:53:INFO:Received: train message 45b7822a-7e98-4523-a3dd-c00be668fc5a
/home/dgxuser16/anaconda3/envs/ihpc/lib/python3.8/site-packages/torch/nn/modules/module.py:1640: FutureWarning: Using a non-full backward hook when the forward contains multiple autograd Nodes is deprecated and will be removed in future versions. This hook will be missing some grad_input. Please use register_full_backward_hook to get the documented behavior.
  self._maybe_warn_non_full_backward_hook(args, result, grad_fn)
[92mINFO [0m:      Sent reply
02/06/2025 08:20:21:INFO:Sent reply
[92mINFO [0m:      
02/06/2025 08:21:27:INFO:
[92mINFO [0m:      Received: evaluate message 8c281d72-32e6-4979-9bce-494c6f58ac3a
02/06/2025 08:21:27:INFO:Received: evaluate message 8c281d72-32e6-4979-9bce-494c6f58ac3a
[92mINFO [0m:      Sent reply
02/06/2025 08:21:33:INFO:Sent reply
[92mINFO [0m:      
02/06/2025 08:21:52:INFO:
[92mINFO [0m:      Received: train message 83a7dbde-ac2f-40a9-b4cd-4bed67cb19f7
02/06/2025 08:21:52:INFO:Received: train message 83a7dbde-ac2f-40a9-b4cd-4bed67cb19f7
/home/dgxuser16/anaconda3/envs/ihpc/lib/python3.8/site-packages/torch/nn/modules/module.py:1640: FutureWarning: Using a non-full backward hook when the forward contains multiple autograd Nodes is deprecated and will be removed in future versions. This hook will be missing some grad_input. Please use register_full_backward_hook to get the documented behavior.
  self._maybe_warn_non_full_backward_hook(args, result, grad_fn)
[92mINFO [0m:      Sent reply
02/06/2025 08:22:24:INFO:Sent reply
[92mINFO [0m:      
02/06/2025 08:23:28:INFO:
[92mINFO [0m:      Received: evaluate message 54624a94-579f-473b-856f-7d036c318463
02/06/2025 08:23:28:INFO:Received: evaluate message 54624a94-579f-473b-856f-7d036c318463
[92mINFO [0m:      Sent reply
02/06/2025 08:23:36:INFO:Sent reply
[92mINFO [0m:      
02/06/2025 08:24:09:INFO:
[92mINFO [0m:      Received: train message 14b50130-d654-4b3b-b577-aca42b53868b
02/06/2025 08:24:09:INFO:Received: train message 14b50130-d654-4b3b-b577-aca42b53868b
/home/dgxuser16/anaconda3/envs/ihpc/lib/python3.8/site-packages/torch/nn/modules/module.py:1640: FutureWarning: Using a non-full backward hook when the forward contains multiple autograd Nodes is deprecated and will be removed in future versions. This hook will be missing some grad_input. Please use register_full_backward_hook to get the documented behavior.
  self._maybe_warn_non_full_backward_hook(args, result, grad_fn)
[92mINFO [0m:      Sent reply
02/06/2025 08:24:42:INFO:Sent reply
[92mINFO [0m:      
02/06/2025 08:25:27:INFO:
[92mINFO [0m:      Received: evaluate message 879fa35f-2a87-45cb-9235-01351b346587
02/06/2025 08:25:27:INFO:Received: evaluate message 879fa35f-2a87-45cb-9235-01351b346587
[92mINFO [0m:      Sent reply
02/06/2025 08:25:36:INFO:Sent reply
[92mINFO [0m:      
02/06/2025 08:26:14:INFO:
[92mINFO [0m:      Received: train message 66b96787-fa41-497f-b5b5-9dff50d3ffd3
02/06/2025 08:26:14:INFO:Received: train message 66b96787-fa41-497f-b5b5-9dff50d3ffd3
/home/dgxuser16/anaconda3/envs/ihpc/lib/python3.8/site-packages/torch/nn/modules/module.py:1640: FutureWarning: Using a non-full backward hook when the forward contains multiple autograd Nodes is deprecated and will be removed in future versions. This hook will be missing some grad_input. Please use register_full_backward_hook to get the documented behavior.
  self._maybe_warn_non_full_backward_hook(args, result, grad_fn)
[92mINFO [0m:      Sent reply
02/06/2025 08:26:45:INFO:Sent reply
[92mINFO [0m:      
02/06/2025 08:27:18:INFO:
[92mINFO [0m:      Received: evaluate message fc89e983-c0f3-4e5a-a02c-6c3464d83ce6
02/06/2025 08:27:18:INFO:Received: evaluate message fc89e983-c0f3-4e5a-a02c-6c3464d83ce6
[92mINFO [0m:      Sent reply
02/06/2025 08:27:23:INFO:Sent reply
[92mINFO [0m:      
02/06/2025 08:28:19:INFO:
[92mINFO [0m:      Received: train message 7dbb4c29-92f4-4a76-8fc1-e9aa54150c81
02/06/2025 08:28:19:INFO:Received: train message 7dbb4c29-92f4-4a76-8fc1-e9aa54150c81
/home/dgxuser16/anaconda3/envs/ihpc/lib/python3.8/site-packages/torch/nn/modules/module.py:1640: FutureWarning: Using a non-full backward hook when the forward contains multiple autograd Nodes is deprecated and will be removed in future versions. This hook will be missing some grad_input. Please use register_full_backward_hook to get the documented behavior.
  self._maybe_warn_non_full_backward_hook(args, result, grad_fn)
[92mINFO [0m:      Sent reply
02/06/2025 08:28:48:INFO:Sent reply
[92mINFO [0m:      
02/06/2025 08:29:34:INFO:
[92mINFO [0m:      Received: evaluate message 63417ce8-dddc-4a08-9e5a-0bddbdb21b67
02/06/2025 08:29:34:INFO:Received: evaluate message 63417ce8-dddc-4a08-9e5a-0bddbdb21b67
[92mINFO [0m:      Sent reply
02/06/2025 08:29:40:INFO:Sent reply
[92mINFO [0m:      
02/06/2025 08:30:24:INFO:
[92mINFO [0m:      Received: train message 5e1fd65e-4b48-4ff6-a768-698b3a1692d6
02/06/2025 08:30:24:INFO:Received: train message 5e1fd65e-4b48-4ff6-a768-698b3a1692d6
/home/dgxuser16/anaconda3/envs/ihpc/lib/python3.8/site-packages/torch/nn/modules/module.py:1640: FutureWarning: Using a non-full backward hook when the forward contains multiple autograd Nodes is deprecated and will be removed in future versions. This hook will be missing some grad_input. Please use register_full_backward_hook to get the documented behavior.
  self._maybe_warn_non_full_backward_hook(args, result, grad_fn)
[92mINFO [0m:      Sent reply
02/06/2025 08:30:56:INFO:Sent reply
[92mINFO [0m:      
02/06/2025 08:31:31:INFO:
[92mINFO [0m:      Received: evaluate message a56235c5-78b5-44d4-baeb-70d8a0350f04
02/06/2025 08:31:31:INFO:Received: evaluate message a56235c5-78b5-44d4-baeb-70d8a0350f04
[92mINFO [0m:      Sent reply
02/06/2025 08:31:37:INFO:Sent reply
[92mINFO [0m:      
02/06/2025 08:32:17:INFO:
[92mINFO [0m:      Received: train message 34b2e5d7-4d4a-4e55-95b3-71e4a7ba405a
02/06/2025 08:32:17:INFO:Received: train message 34b2e5d7-4d4a-4e55-95b3-71e4a7ba405a
/home/dgxuser16/anaconda3/envs/ihpc/lib/python3.8/site-packages/torch/nn/modules/module.py:1640: FutureWarning: Using a non-full backward hook when the forward contains multiple autograd Nodes is deprecated and will be removed in future versions. This hook will be missing some grad_input. Please use register_full_backward_hook to get the documented behavior.
  self._maybe_warn_non_full_backward_hook(args, result, grad_fn)
[92mINFO [0m:      Sent reply
02/06/2025 08:32:54:INFO:Sent reply
[92mINFO [0m:      
02/06/2025 08:33:48:INFO:
[92mINFO [0m:      Received: evaluate message 62a32af6-57f0-4b9a-84a3-7c4e5cc7f4ae
02/06/2025 08:33:48:INFO:Received: evaluate message 62a32af6-57f0-4b9a-84a3-7c4e5cc7f4ae
[92mINFO [0m:      Sent reply
02/06/2025 08:33:58:INFO:Sent reply
[92mINFO [0m:      
02/06/2025 08:34:27:INFO:
[92mINFO [0m:      Received: train message df39867e-5232-419c-8098-5df6ccc3884a
02/06/2025 08:34:27:INFO:Received: train message df39867e-5232-419c-8098-5df6ccc3884a
/home/dgxuser16/anaconda3/envs/ihpc/lib/python3.8/site-packages/torch/nn/modules/module.py:1640: FutureWarning: Using a non-full backward hook when the forward contains multiple autograd Nodes is deprecated and will be removed in future versions. This hook will be missing some grad_input. Please use register_full_backward_hook to get the documented behavior.
  self._maybe_warn_non_full_backward_hook(args, result, grad_fn)
[92mINFO [0m:      Sent reply
02/06/2025 08:35:02:INFO:Sent reply
[92mINFO [0m:      
02/06/2025 08:35:53:INFO:
[92mINFO [0m:      Received: evaluate message 89c80f8a-188b-4c68-a374-8e670cc056c3
02/06/2025 08:35:53:INFO:Received: evaluate message 89c80f8a-188b-4c68-a374-8e670cc056c3
[92mINFO [0m:      Sent reply
02/06/2025 08:36:03:INFO:Sent reply
[92mINFO [0m:      
02/06/2025 08:36:14:INFO:
[92mINFO [0m:      Received: train message 8f0c37fc-357d-4936-ac1e-81ee1f71dc3b
02/06/2025 08:36:14:INFO:Received: train message 8f0c37fc-357d-4936-ac1e-81ee1f71dc3b
/home/dgxuser16/anaconda3/envs/ihpc/lib/python3.8/site-packages/torch/nn/modules/module.py:1640: FutureWarning: Using a non-full backward hook when the forward contains multiple autograd Nodes is deprecated and will be removed in future versions. This hook will be missing some grad_input. Please use register_full_backward_hook to get the documented behavior.
  self._maybe_warn_non_full_backward_hook(args, result, grad_fn)
[92mINFO [0m:      Sent reply
02/06/2025 08:36:39:INFO:Sent reply
[92mINFO [0m:      
02/06/2025 08:37:46:INFO:
[92mINFO [0m:      Received: evaluate message c00a9c07-93aa-4d67-848c-a63fbeea1d5f
02/06/2025 08:37:46:INFO:Received: evaluate message c00a9c07-93aa-4d67-848c-a63fbeea1d5f
[92mINFO [0m:      Sent reply
02/06/2025 08:37:52:INFO:Sent reply
[92mINFO [0m:      
02/06/2025 08:38:44:INFO:
[92mINFO [0m:      Received: train message 3ac932d5-dd81-4556-96b4-b0c2a7a51ad8
02/06/2025 08:38:44:INFO:Received: train message 3ac932d5-dd81-4556-96b4-b0c2a7a51ad8
/home/dgxuser16/anaconda3/envs/ihpc/lib/python3.8/site-packages/torch/nn/modules/module.py:1640: FutureWarning: Using a non-full backward hook when the forward contains multiple autograd Nodes is deprecated and will be removed in future versions. This hook will be missing some grad_input. Please use register_full_backward_hook to get the documented behavior.
  self._maybe_warn_non_full_backward_hook(args, result, grad_fn)
[92mINFO [0m:      Sent reply
02/06/2025 08:39:22:INFO:Sent reply
[92mINFO [0m:      
02/06/2025 08:40:02:INFO:
[92mINFO [0m:      Received: evaluate message ef16ad44-196d-4393-abba-a232ec51a8b2
02/06/2025 08:40:02:INFO:Received: evaluate message ef16ad44-196d-4393-abba-a232ec51a8b2
[92mINFO [0m:      Sent reply
02/06/2025 08:40:08:INFO:Sent reply
[92mINFO [0m:      
02/06/2025 08:40:45:INFO:
[92mINFO [0m:      Received: train message e82dd2e3-f17a-4b35-a106-3a6de586025f
02/06/2025 08:40:45:INFO:Received: train message e82dd2e3-f17a-4b35-a106-3a6de586025f
/home/dgxuser16/anaconda3/envs/ihpc/lib/python3.8/site-packages/torch/nn/modules/module.py:1640: FutureWarning: Using a non-full backward hook when the forward contains multiple autograd Nodes is deprecated and will be removed in future versions. This hook will be missing some grad_input. Please use register_full_backward_hook to get the documented behavior.
  self._maybe_warn_non_full_backward_hook(args, result, grad_fn)
[92mINFO [0m:      Sent reply
02/06/2025 08:41:14:INFO:Sent reply
[92mINFO [0m:      
02/06/2025 08:42:05:INFO:
[92mINFO [0m:      Received: evaluate message 2c69165d-a609-4020-a679-33dfa5c993bc
02/06/2025 08:42:05:INFO:Received: evaluate message 2c69165d-a609-4020-a679-33dfa5c993bc
[92mINFO [0m:      Sent reply
02/06/2025 08:42:11:INFO:Sent reply
[92mINFO [0m:      
02/06/2025 08:42:53:INFO:
[92mINFO [0m:      Received: train message b6be7bbd-a5f1-4edb-a637-32d396f9006a
02/06/2025 08:42:53:INFO:Received: train message b6be7bbd-a5f1-4edb-a637-32d396f9006a
/home/dgxuser16/anaconda3/envs/ihpc/lib/python3.8/site-packages/torch/nn/modules/module.py:1640: FutureWarning: Using a non-full backward hook when the forward contains multiple autograd Nodes is deprecated and will be removed in future versions. This hook will be missing some grad_input. Please use register_full_backward_hook to get the documented behavior.
  self._maybe_warn_non_full_backward_hook(args, result, grad_fn)
[92mINFO [0m:      Sent reply
02/06/2025 08:43:33:INFO:Sent reply
[92mINFO [0m:      
02/06/2025 08:44:23:INFO:
[92mINFO [0m:      Received: evaluate message 1e8808b2-093b-470f-80a5-4071ff05ea87
02/06/2025 08:44:23:INFO:Received: evaluate message 1e8808b2-093b-470f-80a5-4071ff05ea87
[92mINFO [0m:      Sent reply
02/06/2025 08:44:29:INFO:Sent reply
[92mINFO [0m:      
02/06/2025 08:45:02:INFO:
[92mINFO [0m:      Received: train message 94495235-0785-4681-95c0-5dc3b14d3542
02/06/2025 08:45:02:INFO:Received: train message 94495235-0785-4681-95c0-5dc3b14d3542
Device: cuda:0
Params: {'batch_size': 32, 'local_epochs': 3, 'full_dataset_size': 6400, 'number_of_classes': 4}
Privacy Params: {'target_delta': 1e-05, 'noise_multiplier': 0.53, 'max_grad_norm': 1.0}
Epsilon = 9.5192

{'loss': [1.0807289528231587], 'accuracy': [0.4980453479280688], 'auc': [0.6980217444540938]}

Epsilon = 12.2038

{'loss': [1.0807289528231587, 1.0774973377387351], 'accuracy': [0.4980453479280688, 0.5129007036747459], 'auc': [0.6980217444540938, 0.715380979554698]}

Epsilon = 14.3787

{'loss': [1.0807289528231587, 1.0774973377387351, 1.0392794734896673], 'accuracy': [0.4980453479280688, 0.5129007036747459, 0.5230648944487881], 'auc': [0.6980217444540938, 0.715380979554698, 0.7215425833254789]}

Epsilon = 16.2936

{'loss': [1.0807289528231587, 1.0774973377387351, 1.0392794734896673, 1.0549484235034314], 'accuracy': [0.4980453479280688, 0.5129007036747459, 0.5230648944487881, 0.5230648944487881], 'auc': [0.6980217444540938, 0.715380979554698, 0.7215425833254789, 0.7268733641384597]}

Epsilon = 18.0434

{'loss': [1.0807289528231587, 1.0774973377387351, 1.0392794734896673, 1.0549484235034314, 1.0732965513166737], 'accuracy': [0.4980453479280688, 0.5129007036747459, 0.5230648944487881, 0.5230648944487881, 0.5230648944487881], 'auc': [0.6980217444540938, 0.715380979554698, 0.7215425833254789, 0.7268733641384597, 0.7293896404484805]}

Epsilon = 19.6762

{'loss': [1.0807289528231587, 1.0774973377387351, 1.0392794734896673, 1.0549484235034314, 1.0732965513166737, 1.0958097180507442], 'accuracy': [0.4980453479280688, 0.5129007036747459, 0.5230648944487881, 0.5230648944487881, 0.5230648944487881, 0.5222830336200156], 'auc': [0.6980217444540938, 0.715380979554698, 0.7215425833254789, 0.7268733641384597, 0.7293896404484805, 0.7361344150229252]}

Epsilon = 21.2204

{'loss': [1.0807289528231587, 1.0774973377387351, 1.0392794734896673, 1.0549484235034314, 1.0732965513166737, 1.0958097180507442, 1.1047427204085851], 'accuracy': [0.4980453479280688, 0.5129007036747459, 0.5230648944487881, 0.5230648944487881, 0.5230648944487881, 0.5222830336200156, 0.5285379202501954], 'auc': [0.6980217444540938, 0.715380979554698, 0.7215425833254789, 0.7268733641384597, 0.7293896404484805, 0.7361344150229252, 0.7352135888819312]}

Epsilon = 22.6945

{'loss': [1.0807289528231587, 1.0774973377387351, 1.0392794734896673, 1.0549484235034314, 1.0732965513166737, 1.0958097180507442, 1.1047427204085851, 1.144823839088452], 'accuracy': [0.4980453479280688, 0.5129007036747459, 0.5230648944487881, 0.5230648944487881, 0.5230648944487881, 0.5222830336200156, 0.5285379202501954, 0.524628616106333], 'auc': [0.6980217444540938, 0.715380979554698, 0.7215425833254789, 0.7268733641384597, 0.7293896404484805, 0.7361344150229252, 0.7352135888819312, 0.7364474933743671]}

Epsilon = 24.1114

{'loss': [1.0807289528231587, 1.0774973377387351, 1.0392794734896673, 1.0549484235034314, 1.0732965513166737, 1.0958097180507442, 1.1047427204085851, 1.144823839088452, 1.1337953592483843], 'accuracy': [0.4980453479280688, 0.5129007036747459, 0.5230648944487881, 0.5230648944487881, 0.5230648944487881, 0.5222830336200156, 0.5285379202501954, 0.524628616106333, 0.5293197810789679], 'auc': [0.6980217444540938, 0.715380979554698, 0.7215425833254789, 0.7268733641384597, 0.7293896404484805, 0.7361344150229252, 0.7352135888819312, 0.7364474933743671, 0.7395642995225448]}

Epsilon = 25.4803

{'loss': [1.0807289528231587, 1.0774973377387351, 1.0392794734896673, 1.0549484235034314, 1.0732965513166737, 1.0958097180507442, 1.1047427204085851, 1.144823839088452, 1.1337953592483843, 1.1289696033528487], 'accuracy': [0.4980453479280688, 0.5129007036747459, 0.5230648944487881, 0.5230648944487881, 0.5230648944487881, 0.5222830336200156, 0.5285379202501954, 0.524628616106333, 0.5293197810789679, 0.5347928068803753], 'auc': [0.6980217444540938, 0.715380979554698, 0.7215425833254789, 0.7268733641384597, 0.7293896404484805, 0.7361344150229252, 0.7352135888819312, 0.7364474933743671, 0.7395642995225448, 0.7442743934131723]}

Epsilon = 26.8083

{'loss': [1.0807289528231587, 1.0774973377387351, 1.0392794734896673, 1.0549484235034314, 1.0732965513166737, 1.0958097180507442, 1.1047427204085851, 1.144823839088452, 1.1337953592483843, 1.1289696033528487, 1.1284019809108492], 'accuracy': [0.4980453479280688, 0.5129007036747459, 0.5230648944487881, 0.5230648944487881, 0.5230648944487881, 0.5222830336200156, 0.5285379202501954, 0.524628616106333, 0.5293197810789679, 0.5347928068803753, 0.5355746677091477], 'auc': [0.6980217444540938, 0.715380979554698, 0.7215425833254789, 0.7268733641384597, 0.7293896404484805, 0.7361344150229252, 0.7352135888819312, 0.7364474933743671, 0.7395642995225448, 0.7442743934131723, 0.7457396590039437]}

Epsilon = 28.1008

{'loss': [1.0807289528231587, 1.0774973377387351, 1.0392794734896673, 1.0549484235034314, 1.0732965513166737, 1.0958097180507442, 1.1047427204085851, 1.144823839088452, 1.1337953592483843, 1.1289696033528487, 1.1284019809108492, 1.1064153910149253], 'accuracy': [0.4980453479280688, 0.5129007036747459, 0.5230648944487881, 0.5230648944487881, 0.5230648944487881, 0.5222830336200156, 0.5285379202501954, 0.524628616106333, 0.5293197810789679, 0.5347928068803753, 0.5355746677091477, 0.5363565285379203], 'auc': [0.6980217444540938, 0.715380979554698, 0.7215425833254789, 0.7268733641384597, 0.7293896404484805, 0.7361344150229252, 0.7352135888819312, 0.7364474933743671, 0.7395642995225448, 0.7442743934131723, 0.7457396590039437, 0.7469270660984983]}

Epsilon = 29.3622

{'loss': [1.0807289528231587, 1.0774973377387351, 1.0392794734896673, 1.0549484235034314, 1.0732965513166737, 1.0958097180507442, 1.1047427204085851, 1.144823839088452, 1.1337953592483843, 1.1289696033528487, 1.1284019809108492, 1.1064153910149253, 1.1306770984971775], 'accuracy': [0.4980453479280688, 0.5129007036747459, 0.5230648944487881, 0.5230648944487881, 0.5230648944487881, 0.5222830336200156, 0.5285379202501954, 0.524628616106333, 0.5293197810789679, 0.5347928068803753, 0.5355746677091477, 0.5363565285379203, 0.5371383893666928], 'auc': [0.6980217444540938, 0.715380979554698, 0.7215425833254789, 0.7268733641384597, 0.7293896404484805, 0.7361344150229252, 0.7352135888819312, 0.7364474933743671, 0.7395642995225448, 0.7442743934131723, 0.7457396590039437, 0.7469270660984983, 0.7482257031394075]}

Epsilon = 30.5960

{'loss': [1.0807289528231587, 1.0774973377387351, 1.0392794734896673, 1.0549484235034314, 1.0732965513166737, 1.0958097180507442, 1.1047427204085851, 1.144823839088452, 1.1337953592483843, 1.1289696033528487, 1.1284019809108492, 1.1064153910149253, 1.1306770984971775, 1.1307815345028958], 'accuracy': [0.4980453479280688, 0.5129007036747459, 0.5230648944487881, 0.5230648944487881, 0.5230648944487881, 0.5222830336200156, 0.5285379202501954, 0.524628616106333, 0.5293197810789679, 0.5347928068803753, 0.5355746677091477, 0.5363565285379203, 0.5371383893666928, 0.5410476935105551], 'auc': [0.6980217444540938, 0.715380979554698, 0.7215425833254789, 0.7268733641384597, 0.7293896404484805, 0.7361344150229252, 0.7352135888819312, 0.7364474933743671, 0.7395642995225448, 0.7442743934131723, 0.7457396590039437, 0.7469270660984983, 0.7482257031394075, 0.7499570725869946]}

Epsilon = 31.8052

{'loss': [1.0807289528231587, 1.0774973377387351, 1.0392794734896673, 1.0549484235034314, 1.0732965513166737, 1.0958097180507442, 1.1047427204085851, 1.144823839088452, 1.1337953592483843, 1.1289696033528487, 1.1284019809108492, 1.1064153910149253, 1.1306770984971775, 1.1307815345028958, 1.1520942842895114], 'accuracy': [0.4980453479280688, 0.5129007036747459, 0.5230648944487881, 0.5230648944487881, 0.5230648944487881, 0.5222830336200156, 0.5285379202501954, 0.524628616106333, 0.5293197810789679, 0.5347928068803753, 0.5355746677091477, 0.5363565285379203, 0.5371383893666928, 0.5410476935105551, 0.5355746677091477], 'auc': [0.6980217444540938, 0.715380979554698, 0.7215425833254789, 0.7268733641384597, 0.7293896404484805, 0.7361344150229252, 0.7352135888819312, 0.7364474933743671, 0.7395642995225448, 0.7442743934131723, 0.7457396590039437, 0.7469270660984983, 0.7482257031394075, 0.7499570725869946, 0.7516753090587968]}

/home/dgxuser16/anaconda3/envs/ihpc/lib/python3.8/site-packages/torch/nn/modules/module.py:1640: FutureWarning: Using a non-full backward hook when the forward contains multiple autograd Nodes is deprecated and will be removed in future versions. This hook will be missing some grad_input. Please use register_full_backward_hook to get the documented behavior.
  self._maybe_warn_non_full_backward_hook(args, result, grad_fn)
[92mINFO [0m:      Sent reply
02/06/2025 08:45:49:INFO:Sent reply
[92mINFO [0m:      
02/06/2025 08:46:37:INFO:
[92mINFO [0m:      Received: evaluate message c3554865-cdcf-43ef-8915-be7987666347
02/06/2025 08:46:37:INFO:Received: evaluate message c3554865-cdcf-43ef-8915-be7987666347
[92mINFO [0m:      Sent reply
02/06/2025 08:46:42:INFO:Sent reply
[92mINFO [0m:      
02/06/2025 08:47:00:INFO:
[92mINFO [0m:      Received: train message 797e24cf-b20f-47b4-9684-a5b17ea753c2
02/06/2025 08:47:00:INFO:Received: train message 797e24cf-b20f-47b4-9684-a5b17ea753c2
/home/dgxuser16/anaconda3/envs/ihpc/lib/python3.8/site-packages/torch/nn/modules/module.py:1640: FutureWarning: Using a non-full backward hook when the forward contains multiple autograd Nodes is deprecated and will be removed in future versions. This hook will be missing some grad_input. Please use register_full_backward_hook to get the documented behavior.
  self._maybe_warn_non_full_backward_hook(args, result, grad_fn)
[92mINFO [0m:      Sent reply
02/06/2025 08:47:28:INFO:Sent reply
[92mINFO [0m:      
02/06/2025 08:48:40:INFO:
[92mINFO [0m:      Received: evaluate message fc2ea7da-993c-488a-a9ba-08d1eb595e44
02/06/2025 08:48:40:INFO:Received: evaluate message fc2ea7da-993c-488a-a9ba-08d1eb595e44
[92mINFO [0m:      Sent reply
02/06/2025 08:48:47:INFO:Sent reply
[92mINFO [0m:      
02/06/2025 08:49:03:INFO:
[92mINFO [0m:      Received: train message 9912daf2-075b-4935-8d3b-fa5e7e9e3712
02/06/2025 08:49:03:INFO:Received: train message 9912daf2-075b-4935-8d3b-fa5e7e9e3712
/home/dgxuser16/anaconda3/envs/ihpc/lib/python3.8/site-packages/torch/nn/modules/module.py:1640: FutureWarning: Using a non-full backward hook when the forward contains multiple autograd Nodes is deprecated and will be removed in future versions. This hook will be missing some grad_input. Please use register_full_backward_hook to get the documented behavior.
  self._maybe_warn_non_full_backward_hook(args, result, grad_fn)
[92mINFO [0m:      Sent reply
02/06/2025 08:49:31:INFO:Sent reply
[92mINFO [0m:      
02/06/2025 08:50:46:INFO:
[92mINFO [0m:      Received: evaluate message 615e9153-5de0-49c1-ac1a-c18382dada54
02/06/2025 08:50:46:INFO:Received: evaluate message 615e9153-5de0-49c1-ac1a-c18382dada54
[92mINFO [0m:      Sent reply
02/06/2025 08:50:52:INFO:Sent reply
[92mINFO [0m:      
02/06/2025 08:51:28:INFO:
[92mINFO [0m:      Received: train message b0e1daad-6ef4-42fc-94c4-2edf4636b99d
02/06/2025 08:51:28:INFO:Received: train message b0e1daad-6ef4-42fc-94c4-2edf4636b99d
/home/dgxuser16/anaconda3/envs/ihpc/lib/python3.8/site-packages/torch/nn/modules/module.py:1640: FutureWarning: Using a non-full backward hook when the forward contains multiple autograd Nodes is deprecated and will be removed in future versions. This hook will be missing some grad_input. Please use register_full_backward_hook to get the documented behavior.
  self._maybe_warn_non_full_backward_hook(args, result, grad_fn)
[92mINFO [0m:      Sent reply
02/06/2025 08:51:58:INFO:Sent reply
[92mINFO [0m:      
02/06/2025 08:52:50:INFO:
[92mINFO [0m:      Received: evaluate message 2d2ba224-1100-482d-9373-cc04942e33f9
02/06/2025 08:52:50:INFO:Received: evaluate message 2d2ba224-1100-482d-9373-cc04942e33f9
[92mINFO [0m:      Sent reply
02/06/2025 08:52:55:INFO:Sent reply
[92mINFO [0m:      
02/06/2025 08:53:48:INFO:
[92mINFO [0m:      Received: train message 0edaddb4-a660-4fbc-9ad8-c43506e0484a
02/06/2025 08:53:48:INFO:Received: train message 0edaddb4-a660-4fbc-9ad8-c43506e0484a
/home/dgxuser16/anaconda3/envs/ihpc/lib/python3.8/site-packages/torch/nn/modules/module.py:1640: FutureWarning: Using a non-full backward hook when the forward contains multiple autograd Nodes is deprecated and will be removed in future versions. This hook will be missing some grad_input. Please use register_full_backward_hook to get the documented behavior.
  self._maybe_warn_non_full_backward_hook(args, result, grad_fn)
[92mINFO [0m:      Sent reply
02/06/2025 08:54:39:INFO:Sent reply
[92mINFO [0m:      
02/06/2025 08:55:22:INFO:
[92mINFO [0m:      Received: evaluate message c5287b9b-866a-43b7-a208-1efa41e7f47d
02/06/2025 08:55:22:INFO:Received: evaluate message c5287b9b-866a-43b7-a208-1efa41e7f47d
[92mINFO [0m:      Sent reply
02/06/2025 08:55:31:INFO:Sent reply
[92mINFO [0m:      
02/06/2025 08:56:12:INFO:
[92mINFO [0m:      Received: train message bcc016db-025e-4158-9ade-770d163d9082
02/06/2025 08:56:12:INFO:Received: train message bcc016db-025e-4158-9ade-770d163d9082
/home/dgxuser16/anaconda3/envs/ihpc/lib/python3.8/site-packages/torch/nn/modules/module.py:1640: FutureWarning: Using a non-full backward hook when the forward contains multiple autograd Nodes is deprecated and will be removed in future versions. This hook will be missing some grad_input. Please use register_full_backward_hook to get the documented behavior.
  self._maybe_warn_non_full_backward_hook(args, result, grad_fn)
[92mINFO [0m:      Sent reply
02/06/2025 08:56:55:INFO:Sent reply
[92mINFO [0m:      
02/06/2025 08:57:25:INFO:
[92mINFO [0m:      Received: evaluate message f5ca7dff-dc07-4db3-97da-5845191a12fb
02/06/2025 08:57:25:INFO:Received: evaluate message f5ca7dff-dc07-4db3-97da-5845191a12fb
[92mINFO [0m:      Sent reply
02/06/2025 08:57:30:INFO:Sent reply
[92mINFO [0m:      
02/06/2025 08:58:23:INFO:
[92mINFO [0m:      Received: train message f30862a3-8643-4011-9d18-8fd8898da561
02/06/2025 08:58:23:INFO:Received: train message f30862a3-8643-4011-9d18-8fd8898da561
/home/dgxuser16/anaconda3/envs/ihpc/lib/python3.8/site-packages/torch/nn/modules/module.py:1640: FutureWarning: Using a non-full backward hook when the forward contains multiple autograd Nodes is deprecated and will be removed in future versions. This hook will be missing some grad_input. Please use register_full_backward_hook to get the documented behavior.
  self._maybe_warn_non_full_backward_hook(args, result, grad_fn)
[92mINFO [0m:      Sent reply
02/06/2025 08:59:07:INFO:Sent reply
[92mINFO [0m:      
02/06/2025 08:59:58:INFO:
[92mINFO [0m:      Received: evaluate message 016df02b-844e-42d5-8a09-88d3c7bfcf09
02/06/2025 08:59:58:INFO:Received: evaluate message 016df02b-844e-42d5-8a09-88d3c7bfcf09
Epsilon = 32.9920

{'loss': [1.0807289528231587, 1.0774973377387351, 1.0392794734896673, 1.0549484235034314, 1.0732965513166737, 1.0958097180507442, 1.1047427204085851, 1.144823839088452, 1.1337953592483843, 1.1289696033528487, 1.1284019809108492, 1.1064153910149253, 1.1306770984971775, 1.1307815345028958, 1.1520942842895114, 1.154829387649882], 'accuracy': [0.4980453479280688, 0.5129007036747459, 0.5230648944487881, 0.5230648944487881, 0.5230648944487881, 0.5222830336200156, 0.5285379202501954, 0.524628616106333, 0.5293197810789679, 0.5347928068803753, 0.5355746677091477, 0.5363565285379203, 0.5371383893666928, 0.5410476935105551, 0.5355746677091477, 0.5379202501954652], 'auc': [0.6980217444540938, 0.715380979554698, 0.7215425833254789, 0.7268733641384597, 0.7293896404484805, 0.7361344150229252, 0.7352135888819312, 0.7364474933743671, 0.7395642995225448, 0.7442743934131723, 0.7457396590039437, 0.7469270660984983, 0.7482257031394075, 0.7499570725869946, 0.7516753090587968, 0.7535048688632887]}

Epsilon = 34.1586

{'loss': [1.0807289528231587, 1.0774973377387351, 1.0392794734896673, 1.0549484235034314, 1.0732965513166737, 1.0958097180507442, 1.1047427204085851, 1.144823839088452, 1.1337953592483843, 1.1289696033528487, 1.1284019809108492, 1.1064153910149253, 1.1306770984971775, 1.1307815345028958, 1.1520942842895114, 1.154829387649882, 1.1362628586782526], 'accuracy': [0.4980453479280688, 0.5129007036747459, 0.5230648944487881, 0.5230648944487881, 0.5230648944487881, 0.5222830336200156, 0.5285379202501954, 0.524628616106333, 0.5293197810789679, 0.5347928068803753, 0.5355746677091477, 0.5363565285379203, 0.5371383893666928, 0.5410476935105551, 0.5355746677091477, 0.5379202501954652, 0.5387021110242377], 'auc': [0.6980217444540938, 0.715380979554698, 0.7215425833254789, 0.7268733641384597, 0.7293896404484805, 0.7361344150229252, 0.7352135888819312, 0.7364474933743671, 0.7395642995225448, 0.7442743934131723, 0.7457396590039437, 0.7469270660984983, 0.7482257031394075, 0.7499570725869946, 0.7516753090587968, 0.7535048688632887, 0.7551573951086694]}

Epsilon = 35.3068

{'loss': [1.0807289528231587, 1.0774973377387351, 1.0392794734896673, 1.0549484235034314, 1.0732965513166737, 1.0958097180507442, 1.1047427204085851, 1.144823839088452, 1.1337953592483843, 1.1289696033528487, 1.1284019809108492, 1.1064153910149253, 1.1306770984971775, 1.1307815345028958, 1.1520942842895114, 1.154829387649882, 1.1362628586782526, 1.1659472108912523], 'accuracy': [0.4980453479280688, 0.5129007036747459, 0.5230648944487881, 0.5230648944487881, 0.5230648944487881, 0.5222830336200156, 0.5285379202501954, 0.524628616106333, 0.5293197810789679, 0.5347928068803753, 0.5355746677091477, 0.5363565285379203, 0.5371383893666928, 0.5410476935105551, 0.5355746677091477, 0.5379202501954652, 0.5387021110242377, 0.5363565285379203], 'auc': [0.6980217444540938, 0.715380979554698, 0.7215425833254789, 0.7268733641384597, 0.7293896404484805, 0.7361344150229252, 0.7352135888819312, 0.7364474933743671, 0.7395642995225448, 0.7442743934131723, 0.7457396590039437, 0.7469270660984983, 0.7482257031394075, 0.7499570725869946, 0.7516753090587968, 0.7535048688632887, 0.7551573951086694, 0.7567856544406855]}

Epsilon = 36.4380

{'loss': [1.0807289528231587, 1.0774973377387351, 1.0392794734896673, 1.0549484235034314, 1.0732965513166737, 1.0958097180507442, 1.1047427204085851, 1.144823839088452, 1.1337953592483843, 1.1289696033528487, 1.1284019809108492, 1.1064153910149253, 1.1306770984971775, 1.1307815345028958, 1.1520942842895114, 1.154829387649882, 1.1362628586782526, 1.1659472108912523, 1.1714756848571635], 'accuracy': [0.4980453479280688, 0.5129007036747459, 0.5230648944487881, 0.5230648944487881, 0.5230648944487881, 0.5222830336200156, 0.5285379202501954, 0.524628616106333, 0.5293197810789679, 0.5347928068803753, 0.5355746677091477, 0.5363565285379203, 0.5371383893666928, 0.5410476935105551, 0.5355746677091477, 0.5379202501954652, 0.5387021110242377, 0.5363565285379203, 0.5387021110242377], 'auc': [0.6980217444540938, 0.715380979554698, 0.7215425833254789, 0.7268733641384597, 0.7293896404484805, 0.7361344150229252, 0.7352135888819312, 0.7364474933743671, 0.7395642995225448, 0.7442743934131723, 0.7457396590039437, 0.7469270660984983, 0.7482257031394075, 0.7499570725869946, 0.7516753090587968, 0.7535048688632887, 0.7551573951086694, 0.7567856544406855, 0.7579438871112396]}

Epsilon = 37.5536

{'loss': [1.0807289528231587, 1.0774973377387351, 1.0392794734896673, 1.0549484235034314, 1.0732965513166737, 1.0958097180507442, 1.1047427204085851, 1.144823839088452, 1.1337953592483843, 1.1289696033528487, 1.1284019809108492, 1.1064153910149253, 1.1306770984971775, 1.1307815345028958, 1.1520942842895114, 1.154829387649882, 1.1362628586782526, 1.1659472108912523, 1.1714756848571635, 1.1620553236533366], 'accuracy': [0.4980453479280688, 0.5129007036747459, 0.5230648944487881, 0.5230648944487881, 0.5230648944487881, 0.5222830336200156, 0.5285379202501954, 0.524628616106333, 0.5293197810789679, 0.5347928068803753, 0.5355746677091477, 0.5363565285379203, 0.5371383893666928, 0.5410476935105551, 0.5355746677091477, 0.5379202501954652, 0.5387021110242377, 0.5363565285379203, 0.5387021110242377, 0.5402658326817826], 'auc': [0.6980217444540938, 0.715380979554698, 0.7215425833254789, 0.7268733641384597, 0.7293896404484805, 0.7361344150229252, 0.7352135888819312, 0.7364474933743671, 0.7395642995225448, 0.7442743934131723, 0.7457396590039437, 0.7469270660984983, 0.7482257031394075, 0.7499570725869946, 0.7516753090587968, 0.7535048688632887, 0.7551573951086694, 0.7567856544406855, 0.7579438871112396, 0.7587096520180179]}

Epsilon = 38.6547

{'loss': [1.0807289528231587, 1.0774973377387351, 1.0392794734896673, 1.0549484235034314, 1.0732965513166737, 1.0958097180507442, 1.1047427204085851, 1.144823839088452, 1.1337953592483843, 1.1289696033528487, 1.1284019809108492, 1.1064153910149253, 1.1306770984971775, 1.1307815345028958, 1.1520942842895114, 1.154829387649882, 1.1362628586782526, 1.1659472108912523, 1.1714756848571635, 1.1620553236533366, 1.1702825393967557], 'accuracy': [0.4980453479280688, 0.5129007036747459, 0.5230648944487881, 0.5230648944487881, 0.5230648944487881, 0.5222830336200156, 0.5285379202501954, 0.524628616106333, 0.5293197810789679, 0.5347928068803753, 0.5355746677091477, 0.5363565285379203, 0.5371383893666928, 0.5410476935105551, 0.5355746677091477, 0.5379202501954652, 0.5387021110242377, 0.5363565285379203, 0.5387021110242377, 0.5402658326817826, 0.5355746677091477], 'auc': [0.6980217444540938, 0.715380979554698, 0.7215425833254789, 0.7268733641384597, 0.7293896404484805, 0.7361344150229252, 0.7352135888819312, 0.7364474933743671, 0.7395642995225448, 0.7442743934131723, 0.7457396590039437, 0.7469270660984983, 0.7482257031394075, 0.7499570725869946, 0.7516753090587968, 0.7535048688632887, 0.7551573951086694, 0.7567856544406855, 0.7579438871112396, 0.7587096520180179, 0.7604493575281592]}

Epsilon = 39.7423
[92mINFO [0m:      Sent reply
02/06/2025 09:00:05:INFO:Sent reply
[92mINFO [0m:      
02/06/2025 09:00:39:INFO:
[92mINFO [0m:      Received: train message 07d70f25-cbd2-47f6-a666-e2ead0e3b9de
02/06/2025 09:00:39:INFO:Received: train message 07d70f25-cbd2-47f6-a666-e2ead0e3b9de
/home/dgxuser16/anaconda3/envs/ihpc/lib/python3.8/site-packages/torch/nn/modules/module.py:1640: FutureWarning: Using a non-full backward hook when the forward contains multiple autograd Nodes is deprecated and will be removed in future versions. This hook will be missing some grad_input. Please use register_full_backward_hook to get the documented behavior.
  self._maybe_warn_non_full_backward_hook(args, result, grad_fn)
[92mINFO [0m:      Sent reply
02/06/2025 09:01:27:INFO:Sent reply
[92mINFO [0m:      
02/06/2025 09:02:15:INFO:
[92mINFO [0m:      Received: evaluate message 7f465982-be4a-434f-ab8a-261192bd198f
02/06/2025 09:02:15:INFO:Received: evaluate message 7f465982-be4a-434f-ab8a-261192bd198f
[92mINFO [0m:      Sent reply
02/06/2025 09:02:20:INFO:Sent reply
[92mINFO [0m:      
02/06/2025 09:03:01:INFO:
[92mINFO [0m:      Received: train message 7f702578-6ff6-4bac-82ba-84a1c109f3cc
02/06/2025 09:03:01:INFO:Received: train message 7f702578-6ff6-4bac-82ba-84a1c109f3cc
/home/dgxuser16/anaconda3/envs/ihpc/lib/python3.8/site-packages/torch/nn/modules/module.py:1640: FutureWarning: Using a non-full backward hook when the forward contains multiple autograd Nodes is deprecated and will be removed in future versions. This hook will be missing some grad_input. Please use register_full_backward_hook to get the documented behavior.
  self._maybe_warn_non_full_backward_hook(args, result, grad_fn)
[92mINFO [0m:      Sent reply
02/06/2025 09:03:49:INFO:Sent reply
[92mINFO [0m:      
02/06/2025 09:04:18:INFO:
[92mINFO [0m:      Received: evaluate message d47d233d-4e52-4ee5-9468-96d06b0b7812
02/06/2025 09:04:18:INFO:Received: evaluate message d47d233d-4e52-4ee5-9468-96d06b0b7812
[92mINFO [0m:      Sent reply
02/06/2025 09:04:24:INFO:Sent reply
