nohup: ignoring input
01/30/2025 05:28:15:DEBUG:Opened insecure gRPC connection (no certificates were passed)
01/30/2025 05:28:15:DEBUG:ChannelConnectivity.IDLE
01/30/2025 05:28:15:DEBUG:ChannelConnectivity.READY
[92mINFO [0m:      
01/30/2025 05:28:15:INFO:
[92mINFO [0m:      [RUN 0, ROUND ]
01/30/2025 05:28:15:INFO:[RUN 0, ROUND ]
[92mINFO [0m:      Received: get_parameters message 9b6ec957-a83d-42d8-bc46-0145a7667cc4
01/30/2025 05:28:15:INFO:Received: get_parameters message 9b6ec957-a83d-42d8-bc46-0145a7667cc4
[92mINFO [0m:      Sent reply
01/30/2025 05:28:21:INFO:Sent reply
[92mINFO [0m:      
01/30/2025 05:29:07:INFO:
[92mINFO [0m:      [RUN 0, ROUND ]
01/30/2025 05:29:07:INFO:[RUN 0, ROUND ]
[92mINFO [0m:      Received: train message d8b9d8a7-6ee8-4fbb-9950-c036cb2458e5
01/30/2025 05:29:07:INFO:Received: train message d8b9d8a7-6ee8-4fbb-9950-c036cb2458e5
/home/dgxuser16/.local/lib/python3.8/site-packages/opacus/accountants/analysis/rdp.py:332: UserWarning: Optimal order is the largest alpha. Please consider expanding the range of alphas to get a tighter privacy bound.
  warnings.warn(
/home/dgxuser16/.local/lib/python3.8/site-packages/opacus/privacy_engine.py:95: UserWarning: Secure RNG turned off. This is perfectly fine for experimentation as it allows for much faster training performance, but remember to turn it on and retrain one last time before production with ``secure_mode`` turned on.
  warnings.warn(
/home/dgxuser16/.local/lib/python3.8/site-packages/torch/nn/modules/module.py:1359: UserWarning: Using a non-full backward hook when the forward contains multiple autograd Nodes is deprecated and will be removed in future versions. This hook will be missing some grad_input. Please use register_full_backward_hook to get the documented behavior.
  warnings.warn("Using a non-full backward hook when the forward contains multiple autograd Nodes "
[92mINFO [0m:      Sent reply
01/30/2025 05:29:43:INFO:Sent reply
[92mINFO [0m:      
01/30/2025 05:30:56:INFO:
[92mINFO [0m:      [RUN 0, ROUND ]
01/30/2025 05:30:56:INFO:[RUN 0, ROUND ]
[92mINFO [0m:      Received: evaluate message 80449a0e-e828-4686-9eac-5c332b87c25f
01/30/2025 05:30:56:INFO:Received: evaluate message 80449a0e-e828-4686-9eac-5c332b87c25f
[92mINFO [0m:      Sent reply
01/30/2025 05:31:01:INFO:Sent reply
