nohup: ignoring input
/home/dgxuser16/anaconda3/envs/ihpc/lib/python3.8/site-packages/albumentations/__init__.py:13: UserWarning: A new version of Albumentations is available: 2.0.4 (you have 1.4.18). Upgrade using: pip install -U albumentations. To disable automatic update checks, set the environment variable NO_ALBUMENTATIONS_UPDATE to 1.
  check_for_updates()
/raid/home/dgxuser16/NTL/mccarthy/ahmad/github/adaptive_privacy_fl/isic/adagrad/fixed_noise/0.84, e=10/flamby/datasets/fed_isic2019/dataset.py:222: DeprecationWarning: Flip is deprecated. Consider using HorizontalFlip, VerticalFlip, RandomRotate90 or D4.
  albumentations.Flip(p=0.5),
/home/dgxuser16/anaconda3/envs/ihpc/lib/python3.8/site-packages/pydantic/main.py:214: DeprecationWarning: `max_holes` is deprecated. Use num_holes_range instead.
  validated_self = self.__pydantic_validator__.validate_python(data, self_instance=self)
/home/dgxuser16/anaconda3/envs/ihpc/lib/python3.8/site-packages/pydantic/main.py:214: DeprecationWarning: `max_height` is deprecated. Use hole_height_range instead.
  validated_self = self.__pydantic_validator__.validate_python(data, self_instance=self)
/home/dgxuser16/anaconda3/envs/ihpc/lib/python3.8/site-packages/pydantic/main.py:214: DeprecationWarning: `max_width` is deprecated. Use hole_width_range instead.
  validated_self = self.__pydantic_validator__.validate_python(data, self_instance=self)
/home/dgxuser16/anaconda3/envs/ihpc/lib/python3.8/site-packages/albumentations/core/validation.py:45: DeprecationWarning: always_apply is deprecated. Use `p=1` if you want to always apply the transform. self.p will be set to 1.
  original_init(self, **validated_kwargs)
/home/dgxuser16/anaconda3/envs/ihpc/lib/python3.8/site-packages/albumentations/core/validation.py:45: DeprecationWarning: always_apply is deprecated. Use `p=1` if you want to always apply the transform. self.p will be set to 1.
  original_init(self, **validated_kwargs)
/home/dgxuser16/anaconda3/envs/ihpc/lib/python3.8/site-packages/opacus/privacy_engine.py:95: UserWarning: Secure RNG turned off. This is perfectly fine for experimentation as it allows for much faster training performance, but remember to turn it on and retrain one last time before production with ``secure_mode`` turned on.
  warnings.warn(
02/13/2025 10:59:03:DEBUG:Opened insecure gRPC connection (no certificates were passed)
02/13/2025 10:59:03:DEBUG:ChannelConnectivity.IDLE
02/13/2025 10:59:03:DEBUG:ChannelConnectivity.READY
WARNING: All log messages before absl::InitializeLog() is called are written to STDERR
I0000 00:00:1739473143.857147 4095612 fork_posix.cc:75] Other threads are currently calling into gRPC, skipping fork() handlers
[92mINFO [0m:      
02/13/2025 10:59:31:INFO:
[92mINFO [0m:      Received: train message fece3b7e-381a-46ed-9d8a-df328ef3ec63
02/13/2025 10:59:31:INFO:Received: train message fece3b7e-381a-46ed-9d8a-df328ef3ec63
/home/dgxuser16/anaconda3/envs/ihpc/lib/python3.8/site-packages/torch/nn/modules/module.py:1640: FutureWarning: Using a non-full backward hook when the forward contains multiple autograd Nodes is deprecated and will be removed in future versions. This hook will be missing some grad_input. Please use register_full_backward_hook to get the documented behavior.
  self._maybe_warn_non_full_backward_hook(args, result, grad_fn)
[92mINFO [0m:      Sent reply
02/13/2025 11:13:47:INFO:Sent reply
[92mINFO [0m:      
02/13/2025 11:26:16:INFO:
[92mINFO [0m:      Received: evaluate message f4acc326-7f82-430f-8ebf-51f76421809f
02/13/2025 11:26:16:INFO:Received: evaluate message f4acc326-7f82-430f-8ebf-51f76421809f
[92mINFO [0m:      Sent reply
02/13/2025 11:30:09:INFO:Sent reply
[92mINFO [0m:      
02/13/2025 11:31:08:INFO:
[92mINFO [0m:      Received: train message ab323a97-c482-4db4-9646-24b1b6daf869
02/13/2025 11:31:08:INFO:Received: train message ab323a97-c482-4db4-9646-24b1b6daf869
/home/dgxuser16/anaconda3/envs/ihpc/lib/python3.8/site-packages/torch/nn/modules/module.py:1640: FutureWarning: Using a non-full backward hook when the forward contains multiple autograd Nodes is deprecated and will be removed in future versions. This hook will be missing some grad_input. Please use register_full_backward_hook to get the documented behavior.
  self._maybe_warn_non_full_backward_hook(args, result, grad_fn)
[92mINFO [0m:      Sent reply
02/13/2025 11:44:27:INFO:Sent reply
[92mINFO [0m:      
02/13/2025 11:57:34:INFO:
[92mINFO [0m:      Received: evaluate message b544f587-2bf3-478b-bd8a-80e0cc280f26
02/13/2025 11:57:34:INFO:Received: evaluate message b544f587-2bf3-478b-bd8a-80e0cc280f26
[92mINFO [0m:      Sent reply
02/13/2025 12:01:30:INFO:Sent reply
[92mINFO [0m:      
02/13/2025 12:02:25:INFO:
[92mINFO [0m:      Received: train message e18effd0-a081-477a-b526-5f925fe1838b
02/13/2025 12:02:25:INFO:Received: train message e18effd0-a081-477a-b526-5f925fe1838b
/home/dgxuser16/anaconda3/envs/ihpc/lib/python3.8/site-packages/torch/nn/modules/module.py:1640: FutureWarning: Using a non-full backward hook when the forward contains multiple autograd Nodes is deprecated and will be removed in future versions. This hook will be missing some grad_input. Please use register_full_backward_hook to get the documented behavior.
  self._maybe_warn_non_full_backward_hook(args, result, grad_fn)
[92mINFO [0m:      Sent reply
02/13/2025 12:15:37:INFO:Sent reply
[92mINFO [0m:      
02/13/2025 12:28:54:INFO:
[92mINFO [0m:      Received: evaluate message 54d64edc-b0ab-45ee-a49b-408d828e6c0f
02/13/2025 12:28:54:INFO:Received: evaluate message 54d64edc-b0ab-45ee-a49b-408d828e6c0f
[92mINFO [0m:      Sent reply
02/13/2025 12:32:41:INFO:Sent reply
[92mINFO [0m:      
02/13/2025 12:33:40:INFO:
[92mINFO [0m:      Received: train message 703f7065-24c6-4f9c-880d-89542d8ce220
02/13/2025 12:33:40:INFO:Received: train message 703f7065-24c6-4f9c-880d-89542d8ce220
/home/dgxuser16/anaconda3/envs/ihpc/lib/python3.8/site-packages/torch/nn/modules/module.py:1640: FutureWarning: Using a non-full backward hook when the forward contains multiple autograd Nodes is deprecated and will be removed in future versions. This hook will be missing some grad_input. Please use register_full_backward_hook to get the documented behavior.
  self._maybe_warn_non_full_backward_hook(args, result, grad_fn)
[92mINFO [0m:      Sent reply
02/13/2025 12:47:14:INFO:Sent reply
[92mINFO [0m:      
02/13/2025 13:00:18:INFO:
[92mINFO [0m:      Received: evaluate message 30af2020-0919-4546-bd82-6eaa3b7a0069
02/13/2025 13:00:18:INFO:Received: evaluate message 30af2020-0919-4546-bd82-6eaa3b7a0069
[92mINFO [0m:      Sent reply
02/13/2025 13:04:05:INFO:Sent reply
[92mINFO [0m:      
02/13/2025 13:04:57:INFO:
[92mINFO [0m:      Received: train message 4bf83f57-acdb-4fcc-96cd-3e837aaa6a54
02/13/2025 13:04:57:INFO:Received: train message 4bf83f57-acdb-4fcc-96cd-3e837aaa6a54
/home/dgxuser16/anaconda3/envs/ihpc/lib/python3.8/site-packages/torch/nn/modules/module.py:1640: FutureWarning: Using a non-full backward hook when the forward contains multiple autograd Nodes is deprecated and will be removed in future versions. This hook will be missing some grad_input. Please use register_full_backward_hook to get the documented behavior.
  self._maybe_warn_non_full_backward_hook(args, result, grad_fn)
[92mINFO [0m:      Sent reply
02/13/2025 13:18:20:INFO:Sent reply
[92mINFO [0m:      
02/13/2025 13:30:32:INFO:
[92mINFO [0m:      Received: evaluate message 570ead09-e3ef-4792-86e9-eabb015e9ebc
02/13/2025 13:30:32:INFO:Received: evaluate message 570ead09-e3ef-4792-86e9-eabb015e9ebc
[92mINFO [0m:      Sent reply
02/13/2025 13:34:16:INFO:Sent reply
[92mINFO [0m:      
02/13/2025 13:35:35:INFO:
[92mINFO [0m:      Received: train message 1e5ad20a-4a4e-467c-be1f-0daafb05c574
02/13/2025 13:35:35:INFO:Received: train message 1e5ad20a-4a4e-467c-be1f-0daafb05c574
/home/dgxuser16/anaconda3/envs/ihpc/lib/python3.8/site-packages/torch/nn/modules/module.py:1640: FutureWarning: Using a non-full backward hook when the forward contains multiple autograd Nodes is deprecated and will be removed in future versions. This hook will be missing some grad_input. Please use register_full_backward_hook to get the documented behavior.
  self._maybe_warn_non_full_backward_hook(args, result, grad_fn)
[92mINFO [0m:      Sent reply
02/13/2025 13:49:09:INFO:Sent reply
[92mINFO [0m:      
02/13/2025 14:01:41:INFO:
[92mINFO [0m:      Received: evaluate message ee9099e6-94c1-4b73-82c8-b5d038c3d6a8
02/13/2025 14:01:41:INFO:Received: evaluate message ee9099e6-94c1-4b73-82c8-b5d038c3d6a8
[92mINFO [0m:      Sent reply
02/13/2025 14:06:05:INFO:Sent reply
[92mINFO [0m:      
02/13/2025 14:06:50:INFO:
[92mINFO [0m:      Received: train message f088be52-d3e8-4c29-bdc3-196b6b6a2bf4
02/13/2025 14:06:50:INFO:Received: train message f088be52-d3e8-4c29-bdc3-196b6b6a2bf4
/home/dgxuser16/anaconda3/envs/ihpc/lib/python3.8/site-packages/torch/nn/modules/module.py:1640: FutureWarning: Using a non-full backward hook when the forward contains multiple autograd Nodes is deprecated and will be removed in future versions. This hook will be missing some grad_input. Please use register_full_backward_hook to get the documented behavior.
  self._maybe_warn_non_full_backward_hook(args, result, grad_fn)
[92mINFO [0m:      Sent reply
02/13/2025 14:21:31:INFO:Sent reply
[92mINFO [0m:      
02/13/2025 14:34:53:INFO:
[92mINFO [0m:      Received: evaluate message 4856655a-8d19-482e-9b72-2f3269f49996
02/13/2025 14:34:53:INFO:Received: evaluate message 4856655a-8d19-482e-9b72-2f3269f49996
[92mINFO [0m:      Sent reply
02/13/2025 14:39:18:INFO:Sent reply
[92mINFO [0m:      
02/13/2025 14:39:51:INFO:
[92mINFO [0m:      Received: train message 4ef66398-dd66-4378-99f3-8e59ce695eca
02/13/2025 14:39:51:INFO:Received: train message 4ef66398-dd66-4378-99f3-8e59ce695eca
/home/dgxuser16/anaconda3/envs/ihpc/lib/python3.8/site-packages/torch/nn/modules/module.py:1640: FutureWarning: Using a non-full backward hook when the forward contains multiple autograd Nodes is deprecated and will be removed in future versions. This hook will be missing some grad_input. Please use register_full_backward_hook to get the documented behavior.
  self._maybe_warn_non_full_backward_hook(args, result, grad_fn)
[92mINFO [0m:      Sent reply
02/13/2025 14:54:23:INFO:Sent reply
[92mINFO [0m:      
02/13/2025 15:07:21:INFO:
[92mINFO [0m:      Received: evaluate message 7d3b404d-555e-4969-ba2d-9b4e8f37fecd
02/13/2025 15:07:21:INFO:Received: evaluate message 7d3b404d-555e-4969-ba2d-9b4e8f37fecd
[92mINFO [0m:      Sent reply
02/13/2025 15:11:53:INFO:Sent reply
[92mINFO [0m:      
02/13/2025 15:12:16:INFO:
[92mINFO [0m:      Received: train message fbe1b7df-3101-429c-b3e4-30da3bcef8d3
02/13/2025 15:12:16:INFO:Received: train message fbe1b7df-3101-429c-b3e4-30da3bcef8d3
/home/dgxuser16/anaconda3/envs/ihpc/lib/python3.8/site-packages/torch/nn/modules/module.py:1640: FutureWarning: Using a non-full backward hook when the forward contains multiple autograd Nodes is deprecated and will be removed in future versions. This hook will be missing some grad_input. Please use register_full_backward_hook to get the documented behavior.
  self._maybe_warn_non_full_backward_hook(args, result, grad_fn)
[92mINFO [0m:      Sent reply
02/13/2025 15:26:58:INFO:Sent reply
[92mINFO [0m:      
02/13/2025 15:40:25:INFO:
[92mINFO [0m:      Received: evaluate message db98d54a-7e4b-45a2-8b07-17da3e08a908
02/13/2025 15:40:25:INFO:Received: evaluate message db98d54a-7e4b-45a2-8b07-17da3e08a908
[92mINFO [0m:      Sent reply
02/13/2025 15:44:37:INFO:Sent reply
[92mINFO [0m:      
02/13/2025 15:44:59:INFO:
[92mINFO [0m:      Received: train message 54b537a9-d407-4c5b-963f-ffccb495ab45
02/13/2025 15:44:59:INFO:Received: train message 54b537a9-d407-4c5b-963f-ffccb495ab45
/home/dgxuser16/anaconda3/envs/ihpc/lib/python3.8/site-packages/torch/nn/modules/module.py:1640: FutureWarning: Using a non-full backward hook when the forward contains multiple autograd Nodes is deprecated and will be removed in future versions. This hook will be missing some grad_input. Please use register_full_backward_hook to get the documented behavior.
  self._maybe_warn_non_full_backward_hook(args, result, grad_fn)
[92mINFO [0m:      Sent reply
02/13/2025 15:59:36:INFO:Sent reply
[92mINFO [0m:      
02/13/2025 16:13:08:INFO:
[92mINFO [0m:      Received: evaluate message 631579ce-41ec-4124-9f0c-502d817d6603
02/13/2025 16:13:08:INFO:Received: evaluate message 631579ce-41ec-4124-9f0c-502d817d6603
[92mINFO [0m:      Sent reply
02/13/2025 16:17:04:INFO:Sent reply
[92mINFO [0m:      
02/13/2025 16:18:16:INFO:
[92mINFO [0m:      Received: train message 7d5113a5-25ee-4750-9d94-82d799a38382
02/13/2025 16:18:16:INFO:Received: train message 7d5113a5-25ee-4750-9d94-82d799a38382
/home/dgxuser16/anaconda3/envs/ihpc/lib/python3.8/site-packages/torch/nn/modules/module.py:1640: FutureWarning: Using a non-full backward hook when the forward contains multiple autograd Nodes is deprecated and will be removed in future versions. This hook will be missing some grad_input. Please use register_full_backward_hook to get the documented behavior.
  self._maybe_warn_non_full_backward_hook(args, result, grad_fn)
[92mINFO [0m:      Sent reply
02/13/2025 16:32:27:INFO:Sent reply
[92mINFO [0m:      
02/13/2025 16:46:28:INFO:
[92mINFO [0m:      Received: evaluate message 36f8df27-8bca-42ba-91b5-e68f1576f4cd
02/13/2025 16:46:28:INFO:Received: evaluate message 36f8df27-8bca-42ba-91b5-e68f1576f4cd
[92mINFO [0m:      Sent reply
02/13/2025 16:50:43:INFO:Sent reply
[92mINFO [0m:      
02/13/2025 16:51:13:INFO:
[92mINFO [0m:      Received: train message 7bb2fc72-c065-4293-87d7-370bd02b68f3
02/13/2025 16:51:13:INFO:Received: train message 7bb2fc72-c065-4293-87d7-370bd02b68f3
/home/dgxuser16/anaconda3/envs/ihpc/lib/python3.8/site-packages/torch/nn/modules/module.py:1640: FutureWarning: Using a non-full backward hook when the forward contains multiple autograd Nodes is deprecated and will be removed in future versions. This hook will be missing some grad_input. Please use register_full_backward_hook to get the documented behavior.
  self._maybe_warn_non_full_backward_hook(args, result, grad_fn)
[92mINFO [0m:      Sent reply
02/13/2025 17:05:24:INFO:Sent reply
[92mINFO [0m:      
02/13/2025 17:20:21:INFO:
[92mINFO [0m:      Received: evaluate message c4134fa7-60fe-41e8-9232-18ac50b5c354
02/13/2025 17:20:21:INFO:Received: evaluate message c4134fa7-60fe-41e8-9232-18ac50b5c354
[92mINFO [0m:      Sent reply
02/13/2025 17:24:35:INFO:Sent reply
[92mINFO [0m:      
02/13/2025 17:25:09:INFO:
[92mINFO [0m:      Received: train message b0606e72-0463-492d-b1f5-cab60b6ef271
02/13/2025 17:25:09:INFO:Received: train message b0606e72-0463-492d-b1f5-cab60b6ef271
/home/dgxuser16/anaconda3/envs/ihpc/lib/python3.8/site-packages/torch/nn/modules/module.py:1640: FutureWarning: Using a non-full backward hook when the forward contains multiple autograd Nodes is deprecated and will be removed in future versions. This hook will be missing some grad_input. Please use register_full_backward_hook to get the documented behavior.
  self._maybe_warn_non_full_backward_hook(args, result, grad_fn)
[92mINFO [0m:      Sent reply
02/13/2025 17:38:50:INFO:Sent reply
[92mINFO [0m:      
02/13/2025 17:54:15:INFO:
[92mINFO [0m:      Received: evaluate message b3112003-39b4-46b9-b154-b0c405cfb7f8
02/13/2025 17:54:15:INFO:Received: evaluate message b3112003-39b4-46b9-b154-b0c405cfb7f8
[92mINFO [0m:      Sent reply
02/13/2025 17:58:32:INFO:Sent reply
[92mINFO [0m:      
02/13/2025 17:59:08:INFO:
[92mINFO [0m:      Received: train message aaedea8a-d5e7-4c38-a7c0-1eb233ee2564
02/13/2025 17:59:08:INFO:Received: train message aaedea8a-d5e7-4c38-a7c0-1eb233ee2564
/home/dgxuser16/anaconda3/envs/ihpc/lib/python3.8/site-packages/torch/nn/modules/module.py:1640: FutureWarning: Using a non-full backward hook when the forward contains multiple autograd Nodes is deprecated and will be removed in future versions. This hook will be missing some grad_input. Please use register_full_backward_hook to get the documented behavior.
  self._maybe_warn_non_full_backward_hook(args, result, grad_fn)
[92mINFO [0m:      Sent reply
02/13/2025 18:12:49:INFO:Sent reply
[92mINFO [0m:      
02/13/2025 18:28:50:INFO:
[92mINFO [0m:      Received: evaluate message e83fd48d-2e30-4786-8d7a-b5f5c221003f
02/13/2025 18:28:50:INFO:Received: evaluate message e83fd48d-2e30-4786-8d7a-b5f5c221003f
[92mINFO [0m:      Sent reply
02/13/2025 18:33:17:INFO:Sent reply
[92mINFO [0m:      
02/13/2025 18:33:43:INFO:
[92mINFO [0m:      Received: train message ec55da03-872b-4c36-987a-3f8002832640
02/13/2025 18:33:43:INFO:Received: train message ec55da03-872b-4c36-987a-3f8002832640
/home/dgxuser16/anaconda3/envs/ihpc/lib/python3.8/site-packages/torch/nn/modules/module.py:1640: FutureWarning: Using a non-full backward hook when the forward contains multiple autograd Nodes is deprecated and will be removed in future versions. This hook will be missing some grad_input. Please use register_full_backward_hook to get the documented behavior.
  self._maybe_warn_non_full_backward_hook(args, result, grad_fn)
[92mINFO [0m:      Sent reply
02/13/2025 18:47:33:INFO:Sent reply
[92mINFO [0m:      
02/13/2025 19:03:42:INFO:
[92mINFO [0m:      Received: evaluate message 786adb62-4ef8-4f9c-88eb-2fb352aad11a
02/13/2025 19:03:42:INFO:Received: evaluate message 786adb62-4ef8-4f9c-88eb-2fb352aad11a
['/raid/home/dgxuser16/NTL/mccarthy/ahmad/github/adaptive_privacy_fl/isic/adagrad/fixed_noise/0.84, e=10', '/home/dgxuser16/anaconda3/envs/ihpc/lib/python38.zip', '/home/dgxuser16/anaconda3/envs/ihpc/lib/python3.8', '/home/dgxuser16/anaconda3/envs/ihpc/lib/python3.8/lib-dynload', '/home/dgxuser16/anaconda3/envs/ihpc/lib/python3.8/site-packages', '/raid/home/dgxuser16/NTL/mccarthy/ahmad/github/adaptive_privacy_fl/isic/adagrad/fixed_noise/0.84, e=10']
Device: cuda:0
Params: {'batch_size': 32, 'local_epochs': 3, 'full_dataset_size': 18597, 'number_of_classes': 8}
Privacy Params: {'target_delta': 1e-05, 'noise_multiplier': 0.84, 'max_grad_norm': 1.0}
Epsilon = 1.77

{'loss': [2.124394572938204], 'accuracy': [0.2098268223922674], 'auc': [0.5064569207693919]}

Epsilon = 2.27

{'loss': [2.124394572938204, 2.0641077458738466], 'accuracy': [0.2098268223922674, 0.21788159484494563], 'auc': [0.5064569207693919, 0.5258592801090048]}

Epsilon = 2.67

{'loss': [2.124394572938204, 2.0641077458738466, 2.0165915326922352], 'accuracy': [0.2098268223922674, 0.21788159484494563, 0.22633910592025774], 'auc': [0.5064569207693919, 0.5258592801090048, 0.5408739983872928]}

Epsilon = 3.03

{'loss': [2.124394572938204, 2.0641077458738466, 2.0165915326922352, 1.9744221551544092], 'accuracy': [0.2098268223922674, 0.21788159484494563, 0.22633910592025774, 0.23801852597664117], 'auc': [0.5064569207693919, 0.5258592801090048, 0.5408739983872928, 0.5561983503551523]}

Epsilon = 3.36

{'loss': [2.124394572938204, 2.0641077458738466, 2.0165915326922352, 1.9744221551544092, 1.9397750404924814], 'accuracy': [0.2098268223922674, 0.21788159484494563, 0.22633910592025774, 0.23801852597664117, 0.24446234393878372], 'auc': [0.5064569207693919, 0.5258592801090048, 0.5408739983872928, 0.5561983503551523, 0.5677103120094666]}

Epsilon = 3.66

{'loss': [2.124394572938204, 2.0641077458738466, 2.0165915326922352, 1.9744221551544092, 1.9397750404924814, 1.9076347306904848], 'accuracy': [0.2098268223922674, 0.21788159484494563, 0.22633910592025774, 0.23801852597664117, 0.24446234393878372, 0.2545308095046315], 'auc': [0.5064569207693919, 0.5258592801090048, 0.5408739983872928, 0.5561983503551523, 0.5677103120094666, 0.5776198406565506]}

Epsilon = 3.95

{'loss': [2.124394572938204, 2.0641077458738466, 2.0165915326922352, 1.9744221551544092, 1.9397750404924814, 1.9076347306904848, 1.8808524861145635], 'accuracy': [0.2098268223922674, 0.21788159484494563, 0.22633910592025774, 0.23801852597664117, 0.24446234393878372, 0.2545308095046315, 0.26540475231574706], 'auc': [0.5064569207693919, 0.5258592801090048, 0.5408739983872928, 0.5561983503551523, 0.5677103120094666, 0.5776198406565506, 0.5871561489672319]}

Epsilon = 4.21

{'loss': [2.124394572938204, 2.0641077458738466, 2.0165915326922352, 1.9744221551544092, 1.9397750404924814, 1.9076347306904848, 1.8808524861145635, 1.8544668332732497], 'accuracy': [0.2098268223922674, 0.21788159484494563, 0.22633910592025774, 0.23801852597664117, 0.24446234393878372, 0.2545308095046315, 0.26540475231574706, 0.27547321788159485], 'auc': [0.5064569207693919, 0.5258592801090048, 0.5408739983872928, 0.5561983503551523, 0.5677103120094666, 0.5776198406565506, 0.5871561489672319, 0.5955115667866739]}

Epsilon = 4.47

{'loss': [2.124394572938204, 2.0641077458738466, 2.0165915326922352, 1.9744221551544092, 1.9397750404924814, 1.9076347306904848, 1.8808524861145635, 1.8544668332732497, 1.830866746973521], 'accuracy': [0.2098268223922674, 0.21788159484494563, 0.22633910592025774, 0.23801852597664117, 0.24446234393878372, 0.2545308095046315, 0.26540475231574706, 0.27547321788159485, 0.2815142972211035], 'auc': [0.5064569207693919, 0.5258592801090048, 0.5408739983872928, 0.5561983503551523, 0.5677103120094666, 0.5776198406565506, 0.5871561489672319, 0.5955115667866739, 0.6029958824890087]}

Epsilon = 4.72

{'loss': [2.124394572938204, 2.0641077458738466, 2.0165915326922352, 1.9744221551544092, 1.9397750404924814, 1.9076347306904848, 1.8808524861145635, 1.8544668332732497, 1.830866746973521, 1.809119241447925], 'accuracy': [0.2098268223922674, 0.21788159484494563, 0.22633910592025774, 0.23801852597664117, 0.24446234393878372, 0.2545308095046315, 0.26540475231574706, 0.27547321788159485, 0.2815142972211035, 0.29480467176802255], 'auc': [0.5064569207693919, 0.5258592801090048, 0.5408739983872928, 0.5561983503551523, 0.5677103120094666, 0.5776198406565506, 0.5871561489672319, 0.5955115667866739, 0.6029958824890087, 0.6105764638130651]}

Epsilon = 4.95

{'loss': [2.124394572938204, 2.0641077458738466, 2.0165915326922352, 1.9744221551544092, 1.9397750404924814, 1.9076347306904848, 1.8808524861145635, 1.8544668332732497, 1.830866746973521, 1.809119241447925, 1.7904623032480393], 'accuracy': [0.2098268223922674, 0.21788159484494563, 0.22633910592025774, 0.23801852597664117, 0.24446234393878372, 0.2545308095046315, 0.26540475231574706, 0.27547321788159485, 0.2815142972211035, 0.29480467176802255, 0.31292790978654855], 'auc': [0.5064569207693919, 0.5258592801090048, 0.5408739983872928, 0.5561983503551523, 0.5677103120094666, 0.5776198406565506, 0.5871561489672319, 0.5955115667866739, 0.6029958824890087, 0.6105764638130651, 0.616808593498698]}

Epsilon = 5.18

{'loss': [2.124394572938204, 2.0641077458738466, 2.0165915326922352, 1.9744221551544092, 1.9397750404924814, 1.9076347306904848, 1.8808524861145635, 1.8544668332732497, 1.830866746973521, 1.809119241447925, 1.7904623032480393, 1.7709920944535726], 'accuracy': [0.2098268223922674, 0.21788159484494563, 0.22633910592025774, 0.23801852597664117, 0.24446234393878372, 0.2545308095046315, 0.26540475231574706, 0.27547321788159485, 0.2815142972211035, 0.29480467176802255, 0.31292790978654855, 0.3306484091824406], 'auc': [0.5064569207693919, 0.5258592801090048, 0.5408739983872928, 0.5561983503551523, 0.5677103120094666, 0.5776198406565506, 0.5871561489672319, 0.5955115667866739, 0.6029958824890087, 0.6105764638130651, 0.616808593498698, 0.6227649626469502]}

Epsilon = 5.40

{'loss': [2.124394572938204, 2.0641077458738466, 2.0165915326922352, 1.9744221551544092, 1.9397750404924814, 1.9076347306904848, 1.8808524861145635, 1.8544668332732497, 1.830866746973521, 1.809119241447925, 1.7904623032480393, 1.7709920944535726, 1.751794022703382], 'accuracy': [0.2098268223922674, 0.21788159484494563, 0.22633910592025774, 0.23801852597664117, 0.24446234393878372, 0.2545308095046315, 0.26540475231574706, 0.27547321788159485, 0.2815142972211035, 0.29480467176802255, 0.31292790978654855, 0.3306484091824406, 0.34836890857833264], 'auc': [0.5064569207693919, 0.5258592801090048, 0.5408739983872928, 0.5561983503551523, 0.5677103120094666, 0.5776198406565506, 0.5871561489672319, 0.5955115667866739, 0.6029958824890087, 0.6105764638130651, 0.616808593498698, 0.6227649626469502, 0.6279437379107298]}

Epsilon = 5.62

{'loss': [2.124394572938204, 2.0641077458738466, 2.0165915326922352, 1.9744221551544092, 1.9397750404924814, 1.9076347306904848, 1.8808524861145635, 1.8544668332732497, 1.830866746973521, 1.809119241447925, 1.7904623032480393, 1.7709920944535726, 1.751794022703382, 1.7357082609394794], 'accuracy': [0.2098268223922674, 0.21788159484494563, 0.22633910592025774, 0.23801852597664117, 0.24446234393878372, 0.2545308095046315, 0.26540475231574706, 0.27547321788159485, 0.2815142972211035, 0.29480467176802255, 0.31292790978654855, 0.3306484091824406, 0.34836890857833264, 0.36407571486105517], 'auc': [0.5064569207693919, 0.5258592801090048, 0.5408739983872928, 0.5561983503551523, 0.5677103120094666, 0.5776198406565506, 0.5871561489672319, 0.5955115667866739, 0.6029958824890087, 0.6105764638130651, 0.616808593498698, 0.6227649626469502, 0.6279437379107298, 0.632384476109727]}

Epsilon = 5.83
[92mINFO [0m:      Sent reply
02/13/2025 19:07:42:INFO:Sent reply
[92mINFO [0m:      
02/13/2025 19:08:36:INFO:
[92mINFO [0m:      Received: train message cc645e6e-9fc3-4697-adb1-e901c2dd87e7
02/13/2025 19:08:36:INFO:Received: train message cc645e6e-9fc3-4697-adb1-e901c2dd87e7
/home/dgxuser16/anaconda3/envs/ihpc/lib/python3.8/site-packages/torch/nn/modules/module.py:1640: FutureWarning: Using a non-full backward hook when the forward contains multiple autograd Nodes is deprecated and will be removed in future versions. This hook will be missing some grad_input. Please use register_full_backward_hook to get the documented behavior.
  self._maybe_warn_non_full_backward_hook(args, result, grad_fn)
[92mINFO [0m:      Sent reply
02/13/2025 19:22:10:INFO:Sent reply
[92mINFO [0m:      
02/13/2025 19:39:24:INFO:
[92mINFO [0m:      Received: evaluate message bf99f863-8bbb-46f6-9226-f44df98687df
02/13/2025 19:39:24:INFO:Received: evaluate message bf99f863-8bbb-46f6-9226-f44df98687df
[92mINFO [0m:      Sent reply
02/13/2025 19:43:47:INFO:Sent reply
[92mINFO [0m:      
02/13/2025 19:44:01:INFO:
[92mINFO [0m:      Received: train message 09d56928-a79a-4372-aca0-9838972747f9
02/13/2025 19:44:01:INFO:Received: train message 09d56928-a79a-4372-aca0-9838972747f9
/home/dgxuser16/anaconda3/envs/ihpc/lib/python3.8/site-packages/torch/nn/modules/module.py:1640: FutureWarning: Using a non-full backward hook when the forward contains multiple autograd Nodes is deprecated and will be removed in future versions. This hook will be missing some grad_input. Please use register_full_backward_hook to get the documented behavior.
  self._maybe_warn_non_full_backward_hook(args, result, grad_fn)
[92mINFO [0m:      Sent reply
02/13/2025 19:58:12:INFO:Sent reply
[92mINFO [0m:      
02/13/2025 20:13:57:INFO:
[92mINFO [0m:      Received: evaluate message f06b4887-4de9-430b-9280-31029f456568
02/13/2025 20:13:57:INFO:Received: evaluate message f06b4887-4de9-430b-9280-31029f456568
[92mINFO [0m:      Sent reply
02/13/2025 20:18:02:INFO:Sent reply
[92mINFO [0m:      
02/13/2025 20:18:36:INFO:
[92mINFO [0m:      Received: train message 5c4254fd-17d1-47f5-a799-051a5da4819d
02/13/2025 20:18:36:INFO:Received: train message 5c4254fd-17d1-47f5-a799-051a5da4819d
/home/dgxuser16/anaconda3/envs/ihpc/lib/python3.8/site-packages/torch/nn/modules/module.py:1640: FutureWarning: Using a non-full backward hook when the forward contains multiple autograd Nodes is deprecated and will be removed in future versions. This hook will be missing some grad_input. Please use register_full_backward_hook to get the documented behavior.
  self._maybe_warn_non_full_backward_hook(args, result, grad_fn)
[92mINFO [0m:      Sent reply
02/13/2025 20:32:29:INFO:Sent reply
[92mINFO [0m:      
02/13/2025 20:48:54:INFO:
[92mINFO [0m:      Received: evaluate message 4f797e20-c57f-4acb-ab57-dc2827f052bd
02/13/2025 20:48:54:INFO:Received: evaluate message 4f797e20-c57f-4acb-ab57-dc2827f052bd
[92mINFO [0m:      Sent reply
02/13/2025 20:52:58:INFO:Sent reply
[92mINFO [0m:      
02/13/2025 20:53:34:INFO:
[92mINFO [0m:      Received: train message b92d39a5-95c2-49fb-9efc-96bc56e4dab7
02/13/2025 20:53:34:INFO:Received: train message b92d39a5-95c2-49fb-9efc-96bc56e4dab7
/home/dgxuser16/anaconda3/envs/ihpc/lib/python3.8/site-packages/torch/nn/modules/module.py:1640: FutureWarning: Using a non-full backward hook when the forward contains multiple autograd Nodes is deprecated and will be removed in future versions. This hook will be missing some grad_input. Please use register_full_backward_hook to get the documented behavior.
  self._maybe_warn_non_full_backward_hook(args, result, grad_fn)
[92mINFO [0m:      Sent reply
02/13/2025 21:07:55:INFO:Sent reply
[92mINFO [0m:      
02/13/2025 21:21:56:INFO:
[92mINFO [0m:      Received: evaluate message bbe36ded-80c3-4b71-b665-babb9e106f28
02/13/2025 21:21:56:INFO:Received: evaluate message bbe36ded-80c3-4b71-b665-babb9e106f28
[92mINFO [0m:      Sent reply
02/13/2025 21:25:41:INFO:Sent reply
[92mINFO [0m:      
02/13/2025 21:26:46:INFO:
[92mINFO [0m:      Received: train message cf2fbf13-3041-4826-8a25-9b7745f478bf
02/13/2025 21:26:46:INFO:Received: train message cf2fbf13-3041-4826-8a25-9b7745f478bf
/home/dgxuser16/anaconda3/envs/ihpc/lib/python3.8/site-packages/torch/nn/modules/module.py:1640: FutureWarning: Using a non-full backward hook when the forward contains multiple autograd Nodes is deprecated and will be removed in future versions. This hook will be missing some grad_input. Please use register_full_backward_hook to get the documented behavior.
  self._maybe_warn_non_full_backward_hook(args, result, grad_fn)
[92mINFO [0m:      Sent reply
02/13/2025 21:41:07:INFO:Sent reply
[92mINFO [0m:      
02/13/2025 21:54:24:INFO:
[92mINFO [0m:      Received: evaluate message 7d043f34-a808-4ea9-b1e5-3afc0bccb3df
02/13/2025 21:54:24:INFO:Received: evaluate message 7d043f34-a808-4ea9-b1e5-3afc0bccb3df
[92mINFO [0m:      Sent reply
02/13/2025 21:58:29:INFO:Sent reply
[92mINFO [0m:      
02/13/2025 21:59:17:INFO:
[92mINFO [0m:      Received: train message 95c1d04f-13a5-48e0-91ce-bd0e844579f9
02/13/2025 21:59:17:INFO:Received: train message 95c1d04f-13a5-48e0-91ce-bd0e844579f9
/home/dgxuser16/anaconda3/envs/ihpc/lib/python3.8/site-packages/torch/nn/modules/module.py:1640: FutureWarning: Using a non-full backward hook when the forward contains multiple autograd Nodes is deprecated and will be removed in future versions. This hook will be missing some grad_input. Please use register_full_backward_hook to get the documented behavior.
  self._maybe_warn_non_full_backward_hook(args, result, grad_fn)
[92mINFO [0m:      Sent reply
02/13/2025 22:12:37:INFO:Sent reply
[92mINFO [0m:      
02/13/2025 22:27:17:INFO:
[92mINFO [0m:      Received: evaluate message d8840f85-cee0-43c4-a982-46147d9a3aed
02/13/2025 22:27:17:INFO:Received: evaluate message d8840f85-cee0-43c4-a982-46147d9a3aed
[92mINFO [0m:      Sent reply
02/13/2025 22:31:17:INFO:Sent reply
[92mINFO [0m:      
02/13/2025 22:31:53:INFO:
[92mINFO [0m:      Received: train message b7bb291e-c7ad-4334-b347-b7315b1e4c67
02/13/2025 22:31:53:INFO:Received: train message b7bb291e-c7ad-4334-b347-b7315b1e4c67
/home/dgxuser16/anaconda3/envs/ihpc/lib/python3.8/site-packages/torch/nn/modules/module.py:1640: FutureWarning: Using a non-full backward hook when the forward contains multiple autograd Nodes is deprecated and will be removed in future versions. This hook will be missing some grad_input. Please use register_full_backward_hook to get the documented behavior.
  self._maybe_warn_non_full_backward_hook(args, result, grad_fn)
[92mINFO [0m:      Sent reply
02/13/2025 22:45:21:INFO:Sent reply
[92mINFO [0m:      
02/13/2025 22:59:50:INFO:
[92mINFO [0m:      Received: evaluate message 5e101dac-deca-4a93-8361-ab6c3ceeb0c1
02/13/2025 22:59:50:INFO:Received: evaluate message 5e101dac-deca-4a93-8361-ab6c3ceeb0c1

{'loss': [2.124394572938204, 2.0641077458738466, 2.0165915326922352, 1.9744221551544092, 1.9397750404924814, 1.9076347306904848, 1.8808524861145635, 1.8544668332732497, 1.830866746973521, 1.809119241447925, 1.7904623032480393, 1.7709920944535726, 1.751794022703382, 1.7357082609394794, 1.7220457755314262], 'accuracy': [0.2098268223922674, 0.21788159484494563, 0.22633910592025774, 0.23801852597664117, 0.24446234393878372, 0.2545308095046315, 0.26540475231574706, 0.27547321788159485, 0.2815142972211035, 0.29480467176802255, 0.31292790978654855, 0.3306484091824406, 0.34836890857833264, 0.36407571486105517, 0.3834071687474829], 'auc': [0.5064569207693919, 0.5258592801090048, 0.5408739983872928, 0.5561983503551523, 0.5677103120094666, 0.5776198406565506, 0.5871561489672319, 0.5955115667866739, 0.6029958824890087, 0.6105764638130651, 0.616808593498698, 0.6227649626469502, 0.6279437379107298, 0.632384476109727, 0.6364358291860539]}

Epsilon = 6.03

{'loss': [2.124394572938204, 2.0641077458738466, 2.0165915326922352, 1.9744221551544092, 1.9397750404924814, 1.9076347306904848, 1.8808524861145635, 1.8544668332732497, 1.830866746973521, 1.809119241447925, 1.7904623032480393, 1.7709920944535726, 1.751794022703382, 1.7357082609394794, 1.7220457755314262, 1.7072657145562788], 'accuracy': [0.2098268223922674, 0.21788159484494563, 0.22633910592025774, 0.23801852597664117, 0.24446234393878372, 0.2545308095046315, 0.26540475231574706, 0.27547321788159485, 0.2815142972211035, 0.29480467176802255, 0.31292790978654855, 0.3306484091824406, 0.34836890857833264, 0.36407571486105517, 0.3834071687474829, 0.3983084977849376], 'auc': [0.5064569207693919, 0.5258592801090048, 0.5408739983872928, 0.5561983503551523, 0.5677103120094666, 0.5776198406565506, 0.5871561489672319, 0.5955115667866739, 0.6029958824890087, 0.6105764638130651, 0.616808593498698, 0.6227649626469502, 0.6279437379107298, 0.632384476109727, 0.6364358291860539, 0.640341937369816]}

Epsilon = 6.23

{'loss': [2.124394572938204, 2.0641077458738466, 2.0165915326922352, 1.9744221551544092, 1.9397750404924814, 1.9076347306904848, 1.8808524861145635, 1.8544668332732497, 1.830866746973521, 1.809119241447925, 1.7904623032480393, 1.7709920944535726, 1.751794022703382, 1.7357082609394794, 1.7220457755314262, 1.7072657145562788, 1.6935594891330383], 'accuracy': [0.2098268223922674, 0.21788159484494563, 0.22633910592025774, 0.23801852597664117, 0.24446234393878372, 0.2545308095046315, 0.26540475231574706, 0.27547321788159485, 0.2815142972211035, 0.29480467176802255, 0.31292790978654855, 0.3306484091824406, 0.34836890857833264, 0.36407571486105517, 0.3834071687474829, 0.3983084977849376, 0.4176399516713653], 'auc': [0.5064569207693919, 0.5258592801090048, 0.5408739983872928, 0.5561983503551523, 0.5677103120094666, 0.5776198406565506, 0.5871561489672319, 0.5955115667866739, 0.6029958824890087, 0.6105764638130651, 0.616808593498698, 0.6227649626469502, 0.6279437379107298, 0.632384476109727, 0.6364358291860539, 0.640341937369816, 0.6440859986156042]}

Epsilon = 6.43

{'loss': [2.124394572938204, 2.0641077458738466, 2.0165915326922352, 1.9744221551544092, 1.9397750404924814, 1.9076347306904848, 1.8808524861145635, 1.8544668332732497, 1.830866746973521, 1.809119241447925, 1.7904623032480393, 1.7709920944535726, 1.751794022703382, 1.7357082609394794, 1.7220457755314262, 1.7072657145562788, 1.6935594891330383, 1.6798986406322454], 'accuracy': [0.2098268223922674, 0.21788159484494563, 0.22633910592025774, 0.23801852597664117, 0.24446234393878372, 0.2545308095046315, 0.26540475231574706, 0.27547321788159485, 0.2815142972211035, 0.29480467176802255, 0.31292790978654855, 0.3306484091824406, 0.34836890857833264, 0.36407571486105517, 0.3834071687474829, 0.3983084977849376, 0.4176399516713653, 0.42529198550140956], 'auc': [0.5064569207693919, 0.5258592801090048, 0.5408739983872928, 0.5561983503551523, 0.5677103120094666, 0.5776198406565506, 0.5871561489672319, 0.5955115667866739, 0.6029958824890087, 0.6105764638130651, 0.616808593498698, 0.6227649626469502, 0.6279437379107298, 0.632384476109727, 0.6364358291860539, 0.640341937369816, 0.6440859986156042, 0.6480662703387594]}

Epsilon = 6.62

{'loss': [2.124394572938204, 2.0641077458738466, 2.0165915326922352, 1.9744221551544092, 1.9397750404924814, 1.9076347306904848, 1.8808524861145635, 1.8544668332732497, 1.830866746973521, 1.809119241447925, 1.7904623032480393, 1.7709920944535726, 1.751794022703382, 1.7357082609394794, 1.7220457755314262, 1.7072657145562788, 1.6935594891330383, 1.6798986406322454, 1.6671267861183066], 'accuracy': [0.2098268223922674, 0.21788159484494563, 0.22633910592025774, 0.23801852597664117, 0.24446234393878372, 0.2545308095046315, 0.26540475231574706, 0.27547321788159485, 0.2815142972211035, 0.29480467176802255, 0.31292790978654855, 0.3306484091824406, 0.34836890857833264, 0.36407571486105517, 0.3834071687474829, 0.3983084977849376, 0.4176399516713653, 0.42529198550140956, 0.4333467579540878], 'auc': [0.5064569207693919, 0.5258592801090048, 0.5408739983872928, 0.5561983503551523, 0.5677103120094666, 0.5776198406565506, 0.5871561489672319, 0.5955115667866739, 0.6029958824890087, 0.6105764638130651, 0.616808593498698, 0.6227649626469502, 0.6279437379107298, 0.632384476109727, 0.6364358291860539, 0.640341937369816, 0.6440859986156042, 0.6480662703387594, 0.652513859897143]}

Epsilon = 6.81

{'loss': [2.124394572938204, 2.0641077458738466, 2.0165915326922352, 1.9744221551544092, 1.9397750404924814, 1.9076347306904848, 1.8808524861145635, 1.8544668332732497, 1.830866746973521, 1.809119241447925, 1.7904623032480393, 1.7709920944535726, 1.751794022703382, 1.7357082609394794, 1.7220457755314262, 1.7072657145562788, 1.6935594891330383, 1.6798986406322454, 1.6671267861183066, 1.6546720050776431], 'accuracy': [0.2098268223922674, 0.21788159484494563, 0.22633910592025774, 0.23801852597664117, 0.24446234393878372, 0.2545308095046315, 0.26540475231574706, 0.27547321788159485, 0.2815142972211035, 0.29480467176802255, 0.31292790978654855, 0.3306484091824406, 0.34836890857833264, 0.36407571486105517, 0.3834071687474829, 0.3983084977849376, 0.4176399516713653, 0.42529198550140956, 0.4333467579540878, 0.4397905759162304], 'auc': [0.5064569207693919, 0.5258592801090048, 0.5408739983872928, 0.5561983503551523, 0.5677103120094666, 0.5776198406565506, 0.5871561489672319, 0.5955115667866739, 0.6029958824890087, 0.6105764638130651, 0.616808593498698, 0.6227649626469502, 0.6279437379107298, 0.632384476109727, 0.6364358291860539, 0.640341937369816, 0.6440859986156042, 0.6480662703387594, 0.652513859897143, 0.6555595328915093]}

Epsilon = 6.99

{'loss': [2.124394572938204, 2.0641077458738466, 2.0165915326922352, 1.9744221551544092, 1.9397750404924814, 1.9076347306904848, 1.8808524861145635, 1.8544668332732497, 1.830866746973521, 1.809119241447925, 1.7904623032480393, 1.7709920944535726, 1.751794022703382, 1.7357082609394794, 1.7220457755314262, 1.7072657145562788, 1.6935594891330383, 1.6798986406322454, 1.6671267861183066, 1.6546720050776431, 1.6430983537634773], 'accuracy': [0.2098268223922674, 0.21788159484494563, 0.22633910592025774, 0.23801852597664117, 0.24446234393878372, 0.2545308095046315, 0.26540475231574706, 0.27547321788159485, 0.2815142972211035, 0.29480467176802255, 0.31292790978654855, 0.3306484091824406, 0.34836890857833264, 0.36407571486105517, 0.3834071687474829, 0.3983084977849376, 0.4176399516713653, 0.42529198550140956, 0.4333467579540878, 0.4397905759162304, 0.45348368908578335], 'auc': [0.5064569207693919, 0.5258592801090048, 0.5408739983872928, 0.5561983503551523, 0.5677103120094666, 0.5776198406565506, 0.5871561489672319, 0.5955115667866739, 0.6029958824890087, 0.6105764638130651, 0.616808593498698, 0.6227649626469502, 0.6279437379107298, 0.632384476109727, 0.6364358291860539, 0.640341937369816, 0.6440859986156042, 0.6480662703387594, 0.652513859897143, 0.6555595328915093, 0.6586051670142756]}

Epsilon = 7.18
[92mINFO [0m:      Sent reply
02/13/2025 23:03:48:INFO:Sent reply
[92mINFO [0m:      
02/13/2025 23:04:27:INFO:
[92mINFO [0m:      Received: train message e637d634-66a6-4edc-966e-366e3493dd18
02/13/2025 23:04:27:INFO:Received: train message e637d634-66a6-4edc-966e-366e3493dd18
/home/dgxuser16/anaconda3/envs/ihpc/lib/python3.8/site-packages/torch/nn/modules/module.py:1640: FutureWarning: Using a non-full backward hook when the forward contains multiple autograd Nodes is deprecated and will be removed in future versions. This hook will be missing some grad_input. Please use register_full_backward_hook to get the documented behavior.
  self._maybe_warn_non_full_backward_hook(args, result, grad_fn)
[92mINFO [0m:      Sent reply
02/13/2025 23:18:05:INFO:Sent reply
[92mINFO [0m:      
02/13/2025 23:31:39:INFO:
[92mINFO [0m:      Received: evaluate message 7f58156a-301f-46c0-9abc-30ab152b1712
02/13/2025 23:31:39:INFO:Received: evaluate message 7f58156a-301f-46c0-9abc-30ab152b1712
[92mINFO [0m:      Sent reply
02/13/2025 23:35:20:INFO:Sent reply
[92mINFO [0m:      
02/13/2025 23:36:35:INFO:
[92mINFO [0m:      Received: train message eccaf5be-91f8-4767-a08b-c76fa09ec30f
02/13/2025 23:36:35:INFO:Received: train message eccaf5be-91f8-4767-a08b-c76fa09ec30f
/home/dgxuser16/anaconda3/envs/ihpc/lib/python3.8/site-packages/torch/nn/modules/module.py:1640: FutureWarning: Using a non-full backward hook when the forward contains multiple autograd Nodes is deprecated and will be removed in future versions. This hook will be missing some grad_input. Please use register_full_backward_hook to get the documented behavior.
  self._maybe_warn_non_full_backward_hook(args, result, grad_fn)
[92mINFO [0m:      Sent reply
02/13/2025 23:49:57:INFO:Sent reply
[92mINFO [0m:      
02/14/2025 00:00:49:INFO:
[92mINFO [0m:      Received: evaluate message 49c798db-fe86-4b3e-9887-d96bf8294aff
02/14/2025 00:00:49:INFO:Received: evaluate message 49c798db-fe86-4b3e-9887-d96bf8294aff
[92mINFO [0m:      Sent reply
02/14/2025 00:05:02:INFO:Sent reply
[92mINFO [0m:      
02/14/2025 00:05:35:INFO:
[92mINFO [0m:      Received: train message a8d7e134-9a24-4e4e-990b-e50fdbf9394a
02/14/2025 00:05:35:INFO:Received: train message a8d7e134-9a24-4e4e-990b-e50fdbf9394a
/home/dgxuser16/anaconda3/envs/ihpc/lib/python3.8/site-packages/torch/nn/modules/module.py:1640: FutureWarning: Using a non-full backward hook when the forward contains multiple autograd Nodes is deprecated and will be removed in future versions. This hook will be missing some grad_input. Please use register_full_backward_hook to get the documented behavior.
  self._maybe_warn_non_full_backward_hook(args, result, grad_fn)
[92mINFO [0m:      Sent reply
02/14/2025 00:18:49:INFO:Sent reply
[92mINFO [0m:      
02/14/2025 00:29:00:INFO:
[92mINFO [0m:      Received: evaluate message e40dbbb8-da41-4554-a456-349363dfc96d
02/14/2025 00:29:00:INFO:Received: evaluate message e40dbbb8-da41-4554-a456-349363dfc96d
[92mINFO [0m:      Sent reply
02/14/2025 00:32:59:INFO:Sent reply
[92mINFO [0m:      
02/14/2025 00:33:50:INFO:
[92mINFO [0m:      Received: train message 226ef7a1-9379-4c7c-8fb1-77f3fa2fb071
02/14/2025 00:33:50:INFO:Received: train message 226ef7a1-9379-4c7c-8fb1-77f3fa2fb071
/home/dgxuser16/anaconda3/envs/ihpc/lib/python3.8/site-packages/torch/nn/modules/module.py:1640: FutureWarning: Using a non-full backward hook when the forward contains multiple autograd Nodes is deprecated and will be removed in future versions. This hook will be missing some grad_input. Please use register_full_backward_hook to get the documented behavior.
  self._maybe_warn_non_full_backward_hook(args, result, grad_fn)
[92mINFO [0m:      Sent reply
02/14/2025 00:46:32:INFO:Sent reply
[92mINFO [0m:      
02/14/2025 00:56:16:INFO:
[92mINFO [0m:      Received: evaluate message 4125347b-e35d-4629-a661-bad80a83857f
02/14/2025 00:56:16:INFO:Received: evaluate message 4125347b-e35d-4629-a661-bad80a83857f
[92mINFO [0m:      Sent reply
02/14/2025 01:00:10:INFO:Sent reply
[92mINFO [0m:      
02/14/2025 01:01:05:INFO:
[92mINFO [0m:      Received: train message d381a5d0-7264-4a34-826e-e8714bb6f6f8
02/14/2025 01:01:05:INFO:Received: train message d381a5d0-7264-4a34-826e-e8714bb6f6f8
/home/dgxuser16/anaconda3/envs/ihpc/lib/python3.8/site-packages/torch/nn/modules/module.py:1640: FutureWarning: Using a non-full backward hook when the forward contains multiple autograd Nodes is deprecated and will be removed in future versions. This hook will be missing some grad_input. Please use register_full_backward_hook to get the documented behavior.
  self._maybe_warn_non_full_backward_hook(args, result, grad_fn)
[92mINFO [0m:      Sent reply
02/14/2025 01:13:50:INFO:Sent reply
[92mINFO [0m:      
02/14/2025 01:22:36:INFO:
[92mINFO [0m:      Received: evaluate message 82f5b730-10bb-4d30-b871-e96451c7548c
02/14/2025 01:22:36:INFO:Received: evaluate message 82f5b730-10bb-4d30-b871-e96451c7548c

{'loss': [2.124394572938204, 2.0641077458738466, 2.0165915326922352, 1.9744221551544092, 1.9397750404924814, 1.9076347306904848, 1.8808524861145635, 1.8544668332732497, 1.830866746973521, 1.809119241447925, 1.7904623032480393, 1.7709920944535726, 1.751794022703382, 1.7357082609394794, 1.7220457755314262, 1.7072657145562788, 1.6935594891330383, 1.6798986406322454, 1.6671267861183066, 1.6546720050776431, 1.6430983537634773, 1.6310439171255282], 'accuracy': [0.2098268223922674, 0.21788159484494563, 0.22633910592025774, 0.23801852597664117, 0.24446234393878372, 0.2545308095046315, 0.26540475231574706, 0.27547321788159485, 0.2815142972211035, 0.29480467176802255, 0.31292790978654855, 0.3306484091824406, 0.34836890857833264, 0.36407571486105517, 0.3834071687474829, 0.3983084977849376, 0.4176399516713653, 0.42529198550140956, 0.4333467579540878, 0.4397905759162304, 0.45348368908578335, 0.4635521546516311], 'auc': [0.5064569207693919, 0.5258592801090048, 0.5408739983872928, 0.5561983503551523, 0.5677103120094666, 0.5776198406565506, 0.5871561489672319, 0.5955115667866739, 0.6029958824890087, 0.6105764638130651, 0.616808593498698, 0.6227649626469502, 0.6279437379107298, 0.632384476109727, 0.6364358291860539, 0.640341937369816, 0.6440859986156042, 0.6480662703387594, 0.652513859897143, 0.6555595328915093, 0.6586051670142756, 0.6616626813179611]}

Epsilon = 7.35

{'loss': [2.124394572938204, 2.0641077458738466, 2.0165915326922352, 1.9744221551544092, 1.9397750404924814, 1.9076347306904848, 1.8808524861145635, 1.8544668332732497, 1.830866746973521, 1.809119241447925, 1.7904623032480393, 1.7709920944535726, 1.751794022703382, 1.7357082609394794, 1.7220457755314262, 1.7072657145562788, 1.6935594891330383, 1.6798986406322454, 1.6671267861183066, 1.6546720050776431, 1.6430983537634773, 1.6310439171255282, 1.61990282903311], 'accuracy': [0.2098268223922674, 0.21788159484494563, 0.22633910592025774, 0.23801852597664117, 0.24446234393878372, 0.2545308095046315, 0.26540475231574706, 0.27547321788159485, 0.2815142972211035, 0.29480467176802255, 0.31292790978654855, 0.3306484091824406, 0.34836890857833264, 0.36407571486105517, 0.3834071687474829, 0.3983084977849376, 0.4176399516713653, 0.42529198550140956, 0.4333467579540878, 0.4397905759162304, 0.45348368908578335, 0.4635521546516311, 0.47482883608538057], 'auc': [0.5064569207693919, 0.5258592801090048, 0.5408739983872928, 0.5561983503551523, 0.5677103120094666, 0.5776198406565506, 0.5871561489672319, 0.5955115667866739, 0.6029958824890087, 0.6105764638130651, 0.616808593498698, 0.6227649626469502, 0.6279437379107298, 0.632384476109727, 0.6364358291860539, 0.640341937369816, 0.6440859986156042, 0.6480662703387594, 0.652513859897143, 0.6555595328915093, 0.6586051670142756, 0.6616626813179611, 0.6644618214013402]}

Epsilon = 7.53

{'loss': [2.124394572938204, 2.0641077458738466, 2.0165915326922352, 1.9744221551544092, 1.9397750404924814, 1.9076347306904848, 1.8808524861145635, 1.8544668332732497, 1.830866746973521, 1.809119241447925, 1.7904623032480393, 1.7709920944535726, 1.751794022703382, 1.7357082609394794, 1.7220457755314262, 1.7072657145562788, 1.6935594891330383, 1.6798986406322454, 1.6671267861183066, 1.6546720050776431, 1.6430983537634773, 1.6310439171255282, 1.61990282903311, 1.609609635040446], 'accuracy': [0.2098268223922674, 0.21788159484494563, 0.22633910592025774, 0.23801852597664117, 0.24446234393878372, 0.2545308095046315, 0.26540475231574706, 0.27547321788159485, 0.2815142972211035, 0.29480467176802255, 0.31292790978654855, 0.3306484091824406, 0.34836890857833264, 0.36407571486105517, 0.3834071687474829, 0.3983084977849376, 0.4176399516713653, 0.42529198550140956, 0.4333467579540878, 0.4397905759162304, 0.45348368908578335, 0.4635521546516311, 0.47482883608538057, 0.48570277889649616], 'auc': [0.5064569207693919, 0.5258592801090048, 0.5408739983872928, 0.5561983503551523, 0.5677103120094666, 0.5776198406565506, 0.5871561489672319, 0.5955115667866739, 0.6029958824890087, 0.6105764638130651, 0.616808593498698, 0.6227649626469502, 0.6279437379107298, 0.632384476109727, 0.6364358291860539, 0.640341937369816, 0.6440859986156042, 0.6480662703387594, 0.652513859897143, 0.6555595328915093, 0.6586051670142756, 0.6616626813179611, 0.6644618214013402, 0.6671059736371913]}

Epsilon = 7.70

{'loss': [2.124394572938204, 2.0641077458738466, 2.0165915326922352, 1.9744221551544092, 1.9397750404924814, 1.9076347306904848, 1.8808524861145635, 1.8544668332732497, 1.830866746973521, 1.809119241447925, 1.7904623032480393, 1.7709920944535726, 1.751794022703382, 1.7357082609394794, 1.7220457755314262, 1.7072657145562788, 1.6935594891330383, 1.6798986406322454, 1.6671267861183066, 1.6546720050776431, 1.6430983537634773, 1.6310439171255282, 1.61990282903311, 1.609609635040446, 1.5998760175186446], 'accuracy': [0.2098268223922674, 0.21788159484494563, 0.22633910592025774, 0.23801852597664117, 0.24446234393878372, 0.2545308095046315, 0.26540475231574706, 0.27547321788159485, 0.2815142972211035, 0.29480467176802255, 0.31292790978654855, 0.3306484091824406, 0.34836890857833264, 0.36407571486105517, 0.3834071687474829, 0.3983084977849376, 0.4176399516713653, 0.42529198550140956, 0.4333467579540878, 0.4397905759162304, 0.45348368908578335, 0.4635521546516311, 0.47482883608538057, 0.48570277889649616, 0.490938380990737], 'auc': [0.5064569207693919, 0.5258592801090048, 0.5408739983872928, 0.5561983503551523, 0.5677103120094666, 0.5776198406565506, 0.5871561489672319, 0.5955115667866739, 0.6029958824890087, 0.6105764638130651, 0.616808593498698, 0.6227649626469502, 0.6279437379107298, 0.632384476109727, 0.6364358291860539, 0.640341937369816, 0.6440859986156042, 0.6480662703387594, 0.652513859897143, 0.6555595328915093, 0.6586051670142756, 0.6616626813179611, 0.6644618214013402, 0.6671059736371913, 0.6695136998903295]}

Epsilon = 7.87

{'loss': [2.124394572938204, 2.0641077458738466, 2.0165915326922352, 1.9744221551544092, 1.9397750404924814, 1.9076347306904848, 1.8808524861145635, 1.8544668332732497, 1.830866746973521, 1.809119241447925, 1.7904623032480393, 1.7709920944535726, 1.751794022703382, 1.7357082609394794, 1.7220457755314262, 1.7072657145562788, 1.6935594891330383, 1.6798986406322454, 1.6671267861183066, 1.6546720050776431, 1.6430983537634773, 1.6310439171255282, 1.61990282903311, 1.609609635040446, 1.5998760175186446, 1.5901881877424444], 'accuracy': [0.2098268223922674, 0.21788159484494563, 0.22633910592025774, 0.23801852597664117, 0.24446234393878372, 0.2545308095046315, 0.26540475231574706, 0.27547321788159485, 0.2815142972211035, 0.29480467176802255, 0.31292790978654855, 0.3306484091824406, 0.34836890857833264, 0.36407571486105517, 0.3834071687474829, 0.3983084977849376, 0.4176399516713653, 0.42529198550140956, 0.4333467579540878, 0.4397905759162304, 0.45348368908578335, 0.4635521546516311, 0.47482883608538057, 0.48570277889649616, 0.490938380990737, 0.49697946033024565], 'auc': [0.5064569207693919, 0.5258592801090048, 0.5408739983872928, 0.5561983503551523, 0.5677103120094666, 0.5776198406565506, 0.5871561489672319, 0.5955115667866739, 0.6029958824890087, 0.6105764638130651, 0.616808593498698, 0.6227649626469502, 0.6279437379107298, 0.632384476109727, 0.6364358291860539, 0.640341937369816, 0.6440859986156042, 0.6480662703387594, 0.652513859897143, 0.6555595328915093, 0.6586051670142756, 0.6616626813179611, 0.6644618214013402, 0.6671059736371913, 0.6695136998903295, 0.6721662071515748]}

Epsilon = 8.04
[92mINFO [0m:      Sent reply
02/14/2025 01:26:33:INFO:Sent reply
[92mINFO [0m:      
02/14/2025 01:27:23:INFO:
[92mINFO [0m:      Received: train message d7b98801-d9a4-4aca-af3c-ce29fedd0376
02/14/2025 01:27:23:INFO:Received: train message d7b98801-d9a4-4aca-af3c-ce29fedd0376
/home/dgxuser16/anaconda3/envs/ihpc/lib/python3.8/site-packages/torch/nn/modules/module.py:1640: FutureWarning: Using a non-full backward hook when the forward contains multiple autograd Nodes is deprecated and will be removed in future versions. This hook will be missing some grad_input. Please use register_full_backward_hook to get the documented behavior.
  self._maybe_warn_non_full_backward_hook(args, result, grad_fn)
[92mINFO [0m:      Sent reply
02/14/2025 01:40:00:INFO:Sent reply
[92mINFO [0m:      
02/14/2025 01:49:02:INFO:
[92mINFO [0m:      Received: evaluate message 8fa4384f-df39-4224-b3ba-abbcec3f0766
02/14/2025 01:49:02:INFO:Received: evaluate message 8fa4384f-df39-4224-b3ba-abbcec3f0766
[92mINFO [0m:      Sent reply
02/14/2025 01:52:56:INFO:Sent reply
[92mINFO [0m:      
02/14/2025 01:53:28:INFO:
[92mINFO [0m:      Received: train message 3f5e064b-e4bf-4991-83e4-2d75acb3135b
02/14/2025 01:53:28:INFO:Received: train message 3f5e064b-e4bf-4991-83e4-2d75acb3135b
/home/dgxuser16/anaconda3/envs/ihpc/lib/python3.8/site-packages/torch/nn/modules/module.py:1640: FutureWarning: Using a non-full backward hook when the forward contains multiple autograd Nodes is deprecated and will be removed in future versions. This hook will be missing some grad_input. Please use register_full_backward_hook to get the documented behavior.
  self._maybe_warn_non_full_backward_hook(args, result, grad_fn)
[92mINFO [0m:      Sent reply
02/14/2025 02:06:03:INFO:Sent reply
[92mINFO [0m:      
02/14/2025 02:15:23:INFO:
[92mINFO [0m:      Received: evaluate message 35627224-d48a-4a58-8540-54ed101b5dca
02/14/2025 02:15:23:INFO:Received: evaluate message 35627224-d48a-4a58-8540-54ed101b5dca
[92mINFO [0m:      Sent reply
02/14/2025 02:19:20:INFO:Sent reply
[92mINFO [0m:      
02/14/2025 02:19:54:INFO:
[92mINFO [0m:      Received: train message f655f745-1774-4f80-89ca-cffdacf70da9
02/14/2025 02:19:54:INFO:Received: train message f655f745-1774-4f80-89ca-cffdacf70da9
/home/dgxuser16/anaconda3/envs/ihpc/lib/python3.8/site-packages/torch/nn/modules/module.py:1640: FutureWarning: Using a non-full backward hook when the forward contains multiple autograd Nodes is deprecated and will be removed in future versions. This hook will be missing some grad_input. Please use register_full_backward_hook to get the documented behavior.
  self._maybe_warn_non_full_backward_hook(args, result, grad_fn)
[92mINFO [0m:      Sent reply
02/14/2025 02:32:38:INFO:Sent reply
[92mINFO [0m:      
02/14/2025 02:41:41:INFO:
[92mINFO [0m:      Received: evaluate message 57ea094d-fd1c-4bce-8a30-0cf0ec07fb4d
02/14/2025 02:41:41:INFO:Received: evaluate message 57ea094d-fd1c-4bce-8a30-0cf0ec07fb4d
[92mINFO [0m:      Sent reply
02/14/2025 02:45:35:INFO:Sent reply
[92mINFO [0m:      
02/14/2025 02:45:44:INFO:
[92mINFO [0m:      Received: reconnect message df74a9ab-027a-475c-a86b-32b8f7d537cb
02/14/2025 02:45:44:INFO:Received: reconnect message df74a9ab-027a-475c-a86b-32b8f7d537cb
02/14/2025 02:45:44:DEBUG:gRPC channel closed
[92mINFO [0m:      Disconnect and shut down
02/14/2025 02:45:44:INFO:Disconnect and shut down

{'loss': [2.124394572938204, 2.0641077458738466, 2.0165915326922352, 1.9744221551544092, 1.9397750404924814, 1.9076347306904848, 1.8808524861145635, 1.8544668332732497, 1.830866746973521, 1.809119241447925, 1.7904623032480393, 1.7709920944535726, 1.751794022703382, 1.7357082609394794, 1.7220457755314262, 1.7072657145562788, 1.6935594891330383, 1.6798986406322454, 1.6671267861183066, 1.6546720050776431, 1.6430983537634773, 1.6310439171255282, 1.61990282903311, 1.609609635040446, 1.5998760175186446, 1.5901881877424444, 1.5821221652071273], 'accuracy': [0.2098268223922674, 0.21788159484494563, 0.22633910592025774, 0.23801852597664117, 0.24446234393878372, 0.2545308095046315, 0.26540475231574706, 0.27547321788159485, 0.2815142972211035, 0.29480467176802255, 0.31292790978654855, 0.3306484091824406, 0.34836890857833264, 0.36407571486105517, 0.3834071687474829, 0.3983084977849376, 0.4176399516713653, 0.42529198550140956, 0.4333467579540878, 0.4397905759162304, 0.45348368908578335, 0.4635521546516311, 0.47482883608538057, 0.48570277889649616, 0.490938380990737, 0.49697946033024565, 0.5022150624244865], 'auc': [0.5064569207693919, 0.5258592801090048, 0.5408739983872928, 0.5561983503551523, 0.5677103120094666, 0.5776198406565506, 0.5871561489672319, 0.5955115667866739, 0.6029958824890087, 0.6105764638130651, 0.616808593498698, 0.6227649626469502, 0.6279437379107298, 0.632384476109727, 0.6364358291860539, 0.640341937369816, 0.6440859986156042, 0.6480662703387594, 0.652513859897143, 0.6555595328915093, 0.6586051670142756, 0.6616626813179611, 0.6644618214013402, 0.6671059736371913, 0.6695136998903295, 0.6721662071515748, 0.6742107248031899]}

Epsilon = 8.21

{'loss': [2.124394572938204, 2.0641077458738466, 2.0165915326922352, 1.9744221551544092, 1.9397750404924814, 1.9076347306904848, 1.8808524861145635, 1.8544668332732497, 1.830866746973521, 1.809119241447925, 1.7904623032480393, 1.7709920944535726, 1.751794022703382, 1.7357082609394794, 1.7220457755314262, 1.7072657145562788, 1.6935594891330383, 1.6798986406322454, 1.6671267861183066, 1.6546720050776431, 1.6430983537634773, 1.6310439171255282, 1.61990282903311, 1.609609635040446, 1.5998760175186446, 1.5901881877424444, 1.5821221652071273, 1.5738696956461684], 'accuracy': [0.2098268223922674, 0.21788159484494563, 0.22633910592025774, 0.23801852597664117, 0.24446234393878372, 0.2545308095046315, 0.26540475231574706, 0.27547321788159485, 0.2815142972211035, 0.29480467176802255, 0.31292790978654855, 0.3306484091824406, 0.34836890857833264, 0.36407571486105517, 0.3834071687474829, 0.3983084977849376, 0.4176399516713653, 0.42529198550140956, 0.4333467579540878, 0.4397905759162304, 0.45348368908578335, 0.4635521546516311, 0.47482883608538057, 0.48570277889649616, 0.490938380990737, 0.49697946033024565, 0.5022150624244865, 0.5050342327829239], 'auc': [0.5064569207693919, 0.5258592801090048, 0.5408739983872928, 0.5561983503551523, 0.5677103120094666, 0.5776198406565506, 0.5871561489672319, 0.5955115667866739, 0.6029958824890087, 0.6105764638130651, 0.616808593498698, 0.6227649626469502, 0.6279437379107298, 0.632384476109727, 0.6364358291860539, 0.640341937369816, 0.6440859986156042, 0.6480662703387594, 0.652513859897143, 0.6555595328915093, 0.6586051670142756, 0.6616626813179611, 0.6644618214013402, 0.6671059736371913, 0.6695136998903295, 0.6721662071515748, 0.6742107248031899, 0.6762473384214747]}

Epsilon = 8.37

{'loss': [2.124394572938204, 2.0641077458738466, 2.0165915326922352, 1.9744221551544092, 1.9397750404924814, 1.9076347306904848, 1.8808524861145635, 1.8544668332732497, 1.830866746973521, 1.809119241447925, 1.7904623032480393, 1.7709920944535726, 1.751794022703382, 1.7357082609394794, 1.7220457755314262, 1.7072657145562788, 1.6935594891330383, 1.6798986406322454, 1.6671267861183066, 1.6546720050776431, 1.6430983537634773, 1.6310439171255282, 1.61990282903311, 1.609609635040446, 1.5998760175186446, 1.5901881877424444, 1.5821221652071273, 1.5738696956461684, 1.5656551271977082], 'accuracy': [0.2098268223922674, 0.21788159484494563, 0.22633910592025774, 0.23801852597664117, 0.24446234393878372, 0.2545308095046315, 0.26540475231574706, 0.27547321788159485, 0.2815142972211035, 0.29480467176802255, 0.31292790978654855, 0.3306484091824406, 0.34836890857833264, 0.36407571486105517, 0.3834071687474829, 0.3983084977849376, 0.4176399516713653, 0.42529198550140956, 0.4333467579540878, 0.4397905759162304, 0.45348368908578335, 0.4635521546516311, 0.47482883608538057, 0.48570277889649616, 0.490938380990737, 0.49697946033024565, 0.5022150624244865, 0.5050342327829239, 0.5138944824808699], 'auc': [0.5064569207693919, 0.5258592801090048, 0.5408739983872928, 0.5561983503551523, 0.5677103120094666, 0.5776198406565506, 0.5871561489672319, 0.5955115667866739, 0.6029958824890087, 0.6105764638130651, 0.616808593498698, 0.6227649626469502, 0.6279437379107298, 0.632384476109727, 0.6364358291860539, 0.640341937369816, 0.6440859986156042, 0.6480662703387594, 0.652513859897143, 0.6555595328915093, 0.6586051670142756, 0.6616626813179611, 0.6644618214013402, 0.6671059736371913, 0.6695136998903295, 0.6721662071515748, 0.6742107248031899, 0.6762473384214747, 0.6783631695350596]}

Epsilon = 8.54

{'loss': [2.124394572938204, 2.0641077458738466, 2.0165915326922352, 1.9744221551544092, 1.9397750404924814, 1.9076347306904848, 1.8808524861145635, 1.8544668332732497, 1.830866746973521, 1.809119241447925, 1.7904623032480393, 1.7709920944535726, 1.751794022703382, 1.7357082609394794, 1.7220457755314262, 1.7072657145562788, 1.6935594891330383, 1.6798986406322454, 1.6671267861183066, 1.6546720050776431, 1.6430983537634773, 1.6310439171255282, 1.61990282903311, 1.609609635040446, 1.5998760175186446, 1.5901881877424444, 1.5821221652071273, 1.5738696956461684, 1.5656551271977082, 1.5575161829044681], 'accuracy': [0.2098268223922674, 0.21788159484494563, 0.22633910592025774, 0.23801852597664117, 0.24446234393878372, 0.2545308095046315, 0.26540475231574706, 0.27547321788159485, 0.2815142972211035, 0.29480467176802255, 0.31292790978654855, 0.3306484091824406, 0.34836890857833264, 0.36407571486105517, 0.3834071687474829, 0.3983084977849376, 0.4176399516713653, 0.42529198550140956, 0.4333467579540878, 0.4397905759162304, 0.45348368908578335, 0.4635521546516311, 0.47482883608538057, 0.48570277889649616, 0.490938380990737, 0.49697946033024565, 0.5022150624244865, 0.5050342327829239, 0.5138944824808699, 0.5171163914619412], 'auc': [0.5064569207693919, 0.5258592801090048, 0.5408739983872928, 0.5561983503551523, 0.5677103120094666, 0.5776198406565506, 0.5871561489672319, 0.5955115667866739, 0.6029958824890087, 0.6105764638130651, 0.616808593498698, 0.6227649626469502, 0.6279437379107298, 0.632384476109727, 0.6364358291860539, 0.640341937369816, 0.6440859986156042, 0.6480662703387594, 0.652513859897143, 0.6555595328915093, 0.6586051670142756, 0.6616626813179611, 0.6644618214013402, 0.6671059736371913, 0.6695136998903295, 0.6721662071515748, 0.6742107248031899, 0.6762473384214747, 0.6783631695350596, 0.6806237871874279]}



{'loss': [2.124394572938204, 2.0641077458738466, 2.0165915326922352, 1.9744221551544092, 1.9397750404924814, 1.9076347306904848, 1.8808524861145635, 1.8544668332732497, 1.830866746973521, 1.809119241447925, 1.7904623032480393, 1.7709920944535726, 1.751794022703382, 1.7357082609394794, 1.7220457755314262, 1.7072657145562788, 1.6935594891330383, 1.6798986406322454, 1.6671267861183066, 1.6546720050776431, 1.6430983537634773, 1.6310439171255282, 1.61990282903311, 1.609609635040446, 1.5998760175186446, 1.5901881877424444, 1.5821221652071273, 1.5738696956461684, 1.5656551271977082, 1.5575161829044681], 'accuracy': [0.2098268223922674, 0.21788159484494563, 0.22633910592025774, 0.23801852597664117, 0.24446234393878372, 0.2545308095046315, 0.26540475231574706, 0.27547321788159485, 0.2815142972211035, 0.29480467176802255, 0.31292790978654855, 0.3306484091824406, 0.34836890857833264, 0.36407571486105517, 0.3834071687474829, 0.3983084977849376, 0.4176399516713653, 0.42529198550140956, 0.4333467579540878, 0.4397905759162304, 0.45348368908578335, 0.4635521546516311, 0.47482883608538057, 0.48570277889649616, 0.490938380990737, 0.49697946033024565, 0.5022150624244865, 0.5050342327829239, 0.5138944824808699, 0.5171163914619412], 'auc': [0.5064569207693919, 0.5258592801090048, 0.5408739983872928, 0.5561983503551523, 0.5677103120094666, 0.5776198406565506, 0.5871561489672319, 0.5955115667866739, 0.6029958824890087, 0.6105764638130651, 0.616808593498698, 0.6227649626469502, 0.6279437379107298, 0.632384476109727, 0.6364358291860539, 0.640341937369816, 0.6440859986156042, 0.6480662703387594, 0.652513859897143, 0.6555595328915093, 0.6586051670142756, 0.6616626813179611, 0.6644618214013402, 0.6671059736371913, 0.6695136998903295, 0.6721662071515748, 0.6742107248031899, 0.6762473384214747, 0.6783631695350596, 0.6806237871874279]}
