nohup: ignoring input
/home/dgxuser16/anaconda3/envs/ihpc/lib/python3.8/site-packages/albumentations/__init__.py:13: UserWarning: A new version of Albumentations is available: 2.0.4 (you have 1.4.18). Upgrade using: pip install -U albumentations. To disable automatic update checks, set the environment variable NO_ALBUMENTATIONS_UPDATE to 1.
  check_for_updates()
/raid/home/dgxuser16/NTL/mccarthy/ahmad/github/adaptive_privacy_fl/isic/adagrad/fixed_noise/0.84, e=10/flamby/datasets/fed_isic2019/dataset.py:222: DeprecationWarning: Flip is deprecated. Consider using HorizontalFlip, VerticalFlip, RandomRotate90 or D4.
  albumentations.Flip(p=0.5),
/home/dgxuser16/anaconda3/envs/ihpc/lib/python3.8/site-packages/pydantic/main.py:214: DeprecationWarning: `max_holes` is deprecated. Use num_holes_range instead.
  validated_self = self.__pydantic_validator__.validate_python(data, self_instance=self)
/home/dgxuser16/anaconda3/envs/ihpc/lib/python3.8/site-packages/pydantic/main.py:214: DeprecationWarning: `max_height` is deprecated. Use hole_height_range instead.
  validated_self = self.__pydantic_validator__.validate_python(data, self_instance=self)
/home/dgxuser16/anaconda3/envs/ihpc/lib/python3.8/site-packages/pydantic/main.py:214: DeprecationWarning: `max_width` is deprecated. Use hole_width_range instead.
  validated_self = self.__pydantic_validator__.validate_python(data, self_instance=self)
/home/dgxuser16/anaconda3/envs/ihpc/lib/python3.8/site-packages/albumentations/core/validation.py:45: DeprecationWarning: always_apply is deprecated. Use `p=1` if you want to always apply the transform. self.p will be set to 1.
  original_init(self, **validated_kwargs)
/home/dgxuser16/anaconda3/envs/ihpc/lib/python3.8/site-packages/albumentations/core/validation.py:45: DeprecationWarning: always_apply is deprecated. Use `p=1` if you want to always apply the transform. self.p will be set to 1.
  original_init(self, **validated_kwargs)
/home/dgxuser16/anaconda3/envs/ihpc/lib/python3.8/site-packages/opacus/privacy_engine.py:95: UserWarning: Secure RNG turned off. This is perfectly fine for experimentation as it allows for much faster training performance, but remember to turn it on and retrain one last time before production with ``secure_mode`` turned on.
  warnings.warn(
02/13/2025 10:59:05:DEBUG:Opened insecure gRPC connection (no certificates were passed)
02/13/2025 10:59:05:DEBUG:ChannelConnectivity.IDLE
02/13/2025 10:59:05:DEBUG:ChannelConnectivity.READY
WARNING: All log messages before absl::InitializeLog() is called are written to STDERR
I0000 00:00:1739473145.103398 4095762 fork_posix.cc:75] Other threads are currently calling into gRPC, skipping fork() handlers
[92mINFO [0m:      
02/13/2025 10:59:36:INFO:
[92mINFO [0m:      Received: train message 8b6dbfc3-dcf6-4f66-8425-1df1bf4f4a47
02/13/2025 10:59:36:INFO:Received: train message 8b6dbfc3-dcf6-4f66-8425-1df1bf4f4a47
/home/dgxuser16/anaconda3/envs/ihpc/lib/python3.8/site-packages/torch/nn/modules/module.py:1640: FutureWarning: Using a non-full backward hook when the forward contains multiple autograd Nodes is deprecated and will be removed in future versions. This hook will be missing some grad_input. Please use register_full_backward_hook to get the documented behavior.
  self._maybe_warn_non_full_backward_hook(args, result, grad_fn)
[92mINFO [0m:      Sent reply
02/13/2025 11:08:58:INFO:Sent reply
[92mINFO [0m:      
02/13/2025 11:26:16:INFO:
[92mINFO [0m:      Received: evaluate message b7a7cf91-4601-4e04-af39-2ca260f339a7
02/13/2025 11:26:16:INFO:Received: evaluate message b7a7cf91-4601-4e04-af39-2ca260f339a7
[92mINFO [0m:      Sent reply
02/13/2025 11:30:33:INFO:Sent reply
[92mINFO [0m:      
02/13/2025 11:31:08:INFO:
[92mINFO [0m:      Received: train message e2403d9c-7116-4607-9026-46ae5fbb496e
02/13/2025 11:31:08:INFO:Received: train message e2403d9c-7116-4607-9026-46ae5fbb496e
/home/dgxuser16/anaconda3/envs/ihpc/lib/python3.8/site-packages/torch/nn/modules/module.py:1640: FutureWarning: Using a non-full backward hook when the forward contains multiple autograd Nodes is deprecated and will be removed in future versions. This hook will be missing some grad_input. Please use register_full_backward_hook to get the documented behavior.
  self._maybe_warn_non_full_backward_hook(args, result, grad_fn)
[92mINFO [0m:      Sent reply
02/13/2025 11:41:03:INFO:Sent reply
[92mINFO [0m:      
02/13/2025 11:57:39:INFO:
[92mINFO [0m:      Received: evaluate message 2f532574-a933-4af8-b579-b459a60184a6
02/13/2025 11:57:39:INFO:Received: evaluate message 2f532574-a933-4af8-b579-b459a60184a6
[92mINFO [0m:      Sent reply
02/13/2025 12:01:55:INFO:Sent reply
[92mINFO [0m:      
02/13/2025 12:02:30:INFO:
[92mINFO [0m:      Received: train message 0cfa4c95-6f62-48aa-9c9a-cbda5eae5e90
02/13/2025 12:02:30:INFO:Received: train message 0cfa4c95-6f62-48aa-9c9a-cbda5eae5e90
/home/dgxuser16/anaconda3/envs/ihpc/lib/python3.8/site-packages/torch/nn/modules/module.py:1640: FutureWarning: Using a non-full backward hook when the forward contains multiple autograd Nodes is deprecated and will be removed in future versions. This hook will be missing some grad_input. Please use register_full_backward_hook to get the documented behavior.
  self._maybe_warn_non_full_backward_hook(args, result, grad_fn)
[92mINFO [0m:      Sent reply
02/13/2025 12:12:10:INFO:Sent reply
[92mINFO [0m:      
02/13/2025 12:28:48:INFO:
[92mINFO [0m:      Received: evaluate message 74411627-46b8-4c98-9acf-99426e1019d8
02/13/2025 12:28:48:INFO:Received: evaluate message 74411627-46b8-4c98-9acf-99426e1019d8
[92mINFO [0m:      Sent reply
02/13/2025 12:33:09:INFO:Sent reply
[92mINFO [0m:      
02/13/2025 12:33:45:INFO:
[92mINFO [0m:      Received: train message 060c9969-aebc-4f52-aca5-3156e2134dc6
02/13/2025 12:33:45:INFO:Received: train message 060c9969-aebc-4f52-aca5-3156e2134dc6
/home/dgxuser16/anaconda3/envs/ihpc/lib/python3.8/site-packages/torch/nn/modules/module.py:1640: FutureWarning: Using a non-full backward hook when the forward contains multiple autograd Nodes is deprecated and will be removed in future versions. This hook will be missing some grad_input. Please use register_full_backward_hook to get the documented behavior.
  self._maybe_warn_non_full_backward_hook(args, result, grad_fn)
[92mINFO [0m:      Sent reply
02/13/2025 12:43:31:INFO:Sent reply
[92mINFO [0m:      
02/13/2025 13:00:15:INFO:
[92mINFO [0m:      Received: evaluate message 2ba92930-6972-4f8c-90d7-95274ceebd04
02/13/2025 13:00:15:INFO:Received: evaluate message 2ba92930-6972-4f8c-90d7-95274ceebd04
[92mINFO [0m:      Sent reply
02/13/2025 13:04:25:INFO:Sent reply
[92mINFO [0m:      
02/13/2025 13:05:01:INFO:
[92mINFO [0m:      Received: train message b7cbb9ec-e5ff-401b-8922-2fd11389a01b
02/13/2025 13:05:01:INFO:Received: train message b7cbb9ec-e5ff-401b-8922-2fd11389a01b
/home/dgxuser16/anaconda3/envs/ihpc/lib/python3.8/site-packages/torch/nn/modules/module.py:1640: FutureWarning: Using a non-full backward hook when the forward contains multiple autograd Nodes is deprecated and will be removed in future versions. This hook will be missing some grad_input. Please use register_full_backward_hook to get the documented behavior.
  self._maybe_warn_non_full_backward_hook(args, result, grad_fn)
[92mINFO [0m:      Sent reply
02/13/2025 13:15:05:INFO:Sent reply
[92mINFO [0m:      
02/13/2025 13:30:46:INFO:
[92mINFO [0m:      Received: evaluate message 13ed83f6-705c-4b79-ac33-131a33f8a199
02/13/2025 13:30:46:INFO:Received: evaluate message 13ed83f6-705c-4b79-ac33-131a33f8a199
[92mINFO [0m:      Sent reply
02/13/2025 13:35:09:INFO:Sent reply
[92mINFO [0m:      
02/13/2025 13:35:35:INFO:
[92mINFO [0m:      Received: train message b26e763d-2b96-4931-aab3-173b4c108f93
02/13/2025 13:35:35:INFO:Received: train message b26e763d-2b96-4931-aab3-173b4c108f93
/home/dgxuser16/anaconda3/envs/ihpc/lib/python3.8/site-packages/torch/nn/modules/module.py:1640: FutureWarning: Using a non-full backward hook when the forward contains multiple autograd Nodes is deprecated and will be removed in future versions. This hook will be missing some grad_input. Please use register_full_backward_hook to get the documented behavior.
  self._maybe_warn_non_full_backward_hook(args, result, grad_fn)
[92mINFO [0m:      Sent reply
02/13/2025 13:45:18:INFO:Sent reply
[92mINFO [0m:      
02/13/2025 14:01:42:INFO:
[92mINFO [0m:      Received: evaluate message 4f4a1909-5f74-4188-9829-b1ff7f31020a
02/13/2025 14:01:42:INFO:Received: evaluate message 4f4a1909-5f74-4188-9829-b1ff7f31020a
[92mINFO [0m:      Sent reply
02/13/2025 14:06:11:INFO:Sent reply
[92mINFO [0m:      
02/13/2025 14:06:50:INFO:
[92mINFO [0m:      Received: train message edd3925d-3387-43eb-a79d-05adb21c16a1
02/13/2025 14:06:50:INFO:Received: train message edd3925d-3387-43eb-a79d-05adb21c16a1
/home/dgxuser16/anaconda3/envs/ihpc/lib/python3.8/site-packages/torch/nn/modules/module.py:1640: FutureWarning: Using a non-full backward hook when the forward contains multiple autograd Nodes is deprecated and will be removed in future versions. This hook will be missing some grad_input. Please use register_full_backward_hook to get the documented behavior.
  self._maybe_warn_non_full_backward_hook(args, result, grad_fn)
[92mINFO [0m:      Sent reply
02/13/2025 14:17:02:INFO:Sent reply
[92mINFO [0m:      
02/13/2025 14:34:52:INFO:
[92mINFO [0m:      Received: evaluate message b0cfad11-72ab-4714-9a4d-ee889fa5f79a
02/13/2025 14:34:52:INFO:Received: evaluate message b0cfad11-72ab-4714-9a4d-ee889fa5f79a
[92mINFO [0m:      Sent reply
02/13/2025 14:39:17:INFO:Sent reply
[92mINFO [0m:      
02/13/2025 14:39:55:INFO:
[92mINFO [0m:      Received: train message d8af9d7a-b202-4df6-96a2-62d6143de0f3
02/13/2025 14:39:55:INFO:Received: train message d8af9d7a-b202-4df6-96a2-62d6143de0f3
/home/dgxuser16/anaconda3/envs/ihpc/lib/python3.8/site-packages/torch/nn/modules/module.py:1640: FutureWarning: Using a non-full backward hook when the forward contains multiple autograd Nodes is deprecated and will be removed in future versions. This hook will be missing some grad_input. Please use register_full_backward_hook to get the documented behavior.
  self._maybe_warn_non_full_backward_hook(args, result, grad_fn)
[92mINFO [0m:      Sent reply
02/13/2025 14:49:43:INFO:Sent reply
[92mINFO [0m:      
02/13/2025 15:07:22:INFO:
[92mINFO [0m:      Received: evaluate message a7379ae2-dbdc-417a-8f66-3141bcb600ff
02/13/2025 15:07:22:INFO:Received: evaluate message a7379ae2-dbdc-417a-8f66-3141bcb600ff
[92mINFO [0m:      Sent reply
02/13/2025 15:11:52:INFO:Sent reply
[92mINFO [0m:      
02/13/2025 15:12:32:INFO:
[92mINFO [0m:      Received: train message 9e6e0eab-c239-402b-8a30-b41de46b3911
02/13/2025 15:12:32:INFO:Received: train message 9e6e0eab-c239-402b-8a30-b41de46b3911
/home/dgxuser16/anaconda3/envs/ihpc/lib/python3.8/site-packages/torch/nn/modules/module.py:1640: FutureWarning: Using a non-full backward hook when the forward contains multiple autograd Nodes is deprecated and will be removed in future versions. This hook will be missing some grad_input. Please use register_full_backward_hook to get the documented behavior.
  self._maybe_warn_non_full_backward_hook(args, result, grad_fn)
[92mINFO [0m:      Sent reply
02/13/2025 15:22:35:INFO:Sent reply
[92mINFO [0m:      
02/13/2025 15:40:25:INFO:
[92mINFO [0m:      Received: evaluate message 06951b7b-bfe3-40a7-8d37-92482876a7d7
02/13/2025 15:40:25:INFO:Received: evaluate message 06951b7b-bfe3-40a7-8d37-92482876a7d7
[92mINFO [0m:      Sent reply
02/13/2025 15:44:39:INFO:Sent reply
[92mINFO [0m:      
02/13/2025 15:45:13:INFO:
[92mINFO [0m:      Received: train message 02393e49-e0e8-42de-977f-f4fbada10391
02/13/2025 15:45:13:INFO:Received: train message 02393e49-e0e8-42de-977f-f4fbada10391
/home/dgxuser16/anaconda3/envs/ihpc/lib/python3.8/site-packages/torch/nn/modules/module.py:1640: FutureWarning: Using a non-full backward hook when the forward contains multiple autograd Nodes is deprecated and will be removed in future versions. This hook will be missing some grad_input. Please use register_full_backward_hook to get the documented behavior.
  self._maybe_warn_non_full_backward_hook(args, result, grad_fn)
[92mINFO [0m:      Sent reply
02/13/2025 15:55:02:INFO:Sent reply
[92mINFO [0m:      
02/13/2025 16:13:18:INFO:
[92mINFO [0m:      Received: evaluate message 3fbcbf1c-7193-4d02-849f-b02dc6945c53
02/13/2025 16:13:18:INFO:Received: evaluate message 3fbcbf1c-7193-4d02-849f-b02dc6945c53
[92mINFO [0m:      Sent reply
02/13/2025 16:17:38:INFO:Sent reply
[92mINFO [0m:      
02/13/2025 16:17:55:INFO:
[92mINFO [0m:      Received: train message b19de155-3096-43b6-bbc8-476a68f85f15
02/13/2025 16:17:55:INFO:Received: train message b19de155-3096-43b6-bbc8-476a68f85f15
/home/dgxuser16/anaconda3/envs/ihpc/lib/python3.8/site-packages/torch/nn/modules/module.py:1640: FutureWarning: Using a non-full backward hook when the forward contains multiple autograd Nodes is deprecated and will be removed in future versions. This hook will be missing some grad_input. Please use register_full_backward_hook to get the documented behavior.
  self._maybe_warn_non_full_backward_hook(args, result, grad_fn)
[92mINFO [0m:      Sent reply
02/13/2025 16:27:03:INFO:Sent reply
[92mINFO [0m:      
02/13/2025 16:46:17:INFO:
[92mINFO [0m:      Received: evaluate message 274545b6-a7c6-4ad6-a872-d293ccd6487b
02/13/2025 16:46:17:INFO:Received: evaluate message 274545b6-a7c6-4ad6-a872-d293ccd6487b
[92mINFO [0m:      Sent reply
02/13/2025 16:50:34:INFO:Sent reply
[92mINFO [0m:      
02/13/2025 16:51:01:INFO:
[92mINFO [0m:      Received: train message ee408536-296f-47ec-bff9-4ea4557e5e9c
02/13/2025 16:51:01:INFO:Received: train message ee408536-296f-47ec-bff9-4ea4557e5e9c
/home/dgxuser16/anaconda3/envs/ihpc/lib/python3.8/site-packages/torch/nn/modules/module.py:1640: FutureWarning: Using a non-full backward hook when the forward contains multiple autograd Nodes is deprecated and will be removed in future versions. This hook will be missing some grad_input. Please use register_full_backward_hook to get the documented behavior.
  self._maybe_warn_non_full_backward_hook(args, result, grad_fn)
[92mINFO [0m:      Sent reply
02/13/2025 17:00:01:INFO:Sent reply
[92mINFO [0m:      
02/13/2025 17:20:00:INFO:
[92mINFO [0m:      Received: evaluate message 1db5bee4-1c7b-4756-ac01-fcb769ff614e
02/13/2025 17:20:00:INFO:Received: evaluate message 1db5bee4-1c7b-4756-ac01-fcb769ff614e
[92mINFO [0m:      Sent reply
02/13/2025 17:24:17:INFO:Sent reply
[92mINFO [0m:      
02/13/2025 17:25:01:INFO:
[92mINFO [0m:      Received: train message 05a5893b-ee9b-41e2-80e5-b5c4fe8d7cc1
02/13/2025 17:25:01:INFO:Received: train message 05a5893b-ee9b-41e2-80e5-b5c4fe8d7cc1
/home/dgxuser16/anaconda3/envs/ihpc/lib/python3.8/site-packages/torch/nn/modules/module.py:1640: FutureWarning: Using a non-full backward hook when the forward contains multiple autograd Nodes is deprecated and will be removed in future versions. This hook will be missing some grad_input. Please use register_full_backward_hook to get the documented behavior.
  self._maybe_warn_non_full_backward_hook(args, result, grad_fn)
[92mINFO [0m:      Sent reply
02/13/2025 17:34:03:INFO:Sent reply
[92mINFO [0m:      
02/13/2025 17:54:23:INFO:
[92mINFO [0m:      Received: evaluate message ec19e255-4f2b-421e-876c-fdec79590481
02/13/2025 17:54:23:INFO:Received: evaluate message ec19e255-4f2b-421e-876c-fdec79590481
[92mINFO [0m:      Sent reply
02/13/2025 17:58:38:INFO:Sent reply
[92mINFO [0m:      
02/13/2025 17:59:14:INFO:
[92mINFO [0m:      Received: train message 796ea617-9f9f-466f-831e-fdacef86b8eb
02/13/2025 17:59:14:INFO:Received: train message 796ea617-9f9f-466f-831e-fdacef86b8eb
/home/dgxuser16/anaconda3/envs/ihpc/lib/python3.8/site-packages/torch/nn/modules/module.py:1640: FutureWarning: Using a non-full backward hook when the forward contains multiple autograd Nodes is deprecated and will be removed in future versions. This hook will be missing some grad_input. Please use register_full_backward_hook to get the documented behavior.
  self._maybe_warn_non_full_backward_hook(args, result, grad_fn)
[92mINFO [0m:      Sent reply
02/13/2025 18:08:26:INFO:Sent reply
[92mINFO [0m:      
02/13/2025 18:28:46:INFO:
[92mINFO [0m:      Received: evaluate message f64853a2-3697-4442-bdc0-347646468fec
02/13/2025 18:28:46:INFO:Received: evaluate message f64853a2-3697-4442-bdc0-347646468fec
[92mINFO [0m:      Sent reply
02/13/2025 18:33:18:INFO:Sent reply
[92mINFO [0m:      
02/13/2025 18:33:44:INFO:
[92mINFO [0m:      Received: train message e709ea8f-de6d-4dee-bc48-821f20f5ed1e
02/13/2025 18:33:44:INFO:Received: train message e709ea8f-de6d-4dee-bc48-821f20f5ed1e
/home/dgxuser16/anaconda3/envs/ihpc/lib/python3.8/site-packages/torch/nn/modules/module.py:1640: FutureWarning: Using a non-full backward hook when the forward contains multiple autograd Nodes is deprecated and will be removed in future versions. This hook will be missing some grad_input. Please use register_full_backward_hook to get the documented behavior.
  self._maybe_warn_non_full_backward_hook(args, result, grad_fn)
[92mINFO [0m:      Sent reply
02/13/2025 18:42:54:INFO:Sent reply
[92mINFO [0m:      
02/13/2025 19:04:01:INFO:
[92mINFO [0m:      Received: evaluate message 1c6842e1-8342-4337-a603-7982fa857977
02/13/2025 19:04:01:INFO:Received: evaluate message 1c6842e1-8342-4337-a603-7982fa857977
['/raid/home/dgxuser16/NTL/mccarthy/ahmad/github/adaptive_privacy_fl/isic/adagrad/fixed_noise/0.84, e=10', '/home/dgxuser16/anaconda3/envs/ihpc/lib/python38.zip', '/home/dgxuser16/anaconda3/envs/ihpc/lib/python3.8', '/home/dgxuser16/anaconda3/envs/ihpc/lib/python3.8/lib-dynload', '/home/dgxuser16/anaconda3/envs/ihpc/lib/python3.8/site-packages', '/raid/home/dgxuser16/NTL/mccarthy/ahmad/github/adaptive_privacy_fl/isic/adagrad/fixed_noise/0.84, e=10']
Device: cuda:0
Params: {'batch_size': 32, 'local_epochs': 3, 'full_dataset_size': 18597, 'number_of_classes': 8}
Privacy Params: {'target_delta': 1e-05, 'noise_multiplier': 0.84, 'max_grad_norm': 1.0}
Epsilon = 2.42

{'loss': [2.124394572938204], 'accuracy': [0.2098268223922674], 'auc': [0.5064569207693919]}

Epsilon = 3.11

{'loss': [2.124394572938204, 2.0641077458738466], 'accuracy': [0.2098268223922674, 0.21788159484494563], 'auc': [0.5064569207693919, 0.5258592801090048]}

Epsilon = 3.67

{'loss': [2.124394572938204, 2.0641077458738466, 2.0165915326922352], 'accuracy': [0.2098268223922674, 0.21788159484494563, 0.22633910592025774], 'auc': [0.5064569207693919, 0.5258592801090048, 0.5408739983872928]}

Epsilon = 4.16

{'loss': [2.124394572938204, 2.0641077458738466, 2.0165915326922352, 1.9744221551544092], 'accuracy': [0.2098268223922674, 0.21788159484494563, 0.22633910592025774, 0.23801852597664117], 'auc': [0.5064569207693919, 0.5258592801090048, 0.5408739983872928, 0.5561983503551523]}

Epsilon = 4.61

{'loss': [2.124394572938204, 2.0641077458738466, 2.0165915326922352, 1.9744221551544092, 1.9397750404924814], 'accuracy': [0.2098268223922674, 0.21788159484494563, 0.22633910592025774, 0.23801852597664117, 0.24446234393878372], 'auc': [0.5064569207693919, 0.5258592801090048, 0.5408739983872928, 0.5561983503551523, 0.5677103120094666]}

Epsilon = 5.03

{'loss': [2.124394572938204, 2.0641077458738466, 2.0165915326922352, 1.9744221551544092, 1.9397750404924814, 1.9076347306904848], 'accuracy': [0.2098268223922674, 0.21788159484494563, 0.22633910592025774, 0.23801852597664117, 0.24446234393878372, 0.2545308095046315], 'auc': [0.5064569207693919, 0.5258592801090048, 0.5408739983872928, 0.5561983503551523, 0.5677103120094666, 0.5776198406565506]}

Epsilon = 5.42

{'loss': [2.124394572938204, 2.0641077458738466, 2.0165915326922352, 1.9744221551544092, 1.9397750404924814, 1.9076347306904848, 1.8808524861145635], 'accuracy': [0.2098268223922674, 0.21788159484494563, 0.22633910592025774, 0.23801852597664117, 0.24446234393878372, 0.2545308095046315, 0.26540475231574706], 'auc': [0.5064569207693919, 0.5258592801090048, 0.5408739983872928, 0.5561983503551523, 0.5677103120094666, 0.5776198406565506, 0.5871561489672319]}

Epsilon = 5.79

{'loss': [2.124394572938204, 2.0641077458738466, 2.0165915326922352, 1.9744221551544092, 1.9397750404924814, 1.9076347306904848, 1.8808524861145635, 1.8544668332732497], 'accuracy': [0.2098268223922674, 0.21788159484494563, 0.22633910592025774, 0.23801852597664117, 0.24446234393878372, 0.2545308095046315, 0.26540475231574706, 0.27547321788159485], 'auc': [0.5064569207693919, 0.5258592801090048, 0.5408739983872928, 0.5561983503551523, 0.5677103120094666, 0.5776198406565506, 0.5871561489672319, 0.5955115667866739]}

Epsilon = 6.15

{'loss': [2.124394572938204, 2.0641077458738466, 2.0165915326922352, 1.9744221551544092, 1.9397750404924814, 1.9076347306904848, 1.8808524861145635, 1.8544668332732497, 1.830866746973521], 'accuracy': [0.2098268223922674, 0.21788159484494563, 0.22633910592025774, 0.23801852597664117, 0.24446234393878372, 0.2545308095046315, 0.26540475231574706, 0.27547321788159485, 0.2815142972211035], 'auc': [0.5064569207693919, 0.5258592801090048, 0.5408739983872928, 0.5561983503551523, 0.5677103120094666, 0.5776198406565506, 0.5871561489672319, 0.5955115667866739, 0.6029958824890087]}

Epsilon = 6.49

{'loss': [2.124394572938204, 2.0641077458738466, 2.0165915326922352, 1.9744221551544092, 1.9397750404924814, 1.9076347306904848, 1.8808524861145635, 1.8544668332732497, 1.830866746973521, 1.809119241447925], 'accuracy': [0.2098268223922674, 0.21788159484494563, 0.22633910592025774, 0.23801852597664117, 0.24446234393878372, 0.2545308095046315, 0.26540475231574706, 0.27547321788159485, 0.2815142972211035, 0.29480467176802255], 'auc': [0.5064569207693919, 0.5258592801090048, 0.5408739983872928, 0.5561983503551523, 0.5677103120094666, 0.5776198406565506, 0.5871561489672319, 0.5955115667866739, 0.6029958824890087, 0.6105764638130651]}

Epsilon = 6.82

{'loss': [2.124394572938204, 2.0641077458738466, 2.0165915326922352, 1.9744221551544092, 1.9397750404924814, 1.9076347306904848, 1.8808524861145635, 1.8544668332732497, 1.830866746973521, 1.809119241447925, 1.7904623032480393], 'accuracy': [0.2098268223922674, 0.21788159484494563, 0.22633910592025774, 0.23801852597664117, 0.24446234393878372, 0.2545308095046315, 0.26540475231574706, 0.27547321788159485, 0.2815142972211035, 0.29480467176802255, 0.31292790978654855], 'auc': [0.5064569207693919, 0.5258592801090048, 0.5408739983872928, 0.5561983503551523, 0.5677103120094666, 0.5776198406565506, 0.5871561489672319, 0.5955115667866739, 0.6029958824890087, 0.6105764638130651, 0.616808593498698]}

Epsilon = 7.14

{'loss': [2.124394572938204, 2.0641077458738466, 2.0165915326922352, 1.9744221551544092, 1.9397750404924814, 1.9076347306904848, 1.8808524861145635, 1.8544668332732497, 1.830866746973521, 1.809119241447925, 1.7904623032480393, 1.7709920944535726], 'accuracy': [0.2098268223922674, 0.21788159484494563, 0.22633910592025774, 0.23801852597664117, 0.24446234393878372, 0.2545308095046315, 0.26540475231574706, 0.27547321788159485, 0.2815142972211035, 0.29480467176802255, 0.31292790978654855, 0.3306484091824406], 'auc': [0.5064569207693919, 0.5258592801090048, 0.5408739983872928, 0.5561983503551523, 0.5677103120094666, 0.5776198406565506, 0.5871561489672319, 0.5955115667866739, 0.6029958824890087, 0.6105764638130651, 0.616808593498698, 0.6227649626469502]}

Epsilon = 7.45

{'loss': [2.124394572938204, 2.0641077458738466, 2.0165915326922352, 1.9744221551544092, 1.9397750404924814, 1.9076347306904848, 1.8808524861145635, 1.8544668332732497, 1.830866746973521, 1.809119241447925, 1.7904623032480393, 1.7709920944535726, 1.751794022703382], 'accuracy': [0.2098268223922674, 0.21788159484494563, 0.22633910592025774, 0.23801852597664117, 0.24446234393878372, 0.2545308095046315, 0.26540475231574706, 0.27547321788159485, 0.2815142972211035, 0.29480467176802255, 0.31292790978654855, 0.3306484091824406, 0.34836890857833264], 'auc': [0.5064569207693919, 0.5258592801090048, 0.5408739983872928, 0.5561983503551523, 0.5677103120094666, 0.5776198406565506, 0.5871561489672319, 0.5955115667866739, 0.6029958824890087, 0.6105764638130651, 0.616808593498698, 0.6227649626469502, 0.6279437379107298]}

Epsilon = 7.75

{'loss': [2.124394572938204, 2.0641077458738466, 2.0165915326922352, 1.9744221551544092, 1.9397750404924814, 1.9076347306904848, 1.8808524861145635, 1.8544668332732497, 1.830866746973521, 1.809119241447925, 1.7904623032480393, 1.7709920944535726, 1.751794022703382, 1.7357082609394794], 'accuracy': [0.2098268223922674, 0.21788159484494563, 0.22633910592025774, 0.23801852597664117, 0.24446234393878372, 0.2545308095046315, 0.26540475231574706, 0.27547321788159485, 0.2815142972211035, 0.29480467176802255, 0.31292790978654855, 0.3306484091824406, 0.34836890857833264, 0.36407571486105517], 'auc': [0.5064569207693919, 0.5258592801090048, 0.5408739983872928, 0.5561983503551523, 0.5677103120094666, 0.5776198406565506, 0.5871561489672319, 0.5955115667866739, 0.6029958824890087, 0.6105764638130651, 0.616808593498698, 0.6227649626469502, 0.6279437379107298, 0.632384476109727]}

Epsilon = 8.04
[92mINFO [0m:      Sent reply
02/13/2025 19:08:11:INFO:Sent reply
[92mINFO [0m:      
02/13/2025 19:08:47:INFO:
[92mINFO [0m:      Received: train message c6f84fcf-e2d5-4108-9248-f9a1c050b082
02/13/2025 19:08:47:INFO:Received: train message c6f84fcf-e2d5-4108-9248-f9a1c050b082
/home/dgxuser16/anaconda3/envs/ihpc/lib/python3.8/site-packages/torch/nn/modules/module.py:1640: FutureWarning: Using a non-full backward hook when the forward contains multiple autograd Nodes is deprecated and will be removed in future versions. This hook will be missing some grad_input. Please use register_full_backward_hook to get the documented behavior.
  self._maybe_warn_non_full_backward_hook(args, result, grad_fn)
[92mINFO [0m:      Sent reply
02/13/2025 19:17:42:INFO:Sent reply
[92mINFO [0m:      
02/13/2025 19:39:25:INFO:
[92mINFO [0m:      Received: evaluate message 0b3da6f5-0157-46b1-b2ee-a77b3bc515f1
02/13/2025 19:39:25:INFO:Received: evaluate message 0b3da6f5-0157-46b1-b2ee-a77b3bc515f1
[92mINFO [0m:      Sent reply
02/13/2025 19:43:42:INFO:Sent reply
[92mINFO [0m:      
02/13/2025 19:44:11:INFO:
[92mINFO [0m:      Received: train message 5056de28-7a53-4c70-aff1-52c63318c68e
02/13/2025 19:44:11:INFO:Received: train message 5056de28-7a53-4c70-aff1-52c63318c68e
/home/dgxuser16/anaconda3/envs/ihpc/lib/python3.8/site-packages/torch/nn/modules/module.py:1640: FutureWarning: Using a non-full backward hook when the forward contains multiple autograd Nodes is deprecated and will be removed in future versions. This hook will be missing some grad_input. Please use register_full_backward_hook to get the documented behavior.
  self._maybe_warn_non_full_backward_hook(args, result, grad_fn)
[92mINFO [0m:      Sent reply
02/13/2025 19:52:43:INFO:Sent reply
[92mINFO [0m:      
02/13/2025 20:14:06:INFO:
[92mINFO [0m:      Received: evaluate message 0be6d9d9-baad-4ee9-9fe1-d1afe6bd78d7
02/13/2025 20:14:06:INFO:Received: evaluate message 0be6d9d9-baad-4ee9-9fe1-d1afe6bd78d7
[92mINFO [0m:      Sent reply
02/13/2025 20:18:11:INFO:Sent reply
[92mINFO [0m:      
02/13/2025 20:18:34:INFO:
[92mINFO [0m:      Received: train message 30444a8b-4689-47bc-ab46-6751a271eba2
02/13/2025 20:18:34:INFO:Received: train message 30444a8b-4689-47bc-ab46-6751a271eba2
/home/dgxuser16/anaconda3/envs/ihpc/lib/python3.8/site-packages/torch/nn/modules/module.py:1640: FutureWarning: Using a non-full backward hook when the forward contains multiple autograd Nodes is deprecated and will be removed in future versions. This hook will be missing some grad_input. Please use register_full_backward_hook to get the documented behavior.
  self._maybe_warn_non_full_backward_hook(args, result, grad_fn)
[92mINFO [0m:      Sent reply
02/13/2025 20:27:29:INFO:Sent reply
[92mINFO [0m:      
02/13/2025 20:49:15:INFO:
[92mINFO [0m:      Received: evaluate message 649b8aca-e5aa-4241-8cd0-1710234bf74b
02/13/2025 20:49:15:INFO:Received: evaluate message 649b8aca-e5aa-4241-8cd0-1710234bf74b
[92mINFO [0m:      Sent reply
02/13/2025 20:53:18:INFO:Sent reply
[92mINFO [0m:      
02/13/2025 20:53:51:INFO:
[92mINFO [0m:      Received: train message 7a15ee1b-a6ad-49dc-89ff-1fbd194d8732
02/13/2025 20:53:51:INFO:Received: train message 7a15ee1b-a6ad-49dc-89ff-1fbd194d8732
/home/dgxuser16/anaconda3/envs/ihpc/lib/python3.8/site-packages/torch/nn/modules/module.py:1640: FutureWarning: Using a non-full backward hook when the forward contains multiple autograd Nodes is deprecated and will be removed in future versions. This hook will be missing some grad_input. Please use register_full_backward_hook to get the documented behavior.
  self._maybe_warn_non_full_backward_hook(args, result, grad_fn)
[92mINFO [0m:      Sent reply
02/13/2025 21:03:22:INFO:Sent reply
[92mINFO [0m:      
02/13/2025 21:22:12:INFO:
[92mINFO [0m:      Received: evaluate message c2699dc7-5b32-46f3-aad1-df72d0194eb4
02/13/2025 21:22:12:INFO:Received: evaluate message c2699dc7-5b32-46f3-aad1-df72d0194eb4
[92mINFO [0m:      Sent reply
02/13/2025 21:26:19:INFO:Sent reply
[92mINFO [0m:      
02/13/2025 21:26:52:INFO:
[92mINFO [0m:      Received: train message 8df50cdf-020c-4d9b-902f-8bf245c571d7
02/13/2025 21:26:52:INFO:Received: train message 8df50cdf-020c-4d9b-902f-8bf245c571d7
/home/dgxuser16/anaconda3/envs/ihpc/lib/python3.8/site-packages/torch/nn/modules/module.py:1640: FutureWarning: Using a non-full backward hook when the forward contains multiple autograd Nodes is deprecated and will be removed in future versions. This hook will be missing some grad_input. Please use register_full_backward_hook to get the documented behavior.
  self._maybe_warn_non_full_backward_hook(args, result, grad_fn)
[92mINFO [0m:      Sent reply
02/13/2025 21:35:58:INFO:Sent reply
[92mINFO [0m:      
02/13/2025 21:54:32:INFO:
[92mINFO [0m:      Received: evaluate message ababf5c0-01b8-4635-ad4a-00393857f57b
02/13/2025 21:54:32:INFO:Received: evaluate message ababf5c0-01b8-4635-ad4a-00393857f57b
[92mINFO [0m:      Sent reply
02/13/2025 21:58:44:INFO:Sent reply
[92mINFO [0m:      
02/13/2025 21:59:08:INFO:
[92mINFO [0m:      Received: train message f734e884-e43f-4fe1-87a1-87fb21abad3d
02/13/2025 21:59:08:INFO:Received: train message f734e884-e43f-4fe1-87a1-87fb21abad3d
/home/dgxuser16/anaconda3/envs/ihpc/lib/python3.8/site-packages/torch/nn/modules/module.py:1640: FutureWarning: Using a non-full backward hook when the forward contains multiple autograd Nodes is deprecated and will be removed in future versions. This hook will be missing some grad_input. Please use register_full_backward_hook to get the documented behavior.
  self._maybe_warn_non_full_backward_hook(args, result, grad_fn)
[92mINFO [0m:      Sent reply
02/13/2025 22:07:52:INFO:Sent reply
[92mINFO [0m:      
02/13/2025 22:27:16:INFO:
[92mINFO [0m:      Received: evaluate message 76e60ff1-55c8-4333-b43f-a87b1e0f1285
02/13/2025 22:27:16:INFO:Received: evaluate message 76e60ff1-55c8-4333-b43f-a87b1e0f1285
[92mINFO [0m:      Sent reply
02/13/2025 22:31:19:INFO:Sent reply
[92mINFO [0m:      
02/13/2025 22:31:48:INFO:
[92mINFO [0m:      Received: train message 9d220524-0b62-43ee-aba5-239127f645d8
02/13/2025 22:31:48:INFO:Received: train message 9d220524-0b62-43ee-aba5-239127f645d8
/home/dgxuser16/anaconda3/envs/ihpc/lib/python3.8/site-packages/torch/nn/modules/module.py:1640: FutureWarning: Using a non-full backward hook when the forward contains multiple autograd Nodes is deprecated and will be removed in future versions. This hook will be missing some grad_input. Please use register_full_backward_hook to get the documented behavior.
  self._maybe_warn_non_full_backward_hook(args, result, grad_fn)
[92mINFO [0m:      Sent reply
02/13/2025 22:40:50:INFO:Sent reply
[92mINFO [0m:      
02/13/2025 22:59:43:INFO:
[92mINFO [0m:      Received: evaluate message 2c8b44c3-4ed1-4aad-b0a6-5f498c146b8b
02/13/2025 22:59:43:INFO:Received: evaluate message 2c8b44c3-4ed1-4aad-b0a6-5f498c146b8b

{'loss': [2.124394572938204, 2.0641077458738466, 2.0165915326922352, 1.9744221551544092, 1.9397750404924814, 1.9076347306904848, 1.8808524861145635, 1.8544668332732497, 1.830866746973521, 1.809119241447925, 1.7904623032480393, 1.7709920944535726, 1.751794022703382, 1.7357082609394794, 1.7220457755314262], 'accuracy': [0.2098268223922674, 0.21788159484494563, 0.22633910592025774, 0.23801852597664117, 0.24446234393878372, 0.2545308095046315, 0.26540475231574706, 0.27547321788159485, 0.2815142972211035, 0.29480467176802255, 0.31292790978654855, 0.3306484091824406, 0.34836890857833264, 0.36407571486105517, 0.3834071687474829], 'auc': [0.5064569207693919, 0.5258592801090048, 0.5408739983872928, 0.5561983503551523, 0.5677103120094666, 0.5776198406565506, 0.5871561489672319, 0.5955115667866739, 0.6029958824890087, 0.6105764638130651, 0.616808593498698, 0.6227649626469502, 0.6279437379107298, 0.632384476109727, 0.6364358291860539]}

Epsilon = 8.33

{'loss': [2.124394572938204, 2.0641077458738466, 2.0165915326922352, 1.9744221551544092, 1.9397750404924814, 1.9076347306904848, 1.8808524861145635, 1.8544668332732497, 1.830866746973521, 1.809119241447925, 1.7904623032480393, 1.7709920944535726, 1.751794022703382, 1.7357082609394794, 1.7220457755314262, 1.7072657145562788], 'accuracy': [0.2098268223922674, 0.21788159484494563, 0.22633910592025774, 0.23801852597664117, 0.24446234393878372, 0.2545308095046315, 0.26540475231574706, 0.27547321788159485, 0.2815142972211035, 0.29480467176802255, 0.31292790978654855, 0.3306484091824406, 0.34836890857833264, 0.36407571486105517, 0.3834071687474829, 0.3983084977849376], 'auc': [0.5064569207693919, 0.5258592801090048, 0.5408739983872928, 0.5561983503551523, 0.5677103120094666, 0.5776198406565506, 0.5871561489672319, 0.5955115667866739, 0.6029958824890087, 0.6105764638130651, 0.616808593498698, 0.6227649626469502, 0.6279437379107298, 0.632384476109727, 0.6364358291860539, 0.640341937369816]}

Epsilon = 8.61

{'loss': [2.124394572938204, 2.0641077458738466, 2.0165915326922352, 1.9744221551544092, 1.9397750404924814, 1.9076347306904848, 1.8808524861145635, 1.8544668332732497, 1.830866746973521, 1.809119241447925, 1.7904623032480393, 1.7709920944535726, 1.751794022703382, 1.7357082609394794, 1.7220457755314262, 1.7072657145562788, 1.6935594891330383], 'accuracy': [0.2098268223922674, 0.21788159484494563, 0.22633910592025774, 0.23801852597664117, 0.24446234393878372, 0.2545308095046315, 0.26540475231574706, 0.27547321788159485, 0.2815142972211035, 0.29480467176802255, 0.31292790978654855, 0.3306484091824406, 0.34836890857833264, 0.36407571486105517, 0.3834071687474829, 0.3983084977849376, 0.4176399516713653], 'auc': [0.5064569207693919, 0.5258592801090048, 0.5408739983872928, 0.5561983503551523, 0.5677103120094666, 0.5776198406565506, 0.5871561489672319, 0.5955115667866739, 0.6029958824890087, 0.6105764638130651, 0.616808593498698, 0.6227649626469502, 0.6279437379107298, 0.632384476109727, 0.6364358291860539, 0.640341937369816, 0.6440859986156042]}

Epsilon = 8.88

{'loss': [2.124394572938204, 2.0641077458738466, 2.0165915326922352, 1.9744221551544092, 1.9397750404924814, 1.9076347306904848, 1.8808524861145635, 1.8544668332732497, 1.830866746973521, 1.809119241447925, 1.7904623032480393, 1.7709920944535726, 1.751794022703382, 1.7357082609394794, 1.7220457755314262, 1.7072657145562788, 1.6935594891330383, 1.6798986406322454], 'accuracy': [0.2098268223922674, 0.21788159484494563, 0.22633910592025774, 0.23801852597664117, 0.24446234393878372, 0.2545308095046315, 0.26540475231574706, 0.27547321788159485, 0.2815142972211035, 0.29480467176802255, 0.31292790978654855, 0.3306484091824406, 0.34836890857833264, 0.36407571486105517, 0.3834071687474829, 0.3983084977849376, 0.4176399516713653, 0.42529198550140956], 'auc': [0.5064569207693919, 0.5258592801090048, 0.5408739983872928, 0.5561983503551523, 0.5677103120094666, 0.5776198406565506, 0.5871561489672319, 0.5955115667866739, 0.6029958824890087, 0.6105764638130651, 0.616808593498698, 0.6227649626469502, 0.6279437379107298, 0.632384476109727, 0.6364358291860539, 0.640341937369816, 0.6440859986156042, 0.6480662703387594]}

Epsilon = 9.15

{'loss': [2.124394572938204, 2.0641077458738466, 2.0165915326922352, 1.9744221551544092, 1.9397750404924814, 1.9076347306904848, 1.8808524861145635, 1.8544668332732497, 1.830866746973521, 1.809119241447925, 1.7904623032480393, 1.7709920944535726, 1.751794022703382, 1.7357082609394794, 1.7220457755314262, 1.7072657145562788, 1.6935594891330383, 1.6798986406322454, 1.6671267861183066], 'accuracy': [0.2098268223922674, 0.21788159484494563, 0.22633910592025774, 0.23801852597664117, 0.24446234393878372, 0.2545308095046315, 0.26540475231574706, 0.27547321788159485, 0.2815142972211035, 0.29480467176802255, 0.31292790978654855, 0.3306484091824406, 0.34836890857833264, 0.36407571486105517, 0.3834071687474829, 0.3983084977849376, 0.4176399516713653, 0.42529198550140956, 0.4333467579540878], 'auc': [0.5064569207693919, 0.5258592801090048, 0.5408739983872928, 0.5561983503551523, 0.5677103120094666, 0.5776198406565506, 0.5871561489672319, 0.5955115667866739, 0.6029958824890087, 0.6105764638130651, 0.616808593498698, 0.6227649626469502, 0.6279437379107298, 0.632384476109727, 0.6364358291860539, 0.640341937369816, 0.6440859986156042, 0.6480662703387594, 0.652513859897143]}

Epsilon = 9.41

{'loss': [2.124394572938204, 2.0641077458738466, 2.0165915326922352, 1.9744221551544092, 1.9397750404924814, 1.9076347306904848, 1.8808524861145635, 1.8544668332732497, 1.830866746973521, 1.809119241447925, 1.7904623032480393, 1.7709920944535726, 1.751794022703382, 1.7357082609394794, 1.7220457755314262, 1.7072657145562788, 1.6935594891330383, 1.6798986406322454, 1.6671267861183066, 1.6546720050776431], 'accuracy': [0.2098268223922674, 0.21788159484494563, 0.22633910592025774, 0.23801852597664117, 0.24446234393878372, 0.2545308095046315, 0.26540475231574706, 0.27547321788159485, 0.2815142972211035, 0.29480467176802255, 0.31292790978654855, 0.3306484091824406, 0.34836890857833264, 0.36407571486105517, 0.3834071687474829, 0.3983084977849376, 0.4176399516713653, 0.42529198550140956, 0.4333467579540878, 0.4397905759162304], 'auc': [0.5064569207693919, 0.5258592801090048, 0.5408739983872928, 0.5561983503551523, 0.5677103120094666, 0.5776198406565506, 0.5871561489672319, 0.5955115667866739, 0.6029958824890087, 0.6105764638130651, 0.616808593498698, 0.6227649626469502, 0.6279437379107298, 0.632384476109727, 0.6364358291860539, 0.640341937369816, 0.6440859986156042, 0.6480662703387594, 0.652513859897143, 0.6555595328915093]}

Epsilon = 9.67

{'loss': [2.124394572938204, 2.0641077458738466, 2.0165915326922352, 1.9744221551544092, 1.9397750404924814, 1.9076347306904848, 1.8808524861145635, 1.8544668332732497, 1.830866746973521, 1.809119241447925, 1.7904623032480393, 1.7709920944535726, 1.751794022703382, 1.7357082609394794, 1.7220457755314262, 1.7072657145562788, 1.6935594891330383, 1.6798986406322454, 1.6671267861183066, 1.6546720050776431, 1.6430983537634773], 'accuracy': [0.2098268223922674, 0.21788159484494563, 0.22633910592025774, 0.23801852597664117, 0.24446234393878372, 0.2545308095046315, 0.26540475231574706, 0.27547321788159485, 0.2815142972211035, 0.29480467176802255, 0.31292790978654855, 0.3306484091824406, 0.34836890857833264, 0.36407571486105517, 0.3834071687474829, 0.3983084977849376, 0.4176399516713653, 0.42529198550140956, 0.4333467579540878, 0.4397905759162304, 0.45348368908578335], 'auc': [0.5064569207693919, 0.5258592801090048, 0.5408739983872928, 0.5561983503551523, 0.5677103120094666, 0.5776198406565506, 0.5871561489672319, 0.5955115667866739, 0.6029958824890087, 0.6105764638130651, 0.616808593498698, 0.6227649626469502, 0.6279437379107298, 0.632384476109727, 0.6364358291860539, 0.640341937369816, 0.6440859986156042, 0.6480662703387594, 0.652513859897143, 0.6555595328915093, 0.6586051670142756]}

Epsilon = 9.93
[92mINFO [0m:      Sent reply
02/13/2025 23:03:56:INFO:Sent reply
[92mINFO [0m:      
02/13/2025 23:04:26:INFO:
[92mINFO [0m:      Received: train message 7425e54f-2f0a-4515-ab76-80bd81baf9a0
02/13/2025 23:04:26:INFO:Received: train message 7425e54f-2f0a-4515-ab76-80bd81baf9a0
/home/dgxuser16/anaconda3/envs/ihpc/lib/python3.8/site-packages/torch/nn/modules/module.py:1640: FutureWarning: Using a non-full backward hook when the forward contains multiple autograd Nodes is deprecated and will be removed in future versions. This hook will be missing some grad_input. Please use register_full_backward_hook to get the documented behavior.
  self._maybe_warn_non_full_backward_hook(args, result, grad_fn)
[92mINFO [0m:      Sent reply
02/13/2025 23:13:25:INFO:Sent reply
[92mINFO [0m:      
02/13/2025 23:31:52:INFO:
[92mINFO [0m:      Received: evaluate message 9ab2f007-f32b-4c6e-b9b0-28e2cf697e3d
02/13/2025 23:31:52:INFO:Received: evaluate message 9ab2f007-f32b-4c6e-b9b0-28e2cf697e3d
[92mINFO [0m:      Sent reply
02/13/2025 23:36:08:INFO:Sent reply
[92mINFO [0m:      
02/13/2025 23:36:30:INFO:
[92mINFO [0m:      Received: train message 6a200914-7c91-445b-9259-dd3599995baf
02/13/2025 23:36:30:INFO:Received: train message 6a200914-7c91-445b-9259-dd3599995baf
/home/dgxuser16/anaconda3/envs/ihpc/lib/python3.8/site-packages/torch/nn/modules/module.py:1640: FutureWarning: Using a non-full backward hook when the forward contains multiple autograd Nodes is deprecated and will be removed in future versions. This hook will be missing some grad_input. Please use register_full_backward_hook to get the documented behavior.
  self._maybe_warn_non_full_backward_hook(args, result, grad_fn)
[92mINFO [0m:      Sent reply
02/13/2025 23:45:36:INFO:Sent reply
[92mINFO [0m:      
02/14/2025 00:00:58:INFO:
[92mINFO [0m:      Received: evaluate message 7ca5d76c-7ea0-4382-9f6c-9766f0aae2e5
02/14/2025 00:00:58:INFO:Received: evaluate message 7ca5d76c-7ea0-4382-9f6c-9766f0aae2e5
[92mINFO [0m:      Sent reply
02/14/2025 00:05:16:INFO:Sent reply
[92mINFO [0m:      
02/14/2025 00:05:50:INFO:
[92mINFO [0m:      Received: train message 5411abf6-68d9-441b-a29c-ede39ba6043c
02/14/2025 00:05:50:INFO:Received: train message 5411abf6-68d9-441b-a29c-ede39ba6043c
/home/dgxuser16/anaconda3/envs/ihpc/lib/python3.8/site-packages/torch/nn/modules/module.py:1640: FutureWarning: Using a non-full backward hook when the forward contains multiple autograd Nodes is deprecated and will be removed in future versions. This hook will be missing some grad_input. Please use register_full_backward_hook to get the documented behavior.
  self._maybe_warn_non_full_backward_hook(args, result, grad_fn)
[92mINFO [0m:      Sent reply
02/14/2025 00:15:07:INFO:Sent reply
[92mINFO [0m:      
02/14/2025 00:29:09:INFO:
[92mINFO [0m:      Received: evaluate message f41ae834-2d02-471f-a198-7fce57fdad0d
02/14/2025 00:29:09:INFO:Received: evaluate message f41ae834-2d02-471f-a198-7fce57fdad0d
[92mINFO [0m:      Sent reply
02/14/2025 00:33:15:INFO:Sent reply
[92mINFO [0m:      
02/14/2025 00:33:41:INFO:
[92mINFO [0m:      Received: train message 09d41301-7903-48b1-a231-68b3a4bb1f8e
02/14/2025 00:33:41:INFO:Received: train message 09d41301-7903-48b1-a231-68b3a4bb1f8e
/home/dgxuser16/anaconda3/envs/ihpc/lib/python3.8/site-packages/torch/nn/modules/module.py:1640: FutureWarning: Using a non-full backward hook when the forward contains multiple autograd Nodes is deprecated and will be removed in future versions. This hook will be missing some grad_input. Please use register_full_backward_hook to get the documented behavior.
  self._maybe_warn_non_full_backward_hook(args, result, grad_fn)
[92mINFO [0m:      Sent reply
02/14/2025 00:42:14:INFO:Sent reply
[92mINFO [0m:      
02/14/2025 00:56:30:INFO:
[92mINFO [0m:      Received: evaluate message 80164189-8274-4d2f-bb12-53d61e817cff
02/14/2025 00:56:30:INFO:Received: evaluate message 80164189-8274-4d2f-bb12-53d61e817cff
[92mINFO [0m:      Sent reply
02/14/2025 01:00:31:INFO:Sent reply
[92mINFO [0m:      
02/14/2025 01:00:59:INFO:
[92mINFO [0m:      Received: train message f30b969e-4306-468a-a3e5-80a305dae5cf
02/14/2025 01:00:59:INFO:Received: train message f30b969e-4306-468a-a3e5-80a305dae5cf
/home/dgxuser16/anaconda3/envs/ihpc/lib/python3.8/site-packages/torch/nn/modules/module.py:1640: FutureWarning: Using a non-full backward hook when the forward contains multiple autograd Nodes is deprecated and will be removed in future versions. This hook will be missing some grad_input. Please use register_full_backward_hook to get the documented behavior.
  self._maybe_warn_non_full_backward_hook(args, result, grad_fn)
[92mINFO [0m:      Sent reply
02/14/2025 01:10:04:INFO:Sent reply
[92mINFO [0m:      
02/14/2025 01:22:49:INFO:
[92mINFO [0m:      Received: evaluate message fa9b5d31-eaba-44cd-b2b8-d0690181bcfa
02/14/2025 01:22:49:INFO:Received: evaluate message fa9b5d31-eaba-44cd-b2b8-d0690181bcfa

{'loss': [2.124394572938204, 2.0641077458738466, 2.0165915326922352, 1.9744221551544092, 1.9397750404924814, 1.9076347306904848, 1.8808524861145635, 1.8544668332732497, 1.830866746973521, 1.809119241447925, 1.7904623032480393, 1.7709920944535726, 1.751794022703382, 1.7357082609394794, 1.7220457755314262, 1.7072657145562788, 1.6935594891330383, 1.6798986406322454, 1.6671267861183066, 1.6546720050776431, 1.6430983537634773, 1.6310439171255282], 'accuracy': [0.2098268223922674, 0.21788159484494563, 0.22633910592025774, 0.23801852597664117, 0.24446234393878372, 0.2545308095046315, 0.26540475231574706, 0.27547321788159485, 0.2815142972211035, 0.29480467176802255, 0.31292790978654855, 0.3306484091824406, 0.34836890857833264, 0.36407571486105517, 0.3834071687474829, 0.3983084977849376, 0.4176399516713653, 0.42529198550140956, 0.4333467579540878, 0.4397905759162304, 0.45348368908578335, 0.4635521546516311], 'auc': [0.5064569207693919, 0.5258592801090048, 0.5408739983872928, 0.5561983503551523, 0.5677103120094666, 0.5776198406565506, 0.5871561489672319, 0.5955115667866739, 0.6029958824890087, 0.6105764638130651, 0.616808593498698, 0.6227649626469502, 0.6279437379107298, 0.632384476109727, 0.6364358291860539, 0.640341937369816, 0.6440859986156042, 0.6480662703387594, 0.652513859897143, 0.6555595328915093, 0.6586051670142756, 0.6616626813179611]}

Epsilon = 10.18

{'loss': [2.124394572938204, 2.0641077458738466, 2.0165915326922352, 1.9744221551544092, 1.9397750404924814, 1.9076347306904848, 1.8808524861145635, 1.8544668332732497, 1.830866746973521, 1.809119241447925, 1.7904623032480393, 1.7709920944535726, 1.751794022703382, 1.7357082609394794, 1.7220457755314262, 1.7072657145562788, 1.6935594891330383, 1.6798986406322454, 1.6671267861183066, 1.6546720050776431, 1.6430983537634773, 1.6310439171255282, 1.61990282903311], 'accuracy': [0.2098268223922674, 0.21788159484494563, 0.22633910592025774, 0.23801852597664117, 0.24446234393878372, 0.2545308095046315, 0.26540475231574706, 0.27547321788159485, 0.2815142972211035, 0.29480467176802255, 0.31292790978654855, 0.3306484091824406, 0.34836890857833264, 0.36407571486105517, 0.3834071687474829, 0.3983084977849376, 0.4176399516713653, 0.42529198550140956, 0.4333467579540878, 0.4397905759162304, 0.45348368908578335, 0.4635521546516311, 0.47482883608538057], 'auc': [0.5064569207693919, 0.5258592801090048, 0.5408739983872928, 0.5561983503551523, 0.5677103120094666, 0.5776198406565506, 0.5871561489672319, 0.5955115667866739, 0.6029958824890087, 0.6105764638130651, 0.616808593498698, 0.6227649626469502, 0.6279437379107298, 0.632384476109727, 0.6364358291860539, 0.640341937369816, 0.6440859986156042, 0.6480662703387594, 0.652513859897143, 0.6555595328915093, 0.6586051670142756, 0.6616626813179611, 0.6644618214013402]}

Epsilon = 10.43

{'loss': [2.124394572938204, 2.0641077458738466, 2.0165915326922352, 1.9744221551544092, 1.9397750404924814, 1.9076347306904848, 1.8808524861145635, 1.8544668332732497, 1.830866746973521, 1.809119241447925, 1.7904623032480393, 1.7709920944535726, 1.751794022703382, 1.7357082609394794, 1.7220457755314262, 1.7072657145562788, 1.6935594891330383, 1.6798986406322454, 1.6671267861183066, 1.6546720050776431, 1.6430983537634773, 1.6310439171255282, 1.61990282903311, 1.609609635040446], 'accuracy': [0.2098268223922674, 0.21788159484494563, 0.22633910592025774, 0.23801852597664117, 0.24446234393878372, 0.2545308095046315, 0.26540475231574706, 0.27547321788159485, 0.2815142972211035, 0.29480467176802255, 0.31292790978654855, 0.3306484091824406, 0.34836890857833264, 0.36407571486105517, 0.3834071687474829, 0.3983084977849376, 0.4176399516713653, 0.42529198550140956, 0.4333467579540878, 0.4397905759162304, 0.45348368908578335, 0.4635521546516311, 0.47482883608538057, 0.48570277889649616], 'auc': [0.5064569207693919, 0.5258592801090048, 0.5408739983872928, 0.5561983503551523, 0.5677103120094666, 0.5776198406565506, 0.5871561489672319, 0.5955115667866739, 0.6029958824890087, 0.6105764638130651, 0.616808593498698, 0.6227649626469502, 0.6279437379107298, 0.632384476109727, 0.6364358291860539, 0.640341937369816, 0.6440859986156042, 0.6480662703387594, 0.652513859897143, 0.6555595328915093, 0.6586051670142756, 0.6616626813179611, 0.6644618214013402, 0.6671059736371913]}

Epsilon = 10.67

{'loss': [2.124394572938204, 2.0641077458738466, 2.0165915326922352, 1.9744221551544092, 1.9397750404924814, 1.9076347306904848, 1.8808524861145635, 1.8544668332732497, 1.830866746973521, 1.809119241447925, 1.7904623032480393, 1.7709920944535726, 1.751794022703382, 1.7357082609394794, 1.7220457755314262, 1.7072657145562788, 1.6935594891330383, 1.6798986406322454, 1.6671267861183066, 1.6546720050776431, 1.6430983537634773, 1.6310439171255282, 1.61990282903311, 1.609609635040446, 1.5998760175186446], 'accuracy': [0.2098268223922674, 0.21788159484494563, 0.22633910592025774, 0.23801852597664117, 0.24446234393878372, 0.2545308095046315, 0.26540475231574706, 0.27547321788159485, 0.2815142972211035, 0.29480467176802255, 0.31292790978654855, 0.3306484091824406, 0.34836890857833264, 0.36407571486105517, 0.3834071687474829, 0.3983084977849376, 0.4176399516713653, 0.42529198550140956, 0.4333467579540878, 0.4397905759162304, 0.45348368908578335, 0.4635521546516311, 0.47482883608538057, 0.48570277889649616, 0.490938380990737], 'auc': [0.5064569207693919, 0.5258592801090048, 0.5408739983872928, 0.5561983503551523, 0.5677103120094666, 0.5776198406565506, 0.5871561489672319, 0.5955115667866739, 0.6029958824890087, 0.6105764638130651, 0.616808593498698, 0.6227649626469502, 0.6279437379107298, 0.632384476109727, 0.6364358291860539, 0.640341937369816, 0.6440859986156042, 0.6480662703387594, 0.652513859897143, 0.6555595328915093, 0.6586051670142756, 0.6616626813179611, 0.6644618214013402, 0.6671059736371913, 0.6695136998903295]}

Epsilon = 10.91

{'loss': [2.124394572938204, 2.0641077458738466, 2.0165915326922352, 1.9744221551544092, 1.9397750404924814, 1.9076347306904848, 1.8808524861145635, 1.8544668332732497, 1.830866746973521, 1.809119241447925, 1.7904623032480393, 1.7709920944535726, 1.751794022703382, 1.7357082609394794, 1.7220457755314262, 1.7072657145562788, 1.6935594891330383, 1.6798986406322454, 1.6671267861183066, 1.6546720050776431, 1.6430983537634773, 1.6310439171255282, 1.61990282903311, 1.609609635040446, 1.5998760175186446, 1.5901881877424444], 'accuracy': [0.2098268223922674, 0.21788159484494563, 0.22633910592025774, 0.23801852597664117, 0.24446234393878372, 0.2545308095046315, 0.26540475231574706, 0.27547321788159485, 0.2815142972211035, 0.29480467176802255, 0.31292790978654855, 0.3306484091824406, 0.34836890857833264, 0.36407571486105517, 0.3834071687474829, 0.3983084977849376, 0.4176399516713653, 0.42529198550140956, 0.4333467579540878, 0.4397905759162304, 0.45348368908578335, 0.4635521546516311, 0.47482883608538057, 0.48570277889649616, 0.490938380990737, 0.49697946033024565], 'auc': [0.5064569207693919, 0.5258592801090048, 0.5408739983872928, 0.5561983503551523, 0.5677103120094666, 0.5776198406565506, 0.5871561489672319, 0.5955115667866739, 0.6029958824890087, 0.6105764638130651, 0.616808593498698, 0.6227649626469502, 0.6279437379107298, 0.632384476109727, 0.6364358291860539, 0.640341937369816, 0.6440859986156042, 0.6480662703387594, 0.652513859897143, 0.6555595328915093, 0.6586051670142756, 0.6616626813179611, 0.6644618214013402, 0.6671059736371913, 0.6695136998903295, 0.6721662071515748]}

Epsilon = 11.15
[92mINFO [0m:      Sent reply
02/14/2025 01:26:50:INFO:Sent reply
[92mINFO [0m:      
02/14/2025 01:27:22:INFO:
[92mINFO [0m:      Received: train message 68da5f61-3623-482a-a1c1-48cf3b4331e8
02/14/2025 01:27:22:INFO:Received: train message 68da5f61-3623-482a-a1c1-48cf3b4331e8
/home/dgxuser16/anaconda3/envs/ihpc/lib/python3.8/site-packages/torch/nn/modules/module.py:1640: FutureWarning: Using a non-full backward hook when the forward contains multiple autograd Nodes is deprecated and will be removed in future versions. This hook will be missing some grad_input. Please use register_full_backward_hook to get the documented behavior.
  self._maybe_warn_non_full_backward_hook(args, result, grad_fn)
[92mINFO [0m:      Sent reply
02/14/2025 01:36:04:INFO:Sent reply
[92mINFO [0m:      
02/14/2025 01:49:04:INFO:
[92mINFO [0m:      Received: evaluate message 18163b28-c66b-4dbf-a666-83b1bbe3cff1
02/14/2025 01:49:04:INFO:Received: evaluate message 18163b28-c66b-4dbf-a666-83b1bbe3cff1
[92mINFO [0m:      Sent reply
02/14/2025 01:53:00:INFO:Sent reply
[92mINFO [0m:      
02/14/2025 01:53:23:INFO:
[92mINFO [0m:      Received: train message e133224a-8389-47f8-bc33-25c48872fb95
02/14/2025 01:53:23:INFO:Received: train message e133224a-8389-47f8-bc33-25c48872fb95
/home/dgxuser16/anaconda3/envs/ihpc/lib/python3.8/site-packages/torch/nn/modules/module.py:1640: FutureWarning: Using a non-full backward hook when the forward contains multiple autograd Nodes is deprecated and will be removed in future versions. This hook will be missing some grad_input. Please use register_full_backward_hook to get the documented behavior.
  self._maybe_warn_non_full_backward_hook(args, result, grad_fn)
[92mINFO [0m:      Sent reply
02/14/2025 02:02:08:INFO:Sent reply
[92mINFO [0m:      
02/14/2025 02:15:03:INFO:
[92mINFO [0m:      Received: evaluate message 3c48f575-cb32-432a-aae2-b90b9d3c79ae
02/14/2025 02:15:03:INFO:Received: evaluate message 3c48f575-cb32-432a-aae2-b90b9d3c79ae
[92mINFO [0m:      Sent reply
02/14/2025 02:18:09:INFO:Sent reply
[92mINFO [0m:      
02/14/2025 02:19:34:INFO:
[92mINFO [0m:      Received: train message 9061b4c4-f04c-4125-a986-3bb800d41d08
02/14/2025 02:19:34:INFO:Received: train message 9061b4c4-f04c-4125-a986-3bb800d41d08
/home/dgxuser16/anaconda3/envs/ihpc/lib/python3.8/site-packages/torch/nn/modules/module.py:1640: FutureWarning: Using a non-full backward hook when the forward contains multiple autograd Nodes is deprecated and will be removed in future versions. This hook will be missing some grad_input. Please use register_full_backward_hook to get the documented behavior.
  self._maybe_warn_non_full_backward_hook(args, result, grad_fn)
[92mINFO [0m:      Sent reply
02/14/2025 02:27:51:INFO:Sent reply
[92mINFO [0m:      
02/14/2025 02:41:35:INFO:
[92mINFO [0m:      Received: evaluate message dd3b39cc-a1a3-4059-bb45-c63e802643c0
02/14/2025 02:41:35:INFO:Received: evaluate message dd3b39cc-a1a3-4059-bb45-c63e802643c0
[92mINFO [0m:      Sent reply
02/14/2025 02:45:34:INFO:Sent reply
[92mINFO [0m:      
02/14/2025 02:45:44:INFO:
[92mINFO [0m:      Received: reconnect message 35b73945-ced3-4e89-91c1-92e0977d149e
02/14/2025 02:45:44:INFO:Received: reconnect message 35b73945-ced3-4e89-91c1-92e0977d149e
02/14/2025 02:45:44:DEBUG:gRPC channel closed
[92mINFO [0m:      Disconnect and shut down
02/14/2025 02:45:44:INFO:Disconnect and shut down

{'loss': [2.124394572938204, 2.0641077458738466, 2.0165915326922352, 1.9744221551544092, 1.9397750404924814, 1.9076347306904848, 1.8808524861145635, 1.8544668332732497, 1.830866746973521, 1.809119241447925, 1.7904623032480393, 1.7709920944535726, 1.751794022703382, 1.7357082609394794, 1.7220457755314262, 1.7072657145562788, 1.6935594891330383, 1.6798986406322454, 1.6671267861183066, 1.6546720050776431, 1.6430983537634773, 1.6310439171255282, 1.61990282903311, 1.609609635040446, 1.5998760175186446, 1.5901881877424444, 1.5821221652071273], 'accuracy': [0.2098268223922674, 0.21788159484494563, 0.22633910592025774, 0.23801852597664117, 0.24446234393878372, 0.2545308095046315, 0.26540475231574706, 0.27547321788159485, 0.2815142972211035, 0.29480467176802255, 0.31292790978654855, 0.3306484091824406, 0.34836890857833264, 0.36407571486105517, 0.3834071687474829, 0.3983084977849376, 0.4176399516713653, 0.42529198550140956, 0.4333467579540878, 0.4397905759162304, 0.45348368908578335, 0.4635521546516311, 0.47482883608538057, 0.48570277889649616, 0.490938380990737, 0.49697946033024565, 0.5022150624244865], 'auc': [0.5064569207693919, 0.5258592801090048, 0.5408739983872928, 0.5561983503551523, 0.5677103120094666, 0.5776198406565506, 0.5871561489672319, 0.5955115667866739, 0.6029958824890087, 0.6105764638130651, 0.616808593498698, 0.6227649626469502, 0.6279437379107298, 0.632384476109727, 0.6364358291860539, 0.640341937369816, 0.6440859986156042, 0.6480662703387594, 0.652513859897143, 0.6555595328915093, 0.6586051670142756, 0.6616626813179611, 0.6644618214013402, 0.6671059736371913, 0.6695136998903295, 0.6721662071515748, 0.6742107248031899]}

Epsilon = 11.39

{'loss': [2.124394572938204, 2.0641077458738466, 2.0165915326922352, 1.9744221551544092, 1.9397750404924814, 1.9076347306904848, 1.8808524861145635, 1.8544668332732497, 1.830866746973521, 1.809119241447925, 1.7904623032480393, 1.7709920944535726, 1.751794022703382, 1.7357082609394794, 1.7220457755314262, 1.7072657145562788, 1.6935594891330383, 1.6798986406322454, 1.6671267861183066, 1.6546720050776431, 1.6430983537634773, 1.6310439171255282, 1.61990282903311, 1.609609635040446, 1.5998760175186446, 1.5901881877424444, 1.5821221652071273, 1.5738696956461684], 'accuracy': [0.2098268223922674, 0.21788159484494563, 0.22633910592025774, 0.23801852597664117, 0.24446234393878372, 0.2545308095046315, 0.26540475231574706, 0.27547321788159485, 0.2815142972211035, 0.29480467176802255, 0.31292790978654855, 0.3306484091824406, 0.34836890857833264, 0.36407571486105517, 0.3834071687474829, 0.3983084977849376, 0.4176399516713653, 0.42529198550140956, 0.4333467579540878, 0.4397905759162304, 0.45348368908578335, 0.4635521546516311, 0.47482883608538057, 0.48570277889649616, 0.490938380990737, 0.49697946033024565, 0.5022150624244865, 0.5050342327829239], 'auc': [0.5064569207693919, 0.5258592801090048, 0.5408739983872928, 0.5561983503551523, 0.5677103120094666, 0.5776198406565506, 0.5871561489672319, 0.5955115667866739, 0.6029958824890087, 0.6105764638130651, 0.616808593498698, 0.6227649626469502, 0.6279437379107298, 0.632384476109727, 0.6364358291860539, 0.640341937369816, 0.6440859986156042, 0.6480662703387594, 0.652513859897143, 0.6555595328915093, 0.6586051670142756, 0.6616626813179611, 0.6644618214013402, 0.6671059736371913, 0.6695136998903295, 0.6721662071515748, 0.6742107248031899, 0.6762473384214747]}

Epsilon = 11.62

{'loss': [2.124394572938204, 2.0641077458738466, 2.0165915326922352, 1.9744221551544092, 1.9397750404924814, 1.9076347306904848, 1.8808524861145635, 1.8544668332732497, 1.830866746973521, 1.809119241447925, 1.7904623032480393, 1.7709920944535726, 1.751794022703382, 1.7357082609394794, 1.7220457755314262, 1.7072657145562788, 1.6935594891330383, 1.6798986406322454, 1.6671267861183066, 1.6546720050776431, 1.6430983537634773, 1.6310439171255282, 1.61990282903311, 1.609609635040446, 1.5998760175186446, 1.5901881877424444, 1.5821221652071273, 1.5738696956461684, 1.5656551271977082], 'accuracy': [0.2098268223922674, 0.21788159484494563, 0.22633910592025774, 0.23801852597664117, 0.24446234393878372, 0.2545308095046315, 0.26540475231574706, 0.27547321788159485, 0.2815142972211035, 0.29480467176802255, 0.31292790978654855, 0.3306484091824406, 0.34836890857833264, 0.36407571486105517, 0.3834071687474829, 0.3983084977849376, 0.4176399516713653, 0.42529198550140956, 0.4333467579540878, 0.4397905759162304, 0.45348368908578335, 0.4635521546516311, 0.47482883608538057, 0.48570277889649616, 0.490938380990737, 0.49697946033024565, 0.5022150624244865, 0.5050342327829239, 0.5138944824808699], 'auc': [0.5064569207693919, 0.5258592801090048, 0.5408739983872928, 0.5561983503551523, 0.5677103120094666, 0.5776198406565506, 0.5871561489672319, 0.5955115667866739, 0.6029958824890087, 0.6105764638130651, 0.616808593498698, 0.6227649626469502, 0.6279437379107298, 0.632384476109727, 0.6364358291860539, 0.640341937369816, 0.6440859986156042, 0.6480662703387594, 0.652513859897143, 0.6555595328915093, 0.6586051670142756, 0.6616626813179611, 0.6644618214013402, 0.6671059736371913, 0.6695136998903295, 0.6721662071515748, 0.6742107248031899, 0.6762473384214747, 0.6783631695350596]}

Epsilon = 11.85

{'loss': [2.124394572938204, 2.0641077458738466, 2.0165915326922352, 1.9744221551544092, 1.9397750404924814, 1.9076347306904848, 1.8808524861145635, 1.8544668332732497, 1.830866746973521, 1.809119241447925, 1.7904623032480393, 1.7709920944535726, 1.751794022703382, 1.7357082609394794, 1.7220457755314262, 1.7072657145562788, 1.6935594891330383, 1.6798986406322454, 1.6671267861183066, 1.6546720050776431, 1.6430983537634773, 1.6310439171255282, 1.61990282903311, 1.609609635040446, 1.5998760175186446, 1.5901881877424444, 1.5821221652071273, 1.5738696956461684, 1.5656551271977082, 1.5575161829044681], 'accuracy': [0.2098268223922674, 0.21788159484494563, 0.22633910592025774, 0.23801852597664117, 0.24446234393878372, 0.2545308095046315, 0.26540475231574706, 0.27547321788159485, 0.2815142972211035, 0.29480467176802255, 0.31292790978654855, 0.3306484091824406, 0.34836890857833264, 0.36407571486105517, 0.3834071687474829, 0.3983084977849376, 0.4176399516713653, 0.42529198550140956, 0.4333467579540878, 0.4397905759162304, 0.45348368908578335, 0.4635521546516311, 0.47482883608538057, 0.48570277889649616, 0.490938380990737, 0.49697946033024565, 0.5022150624244865, 0.5050342327829239, 0.5138944824808699, 0.5171163914619412], 'auc': [0.5064569207693919, 0.5258592801090048, 0.5408739983872928, 0.5561983503551523, 0.5677103120094666, 0.5776198406565506, 0.5871561489672319, 0.5955115667866739, 0.6029958824890087, 0.6105764638130651, 0.616808593498698, 0.6227649626469502, 0.6279437379107298, 0.632384476109727, 0.6364358291860539, 0.640341937369816, 0.6440859986156042, 0.6480662703387594, 0.652513859897143, 0.6555595328915093, 0.6586051670142756, 0.6616626813179611, 0.6644618214013402, 0.6671059736371913, 0.6695136998903295, 0.6721662071515748, 0.6742107248031899, 0.6762473384214747, 0.6783631695350596, 0.6806237871874279]}



{'loss': [2.124394572938204, 2.0641077458738466, 2.0165915326922352, 1.9744221551544092, 1.9397750404924814, 1.9076347306904848, 1.8808524861145635, 1.8544668332732497, 1.830866746973521, 1.809119241447925, 1.7904623032480393, 1.7709920944535726, 1.751794022703382, 1.7357082609394794, 1.7220457755314262, 1.7072657145562788, 1.6935594891330383, 1.6798986406322454, 1.6671267861183066, 1.6546720050776431, 1.6430983537634773, 1.6310439171255282, 1.61990282903311, 1.609609635040446, 1.5998760175186446, 1.5901881877424444, 1.5821221652071273, 1.5738696956461684, 1.5656551271977082, 1.5575161829044681], 'accuracy': [0.2098268223922674, 0.21788159484494563, 0.22633910592025774, 0.23801852597664117, 0.24446234393878372, 0.2545308095046315, 0.26540475231574706, 0.27547321788159485, 0.2815142972211035, 0.29480467176802255, 0.31292790978654855, 0.3306484091824406, 0.34836890857833264, 0.36407571486105517, 0.3834071687474829, 0.3983084977849376, 0.4176399516713653, 0.42529198550140956, 0.4333467579540878, 0.4397905759162304, 0.45348368908578335, 0.4635521546516311, 0.47482883608538057, 0.48570277889649616, 0.490938380990737, 0.49697946033024565, 0.5022150624244865, 0.5050342327829239, 0.5138944824808699, 0.5171163914619412], 'auc': [0.5064569207693919, 0.5258592801090048, 0.5408739983872928, 0.5561983503551523, 0.5677103120094666, 0.5776198406565506, 0.5871561489672319, 0.5955115667866739, 0.6029958824890087, 0.6105764638130651, 0.616808593498698, 0.6227649626469502, 0.6279437379107298, 0.632384476109727, 0.6364358291860539, 0.640341937369816, 0.6440859986156042, 0.6480662703387594, 0.652513859897143, 0.6555595328915093, 0.6586051670142756, 0.6616626813179611, 0.6644618214013402, 0.6671059736371913, 0.6695136998903295, 0.6721662071515748, 0.6742107248031899, 0.6762473384214747, 0.6783631695350596, 0.6806237871874279]}
