nohup: ignoring input
/home/dgxuser16/anaconda3/envs/ihpc/lib/python3.8/site-packages/albumentations/__init__.py:13: UserWarning: A new version of Albumentations is available: 2.0.4 (you have 1.4.18). Upgrade using: pip install -U albumentations. To disable automatic update checks, set the environment variable NO_ALBUMENTATIONS_UPDATE to 1.
  check_for_updates()
/raid/home/dgxuser16/NTL/mccarthy/ahmad/github/adaptive_privacy_fl/isic/adagrad/fixed_noise/0.84, e=10/flamby/datasets/fed_isic2019/dataset.py:222: DeprecationWarning: Flip is deprecated. Consider using HorizontalFlip, VerticalFlip, RandomRotate90 or D4.
  albumentations.Flip(p=0.5),
/home/dgxuser16/anaconda3/envs/ihpc/lib/python3.8/site-packages/pydantic/main.py:214: DeprecationWarning: `max_holes` is deprecated. Use num_holes_range instead.
  validated_self = self.__pydantic_validator__.validate_python(data, self_instance=self)
/home/dgxuser16/anaconda3/envs/ihpc/lib/python3.8/site-packages/pydantic/main.py:214: DeprecationWarning: `max_height` is deprecated. Use hole_height_range instead.
  validated_self = self.__pydantic_validator__.validate_python(data, self_instance=self)
/home/dgxuser16/anaconda3/envs/ihpc/lib/python3.8/site-packages/pydantic/main.py:214: DeprecationWarning: `max_width` is deprecated. Use hole_width_range instead.
  validated_self = self.__pydantic_validator__.validate_python(data, self_instance=self)
/home/dgxuser16/anaconda3/envs/ihpc/lib/python3.8/site-packages/albumentations/core/validation.py:45: DeprecationWarning: always_apply is deprecated. Use `p=1` if you want to always apply the transform. self.p will be set to 1.
  original_init(self, **validated_kwargs)
/home/dgxuser16/anaconda3/envs/ihpc/lib/python3.8/site-packages/albumentations/core/validation.py:45: DeprecationWarning: always_apply is deprecated. Use `p=1` if you want to always apply the transform. self.p will be set to 1.
  original_init(self, **validated_kwargs)
/home/dgxuser16/anaconda3/envs/ihpc/lib/python3.8/site-packages/opacus/privacy_engine.py:95: UserWarning: Secure RNG turned off. This is perfectly fine for experimentation as it allows for much faster training performance, but remember to turn it on and retrain one last time before production with ``secure_mode`` turned on.
  warnings.warn(
02/13/2025 10:59:04:DEBUG:Opened insecure gRPC connection (no certificates were passed)
02/13/2025 10:59:04:DEBUG:ChannelConnectivity.IDLE
02/13/2025 10:59:04:DEBUG:ChannelConnectivity.READY
WARNING: All log messages before absl::InitializeLog() is called are written to STDERR
I0000 00:00:1739473145.017917 4095698 fork_posix.cc:75] Other threads are currently calling into gRPC, skipping fork() handlers
[92mINFO [0m:      
02/13/2025 10:59:19:INFO:
[92mINFO [0m:      Received: train message c2d8824c-0c00-442e-99a8-10c455f37209
02/13/2025 10:59:19:INFO:Received: train message c2d8824c-0c00-442e-99a8-10c455f37209
/home/dgxuser16/anaconda3/envs/ihpc/lib/python3.8/site-packages/torch/nn/modules/module.py:1640: FutureWarning: Using a non-full backward hook when the forward contains multiple autograd Nodes is deprecated and will be removed in future versions. This hook will be missing some grad_input. Please use register_full_backward_hook to get the documented behavior.
  self._maybe_warn_non_full_backward_hook(args, result, grad_fn)
[92mINFO [0m:      Sent reply
02/13/2025 11:25:42:INFO:Sent reply
[92mINFO [0m:      
02/13/2025 11:26:24:INFO:
[92mINFO [0m:      Received: evaluate message 72de8f26-d83c-4c55-b509-60b5c19c247c
02/13/2025 11:26:24:INFO:Received: evaluate message 72de8f26-d83c-4c55-b509-60b5c19c247c
[92mINFO [0m:      Sent reply
02/13/2025 11:30:23:INFO:Sent reply
[92mINFO [0m:      
02/13/2025 11:31:06:INFO:
[92mINFO [0m:      Received: train message 3515ad9c-e411-4e11-b6ea-a8b30d5bc3a0
02/13/2025 11:31:06:INFO:Received: train message 3515ad9c-e411-4e11-b6ea-a8b30d5bc3a0
/home/dgxuser16/anaconda3/envs/ihpc/lib/python3.8/site-packages/torch/nn/modules/module.py:1640: FutureWarning: Using a non-full backward hook when the forward contains multiple autograd Nodes is deprecated and will be removed in future versions. This hook will be missing some grad_input. Please use register_full_backward_hook to get the documented behavior.
  self._maybe_warn_non_full_backward_hook(args, result, grad_fn)
[92mINFO [0m:      Sent reply
02/13/2025 11:56:57:INFO:Sent reply
[92mINFO [0m:      
02/13/2025 11:57:27:INFO:
[92mINFO [0m:      Received: evaluate message bc3f77a3-9fda-4ea5-bd90-19785b225c65
02/13/2025 11:57:27:INFO:Received: evaluate message bc3f77a3-9fda-4ea5-bd90-19785b225c65
[92mINFO [0m:      Sent reply
02/13/2025 12:00:58:INFO:Sent reply
[92mINFO [0m:      
02/13/2025 12:02:26:INFO:
[92mINFO [0m:      Received: train message 919fe307-c425-45e6-be67-58015616b20a
02/13/2025 12:02:26:INFO:Received: train message 919fe307-c425-45e6-be67-58015616b20a
/home/dgxuser16/anaconda3/envs/ihpc/lib/python3.8/site-packages/torch/nn/modules/module.py:1640: FutureWarning: Using a non-full backward hook when the forward contains multiple autograd Nodes is deprecated and will be removed in future versions. This hook will be missing some grad_input. Please use register_full_backward_hook to get the documented behavior.
  self._maybe_warn_non_full_backward_hook(args, result, grad_fn)
[92mINFO [0m:      Sent reply
02/13/2025 12:28:11:INFO:Sent reply
[92mINFO [0m:      
02/13/2025 12:28:54:INFO:
[92mINFO [0m:      Received: evaluate message a7c1d919-b071-4318-a43b-03b85035409a
02/13/2025 12:28:54:INFO:Received: evaluate message a7c1d919-b071-4318-a43b-03b85035409a
[92mINFO [0m:      Sent reply
02/13/2025 12:32:51:INFO:Sent reply
[92mINFO [0m:      
02/13/2025 12:33:29:INFO:
[92mINFO [0m:      Received: train message 03305a51-75e5-4151-b002-098cdc054ff2
02/13/2025 12:33:29:INFO:Received: train message 03305a51-75e5-4151-b002-098cdc054ff2
/home/dgxuser16/anaconda3/envs/ihpc/lib/python3.8/site-packages/torch/nn/modules/module.py:1640: FutureWarning: Using a non-full backward hook when the forward contains multiple autograd Nodes is deprecated and will be removed in future versions. This hook will be missing some grad_input. Please use register_full_backward_hook to get the documented behavior.
  self._maybe_warn_non_full_backward_hook(args, result, grad_fn)
[92mINFO [0m:      Sent reply
02/13/2025 12:59:34:INFO:Sent reply
[92mINFO [0m:      
02/13/2025 13:00:16:INFO:
[92mINFO [0m:      Received: evaluate message 50550538-e4a8-4241-bcf1-2e80b1e79814
02/13/2025 13:00:16:INFO:Received: evaluate message 50550538-e4a8-4241-bcf1-2e80b1e79814
[92mINFO [0m:      Sent reply
02/13/2025 13:04:00:INFO:Sent reply
[92mINFO [0m:      
02/13/2025 13:04:57:INFO:
[92mINFO [0m:      Received: train message 3c48a747-5ee7-4158-84b0-e0833e733896
02/13/2025 13:04:57:INFO:Received: train message 3c48a747-5ee7-4158-84b0-e0833e733896
/home/dgxuser16/anaconda3/envs/ihpc/lib/python3.8/site-packages/torch/nn/modules/module.py:1640: FutureWarning: Using a non-full backward hook when the forward contains multiple autograd Nodes is deprecated and will be removed in future versions. This hook will be missing some grad_input. Please use register_full_backward_hook to get the documented behavior.
  self._maybe_warn_non_full_backward_hook(args, result, grad_fn)
[92mINFO [0m:      Sent reply
02/13/2025 13:30:04:INFO:Sent reply
[92mINFO [0m:      
02/13/2025 13:30:50:INFO:
[92mINFO [0m:      Received: evaluate message 4e1e965d-c3ff-4837-b155-92fb02d20c97
02/13/2025 13:30:50:INFO:Received: evaluate message 4e1e965d-c3ff-4837-b155-92fb02d20c97
[92mINFO [0m:      Sent reply
02/13/2025 13:34:48:INFO:Sent reply
[92mINFO [0m:      
02/13/2025 13:35:46:INFO:
[92mINFO [0m:      Received: train message 11c634c4-1429-4a18-82fc-4fe8c778e757
02/13/2025 13:35:46:INFO:Received: train message 11c634c4-1429-4a18-82fc-4fe8c778e757
/home/dgxuser16/anaconda3/envs/ihpc/lib/python3.8/site-packages/torch/nn/modules/module.py:1640: FutureWarning: Using a non-full backward hook when the forward contains multiple autograd Nodes is deprecated and will be removed in future versions. This hook will be missing some grad_input. Please use register_full_backward_hook to get the documented behavior.
  self._maybe_warn_non_full_backward_hook(args, result, grad_fn)
[92mINFO [0m:      Sent reply
02/13/2025 14:01:00:INFO:Sent reply
[92mINFO [0m:      
02/13/2025 14:01:20:INFO:
[92mINFO [0m:      Received: evaluate message a9326327-339f-4743-a87f-dccc86e7fb3b
02/13/2025 14:01:20:INFO:Received: evaluate message a9326327-339f-4743-a87f-dccc86e7fb3b
[92mINFO [0m:      Sent reply
02/13/2025 14:05:27:INFO:Sent reply
[92mINFO [0m:      
02/13/2025 14:06:46:INFO:
[92mINFO [0m:      Received: train message 27f22989-f037-48b4-aaf2-8fc72a3cd944
02/13/2025 14:06:46:INFO:Received: train message 27f22989-f037-48b4-aaf2-8fc72a3cd944
/home/dgxuser16/anaconda3/envs/ihpc/lib/python3.8/site-packages/torch/nn/modules/module.py:1640: FutureWarning: Using a non-full backward hook when the forward contains multiple autograd Nodes is deprecated and will be removed in future versions. This hook will be missing some grad_input. Please use register_full_backward_hook to get the documented behavior.
  self._maybe_warn_non_full_backward_hook(args, result, grad_fn)
[92mINFO [0m:      Sent reply
02/13/2025 14:34:14:INFO:Sent reply
[92mINFO [0m:      
02/13/2025 14:34:45:INFO:
[92mINFO [0m:      Received: evaluate message b5390d2c-f270-4dd0-8ff5-deed46f23cbf
02/13/2025 14:34:45:INFO:Received: evaluate message b5390d2c-f270-4dd0-8ff5-deed46f23cbf
[92mINFO [0m:      Sent reply
02/13/2025 14:39:00:INFO:Sent reply
[92mINFO [0m:      
02/13/2025 14:39:34:INFO:
[92mINFO [0m:      Received: train message 899e558c-874d-406c-9f9c-cef5029ca76e
02/13/2025 14:39:34:INFO:Received: train message 899e558c-874d-406c-9f9c-cef5029ca76e
/home/dgxuser16/anaconda3/envs/ihpc/lib/python3.8/site-packages/torch/nn/modules/module.py:1640: FutureWarning: Using a non-full backward hook when the forward contains multiple autograd Nodes is deprecated and will be removed in future versions. This hook will be missing some grad_input. Please use register_full_backward_hook to get the documented behavior.
  self._maybe_warn_non_full_backward_hook(args, result, grad_fn)
[92mINFO [0m:      Sent reply
02/13/2025 15:06:48:INFO:Sent reply
[92mINFO [0m:      
02/13/2025 15:07:22:INFO:
[92mINFO [0m:      Received: evaluate message 3476ff5b-c892-4672-839f-e021d52871cd
02/13/2025 15:07:22:INFO:Received: evaluate message 3476ff5b-c892-4672-839f-e021d52871cd
[92mINFO [0m:      Sent reply
02/13/2025 15:11:53:INFO:Sent reply
[92mINFO [0m:      
02/13/2025 15:12:29:INFO:
[92mINFO [0m:      Received: train message c16a6dce-35f3-466a-a292-044feb08a3e6
02/13/2025 15:12:29:INFO:Received: train message c16a6dce-35f3-466a-a292-044feb08a3e6
/home/dgxuser16/anaconda3/envs/ihpc/lib/python3.8/site-packages/torch/nn/modules/module.py:1640: FutureWarning: Using a non-full backward hook when the forward contains multiple autograd Nodes is deprecated and will be removed in future versions. This hook will be missing some grad_input. Please use register_full_backward_hook to get the documented behavior.
  self._maybe_warn_non_full_backward_hook(args, result, grad_fn)
[92mINFO [0m:      Sent reply
02/13/2025 15:39:42:INFO:Sent reply
[92mINFO [0m:      
02/13/2025 15:40:12:INFO:
[92mINFO [0m:      Received: evaluate message 1e9a6498-fe5f-4389-810a-48927308dd40
02/13/2025 15:40:12:INFO:Received: evaluate message 1e9a6498-fe5f-4389-810a-48927308dd40
[92mINFO [0m:      Sent reply
02/13/2025 15:44:24:INFO:Sent reply
[92mINFO [0m:      
02/13/2025 15:45:10:INFO:
[92mINFO [0m:      Received: train message 75cdf22a-da22-4d8e-9220-93835924e6f8
02/13/2025 15:45:10:INFO:Received: train message 75cdf22a-da22-4d8e-9220-93835924e6f8
/home/dgxuser16/anaconda3/envs/ihpc/lib/python3.8/site-packages/torch/nn/modules/module.py:1640: FutureWarning: Using a non-full backward hook when the forward contains multiple autograd Nodes is deprecated and will be removed in future versions. This hook will be missing some grad_input. Please use register_full_backward_hook to get the documented behavior.
  self._maybe_warn_non_full_backward_hook(args, result, grad_fn)
[92mINFO [0m:      Sent reply
02/13/2025 16:12:43:INFO:Sent reply
[92mINFO [0m:      
02/13/2025 16:13:23:INFO:
[92mINFO [0m:      Received: evaluate message ba1757df-4bf9-4a9b-bc2b-fece09ba9719
02/13/2025 16:13:23:INFO:Received: evaluate message ba1757df-4bf9-4a9b-bc2b-fece09ba9719
[92mINFO [0m:      Sent reply
02/13/2025 16:17:35:INFO:Sent reply
[92mINFO [0m:      
02/13/2025 16:17:56:INFO:
[92mINFO [0m:      Received: train message 7b2176b4-acf3-4991-ae3c-b485838648ff
02/13/2025 16:17:56:INFO:Received: train message 7b2176b4-acf3-4991-ae3c-b485838648ff
/home/dgxuser16/anaconda3/envs/ihpc/lib/python3.8/site-packages/torch/nn/modules/module.py:1640: FutureWarning: Using a non-full backward hook when the forward contains multiple autograd Nodes is deprecated and will be removed in future versions. This hook will be missing some grad_input. Please use register_full_backward_hook to get the documented behavior.
  self._maybe_warn_non_full_backward_hook(args, result, grad_fn)
[92mINFO [0m:      Sent reply
02/13/2025 16:45:46:INFO:Sent reply
[92mINFO [0m:      
02/13/2025 16:46:24:INFO:
[92mINFO [0m:      Received: evaluate message a8fff76e-732c-4340-970f-5629cdfc0ad2
02/13/2025 16:46:24:INFO:Received: evaluate message a8fff76e-732c-4340-970f-5629cdfc0ad2
[92mINFO [0m:      Sent reply
02/13/2025 16:50:43:INFO:Sent reply
[92mINFO [0m:      
02/13/2025 16:51:17:INFO:
[92mINFO [0m:      Received: train message 707d3395-0359-4c09-955e-b2d42662c9fe
02/13/2025 16:51:17:INFO:Received: train message 707d3395-0359-4c09-955e-b2d42662c9fe
/home/dgxuser16/anaconda3/envs/ihpc/lib/python3.8/site-packages/torch/nn/modules/module.py:1640: FutureWarning: Using a non-full backward hook when the forward contains multiple autograd Nodes is deprecated and will be removed in future versions. This hook will be missing some grad_input. Please use register_full_backward_hook to get the documented behavior.
  self._maybe_warn_non_full_backward_hook(args, result, grad_fn)
[92mINFO [0m:      Sent reply
02/13/2025 17:19:35:INFO:Sent reply
[92mINFO [0m:      
02/13/2025 17:19:52:INFO:
[92mINFO [0m:      Received: evaluate message bf0ee207-7065-4472-92e8-6a6801800071
02/13/2025 17:19:52:INFO:Received: evaluate message bf0ee207-7065-4472-92e8-6a6801800071
[92mINFO [0m:      Sent reply
02/13/2025 17:23:55:INFO:Sent reply
[92mINFO [0m:      
02/13/2025 17:25:06:INFO:
[92mINFO [0m:      Received: train message 3c8fcb91-5ca8-4c82-b99d-082f2a64e45f
02/13/2025 17:25:06:INFO:Received: train message 3c8fcb91-5ca8-4c82-b99d-082f2a64e45f
/home/dgxuser16/anaconda3/envs/ihpc/lib/python3.8/site-packages/torch/nn/modules/module.py:1640: FutureWarning: Using a non-full backward hook when the forward contains multiple autograd Nodes is deprecated and will be removed in future versions. This hook will be missing some grad_input. Please use register_full_backward_hook to get the documented behavior.
  self._maybe_warn_non_full_backward_hook(args, result, grad_fn)
[92mINFO [0m:      Sent reply
02/13/2025 17:53:39:INFO:Sent reply
[92mINFO [0m:      
02/13/2025 17:54:15:INFO:
[92mINFO [0m:      Received: evaluate message e8e20d02-59e3-4aa4-a053-1c6954651cef
02/13/2025 17:54:15:INFO:Received: evaluate message e8e20d02-59e3-4aa4-a053-1c6954651cef
[92mINFO [0m:      Sent reply
02/13/2025 17:58:35:INFO:Sent reply
[92mINFO [0m:      
02/13/2025 17:59:11:INFO:
[92mINFO [0m:      Received: train message ed2d7705-dbc9-4afb-b29e-fa9662f6cbf0
02/13/2025 17:59:11:INFO:Received: train message ed2d7705-dbc9-4afb-b29e-fa9662f6cbf0
/home/dgxuser16/anaconda3/envs/ihpc/lib/python3.8/site-packages/torch/nn/modules/module.py:1640: FutureWarning: Using a non-full backward hook when the forward contains multiple autograd Nodes is deprecated and will be removed in future versions. This hook will be missing some grad_input. Please use register_full_backward_hook to get the documented behavior.
  self._maybe_warn_non_full_backward_hook(args, result, grad_fn)
[92mINFO [0m:      Sent reply
02/13/2025 18:28:06:INFO:Sent reply
[92mINFO [0m:      
02/13/2025 18:28:29:INFO:
[92mINFO [0m:      Received: evaluate message 719d73a4-59e6-41de-bc1b-cea5b47facd8
02/13/2025 18:28:29:INFO:Received: evaluate message 719d73a4-59e6-41de-bc1b-cea5b47facd8
[92mINFO [0m:      Sent reply
02/13/2025 18:32:39:INFO:Sent reply
[92mINFO [0m:      
02/13/2025 18:33:52:INFO:
[92mINFO [0m:      Received: train message 51279f3a-fed9-4d43-bd45-e63e20688186
02/13/2025 18:33:52:INFO:Received: train message 51279f3a-fed9-4d43-bd45-e63e20688186
/home/dgxuser16/anaconda3/envs/ihpc/lib/python3.8/site-packages/torch/nn/modules/module.py:1640: FutureWarning: Using a non-full backward hook when the forward contains multiple autograd Nodes is deprecated and will be removed in future versions. This hook will be missing some grad_input. Please use register_full_backward_hook to get the documented behavior.
  self._maybe_warn_non_full_backward_hook(args, result, grad_fn)
[92mINFO [0m:      Sent reply
02/13/2025 19:03:18:INFO:Sent reply
[92mINFO [0m:      
02/13/2025 19:03:51:INFO:
[92mINFO [0m:      Received: evaluate message 935e93f5-bf05-4153-b77d-20b2e1a08e44
02/13/2025 19:03:51:INFO:Received: evaluate message 935e93f5-bf05-4153-b77d-20b2e1a08e44
['/raid/home/dgxuser16/NTL/mccarthy/ahmad/github/adaptive_privacy_fl/isic/adagrad/fixed_noise/0.84, e=10', '/home/dgxuser16/anaconda3/envs/ihpc/lib/python38.zip', '/home/dgxuser16/anaconda3/envs/ihpc/lib/python3.8', '/home/dgxuser16/anaconda3/envs/ihpc/lib/python3.8/lib-dynload', '/home/dgxuser16/anaconda3/envs/ihpc/lib/python3.8/site-packages', '/raid/home/dgxuser16/NTL/mccarthy/ahmad/github/adaptive_privacy_fl/isic/adagrad/fixed_noise/0.84, e=10']
Device: cuda:0
Params: {'batch_size': 32, 'local_epochs': 3, 'full_dataset_size': 18597, 'number_of_classes': 8}
Privacy Params: {'target_delta': 1e-05, 'noise_multiplier': 0.84, 'max_grad_norm': 1.0}
Epsilon = 0.86

{'loss': [2.124394572938204], 'accuracy': [0.2098268223922674], 'auc': [0.5064569207693919]}

Epsilon = 1.12

{'loss': [2.124394572938204, 2.0641077458738466], 'accuracy': [0.2098268223922674, 0.21788159484494563], 'auc': [0.5064569207693919, 0.5258592801090048]}

Epsilon = 1.34

{'loss': [2.124394572938204, 2.0641077458738466, 2.0165915326922352], 'accuracy': [0.2098268223922674, 0.21788159484494563, 0.22633910592025774], 'auc': [0.5064569207693919, 0.5258592801090048, 0.5408739983872928]}

Epsilon = 1.52

{'loss': [2.124394572938204, 2.0641077458738466, 2.0165915326922352, 1.9744221551544092], 'accuracy': [0.2098268223922674, 0.21788159484494563, 0.22633910592025774, 0.23801852597664117], 'auc': [0.5064569207693919, 0.5258592801090048, 0.5408739983872928, 0.5561983503551523]}

Epsilon = 1.69

{'loss': [2.124394572938204, 2.0641077458738466, 2.0165915326922352, 1.9744221551544092, 1.9397750404924814], 'accuracy': [0.2098268223922674, 0.21788159484494563, 0.22633910592025774, 0.23801852597664117, 0.24446234393878372], 'auc': [0.5064569207693919, 0.5258592801090048, 0.5408739983872928, 0.5561983503551523, 0.5677103120094666]}

Epsilon = 1.85

{'loss': [2.124394572938204, 2.0641077458738466, 2.0165915326922352, 1.9744221551544092, 1.9397750404924814, 1.9076347306904848], 'accuracy': [0.2098268223922674, 0.21788159484494563, 0.22633910592025774, 0.23801852597664117, 0.24446234393878372, 0.2545308095046315], 'auc': [0.5064569207693919, 0.5258592801090048, 0.5408739983872928, 0.5561983503551523, 0.5677103120094666, 0.5776198406565506]}

Epsilon = 1.99

{'loss': [2.124394572938204, 2.0641077458738466, 2.0165915326922352, 1.9744221551544092, 1.9397750404924814, 1.9076347306904848, 1.8808524861145635], 'accuracy': [0.2098268223922674, 0.21788159484494563, 0.22633910592025774, 0.23801852597664117, 0.24446234393878372, 0.2545308095046315, 0.26540475231574706], 'auc': [0.5064569207693919, 0.5258592801090048, 0.5408739983872928, 0.5561983503551523, 0.5677103120094666, 0.5776198406565506, 0.5871561489672319]}

Epsilon = 2.13

{'loss': [2.124394572938204, 2.0641077458738466, 2.0165915326922352, 1.9744221551544092, 1.9397750404924814, 1.9076347306904848, 1.8808524861145635, 1.8544668332732497], 'accuracy': [0.2098268223922674, 0.21788159484494563, 0.22633910592025774, 0.23801852597664117, 0.24446234393878372, 0.2545308095046315, 0.26540475231574706, 0.27547321788159485], 'auc': [0.5064569207693919, 0.5258592801090048, 0.5408739983872928, 0.5561983503551523, 0.5677103120094666, 0.5776198406565506, 0.5871561489672319, 0.5955115667866739]}

Epsilon = 2.26

{'loss': [2.124394572938204, 2.0641077458738466, 2.0165915326922352, 1.9744221551544092, 1.9397750404924814, 1.9076347306904848, 1.8808524861145635, 1.8544668332732497, 1.830866746973521], 'accuracy': [0.2098268223922674, 0.21788159484494563, 0.22633910592025774, 0.23801852597664117, 0.24446234393878372, 0.2545308095046315, 0.26540475231574706, 0.27547321788159485, 0.2815142972211035], 'auc': [0.5064569207693919, 0.5258592801090048, 0.5408739983872928, 0.5561983503551523, 0.5677103120094666, 0.5776198406565506, 0.5871561489672319, 0.5955115667866739, 0.6029958824890087]}

Epsilon = 2.39

{'loss': [2.124394572938204, 2.0641077458738466, 2.0165915326922352, 1.9744221551544092, 1.9397750404924814, 1.9076347306904848, 1.8808524861145635, 1.8544668332732497, 1.830866746973521, 1.809119241447925], 'accuracy': [0.2098268223922674, 0.21788159484494563, 0.22633910592025774, 0.23801852597664117, 0.24446234393878372, 0.2545308095046315, 0.26540475231574706, 0.27547321788159485, 0.2815142972211035, 0.29480467176802255], 'auc': [0.5064569207693919, 0.5258592801090048, 0.5408739983872928, 0.5561983503551523, 0.5677103120094666, 0.5776198406565506, 0.5871561489672319, 0.5955115667866739, 0.6029958824890087, 0.6105764638130651]}

Epsilon = 2.51

{'loss': [2.124394572938204, 2.0641077458738466, 2.0165915326922352, 1.9744221551544092, 1.9397750404924814, 1.9076347306904848, 1.8808524861145635, 1.8544668332732497, 1.830866746973521, 1.809119241447925, 1.7904623032480393], 'accuracy': [0.2098268223922674, 0.21788159484494563, 0.22633910592025774, 0.23801852597664117, 0.24446234393878372, 0.2545308095046315, 0.26540475231574706, 0.27547321788159485, 0.2815142972211035, 0.29480467176802255, 0.31292790978654855], 'auc': [0.5064569207693919, 0.5258592801090048, 0.5408739983872928, 0.5561983503551523, 0.5677103120094666, 0.5776198406565506, 0.5871561489672319, 0.5955115667866739, 0.6029958824890087, 0.6105764638130651, 0.616808593498698]}

Epsilon = 2.62

{'loss': [2.124394572938204, 2.0641077458738466, 2.0165915326922352, 1.9744221551544092, 1.9397750404924814, 1.9076347306904848, 1.8808524861145635, 1.8544668332732497, 1.830866746973521, 1.809119241447925, 1.7904623032480393, 1.7709920944535726], 'accuracy': [0.2098268223922674, 0.21788159484494563, 0.22633910592025774, 0.23801852597664117, 0.24446234393878372, 0.2545308095046315, 0.26540475231574706, 0.27547321788159485, 0.2815142972211035, 0.29480467176802255, 0.31292790978654855, 0.3306484091824406], 'auc': [0.5064569207693919, 0.5258592801090048, 0.5408739983872928, 0.5561983503551523, 0.5677103120094666, 0.5776198406565506, 0.5871561489672319, 0.5955115667866739, 0.6029958824890087, 0.6105764638130651, 0.616808593498698, 0.6227649626469502]}

Epsilon = 2.74

{'loss': [2.124394572938204, 2.0641077458738466, 2.0165915326922352, 1.9744221551544092, 1.9397750404924814, 1.9076347306904848, 1.8808524861145635, 1.8544668332732497, 1.830866746973521, 1.809119241447925, 1.7904623032480393, 1.7709920944535726, 1.751794022703382], 'accuracy': [0.2098268223922674, 0.21788159484494563, 0.22633910592025774, 0.23801852597664117, 0.24446234393878372, 0.2545308095046315, 0.26540475231574706, 0.27547321788159485, 0.2815142972211035, 0.29480467176802255, 0.31292790978654855, 0.3306484091824406, 0.34836890857833264], 'auc': [0.5064569207693919, 0.5258592801090048, 0.5408739983872928, 0.5561983503551523, 0.5677103120094666, 0.5776198406565506, 0.5871561489672319, 0.5955115667866739, 0.6029958824890087, 0.6105764638130651, 0.616808593498698, 0.6227649626469502, 0.6279437379107298]}

Epsilon = 2.84

{'loss': [2.124394572938204, 2.0641077458738466, 2.0165915326922352, 1.9744221551544092, 1.9397750404924814, 1.9076347306904848, 1.8808524861145635, 1.8544668332732497, 1.830866746973521, 1.809119241447925, 1.7904623032480393, 1.7709920944535726, 1.751794022703382, 1.7357082609394794], 'accuracy': [0.2098268223922674, 0.21788159484494563, 0.22633910592025774, 0.23801852597664117, 0.24446234393878372, 0.2545308095046315, 0.26540475231574706, 0.27547321788159485, 0.2815142972211035, 0.29480467176802255, 0.31292790978654855, 0.3306484091824406, 0.34836890857833264, 0.36407571486105517], 'auc': [0.5064569207693919, 0.5258592801090048, 0.5408739983872928, 0.5561983503551523, 0.5677103120094666, 0.5776198406565506, 0.5871561489672319, 0.5955115667866739, 0.6029958824890087, 0.6105764638130651, 0.616808593498698, 0.6227649626469502, 0.6279437379107298, 0.632384476109727]}

Epsilon = 2.95
[92mINFO [0m:      Sent reply
02/13/2025 19:08:02:INFO:Sent reply
[92mINFO [0m:      
02/13/2025 19:08:45:INFO:
[92mINFO [0m:      Received: train message 5320c5b0-5100-4663-aed1-e67d960b120c
02/13/2025 19:08:45:INFO:Received: train message 5320c5b0-5100-4663-aed1-e67d960b120c
/home/dgxuser16/anaconda3/envs/ihpc/lib/python3.8/site-packages/torch/nn/modules/module.py:1640: FutureWarning: Using a non-full backward hook when the forward contains multiple autograd Nodes is deprecated and will be removed in future versions. This hook will be missing some grad_input. Please use register_full_backward_hook to get the documented behavior.
  self._maybe_warn_non_full_backward_hook(args, result, grad_fn)
[92mINFO [0m:      Sent reply
02/13/2025 19:38:47:INFO:Sent reply
[92mINFO [0m:      
02/13/2025 19:39:25:INFO:
[92mINFO [0m:      Received: evaluate message 1621797d-cd1a-4267-bf36-496717a18b87
02/13/2025 19:39:25:INFO:Received: evaluate message 1621797d-cd1a-4267-bf36-496717a18b87
[92mINFO [0m:      Sent reply
02/13/2025 19:43:47:INFO:Sent reply
[92mINFO [0m:      
02/13/2025 19:44:20:INFO:
[92mINFO [0m:      Received: train message 2230041c-1637-4476-9027-27d92507f338
02/13/2025 19:44:20:INFO:Received: train message 2230041c-1637-4476-9027-27d92507f338
/home/dgxuser16/anaconda3/envs/ihpc/lib/python3.8/site-packages/torch/nn/modules/module.py:1640: FutureWarning: Using a non-full backward hook when the forward contains multiple autograd Nodes is deprecated and will be removed in future versions. This hook will be missing some grad_input. Please use register_full_backward_hook to get the documented behavior.
  self._maybe_warn_non_full_backward_hook(args, result, grad_fn)
[92mINFO [0m:      Sent reply
02/13/2025 20:13:23:INFO:Sent reply
[92mINFO [0m:      
02/13/2025 20:13:47:INFO:
[92mINFO [0m:      Received: evaluate message c49d5de6-8991-449d-bb04-b7ac3d7447ee
02/13/2025 20:13:47:INFO:Received: evaluate message c49d5de6-8991-449d-bb04-b7ac3d7447ee
[92mINFO [0m:      Sent reply
02/13/2025 20:17:36:INFO:Sent reply
[92mINFO [0m:      
02/13/2025 20:18:44:INFO:
[92mINFO [0m:      Received: train message 1ede01f9-cdd7-4f95-8dbc-9a97f2ed2f34
02/13/2025 20:18:44:INFO:Received: train message 1ede01f9-cdd7-4f95-8dbc-9a97f2ed2f34
/home/dgxuser16/anaconda3/envs/ihpc/lib/python3.8/site-packages/torch/nn/modules/module.py:1640: FutureWarning: Using a non-full backward hook when the forward contains multiple autograd Nodes is deprecated and will be removed in future versions. This hook will be missing some grad_input. Please use register_full_backward_hook to get the documented behavior.
  self._maybe_warn_non_full_backward_hook(args, result, grad_fn)
[92mINFO [0m:      Sent reply
02/13/2025 20:48:32:INFO:Sent reply
[92mINFO [0m:      
02/13/2025 20:49:12:INFO:
[92mINFO [0m:      Received: evaluate message 3a1e90d3-d5c9-4543-b238-a0c2964d68f1
02/13/2025 20:49:12:INFO:Received: evaluate message 3a1e90d3-d5c9-4543-b238-a0c2964d68f1
[92mINFO [0m:      Sent reply
02/13/2025 20:53:18:INFO:Sent reply
[92mINFO [0m:      
02/13/2025 20:53:51:INFO:
[92mINFO [0m:      Received: train message ad5f6cf6-fcc2-4ba1-ac53-38150c4c6673
02/13/2025 20:53:51:INFO:Received: train message ad5f6cf6-fcc2-4ba1-ac53-38150c4c6673
/home/dgxuser16/anaconda3/envs/ihpc/lib/python3.8/site-packages/torch/nn/modules/module.py:1640: FutureWarning: Using a non-full backward hook when the forward contains multiple autograd Nodes is deprecated and will be removed in future versions. This hook will be missing some grad_input. Please use register_full_backward_hook to get the documented behavior.
  self._maybe_warn_non_full_backward_hook(args, result, grad_fn)
[92mINFO [0m:      Sent reply
02/13/2025 21:21:32:INFO:Sent reply
[92mINFO [0m:      
02/13/2025 21:21:59:INFO:
[92mINFO [0m:      Received: evaluate message 9065990d-54b7-4de6-8833-24a0c59db46b
02/13/2025 21:21:59:INFO:Received: evaluate message 9065990d-54b7-4de6-8833-24a0c59db46b
[92mINFO [0m:      Sent reply
02/13/2025 21:25:57:INFO:Sent reply
[92mINFO [0m:      
02/13/2025 21:26:52:INFO:
[92mINFO [0m:      Received: train message ac00458e-0da6-4edb-8d60-243274413d94
02/13/2025 21:26:52:INFO:Received: train message ac00458e-0da6-4edb-8d60-243274413d94
/home/dgxuser16/anaconda3/envs/ihpc/lib/python3.8/site-packages/torch/nn/modules/module.py:1640: FutureWarning: Using a non-full backward hook when the forward contains multiple autograd Nodes is deprecated and will be removed in future versions. This hook will be missing some grad_input. Please use register_full_backward_hook to get the documented behavior.
  self._maybe_warn_non_full_backward_hook(args, result, grad_fn)
[92mINFO [0m:      Sent reply
02/13/2025 21:53:54:INFO:Sent reply
[92mINFO [0m:      
02/13/2025 21:54:32:INFO:
[92mINFO [0m:      Received: evaluate message 261f8a2f-3af1-45bf-bf00-4339ee7e4556
02/13/2025 21:54:32:INFO:Received: evaluate message 261f8a2f-3af1-45bf-bf00-4339ee7e4556
[92mINFO [0m:      Sent reply
02/13/2025 21:58:34:INFO:Sent reply
[92mINFO [0m:      
02/13/2025 21:59:15:INFO:
[92mINFO [0m:      Received: train message 5ed38788-afb9-459c-857e-d5ad05d4f169
02/13/2025 21:59:15:INFO:Received: train message 5ed38788-afb9-459c-857e-d5ad05d4f169
/home/dgxuser16/anaconda3/envs/ihpc/lib/python3.8/site-packages/torch/nn/modules/module.py:1640: FutureWarning: Using a non-full backward hook when the forward contains multiple autograd Nodes is deprecated and will be removed in future versions. This hook will be missing some grad_input. Please use register_full_backward_hook to get the documented behavior.
  self._maybe_warn_non_full_backward_hook(args, result, grad_fn)
[92mINFO [0m:      Sent reply
02/13/2025 22:26:37:INFO:Sent reply
[92mINFO [0m:      
02/13/2025 22:26:53:INFO:
[92mINFO [0m:      Received: evaluate message 297069e3-738e-49ea-8069-3895fbe9d2b6
02/13/2025 22:26:53:INFO:Received: evaluate message 297069e3-738e-49ea-8069-3895fbe9d2b6
[92mINFO [0m:      Sent reply
02/13/2025 22:30:52:INFO:Sent reply
[92mINFO [0m:      
02/13/2025 22:31:53:INFO:
[92mINFO [0m:      Received: train message eda2d46a-c1d8-42f9-acec-c9f5c9e9adc0
02/13/2025 22:31:53:INFO:Received: train message eda2d46a-c1d8-42f9-acec-c9f5c9e9adc0
/home/dgxuser16/anaconda3/envs/ihpc/lib/python3.8/site-packages/torch/nn/modules/module.py:1640: FutureWarning: Using a non-full backward hook when the forward contains multiple autograd Nodes is deprecated and will be removed in future versions. This hook will be missing some grad_input. Please use register_full_backward_hook to get the documented behavior.
  self._maybe_warn_non_full_backward_hook(args, result, grad_fn)
[92mINFO [0m:      Sent reply
02/13/2025 22:59:09:INFO:Sent reply
[92mINFO [0m:      
02/13/2025 22:59:50:INFO:
[92mINFO [0m:      Received: evaluate message a0f8f6c3-64d5-46b5-a74d-fcfaba2c0266
02/13/2025 22:59:50:INFO:Received: evaluate message a0f8f6c3-64d5-46b5-a74d-fcfaba2c0266

{'loss': [2.124394572938204, 2.0641077458738466, 2.0165915326922352, 1.9744221551544092, 1.9397750404924814, 1.9076347306904848, 1.8808524861145635, 1.8544668332732497, 1.830866746973521, 1.809119241447925, 1.7904623032480393, 1.7709920944535726, 1.751794022703382, 1.7357082609394794, 1.7220457755314262], 'accuracy': [0.2098268223922674, 0.21788159484494563, 0.22633910592025774, 0.23801852597664117, 0.24446234393878372, 0.2545308095046315, 0.26540475231574706, 0.27547321788159485, 0.2815142972211035, 0.29480467176802255, 0.31292790978654855, 0.3306484091824406, 0.34836890857833264, 0.36407571486105517, 0.3834071687474829], 'auc': [0.5064569207693919, 0.5258592801090048, 0.5408739983872928, 0.5561983503551523, 0.5677103120094666, 0.5776198406565506, 0.5871561489672319, 0.5955115667866739, 0.6029958824890087, 0.6105764638130651, 0.616808593498698, 0.6227649626469502, 0.6279437379107298, 0.632384476109727, 0.6364358291860539]}

Epsilon = 3.05

{'loss': [2.124394572938204, 2.0641077458738466, 2.0165915326922352, 1.9744221551544092, 1.9397750404924814, 1.9076347306904848, 1.8808524861145635, 1.8544668332732497, 1.830866746973521, 1.809119241447925, 1.7904623032480393, 1.7709920944535726, 1.751794022703382, 1.7357082609394794, 1.7220457755314262, 1.7072657145562788], 'accuracy': [0.2098268223922674, 0.21788159484494563, 0.22633910592025774, 0.23801852597664117, 0.24446234393878372, 0.2545308095046315, 0.26540475231574706, 0.27547321788159485, 0.2815142972211035, 0.29480467176802255, 0.31292790978654855, 0.3306484091824406, 0.34836890857833264, 0.36407571486105517, 0.3834071687474829, 0.3983084977849376], 'auc': [0.5064569207693919, 0.5258592801090048, 0.5408739983872928, 0.5561983503551523, 0.5677103120094666, 0.5776198406565506, 0.5871561489672319, 0.5955115667866739, 0.6029958824890087, 0.6105764638130651, 0.616808593498698, 0.6227649626469502, 0.6279437379107298, 0.632384476109727, 0.6364358291860539, 0.640341937369816]}

Epsilon = 3.15

{'loss': [2.124394572938204, 2.0641077458738466, 2.0165915326922352, 1.9744221551544092, 1.9397750404924814, 1.9076347306904848, 1.8808524861145635, 1.8544668332732497, 1.830866746973521, 1.809119241447925, 1.7904623032480393, 1.7709920944535726, 1.751794022703382, 1.7357082609394794, 1.7220457755314262, 1.7072657145562788, 1.6935594891330383], 'accuracy': [0.2098268223922674, 0.21788159484494563, 0.22633910592025774, 0.23801852597664117, 0.24446234393878372, 0.2545308095046315, 0.26540475231574706, 0.27547321788159485, 0.2815142972211035, 0.29480467176802255, 0.31292790978654855, 0.3306484091824406, 0.34836890857833264, 0.36407571486105517, 0.3834071687474829, 0.3983084977849376, 0.4176399516713653], 'auc': [0.5064569207693919, 0.5258592801090048, 0.5408739983872928, 0.5561983503551523, 0.5677103120094666, 0.5776198406565506, 0.5871561489672319, 0.5955115667866739, 0.6029958824890087, 0.6105764638130651, 0.616808593498698, 0.6227649626469502, 0.6279437379107298, 0.632384476109727, 0.6364358291860539, 0.640341937369816, 0.6440859986156042]}

Epsilon = 3.25

{'loss': [2.124394572938204, 2.0641077458738466, 2.0165915326922352, 1.9744221551544092, 1.9397750404924814, 1.9076347306904848, 1.8808524861145635, 1.8544668332732497, 1.830866746973521, 1.809119241447925, 1.7904623032480393, 1.7709920944535726, 1.751794022703382, 1.7357082609394794, 1.7220457755314262, 1.7072657145562788, 1.6935594891330383, 1.6798986406322454], 'accuracy': [0.2098268223922674, 0.21788159484494563, 0.22633910592025774, 0.23801852597664117, 0.24446234393878372, 0.2545308095046315, 0.26540475231574706, 0.27547321788159485, 0.2815142972211035, 0.29480467176802255, 0.31292790978654855, 0.3306484091824406, 0.34836890857833264, 0.36407571486105517, 0.3834071687474829, 0.3983084977849376, 0.4176399516713653, 0.42529198550140956], 'auc': [0.5064569207693919, 0.5258592801090048, 0.5408739983872928, 0.5561983503551523, 0.5677103120094666, 0.5776198406565506, 0.5871561489672319, 0.5955115667866739, 0.6029958824890087, 0.6105764638130651, 0.616808593498698, 0.6227649626469502, 0.6279437379107298, 0.632384476109727, 0.6364358291860539, 0.640341937369816, 0.6440859986156042, 0.6480662703387594]}

Epsilon = 3.35

{'loss': [2.124394572938204, 2.0641077458738466, 2.0165915326922352, 1.9744221551544092, 1.9397750404924814, 1.9076347306904848, 1.8808524861145635, 1.8544668332732497, 1.830866746973521, 1.809119241447925, 1.7904623032480393, 1.7709920944535726, 1.751794022703382, 1.7357082609394794, 1.7220457755314262, 1.7072657145562788, 1.6935594891330383, 1.6798986406322454, 1.6671267861183066], 'accuracy': [0.2098268223922674, 0.21788159484494563, 0.22633910592025774, 0.23801852597664117, 0.24446234393878372, 0.2545308095046315, 0.26540475231574706, 0.27547321788159485, 0.2815142972211035, 0.29480467176802255, 0.31292790978654855, 0.3306484091824406, 0.34836890857833264, 0.36407571486105517, 0.3834071687474829, 0.3983084977849376, 0.4176399516713653, 0.42529198550140956, 0.4333467579540878], 'auc': [0.5064569207693919, 0.5258592801090048, 0.5408739983872928, 0.5561983503551523, 0.5677103120094666, 0.5776198406565506, 0.5871561489672319, 0.5955115667866739, 0.6029958824890087, 0.6105764638130651, 0.616808593498698, 0.6227649626469502, 0.6279437379107298, 0.632384476109727, 0.6364358291860539, 0.640341937369816, 0.6440859986156042, 0.6480662703387594, 0.652513859897143]}

Epsilon = 3.44

{'loss': [2.124394572938204, 2.0641077458738466, 2.0165915326922352, 1.9744221551544092, 1.9397750404924814, 1.9076347306904848, 1.8808524861145635, 1.8544668332732497, 1.830866746973521, 1.809119241447925, 1.7904623032480393, 1.7709920944535726, 1.751794022703382, 1.7357082609394794, 1.7220457755314262, 1.7072657145562788, 1.6935594891330383, 1.6798986406322454, 1.6671267861183066, 1.6546720050776431], 'accuracy': [0.2098268223922674, 0.21788159484494563, 0.22633910592025774, 0.23801852597664117, 0.24446234393878372, 0.2545308095046315, 0.26540475231574706, 0.27547321788159485, 0.2815142972211035, 0.29480467176802255, 0.31292790978654855, 0.3306484091824406, 0.34836890857833264, 0.36407571486105517, 0.3834071687474829, 0.3983084977849376, 0.4176399516713653, 0.42529198550140956, 0.4333467579540878, 0.4397905759162304], 'auc': [0.5064569207693919, 0.5258592801090048, 0.5408739983872928, 0.5561983503551523, 0.5677103120094666, 0.5776198406565506, 0.5871561489672319, 0.5955115667866739, 0.6029958824890087, 0.6105764638130651, 0.616808593498698, 0.6227649626469502, 0.6279437379107298, 0.632384476109727, 0.6364358291860539, 0.640341937369816, 0.6440859986156042, 0.6480662703387594, 0.652513859897143, 0.6555595328915093]}

Epsilon = 3.53

{'loss': [2.124394572938204, 2.0641077458738466, 2.0165915326922352, 1.9744221551544092, 1.9397750404924814, 1.9076347306904848, 1.8808524861145635, 1.8544668332732497, 1.830866746973521, 1.809119241447925, 1.7904623032480393, 1.7709920944535726, 1.751794022703382, 1.7357082609394794, 1.7220457755314262, 1.7072657145562788, 1.6935594891330383, 1.6798986406322454, 1.6671267861183066, 1.6546720050776431, 1.6430983537634773], 'accuracy': [0.2098268223922674, 0.21788159484494563, 0.22633910592025774, 0.23801852597664117, 0.24446234393878372, 0.2545308095046315, 0.26540475231574706, 0.27547321788159485, 0.2815142972211035, 0.29480467176802255, 0.31292790978654855, 0.3306484091824406, 0.34836890857833264, 0.36407571486105517, 0.3834071687474829, 0.3983084977849376, 0.4176399516713653, 0.42529198550140956, 0.4333467579540878, 0.4397905759162304, 0.45348368908578335], 'auc': [0.5064569207693919, 0.5258592801090048, 0.5408739983872928, 0.5561983503551523, 0.5677103120094666, 0.5776198406565506, 0.5871561489672319, 0.5955115667866739, 0.6029958824890087, 0.6105764638130651, 0.616808593498698, 0.6227649626469502, 0.6279437379107298, 0.632384476109727, 0.6364358291860539, 0.640341937369816, 0.6440859986156042, 0.6480662703387594, 0.652513859897143, 0.6555595328915093, 0.6586051670142756]}

Epsilon = 3.62
[92mINFO [0m:      Sent reply
02/13/2025 23:03:53:INFO:Sent reply
[92mINFO [0m:      
02/13/2025 23:04:22:INFO:
[92mINFO [0m:      Received: train message e0e51b1f-865d-434c-b1d9-1a13f14f3507
02/13/2025 23:04:22:INFO:Received: train message e0e51b1f-865d-434c-b1d9-1a13f14f3507
/home/dgxuser16/anaconda3/envs/ihpc/lib/python3.8/site-packages/torch/nn/modules/module.py:1640: FutureWarning: Using a non-full backward hook when the forward contains multiple autograd Nodes is deprecated and will be removed in future versions. This hook will be missing some grad_input. Please use register_full_backward_hook to get the documented behavior.
  self._maybe_warn_non_full_backward_hook(args, result, grad_fn)
[92mINFO [0m:      Sent reply
02/13/2025 23:31:15:INFO:Sent reply
[92mINFO [0m:      
02/13/2025 23:31:52:INFO:
[92mINFO [0m:      Received: evaluate message 3d8281de-ca49-4965-9d68-3fe8419160d5
02/13/2025 23:31:52:INFO:Received: evaluate message 3d8281de-ca49-4965-9d68-3fe8419160d5
[92mINFO [0m:      Sent reply
02/13/2025 23:36:00:INFO:Sent reply
[92mINFO [0m:      
02/13/2025 23:36:43:INFO:
[92mINFO [0m:      Received: train message 2c579937-9fa7-4808-9b21-99a5179062cf
02/13/2025 23:36:43:INFO:Received: train message 2c579937-9fa7-4808-9b21-99a5179062cf
/home/dgxuser16/anaconda3/envs/ihpc/lib/python3.8/site-packages/torch/nn/modules/module.py:1640: FutureWarning: Using a non-full backward hook when the forward contains multiple autograd Nodes is deprecated and will be removed in future versions. This hook will be missing some grad_input. Please use register_full_backward_hook to get the documented behavior.
  self._maybe_warn_non_full_backward_hook(args, result, grad_fn)
[92mINFO [0m:      Sent reply
02/14/2025 00:00:20:INFO:Sent reply
[92mINFO [0m:      
02/14/2025 00:00:58:INFO:
[92mINFO [0m:      Received: evaluate message 1a32ed0f-8f59-42a8-aac7-df65937988dc
02/14/2025 00:00:58:INFO:Received: evaluate message 1a32ed0f-8f59-42a8-aac7-df65937988dc
[92mINFO [0m:      Sent reply
02/14/2025 00:05:09:INFO:Sent reply
[92mINFO [0m:      
02/14/2025 00:05:50:INFO:
[92mINFO [0m:      Received: train message 31907baf-9fa6-4526-a69a-6c7165249cd5
02/14/2025 00:05:50:INFO:Received: train message 31907baf-9fa6-4526-a69a-6c7165249cd5
/home/dgxuser16/anaconda3/envs/ihpc/lib/python3.8/site-packages/torch/nn/modules/module.py:1640: FutureWarning: Using a non-full backward hook when the forward contains multiple autograd Nodes is deprecated and will be removed in future versions. This hook will be missing some grad_input. Please use register_full_backward_hook to get the documented behavior.
  self._maybe_warn_non_full_backward_hook(args, result, grad_fn)
[92mINFO [0m:      Sent reply
02/14/2025 00:28:32:INFO:Sent reply
[92mINFO [0m:      
02/14/2025 00:29:05:INFO:
[92mINFO [0m:      Received: evaluate message 3cf4585b-5232-45c8-bb5e-2a884f95fa9f
02/14/2025 00:29:05:INFO:Received: evaluate message 3cf4585b-5232-45c8-bb5e-2a884f95fa9f
[92mINFO [0m:      Sent reply
02/14/2025 00:33:08:INFO:Sent reply
[92mINFO [0m:      
02/14/2025 00:33:47:INFO:
[92mINFO [0m:      Received: train message 0c4ef8ce-361e-422a-9ee3-9ccb397f1907
02/14/2025 00:33:47:INFO:Received: train message 0c4ef8ce-361e-422a-9ee3-9ccb397f1907
/home/dgxuser16/anaconda3/envs/ihpc/lib/python3.8/site-packages/torch/nn/modules/module.py:1640: FutureWarning: Using a non-full backward hook when the forward contains multiple autograd Nodes is deprecated and will be removed in future versions. This hook will be missing some grad_input. Please use register_full_backward_hook to get the documented behavior.
  self._maybe_warn_non_full_backward_hook(args, result, grad_fn)
[92mINFO [0m:      Sent reply
02/14/2025 00:55:50:INFO:Sent reply
[92mINFO [0m:      
02/14/2025 00:56:28:INFO:
[92mINFO [0m:      Received: evaluate message ce64af0e-8ea3-46be-bb7c-f4255260b3c8
02/14/2025 00:56:28:INFO:Received: evaluate message ce64af0e-8ea3-46be-bb7c-f4255260b3c8
[92mINFO [0m:      Sent reply
02/14/2025 01:00:31:INFO:Sent reply
[92mINFO [0m:      
02/14/2025 01:01:02:INFO:
[92mINFO [0m:      Received: train message b1ab0606-b031-49e8-a1f8-9d2d5eca026f
02/14/2025 01:01:02:INFO:Received: train message b1ab0606-b031-49e8-a1f8-9d2d5eca026f
/home/dgxuser16/anaconda3/envs/ihpc/lib/python3.8/site-packages/torch/nn/modules/module.py:1640: FutureWarning: Using a non-full backward hook when the forward contains multiple autograd Nodes is deprecated and will be removed in future versions. This hook will be missing some grad_input. Please use register_full_backward_hook to get the documented behavior.
  self._maybe_warn_non_full_backward_hook(args, result, grad_fn)
[92mINFO [0m:      Sent reply
02/14/2025 01:22:11:INFO:Sent reply
[92mINFO [0m:      
02/14/2025 01:22:44:INFO:
[92mINFO [0m:      Received: evaluate message b6d1ac52-52ac-4994-9c0d-c64c1625dada
02/14/2025 01:22:44:INFO:Received: evaluate message b6d1ac52-52ac-4994-9c0d-c64c1625dada

{'loss': [2.124394572938204, 2.0641077458738466, 2.0165915326922352, 1.9744221551544092, 1.9397750404924814, 1.9076347306904848, 1.8808524861145635, 1.8544668332732497, 1.830866746973521, 1.809119241447925, 1.7904623032480393, 1.7709920944535726, 1.751794022703382, 1.7357082609394794, 1.7220457755314262, 1.7072657145562788, 1.6935594891330383, 1.6798986406322454, 1.6671267861183066, 1.6546720050776431, 1.6430983537634773, 1.6310439171255282], 'accuracy': [0.2098268223922674, 0.21788159484494563, 0.22633910592025774, 0.23801852597664117, 0.24446234393878372, 0.2545308095046315, 0.26540475231574706, 0.27547321788159485, 0.2815142972211035, 0.29480467176802255, 0.31292790978654855, 0.3306484091824406, 0.34836890857833264, 0.36407571486105517, 0.3834071687474829, 0.3983084977849376, 0.4176399516713653, 0.42529198550140956, 0.4333467579540878, 0.4397905759162304, 0.45348368908578335, 0.4635521546516311], 'auc': [0.5064569207693919, 0.5258592801090048, 0.5408739983872928, 0.5561983503551523, 0.5677103120094666, 0.5776198406565506, 0.5871561489672319, 0.5955115667866739, 0.6029958824890087, 0.6105764638130651, 0.616808593498698, 0.6227649626469502, 0.6279437379107298, 0.632384476109727, 0.6364358291860539, 0.640341937369816, 0.6440859986156042, 0.6480662703387594, 0.652513859897143, 0.6555595328915093, 0.6586051670142756, 0.6616626813179611]}

Epsilon = 3.71

{'loss': [2.124394572938204, 2.0641077458738466, 2.0165915326922352, 1.9744221551544092, 1.9397750404924814, 1.9076347306904848, 1.8808524861145635, 1.8544668332732497, 1.830866746973521, 1.809119241447925, 1.7904623032480393, 1.7709920944535726, 1.751794022703382, 1.7357082609394794, 1.7220457755314262, 1.7072657145562788, 1.6935594891330383, 1.6798986406322454, 1.6671267861183066, 1.6546720050776431, 1.6430983537634773, 1.6310439171255282, 1.61990282903311], 'accuracy': [0.2098268223922674, 0.21788159484494563, 0.22633910592025774, 0.23801852597664117, 0.24446234393878372, 0.2545308095046315, 0.26540475231574706, 0.27547321788159485, 0.2815142972211035, 0.29480467176802255, 0.31292790978654855, 0.3306484091824406, 0.34836890857833264, 0.36407571486105517, 0.3834071687474829, 0.3983084977849376, 0.4176399516713653, 0.42529198550140956, 0.4333467579540878, 0.4397905759162304, 0.45348368908578335, 0.4635521546516311, 0.47482883608538057], 'auc': [0.5064569207693919, 0.5258592801090048, 0.5408739983872928, 0.5561983503551523, 0.5677103120094666, 0.5776198406565506, 0.5871561489672319, 0.5955115667866739, 0.6029958824890087, 0.6105764638130651, 0.616808593498698, 0.6227649626469502, 0.6279437379107298, 0.632384476109727, 0.6364358291860539, 0.640341937369816, 0.6440859986156042, 0.6480662703387594, 0.652513859897143, 0.6555595328915093, 0.6586051670142756, 0.6616626813179611, 0.6644618214013402]}

Epsilon = 3.80

{'loss': [2.124394572938204, 2.0641077458738466, 2.0165915326922352, 1.9744221551544092, 1.9397750404924814, 1.9076347306904848, 1.8808524861145635, 1.8544668332732497, 1.830866746973521, 1.809119241447925, 1.7904623032480393, 1.7709920944535726, 1.751794022703382, 1.7357082609394794, 1.7220457755314262, 1.7072657145562788, 1.6935594891330383, 1.6798986406322454, 1.6671267861183066, 1.6546720050776431, 1.6430983537634773, 1.6310439171255282, 1.61990282903311, 1.609609635040446], 'accuracy': [0.2098268223922674, 0.21788159484494563, 0.22633910592025774, 0.23801852597664117, 0.24446234393878372, 0.2545308095046315, 0.26540475231574706, 0.27547321788159485, 0.2815142972211035, 0.29480467176802255, 0.31292790978654855, 0.3306484091824406, 0.34836890857833264, 0.36407571486105517, 0.3834071687474829, 0.3983084977849376, 0.4176399516713653, 0.42529198550140956, 0.4333467579540878, 0.4397905759162304, 0.45348368908578335, 0.4635521546516311, 0.47482883608538057, 0.48570277889649616], 'auc': [0.5064569207693919, 0.5258592801090048, 0.5408739983872928, 0.5561983503551523, 0.5677103120094666, 0.5776198406565506, 0.5871561489672319, 0.5955115667866739, 0.6029958824890087, 0.6105764638130651, 0.616808593498698, 0.6227649626469502, 0.6279437379107298, 0.632384476109727, 0.6364358291860539, 0.640341937369816, 0.6440859986156042, 0.6480662703387594, 0.652513859897143, 0.6555595328915093, 0.6586051670142756, 0.6616626813179611, 0.6644618214013402, 0.6671059736371913]}

Epsilon = 3.88

{'loss': [2.124394572938204, 2.0641077458738466, 2.0165915326922352, 1.9744221551544092, 1.9397750404924814, 1.9076347306904848, 1.8808524861145635, 1.8544668332732497, 1.830866746973521, 1.809119241447925, 1.7904623032480393, 1.7709920944535726, 1.751794022703382, 1.7357082609394794, 1.7220457755314262, 1.7072657145562788, 1.6935594891330383, 1.6798986406322454, 1.6671267861183066, 1.6546720050776431, 1.6430983537634773, 1.6310439171255282, 1.61990282903311, 1.609609635040446, 1.5998760175186446], 'accuracy': [0.2098268223922674, 0.21788159484494563, 0.22633910592025774, 0.23801852597664117, 0.24446234393878372, 0.2545308095046315, 0.26540475231574706, 0.27547321788159485, 0.2815142972211035, 0.29480467176802255, 0.31292790978654855, 0.3306484091824406, 0.34836890857833264, 0.36407571486105517, 0.3834071687474829, 0.3983084977849376, 0.4176399516713653, 0.42529198550140956, 0.4333467579540878, 0.4397905759162304, 0.45348368908578335, 0.4635521546516311, 0.47482883608538057, 0.48570277889649616, 0.490938380990737], 'auc': [0.5064569207693919, 0.5258592801090048, 0.5408739983872928, 0.5561983503551523, 0.5677103120094666, 0.5776198406565506, 0.5871561489672319, 0.5955115667866739, 0.6029958824890087, 0.6105764638130651, 0.616808593498698, 0.6227649626469502, 0.6279437379107298, 0.632384476109727, 0.6364358291860539, 0.640341937369816, 0.6440859986156042, 0.6480662703387594, 0.652513859897143, 0.6555595328915093, 0.6586051670142756, 0.6616626813179611, 0.6644618214013402, 0.6671059736371913, 0.6695136998903295]}

Epsilon = 3.97

{'loss': [2.124394572938204, 2.0641077458738466, 2.0165915326922352, 1.9744221551544092, 1.9397750404924814, 1.9076347306904848, 1.8808524861145635, 1.8544668332732497, 1.830866746973521, 1.809119241447925, 1.7904623032480393, 1.7709920944535726, 1.751794022703382, 1.7357082609394794, 1.7220457755314262, 1.7072657145562788, 1.6935594891330383, 1.6798986406322454, 1.6671267861183066, 1.6546720050776431, 1.6430983537634773, 1.6310439171255282, 1.61990282903311, 1.609609635040446, 1.5998760175186446, 1.5901881877424444], 'accuracy': [0.2098268223922674, 0.21788159484494563, 0.22633910592025774, 0.23801852597664117, 0.24446234393878372, 0.2545308095046315, 0.26540475231574706, 0.27547321788159485, 0.2815142972211035, 0.29480467176802255, 0.31292790978654855, 0.3306484091824406, 0.34836890857833264, 0.36407571486105517, 0.3834071687474829, 0.3983084977849376, 0.4176399516713653, 0.42529198550140956, 0.4333467579540878, 0.4397905759162304, 0.45348368908578335, 0.4635521546516311, 0.47482883608538057, 0.48570277889649616, 0.490938380990737, 0.49697946033024565], 'auc': [0.5064569207693919, 0.5258592801090048, 0.5408739983872928, 0.5561983503551523, 0.5677103120094666, 0.5776198406565506, 0.5871561489672319, 0.5955115667866739, 0.6029958824890087, 0.6105764638130651, 0.616808593498698, 0.6227649626469502, 0.6279437379107298, 0.632384476109727, 0.6364358291860539, 0.640341937369816, 0.6440859986156042, 0.6480662703387594, 0.652513859897143, 0.6555595328915093, 0.6586051670142756, 0.6616626813179611, 0.6644618214013402, 0.6671059736371913, 0.6695136998903295, 0.6721662071515748]}

Epsilon = 4.05
[92mINFO [0m:      Sent reply
02/14/2025 01:26:46:INFO:Sent reply
[92mINFO [0m:      
02/14/2025 01:27:17:INFO:
[92mINFO [0m:      Received: train message 8efff086-9f56-4b51-a2c3-87a663af42d7
02/14/2025 01:27:17:INFO:Received: train message 8efff086-9f56-4b51-a2c3-87a663af42d7
/home/dgxuser16/anaconda3/envs/ihpc/lib/python3.8/site-packages/torch/nn/modules/module.py:1640: FutureWarning: Using a non-full backward hook when the forward contains multiple autograd Nodes is deprecated and will be removed in future versions. This hook will be missing some grad_input. Please use register_full_backward_hook to get the documented behavior.
  self._maybe_warn_non_full_backward_hook(args, result, grad_fn)
[92mINFO [0m:      Sent reply
02/14/2025 01:48:25:INFO:Sent reply
[92mINFO [0m:      
02/14/2025 01:48:45:INFO:
[92mINFO [0m:      Received: evaluate message 45210006-afc0-471d-b42f-a0b77c57ae66
02/14/2025 01:48:45:INFO:Received: evaluate message 45210006-afc0-471d-b42f-a0b77c57ae66
[92mINFO [0m:      Sent reply
02/14/2025 01:52:19:INFO:Sent reply
[92mINFO [0m:      
02/14/2025 01:53:34:INFO:
[92mINFO [0m:      Received: train message 5b3f71a2-0a42-4990-a95b-8dcf046ef540
02/14/2025 01:53:34:INFO:Received: train message 5b3f71a2-0a42-4990-a95b-8dcf046ef540
/home/dgxuser16/anaconda3/envs/ihpc/lib/python3.8/site-packages/torch/nn/modules/module.py:1640: FutureWarning: Using a non-full backward hook when the forward contains multiple autograd Nodes is deprecated and will be removed in future versions. This hook will be missing some grad_input. Please use register_full_backward_hook to get the documented behavior.
  self._maybe_warn_non_full_backward_hook(args, result, grad_fn)
[92mINFO [0m:      Sent reply
02/14/2025 02:14:43:INFO:Sent reply
[92mINFO [0m:      
02/14/2025 02:15:21:INFO:
[92mINFO [0m:      Received: evaluate message de8f1de7-758b-4ace-9921-386b821e417b
02/14/2025 02:15:21:INFO:Received: evaluate message de8f1de7-758b-4ace-9921-386b821e417b
[92mINFO [0m:      Sent reply
02/14/2025 02:19:20:INFO:Sent reply
[92mINFO [0m:      
02/14/2025 02:19:52:INFO:
[92mINFO [0m:      Received: train message c55af31c-548c-458f-8851-6143ee8b2541
02/14/2025 02:19:52:INFO:Received: train message c55af31c-548c-458f-8851-6143ee8b2541
/home/dgxuser16/anaconda3/envs/ihpc/lib/python3.8/site-packages/torch/nn/modules/module.py:1640: FutureWarning: Using a non-full backward hook when the forward contains multiple autograd Nodes is deprecated and will be removed in future versions. This hook will be missing some grad_input. Please use register_full_backward_hook to get the documented behavior.
  self._maybe_warn_non_full_backward_hook(args, result, grad_fn)
[92mINFO [0m:      Sent reply
02/14/2025 02:41:05:INFO:Sent reply
[92mINFO [0m:      
02/14/2025 02:41:45:INFO:
[92mINFO [0m:      Received: evaluate message 38e7b65b-081e-413d-93d9-90524c102804
02/14/2025 02:41:45:INFO:Received: evaluate message 38e7b65b-081e-413d-93d9-90524c102804
[92mINFO [0m:      Sent reply
02/14/2025 02:45:43:INFO:Sent reply
[92mINFO [0m:      
02/14/2025 02:45:44:INFO:
[92mINFO [0m:      Received: reconnect message 4da4936e-1006-4db7-b37d-b6dc8e04843c
02/14/2025 02:45:44:INFO:Received: reconnect message 4da4936e-1006-4db7-b37d-b6dc8e04843c
02/14/2025 02:45:44:DEBUG:gRPC channel closed
[92mINFO [0m:      Disconnect and shut down
02/14/2025 02:45:44:INFO:Disconnect and shut down

{'loss': [2.124394572938204, 2.0641077458738466, 2.0165915326922352, 1.9744221551544092, 1.9397750404924814, 1.9076347306904848, 1.8808524861145635, 1.8544668332732497, 1.830866746973521, 1.809119241447925, 1.7904623032480393, 1.7709920944535726, 1.751794022703382, 1.7357082609394794, 1.7220457755314262, 1.7072657145562788, 1.6935594891330383, 1.6798986406322454, 1.6671267861183066, 1.6546720050776431, 1.6430983537634773, 1.6310439171255282, 1.61990282903311, 1.609609635040446, 1.5998760175186446, 1.5901881877424444, 1.5821221652071273], 'accuracy': [0.2098268223922674, 0.21788159484494563, 0.22633910592025774, 0.23801852597664117, 0.24446234393878372, 0.2545308095046315, 0.26540475231574706, 0.27547321788159485, 0.2815142972211035, 0.29480467176802255, 0.31292790978654855, 0.3306484091824406, 0.34836890857833264, 0.36407571486105517, 0.3834071687474829, 0.3983084977849376, 0.4176399516713653, 0.42529198550140956, 0.4333467579540878, 0.4397905759162304, 0.45348368908578335, 0.4635521546516311, 0.47482883608538057, 0.48570277889649616, 0.490938380990737, 0.49697946033024565, 0.5022150624244865], 'auc': [0.5064569207693919, 0.5258592801090048, 0.5408739983872928, 0.5561983503551523, 0.5677103120094666, 0.5776198406565506, 0.5871561489672319, 0.5955115667866739, 0.6029958824890087, 0.6105764638130651, 0.616808593498698, 0.6227649626469502, 0.6279437379107298, 0.632384476109727, 0.6364358291860539, 0.640341937369816, 0.6440859986156042, 0.6480662703387594, 0.652513859897143, 0.6555595328915093, 0.6586051670142756, 0.6616626813179611, 0.6644618214013402, 0.6671059736371913, 0.6695136998903295, 0.6721662071515748, 0.6742107248031899]}

Epsilon = 4.13

{'loss': [2.124394572938204, 2.0641077458738466, 2.0165915326922352, 1.9744221551544092, 1.9397750404924814, 1.9076347306904848, 1.8808524861145635, 1.8544668332732497, 1.830866746973521, 1.809119241447925, 1.7904623032480393, 1.7709920944535726, 1.751794022703382, 1.7357082609394794, 1.7220457755314262, 1.7072657145562788, 1.6935594891330383, 1.6798986406322454, 1.6671267861183066, 1.6546720050776431, 1.6430983537634773, 1.6310439171255282, 1.61990282903311, 1.609609635040446, 1.5998760175186446, 1.5901881877424444, 1.5821221652071273, 1.5738696956461684], 'accuracy': [0.2098268223922674, 0.21788159484494563, 0.22633910592025774, 0.23801852597664117, 0.24446234393878372, 0.2545308095046315, 0.26540475231574706, 0.27547321788159485, 0.2815142972211035, 0.29480467176802255, 0.31292790978654855, 0.3306484091824406, 0.34836890857833264, 0.36407571486105517, 0.3834071687474829, 0.3983084977849376, 0.4176399516713653, 0.42529198550140956, 0.4333467579540878, 0.4397905759162304, 0.45348368908578335, 0.4635521546516311, 0.47482883608538057, 0.48570277889649616, 0.490938380990737, 0.49697946033024565, 0.5022150624244865, 0.5050342327829239], 'auc': [0.5064569207693919, 0.5258592801090048, 0.5408739983872928, 0.5561983503551523, 0.5677103120094666, 0.5776198406565506, 0.5871561489672319, 0.5955115667866739, 0.6029958824890087, 0.6105764638130651, 0.616808593498698, 0.6227649626469502, 0.6279437379107298, 0.632384476109727, 0.6364358291860539, 0.640341937369816, 0.6440859986156042, 0.6480662703387594, 0.652513859897143, 0.6555595328915093, 0.6586051670142756, 0.6616626813179611, 0.6644618214013402, 0.6671059736371913, 0.6695136998903295, 0.6721662071515748, 0.6742107248031899, 0.6762473384214747]}

Epsilon = 4.21

{'loss': [2.124394572938204, 2.0641077458738466, 2.0165915326922352, 1.9744221551544092, 1.9397750404924814, 1.9076347306904848, 1.8808524861145635, 1.8544668332732497, 1.830866746973521, 1.809119241447925, 1.7904623032480393, 1.7709920944535726, 1.751794022703382, 1.7357082609394794, 1.7220457755314262, 1.7072657145562788, 1.6935594891330383, 1.6798986406322454, 1.6671267861183066, 1.6546720050776431, 1.6430983537634773, 1.6310439171255282, 1.61990282903311, 1.609609635040446, 1.5998760175186446, 1.5901881877424444, 1.5821221652071273, 1.5738696956461684, 1.5656551271977082], 'accuracy': [0.2098268223922674, 0.21788159484494563, 0.22633910592025774, 0.23801852597664117, 0.24446234393878372, 0.2545308095046315, 0.26540475231574706, 0.27547321788159485, 0.2815142972211035, 0.29480467176802255, 0.31292790978654855, 0.3306484091824406, 0.34836890857833264, 0.36407571486105517, 0.3834071687474829, 0.3983084977849376, 0.4176399516713653, 0.42529198550140956, 0.4333467579540878, 0.4397905759162304, 0.45348368908578335, 0.4635521546516311, 0.47482883608538057, 0.48570277889649616, 0.490938380990737, 0.49697946033024565, 0.5022150624244865, 0.5050342327829239, 0.5138944824808699], 'auc': [0.5064569207693919, 0.5258592801090048, 0.5408739983872928, 0.5561983503551523, 0.5677103120094666, 0.5776198406565506, 0.5871561489672319, 0.5955115667866739, 0.6029958824890087, 0.6105764638130651, 0.616808593498698, 0.6227649626469502, 0.6279437379107298, 0.632384476109727, 0.6364358291860539, 0.640341937369816, 0.6440859986156042, 0.6480662703387594, 0.652513859897143, 0.6555595328915093, 0.6586051670142756, 0.6616626813179611, 0.6644618214013402, 0.6671059736371913, 0.6695136998903295, 0.6721662071515748, 0.6742107248031899, 0.6762473384214747, 0.6783631695350596]}

Epsilon = 4.29

{'loss': [2.124394572938204, 2.0641077458738466, 2.0165915326922352, 1.9744221551544092, 1.9397750404924814, 1.9076347306904848, 1.8808524861145635, 1.8544668332732497, 1.830866746973521, 1.809119241447925, 1.7904623032480393, 1.7709920944535726, 1.751794022703382, 1.7357082609394794, 1.7220457755314262, 1.7072657145562788, 1.6935594891330383, 1.6798986406322454, 1.6671267861183066, 1.6546720050776431, 1.6430983537634773, 1.6310439171255282, 1.61990282903311, 1.609609635040446, 1.5998760175186446, 1.5901881877424444, 1.5821221652071273, 1.5738696956461684, 1.5656551271977082, 1.5575161829044681], 'accuracy': [0.2098268223922674, 0.21788159484494563, 0.22633910592025774, 0.23801852597664117, 0.24446234393878372, 0.2545308095046315, 0.26540475231574706, 0.27547321788159485, 0.2815142972211035, 0.29480467176802255, 0.31292790978654855, 0.3306484091824406, 0.34836890857833264, 0.36407571486105517, 0.3834071687474829, 0.3983084977849376, 0.4176399516713653, 0.42529198550140956, 0.4333467579540878, 0.4397905759162304, 0.45348368908578335, 0.4635521546516311, 0.47482883608538057, 0.48570277889649616, 0.490938380990737, 0.49697946033024565, 0.5022150624244865, 0.5050342327829239, 0.5138944824808699, 0.5171163914619412], 'auc': [0.5064569207693919, 0.5258592801090048, 0.5408739983872928, 0.5561983503551523, 0.5677103120094666, 0.5776198406565506, 0.5871561489672319, 0.5955115667866739, 0.6029958824890087, 0.6105764638130651, 0.616808593498698, 0.6227649626469502, 0.6279437379107298, 0.632384476109727, 0.6364358291860539, 0.640341937369816, 0.6440859986156042, 0.6480662703387594, 0.652513859897143, 0.6555595328915093, 0.6586051670142756, 0.6616626813179611, 0.6644618214013402, 0.6671059736371913, 0.6695136998903295, 0.6721662071515748, 0.6742107248031899, 0.6762473384214747, 0.6783631695350596, 0.6806237871874279]}



{'loss': [2.124394572938204, 2.0641077458738466, 2.0165915326922352, 1.9744221551544092, 1.9397750404924814, 1.9076347306904848, 1.8808524861145635, 1.8544668332732497, 1.830866746973521, 1.809119241447925, 1.7904623032480393, 1.7709920944535726, 1.751794022703382, 1.7357082609394794, 1.7220457755314262, 1.7072657145562788, 1.6935594891330383, 1.6798986406322454, 1.6671267861183066, 1.6546720050776431, 1.6430983537634773, 1.6310439171255282, 1.61990282903311, 1.609609635040446, 1.5998760175186446, 1.5901881877424444, 1.5821221652071273, 1.5738696956461684, 1.5656551271977082, 1.5575161829044681], 'accuracy': [0.2098268223922674, 0.21788159484494563, 0.22633910592025774, 0.23801852597664117, 0.24446234393878372, 0.2545308095046315, 0.26540475231574706, 0.27547321788159485, 0.2815142972211035, 0.29480467176802255, 0.31292790978654855, 0.3306484091824406, 0.34836890857833264, 0.36407571486105517, 0.3834071687474829, 0.3983084977849376, 0.4176399516713653, 0.42529198550140956, 0.4333467579540878, 0.4397905759162304, 0.45348368908578335, 0.4635521546516311, 0.47482883608538057, 0.48570277889649616, 0.490938380990737, 0.49697946033024565, 0.5022150624244865, 0.5050342327829239, 0.5138944824808699, 0.5171163914619412], 'auc': [0.5064569207693919, 0.5258592801090048, 0.5408739983872928, 0.5561983503551523, 0.5677103120094666, 0.5776198406565506, 0.5871561489672319, 0.5955115667866739, 0.6029958824890087, 0.6105764638130651, 0.616808593498698, 0.6227649626469502, 0.6279437379107298, 0.632384476109727, 0.6364358291860539, 0.640341937369816, 0.6440859986156042, 0.6480662703387594, 0.652513859897143, 0.6555595328915093, 0.6586051670142756, 0.6616626813179611, 0.6644618214013402, 0.6671059736371913, 0.6695136998903295, 0.6721662071515748, 0.6742107248031899, 0.6762473384214747, 0.6783631695350596, 0.6806237871874279]}
