nohup: ignoring input
/home/dgxuser16/anaconda3/envs/ihpc/lib/python3.8/site-packages/opacus/privacy_engine.py:95: UserWarning: Secure RNG turned off. This is perfectly fine for experimentation as it allows for much faster training performance, but remember to turn it on and retrain one last time before production with ``secure_mode`` turned on.
  warnings.warn(
02/14/2025 12:13:06:WARNING:Ignoring drop_last as it is not compatible with DPDataLoader.
02/14/2025 12:13:06:DEBUG:Opened insecure gRPC connection (no certificates were passed)
02/14/2025 12:13:06:DEBUG:ChannelConnectivity.IDLE
02/14/2025 12:13:06:DEBUG:ChannelConnectivity.READY
WARNING: All log messages before absl::InitializeLog() is called are written to STDERR
I0000 00:00:1739563986.779926 1137165 fork_posix.cc:75] Other threads are currently calling into gRPC, skipping fork() handlers
[92mINFO [0m:      
02/14/2025 12:13:44:INFO:
[92mINFO [0m:      Received: train message d5b4f29c-98d8-4f59-ba1d-bfaa6dbbc0eb
02/14/2025 12:13:44:INFO:Received: train message d5b4f29c-98d8-4f59-ba1d-bfaa6dbbc0eb
/home/dgxuser16/anaconda3/envs/ihpc/lib/python3.8/site-packages/torch/nn/modules/module.py:1640: FutureWarning: Using a non-full backward hook when the forward contains multiple autograd Nodes is deprecated and will be removed in future versions. This hook will be missing some grad_input. Please use register_full_backward_hook to get the documented behavior.
  self._maybe_warn_non_full_backward_hook(args, result, grad_fn)
/home/dgxuser16/anaconda3/envs/ihpc/lib/python3.8/site-packages/opacus/accountants/analysis/rdp.py:332: UserWarning: Optimal order is the largest alpha. Please consider expanding the range of alphas to get a tighter privacy bound.
  warnings.warn(
[92mINFO [0m:      Sent reply
02/14/2025 12:13:59:INFO:Sent reply
[92mINFO [0m:      
02/14/2025 12:14:53:INFO:
[92mINFO [0m:      Received: evaluate message a65afa23-3aa5-4bdb-9afa-d6236a9ec843
02/14/2025 12:14:53:INFO:Received: evaluate message a65afa23-3aa5-4bdb-9afa-d6236a9ec843
[92mINFO [0m:      Sent reply
02/14/2025 12:14:57:INFO:Sent reply
[92mINFO [0m:      
02/14/2025 12:15:25:INFO:
[92mINFO [0m:      Received: train message b875a7a1-a7d2-4323-8b3d-f1cc3d0c3099
02/14/2025 12:15:25:INFO:Received: train message b875a7a1-a7d2-4323-8b3d-f1cc3d0c3099
/home/dgxuser16/anaconda3/envs/ihpc/lib/python3.8/site-packages/torch/nn/modules/module.py:1640: FutureWarning: Using a non-full backward hook when the forward contains multiple autograd Nodes is deprecated and will be removed in future versions. This hook will be missing some grad_input. Please use register_full_backward_hook to get the documented behavior.
  self._maybe_warn_non_full_backward_hook(args, result, grad_fn)
/home/dgxuser16/anaconda3/envs/ihpc/lib/python3.8/site-packages/opacus/accountants/analysis/rdp.py:332: UserWarning: Optimal order is the largest alpha. Please consider expanding the range of alphas to get a tighter privacy bound.
  warnings.warn(
[92mINFO [0m:      Sent reply
02/14/2025 12:15:36:INFO:Sent reply
[92mINFO [0m:      
02/14/2025 12:16:42:INFO:
[92mINFO [0m:      Received: evaluate message 865af573-acb9-44d9-8965-efaae40c9170
02/14/2025 12:16:42:INFO:Received: evaluate message 865af573-acb9-44d9-8965-efaae40c9170
[92mINFO [0m:      Sent reply
02/14/2025 12:16:45:INFO:Sent reply
[92mINFO [0m:      
02/14/2025 12:17:07:INFO:
[92mINFO [0m:      Received: train message 056109d5-578d-4cee-9d4b-d726e5e7678d
02/14/2025 12:17:07:INFO:Received: train message 056109d5-578d-4cee-9d4b-d726e5e7678d
/home/dgxuser16/anaconda3/envs/ihpc/lib/python3.8/site-packages/torch/nn/modules/module.py:1640: FutureWarning: Using a non-full backward hook when the forward contains multiple autograd Nodes is deprecated and will be removed in future versions. This hook will be missing some grad_input. Please use register_full_backward_hook to get the documented behavior.
  self._maybe_warn_non_full_backward_hook(args, result, grad_fn)
/home/dgxuser16/anaconda3/envs/ihpc/lib/python3.8/site-packages/opacus/accountants/analysis/rdp.py:332: UserWarning: Optimal order is the largest alpha. Please consider expanding the range of alphas to get a tighter privacy bound.
  warnings.warn(
[92mINFO [0m:      Sent reply
02/14/2025 12:17:17:INFO:Sent reply
[92mINFO [0m:      
02/14/2025 12:18:15:INFO:
[92mINFO [0m:      Received: evaluate message 10bd8bbe-8295-419b-a44d-8b01c62ebfc1
02/14/2025 12:18:15:INFO:Received: evaluate message 10bd8bbe-8295-419b-a44d-8b01c62ebfc1
[92mINFO [0m:      Sent reply
02/14/2025 12:18:20:INFO:Sent reply
[92mINFO [0m:      
02/14/2025 12:18:45:INFO:
[92mINFO [0m:      Received: train message 73291b5b-1c6b-468b-9f5f-e40afcd9a02f
02/14/2025 12:18:45:INFO:Received: train message 73291b5b-1c6b-468b-9f5f-e40afcd9a02f
/home/dgxuser16/anaconda3/envs/ihpc/lib/python3.8/site-packages/torch/nn/modules/module.py:1640: FutureWarning: Using a non-full backward hook when the forward contains multiple autograd Nodes is deprecated and will be removed in future versions. This hook will be missing some grad_input. Please use register_full_backward_hook to get the documented behavior.
  self._maybe_warn_non_full_backward_hook(args, result, grad_fn)
/home/dgxuser16/anaconda3/envs/ihpc/lib/python3.8/site-packages/opacus/accountants/analysis/rdp.py:332: UserWarning: Optimal order is the largest alpha. Please consider expanding the range of alphas to get a tighter privacy bound.
  warnings.warn(
[92mINFO [0m:      Sent reply
02/14/2025 12:18:54:INFO:Sent reply
[92mINFO [0m:      
02/14/2025 12:19:48:INFO:
[92mINFO [0m:      Received: evaluate message f7ac13db-2d1b-445b-9329-3a43d5f0a584
02/14/2025 12:19:48:INFO:Received: evaluate message f7ac13db-2d1b-445b-9329-3a43d5f0a584
[92mINFO [0m:      Sent reply
02/14/2025 12:19:51:INFO:Sent reply
[92mINFO [0m:      
02/14/2025 12:20:44:INFO:
[92mINFO [0m:      Received: train message dbb2fdd7-25e0-465e-a2cb-b97c012a9ac6
02/14/2025 12:20:44:INFO:Received: train message dbb2fdd7-25e0-465e-a2cb-b97c012a9ac6
/home/dgxuser16/anaconda3/envs/ihpc/lib/python3.8/site-packages/torch/nn/modules/module.py:1640: FutureWarning: Using a non-full backward hook when the forward contains multiple autograd Nodes is deprecated and will be removed in future versions. This hook will be missing some grad_input. Please use register_full_backward_hook to get the documented behavior.
  self._maybe_warn_non_full_backward_hook(args, result, grad_fn)
/home/dgxuser16/anaconda3/envs/ihpc/lib/python3.8/site-packages/opacus/accountants/analysis/rdp.py:332: UserWarning: Optimal order is the largest alpha. Please consider expanding the range of alphas to get a tighter privacy bound.
  warnings.warn(
[92mINFO [0m:      Sent reply
02/14/2025 12:20:57:INFO:Sent reply
[92mINFO [0m:      
02/14/2025 12:21:49:INFO:
[92mINFO [0m:      Received: evaluate message e1b4fcae-7908-477a-b20d-80a0fd97bc25
02/14/2025 12:21:49:INFO:Received: evaluate message e1b4fcae-7908-477a-b20d-80a0fd97bc25
[92mINFO [0m:      Sent reply
02/14/2025 12:21:52:INFO:Sent reply
[92mINFO [0m:      
02/14/2025 12:22:13:INFO:
[92mINFO [0m:      Received: train message a73c7aae-bb0f-498e-9fcc-c702b6df99db
02/14/2025 12:22:13:INFO:Received: train message a73c7aae-bb0f-498e-9fcc-c702b6df99db
/home/dgxuser16/anaconda3/envs/ihpc/lib/python3.8/site-packages/torch/nn/modules/module.py:1640: FutureWarning: Using a non-full backward hook when the forward contains multiple autograd Nodes is deprecated and will be removed in future versions. This hook will be missing some grad_input. Please use register_full_backward_hook to get the documented behavior.
  self._maybe_warn_non_full_backward_hook(args, result, grad_fn)
/home/dgxuser16/anaconda3/envs/ihpc/lib/python3.8/site-packages/opacus/accountants/analysis/rdp.py:332: UserWarning: Optimal order is the largest alpha. Please consider expanding the range of alphas to get a tighter privacy bound.
  warnings.warn(
[92mINFO [0m:      Sent reply
02/14/2025 12:22:22:INFO:Sent reply
[92mINFO [0m:      
02/14/2025 12:23:28:INFO:
[92mINFO [0m:      Received: evaluate message 78b67308-5693-4a06-932e-f35e0825d40d
02/14/2025 12:23:28:INFO:Received: evaluate message 78b67308-5693-4a06-932e-f35e0825d40d
[92mINFO [0m:      Sent reply
02/14/2025 12:23:32:INFO:Sent reply
[92mINFO [0m:      
02/14/2025 12:23:45:INFO:
[92mINFO [0m:      Received: train message 7e912191-8042-4c47-9ce3-4cdec735eab0
02/14/2025 12:23:45:INFO:Received: train message 7e912191-8042-4c47-9ce3-4cdec735eab0
/home/dgxuser16/anaconda3/envs/ihpc/lib/python3.8/site-packages/torch/nn/modules/module.py:1640: FutureWarning: Using a non-full backward hook when the forward contains multiple autograd Nodes is deprecated and will be removed in future versions. This hook will be missing some grad_input. Please use register_full_backward_hook to get the documented behavior.
  self._maybe_warn_non_full_backward_hook(args, result, grad_fn)
/home/dgxuser16/anaconda3/envs/ihpc/lib/python3.8/site-packages/opacus/accountants/analysis/rdp.py:332: UserWarning: Optimal order is the largest alpha. Please consider expanding the range of alphas to get a tighter privacy bound.
  warnings.warn(
[92mINFO [0m:      Sent reply
02/14/2025 12:23:52:INFO:Sent reply
[92mINFO [0m:      
02/14/2025 12:25:08:INFO:
[92mINFO [0m:      Received: evaluate message 598c841a-1b40-4263-9710-58f9e21b8a16
02/14/2025 12:25:08:INFO:Received: evaluate message 598c841a-1b40-4263-9710-58f9e21b8a16
[92mINFO [0m:      Sent reply
02/14/2025 12:25:12:INFO:Sent reply
[92mINFO [0m:      
02/14/2025 12:25:44:INFO:
[92mINFO [0m:      Received: train message 77128a9f-b114-4851-9a2d-e97b046ee3da
02/14/2025 12:25:44:INFO:Received: train message 77128a9f-b114-4851-9a2d-e97b046ee3da
/home/dgxuser16/anaconda3/envs/ihpc/lib/python3.8/site-packages/torch/nn/modules/module.py:1640: FutureWarning: Using a non-full backward hook when the forward contains multiple autograd Nodes is deprecated and will be removed in future versions. This hook will be missing some grad_input. Please use register_full_backward_hook to get the documented behavior.
  self._maybe_warn_non_full_backward_hook(args, result, grad_fn)
/home/dgxuser16/anaconda3/envs/ihpc/lib/python3.8/site-packages/opacus/accountants/analysis/rdp.py:332: UserWarning: Optimal order is the largest alpha. Please consider expanding the range of alphas to get a tighter privacy bound.
  warnings.warn(
[92mINFO [0m:      Sent reply
02/14/2025 12:25:53:INFO:Sent reply
[92mINFO [0m:      
02/14/2025 12:26:46:INFO:
[92mINFO [0m:      Received: evaluate message d6ae5818-58d3-428e-b0a8-54cfec9a8c18
02/14/2025 12:26:46:INFO:Received: evaluate message d6ae5818-58d3-428e-b0a8-54cfec9a8c18
[92mINFO [0m:      Sent reply
02/14/2025 12:26:52:INFO:Sent reply
[92mINFO [0m:      
02/14/2025 12:27:35:INFO:
[92mINFO [0m:      Received: train message 2846e94a-b28c-4541-8234-9fd4a269b0dc
02/14/2025 12:27:35:INFO:Received: train message 2846e94a-b28c-4541-8234-9fd4a269b0dc
/home/dgxuser16/anaconda3/envs/ihpc/lib/python3.8/site-packages/torch/nn/modules/module.py:1640: FutureWarning: Using a non-full backward hook when the forward contains multiple autograd Nodes is deprecated and will be removed in future versions. This hook will be missing some grad_input. Please use register_full_backward_hook to get the documented behavior.
  self._maybe_warn_non_full_backward_hook(args, result, grad_fn)
/home/dgxuser16/anaconda3/envs/ihpc/lib/python3.8/site-packages/opacus/accountants/analysis/rdp.py:332: UserWarning: Optimal order is the largest alpha. Please consider expanding the range of alphas to get a tighter privacy bound.
  warnings.warn(
[92mINFO [0m:      Sent reply
02/14/2025 12:27:46:INFO:Sent reply
[92mINFO [0m:      
02/14/2025 12:28:30:INFO:
[92mINFO [0m:      Received: evaluate message 91af6b00-ba41-4129-aa2a-f53a1ce1e55d
02/14/2025 12:28:30:INFO:Received: evaluate message 91af6b00-ba41-4129-aa2a-f53a1ce1e55d
[92mINFO [0m:      Sent reply
02/14/2025 12:28:34:INFO:Sent reply
[92mINFO [0m:      
02/14/2025 12:28:57:INFO:
[92mINFO [0m:      Received: train message ec4fb374-b656-47f4-8706-15c835b40544
02/14/2025 12:28:57:INFO:Received: train message ec4fb374-b656-47f4-8706-15c835b40544
/home/dgxuser16/anaconda3/envs/ihpc/lib/python3.8/site-packages/torch/nn/modules/module.py:1640: FutureWarning: Using a non-full backward hook when the forward contains multiple autograd Nodes is deprecated and will be removed in future versions. This hook will be missing some grad_input. Please use register_full_backward_hook to get the documented behavior.
  self._maybe_warn_non_full_backward_hook(args, result, grad_fn)
/home/dgxuser16/anaconda3/envs/ihpc/lib/python3.8/site-packages/opacus/accountants/analysis/rdp.py:332: UserWarning: Optimal order is the largest alpha. Please consider expanding the range of alphas to get a tighter privacy bound.
  warnings.warn(
[92mINFO [0m:      Sent reply
02/14/2025 12:29:06:INFO:Sent reply
[92mINFO [0m:      
02/14/2025 12:30:17:INFO:
[92mINFO [0m:      Received: evaluate message 5a61f535-f6dd-49b0-899d-05df35ef41a2
02/14/2025 12:30:17:INFO:Received: evaluate message 5a61f535-f6dd-49b0-899d-05df35ef41a2
[92mINFO [0m:      Sent reply
02/14/2025 12:30:20:INFO:Sent reply
[92mINFO [0m:      
02/14/2025 12:30:56:INFO:
[92mINFO [0m:      Received: train message 96dd7d20-9678-48a7-9647-e67552e8f4f7
02/14/2025 12:30:56:INFO:Received: train message 96dd7d20-9678-48a7-9647-e67552e8f4f7
/home/dgxuser16/anaconda3/envs/ihpc/lib/python3.8/site-packages/torch/nn/modules/module.py:1640: FutureWarning: Using a non-full backward hook when the forward contains multiple autograd Nodes is deprecated and will be removed in future versions. This hook will be missing some grad_input. Please use register_full_backward_hook to get the documented behavior.
  self._maybe_warn_non_full_backward_hook(args, result, grad_fn)
/home/dgxuser16/anaconda3/envs/ihpc/lib/python3.8/site-packages/opacus/accountants/analysis/rdp.py:332: UserWarning: Optimal order is the largest alpha. Please consider expanding the range of alphas to get a tighter privacy bound.
  warnings.warn(
[92mINFO [0m:      Sent reply
02/14/2025 12:31:06:INFO:Sent reply
[92mINFO [0m:      
02/14/2025 12:31:59:INFO:
[92mINFO [0m:      Received: evaluate message 1daa6bec-2b24-468b-8e4d-e9543725514a
02/14/2025 12:31:59:INFO:Received: evaluate message 1daa6bec-2b24-468b-8e4d-e9543725514a
[92mINFO [0m:      Sent reply
02/14/2025 12:32:01:INFO:Sent reply
[92mINFO [0m:      
02/14/2025 12:32:35:INFO:
[92mINFO [0m:      Received: train message 2feedce3-0f75-42aa-a53d-12778aab6422
02/14/2025 12:32:35:INFO:Received: train message 2feedce3-0f75-42aa-a53d-12778aab6422
/home/dgxuser16/anaconda3/envs/ihpc/lib/python3.8/site-packages/torch/nn/modules/module.py:1640: FutureWarning: Using a non-full backward hook when the forward contains multiple autograd Nodes is deprecated and will be removed in future versions. This hook will be missing some grad_input. Please use register_full_backward_hook to get the documented behavior.
  self._maybe_warn_non_full_backward_hook(args, result, grad_fn)
/home/dgxuser16/anaconda3/envs/ihpc/lib/python3.8/site-packages/opacus/accountants/analysis/rdp.py:332: UserWarning: Optimal order is the largest alpha. Please consider expanding the range of alphas to get a tighter privacy bound.
  warnings.warn(
[92mINFO [0m:      Sent reply
02/14/2025 12:32:45:INFO:Sent reply
[92mINFO [0m:      
02/14/2025 12:33:32:INFO:
[92mINFO [0m:      Received: evaluate message 3757cd84-ae17-4142-844b-df53926533ea
02/14/2025 12:33:32:INFO:Received: evaluate message 3757cd84-ae17-4142-844b-df53926533ea
[92mINFO [0m:      Sent reply
02/14/2025 12:33:34:INFO:Sent reply
[92mINFO [0m:      
02/14/2025 12:34:12:INFO:
[92mINFO [0m:      Received: train message e8327b3b-3f68-40f7-83a2-0f5385c855e0
02/14/2025 12:34:12:INFO:Received: train message e8327b3b-3f68-40f7-83a2-0f5385c855e0
/home/dgxuser16/anaconda3/envs/ihpc/lib/python3.8/site-packages/torch/nn/modules/module.py:1640: FutureWarning: Using a non-full backward hook when the forward contains multiple autograd Nodes is deprecated and will be removed in future versions. This hook will be missing some grad_input. Please use register_full_backward_hook to get the documented behavior.
  self._maybe_warn_non_full_backward_hook(args, result, grad_fn)
/home/dgxuser16/anaconda3/envs/ihpc/lib/python3.8/site-packages/opacus/accountants/analysis/rdp.py:332: UserWarning: Optimal order is the largest alpha. Please consider expanding the range of alphas to get a tighter privacy bound.
  warnings.warn(
[92mINFO [0m:      Sent reply
02/14/2025 12:34:21:INFO:Sent reply
[92mINFO [0m:      
02/14/2025 12:35:03:INFO:
[92mINFO [0m:      Received: evaluate message bbc24469-8bdc-4744-a853-2d148f863e5f
02/14/2025 12:35:03:INFO:Received: evaluate message bbc24469-8bdc-4744-a853-2d148f863e5f
[92mINFO [0m:      Sent reply
02/14/2025 12:35:07:INFO:Sent reply
[92mINFO [0m:      
02/14/2025 12:35:39:INFO:
[92mINFO [0m:      Received: train message 600ace18-8315-48c2-8b47-c07a34e4e65d
02/14/2025 12:35:39:INFO:Received: train message 600ace18-8315-48c2-8b47-c07a34e4e65d
/home/dgxuser16/anaconda3/envs/ihpc/lib/python3.8/site-packages/torch/nn/modules/module.py:1640: FutureWarning: Using a non-full backward hook when the forward contains multiple autograd Nodes is deprecated and will be removed in future versions. This hook will be missing some grad_input. Please use register_full_backward_hook to get the documented behavior.
  self._maybe_warn_non_full_backward_hook(args, result, grad_fn)
/home/dgxuser16/anaconda3/envs/ihpc/lib/python3.8/site-packages/opacus/accountants/analysis/rdp.py:332: UserWarning: Optimal order is the largest alpha. Please consider expanding the range of alphas to get a tighter privacy bound.
  warnings.warn(
[92mINFO [0m:      Sent reply
02/14/2025 12:35:47:INFO:Sent reply
[92mINFO [0m:      
02/14/2025 12:36:44:INFO:
[92mINFO [0m:      Received: evaluate message 6f9bc69c-5d59-4ab5-849c-04519f09e4b5
02/14/2025 12:36:44:INFO:Received: evaluate message 6f9bc69c-5d59-4ab5-849c-04519f09e4b5
[92mINFO [0m:      Sent reply
02/14/2025 12:36:47:INFO:Sent reply
[92mINFO [0m:      
02/14/2025 12:37:30:INFO:
[92mINFO [0m:      Received: train message 2dd70da6-d44b-44e8-b071-791c63b3d809
02/14/2025 12:37:30:INFO:Received: train message 2dd70da6-d44b-44e8-b071-791c63b3d809
/home/dgxuser16/anaconda3/envs/ihpc/lib/python3.8/site-packages/torch/nn/modules/module.py:1640: FutureWarning: Using a non-full backward hook when the forward contains multiple autograd Nodes is deprecated and will be removed in future versions. This hook will be missing some grad_input. Please use register_full_backward_hook to get the documented behavior.
  self._maybe_warn_non_full_backward_hook(args, result, grad_fn)
/home/dgxuser16/anaconda3/envs/ihpc/lib/python3.8/site-packages/opacus/accountants/analysis/rdp.py:332: UserWarning: Optimal order is the largest alpha. Please consider expanding the range of alphas to get a tighter privacy bound.
  warnings.warn(
[92mINFO [0m:      Sent reply
02/14/2025 12:37:43:INFO:Sent reply
[92mINFO [0m:      
02/14/2025 12:38:08:INFO:
[92mINFO [0m:      Received: evaluate message 18f32b6c-dea7-4814-875d-778b5fb87a03
02/14/2025 12:38:08:INFO:Received: evaluate message 18f32b6c-dea7-4814-875d-778b5fb87a03
[92mINFO [0m:      Sent reply
02/14/2025 12:38:10:INFO:Sent reply
[92mINFO [0m:      
02/14/2025 12:39:00:INFO:
[92mINFO [0m:      Received: train message 5c60d276-8ec3-49b4-802d-9c2a0e08af30
02/14/2025 12:39:00:INFO:Received: train message 5c60d276-8ec3-49b4-802d-9c2a0e08af30
/home/dgxuser16/anaconda3/envs/ihpc/lib/python3.8/site-packages/torch/nn/modules/module.py:1640: FutureWarning: Using a non-full backward hook when the forward contains multiple autograd Nodes is deprecated and will be removed in future versions. This hook will be missing some grad_input. Please use register_full_backward_hook to get the documented behavior.
  self._maybe_warn_non_full_backward_hook(args, result, grad_fn)
/home/dgxuser16/anaconda3/envs/ihpc/lib/python3.8/site-packages/opacus/accountants/analysis/rdp.py:332: UserWarning: Optimal order is the largest alpha. Please consider expanding the range of alphas to get a tighter privacy bound.
  warnings.warn(
[92mINFO [0m:      Sent reply
02/14/2025 12:39:10:INFO:Sent reply
[92mINFO [0m:      
02/14/2025 12:40:01:INFO:
[92mINFO [0m:      Received: evaluate message 92d2d756-80ad-4323-b37e-bcadbab8308f
02/14/2025 12:40:01:INFO:Received: evaluate message 92d2d756-80ad-4323-b37e-bcadbab8308f
Device: cuda:0
Params: {'batch_size': 32, 'local_epochs': 3, 'full_dataset_size': 6400, 'number_of_classes': 4}
Privacy Params: {'target_delta': 1e-05, 'noise_multiplier': 3.79, 'max_grad_norm': 1.0}
Epsilon = 0.41

{'loss': [1.2941614097687675], 'accuracy': [0.506645817044566], 'auc': [0.5071988940881318]}

Epsilon = 0.58

{'loss': [1.2941614097687675, 1.2306435314168027], 'accuracy': [0.506645817044566, 0.5089913995308835], 'auc': [0.5071988940881318, 0.5222132592025484]}

Epsilon = 0.72

{'loss': [1.2941614097687675, 1.2306435314168027, 1.1884288088803743], 'accuracy': [0.506645817044566, 0.5089913995308835, 0.5121188428459734], 'auc': [0.5071988940881318, 0.5222132592025484, 0.5309320046021646]}

Epsilon = 0.84

{'loss': [1.2941614097687675, 1.2306435314168027, 1.1884288088803743, 1.160409613267065], 'accuracy': [0.506645817044566, 0.5089913995308835, 0.5121188428459734, 0.5121188428459734], 'auc': [0.5071988940881318, 0.5222132592025484, 0.5309320046021646, 0.5405456571995879]}

Epsilon = 0.94

{'loss': [1.2941614097687675, 1.2306435314168027, 1.1884288088803743, 1.160409613267065, 1.1410530236104768], 'accuracy': [0.506645817044566, 0.5089913995308835, 0.5121188428459734, 0.5121188428459734, 0.5121188428459734], 'auc': [0.5071988940881318, 0.5222132592025484, 0.5309320046021646, 0.5405456571995879, 0.5534511307348415]}

Epsilon = 1.04

{'loss': [1.2941614097687675, 1.2306435314168027, 1.1884288088803743, 1.160409613267065, 1.1410530236104768, 1.124787592254084], 'accuracy': [0.506645817044566, 0.5089913995308835, 0.5121188428459734, 0.5121188428459734, 0.5121188428459734, 0.5113369820172009], 'auc': [0.5071988940881318, 0.5222132592025484, 0.5309320046021646, 0.5405456571995879, 0.5534511307348415, 0.5624493372459654]}

Epsilon = 1.13

{'loss': [1.2941614097687675, 1.2306435314168027, 1.1884288088803743, 1.160409613267065, 1.1410530236104768, 1.124787592254084, 1.1128736316831527], 'accuracy': [0.506645817044566, 0.5089913995308835, 0.5121188428459734, 0.5121188428459734, 0.5121188428459734, 0.5113369820172009, 0.5113369820172009], 'auc': [0.5071988940881318, 0.5222132592025484, 0.5309320046021646, 0.5405456571995879, 0.5534511307348415, 0.5624493372459654, 0.5677569977520109]}

Epsilon = 1.21

{'loss': [1.2941614097687675, 1.2306435314168027, 1.1884288088803743, 1.160409613267065, 1.1410530236104768, 1.124787592254084, 1.1128736316831527, 1.1025680045395554], 'accuracy': [0.506645817044566, 0.5089913995308835, 0.5121188428459734, 0.5121188428459734, 0.5121188428459734, 0.5113369820172009, 0.5113369820172009, 0.5089913995308835], 'auc': [0.5071988940881318, 0.5222132592025484, 0.5309320046021646, 0.5405456571995879, 0.5534511307348415, 0.5624493372459654, 0.5677569977520109, 0.5762590810323176]}

Epsilon = 1.29

{'loss': [1.2941614097687675, 1.2306435314168027, 1.1884288088803743, 1.160409613267065, 1.1410530236104768, 1.124787592254084, 1.1128736316831527, 1.1025680045395554, 1.093500977572843], 'accuracy': [0.506645817044566, 0.5089913995308835, 0.5121188428459734, 0.5121188428459734, 0.5121188428459734, 0.5113369820172009, 0.5113369820172009, 0.5089913995308835, 0.5113369820172009], 'auc': [0.5071988940881318, 0.5222132592025484, 0.5309320046021646, 0.5405456571995879, 0.5534511307348415, 0.5624493372459654, 0.5677569977520109, 0.5762590810323176, 0.5898211413262089]}

Epsilon = 1.36

{'loss': [1.2941614097687675, 1.2306435314168027, 1.1884288088803743, 1.160409613267065, 1.1410530236104768, 1.124787592254084, 1.1128736316831527, 1.1025680045395554, 1.093500977572843, 1.087093486275125], 'accuracy': [0.506645817044566, 0.5089913995308835, 0.5121188428459734, 0.5121188428459734, 0.5121188428459734, 0.5113369820172009, 0.5113369820172009, 0.5089913995308835, 0.5113369820172009, 0.5113369820172009], 'auc': [0.5071988940881318, 0.5222132592025484, 0.5309320046021646, 0.5405456571995879, 0.5534511307348415, 0.5624493372459654, 0.5677569977520109, 0.5762590810323176, 0.5898211413262089, 0.5926038245123719]}

Epsilon = 1.44

{'loss': [1.2941614097687675, 1.2306435314168027, 1.1884288088803743, 1.160409613267065, 1.1410530236104768, 1.124787592254084, 1.1128736316831527, 1.1025680045395554, 1.093500977572843, 1.087093486275125, 1.081515272862283], 'accuracy': [0.506645817044566, 0.5089913995308835, 0.5121188428459734, 0.5121188428459734, 0.5121188428459734, 0.5113369820172009, 0.5113369820172009, 0.5089913995308835, 0.5113369820172009, 0.5113369820172009, 0.5129007036747459], 'auc': [0.5071988940881318, 0.5222132592025484, 0.5309320046021646, 0.5405456571995879, 0.5534511307348415, 0.5624493372459654, 0.5677569977520109, 0.5762590810323176, 0.5898211413262089, 0.5926038245123719, 0.5965224797312197]}

Epsilon = 1.51

{'loss': [1.2941614097687675, 1.2306435314168027, 1.1884288088803743, 1.160409613267065, 1.1410530236104768, 1.124787592254084, 1.1128736316831527, 1.1025680045395554, 1.093500977572843, 1.087093486275125, 1.081515272862283, 1.0762051163100004], 'accuracy': [0.506645817044566, 0.5089913995308835, 0.5121188428459734, 0.5121188428459734, 0.5121188428459734, 0.5113369820172009, 0.5113369820172009, 0.5089913995308835, 0.5113369820172009, 0.5113369820172009, 0.5129007036747459, 0.5113369820172009], 'auc': [0.5071988940881318, 0.5222132592025484, 0.5309320046021646, 0.5405456571995879, 0.5534511307348415, 0.5624493372459654, 0.5677569977520109, 0.5762590810323176, 0.5898211413262089, 0.5926038245123719, 0.5965224797312197, 0.6003634890373015]}

Epsilon = 1.57

{'loss': [1.2941614097687675, 1.2306435314168027, 1.1884288088803743, 1.160409613267065, 1.1410530236104768, 1.124787592254084, 1.1128736316831527, 1.1025680045395554, 1.093500977572843, 1.087093486275125, 1.081515272862283, 1.0762051163100004, 1.0720420123265066], 'accuracy': [0.506645817044566, 0.5089913995308835, 0.5121188428459734, 0.5121188428459734, 0.5121188428459734, 0.5113369820172009, 0.5113369820172009, 0.5089913995308835, 0.5113369820172009, 0.5113369820172009, 0.5129007036747459, 0.5113369820172009, 0.5129007036747459], 'auc': [0.5071988940881318, 0.5222132592025484, 0.5309320046021646, 0.5405456571995879, 0.5534511307348415, 0.5624493372459654, 0.5677569977520109, 0.5762590810323176, 0.5898211413262089, 0.5926038245123719, 0.5965224797312197, 0.6003634890373015, 0.6061883014750735]}

Epsilon = 1.64

{'loss': [1.2941614097687675, 1.2306435314168027, 1.1884288088803743, 1.160409613267065, 1.1410530236104768, 1.124787592254084, 1.1128736316831527, 1.1025680045395554, 1.093500977572843, 1.087093486275125, 1.081515272862283, 1.0762051163100004, 1.0720420123265066, 1.0689042311706423], 'accuracy': [0.506645817044566, 0.5089913995308835, 0.5121188428459734, 0.5121188428459734, 0.5121188428459734, 0.5113369820172009, 0.5113369820172009, 0.5089913995308835, 0.5113369820172009, 0.5113369820172009, 0.5129007036747459, 0.5113369820172009, 0.5129007036747459, 0.5105551211884285], 'auc': [0.5071988940881318, 0.5222132592025484, 0.5309320046021646, 0.5405456571995879, 0.5534511307348415, 0.5624493372459654, 0.5677569977520109, 0.5762590810323176, 0.5898211413262089, 0.5926038245123719, 0.5965224797312197, 0.6003634890373015, 0.6061883014750735, 0.6083268807120681]}

Epsilon = 1.70

{'loss': [1.2941614097687675, 1.2306435314168027, 1.1884288088803743, 1.160409613267065, 1.1410530236104768, 1.124787592254084, 1.1128736316831527, 1.1025680045395554, 1.093500977572843, 1.087093486275125, 1.081515272862283, 1.0762051163100004, 1.0720420123265066, 1.0689042311706423, 1.0663697889207209], 'accuracy': [0.506645817044566, 0.5089913995308835, 0.5121188428459734, 0.5121188428459734, 0.5121188428459734, 0.5113369820172009, 0.5113369820172009, 0.5089913995308835, 0.5113369820172009, 0.5113369820172009, 0.5129007036747459, 0.5113369820172009, 0.5129007036747459, 0.5105551211884285, 0.5105551211884285], 'auc': [0.5071988940881318, 0.5222132592025484, 0.5309320046021646, 0.5405456571995879, 0.5534511307348415, 0.5624493372459654, 0.5677569977520109, 0.5762590810323176, 0.5898211413262089, 0.5926038245123719, 0.5965224797312197, 0.6003634890373015, 0.6061883014750735, 0.6083268807120681, 0.6116751899330831]}

Epsilon = 1.76
[92mINFO [0m:      Sent reply
02/14/2025 12:40:05:INFO:Sent reply
[92mINFO [0m:      
02/14/2025 12:40:51:INFO:
[92mINFO [0m:      Received: train message 3a8d496f-4ece-4ef8-9f8e-ac1ce8d7e80c
02/14/2025 12:40:51:INFO:Received: train message 3a8d496f-4ece-4ef8-9f8e-ac1ce8d7e80c
/home/dgxuser16/anaconda3/envs/ihpc/lib/python3.8/site-packages/torch/nn/modules/module.py:1640: FutureWarning: Using a non-full backward hook when the forward contains multiple autograd Nodes is deprecated and will be removed in future versions. This hook will be missing some grad_input. Please use register_full_backward_hook to get the documented behavior.
  self._maybe_warn_non_full_backward_hook(args, result, grad_fn)
/home/dgxuser16/anaconda3/envs/ihpc/lib/python3.8/site-packages/opacus/accountants/analysis/rdp.py:332: UserWarning: Optimal order is the largest alpha. Please consider expanding the range of alphas to get a tighter privacy bound.
  warnings.warn(
[92mINFO [0m:      Sent reply
02/14/2025 12:41:04:INFO:Sent reply
[92mINFO [0m:      
02/14/2025 12:41:48:INFO:
[92mINFO [0m:      Received: evaluate message ca44b840-68f1-4730-ad4b-f9d3a337339a
02/14/2025 12:41:48:INFO:Received: evaluate message ca44b840-68f1-4730-ad4b-f9d3a337339a
[92mINFO [0m:      Sent reply
02/14/2025 12:41:52:INFO:Sent reply
[92mINFO [0m:      
02/14/2025 12:42:15:INFO:
[92mINFO [0m:      Received: train message 6ad2f963-d0b1-4d9c-8d7c-e82ae94d0414
02/14/2025 12:42:15:INFO:Received: train message 6ad2f963-d0b1-4d9c-8d7c-e82ae94d0414
/home/dgxuser16/anaconda3/envs/ihpc/lib/python3.8/site-packages/torch/nn/modules/module.py:1640: FutureWarning: Using a non-full backward hook when the forward contains multiple autograd Nodes is deprecated and will be removed in future versions. This hook will be missing some grad_input. Please use register_full_backward_hook to get the documented behavior.
  self._maybe_warn_non_full_backward_hook(args, result, grad_fn)
/home/dgxuser16/anaconda3/envs/ihpc/lib/python3.8/site-packages/opacus/accountants/analysis/rdp.py:332: UserWarning: Optimal order is the largest alpha. Please consider expanding the range of alphas to get a tighter privacy bound.
  warnings.warn(
[92mINFO [0m:      Sent reply
02/14/2025 12:42:25:INFO:Sent reply
[92mINFO [0m:      
02/14/2025 12:43:13:INFO:
[92mINFO [0m:      Received: evaluate message 2928ece3-bde4-4f00-9178-ba4bb2c4a0de
02/14/2025 12:43:13:INFO:Received: evaluate message 2928ece3-bde4-4f00-9178-ba4bb2c4a0de
[92mINFO [0m:      Sent reply
02/14/2025 12:43:16:INFO:Sent reply
[92mINFO [0m:      
02/14/2025 12:44:07:INFO:
[92mINFO [0m:      Received: train message 1d7e8859-0aa0-444c-9e35-9df507a584e0
02/14/2025 12:44:07:INFO:Received: train message 1d7e8859-0aa0-444c-9e35-9df507a584e0
/home/dgxuser16/anaconda3/envs/ihpc/lib/python3.8/site-packages/torch/nn/modules/module.py:1640: FutureWarning: Using a non-full backward hook when the forward contains multiple autograd Nodes is deprecated and will be removed in future versions. This hook will be missing some grad_input. Please use register_full_backward_hook to get the documented behavior.
  self._maybe_warn_non_full_backward_hook(args, result, grad_fn)
/home/dgxuser16/anaconda3/envs/ihpc/lib/python3.8/site-packages/opacus/accountants/analysis/rdp.py:332: UserWarning: Optimal order is the largest alpha. Please consider expanding the range of alphas to get a tighter privacy bound.
  warnings.warn(
[92mINFO [0m:      Sent reply
02/14/2025 12:44:18:INFO:Sent reply
[92mINFO [0m:      
02/14/2025 12:45:09:INFO:
[92mINFO [0m:      Received: evaluate message 0ad7082a-5d84-4903-8efa-d70d16b1bceb
02/14/2025 12:45:09:INFO:Received: evaluate message 0ad7082a-5d84-4903-8efa-d70d16b1bceb
[92mINFO [0m:      Sent reply
02/14/2025 12:45:14:INFO:Sent reply
[92mINFO [0m:      
02/14/2025 12:45:55:INFO:
[92mINFO [0m:      Received: train message 4dfbb19a-3b6b-4312-a0a6-8fcd8e8d0036
02/14/2025 12:45:55:INFO:Received: train message 4dfbb19a-3b6b-4312-a0a6-8fcd8e8d0036
/home/dgxuser16/anaconda3/envs/ihpc/lib/python3.8/site-packages/torch/nn/modules/module.py:1640: FutureWarning: Using a non-full backward hook when the forward contains multiple autograd Nodes is deprecated and will be removed in future versions. This hook will be missing some grad_input. Please use register_full_backward_hook to get the documented behavior.
  self._maybe_warn_non_full_backward_hook(args, result, grad_fn)
/home/dgxuser16/anaconda3/envs/ihpc/lib/python3.8/site-packages/opacus/accountants/analysis/rdp.py:332: UserWarning: Optimal order is the largest alpha. Please consider expanding the range of alphas to get a tighter privacy bound.
  warnings.warn(
[92mINFO [0m:      Sent reply
02/14/2025 12:46:05:INFO:Sent reply
[92mINFO [0m:      
02/14/2025 12:46:35:INFO:
[92mINFO [0m:      Received: evaluate message c61a1421-fa08-429c-922e-aae3b4359ee5
02/14/2025 12:46:35:INFO:Received: evaluate message c61a1421-fa08-429c-922e-aae3b4359ee5
[92mINFO [0m:      Sent reply
02/14/2025 12:46:37:INFO:Sent reply
[92mINFO [0m:      
02/14/2025 12:47:32:INFO:
[92mINFO [0m:      Received: train message 280d8fc0-388a-41c4-a342-563fa1bfa3c6
02/14/2025 12:47:32:INFO:Received: train message 280d8fc0-388a-41c4-a342-563fa1bfa3c6
/home/dgxuser16/anaconda3/envs/ihpc/lib/python3.8/site-packages/torch/nn/modules/module.py:1640: FutureWarning: Using a non-full backward hook when the forward contains multiple autograd Nodes is deprecated and will be removed in future versions. This hook will be missing some grad_input. Please use register_full_backward_hook to get the documented behavior.
  self._maybe_warn_non_full_backward_hook(args, result, grad_fn)
/home/dgxuser16/anaconda3/envs/ihpc/lib/python3.8/site-packages/opacus/accountants/analysis/rdp.py:332: UserWarning: Optimal order is the largest alpha. Please consider expanding the range of alphas to get a tighter privacy bound.
  warnings.warn(
[92mINFO [0m:      Sent reply
02/14/2025 12:47:46:INFO:Sent reply
[92mINFO [0m:      
02/14/2025 12:48:24:INFO:
[92mINFO [0m:      Received: evaluate message a5172b73-75fd-4338-bbeb-49bc4b9141b1
02/14/2025 12:48:24:INFO:Received: evaluate message a5172b73-75fd-4338-bbeb-49bc4b9141b1
[92mINFO [0m:      Sent reply
02/14/2025 12:48:27:INFO:Sent reply
[92mINFO [0m:      
02/14/2025 12:49:19:INFO:
[92mINFO [0m:      Received: train message f513dcee-b228-45dc-b8a2-70901bf24dcc
02/14/2025 12:49:19:INFO:Received: train message f513dcee-b228-45dc-b8a2-70901bf24dcc
/home/dgxuser16/anaconda3/envs/ihpc/lib/python3.8/site-packages/torch/nn/modules/module.py:1640: FutureWarning: Using a non-full backward hook when the forward contains multiple autograd Nodes is deprecated and will be removed in future versions. This hook will be missing some grad_input. Please use register_full_backward_hook to get the documented behavior.
  self._maybe_warn_non_full_backward_hook(args, result, grad_fn)
/home/dgxuser16/anaconda3/envs/ihpc/lib/python3.8/site-packages/opacus/accountants/analysis/rdp.py:332: UserWarning: Optimal order is the largest alpha. Please consider expanding the range of alphas to get a tighter privacy bound.
  warnings.warn(
[92mINFO [0m:      Sent reply
02/14/2025 12:49:29:INFO:Sent reply
[92mINFO [0m:      
02/14/2025 12:50:20:INFO:
[92mINFO [0m:      Received: evaluate message 75b2d8fc-36c9-4e1f-8582-c357d2e0e141
02/14/2025 12:50:20:INFO:Received: evaluate message 75b2d8fc-36c9-4e1f-8582-c357d2e0e141

{'loss': [1.2941614097687675, 1.2306435314168027, 1.1884288088803743, 1.160409613267065, 1.1410530236104768, 1.124787592254084, 1.1128736316831527, 1.1025680045395554, 1.093500977572843, 1.087093486275125, 1.081515272862283, 1.0762051163100004, 1.0720420123265066, 1.0689042311706423, 1.0663697889207209, 1.0632473885593607], 'accuracy': [0.506645817044566, 0.5089913995308835, 0.5121188428459734, 0.5121188428459734, 0.5121188428459734, 0.5113369820172009, 0.5113369820172009, 0.5089913995308835, 0.5113369820172009, 0.5113369820172009, 0.5129007036747459, 0.5113369820172009, 0.5129007036747459, 0.5105551211884285, 0.5105551211884285, 0.5089913995308835], 'auc': [0.5071988940881318, 0.5222132592025484, 0.5309320046021646, 0.5405456571995879, 0.5534511307348415, 0.5624493372459654, 0.5677569977520109, 0.5762590810323176, 0.5898211413262089, 0.5926038245123719, 0.5965224797312197, 0.6003634890373015, 0.6061883014750735, 0.6083268807120681, 0.6116751899330831, 0.6139225543821206]}

Epsilon = 1.82

{'loss': [1.2941614097687675, 1.2306435314168027, 1.1884288088803743, 1.160409613267065, 1.1410530236104768, 1.124787592254084, 1.1128736316831527, 1.1025680045395554, 1.093500977572843, 1.087093486275125, 1.081515272862283, 1.0762051163100004, 1.0720420123265066, 1.0689042311706423, 1.0663697889207209, 1.0632473885593607, 1.0613665531350822], 'accuracy': [0.506645817044566, 0.5089913995308835, 0.5121188428459734, 0.5121188428459734, 0.5121188428459734, 0.5113369820172009, 0.5113369820172009, 0.5089913995308835, 0.5113369820172009, 0.5113369820172009, 0.5129007036747459, 0.5113369820172009, 0.5129007036747459, 0.5105551211884285, 0.5105551211884285, 0.5089913995308835, 0.5089913995308835], 'auc': [0.5071988940881318, 0.5222132592025484, 0.5309320046021646, 0.5405456571995879, 0.5534511307348415, 0.5624493372459654, 0.5677569977520109, 0.5762590810323176, 0.5898211413262089, 0.5926038245123719, 0.5965224797312197, 0.6003634890373015, 0.6061883014750735, 0.6083268807120681, 0.6116751899330831, 0.6139225543821206, 0.6149777805068865]}

Epsilon = 1.88

{'loss': [1.2941614097687675, 1.2306435314168027, 1.1884288088803743, 1.160409613267065, 1.1410530236104768, 1.124787592254084, 1.1128736316831527, 1.1025680045395554, 1.093500977572843, 1.087093486275125, 1.081515272862283, 1.0762051163100004, 1.0720420123265066, 1.0689042311706423, 1.0663697889207209, 1.0632473885593607, 1.0613665531350822, 1.059094901379428], 'accuracy': [0.506645817044566, 0.5089913995308835, 0.5121188428459734, 0.5121188428459734, 0.5121188428459734, 0.5113369820172009, 0.5113369820172009, 0.5089913995308835, 0.5113369820172009, 0.5113369820172009, 0.5129007036747459, 0.5113369820172009, 0.5129007036747459, 0.5105551211884285, 0.5105551211884285, 0.5089913995308835, 0.5089913995308835, 0.5089913995308835], 'auc': [0.5071988940881318, 0.5222132592025484, 0.5309320046021646, 0.5405456571995879, 0.5534511307348415, 0.5624493372459654, 0.5677569977520109, 0.5762590810323176, 0.5898211413262089, 0.5926038245123719, 0.5965224797312197, 0.6003634890373015, 0.6061883014750735, 0.6083268807120681, 0.6116751899330831, 0.6139225543821206, 0.6149777805068865, 0.6164824113026742]}

Epsilon = 1.93

{'loss': [1.2941614097687675, 1.2306435314168027, 1.1884288088803743, 1.160409613267065, 1.1410530236104768, 1.124787592254084, 1.1128736316831527, 1.1025680045395554, 1.093500977572843, 1.087093486275125, 1.081515272862283, 1.0762051163100004, 1.0720420123265066, 1.0689042311706423, 1.0663697889207209, 1.0632473885593607, 1.0613665531350822, 1.059094901379428, 1.0575046288118966], 'accuracy': [0.506645817044566, 0.5089913995308835, 0.5121188428459734, 0.5121188428459734, 0.5121188428459734, 0.5113369820172009, 0.5113369820172009, 0.5089913995308835, 0.5113369820172009, 0.5113369820172009, 0.5129007036747459, 0.5113369820172009, 0.5129007036747459, 0.5105551211884285, 0.5105551211884285, 0.5089913995308835, 0.5089913995308835, 0.5089913995308835, 0.5113369820172009], 'auc': [0.5071988940881318, 0.5222132592025484, 0.5309320046021646, 0.5405456571995879, 0.5534511307348415, 0.5624493372459654, 0.5677569977520109, 0.5762590810323176, 0.5898211413262089, 0.5926038245123719, 0.5965224797312197, 0.6003634890373015, 0.6061883014750735, 0.6083268807120681, 0.6116751899330831, 0.6139225543821206, 0.6149777805068865, 0.6164824113026742, 0.6197368279902072]}

Epsilon = 1.99

{'loss': [1.2941614097687675, 1.2306435314168027, 1.1884288088803743, 1.160409613267065, 1.1410530236104768, 1.124787592254084, 1.1128736316831527, 1.1025680045395554, 1.093500977572843, 1.087093486275125, 1.081515272862283, 1.0762051163100004, 1.0720420123265066, 1.0689042311706423, 1.0663697889207209, 1.0632473885593607, 1.0613665531350822, 1.059094901379428, 1.0575046288118966, 1.0560439522607519], 'accuracy': [0.506645817044566, 0.5089913995308835, 0.5121188428459734, 0.5121188428459734, 0.5121188428459734, 0.5113369820172009, 0.5113369820172009, 0.5089913995308835, 0.5113369820172009, 0.5113369820172009, 0.5129007036747459, 0.5113369820172009, 0.5129007036747459, 0.5105551211884285, 0.5105551211884285, 0.5089913995308835, 0.5089913995308835, 0.5089913995308835, 0.5113369820172009, 0.5089913995308835], 'auc': [0.5071988940881318, 0.5222132592025484, 0.5309320046021646, 0.5405456571995879, 0.5534511307348415, 0.5624493372459654, 0.5677569977520109, 0.5762590810323176, 0.5898211413262089, 0.5926038245123719, 0.5965224797312197, 0.6003634890373015, 0.6061883014750735, 0.6083268807120681, 0.6116751899330831, 0.6139225543821206, 0.6149777805068865, 0.6164824113026742, 0.6197368279902072, 0.6202678121906294]}

Epsilon = 2.04

{'loss': [1.2941614097687675, 1.2306435314168027, 1.1884288088803743, 1.160409613267065, 1.1410530236104768, 1.124787592254084, 1.1128736316831527, 1.1025680045395554, 1.093500977572843, 1.087093486275125, 1.081515272862283, 1.0762051163100004, 1.0720420123265066, 1.0689042311706423, 1.0663697889207209, 1.0632473885593607, 1.0613665531350822, 1.059094901379428, 1.0575046288118966, 1.0560439522607519, 1.055362964673747], 'accuracy': [0.506645817044566, 0.5089913995308835, 0.5121188428459734, 0.5121188428459734, 0.5121188428459734, 0.5113369820172009, 0.5113369820172009, 0.5089913995308835, 0.5113369820172009, 0.5113369820172009, 0.5129007036747459, 0.5113369820172009, 0.5129007036747459, 0.5105551211884285, 0.5105551211884285, 0.5089913995308835, 0.5089913995308835, 0.5089913995308835, 0.5113369820172009, 0.5089913995308835, 0.508209538702111], 'auc': [0.5071988940881318, 0.5222132592025484, 0.5309320046021646, 0.5405456571995879, 0.5534511307348415, 0.5624493372459654, 0.5677569977520109, 0.5762590810323176, 0.5898211413262089, 0.5926038245123719, 0.5965224797312197, 0.6003634890373015, 0.6061883014750735, 0.6083268807120681, 0.6116751899330831, 0.6139225543821206, 0.6149777805068865, 0.6164824113026742, 0.6197368279902072, 0.6202678121906294, 0.6230747854615735]}

Epsilon = 2.09
[92mINFO [0m:      Sent reply
02/14/2025 12:50:25:INFO:Sent reply
[92mINFO [0m:      
02/14/2025 12:50:48:INFO:
[92mINFO [0m:      Received: train message 29b81cb4-15fb-4e13-8c9b-ae20eb61050a
02/14/2025 12:50:48:INFO:Received: train message 29b81cb4-15fb-4e13-8c9b-ae20eb61050a
/home/dgxuser16/anaconda3/envs/ihpc/lib/python3.8/site-packages/torch/nn/modules/module.py:1640: FutureWarning: Using a non-full backward hook when the forward contains multiple autograd Nodes is deprecated and will be removed in future versions. This hook will be missing some grad_input. Please use register_full_backward_hook to get the documented behavior.
  self._maybe_warn_non_full_backward_hook(args, result, grad_fn)
/home/dgxuser16/anaconda3/envs/ihpc/lib/python3.8/site-packages/opacus/accountants/analysis/rdp.py:332: UserWarning: Optimal order is the largest alpha. Please consider expanding the range of alphas to get a tighter privacy bound.
  warnings.warn(
[92mINFO [0m:      Sent reply
02/14/2025 12:50:56:INFO:Sent reply
[92mINFO [0m:      
02/14/2025 12:52:00:INFO:
[92mINFO [0m:      Received: evaluate message 71dce231-addc-4c26-b208-281ec5891318
02/14/2025 12:52:00:INFO:Received: evaluate message 71dce231-addc-4c26-b208-281ec5891318
[92mINFO [0m:      Sent reply
02/14/2025 12:52:02:INFO:Sent reply
[92mINFO [0m:      
02/14/2025 12:52:36:INFO:
[92mINFO [0m:      Received: train message 09af3ed7-825e-4932-a246-9ad27b37ed1b
02/14/2025 12:52:36:INFO:Received: train message 09af3ed7-825e-4932-a246-9ad27b37ed1b
/home/dgxuser16/anaconda3/envs/ihpc/lib/python3.8/site-packages/torch/nn/modules/module.py:1640: FutureWarning: Using a non-full backward hook when the forward contains multiple autograd Nodes is deprecated and will be removed in future versions. This hook will be missing some grad_input. Please use register_full_backward_hook to get the documented behavior.
  self._maybe_warn_non_full_backward_hook(args, result, grad_fn)
/home/dgxuser16/anaconda3/envs/ihpc/lib/python3.8/site-packages/opacus/accountants/analysis/rdp.py:332: UserWarning: Optimal order is the largest alpha. Please consider expanding the range of alphas to get a tighter privacy bound.
  warnings.warn(
[92mINFO [0m:      Sent reply
02/14/2025 12:52:45:INFO:Sent reply
[92mINFO [0m:      
02/14/2025 12:53:32:INFO:
[92mINFO [0m:      Received: evaluate message 45771f07-c934-48f3-a01c-2686583c389d
02/14/2025 12:53:32:INFO:Received: evaluate message 45771f07-c934-48f3-a01c-2686583c389d
[92mINFO [0m:      Sent reply
02/14/2025 12:53:36:INFO:Sent reply
[92mINFO [0m:      
02/14/2025 12:54:01:INFO:
[92mINFO [0m:      Received: train message da33543d-bd9b-4c1c-b708-2bc94f49d90b
02/14/2025 12:54:01:INFO:Received: train message da33543d-bd9b-4c1c-b708-2bc94f49d90b
/home/dgxuser16/anaconda3/envs/ihpc/lib/python3.8/site-packages/torch/nn/modules/module.py:1640: FutureWarning: Using a non-full backward hook when the forward contains multiple autograd Nodes is deprecated and will be removed in future versions. This hook will be missing some grad_input. Please use register_full_backward_hook to get the documented behavior.
  self._maybe_warn_non_full_backward_hook(args, result, grad_fn)
/home/dgxuser16/anaconda3/envs/ihpc/lib/python3.8/site-packages/opacus/accountants/analysis/rdp.py:332: UserWarning: Optimal order is the largest alpha. Please consider expanding the range of alphas to get a tighter privacy bound.
  warnings.warn(
[92mINFO [0m:      Sent reply
02/14/2025 12:54:12:INFO:Sent reply
[92mINFO [0m:      
02/14/2025 12:55:01:INFO:
[92mINFO [0m:      Received: evaluate message d686d813-abea-49c0-bd99-3902ca312555
02/14/2025 12:55:01:INFO:Received: evaluate message d686d813-abea-49c0-bd99-3902ca312555
[92mINFO [0m:      Sent reply
02/14/2025 12:55:04:INFO:Sent reply
[92mINFO [0m:      
02/14/2025 12:55:59:INFO:
[92mINFO [0m:      Received: train message 2e4e0de7-45e2-4b98-a805-b7a5b7c20472
02/14/2025 12:55:59:INFO:Received: train message 2e4e0de7-45e2-4b98-a805-b7a5b7c20472
/home/dgxuser16/anaconda3/envs/ihpc/lib/python3.8/site-packages/torch/nn/modules/module.py:1640: FutureWarning: Using a non-full backward hook when the forward contains multiple autograd Nodes is deprecated and will be removed in future versions. This hook will be missing some grad_input. Please use register_full_backward_hook to get the documented behavior.
  self._maybe_warn_non_full_backward_hook(args, result, grad_fn)
/home/dgxuser16/anaconda3/envs/ihpc/lib/python3.8/site-packages/opacus/accountants/analysis/rdp.py:332: UserWarning: Optimal order is the largest alpha. Please consider expanding the range of alphas to get a tighter privacy bound.
  warnings.warn(
[92mINFO [0m:      Sent reply
02/14/2025 12:56:13:INFO:Sent reply
[92mINFO [0m:      
02/14/2025 12:57:00:INFO:
[92mINFO [0m:      Received: evaluate message 918bd4cd-b355-458b-b0b4-942c2f54d567
02/14/2025 12:57:00:INFO:Received: evaluate message 918bd4cd-b355-458b-b0b4-942c2f54d567
[92mINFO [0m:      Sent reply
02/14/2025 12:57:02:INFO:Sent reply
[92mINFO [0m:      
02/14/2025 12:57:40:INFO:
[92mINFO [0m:      Received: train message 36caba26-c36a-44b9-8249-96c4e5a5b834
02/14/2025 12:57:40:INFO:Received: train message 36caba26-c36a-44b9-8249-96c4e5a5b834
/home/dgxuser16/anaconda3/envs/ihpc/lib/python3.8/site-packages/torch/nn/modules/module.py:1640: FutureWarning: Using a non-full backward hook when the forward contains multiple autograd Nodes is deprecated and will be removed in future versions. This hook will be missing some grad_input. Please use register_full_backward_hook to get the documented behavior.
  self._maybe_warn_non_full_backward_hook(args, result, grad_fn)
/home/dgxuser16/anaconda3/envs/ihpc/lib/python3.8/site-packages/opacus/accountants/analysis/rdp.py:332: UserWarning: Optimal order is the largest alpha. Please consider expanding the range of alphas to get a tighter privacy bound.
  warnings.warn(
[92mINFO [0m:      Sent reply
02/14/2025 12:57:54:INFO:Sent reply
[92mINFO [0m:      
02/14/2025 12:58:35:INFO:
[92mINFO [0m:      Received: evaluate message 677ea455-d4cb-46ee-a118-b1299aaffbfc
02/14/2025 12:58:35:INFO:Received: evaluate message 677ea455-d4cb-46ee-a118-b1299aaffbfc

{'loss': [1.2941614097687675, 1.2306435314168027, 1.1884288088803743, 1.160409613267065, 1.1410530236104768, 1.124787592254084, 1.1128736316831527, 1.1025680045395554, 1.093500977572843, 1.087093486275125, 1.081515272862283, 1.0762051163100004, 1.0720420123265066, 1.0689042311706423, 1.0663697889207209, 1.0632473885593607, 1.0613665531350822, 1.059094901379428, 1.0575046288118966, 1.0560439522607519, 1.055362964673747, 1.0544009780958352], 'accuracy': [0.506645817044566, 0.5089913995308835, 0.5121188428459734, 0.5121188428459734, 0.5121188428459734, 0.5113369820172009, 0.5113369820172009, 0.5089913995308835, 0.5113369820172009, 0.5113369820172009, 0.5129007036747459, 0.5113369820172009, 0.5129007036747459, 0.5105551211884285, 0.5105551211884285, 0.5089913995308835, 0.5089913995308835, 0.5089913995308835, 0.5113369820172009, 0.5089913995308835, 0.508209538702111, 0.5089913995308835], 'auc': [0.5071988940881318, 0.5222132592025484, 0.5309320046021646, 0.5405456571995879, 0.5534511307348415, 0.5624493372459654, 0.5677569977520109, 0.5762590810323176, 0.5898211413262089, 0.5926038245123719, 0.5965224797312197, 0.6003634890373015, 0.6061883014750735, 0.6083268807120681, 0.6116751899330831, 0.6139225543821206, 0.6149777805068865, 0.6164824113026742, 0.6197368279902072, 0.6202678121906294, 0.6230747854615735, 0.6246823518785452]}

Epsilon = 2.15

{'loss': [1.2941614097687675, 1.2306435314168027, 1.1884288088803743, 1.160409613267065, 1.1410530236104768, 1.124787592254084, 1.1128736316831527, 1.1025680045395554, 1.093500977572843, 1.087093486275125, 1.081515272862283, 1.0762051163100004, 1.0720420123265066, 1.0689042311706423, 1.0663697889207209, 1.0632473885593607, 1.0613665531350822, 1.059094901379428, 1.0575046288118966, 1.0560439522607519, 1.055362964673747, 1.0544009780958352, 1.0539891463970188], 'accuracy': [0.506645817044566, 0.5089913995308835, 0.5121188428459734, 0.5121188428459734, 0.5121188428459734, 0.5113369820172009, 0.5113369820172009, 0.5089913995308835, 0.5113369820172009, 0.5113369820172009, 0.5129007036747459, 0.5113369820172009, 0.5129007036747459, 0.5105551211884285, 0.5105551211884285, 0.5089913995308835, 0.5089913995308835, 0.5089913995308835, 0.5113369820172009, 0.5089913995308835, 0.508209538702111, 0.5089913995308835, 0.5089913995308835], 'auc': [0.5071988940881318, 0.5222132592025484, 0.5309320046021646, 0.5405456571995879, 0.5534511307348415, 0.5624493372459654, 0.5677569977520109, 0.5762590810323176, 0.5898211413262089, 0.5926038245123719, 0.5965224797312197, 0.6003634890373015, 0.6061883014750735, 0.6083268807120681, 0.6116751899330831, 0.6139225543821206, 0.6149777805068865, 0.6164824113026742, 0.6197368279902072, 0.6202678121906294, 0.6230747854615735, 0.6246823518785452, 0.623776251341844]}

Epsilon = 2.20

{'loss': [1.2941614097687675, 1.2306435314168027, 1.1884288088803743, 1.160409613267065, 1.1410530236104768, 1.124787592254084, 1.1128736316831527, 1.1025680045395554, 1.093500977572843, 1.087093486275125, 1.081515272862283, 1.0762051163100004, 1.0720420123265066, 1.0689042311706423, 1.0663697889207209, 1.0632473885593607, 1.0613665531350822, 1.059094901379428, 1.0575046288118966, 1.0560439522607519, 1.055362964673747, 1.0544009780958352, 1.0539891463970188, 1.0533747086308727], 'accuracy': [0.506645817044566, 0.5089913995308835, 0.5121188428459734, 0.5121188428459734, 0.5121188428459734, 0.5113369820172009, 0.5113369820172009, 0.5089913995308835, 0.5113369820172009, 0.5113369820172009, 0.5129007036747459, 0.5113369820172009, 0.5129007036747459, 0.5105551211884285, 0.5105551211884285, 0.5089913995308835, 0.5089913995308835, 0.5089913995308835, 0.5113369820172009, 0.5089913995308835, 0.508209538702111, 0.5089913995308835, 0.5089913995308835, 0.5113369820172009], 'auc': [0.5071988940881318, 0.5222132592025484, 0.5309320046021646, 0.5405456571995879, 0.5534511307348415, 0.5624493372459654, 0.5677569977520109, 0.5762590810323176, 0.5898211413262089, 0.5926038245123719, 0.5965224797312197, 0.6003634890373015, 0.6061883014750735, 0.6083268807120681, 0.6116751899330831, 0.6139225543821206, 0.6149777805068865, 0.6164824113026742, 0.6197368279902072, 0.6202678121906294, 0.6230747854615735, 0.6246823518785452, 0.623776251341844, 0.6257288581821933]}

Epsilon = 2.25

{'loss': [1.2941614097687675, 1.2306435314168027, 1.1884288088803743, 1.160409613267065, 1.1410530236104768, 1.124787592254084, 1.1128736316831527, 1.1025680045395554, 1.093500977572843, 1.087093486275125, 1.081515272862283, 1.0762051163100004, 1.0720420123265066, 1.0689042311706423, 1.0663697889207209, 1.0632473885593607, 1.0613665531350822, 1.059094901379428, 1.0575046288118966, 1.0560439522607519, 1.055362964673747, 1.0544009780958352, 1.0539891463970188, 1.0533747086308727, 1.0536438629345748], 'accuracy': [0.506645817044566, 0.5089913995308835, 0.5121188428459734, 0.5121188428459734, 0.5121188428459734, 0.5113369820172009, 0.5113369820172009, 0.5089913995308835, 0.5113369820172009, 0.5113369820172009, 0.5129007036747459, 0.5113369820172009, 0.5129007036747459, 0.5105551211884285, 0.5105551211884285, 0.5089913995308835, 0.5089913995308835, 0.5089913995308835, 0.5113369820172009, 0.5089913995308835, 0.508209538702111, 0.5089913995308835, 0.5089913995308835, 0.5113369820172009, 0.5121188428459734], 'auc': [0.5071988940881318, 0.5222132592025484, 0.5309320046021646, 0.5405456571995879, 0.5534511307348415, 0.5624493372459654, 0.5677569977520109, 0.5762590810323176, 0.5898211413262089, 0.5926038245123719, 0.5965224797312197, 0.6003634890373015, 0.6061883014750735, 0.6083268807120681, 0.6116751899330831, 0.6139225543821206, 0.6149777805068865, 0.6164824113026742, 0.6197368279902072, 0.6202678121906294, 0.6230747854615735, 0.6246823518785452, 0.623776251341844, 0.6257288581821933, 0.6244245360827723]}

Epsilon = 2.30

{'loss': [1.2941614097687675, 1.2306435314168027, 1.1884288088803743, 1.160409613267065, 1.1410530236104768, 1.124787592254084, 1.1128736316831527, 1.1025680045395554, 1.093500977572843, 1.087093486275125, 1.081515272862283, 1.0762051163100004, 1.0720420123265066, 1.0689042311706423, 1.0663697889207209, 1.0632473885593607, 1.0613665531350822, 1.059094901379428, 1.0575046288118966, 1.0560439522607519, 1.055362964673747, 1.0544009780958352, 1.0539891463970188, 1.0533747086308727, 1.0536438629345748, 1.0531143212430267], 'accuracy': [0.506645817044566, 0.5089913995308835, 0.5121188428459734, 0.5121188428459734, 0.5121188428459734, 0.5113369820172009, 0.5113369820172009, 0.5089913995308835, 0.5113369820172009, 0.5113369820172009, 0.5129007036747459, 0.5113369820172009, 0.5129007036747459, 0.5105551211884285, 0.5105551211884285, 0.5089913995308835, 0.5089913995308835, 0.5089913995308835, 0.5113369820172009, 0.5089913995308835, 0.508209538702111, 0.5089913995308835, 0.5089913995308835, 0.5113369820172009, 0.5121188428459734, 0.5121188428459734], 'auc': [0.5071988940881318, 0.5222132592025484, 0.5309320046021646, 0.5405456571995879, 0.5534511307348415, 0.5624493372459654, 0.5677569977520109, 0.5762590810323176, 0.5898211413262089, 0.5926038245123719, 0.5965224797312197, 0.6003634890373015, 0.6061883014750735, 0.6083268807120681, 0.6116751899330831, 0.6139225543821206, 0.6149777805068865, 0.6164824113026742, 0.6197368279902072, 0.6202678121906294, 0.6230747854615735, 0.6246823518785452, 0.623776251341844, 0.6257288581821933, 0.6244245360827723, 0.626181979319674]}

Epsilon = 2.34
[92mINFO [0m:      Sent reply
02/14/2025 12:58:41:INFO:Sent reply
[92mINFO [0m:      
02/14/2025 12:59:17:INFO:
[92mINFO [0m:      Received: train message 2a16f141-9095-4114-b935-de2223d609bd
02/14/2025 12:59:17:INFO:Received: train message 2a16f141-9095-4114-b935-de2223d609bd
/home/dgxuser16/anaconda3/envs/ihpc/lib/python3.8/site-packages/torch/nn/modules/module.py:1640: FutureWarning: Using a non-full backward hook when the forward contains multiple autograd Nodes is deprecated and will be removed in future versions. This hook will be missing some grad_input. Please use register_full_backward_hook to get the documented behavior.
  self._maybe_warn_non_full_backward_hook(args, result, grad_fn)
/home/dgxuser16/anaconda3/envs/ihpc/lib/python3.8/site-packages/opacus/accountants/analysis/rdp.py:332: UserWarning: Optimal order is the largest alpha. Please consider expanding the range of alphas to get a tighter privacy bound.
  warnings.warn(
[92mINFO [0m:      Sent reply
02/14/2025 12:59:33:INFO:Sent reply
[92mINFO [0m:      
02/14/2025 13:00:05:INFO:
[92mINFO [0m:      Received: evaluate message 51e46b71-783b-44c0-9e32-b05a7dc3fb10
02/14/2025 13:00:05:INFO:Received: evaluate message 51e46b71-783b-44c0-9e32-b05a7dc3fb10
[92mINFO [0m:      Sent reply
02/14/2025 13:00:07:INFO:Sent reply
[92mINFO [0m:      
02/14/2025 13:00:53:INFO:
[92mINFO [0m:      Received: train message 578bc490-792f-4bb8-9b42-e5145dbe47d5
02/14/2025 13:00:53:INFO:Received: train message 578bc490-792f-4bb8-9b42-e5145dbe47d5
/home/dgxuser16/anaconda3/envs/ihpc/lib/python3.8/site-packages/torch/nn/modules/module.py:1640: FutureWarning: Using a non-full backward hook when the forward contains multiple autograd Nodes is deprecated and will be removed in future versions. This hook will be missing some grad_input. Please use register_full_backward_hook to get the documented behavior.
  self._maybe_warn_non_full_backward_hook(args, result, grad_fn)
/home/dgxuser16/anaconda3/envs/ihpc/lib/python3.8/site-packages/opacus/accountants/analysis/rdp.py:332: UserWarning: Optimal order is the largest alpha. Please consider expanding the range of alphas to get a tighter privacy bound.
  warnings.warn(
[92mINFO [0m:      Sent reply
02/14/2025 13:01:03:INFO:Sent reply
[92mINFO [0m:      
02/14/2025 13:01:56:INFO:
[92mINFO [0m:      Received: evaluate message 66d41c61-e75e-40d1-80a7-099d6f7e1e05
02/14/2025 13:01:56:INFO:Received: evaluate message 66d41c61-e75e-40d1-80a7-099d6f7e1e05
[92mINFO [0m:      Sent reply
02/14/2025 13:02:00:INFO:Sent reply
[92mINFO [0m:      
02/14/2025 13:02:33:INFO:
[92mINFO [0m:      Received: train message 5fa97b9c-71d0-4e8e-add7-c9be883ac638
02/14/2025 13:02:33:INFO:Received: train message 5fa97b9c-71d0-4e8e-add7-c9be883ac638
/home/dgxuser16/anaconda3/envs/ihpc/lib/python3.8/site-packages/torch/nn/modules/module.py:1640: FutureWarning: Using a non-full backward hook when the forward contains multiple autograd Nodes is deprecated and will be removed in future versions. This hook will be missing some grad_input. Please use register_full_backward_hook to get the documented behavior.
  self._maybe_warn_non_full_backward_hook(args, result, grad_fn)
/home/dgxuser16/anaconda3/envs/ihpc/lib/python3.8/site-packages/opacus/accountants/analysis/rdp.py:332: UserWarning: Optimal order is the largest alpha. Please consider expanding the range of alphas to get a tighter privacy bound.
  warnings.warn(
[92mINFO [0m:      Sent reply
02/14/2025 13:02:43:INFO:Sent reply
[92mINFO [0m:      
02/14/2025 13:03:30:INFO:
[92mINFO [0m:      Received: evaluate message 5ac8c1f9-beee-41e6-a84f-504aaa341998
02/14/2025 13:03:30:INFO:Received: evaluate message 5ac8c1f9-beee-41e6-a84f-504aaa341998
[92mINFO [0m:      Sent reply
02/14/2025 13:03:33:INFO:Sent reply
[92mINFO [0m:      
02/14/2025 13:03:42:INFO:
[92mINFO [0m:      Received: reconnect message db70708e-caea-46d0-9b57-b0f74233a3a4
02/14/2025 13:03:42:INFO:Received: reconnect message db70708e-caea-46d0-9b57-b0f74233a3a4
02/14/2025 13:03:42:DEBUG:gRPC channel closed
[92mINFO [0m:      Disconnect and shut down
02/14/2025 13:03:42:INFO:Disconnect and shut down

{'loss': [1.2941614097687675, 1.2306435314168027, 1.1884288088803743, 1.160409613267065, 1.1410530236104768, 1.124787592254084, 1.1128736316831527, 1.1025680045395554, 1.093500977572843, 1.087093486275125, 1.081515272862283, 1.0762051163100004, 1.0720420123265066, 1.0689042311706423, 1.0663697889207209, 1.0632473885593607, 1.0613665531350822, 1.059094901379428, 1.0575046288118966, 1.0560439522607519, 1.055362964673747, 1.0544009780958352, 1.0539891463970188, 1.0533747086308727, 1.0536438629345748, 1.0531143212430267, 1.0531761375976039], 'accuracy': [0.506645817044566, 0.5089913995308835, 0.5121188428459734, 0.5121188428459734, 0.5121188428459734, 0.5113369820172009, 0.5113369820172009, 0.5089913995308835, 0.5113369820172009, 0.5113369820172009, 0.5129007036747459, 0.5113369820172009, 0.5129007036747459, 0.5105551211884285, 0.5105551211884285, 0.5089913995308835, 0.5089913995308835, 0.5089913995308835, 0.5113369820172009, 0.5089913995308835, 0.508209538702111, 0.5089913995308835, 0.5089913995308835, 0.5113369820172009, 0.5121188428459734, 0.5121188428459734, 0.5113369820172009], 'auc': [0.5071988940881318, 0.5222132592025484, 0.5309320046021646, 0.5405456571995879, 0.5534511307348415, 0.5624493372459654, 0.5677569977520109, 0.5762590810323176, 0.5898211413262089, 0.5926038245123719, 0.5965224797312197, 0.6003634890373015, 0.6061883014750735, 0.6083268807120681, 0.6116751899330831, 0.6139225543821206, 0.6149777805068865, 0.6164824113026742, 0.6197368279902072, 0.6202678121906294, 0.6230747854615735, 0.6246823518785452, 0.623776251341844, 0.6257288581821933, 0.6244245360827723, 0.626181979319674, 0.6265037418948309]}

Epsilon = 2.39

{'loss': [1.2941614097687675, 1.2306435314168027, 1.1884288088803743, 1.160409613267065, 1.1410530236104768, 1.124787592254084, 1.1128736316831527, 1.1025680045395554, 1.093500977572843, 1.087093486275125, 1.081515272862283, 1.0762051163100004, 1.0720420123265066, 1.0689042311706423, 1.0663697889207209, 1.0632473885593607, 1.0613665531350822, 1.059094901379428, 1.0575046288118966, 1.0560439522607519, 1.055362964673747, 1.0544009780958352, 1.0539891463970188, 1.0533747086308727, 1.0536438629345748, 1.0531143212430267, 1.0531761375976039, 1.0526340464486845], 'accuracy': [0.506645817044566, 0.5089913995308835, 0.5121188428459734, 0.5121188428459734, 0.5121188428459734, 0.5113369820172009, 0.5113369820172009, 0.5089913995308835, 0.5113369820172009, 0.5113369820172009, 0.5129007036747459, 0.5113369820172009, 0.5129007036747459, 0.5105551211884285, 0.5105551211884285, 0.5089913995308835, 0.5089913995308835, 0.5089913995308835, 0.5113369820172009, 0.5089913995308835, 0.508209538702111, 0.5089913995308835, 0.5089913995308835, 0.5113369820172009, 0.5121188428459734, 0.5121188428459734, 0.5113369820172009, 0.5121188428459734], 'auc': [0.5071988940881318, 0.5222132592025484, 0.5309320046021646, 0.5405456571995879, 0.5534511307348415, 0.5624493372459654, 0.5677569977520109, 0.5762590810323176, 0.5898211413262089, 0.5926038245123719, 0.5965224797312197, 0.6003634890373015, 0.6061883014750735, 0.6083268807120681, 0.6116751899330831, 0.6139225543821206, 0.6149777805068865, 0.6164824113026742, 0.6197368279902072, 0.6202678121906294, 0.6230747854615735, 0.6246823518785452, 0.623776251341844, 0.6257288581821933, 0.6244245360827723, 0.626181979319674, 0.6265037418948309, 0.6284816030943656]}

Epsilon = 2.44

{'loss': [1.2941614097687675, 1.2306435314168027, 1.1884288088803743, 1.160409613267065, 1.1410530236104768, 1.124787592254084, 1.1128736316831527, 1.1025680045395554, 1.093500977572843, 1.087093486275125, 1.081515272862283, 1.0762051163100004, 1.0720420123265066, 1.0689042311706423, 1.0663697889207209, 1.0632473885593607, 1.0613665531350822, 1.059094901379428, 1.0575046288118966, 1.0560439522607519, 1.055362964673747, 1.0544009780958352, 1.0539891463970188, 1.0533747086308727, 1.0536438629345748, 1.0531143212430267, 1.0531761375976039, 1.0526340464486845, 1.0523730944245004], 'accuracy': [0.506645817044566, 0.5089913995308835, 0.5121188428459734, 0.5121188428459734, 0.5121188428459734, 0.5113369820172009, 0.5113369820172009, 0.5089913995308835, 0.5113369820172009, 0.5113369820172009, 0.5129007036747459, 0.5113369820172009, 0.5129007036747459, 0.5105551211884285, 0.5105551211884285, 0.5089913995308835, 0.5089913995308835, 0.5089913995308835, 0.5113369820172009, 0.5089913995308835, 0.508209538702111, 0.5089913995308835, 0.5089913995308835, 0.5113369820172009, 0.5121188428459734, 0.5121188428459734, 0.5113369820172009, 0.5121188428459734, 0.5105551211884285], 'auc': [0.5071988940881318, 0.5222132592025484, 0.5309320046021646, 0.5405456571995879, 0.5534511307348415, 0.5624493372459654, 0.5677569977520109, 0.5762590810323176, 0.5898211413262089, 0.5926038245123719, 0.5965224797312197, 0.6003634890373015, 0.6061883014750735, 0.6083268807120681, 0.6116751899330831, 0.6139225543821206, 0.6149777805068865, 0.6164824113026742, 0.6197368279902072, 0.6202678121906294, 0.6230747854615735, 0.6246823518785452, 0.623776251341844, 0.6257288581821933, 0.6244245360827723, 0.626181979319674, 0.6265037418948309, 0.6284816030943656, 0.630361517207397]}

Epsilon = 2.48

{'loss': [1.2941614097687675, 1.2306435314168027, 1.1884288088803743, 1.160409613267065, 1.1410530236104768, 1.124787592254084, 1.1128736316831527, 1.1025680045395554, 1.093500977572843, 1.087093486275125, 1.081515272862283, 1.0762051163100004, 1.0720420123265066, 1.0689042311706423, 1.0663697889207209, 1.0632473885593607, 1.0613665531350822, 1.059094901379428, 1.0575046288118966, 1.0560439522607519, 1.055362964673747, 1.0544009780958352, 1.0539891463970188, 1.0533747086308727, 1.0536438629345748, 1.0531143212430267, 1.0531761375976039, 1.0526340464486845, 1.0523730944245004, 1.0521999939146034], 'accuracy': [0.506645817044566, 0.5089913995308835, 0.5121188428459734, 0.5121188428459734, 0.5121188428459734, 0.5113369820172009, 0.5113369820172009, 0.5089913995308835, 0.5113369820172009, 0.5113369820172009, 0.5129007036747459, 0.5113369820172009, 0.5129007036747459, 0.5105551211884285, 0.5105551211884285, 0.5089913995308835, 0.5089913995308835, 0.5089913995308835, 0.5113369820172009, 0.5089913995308835, 0.508209538702111, 0.5089913995308835, 0.5089913995308835, 0.5113369820172009, 0.5121188428459734, 0.5121188428459734, 0.5113369820172009, 0.5121188428459734, 0.5105551211884285, 0.5105551211884285], 'auc': [0.5071988940881318, 0.5222132592025484, 0.5309320046021646, 0.5405456571995879, 0.5534511307348415, 0.5624493372459654, 0.5677569977520109, 0.5762590810323176, 0.5898211413262089, 0.5926038245123719, 0.5965224797312197, 0.6003634890373015, 0.6061883014750735, 0.6083268807120681, 0.6116751899330831, 0.6139225543821206, 0.6149777805068865, 0.6164824113026742, 0.6197368279902072, 0.6202678121906294, 0.6230747854615735, 0.6246823518785452, 0.623776251341844, 0.6257288581821933, 0.6244245360827723, 0.626181979319674, 0.6265037418948309, 0.6284816030943656, 0.630361517207397, 0.6309796829584853]}



{'loss': [1.2941614097687675, 1.2306435314168027, 1.1884288088803743, 1.160409613267065, 1.1410530236104768, 1.124787592254084, 1.1128736316831527, 1.1025680045395554, 1.093500977572843, 1.087093486275125, 1.081515272862283, 1.0762051163100004, 1.0720420123265066, 1.0689042311706423, 1.0663697889207209, 1.0632473885593607, 1.0613665531350822, 1.059094901379428, 1.0575046288118966, 1.0560439522607519, 1.055362964673747, 1.0544009780958352, 1.0539891463970188, 1.0533747086308727, 1.0536438629345748, 1.0531143212430267, 1.0531761375976039, 1.0526340464486845, 1.0523730944245004, 1.0521999939146034], 'accuracy': [0.506645817044566, 0.5089913995308835, 0.5121188428459734, 0.5121188428459734, 0.5121188428459734, 0.5113369820172009, 0.5113369820172009, 0.5089913995308835, 0.5113369820172009, 0.5113369820172009, 0.5129007036747459, 0.5113369820172009, 0.5129007036747459, 0.5105551211884285, 0.5105551211884285, 0.5089913995308835, 0.5089913995308835, 0.5089913995308835, 0.5113369820172009, 0.5089913995308835, 0.508209538702111, 0.5089913995308835, 0.5089913995308835, 0.5113369820172009, 0.5121188428459734, 0.5121188428459734, 0.5113369820172009, 0.5121188428459734, 0.5105551211884285, 0.5105551211884285], 'auc': [0.5071988940881318, 0.5222132592025484, 0.5309320046021646, 0.5405456571995879, 0.5534511307348415, 0.5624493372459654, 0.5677569977520109, 0.5762590810323176, 0.5898211413262089, 0.5926038245123719, 0.5965224797312197, 0.6003634890373015, 0.6061883014750735, 0.6083268807120681, 0.6116751899330831, 0.6139225543821206, 0.6149777805068865, 0.6164824113026742, 0.6197368279902072, 0.6202678121906294, 0.6230747854615735, 0.6246823518785452, 0.623776251341844, 0.6257288581821933, 0.6244245360827723, 0.626181979319674, 0.6265037418948309, 0.6284816030943656, 0.630361517207397, 0.6309796829584853]}
