nohup: ignoring input
[92mINFO [0m:      
[92mINFO [0m:      [RUN 0, ROUND ]
[92mINFO [0m:      Received: train message a11bc1dd-b68e-41a5-a457-ce53288324a2
[93mWARNING [0m:   Deprecation Warning: The `client_fn` function must return an instance of `Client`, but an instance of `NumpyClient` was returned. Please use `NumPyClient.to_client()` method to convert it to `Client`.
[92mINFO [0m:      Sent reply
[92mINFO [0m:      
[92mINFO [0m:      [RUN 0, ROUND ]
[92mINFO [0m:      Received: evaluate message c797b3c4-0010-4abb-ab9d-921f1c4c7f06
[93mWARNING [0m:   Deprecation Warning: The `client_fn` function must return an instance of `Client`, but an instance of `NumpyClient` was returned. Please use `NumPyClient.to_client()` method to convert it to `Client`.
[92mINFO [0m:      Sent reply
[92mINFO [0m:      
[92mINFO [0m:      [RUN 0, ROUND ]
[92mINFO [0m:      Received: train message 4dc0b6e4-71ef-4629-b614-20463a12895e
[93mWARNING [0m:   Deprecation Warning: The `client_fn` function must return an instance of `Client`, but an instance of `NumpyClient` was returned. Please use `NumPyClient.to_client()` method to convert it to `Client`.
[92mINFO [0m:      Sent reply
[92mINFO [0m:      
[92mINFO [0m:      [RUN 0, ROUND ]
[92mINFO [0m:      Received: evaluate message 44d796c1-3310-4236-b2d8-717b109b989a
[93mWARNING [0m:   Deprecation Warning: The `client_fn` function must return an instance of `Client`, but an instance of `NumpyClient` was returned. Please use `NumPyClient.to_client()` method to convert it to `Client`.
[92mINFO [0m:      Sent reply
[92mINFO [0m:      
[92mINFO [0m:      [RUN 0, ROUND ]
[92mINFO [0m:      Received: train message a13c0f53-9cc4-435d-a286-163c679a96ba
[93mWARNING [0m:   Deprecation Warning: The `client_fn` function must return an instance of `Client`, but an instance of `NumpyClient` was returned. Please use `NumPyClient.to_client()` method to convert it to `Client`.
[92mINFO [0m:      Sent reply
[92mINFO [0m:      
[92mINFO [0m:      [RUN 0, ROUND ]
[92mINFO [0m:      Received: evaluate message 3bdfb0df-93b9-4423-83fd-0f7d40977fe2
[93mWARNING [0m:   Deprecation Warning: The `client_fn` function must return an instance of `Client`, but an instance of `NumpyClient` was returned. Please use `NumPyClient.to_client()` method to convert it to `Client`.
[92mINFO [0m:      Sent reply
[92mINFO [0m:      
[92mINFO [0m:      [RUN 0, ROUND ]
[92mINFO [0m:      Received: train message 74968ef3-7226-4672-af36-52a957305171
[93mWARNING [0m:   Deprecation Warning: The `client_fn` function must return an instance of `Client`, but an instance of `NumpyClient` was returned. Please use `NumPyClient.to_client()` method to convert it to `Client`.
[92mINFO [0m:      Sent reply
[92mINFO [0m:      
[92mINFO [0m:      [RUN 0, ROUND ]
[92mINFO [0m:      Received: evaluate message 5f54364a-4836-443d-b7f4-9dc1693faac3
[93mWARNING [0m:   Deprecation Warning: The `client_fn` function must return an instance of `Client`, but an instance of `NumpyClient` was returned. Please use `NumPyClient.to_client()` method to convert it to `Client`.
[92mINFO [0m:      Sent reply
[92mINFO [0m:      
[92mINFO [0m:      [RUN 0, ROUND ]
[92mINFO [0m:      Received: train message 87100944-3c99-433a-9539-d6d0a436bd5c
[93mWARNING [0m:   Deprecation Warning: The `client_fn` function must return an instance of `Client`, but an instance of `NumpyClient` was returned. Please use `NumPyClient.to_client()` method to convert it to `Client`.
[92mINFO [0m:      Sent reply
[92mINFO [0m:      
[92mINFO [0m:      [RUN 0, ROUND ]
[92mINFO [0m:      Received: evaluate message 8b22faa2-7337-414a-84d2-9ee4c28fce9f
[93mWARNING [0m:   Deprecation Warning: The `client_fn` function must return an instance of `Client`, but an instance of `NumpyClient` was returned. Please use `NumPyClient.to_client()` method to convert it to `Client`.
[92mINFO [0m:      Sent reply
[92mINFO [0m:      
[92mINFO [0m:      [RUN 0, ROUND ]
[92mINFO [0m:      Received: train message 92b1835a-84d1-498b-8629-0f128620821b
[93mWARNING [0m:   Deprecation Warning: The `client_fn` function must return an instance of `Client`, but an instance of `NumpyClient` was returned. Please use `NumPyClient.to_client()` method to convert it to `Client`.
[92mINFO [0m:      Sent reply
[92mINFO [0m:      
[92mINFO [0m:      [RUN 0, ROUND ]
[92mINFO [0m:      Received: evaluate message 52cc0a56-5b4b-4a89-aa05-ba76b51b0238
[93mWARNING [0m:   Deprecation Warning: The `client_fn` function must return an instance of `Client`, but an instance of `NumpyClient` was returned. Please use `NumPyClient.to_client()` method to convert it to `Client`.
[92mINFO [0m:      Sent reply
[92mINFO [0m:      
[92mINFO [0m:      [RUN 0, ROUND ]
[92mINFO [0m:      Received: train message 8311b63e-a114-487b-963c-bb6551d07c05
[93mWARNING [0m:   Deprecation Warning: The `client_fn` function must return an instance of `Client`, but an instance of `NumpyClient` was returned. Please use `NumPyClient.to_client()` method to convert it to `Client`.
[92mINFO [0m:      Sent reply
[92mINFO [0m:      
[92mINFO [0m:      [RUN 0, ROUND ]
[92mINFO [0m:      Received: evaluate message e342f5e2-2932-4ba4-8d61-d6be89d61768
[93mWARNING [0m:   Deprecation Warning: The `client_fn` function must return an instance of `Client`, but an instance of `NumpyClient` was returned. Please use `NumPyClient.to_client()` method to convert it to `Client`.
[92mINFO [0m:      Sent reply
[92mINFO [0m:      
[92mINFO [0m:      [RUN 0, ROUND ]
[92mINFO [0m:      Received: train message dbfea8af-03fa-41ab-b7a5-7538d8f078a2
[93mWARNING [0m:   Deprecation Warning: The `client_fn` function must return an instance of `Client`, but an instance of `NumpyClient` was returned. Please use `NumPyClient.to_client()` method to convert it to `Client`.
[92mINFO [0m:      Sent reply
[92mINFO [0m:      
[92mINFO [0m:      [RUN 0, ROUND ]
[92mINFO [0m:      Received: evaluate message 9a2870f5-da93-487f-b584-39c6db594772
[93mWARNING [0m:   Deprecation Warning: The `client_fn` function must return an instance of `Client`, but an instance of `NumpyClient` was returned. Please use `NumPyClient.to_client()` method to convert it to `Client`.
[92mINFO [0m:      Sent reply
[92mINFO [0m:      
[92mINFO [0m:      [RUN 0, ROUND ]
[92mINFO [0m:      Received: train message ae04b895-63cd-47a1-bfed-ac7b6365dcb7
[93mWARNING [0m:   Deprecation Warning: The `client_fn` function must return an instance of `Client`, but an instance of `NumpyClient` was returned. Please use `NumPyClient.to_client()` method to convert it to `Client`.
[92mINFO [0m:      Sent reply
[92mINFO [0m:      
[92mINFO [0m:      [RUN 0, ROUND ]
[92mINFO [0m:      Received: evaluate message a964a4d3-1b51-4706-a40c-d4a956a34bb9
[93mWARNING [0m:   Deprecation Warning: The `client_fn` function must return an instance of `Client`, but an instance of `NumpyClient` was returned. Please use `NumPyClient.to_client()` method to convert it to `Client`.
[92mINFO [0m:      Sent reply
[92mINFO [0m:      
[92mINFO [0m:      [RUN 0, ROUND ]
[92mINFO [0m:      Received: train message 290cac3a-2f27-4a07-8366-e7e43b22f241
[93mWARNING [0m:   Deprecation Warning: The `client_fn` function must return an instance of `Client`, but an instance of `NumpyClient` was returned. Please use `NumPyClient.to_client()` method to convert it to `Client`.
[92mINFO [0m:      Sent reply
[92mINFO [0m:      
[92mINFO [0m:      [RUN 0, ROUND ]
[92mINFO [0m:      Received: evaluate message e8d3d916-e40f-4af2-ab0d-e363b5117ec6
[93mWARNING [0m:   Deprecation Warning: The `client_fn` function must return an instance of `Client`, but an instance of `NumpyClient` was returned. Please use `NumPyClient.to_client()` method to convert it to `Client`.
[92mINFO [0m:      Sent reply
[92mINFO [0m:      
[92mINFO [0m:      [RUN 0, ROUND ]
[92mINFO [0m:      Received: train message 8dd049ef-cea3-46b0-ab32-46fe8724d9e2
[93mWARNING [0m:   Deprecation Warning: The `client_fn` function must return an instance of `Client`, but an instance of `NumpyClient` was returned. Please use `NumPyClient.to_client()` method to convert it to `Client`.
[92mINFO [0m:      Sent reply
[92mINFO [0m:      
[92mINFO [0m:      [RUN 0, ROUND ]
[92mINFO [0m:      Received: evaluate message d574d2ae-cb47-4644-bc10-c2625ba830af
[93mWARNING [0m:   Deprecation Warning: The `client_fn` function must return an instance of `Client`, but an instance of `NumpyClient` was returned. Please use `NumPyClient.to_client()` method to convert it to `Client`.
[92mINFO [0m:      Sent reply
[92mINFO [0m:      
[92mINFO [0m:      [RUN 0, ROUND ]
[92mINFO [0m:      Received: train message 916238bd-db5f-4e16-afed-c0a23a601a89
[93mWARNING [0m:   Deprecation Warning: The `client_fn` function must return an instance of `Client`, but an instance of `NumpyClient` was returned. Please use `NumPyClient.to_client()` method to convert it to `Client`.
[92mINFO [0m:      Sent reply
[92mINFO [0m:      
[92mINFO [0m:      [RUN 0, ROUND ]
[92mINFO [0m:      Received: evaluate message 6eeb35b8-ddc9-4d8a-987c-83c5181ac637
[93mWARNING [0m:   Deprecation Warning: The `client_fn` function must return an instance of `Client`, but an instance of `NumpyClient` was returned. Please use `NumPyClient.to_client()` method to convert it to `Client`.
[92mINFO [0m:      Sent reply
[92mINFO [0m:      
[92mINFO [0m:      [RUN 0, ROUND ]
[92mINFO [0m:      Received: train message 1f8fec32-c25b-4a27-a538-8d13cbade92f
[93mWARNING [0m:   Deprecation Warning: The `client_fn` function must return an instance of `Client`, but an instance of `NumpyClient` was returned. Please use `NumPyClient.to_client()` method to convert it to `Client`.
[92mINFO [0m:      Sent reply
[92mINFO [0m:      
[92mINFO [0m:      [RUN 0, ROUND ]
[92mINFO [0m:      Received: evaluate message 72a780c2-d976-40ac-8adb-cb064fafed4f
[93mWARNING [0m:   Deprecation Warning: The `client_fn` function must return an instance of `Client`, but an instance of `NumpyClient` was returned. Please use `NumPyClient.to_client()` method to convert it to `Client`.
[92mINFO [0m:      Sent reply
[92mINFO [0m:      
[92mINFO [0m:      [RUN 0, ROUND ]
[92mINFO [0m:      Received: train message 8133125c-9c68-41fe-949a-efc86e9207e2
[93mWARNING [0m:   Deprecation Warning: The `client_fn` function must return an instance of `Client`, but an instance of `NumpyClient` was returned. Please use `NumPyClient.to_client()` method to convert it to `Client`.
[92mINFO [0m:      Sent reply
[92mINFO [0m:      
[92mINFO [0m:      [RUN 0, ROUND ]
[92mINFO [0m:      Received: evaluate message 4557d594-d82f-4293-890d-03002efe46e6
[93mWARNING [0m:   Deprecation Warning: The `client_fn` function must return an instance of `Client`, but an instance of `NumpyClient` was returned. Please use `NumPyClient.to_client()` method to convert it to `Client`.
[92mINFO [0m:      Sent reply
[92mINFO [0m:      
[92mINFO [0m:      [RUN 0, ROUND ]
[92mINFO [0m:      Received: train message ea6a39e3-a78a-4e24-8fe7-832093f21804
[93mWARNING [0m:   Deprecation Warning: The `client_fn` function must return an instance of `Client`, but an instance of `NumpyClient` was returned. Please use `NumPyClient.to_client()` method to convert it to `Client`.
[92mINFO [0m:      Sent reply
[92mINFO [0m:      
[92mINFO [0m:      [RUN 0, ROUND ]
[92mINFO [0m:      Received: evaluate message b6d3bfc0-dd9a-48e5-bd45-6a22c05c543b
[93mWARNING [0m:   Deprecation Warning: The `client_fn` function must return an instance of `Client`, but an instance of `NumpyClient` was returned. Please use `NumPyClient.to_client()` method to convert it to `Client`.
[92mINFO [0m:      Sent reply
[92mINFO [0m:      
[92mINFO [0m:      [RUN 0, ROUND ]
[92mINFO [0m:      Received: train message 72a286bb-4508-4764-98f3-df06a6fef379
[93mWARNING [0m:   Deprecation Warning: The `client_fn` function must return an instance of `Client`, but an instance of `NumpyClient` was returned. Please use `NumPyClient.to_client()` method to convert it to `Client`.
[92mINFO [0m:      Sent reply
[92mINFO [0m:      
[92mINFO [0m:      [RUN 0, ROUND ]
[92mINFO [0m:      Received: evaluate message 39cd2604-85e8-4a47-8ef4-2ed827ebc27b
[93mWARNING [0m:   Deprecation Warning: The `client_fn` function must return an instance of `Client`, but an instance of `NumpyClient` was returned. Please use `NumPyClient.to_client()` method to convert it to `Client`.
Error importing huggingface_hub.hf_api: No module named 'tqdm'
Error importing huggingface_hub.hf_api: No module named 'tqdm'

{'loss': [166.1713015139103], 'accuracy': [0.4988272087568413], 'auc': [0.6475991152765013]}


{'loss': [166.1713015139103, 161.15703123807907], 'accuracy': [0.4988272087568413, 0.5011727912431587], 'auc': [0.6475991152765013, 0.678260193960825]}


{'loss': [166.1713015139103, 161.15703123807907, 159.10221633315086], 'accuracy': [0.4988272087568413, 0.5011727912431587, 0.5027365129007036], 'auc': [0.6475991152765013, 0.678260193960825, 0.6927243295376312]}


{'loss': [166.1713015139103, 161.15703123807907, 159.10221633315086, 157.737194865942], 'accuracy': [0.4988272087568413, 0.5011727912431587, 0.5027365129007036, 0.5035183737294762], 'auc': [0.6475991152765013, 0.678260193960825, 0.6927243295376312, 0.7010709936309474]}


{'loss': [166.1713015139103, 161.15703123807907, 159.10221633315086, 157.737194865942, 156.29556089639664], 'accuracy': [0.4988272087568413, 0.5011727912431587, 0.5027365129007036, 0.5035183737294762, 0.5089913995308835], 'auc': [0.6475991152765013, 0.678260193960825, 0.6927243295376312, 0.7010709936309474, 0.7071659743892476]}


{'loss': [166.1713015139103, 161.15703123807907, 159.10221633315086, 157.737194865942, 156.29556089639664, 155.28601199388504], 'accuracy': [0.4988272087568413, 0.5011727912431587, 0.5027365129007036, 0.5035183737294762, 0.5089913995308835, 0.5105551211884285], 'auc': [0.6475991152765013, 0.678260193960825, 0.6927243295376312, 0.7010709936309474, 0.7071659743892476, 0.71150609460588]}


{'loss': [166.1713015139103, 161.15703123807907, 159.10221633315086, 157.737194865942, 156.29556089639664, 155.28601199388504, 155.48514498770237], 'accuracy': [0.4988272087568413, 0.5011727912431587, 0.5027365129007036, 0.5035183737294762, 0.5089913995308835, 0.5105551211884285, 0.5121188428459734], 'auc': [0.6475991152765013, 0.678260193960825, 0.6927243295376312, 0.7010709936309474, 0.7071659743892476, 0.71150609460588, 0.7152763541889327]}


{'loss': [166.1713015139103, 161.15703123807907, 159.10221633315086, 157.737194865942, 156.29556089639664, 155.28601199388504, 155.48514498770237, 153.79948112368584], 'accuracy': [0.4988272087568413, 0.5011727912431587, 0.5027365129007036, 0.5035183737294762, 0.5089913995308835, 0.5105551211884285, 0.5121188428459734, 0.5144644253322909], 'auc': [0.6475991152765013, 0.678260193960825, 0.6927243295376312, 0.7010709936309474, 0.7071659743892476, 0.71150609460588, 0.7152763541889327, 0.7181493985797712]}


{'loss': [166.1713015139103, 161.15703123807907, 159.10221633315086, 157.737194865942, 156.29556089639664, 155.28601199388504, 155.48514498770237, 153.79948112368584, 153.50739359855652], 'accuracy': [0.4988272087568413, 0.5011727912431587, 0.5027365129007036, 0.5035183737294762, 0.5089913995308835, 0.5105551211884285, 0.5121188428459734, 0.5144644253322909, 0.5136825645035183], 'auc': [0.6475991152765013, 0.678260193960825, 0.6927243295376312, 0.7010709936309474, 0.7071659743892476, 0.71150609460588, 0.7152763541889327, 0.7181493985797712, 0.7209349303561265]}


{'loss': [166.1713015139103, 161.15703123807907, 159.10221633315086, 157.737194865942, 156.29556089639664, 155.28601199388504, 155.48514498770237, 153.79948112368584, 153.50739359855652, 152.5940841138363], 'accuracy': [0.4988272087568413, 0.5011727912431587, 0.5027365129007036, 0.5035183737294762, 0.5089913995308835, 0.5105551211884285, 0.5121188428459734, 0.5144644253322909, 0.5136825645035183, 0.5191555903049258], 'auc': [0.6475991152765013, 0.678260193960825, 0.6927243295376312, 0.7010709936309474, 0.7071659743892476, 0.71150609460588, 0.7152763541889327, 0.7181493985797712, 0.7209349303561265, 0.7235203427346525]}


{'loss': [166.1713015139103, 161.15703123807907, 159.10221633315086, 157.737194865942, 156.29556089639664, 155.28601199388504, 155.48514498770237, 153.79948112368584, 153.50739359855652, 152.5940841138363, 152.3249650746584], 'accuracy': [0.4988272087568413, 0.5011727912431587, 0.5027365129007036, 0.5035183737294762, 0.5089913995308835, 0.5105551211884285, 0.5121188428459734, 0.5144644253322909, 0.5136825645035183, 0.5191555903049258, 0.5191555903049258], 'auc': [0.6475991152765013, 0.678260193960825, 0.6927243295376312, 0.7010709936309474, 0.7071659743892476, 0.71150609460588, 0.7152763541889327, 0.7181493985797712, 0.7209349303561265, 0.7235203427346525, 0.7260848761338903]}


{'loss': [166.1713015139103, 161.15703123807907, 159.10221633315086, 157.737194865942, 156.29556089639664, 155.28601199388504, 155.48514498770237, 153.79948112368584, 153.50739359855652, 152.5940841138363, 152.3249650746584, 151.83768808841705], 'accuracy': [0.4988272087568413, 0.5011727912431587, 0.5027365129007036, 0.5035183737294762, 0.5089913995308835, 0.5105551211884285, 0.5121188428459734, 0.5144644253322909, 0.5136825645035183, 0.5191555903049258, 0.5191555903049258, 0.5175918686473807], 'auc': [0.6475991152765013, 0.678260193960825, 0.6927243295376312, 0.7010709936309474, 0.7071659743892476, 0.71150609460588, 0.7152763541889327, 0.7181493985797712, 0.7209349303561265, 0.7235203427346525, 0.7260848761338903, 0.7281809015276266]}


{'loss': [166.1713015139103, 161.15703123807907, 159.10221633315086, 157.737194865942, 156.29556089639664, 155.28601199388504, 155.48514498770237, 153.79948112368584, 153.50739359855652, 152.5940841138363, 152.3249650746584, 151.83768808841705, 151.72158946096897], 'accuracy': [0.4988272087568413, 0.5011727912431587, 0.5027365129007036, 0.5035183737294762, 0.5089913995308835, 0.5105551211884285, 0.5121188428459734, 0.5144644253322909, 0.5136825645035183, 0.5191555903049258, 0.5191555903049258, 0.5175918686473807, 0.5168100078186083], 'auc': [0.6475991152765013, 0.678260193960825, 0.6927243295376312, 0.7010709936309474, 0.7071659743892476, 0.71150609460588, 0.7152763541889327, 0.7181493985797712, 0.7209349303561265, 0.7235203427346525, 0.7260848761338903, 0.7281809015276266, 0.7302385628126529]}


{'loss': [166.1713015139103, 161.15703123807907, 159.10221633315086, 157.737194865942, 156.29556089639664, 155.28601199388504, 155.48514498770237, 153.79948112368584, 153.50739359855652, 152.5940841138363, 152.3249650746584, 151.83768808841705, 151.72158946096897, 151.4079223871231], 'accuracy': [0.4988272087568413, 0.5011727912431587, 0.5027365129007036, 0.5035183737294762, 0.5089913995308835, 0.5105551211884285, 0.5121188428459734, 0.5144644253322909, 0.5136825645035183, 0.5191555903049258, 0.5191555903049258, 0.5175918686473807, 0.5168100078186083, 0.5199374511336982], 'auc': [0.6475991152765013, 0.678260193960825, 0.6927243295376312, 0.7010709936309474, 0.7071659743892476, 0.71150609460588, 0.7152763541889327, 0.7181493985797712, 0.7209349303561265, 0.7235203427346525, 0.7260848761338903, 0.7281809015276266, 0.7302385628126529, 0.732251209371454]}


{'loss': [166.1713015139103, 161.15703123807907, 159.10221633315086, 157.737194865942, 156.29556089639664, 155.28601199388504, 155.48514498770237, 153.79948112368584, 153.50739359855652, 152.5940841138363, 152.3249650746584, 151.83768808841705, 151.72158946096897, 151.4079223871231, 150.82351054251194], 'accuracy': [0.4988272087568413, 0.5011727912431587, 0.5027365129007036, 0.5035183737294762, 0.5089913995308835, 0.5105551211884285, 0.5121188428459734, 0.5144644253322909, 0.5136825645035183, 0.5191555903049258, 0.5191555903049258, 0.5175918686473807, 0.5168100078186083, 0.5199374511336982, 0.5207193119624707], 'auc': [0.6475991152765013, 0.678260193960825, 0.6927243295376312, 0.7010709936309474, 0.7071659743892476, 0.71150609460588, 0.7152763541889327, 0.7181493985797712, 0.7209349303561265, 0.7235203427346525, 0.7260848761338903, 0.7281809015276266, 0.7302385628126529, 0.732251209371454, 0.7342725320443275]}

[92mINFO [0m:      Sent reply
[92mINFO [0m:      
[92mINFO [0m:      [RUN 0, ROUND ]
[92mINFO [0m:      Received: train message a8846171-52e0-491d-9a58-b514d604f3ea
[93mWARNING [0m:   Deprecation Warning: The `client_fn` function must return an instance of `Client`, but an instance of `NumpyClient` was returned. Please use `NumPyClient.to_client()` method to convert it to `Client`.
[92mINFO [0m:      Sent reply
[92mINFO [0m:      
[92mINFO [0m:      [RUN 0, ROUND ]
[92mINFO [0m:      Received: evaluate message 0be7d644-d6c9-4eae-a23d-be719ff0b847
[93mWARNING [0m:   Deprecation Warning: The `client_fn` function must return an instance of `Client`, but an instance of `NumpyClient` was returned. Please use `NumPyClient.to_client()` method to convert it to `Client`.
[92mINFO [0m:      Sent reply
[92mINFO [0m:      
[92mINFO [0m:      [RUN 0, ROUND ]
[92mINFO [0m:      Received: train message 06fe1f89-07af-4296-8c3b-bd09e44a4957
[93mWARNING [0m:   Deprecation Warning: The `client_fn` function must return an instance of `Client`, but an instance of `NumpyClient` was returned. Please use `NumPyClient.to_client()` method to convert it to `Client`.
[92mINFO [0m:      Sent reply
[92mINFO [0m:      
[92mINFO [0m:      [RUN 0, ROUND ]
[92mINFO [0m:      Received: evaluate message bee012be-d874-4038-ab69-b56983e75dfd
[93mWARNING [0m:   Deprecation Warning: The `client_fn` function must return an instance of `Client`, but an instance of `NumpyClient` was returned. Please use `NumPyClient.to_client()` method to convert it to `Client`.
[92mINFO [0m:      Sent reply
[92mINFO [0m:      
[92mINFO [0m:      [RUN 0, ROUND ]
[92mINFO [0m:      Received: train message 63e7d97d-7183-4a07-983e-1a377ecaf286
[93mWARNING [0m:   Deprecation Warning: The `client_fn` function must return an instance of `Client`, but an instance of `NumpyClient` was returned. Please use `NumPyClient.to_client()` method to convert it to `Client`.
[92mINFO [0m:      Sent reply
[92mINFO [0m:      
[92mINFO [0m:      [RUN 0, ROUND ]
[92mINFO [0m:      Received: evaluate message 75792b4e-fe7f-421b-8eec-f28525ff4fb7
[93mWARNING [0m:   Deprecation Warning: The `client_fn` function must return an instance of `Client`, but an instance of `NumpyClient` was returned. Please use `NumPyClient.to_client()` method to convert it to `Client`.
[92mINFO [0m:      Sent reply
[92mINFO [0m:      
[92mINFO [0m:      [RUN 0, ROUND ]
[92mINFO [0m:      Received: train message 38a0dded-bae3-411a-95de-c2c8229e3368
[93mWARNING [0m:   Deprecation Warning: The `client_fn` function must return an instance of `Client`, but an instance of `NumpyClient` was returned. Please use `NumPyClient.to_client()` method to convert it to `Client`.
[92mINFO [0m:      Sent reply
[92mINFO [0m:      
[92mINFO [0m:      [RUN 0, ROUND ]
[92mINFO [0m:      Received: evaluate message 553f0d2d-62d4-4561-aaeb-bd1f2c29d5d0
[93mWARNING [0m:   Deprecation Warning: The `client_fn` function must return an instance of `Client`, but an instance of `NumpyClient` was returned. Please use `NumPyClient.to_client()` method to convert it to `Client`.
[92mINFO [0m:      Sent reply
[92mINFO [0m:      
[92mINFO [0m:      [RUN 0, ROUND ]
[92mINFO [0m:      Received: train message 92efb491-70de-4218-8bba-036ac746e269
[93mWARNING [0m:   Deprecation Warning: The `client_fn` function must return an instance of `Client`, but an instance of `NumpyClient` was returned. Please use `NumPyClient.to_client()` method to convert it to `Client`.
[92mINFO [0m:      Sent reply
[92mINFO [0m:      
[92mINFO [0m:      [RUN 0, ROUND ]
[92mINFO [0m:      Received: evaluate message 6abbf11f-fb4a-4135-a07e-8973c8b05d40
[93mWARNING [0m:   Deprecation Warning: The `client_fn` function must return an instance of `Client`, but an instance of `NumpyClient` was returned. Please use `NumPyClient.to_client()` method to convert it to `Client`.
[92mINFO [0m:      Sent reply
[92mINFO [0m:      
[92mINFO [0m:      [RUN 0, ROUND ]
[92mINFO [0m:      Received: train message 708410e5-f8c0-4970-9586-9444e72d4bff
[93mWARNING [0m:   Deprecation Warning: The `client_fn` function must return an instance of `Client`, but an instance of `NumpyClient` was returned. Please use `NumPyClient.to_client()` method to convert it to `Client`.
[92mINFO [0m:      Sent reply
[92mINFO [0m:      
[92mINFO [0m:      [RUN 0, ROUND ]
[92mINFO [0m:      Received: evaluate message e85d710d-7ad0-4d99-878b-d0bff7ab144e
[93mWARNING [0m:   Deprecation Warning: The `client_fn` function must return an instance of `Client`, but an instance of `NumpyClient` was returned. Please use `NumPyClient.to_client()` method to convert it to `Client`.
[92mINFO [0m:      Sent reply
[92mINFO [0m:      
[92mINFO [0m:      [RUN 0, ROUND ]
[92mINFO [0m:      Received: train message 73776f59-9ac6-4420-9b4c-2653c75d96ea
[93mWARNING [0m:   Deprecation Warning: The `client_fn` function must return an instance of `Client`, but an instance of `NumpyClient` was returned. Please use `NumPyClient.to_client()` method to convert it to `Client`.
[92mINFO [0m:      Sent reply
[92mINFO [0m:      
[92mINFO [0m:      [RUN 0, ROUND ]
[92mINFO [0m:      Received: evaluate message 392a006e-7d54-417f-86d6-70fc1d30ba84
[93mWARNING [0m:   Deprecation Warning: The `client_fn` function must return an instance of `Client`, but an instance of `NumpyClient` was returned. Please use `NumPyClient.to_client()` method to convert it to `Client`.

{'loss': [166.1713015139103, 161.15703123807907, 159.10221633315086, 157.737194865942, 156.29556089639664, 155.28601199388504, 155.48514498770237, 153.79948112368584, 153.50739359855652, 152.5940841138363, 152.3249650746584, 151.83768808841705, 151.72158946096897, 151.4079223871231, 150.82351054251194, 151.09476236999035], 'accuracy': [0.4988272087568413, 0.5011727912431587, 0.5027365129007036, 0.5035183737294762, 0.5089913995308835, 0.5105551211884285, 0.5121188428459734, 0.5144644253322909, 0.5136825645035183, 0.5191555903049258, 0.5191555903049258, 0.5175918686473807, 0.5168100078186083, 0.5199374511336982, 0.5207193119624707, 0.5207193119624707], 'auc': [0.6475991152765013, 0.678260193960825, 0.6927243295376312, 0.7010709936309474, 0.7071659743892476, 0.71150609460588, 0.7152763541889327, 0.7181493985797712, 0.7209349303561265, 0.7235203427346525, 0.7260848761338903, 0.7281809015276266, 0.7302385628126529, 0.732251209371454, 0.7342725320443275, 0.735874119706859]}


{'loss': [166.1713015139103, 161.15703123807907, 159.10221633315086, 157.737194865942, 156.29556089639664, 155.28601199388504, 155.48514498770237, 153.79948112368584, 153.50739359855652, 152.5940841138363, 152.3249650746584, 151.83768808841705, 151.72158946096897, 151.4079223871231, 150.82351054251194, 151.09476236999035, 150.18161588907242], 'accuracy': [0.4988272087568413, 0.5011727912431587, 0.5027365129007036, 0.5035183737294762, 0.5089913995308835, 0.5105551211884285, 0.5121188428459734, 0.5144644253322909, 0.5136825645035183, 0.5191555903049258, 0.5191555903049258, 0.5175918686473807, 0.5168100078186083, 0.5199374511336982, 0.5207193119624707, 0.5207193119624707, 0.5222830336200156], 'auc': [0.6475991152765013, 0.678260193960825, 0.6927243295376312, 0.7010709936309474, 0.7071659743892476, 0.71150609460588, 0.7152763541889327, 0.7181493985797712, 0.7209349303561265, 0.7235203427346525, 0.7260848761338903, 0.7281809015276266, 0.7302385628126529, 0.732251209371454, 0.7342725320443275, 0.735874119706859, 0.7376416262607006]}


{'loss': [166.1713015139103, 161.15703123807907, 159.10221633315086, 157.737194865942, 156.29556089639664, 155.28601199388504, 155.48514498770237, 153.79948112368584, 153.50739359855652, 152.5940841138363, 152.3249650746584, 151.83768808841705, 151.72158946096897, 151.4079223871231, 150.82351054251194, 151.09476236999035, 150.18161588907242, 150.74708822369576], 'accuracy': [0.4988272087568413, 0.5011727912431587, 0.5027365129007036, 0.5035183737294762, 0.5089913995308835, 0.5105551211884285, 0.5121188428459734, 0.5144644253322909, 0.5136825645035183, 0.5191555903049258, 0.5191555903049258, 0.5175918686473807, 0.5168100078186083, 0.5199374511336982, 0.5207193119624707, 0.5207193119624707, 0.5222830336200156, 0.5215011727912432], 'auc': [0.6475991152765013, 0.678260193960825, 0.6927243295376312, 0.7010709936309474, 0.7071659743892476, 0.71150609460588, 0.7152763541889327, 0.7181493985797712, 0.7209349303561265, 0.7235203427346525, 0.7260848761338903, 0.7281809015276266, 0.7302385628126529, 0.732251209371454, 0.7342725320443275, 0.735874119706859, 0.7376416262607006, 0.7389230106805901]}


{'loss': [166.1713015139103, 161.15703123807907, 159.10221633315086, 157.737194865942, 156.29556089639664, 155.28601199388504, 155.48514498770237, 153.79948112368584, 153.50739359855652, 152.5940841138363, 152.3249650746584, 151.83768808841705, 151.72158946096897, 151.4079223871231, 150.82351054251194, 151.09476236999035, 150.18161588907242, 150.74708822369576, 149.78713454306126], 'accuracy': [0.4988272087568413, 0.5011727912431587, 0.5027365129007036, 0.5035183737294762, 0.5089913995308835, 0.5105551211884285, 0.5121188428459734, 0.5144644253322909, 0.5136825645035183, 0.5191555903049258, 0.5191555903049258, 0.5175918686473807, 0.5168100078186083, 0.5199374511336982, 0.5207193119624707, 0.5207193119624707, 0.5222830336200156, 0.5215011727912432, 0.5285379202501954], 'auc': [0.6475991152765013, 0.678260193960825, 0.6927243295376312, 0.7010709936309474, 0.7071659743892476, 0.71150609460588, 0.7152763541889327, 0.7181493985797712, 0.7209349303561265, 0.7235203427346525, 0.7260848761338903, 0.7281809015276266, 0.7302385628126529, 0.732251209371454, 0.7342725320443275, 0.735874119706859, 0.7376416262607006, 0.7389230106805901, 0.7406063680764295]}


{'loss': [166.1713015139103, 161.15703123807907, 159.10221633315086, 157.737194865942, 156.29556089639664, 155.28601199388504, 155.48514498770237, 153.79948112368584, 153.50739359855652, 152.5940841138363, 152.3249650746584, 151.83768808841705, 151.72158946096897, 151.4079223871231, 150.82351054251194, 151.09476236999035, 150.18161588907242, 150.74708822369576, 149.78713454306126, 149.8849704414606], 'accuracy': [0.4988272087568413, 0.5011727912431587, 0.5027365129007036, 0.5035183737294762, 0.5089913995308835, 0.5105551211884285, 0.5121188428459734, 0.5144644253322909, 0.5136825645035183, 0.5191555903049258, 0.5191555903049258, 0.5175918686473807, 0.5168100078186083, 0.5199374511336982, 0.5207193119624707, 0.5207193119624707, 0.5222830336200156, 0.5215011727912432, 0.5285379202501954, 0.5238467552775606], 'auc': [0.6475991152765013, 0.678260193960825, 0.6927243295376312, 0.7010709936309474, 0.7071659743892476, 0.71150609460588, 0.7152763541889327, 0.7181493985797712, 0.7209349303561265, 0.7235203427346525, 0.7260848761338903, 0.7281809015276266, 0.7302385628126529, 0.732251209371454, 0.7342725320443275, 0.735874119706859, 0.7376416262607006, 0.7389230106805901, 0.7406063680764295, 0.7418940023301608]}


{'loss': [166.1713015139103, 161.15703123807907, 159.10221633315086, 157.737194865942, 156.29556089639664, 155.28601199388504, 155.48514498770237, 153.79948112368584, 153.50739359855652, 152.5940841138363, 152.3249650746584, 151.83768808841705, 151.72158946096897, 151.4079223871231, 150.82351054251194, 151.09476236999035, 150.18161588907242, 150.74708822369576, 149.78713454306126, 149.8849704414606, 149.339297413826], 'accuracy': [0.4988272087568413, 0.5011727912431587, 0.5027365129007036, 0.5035183737294762, 0.5089913995308835, 0.5105551211884285, 0.5121188428459734, 0.5144644253322909, 0.5136825645035183, 0.5191555903049258, 0.5191555903049258, 0.5175918686473807, 0.5168100078186083, 0.5199374511336982, 0.5207193119624707, 0.5207193119624707, 0.5222830336200156, 0.5215011727912432, 0.5285379202501954, 0.5238467552775606, 0.5301016419077405], 'auc': [0.6475991152765013, 0.678260193960825, 0.6927243295376312, 0.7010709936309474, 0.7071659743892476, 0.71150609460588, 0.7152763541889327, 0.7181493985797712, 0.7209349303561265, 0.7235203427346525, 0.7260848761338903, 0.7281809015276266, 0.7302385628126529, 0.732251209371454, 0.7342725320443275, 0.735874119706859, 0.7376416262607006, 0.7389230106805901, 0.7406063680764295, 0.7418940023301608, 0.7431820412174647]}


{'loss': [166.1713015139103, 161.15703123807907, 159.10221633315086, 157.737194865942, 156.29556089639664, 155.28601199388504, 155.48514498770237, 153.79948112368584, 153.50739359855652, 152.5940841138363, 152.3249650746584, 151.83768808841705, 151.72158946096897, 151.4079223871231, 150.82351054251194, 151.09476236999035, 150.18161588907242, 150.74708822369576, 149.78713454306126, 149.8849704414606, 149.339297413826, 149.67643584311008], 'accuracy': [0.4988272087568413, 0.5011727912431587, 0.5027365129007036, 0.5035183737294762, 0.5089913995308835, 0.5105551211884285, 0.5121188428459734, 0.5144644253322909, 0.5136825645035183, 0.5191555903049258, 0.5191555903049258, 0.5175918686473807, 0.5168100078186083, 0.5199374511336982, 0.5207193119624707, 0.5207193119624707, 0.5222830336200156, 0.5215011727912432, 0.5285379202501954, 0.5238467552775606, 0.5301016419077405, 0.5238467552775606], 'auc': [0.6475991152765013, 0.678260193960825, 0.6927243295376312, 0.7010709936309474, 0.7071659743892476, 0.71150609460588, 0.7152763541889327, 0.7181493985797712, 0.7209349303561265, 0.7235203427346525, 0.7260848761338903, 0.7281809015276266, 0.7302385628126529, 0.732251209371454, 0.7342725320443275, 0.735874119706859, 0.7376416262607006, 0.7389230106805901, 0.7406063680764295, 0.7418940023301608, 0.7431820412174647, 0.7442737014206579]}

[92mINFO [0m:      Sent reply
[92mINFO [0m:      
[92mINFO [0m:      [RUN 0, ROUND ]
[92mINFO [0m:      Received: train message bf831317-3690-43cc-83e1-bfce91d01bab
[93mWARNING [0m:   Deprecation Warning: The `client_fn` function must return an instance of `Client`, but an instance of `NumpyClient` was returned. Please use `NumPyClient.to_client()` method to convert it to `Client`.
[92mINFO [0m:      Sent reply
[92mINFO [0m:      
[92mINFO [0m:      [RUN 0, ROUND ]
[92mINFO [0m:      Received: evaluate message 685f97e3-35c8-4f7e-89a8-a2ae2a599488
[93mWARNING [0m:   Deprecation Warning: The `client_fn` function must return an instance of `Client`, but an instance of `NumpyClient` was returned. Please use `NumPyClient.to_client()` method to convert it to `Client`.
[92mINFO [0m:      Sent reply
[92mINFO [0m:      
[92mINFO [0m:      [RUN 0, ROUND ]
[92mINFO [0m:      Received: train message acb35d84-fd84-4df4-b5a0-a6f3b2b751ce
[93mWARNING [0m:   Deprecation Warning: The `client_fn` function must return an instance of `Client`, but an instance of `NumpyClient` was returned. Please use `NumPyClient.to_client()` method to convert it to `Client`.
[92mINFO [0m:      Sent reply
[92mINFO [0m:      
[92mINFO [0m:      [RUN 0, ROUND ]
[92mINFO [0m:      Received: evaluate message 7fdce37b-a06d-46ac-91fc-7e8550561cdd
[93mWARNING [0m:   Deprecation Warning: The `client_fn` function must return an instance of `Client`, but an instance of `NumpyClient` was returned. Please use `NumPyClient.to_client()` method to convert it to `Client`.
[92mINFO [0m:      Sent reply
[92mINFO [0m:      
[92mINFO [0m:      [RUN 0, ROUND ]
[92mINFO [0m:      Received: train message bc78c3c1-cbe8-4d07-aaa9-e652485b8566
[93mWARNING [0m:   Deprecation Warning: The `client_fn` function must return an instance of `Client`, but an instance of `NumpyClient` was returned. Please use `NumPyClient.to_client()` method to convert it to `Client`.
[92mINFO [0m:      Sent reply
[92mINFO [0m:      
[92mINFO [0m:      [RUN 0, ROUND ]
[92mINFO [0m:      Received: evaluate message ce105c0e-3ff3-45a3-ab40-c5c961406333
[93mWARNING [0m:   Deprecation Warning: The `client_fn` function must return an instance of `Client`, but an instance of `NumpyClient` was returned. Please use `NumPyClient.to_client()` method to convert it to `Client`.
[92mINFO [0m:      Sent reply
[92mINFO [0m:      
[92mINFO [0m:      [RUN 0, ROUND ]
[92mINFO [0m:      Received: train message 64b4223a-8f30-4387-ad22-0e099461152c
[93mWARNING [0m:   Deprecation Warning: The `client_fn` function must return an instance of `Client`, but an instance of `NumpyClient` was returned. Please use `NumPyClient.to_client()` method to convert it to `Client`.
[92mINFO [0m:      Sent reply
[92mINFO [0m:      
[92mINFO [0m:      [RUN 0, ROUND ]
[92mINFO [0m:      Received: evaluate message 51a0ae99-d8c8-4ebf-9607-7e65c26cdd4e
[93mWARNING [0m:   Deprecation Warning: The `client_fn` function must return an instance of `Client`, but an instance of `NumpyClient` was returned. Please use `NumPyClient.to_client()` method to convert it to `Client`.
[92mINFO [0m:      Sent reply
[92mINFO [0m:      
[92mINFO [0m:      [RUN 0, ROUND ]
[92mINFO [0m:      Received: train message 4836b6ab-9b41-47a5-85d3-95e609b97a81
[93mWARNING [0m:   Deprecation Warning: The `client_fn` function must return an instance of `Client`, but an instance of `NumpyClient` was returned. Please use `NumPyClient.to_client()` method to convert it to `Client`.
[92mINFO [0m:      Sent reply
[92mINFO [0m:      
[92mINFO [0m:      [RUN 0, ROUND ]
[92mINFO [0m:      Received: evaluate message 3a92620b-83dc-4eb3-9f9d-469e2cb78493
[93mWARNING [0m:   Deprecation Warning: The `client_fn` function must return an instance of `Client`, but an instance of `NumpyClient` was returned. Please use `NumPyClient.to_client()` method to convert it to `Client`.

{'loss': [166.1713015139103, 161.15703123807907, 159.10221633315086, 157.737194865942, 156.29556089639664, 155.28601199388504, 155.48514498770237, 153.79948112368584, 153.50739359855652, 152.5940841138363, 152.3249650746584, 151.83768808841705, 151.72158946096897, 151.4079223871231, 150.82351054251194, 151.09476236999035, 150.18161588907242, 150.74708822369576, 149.78713454306126, 149.8849704414606, 149.339297413826, 149.67643584311008, 149.33754669129848], 'accuracy': [0.4988272087568413, 0.5011727912431587, 0.5027365129007036, 0.5035183737294762, 0.5089913995308835, 0.5105551211884285, 0.5121188428459734, 0.5144644253322909, 0.5136825645035183, 0.5191555903049258, 0.5191555903049258, 0.5175918686473807, 0.5168100078186083, 0.5199374511336982, 0.5207193119624707, 0.5207193119624707, 0.5222830336200156, 0.5215011727912432, 0.5285379202501954, 0.5238467552775606, 0.5301016419077405, 0.5238467552775606, 0.527756059421423], 'auc': [0.6475991152765013, 0.678260193960825, 0.6927243295376312, 0.7010709936309474, 0.7071659743892476, 0.71150609460588, 0.7152763541889327, 0.7181493985797712, 0.7209349303561265, 0.7235203427346525, 0.7260848761338903, 0.7281809015276266, 0.7302385628126529, 0.732251209371454, 0.7342725320443275, 0.735874119706859, 0.7376416262607006, 0.7389230106805901, 0.7406063680764295, 0.7418940023301608, 0.7431820412174647, 0.7442737014206579, 0.7455317878443175]}


{'loss': [166.1713015139103, 161.15703123807907, 159.10221633315086, 157.737194865942, 156.29556089639664, 155.28601199388504, 155.48514498770237, 153.79948112368584, 153.50739359855652, 152.5940841138363, 152.3249650746584, 151.83768808841705, 151.72158946096897, 151.4079223871231, 150.82351054251194, 151.09476236999035, 150.18161588907242, 150.74708822369576, 149.78713454306126, 149.8849704414606, 149.339297413826, 149.67643584311008, 149.33754669129848, 149.24894207715988], 'accuracy': [0.4988272087568413, 0.5011727912431587, 0.5027365129007036, 0.5035183737294762, 0.5089913995308835, 0.5105551211884285, 0.5121188428459734, 0.5144644253322909, 0.5136825645035183, 0.5191555903049258, 0.5191555903049258, 0.5175918686473807, 0.5168100078186083, 0.5199374511336982, 0.5207193119624707, 0.5207193119624707, 0.5222830336200156, 0.5215011727912432, 0.5285379202501954, 0.5238467552775606, 0.5301016419077405, 0.5238467552775606, 0.527756059421423, 0.5269741985926505], 'auc': [0.6475991152765013, 0.678260193960825, 0.6927243295376312, 0.7010709936309474, 0.7071659743892476, 0.71150609460588, 0.7152763541889327, 0.7181493985797712, 0.7209349303561265, 0.7235203427346525, 0.7260848761338903, 0.7281809015276266, 0.7302385628126529, 0.732251209371454, 0.7342725320443275, 0.735874119706859, 0.7376416262607006, 0.7389230106805901, 0.7406063680764295, 0.7418940023301608, 0.7431820412174647, 0.7442737014206579, 0.7455317878443175, 0.7467735224113141]}


{'loss': [166.1713015139103, 161.15703123807907, 159.10221633315086, 157.737194865942, 156.29556089639664, 155.28601199388504, 155.48514498770237, 153.79948112368584, 153.50739359855652, 152.5940841138363, 152.3249650746584, 151.83768808841705, 151.72158946096897, 151.4079223871231, 150.82351054251194, 151.09476236999035, 150.18161588907242, 150.74708822369576, 149.78713454306126, 149.8849704414606, 149.339297413826, 149.67643584311008, 149.33754669129848, 149.24894207715988, 149.23843786120415], 'accuracy': [0.4988272087568413, 0.5011727912431587, 0.5027365129007036, 0.5035183737294762, 0.5089913995308835, 0.5105551211884285, 0.5121188428459734, 0.5144644253322909, 0.5136825645035183, 0.5191555903049258, 0.5191555903049258, 0.5175918686473807, 0.5168100078186083, 0.5199374511336982, 0.5207193119624707, 0.5207193119624707, 0.5222830336200156, 0.5215011727912432, 0.5285379202501954, 0.5238467552775606, 0.5301016419077405, 0.5238467552775606, 0.527756059421423, 0.5269741985926505, 0.5261923377638781], 'auc': [0.6475991152765013, 0.678260193960825, 0.6927243295376312, 0.7010709936309474, 0.7071659743892476, 0.71150609460588, 0.7152763541889327, 0.7181493985797712, 0.7209349303561265, 0.7235203427346525, 0.7260848761338903, 0.7281809015276266, 0.7302385628126529, 0.732251209371454, 0.7342725320443275, 0.735874119706859, 0.7376416262607006, 0.7389230106805901, 0.7406063680764295, 0.7418940023301608, 0.7431820412174647, 0.7442737014206579, 0.7455317878443175, 0.7467735224113141, 0.7478185936363648]}


{'loss': [166.1713015139103, 161.15703123807907, 159.10221633315086, 157.737194865942, 156.29556089639664, 155.28601199388504, 155.48514498770237, 153.79948112368584, 153.50739359855652, 152.5940841138363, 152.3249650746584, 151.83768808841705, 151.72158946096897, 151.4079223871231, 150.82351054251194, 151.09476236999035, 150.18161588907242, 150.74708822369576, 149.78713454306126, 149.8849704414606, 149.339297413826, 149.67643584311008, 149.33754669129848, 149.24894207715988, 149.23843786120415, 148.52913108468056], 'accuracy': [0.4988272087568413, 0.5011727912431587, 0.5027365129007036, 0.5035183737294762, 0.5089913995308835, 0.5105551211884285, 0.5121188428459734, 0.5144644253322909, 0.5136825645035183, 0.5191555903049258, 0.5191555903049258, 0.5175918686473807, 0.5168100078186083, 0.5199374511336982, 0.5207193119624707, 0.5207193119624707, 0.5222830336200156, 0.5215011727912432, 0.5285379202501954, 0.5238467552775606, 0.5301016419077405, 0.5238467552775606, 0.527756059421423, 0.5269741985926505, 0.5261923377638781, 0.5316653635652854], 'auc': [0.6475991152765013, 0.678260193960825, 0.6927243295376312, 0.7010709936309474, 0.7071659743892476, 0.71150609460588, 0.7152763541889327, 0.7181493985797712, 0.7209349303561265, 0.7235203427346525, 0.7260848761338903, 0.7281809015276266, 0.7302385628126529, 0.732251209371454, 0.7342725320443275, 0.735874119706859, 0.7376416262607006, 0.7389230106805901, 0.7406063680764295, 0.7418940023301608, 0.7431820412174647, 0.7442737014206579, 0.7455317878443175, 0.7467735224113141, 0.7478185936363648, 0.7490647330218297]}


{'loss': [166.1713015139103, 161.15703123807907, 159.10221633315086, 157.737194865942, 156.29556089639664, 155.28601199388504, 155.48514498770237, 153.79948112368584, 153.50739359855652, 152.5940841138363, 152.3249650746584, 151.83768808841705, 151.72158946096897, 151.4079223871231, 150.82351054251194, 151.09476236999035, 150.18161588907242, 150.74708822369576, 149.78713454306126, 149.8849704414606, 149.339297413826, 149.67643584311008, 149.33754669129848, 149.24894207715988, 149.23843786120415, 148.52913108468056, 148.39102783799171], 'accuracy': [0.4988272087568413, 0.5011727912431587, 0.5027365129007036, 0.5035183737294762, 0.5089913995308835, 0.5105551211884285, 0.5121188428459734, 0.5144644253322909, 0.5136825645035183, 0.5191555903049258, 0.5191555903049258, 0.5175918686473807, 0.5168100078186083, 0.5199374511336982, 0.5207193119624707, 0.5207193119624707, 0.5222830336200156, 0.5215011727912432, 0.5285379202501954, 0.5238467552775606, 0.5301016419077405, 0.5238467552775606, 0.527756059421423, 0.5269741985926505, 0.5261923377638781, 0.5316653635652854, 0.5308835027365129], 'auc': [0.6475991152765013, 0.678260193960825, 0.6927243295376312, 0.7010709936309474, 0.7071659743892476, 0.71150609460588, 0.7152763541889327, 0.7181493985797712, 0.7209349303561265, 0.7235203427346525, 0.7260848761338903, 0.7281809015276266, 0.7302385628126529, 0.732251209371454, 0.7342725320443275, 0.735874119706859, 0.7376416262607006, 0.7389230106805901, 0.7406063680764295, 0.7418940023301608, 0.7431820412174647, 0.7442737014206579, 0.7455317878443175, 0.7467735224113141, 0.7478185936363648, 0.7490647330218297, 0.7500062584044561]}

[92mINFO [0m:      Sent reply
[92mINFO [0m:      
[92mINFO [0m:      [RUN 0, ROUND ]
[92mINFO [0m:      Received: train message 5bcd5839-968b-49f1-95a1-2a44a402d82b
[93mWARNING [0m:   Deprecation Warning: The `client_fn` function must return an instance of `Client`, but an instance of `NumpyClient` was returned. Please use `NumPyClient.to_client()` method to convert it to `Client`.
[92mINFO [0m:      Sent reply
[92mINFO [0m:      
[92mINFO [0m:      [RUN 0, ROUND ]
[92mINFO [0m:      Received: evaluate message 63f78cba-97d0-482c-85ff-44407c87dfb3
[93mWARNING [0m:   Deprecation Warning: The `client_fn` function must return an instance of `Client`, but an instance of `NumpyClient` was returned. Please use `NumPyClient.to_client()` method to convert it to `Client`.
[92mINFO [0m:      Sent reply
[92mINFO [0m:      
[92mINFO [0m:      [RUN 0, ROUND ]
[92mINFO [0m:      Received: train message a4f2eb8d-5177-4090-bdbc-4d9c0cc43907
[93mWARNING [0m:   Deprecation Warning: The `client_fn` function must return an instance of `Client`, but an instance of `NumpyClient` was returned. Please use `NumPyClient.to_client()` method to convert it to `Client`.
[92mINFO [0m:      Sent reply
[92mINFO [0m:      
[92mINFO [0m:      [RUN 0, ROUND ]
[92mINFO [0m:      Received: evaluate message 829dce66-3c34-45f8-a746-ed9ed6612ea1
[93mWARNING [0m:   Deprecation Warning: The `client_fn` function must return an instance of `Client`, but an instance of `NumpyClient` was returned. Please use `NumPyClient.to_client()` method to convert it to `Client`.
[92mINFO [0m:      Sent reply
[92mINFO [0m:      
[92mINFO [0m:      [RUN 0, ROUND ]
[92mINFO [0m:      Received: reconnect message 95ce4b75-656f-4159-90d2-4b8f3c386e16
[92mINFO [0m:      Disconnect and shut down

{'loss': [166.1713015139103, 161.15703123807907, 159.10221633315086, 157.737194865942, 156.29556089639664, 155.28601199388504, 155.48514498770237, 153.79948112368584, 153.50739359855652, 152.5940841138363, 152.3249650746584, 151.83768808841705, 151.72158946096897, 151.4079223871231, 150.82351054251194, 151.09476236999035, 150.18161588907242, 150.74708822369576, 149.78713454306126, 149.8849704414606, 149.339297413826, 149.67643584311008, 149.33754669129848, 149.24894207715988, 149.23843786120415, 148.52913108468056, 148.39102783799171, 148.36731442809105], 'accuracy': [0.4988272087568413, 0.5011727912431587, 0.5027365129007036, 0.5035183737294762, 0.5089913995308835, 0.5105551211884285, 0.5121188428459734, 0.5144644253322909, 0.5136825645035183, 0.5191555903049258, 0.5191555903049258, 0.5175918686473807, 0.5168100078186083, 0.5199374511336982, 0.5207193119624707, 0.5207193119624707, 0.5222830336200156, 0.5215011727912432, 0.5285379202501954, 0.5238467552775606, 0.5301016419077405, 0.5238467552775606, 0.527756059421423, 0.5269741985926505, 0.5261923377638781, 0.5316653635652854, 0.5308835027365129, 0.5308835027365129], 'auc': [0.6475991152765013, 0.678260193960825, 0.6927243295376312, 0.7010709936309474, 0.7071659743892476, 0.71150609460588, 0.7152763541889327, 0.7181493985797712, 0.7209349303561265, 0.7235203427346525, 0.7260848761338903, 0.7281809015276266, 0.7302385628126529, 0.732251209371454, 0.7342725320443275, 0.735874119706859, 0.7376416262607006, 0.7389230106805901, 0.7406063680764295, 0.7418940023301608, 0.7431820412174647, 0.7442737014206579, 0.7455317878443175, 0.7467735224113141, 0.7478185936363648, 0.7490647330218297, 0.7500062584044561, 0.7510904666046697]}


{'loss': [166.1713015139103, 161.15703123807907, 159.10221633315086, 157.737194865942, 156.29556089639664, 155.28601199388504, 155.48514498770237, 153.79948112368584, 153.50739359855652, 152.5940841138363, 152.3249650746584, 151.83768808841705, 151.72158946096897, 151.4079223871231, 150.82351054251194, 151.09476236999035, 150.18161588907242, 150.74708822369576, 149.78713454306126, 149.8849704414606, 149.339297413826, 149.67643584311008, 149.33754669129848, 149.24894207715988, 149.23843786120415, 148.52913108468056, 148.39102783799171, 148.36731442809105, 148.36014667153358], 'accuracy': [0.4988272087568413, 0.5011727912431587, 0.5027365129007036, 0.5035183737294762, 0.5089913995308835, 0.5105551211884285, 0.5121188428459734, 0.5144644253322909, 0.5136825645035183, 0.5191555903049258, 0.5191555903049258, 0.5175918686473807, 0.5168100078186083, 0.5199374511336982, 0.5207193119624707, 0.5207193119624707, 0.5222830336200156, 0.5215011727912432, 0.5285379202501954, 0.5238467552775606, 0.5301016419077405, 0.5238467552775606, 0.527756059421423, 0.5269741985926505, 0.5261923377638781, 0.5316653635652854, 0.5308835027365129, 0.5308835027365129, 0.5316653635652854], 'auc': [0.6475991152765013, 0.678260193960825, 0.6927243295376312, 0.7010709936309474, 0.7071659743892476, 0.71150609460588, 0.7152763541889327, 0.7181493985797712, 0.7209349303561265, 0.7235203427346525, 0.7260848761338903, 0.7281809015276266, 0.7302385628126529, 0.732251209371454, 0.7342725320443275, 0.735874119706859, 0.7376416262607006, 0.7389230106805901, 0.7406063680764295, 0.7418940023301608, 0.7431820412174647, 0.7442737014206579, 0.7455317878443175, 0.7467735224113141, 0.7478185936363648, 0.7490647330218297, 0.7500062584044561, 0.7510904666046697, 0.7520354293255892]}


{'loss': [166.1713015139103, 161.15703123807907, 159.10221633315086, 157.737194865942, 156.29556089639664, 155.28601199388504, 155.48514498770237, 153.79948112368584, 153.50739359855652, 152.5940841138363, 152.3249650746584, 151.83768808841705, 151.72158946096897, 151.4079223871231, 150.82351054251194, 151.09476236999035, 150.18161588907242, 150.74708822369576, 149.78713454306126, 149.8849704414606, 149.339297413826, 149.67643584311008, 149.33754669129848, 149.24894207715988, 149.23843786120415, 148.52913108468056, 148.39102783799171, 148.36731442809105, 148.36014667153358, 148.48346704244614], 'accuracy': [0.4988272087568413, 0.5011727912431587, 0.5027365129007036, 0.5035183737294762, 0.5089913995308835, 0.5105551211884285, 0.5121188428459734, 0.5144644253322909, 0.5136825645035183, 0.5191555903049258, 0.5191555903049258, 0.5175918686473807, 0.5168100078186083, 0.5199374511336982, 0.5207193119624707, 0.5207193119624707, 0.5222830336200156, 0.5215011727912432, 0.5285379202501954, 0.5238467552775606, 0.5301016419077405, 0.5238467552775606, 0.527756059421423, 0.5269741985926505, 0.5261923377638781, 0.5316653635652854, 0.5308835027365129, 0.5308835027365129, 0.5316653635652854, 0.5308835027365129], 'auc': [0.6475991152765013, 0.678260193960825, 0.6927243295376312, 0.7010709936309474, 0.7071659743892476, 0.71150609460588, 0.7152763541889327, 0.7181493985797712, 0.7209349303561265, 0.7235203427346525, 0.7260848761338903, 0.7281809015276266, 0.7302385628126529, 0.732251209371454, 0.7342725320443275, 0.735874119706859, 0.7376416262607006, 0.7389230106805901, 0.7406063680764295, 0.7418940023301608, 0.7431820412174647, 0.7442737014206579, 0.7455317878443175, 0.7467735224113141, 0.7478185936363648, 0.7490647330218297, 0.7500062584044561, 0.7510904666046697, 0.7520354293255892, 0.7528969722780077]}



{'loss': [166.1713015139103, 161.15703123807907, 159.10221633315086, 157.737194865942, 156.29556089639664, 155.28601199388504, 155.48514498770237, 153.79948112368584, 153.50739359855652, 152.5940841138363, 152.3249650746584, 151.83768808841705, 151.72158946096897, 151.4079223871231, 150.82351054251194, 151.09476236999035, 150.18161588907242, 150.74708822369576, 149.78713454306126, 149.8849704414606, 149.339297413826, 149.67643584311008, 149.33754669129848, 149.24894207715988, 149.23843786120415, 148.52913108468056, 148.39102783799171, 148.36731442809105, 148.36014667153358, 148.48346704244614], 'accuracy': [0.4988272087568413, 0.5011727912431587, 0.5027365129007036, 0.5035183737294762, 0.5089913995308835, 0.5105551211884285, 0.5121188428459734, 0.5144644253322909, 0.5136825645035183, 0.5191555903049258, 0.5191555903049258, 0.5175918686473807, 0.5168100078186083, 0.5199374511336982, 0.5207193119624707, 0.5207193119624707, 0.5222830336200156, 0.5215011727912432, 0.5285379202501954, 0.5238467552775606, 0.5301016419077405, 0.5238467552775606, 0.527756059421423, 0.5269741985926505, 0.5261923377638781, 0.5316653635652854, 0.5308835027365129, 0.5308835027365129, 0.5316653635652854, 0.5308835027365129], 'auc': [0.6475991152765013, 0.678260193960825, 0.6927243295376312, 0.7010709936309474, 0.7071659743892476, 0.71150609460588, 0.7152763541889327, 0.7181493985797712, 0.7209349303561265, 0.7235203427346525, 0.7260848761338903, 0.7281809015276266, 0.7302385628126529, 0.732251209371454, 0.7342725320443275, 0.735874119706859, 0.7376416262607006, 0.7389230106805901, 0.7406063680764295, 0.7418940023301608, 0.7431820412174647, 0.7442737014206579, 0.7455317878443175, 0.7467735224113141, 0.7478185936363648, 0.7490647330218297, 0.7500062584044561, 0.7510904666046697, 0.7520354293255892, 0.7528969722780077]}
