nohup: ignoring input
/home/dgxuser16/anaconda3/envs/ihpc/lib/python3.8/site-packages/opacus/privacy_engine.py:95: UserWarning: Secure RNG turned off. This is perfectly fine for experimentation as it allows for much faster training performance, but remember to turn it on and retrain one last time before production with ``secure_mode`` turned on.
  warnings.warn(
02/06/2025 20:29:09:WARNING:Ignoring drop_last as it is not compatible with DPDataLoader.
02/06/2025 20:29:09:DEBUG:Opened insecure gRPC connection (no certificates were passed)
02/06/2025 20:29:09:DEBUG:ChannelConnectivity.IDLE
02/06/2025 20:29:09:DEBUG:ChannelConnectivity.READY
WARNING: All log messages before absl::InitializeLog() is called are written to STDERR
I0000 00:00:1738902549.825384  932997 fork_posix.cc:75] Other threads are currently calling into gRPC, skipping fork() handlers
[92mINFO [0m:      
02/06/2025 20:29:49:INFO:
[92mINFO [0m:      Received: train message 224f080a-837d-4cb6-a509-1e9bd9981b71
02/06/2025 20:29:49:INFO:Received: train message 224f080a-837d-4cb6-a509-1e9bd9981b71
/home/dgxuser16/anaconda3/envs/ihpc/lib/python3.8/site-packages/torch/nn/modules/module.py:1640: FutureWarning: Using a non-full backward hook when the forward contains multiple autograd Nodes is deprecated and will be removed in future versions. This hook will be missing some grad_input. Please use register_full_backward_hook to get the documented behavior.
  self._maybe_warn_non_full_backward_hook(args, result, grad_fn)
[92mINFO [0m:      Sent reply
02/06/2025 20:30:13:INFO:Sent reply
[92mINFO [0m:      
02/06/2025 20:31:57:INFO:
[92mINFO [0m:      Received: evaluate message af4ea4e1-a31a-41df-bbe7-cc330ef320c5
02/06/2025 20:31:57:INFO:Received: evaluate message af4ea4e1-a31a-41df-bbe7-cc330ef320c5
[92mINFO [0m:      Sent reply
02/06/2025 20:33:42:INFO:Sent reply
[92mINFO [0m:      
02/06/2025 20:35:43:INFO:
[92mINFO [0m:      Received: train message b73c8f0d-a4ee-4328-b021-98a35c2bac7b
02/06/2025 20:35:43:INFO:Received: train message b73c8f0d-a4ee-4328-b021-98a35c2bac7b
/home/dgxuser16/anaconda3/envs/ihpc/lib/python3.8/site-packages/torch/nn/modules/module.py:1640: FutureWarning: Using a non-full backward hook when the forward contains multiple autograd Nodes is deprecated and will be removed in future versions. This hook will be missing some grad_input. Please use register_full_backward_hook to get the documented behavior.
  self._maybe_warn_non_full_backward_hook(args, result, grad_fn)
[92mINFO [0m:      Sent reply
02/06/2025 20:36:08:INFO:Sent reply
[92mINFO [0m:      
02/06/2025 20:36:43:INFO:
[92mINFO [0m:      Received: evaluate message cf1e16ae-e49c-4d3f-9d5e-2a4effcbd02f
02/06/2025 20:36:43:INFO:Received: evaluate message cf1e16ae-e49c-4d3f-9d5e-2a4effcbd02f
[92mINFO [0m:      Sent reply
02/06/2025 20:36:47:INFO:Sent reply
[92mINFO [0m:      
02/06/2025 20:37:45:INFO:
[92mINFO [0m:      Received: train message 94e690d6-b4c3-4372-8144-62ef87845f84
02/06/2025 20:37:45:INFO:Received: train message 94e690d6-b4c3-4372-8144-62ef87845f84
/home/dgxuser16/anaconda3/envs/ihpc/lib/python3.8/site-packages/torch/nn/modules/module.py:1640: FutureWarning: Using a non-full backward hook when the forward contains multiple autograd Nodes is deprecated and will be removed in future versions. This hook will be missing some grad_input. Please use register_full_backward_hook to get the documented behavior.
  self._maybe_warn_non_full_backward_hook(args, result, grad_fn)
[92mINFO [0m:      Sent reply
02/06/2025 20:38:10:INFO:Sent reply
[92mINFO [0m:      
02/06/2025 20:39:05:INFO:
[92mINFO [0m:      Received: evaluate message 8f6b1db1-d935-40df-a358-ecc1687ad620
02/06/2025 20:39:05:INFO:Received: evaluate message 8f6b1db1-d935-40df-a358-ecc1687ad620
[92mINFO [0m:      Sent reply
02/06/2025 20:39:09:INFO:Sent reply
[92mINFO [0m:      
02/06/2025 20:40:04:INFO:
[92mINFO [0m:      Received: train message 42ac6e43-9fd5-47a6-bf94-b3a14805545b
02/06/2025 20:40:04:INFO:Received: train message 42ac6e43-9fd5-47a6-bf94-b3a14805545b
/home/dgxuser16/anaconda3/envs/ihpc/lib/python3.8/site-packages/torch/nn/modules/module.py:1640: FutureWarning: Using a non-full backward hook when the forward contains multiple autograd Nodes is deprecated and will be removed in future versions. This hook will be missing some grad_input. Please use register_full_backward_hook to get the documented behavior.
  self._maybe_warn_non_full_backward_hook(args, result, grad_fn)
[92mINFO [0m:      Sent reply
02/06/2025 20:40:39:INFO:Sent reply
[92mINFO [0m:      
02/06/2025 20:41:35:INFO:
[92mINFO [0m:      Received: evaluate message 570a72b3-6441-405d-8288-d18e3d4c37cd
02/06/2025 20:41:35:INFO:Received: evaluate message 570a72b3-6441-405d-8288-d18e3d4c37cd
[92mINFO [0m:      Sent reply
02/06/2025 20:41:39:INFO:Sent reply
[92mINFO [0m:      
02/06/2025 20:42:47:INFO:
[92mINFO [0m:      Received: train message 579a2585-10eb-4ef5-a7c5-8136aed9174c
02/06/2025 20:42:47:INFO:Received: train message 579a2585-10eb-4ef5-a7c5-8136aed9174c
/home/dgxuser16/anaconda3/envs/ihpc/lib/python3.8/site-packages/torch/nn/modules/module.py:1640: FutureWarning: Using a non-full backward hook when the forward contains multiple autograd Nodes is deprecated and will be removed in future versions. This hook will be missing some grad_input. Please use register_full_backward_hook to get the documented behavior.
  self._maybe_warn_non_full_backward_hook(args, result, grad_fn)
[92mINFO [0m:      Sent reply
02/06/2025 20:43:10:INFO:Sent reply
[92mINFO [0m:      
02/06/2025 20:44:00:INFO:
[92mINFO [0m:      Received: evaluate message e2df226b-64ec-43da-8e1a-c58ab4d0ae71
02/06/2025 20:44:00:INFO:Received: evaluate message e2df226b-64ec-43da-8e1a-c58ab4d0ae71
[92mINFO [0m:      Sent reply
02/06/2025 20:44:04:INFO:Sent reply
[92mINFO [0m:      
02/06/2025 20:44:39:INFO:
[92mINFO [0m:      Received: train message 0a27bfbe-0658-4824-8d77-831868d5e10d
02/06/2025 20:44:39:INFO:Received: train message 0a27bfbe-0658-4824-8d77-831868d5e10d
/home/dgxuser16/anaconda3/envs/ihpc/lib/python3.8/site-packages/torch/nn/modules/module.py:1640: FutureWarning: Using a non-full backward hook when the forward contains multiple autograd Nodes is deprecated and will be removed in future versions. This hook will be missing some grad_input. Please use register_full_backward_hook to get the documented behavior.
  self._maybe_warn_non_full_backward_hook(args, result, grad_fn)
[92mINFO [0m:      Sent reply
02/06/2025 20:45:04:INFO:Sent reply
[92mINFO [0m:      
02/06/2025 20:46:47:INFO:
[92mINFO [0m:      Received: evaluate message 090b5c14-64cb-46ce-ba13-b5826a18a33b
02/06/2025 20:46:47:INFO:Received: evaluate message 090b5c14-64cb-46ce-ba13-b5826a18a33b
[92mINFO [0m:      Sent reply
02/06/2025 20:46:52:INFO:Sent reply
[92mINFO [0m:      
02/06/2025 20:47:14:INFO:
[92mINFO [0m:      Received: train message c907afd0-5c15-43c0-96bb-6b39df39806c
02/06/2025 20:47:14:INFO:Received: train message c907afd0-5c15-43c0-96bb-6b39df39806c
/home/dgxuser16/anaconda3/envs/ihpc/lib/python3.8/site-packages/torch/nn/modules/module.py:1640: FutureWarning: Using a non-full backward hook when the forward contains multiple autograd Nodes is deprecated and will be removed in future versions. This hook will be missing some grad_input. Please use register_full_backward_hook to get the documented behavior.
  self._maybe_warn_non_full_backward_hook(args, result, grad_fn)
[92mINFO [0m:      Sent reply
02/06/2025 20:47:39:INFO:Sent reply
[92mINFO [0m:      
02/06/2025 20:49:13:INFO:
[92mINFO [0m:      Received: evaluate message 35d6038d-4a82-43e0-8d3e-5a0275789819
02/06/2025 20:49:13:INFO:Received: evaluate message 35d6038d-4a82-43e0-8d3e-5a0275789819
[92mINFO [0m:      Sent reply
02/06/2025 20:49:20:INFO:Sent reply
[92mINFO [0m:      
02/06/2025 20:49:49:INFO:
[92mINFO [0m:      Received: train message 5e837eb5-2023-4f72-848c-ab3c7358694a
02/06/2025 20:49:49:INFO:Received: train message 5e837eb5-2023-4f72-848c-ab3c7358694a
/home/dgxuser16/anaconda3/envs/ihpc/lib/python3.8/site-packages/torch/nn/modules/module.py:1640: FutureWarning: Using a non-full backward hook when the forward contains multiple autograd Nodes is deprecated and will be removed in future versions. This hook will be missing some grad_input. Please use register_full_backward_hook to get the documented behavior.
  self._maybe_warn_non_full_backward_hook(args, result, grad_fn)
[92mINFO [0m:      Sent reply
02/06/2025 20:50:18:INFO:Sent reply
[92mINFO [0m:      
02/06/2025 20:51:51:INFO:
[92mINFO [0m:      Received: evaluate message f43c39a3-45a9-47f4-bad1-6207b425a524
02/06/2025 20:51:51:INFO:Received: evaluate message f43c39a3-45a9-47f4-bad1-6207b425a524
[92mINFO [0m:      Sent reply
02/06/2025 20:51:55:INFO:Sent reply
[92mINFO [0m:      
02/06/2025 20:52:45:INFO:
[92mINFO [0m:      Received: train message 1e2c9dcb-e2c2-4cb3-a983-8c706d7dbaf0
02/06/2025 20:52:45:INFO:Received: train message 1e2c9dcb-e2c2-4cb3-a983-8c706d7dbaf0
/home/dgxuser16/anaconda3/envs/ihpc/lib/python3.8/site-packages/torch/nn/modules/module.py:1640: FutureWarning: Using a non-full backward hook when the forward contains multiple autograd Nodes is deprecated and will be removed in future versions. This hook will be missing some grad_input. Please use register_full_backward_hook to get the documented behavior.
  self._maybe_warn_non_full_backward_hook(args, result, grad_fn)
[92mINFO [0m:      Sent reply
02/06/2025 20:53:13:INFO:Sent reply
[92mINFO [0m:      
02/06/2025 20:53:56:INFO:
[92mINFO [0m:      Received: evaluate message b6a88e2d-99cb-42ef-a402-8ed2c789e822
02/06/2025 20:53:56:INFO:Received: evaluate message b6a88e2d-99cb-42ef-a402-8ed2c789e822
[92mINFO [0m:      Sent reply
02/06/2025 20:54:00:INFO:Sent reply
[92mINFO [0m:      
02/06/2025 20:54:44:INFO:
[92mINFO [0m:      Received: train message d0853b53-54bc-423b-99a1-654026440c16
02/06/2025 20:54:44:INFO:Received: train message d0853b53-54bc-423b-99a1-654026440c16
/home/dgxuser16/anaconda3/envs/ihpc/lib/python3.8/site-packages/torch/nn/modules/module.py:1640: FutureWarning: Using a non-full backward hook when the forward contains multiple autograd Nodes is deprecated and will be removed in future versions. This hook will be missing some grad_input. Please use register_full_backward_hook to get the documented behavior.
  self._maybe_warn_non_full_backward_hook(args, result, grad_fn)
[92mINFO [0m:      Sent reply
02/06/2025 20:55:21:INFO:Sent reply
[92mINFO [0m:      
02/06/2025 20:56:24:INFO:
[92mINFO [0m:      Received: evaluate message 15f4c1c0-6b8a-493b-87c5-6ed79dc265d9
02/06/2025 20:56:24:INFO:Received: evaluate message 15f4c1c0-6b8a-493b-87c5-6ed79dc265d9
[92mINFO [0m:      Sent reply
02/06/2025 20:56:28:INFO:Sent reply
[92mINFO [0m:      
02/06/2025 20:57:21:INFO:
[92mINFO [0m:      Received: train message 07b6bebf-eb6d-4025-8f55-68fc30d95c4d
02/06/2025 20:57:21:INFO:Received: train message 07b6bebf-eb6d-4025-8f55-68fc30d95c4d
/home/dgxuser16/anaconda3/envs/ihpc/lib/python3.8/site-packages/torch/nn/modules/module.py:1640: FutureWarning: Using a non-full backward hook when the forward contains multiple autograd Nodes is deprecated and will be removed in future versions. This hook will be missing some grad_input. Please use register_full_backward_hook to get the documented behavior.
  self._maybe_warn_non_full_backward_hook(args, result, grad_fn)
[92mINFO [0m:      Sent reply
02/06/2025 20:57:44:INFO:Sent reply
[92mINFO [0m:      
02/06/2025 20:58:42:INFO:
[92mINFO [0m:      Received: evaluate message cc60ca5e-5c8f-49d9-812d-bc45e76ed83e
02/06/2025 20:58:42:INFO:Received: evaluate message cc60ca5e-5c8f-49d9-812d-bc45e76ed83e
[92mINFO [0m:      Sent reply
02/06/2025 20:58:46:INFO:Sent reply
[92mINFO [0m:      
02/06/2025 20:59:34:INFO:
[92mINFO [0m:      Received: train message b47e7a3a-777f-457b-995e-ac0a1a1f90c6
02/06/2025 20:59:34:INFO:Received: train message b47e7a3a-777f-457b-995e-ac0a1a1f90c6
/home/dgxuser16/anaconda3/envs/ihpc/lib/python3.8/site-packages/torch/nn/modules/module.py:1640: FutureWarning: Using a non-full backward hook when the forward contains multiple autograd Nodes is deprecated and will be removed in future versions. This hook will be missing some grad_input. Please use register_full_backward_hook to get the documented behavior.
  self._maybe_warn_non_full_backward_hook(args, result, grad_fn)
[92mINFO [0m:      Sent reply
02/06/2025 21:00:06:INFO:Sent reply
[92mINFO [0m:      
02/06/2025 21:00:57:INFO:
[92mINFO [0m:      Received: evaluate message 4ec98882-fbf6-4f99-887c-49129855973c
02/06/2025 21:00:57:INFO:Received: evaluate message 4ec98882-fbf6-4f99-887c-49129855973c
[92mINFO [0m:      Sent reply
02/06/2025 21:01:01:INFO:Sent reply
[92mINFO [0m:      
02/06/2025 21:02:03:INFO:
[92mINFO [0m:      Received: train message bc7acbed-d629-4cc9-8c6a-ac0b64e67aef
02/06/2025 21:02:03:INFO:Received: train message bc7acbed-d629-4cc9-8c6a-ac0b64e67aef
/home/dgxuser16/anaconda3/envs/ihpc/lib/python3.8/site-packages/torch/nn/modules/module.py:1640: FutureWarning: Using a non-full backward hook when the forward contains multiple autograd Nodes is deprecated and will be removed in future versions. This hook will be missing some grad_input. Please use register_full_backward_hook to get the documented behavior.
  self._maybe_warn_non_full_backward_hook(args, result, grad_fn)
[92mINFO [0m:      Sent reply
02/06/2025 21:02:36:INFO:Sent reply
[92mINFO [0m:      
02/06/2025 21:03:38:INFO:
[92mINFO [0m:      Received: evaluate message 1d86c934-d392-462c-ada7-5517614f1344
02/06/2025 21:03:38:INFO:Received: evaluate message 1d86c934-d392-462c-ada7-5517614f1344
[92mINFO [0m:      Sent reply
02/06/2025 21:03:42:INFO:Sent reply
[92mINFO [0m:      
02/06/2025 21:04:41:INFO:
[92mINFO [0m:      Received: train message 48e5994f-4892-43dd-922c-267ee85f4f3e
02/06/2025 21:04:41:INFO:Received: train message 48e5994f-4892-43dd-922c-267ee85f4f3e
/home/dgxuser16/anaconda3/envs/ihpc/lib/python3.8/site-packages/torch/nn/modules/module.py:1640: FutureWarning: Using a non-full backward hook when the forward contains multiple autograd Nodes is deprecated and will be removed in future versions. This hook will be missing some grad_input. Please use register_full_backward_hook to get the documented behavior.
  self._maybe_warn_non_full_backward_hook(args, result, grad_fn)
[92mINFO [0m:      Sent reply
02/06/2025 21:05:34:INFO:Sent reply
[92mINFO [0m:      
02/06/2025 21:06:31:INFO:
[92mINFO [0m:      Received: evaluate message c8bda64f-6a4f-4d6c-9ffc-39913b9cee7c
02/06/2025 21:06:31:INFO:Received: evaluate message c8bda64f-6a4f-4d6c-9ffc-39913b9cee7c
[92mINFO [0m:      Sent reply
02/06/2025 21:06:50:INFO:Sent reply
[92mINFO [0m:      
02/06/2025 21:08:01:INFO:
[92mINFO [0m:      Received: train message bc26687d-8bfe-4cf7-9df8-fb7f4300ffd5
02/06/2025 21:08:01:INFO:Received: train message bc26687d-8bfe-4cf7-9df8-fb7f4300ffd5
/home/dgxuser16/anaconda3/envs/ihpc/lib/python3.8/site-packages/torch/nn/modules/module.py:1640: FutureWarning: Using a non-full backward hook when the forward contains multiple autograd Nodes is deprecated and will be removed in future versions. This hook will be missing some grad_input. Please use register_full_backward_hook to get the documented behavior.
  self._maybe_warn_non_full_backward_hook(args, result, grad_fn)
[92mINFO [0m:      Sent reply
02/06/2025 21:08:25:INFO:Sent reply
[92mINFO [0m:      
02/06/2025 21:09:21:INFO:
[92mINFO [0m:      Received: evaluate message cb142f61-93f8-4027-8a71-06144af55bc6
02/06/2025 21:09:21:INFO:Received: evaluate message cb142f61-93f8-4027-8a71-06144af55bc6
Device: cuda:0
Params: {'batch_size': 32, 'local_epochs': 3, 'full_dataset_size': 6400, 'number_of_classes': 4}
Privacy Params: {'target_delta': 1e-05, 'noise_multiplier': 0.43, 'max_grad_norm': 1.0}
Epsilon = 18.7873

{'loss': [1.5848958218256135], 'accuracy': [0.3502736512900704], 'auc': [0.45007280552804846]}

Epsilon = 24.8088

{'loss': [1.5848958218256135, 3.052960181674331], 'accuracy': [0.3502736512900704, 0.3502736512900704], 'auc': [0.45007280552804846, 0.487794968297678]}

Epsilon = 29.7532

{'loss': [1.5848958218256135, 3.052960181674331, 2.636795547625532], 'accuracy': [0.3502736512900704, 0.3502736512900704, 0.009382329945269743], 'auc': [0.45007280552804846, 0.487794968297678, 0.5303696558447788]}

Epsilon = 34.1519

{'loss': [1.5848958218256135, 3.052960181674331, 2.636795547625532, 2.3320311129885414], 'accuracy': [0.3502736512900704, 0.3502736512900704, 0.009382329945269743, 0.13995308835027365], 'auc': [0.45007280552804846, 0.487794968297678, 0.5303696558447788, 0.4940842718943664]}

Epsilon = 38.2057

{'loss': [1.5848958218256135, 3.052960181674331, 2.636795547625532, 2.3320311129885414, 1.256409228453886], 'accuracy': [0.3502736512900704, 0.3502736512900704, 0.009382329945269743, 0.13995308835027365, 0.49335418295543393], 'auc': [0.45007280552804846, 0.487794968297678, 0.5303696558447788, 0.4940842718943664, 0.4807432361287784]}

Epsilon = 42.0162

{'loss': [1.5848958218256135, 3.052960181674331, 2.636795547625532, 2.3320311129885414, 1.256409228453886, 1.2703620949883867], 'accuracy': [0.3502736512900704, 0.3502736512900704, 0.009382329945269743, 0.13995308835027365, 0.49335418295543393, 0.35496481626270526], 'auc': [0.45007280552804846, 0.487794968297678, 0.5303696558447788, 0.4940842718943664, 0.4807432361287784, 0.42087937365679856]}

Epsilon = 45.6430

{'loss': [1.5848958218256135, 3.052960181674331, 2.636795547625532, 2.3320311129885414, 1.256409228453886, 1.2703620949883867, 1.5770248149501989], 'accuracy': [0.3502736512900704, 0.3502736512900704, 0.009382329945269743, 0.13995308835027365, 0.49335418295543393, 0.35496481626270526, 0.1931196247068022], 'auc': [0.45007280552804846, 0.487794968297678, 0.5303696558447788, 0.4940842718943664, 0.4807432361287784, 0.42087937365679856, 0.5384886435855296]}

Epsilon = 49.1250

{'loss': [1.5848958218256135, 3.052960181674331, 2.636795547625532, 2.3320311129885414, 1.256409228453886, 1.2703620949883867, 1.5770248149501989, 2.199536394010399], 'accuracy': [0.3502736512900704, 0.3502736512900704, 0.009382329945269743, 0.13995308835027365, 0.49335418295543393, 0.35496481626270526, 0.1931196247068022, 0.43080531665363564], 'auc': [0.45007280552804846, 0.487794968297678, 0.5303696558447788, 0.4940842718943664, 0.4807432361287784, 0.42087937365679856, 0.5384886435855296, 0.46384857619469666]}

Epsilon = 52.4888

{'loss': [1.5848958218256135, 3.052960181674331, 2.636795547625532, 2.3320311129885414, 1.256409228453886, 1.2703620949883867, 1.5770248149501989, 2.199536394010399, 2.0206187780337745], 'accuracy': [0.3502736512900704, 0.3502736512900704, 0.009382329945269743, 0.13995308835027365, 0.49335418295543393, 0.35496481626270526, 0.1931196247068022, 0.43080531665363564, 0.35105551211884284], 'auc': [0.45007280552804846, 0.487794968297678, 0.5303696558447788, 0.4940842718943664, 0.4807432361287784, 0.42087937365679856, 0.5384886435855296, 0.46384857619469666, 0.4998825548358853]}

Epsilon = 55.7540

{'loss': [1.5848958218256135, 3.052960181674331, 2.636795547625532, 2.3320311129885414, 1.256409228453886, 1.2703620949883867, 1.5770248149501989, 2.199536394010399, 2.0206187780337745, 2.6005978579629296], 'accuracy': [0.3502736512900704, 0.3502736512900704, 0.009382329945269743, 0.13995308835027365, 0.49335418295543393, 0.35496481626270526, 0.1931196247068022, 0.43080531665363564, 0.35105551211884284, 0.5003909304143862], 'auc': [0.45007280552804846, 0.487794968297678, 0.5303696558447788, 0.4940842718943664, 0.4807432361287784, 0.42087937365679856, 0.5384886435855296, 0.46384857619469666, 0.4998825548358853, 0.5497602820819167]}

Epsilon = 58.9350

{'loss': [1.5848958218256135, 3.052960181674331, 2.636795547625532, 2.3320311129885414, 1.256409228453886, 1.2703620949883867, 1.5770248149501989, 2.199536394010399, 2.0206187780337745, 2.6005978579629296, 1.921200066129149], 'accuracy': [0.3502736512900704, 0.3502736512900704, 0.009382329945269743, 0.13995308835027365, 0.49335418295543393, 0.35496481626270526, 0.1931196247068022, 0.43080531665363564, 0.35105551211884284, 0.5003909304143862, 0.4519155590304926], 'auc': [0.45007280552804846, 0.487794968297678, 0.5303696558447788, 0.4940842718943664, 0.4807432361287784, 0.42087937365679856, 0.5384886435855296, 0.46384857619469666, 0.4998825548358853, 0.5497602820819167, 0.4986833551229624]}

Epsilon = 62.0434

{'loss': [1.5848958218256135, 3.052960181674331, 2.636795547625532, 2.3320311129885414, 1.256409228453886, 1.2703620949883867, 1.5770248149501989, 2.199536394010399, 2.0206187780337745, 2.6005978579629296, 1.921200066129149, 1.7559570302433851], 'accuracy': [0.3502736512900704, 0.3502736512900704, 0.009382329945269743, 0.13995308835027365, 0.49335418295543393, 0.35496481626270526, 0.1931196247068022, 0.43080531665363564, 0.35105551211884284, 0.5003909304143862, 0.4519155590304926, 0.5019546520719312], 'auc': [0.45007280552804846, 0.487794968297678, 0.5303696558447788, 0.4940842718943664, 0.4807432361287784, 0.42087937365679856, 0.5384886435855296, 0.46384857619469666, 0.4998825548358853, 0.5497602820819167, 0.4986833551229624, 0.5133162987418364]}

Epsilon = 65.0880

{'loss': [1.5848958218256135, 3.052960181674331, 2.636795547625532, 2.3320311129885414, 1.256409228453886, 1.2703620949883867, 1.5770248149501989, 2.199536394010399, 2.0206187780337745, 2.6005978579629296, 1.921200066129149, 1.7559570302433851, 2.212561376585077], 'accuracy': [0.3502736512900704, 0.3502736512900704, 0.009382329945269743, 0.13995308835027365, 0.49335418295543393, 0.35496481626270526, 0.1931196247068022, 0.43080531665363564, 0.35105551211884284, 0.5003909304143862, 0.4519155590304926, 0.5019546520719312, 0.2986708365910868], 'auc': [0.45007280552804846, 0.487794968297678, 0.5303696558447788, 0.4940842718943664, 0.4807432361287784, 0.42087937365679856, 0.5384886435855296, 0.46384857619469666, 0.4998825548358853, 0.5497602820819167, 0.4986833551229624, 0.5133162987418364, 0.522743119471727]}

Epsilon = 68.0761

{'loss': [1.5848958218256135, 3.052960181674331, 2.636795547625532, 2.3320311129885414, 1.256409228453886, 1.2703620949883867, 1.5770248149501989, 2.199536394010399, 2.0206187780337745, 2.6005978579629296, 1.921200066129149, 1.7559570302433851, 2.212561376585077, 3.3298895956949854], 'accuracy': [0.3502736512900704, 0.3502736512900704, 0.009382329945269743, 0.13995308835027365, 0.49335418295543393, 0.35496481626270526, 0.1931196247068022, 0.43080531665363564, 0.35105551211884284, 0.5003909304143862, 0.4519155590304926, 0.5019546520719312, 0.2986708365910868, 0.5019546520719312], 'auc': [0.45007280552804846, 0.487794968297678, 0.5303696558447788, 0.4940842718943664, 0.4807432361287784, 0.42087937365679856, 0.5384886435855296, 0.46384857619469666, 0.4998825548358853, 0.5497602820819167, 0.4986833551229624, 0.5133162987418364, 0.522743119471727, 0.5104704623173728]}

Epsilon = 71.0138
[92mINFO [0m:      Sent reply
02/06/2025 21:09:24:INFO:Sent reply
[92mINFO [0m:      
02/06/2025 21:10:06:INFO:
[92mINFO [0m:      Received: train message 78e47830-0119-4f0f-9615-b0d9e771d668
02/06/2025 21:10:06:INFO:Received: train message 78e47830-0119-4f0f-9615-b0d9e771d668
/home/dgxuser16/anaconda3/envs/ihpc/lib/python3.8/site-packages/torch/nn/modules/module.py:1640: FutureWarning: Using a non-full backward hook when the forward contains multiple autograd Nodes is deprecated and will be removed in future versions. This hook will be missing some grad_input. Please use register_full_backward_hook to get the documented behavior.
  self._maybe_warn_non_full_backward_hook(args, result, grad_fn)
[92mINFO [0m:      Sent reply
02/06/2025 21:10:35:INFO:Sent reply
[92mINFO [0m:      
02/06/2025 21:12:29:INFO:
[92mINFO [0m:      Received: evaluate message 82e88337-60d1-4d57-9e69-e3c48360e9b2
02/06/2025 21:12:29:INFO:Received: evaluate message 82e88337-60d1-4d57-9e69-e3c48360e9b2
[92mINFO [0m:      Sent reply
02/06/2025 21:12:33:INFO:Sent reply
[92mINFO [0m:      
02/06/2025 21:13:35:INFO:
[92mINFO [0m:      Received: train message 9b9e2e3c-34e1-4014-ba08-6abfeb3973ee
02/06/2025 21:13:35:INFO:Received: train message 9b9e2e3c-34e1-4014-ba08-6abfeb3973ee
/home/dgxuser16/anaconda3/envs/ihpc/lib/python3.8/site-packages/torch/nn/modules/module.py:1640: FutureWarning: Using a non-full backward hook when the forward contains multiple autograd Nodes is deprecated and will be removed in future versions. This hook will be missing some grad_input. Please use register_full_backward_hook to get the documented behavior.
  self._maybe_warn_non_full_backward_hook(args, result, grad_fn)
[92mINFO [0m:      Sent reply
02/06/2025 21:14:08:INFO:Sent reply
[92mINFO [0m:      
02/06/2025 21:15:05:INFO:
[92mINFO [0m:      Received: evaluate message 0b3b9a14-54f7-4984-9482-c536f8de905d
02/06/2025 21:15:05:INFO:Received: evaluate message 0b3b9a14-54f7-4984-9482-c536f8de905d
[92mINFO [0m:      Sent reply
02/06/2025 21:15:09:INFO:Sent reply
[92mINFO [0m:      
02/06/2025 21:15:51:INFO:
[92mINFO [0m:      Received: train message aaf64f29-d91f-4b96-b386-450b1297cf7a
02/06/2025 21:15:51:INFO:Received: train message aaf64f29-d91f-4b96-b386-450b1297cf7a
/home/dgxuser16/anaconda3/envs/ihpc/lib/python3.8/site-packages/torch/nn/modules/module.py:1640: FutureWarning: Using a non-full backward hook when the forward contains multiple autograd Nodes is deprecated and will be removed in future versions. This hook will be missing some grad_input. Please use register_full_backward_hook to get the documented behavior.
  self._maybe_warn_non_full_backward_hook(args, result, grad_fn)
[92mINFO [0m:      Sent reply
02/06/2025 21:16:24:INFO:Sent reply
[92mINFO [0m:      
02/06/2025 21:17:33:INFO:
[92mINFO [0m:      Received: evaluate message a06c0104-47cf-4994-b051-d2840e31849a
02/06/2025 21:17:33:INFO:Received: evaluate message a06c0104-47cf-4994-b051-d2840e31849a
[92mINFO [0m:      Sent reply
02/06/2025 21:17:41:INFO:Sent reply
[92mINFO [0m:      
02/06/2025 21:18:18:INFO:
[92mINFO [0m:      Received: train message 1119efe6-8b74-4247-8d91-c4fdc4a43780
02/06/2025 21:18:18:INFO:Received: train message 1119efe6-8b74-4247-8d91-c4fdc4a43780
/home/dgxuser16/anaconda3/envs/ihpc/lib/python3.8/site-packages/torch/nn/modules/module.py:1640: FutureWarning: Using a non-full backward hook when the forward contains multiple autograd Nodes is deprecated and will be removed in future versions. This hook will be missing some grad_input. Please use register_full_backward_hook to get the documented behavior.
  self._maybe_warn_non_full_backward_hook(args, result, grad_fn)
[92mINFO [0m:      Sent reply
02/06/2025 21:18:46:INFO:Sent reply
[92mINFO [0m:      
02/06/2025 21:19:38:INFO:
[92mINFO [0m:      Received: evaluate message b9bff0dd-0fbc-46a5-918b-df78a9617c26
02/06/2025 21:19:38:INFO:Received: evaluate message b9bff0dd-0fbc-46a5-918b-df78a9617c26
[92mINFO [0m:      Sent reply
02/06/2025 21:19:45:INFO:Sent reply
[92mINFO [0m:      
02/06/2025 21:20:33:INFO:
[92mINFO [0m:      Received: train message 9655983f-0fcd-4716-bab9-56158b8b12bd
02/06/2025 21:20:33:INFO:Received: train message 9655983f-0fcd-4716-bab9-56158b8b12bd
/home/dgxuser16/anaconda3/envs/ihpc/lib/python3.8/site-packages/torch/nn/modules/module.py:1640: FutureWarning: Using a non-full backward hook when the forward contains multiple autograd Nodes is deprecated and will be removed in future versions. This hook will be missing some grad_input. Please use register_full_backward_hook to get the documented behavior.
  self._maybe_warn_non_full_backward_hook(args, result, grad_fn)
[92mINFO [0m:      Sent reply
02/06/2025 21:21:05:INFO:Sent reply
[92mINFO [0m:      
02/06/2025 21:21:50:INFO:
[92mINFO [0m:      Received: evaluate message 9e60b9cd-f8eb-4635-9c22-60718fad5740
02/06/2025 21:21:50:INFO:Received: evaluate message 9e60b9cd-f8eb-4635-9c22-60718fad5740
[92mINFO [0m:      Sent reply
02/06/2025 21:22:01:INFO:Sent reply
[92mINFO [0m:      
02/06/2025 21:22:48:INFO:
[92mINFO [0m:      Received: train message d165e168-72b4-46df-97f6-16042b8b4e53
02/06/2025 21:22:48:INFO:Received: train message d165e168-72b4-46df-97f6-16042b8b4e53
/home/dgxuser16/anaconda3/envs/ihpc/lib/python3.8/site-packages/torch/nn/modules/module.py:1640: FutureWarning: Using a non-full backward hook when the forward contains multiple autograd Nodes is deprecated and will be removed in future versions. This hook will be missing some grad_input. Please use register_full_backward_hook to get the documented behavior.
  self._maybe_warn_non_full_backward_hook(args, result, grad_fn)
[92mINFO [0m:      Sent reply
02/06/2025 21:23:14:INFO:Sent reply
[92mINFO [0m:      
02/06/2025 21:24:01:INFO:
[92mINFO [0m:      Received: evaluate message 5bd879e2-b688-41fc-a1ab-c590f88a6498
02/06/2025 21:24:01:INFO:Received: evaluate message 5bd879e2-b688-41fc-a1ab-c590f88a6498
[92mINFO [0m:      Sent reply
02/06/2025 21:24:07:INFO:Sent reply
[92mINFO [0m:      
02/06/2025 21:25:08:INFO:
[92mINFO [0m:      Received: train message f43e3642-b64a-41c5-8960-c1ccb78da4bb
02/06/2025 21:25:08:INFO:Received: train message f43e3642-b64a-41c5-8960-c1ccb78da4bb
/home/dgxuser16/anaconda3/envs/ihpc/lib/python3.8/site-packages/torch/nn/modules/module.py:1640: FutureWarning: Using a non-full backward hook when the forward contains multiple autograd Nodes is deprecated and will be removed in future versions. This hook will be missing some grad_input. Please use register_full_backward_hook to get the documented behavior.
  self._maybe_warn_non_full_backward_hook(args, result, grad_fn)
[92mINFO [0m:      Sent reply
02/06/2025 21:25:40:INFO:Sent reply
[92mINFO [0m:      
02/06/2025 21:26:41:INFO:
[92mINFO [0m:      Received: evaluate message a6e0f13e-01da-4c81-9ff9-5c19f554084a
02/06/2025 21:26:41:INFO:Received: evaluate message a6e0f13e-01da-4c81-9ff9-5c19f554084a

{'loss': [1.5848958218256135, 3.052960181674331, 2.636795547625532, 2.3320311129885414, 1.256409228453886, 1.2703620949883867, 1.5770248149501989, 2.199536394010399, 2.0206187780337745, 2.6005978579629296, 1.921200066129149, 1.7559570302433851, 2.212561376585077, 3.3298895956949854, 1.7107261866447607], 'accuracy': [0.3502736512900704, 0.3502736512900704, 0.009382329945269743, 0.13995308835027365, 0.49335418295543393, 0.35496481626270526, 0.1931196247068022, 0.43080531665363564, 0.35105551211884284, 0.5003909304143862, 0.4519155590304926, 0.5019546520719312, 0.2986708365910868, 0.5019546520719312, 0.3815480844409695], 'auc': [0.45007280552804846, 0.487794968297678, 0.5303696558447788, 0.4940842718943664, 0.4807432361287784, 0.42087937365679856, 0.5384886435855296, 0.46384857619469666, 0.4998825548358853, 0.5497602820819167, 0.4986833551229624, 0.5133162987418364, 0.522743119471727, 0.5104704623173728, 0.5523306473319515]}

Epsilon = 73.9060

{'loss': [1.5848958218256135, 3.052960181674331, 2.636795547625532, 2.3320311129885414, 1.256409228453886, 1.2703620949883867, 1.5770248149501989, 2.199536394010399, 2.0206187780337745, 2.6005978579629296, 1.921200066129149, 1.7559570302433851, 2.212561376585077, 3.3298895956949854, 1.7107261866447607, 1.399545638378567], 'accuracy': [0.3502736512900704, 0.3502736512900704, 0.009382329945269743, 0.13995308835027365, 0.49335418295543393, 0.35496481626270526, 0.1931196247068022, 0.43080531665363564, 0.35105551211884284, 0.5003909304143862, 0.4519155590304926, 0.5019546520719312, 0.2986708365910868, 0.5019546520719312, 0.3815480844409695, 0.42689601250977327], 'auc': [0.45007280552804846, 0.487794968297678, 0.5303696558447788, 0.4940842718943664, 0.4807432361287784, 0.42087937365679856, 0.5384886435855296, 0.46384857619469666, 0.4998825548358853, 0.5497602820819167, 0.4986833551229624, 0.5133162987418364, 0.522743119471727, 0.5104704623173728, 0.5523306473319515, 0.4456539101824273]}

Epsilon = 76.7569

{'loss': [1.5848958218256135, 3.052960181674331, 2.636795547625532, 2.3320311129885414, 1.256409228453886, 1.2703620949883867, 1.5770248149501989, 2.199536394010399, 2.0206187780337745, 2.6005978579629296, 1.921200066129149, 1.7559570302433851, 2.212561376585077, 3.3298895956949854, 1.7107261866447607, 1.399545638378567, 2.2823474361758573], 'accuracy': [0.3502736512900704, 0.3502736512900704, 0.009382329945269743, 0.13995308835027365, 0.49335418295543393, 0.35496481626270526, 0.1931196247068022, 0.43080531665363564, 0.35105551211884284, 0.5003909304143862, 0.4519155590304926, 0.5019546520719312, 0.2986708365910868, 0.5019546520719312, 0.3815480844409695, 0.42689601250977327, 0.3502736512900704], 'auc': [0.45007280552804846, 0.487794968297678, 0.5303696558447788, 0.4940842718943664, 0.4807432361287784, 0.42087937365679856, 0.5384886435855296, 0.46384857619469666, 0.4998825548358853, 0.5497602820819167, 0.4986833551229624, 0.5133162987418364, 0.522743119471727, 0.5104704623173728, 0.5523306473319515, 0.4456539101824273, 0.500988853222891]}

Epsilon = 79.5702

{'loss': [1.5848958218256135, 3.052960181674331, 2.636795547625532, 2.3320311129885414, 1.256409228453886, 1.2703620949883867, 1.5770248149501989, 2.199536394010399, 2.0206187780337745, 2.6005978579629296, 1.921200066129149, 1.7559570302433851, 2.212561376585077, 3.3298895956949854, 1.7107261866447607, 1.399545638378567, 2.2823474361758573, 1.7574041546835761], 'accuracy': [0.3502736512900704, 0.3502736512900704, 0.009382329945269743, 0.13995308835027365, 0.49335418295543393, 0.35496481626270526, 0.1931196247068022, 0.43080531665363564, 0.35105551211884284, 0.5003909304143862, 0.4519155590304926, 0.5019546520719312, 0.2986708365910868, 0.5019546520719312, 0.3815480844409695, 0.42689601250977327, 0.3502736512900704, 0.44878811571540267], 'auc': [0.45007280552804846, 0.487794968297678, 0.5303696558447788, 0.4940842718943664, 0.4807432361287784, 0.42087937365679856, 0.5384886435855296, 0.46384857619469666, 0.4998825548358853, 0.5497602820819167, 0.4986833551229624, 0.5133162987418364, 0.522743119471727, 0.5104704623173728, 0.5523306473319515, 0.4456539101824273, 0.500988853222891, 0.44129030689496795]}

Epsilon = 82.3491

{'loss': [1.5848958218256135, 3.052960181674331, 2.636795547625532, 2.3320311129885414, 1.256409228453886, 1.2703620949883867, 1.5770248149501989, 2.199536394010399, 2.0206187780337745, 2.6005978579629296, 1.921200066129149, 1.7559570302433851, 2.212561376585077, 3.3298895956949854, 1.7107261866447607, 1.399545638378567, 2.2823474361758573, 1.7574041546835761, 9.04715160113862], 'accuracy': [0.3502736512900704, 0.3502736512900704, 0.009382329945269743, 0.13995308835027365, 0.49335418295543393, 0.35496481626270526, 0.1931196247068022, 0.43080531665363564, 0.35105551211884284, 0.5003909304143862, 0.4519155590304926, 0.5019546520719312, 0.2986708365910868, 0.5019546520719312, 0.3815480844409695, 0.42689601250977327, 0.3502736512900704, 0.44878811571540267, 0.13995308835027365], 'auc': [0.45007280552804846, 0.487794968297678, 0.5303696558447788, 0.4940842718943664, 0.4807432361287784, 0.42087937365679856, 0.5384886435855296, 0.46384857619469666, 0.4998825548358853, 0.5497602820819167, 0.4986833551229624, 0.5133162987418364, 0.522743119471727, 0.5104704623173728, 0.5523306473319515, 0.4456539101824273, 0.500988853222891, 0.44129030689496795, 0.42599072757868506]}

Epsilon = 85.0961

{'loss': [1.5848958218256135, 3.052960181674331, 2.636795547625532, 2.3320311129885414, 1.256409228453886, 1.2703620949883867, 1.5770248149501989, 2.199536394010399, 2.0206187780337745, 2.6005978579629296, 1.921200066129149, 1.7559570302433851, 2.212561376585077, 3.3298895956949854, 1.7107261866447607, 1.399545638378567, 2.2823474361758573, 1.7574041546835761, 9.04715160113862, 3.7949769765566788], 'accuracy': [0.3502736512900704, 0.3502736512900704, 0.009382329945269743, 0.13995308835027365, 0.49335418295543393, 0.35496481626270526, 0.1931196247068022, 0.43080531665363564, 0.35105551211884284, 0.5003909304143862, 0.4519155590304926, 0.5019546520719312, 0.2986708365910868, 0.5019546520719312, 0.3815480844409695, 0.42689601250977327, 0.3502736512900704, 0.44878811571540267, 0.13995308835027365, 0.3502736512900704], 'auc': [0.45007280552804846, 0.487794968297678, 0.5303696558447788, 0.4940842718943664, 0.4807432361287784, 0.42087937365679856, 0.5384886435855296, 0.46384857619469666, 0.4998825548358853, 0.5497602820819167, 0.4986833551229624, 0.5133162987418364, 0.522743119471727, 0.5104704623173728, 0.5523306473319515, 0.4456539101824273, 0.500988853222891, 0.44129030689496795, 0.42599072757868506, 0.4697771349548848]}

Epsilon = 87.8136

{'loss': [1.5848958218256135, 3.052960181674331, 2.636795547625532, 2.3320311129885414, 1.256409228453886, 1.2703620949883867, 1.5770248149501989, 2.199536394010399, 2.0206187780337745, 2.6005978579629296, 1.921200066129149, 1.7559570302433851, 2.212561376585077, 3.3298895956949854, 1.7107261866447607, 1.399545638378567, 2.2823474361758573, 1.7574041546835761, 9.04715160113862, 3.7949769765566788, 3.8757259960841908], 'accuracy': [0.3502736512900704, 0.3502736512900704, 0.009382329945269743, 0.13995308835027365, 0.49335418295543393, 0.35496481626270526, 0.1931196247068022, 0.43080531665363564, 0.35105551211884284, 0.5003909304143862, 0.4519155590304926, 0.5019546520719312, 0.2986708365910868, 0.5019546520719312, 0.3815480844409695, 0.42689601250977327, 0.3502736512900704, 0.44878811571540267, 0.13995308835027365, 0.3502736512900704, 0.49726348709929635], 'auc': [0.45007280552804846, 0.487794968297678, 0.5303696558447788, 0.4940842718943664, 0.4807432361287784, 0.42087937365679856, 0.5384886435855296, 0.46384857619469666, 0.4998825548358853, 0.5497602820819167, 0.4986833551229624, 0.5133162987418364, 0.522743119471727, 0.5104704623173728, 0.5523306473319515, 0.4456539101824273, 0.500988853222891, 0.44129030689496795, 0.42599072757868506, 0.4697771349548848, 0.5884794686263126]}

Epsilon = 90.5038
[92mINFO [0m:      Sent reply
02/06/2025 21:26:45:INFO:Sent reply
[92mINFO [0m:      
02/06/2025 21:27:28:INFO:
[92mINFO [0m:      Received: train message 6f19d504-e63d-4a76-b6ee-954e093053f8
02/06/2025 21:27:28:INFO:Received: train message 6f19d504-e63d-4a76-b6ee-954e093053f8
/home/dgxuser16/anaconda3/envs/ihpc/lib/python3.8/site-packages/torch/nn/modules/module.py:1640: FutureWarning: Using a non-full backward hook when the forward contains multiple autograd Nodes is deprecated and will be removed in future versions. This hook will be missing some grad_input. Please use register_full_backward_hook to get the documented behavior.
  self._maybe_warn_non_full_backward_hook(args, result, grad_fn)
[92mINFO [0m:      Sent reply
02/06/2025 21:28:03:INFO:Sent reply
[92mINFO [0m:      
02/06/2025 21:28:55:INFO:
[92mINFO [0m:      Received: evaluate message a4349c60-a888-43d9-92e2-8f5d7769879a
02/06/2025 21:28:55:INFO:Received: evaluate message a4349c60-a888-43d9-92e2-8f5d7769879a
[92mINFO [0m:      Sent reply
02/06/2025 21:29:00:INFO:Sent reply
[92mINFO [0m:      
02/06/2025 21:29:15:INFO:
[92mINFO [0m:      Received: train message bdde6102-3a8b-4f51-a550-72b0756649b9
02/06/2025 21:29:15:INFO:Received: train message bdde6102-3a8b-4f51-a550-72b0756649b9
/home/dgxuser16/anaconda3/envs/ihpc/lib/python3.8/site-packages/torch/nn/modules/module.py:1640: FutureWarning: Using a non-full backward hook when the forward contains multiple autograd Nodes is deprecated and will be removed in future versions. This hook will be missing some grad_input. Please use register_full_backward_hook to get the documented behavior.
  self._maybe_warn_non_full_backward_hook(args, result, grad_fn)
[92mINFO [0m:      Sent reply
02/06/2025 21:31:36:INFO:Sent reply
[92mINFO [0m:      
02/06/2025 21:33:36:INFO:
[92mINFO [0m:      Received: evaluate message 8b284a83-39cf-4b24-b770-203980e3e460
02/06/2025 21:33:36:INFO:Received: evaluate message 8b284a83-39cf-4b24-b770-203980e3e460
[92mINFO [0m:      Sent reply
02/06/2025 21:33:40:INFO:Sent reply
[92mINFO [0m:      
02/06/2025 21:36:15:INFO:
[92mINFO [0m:      Received: train message 4c798468-5112-4e05-9158-30bf218addaa
02/06/2025 21:36:15:INFO:Received: train message 4c798468-5112-4e05-9158-30bf218addaa
/home/dgxuser16/anaconda3/envs/ihpc/lib/python3.8/site-packages/torch/nn/modules/module.py:1640: FutureWarning: Using a non-full backward hook when the forward contains multiple autograd Nodes is deprecated and will be removed in future versions. This hook will be missing some grad_input. Please use register_full_backward_hook to get the documented behavior.
  self._maybe_warn_non_full_backward_hook(args, result, grad_fn)
[92mINFO [0m:      Sent reply
02/06/2025 21:36:50:INFO:Sent reply
[92mINFO [0m:      
02/06/2025 21:37:48:INFO:
[92mINFO [0m:      Received: evaluate message 54103510-3e2d-4bc7-a9bf-a0c11ab01d30
02/06/2025 21:37:48:INFO:Received: evaluate message 54103510-3e2d-4bc7-a9bf-a0c11ab01d30
[92mINFO [0m:      Sent reply
02/06/2025 21:37:52:INFO:Sent reply
[92mINFO [0m:      
02/06/2025 21:38:50:INFO:
[92mINFO [0m:      Received: train message 0cc639f4-fc15-43c0-a038-4f45212d486b
02/06/2025 21:38:50:INFO:Received: train message 0cc639f4-fc15-43c0-a038-4f45212d486b
/home/dgxuser16/anaconda3/envs/ihpc/lib/python3.8/site-packages/torch/nn/modules/module.py:1640: FutureWarning: Using a non-full backward hook when the forward contains multiple autograd Nodes is deprecated and will be removed in future versions. This hook will be missing some grad_input. Please use register_full_backward_hook to get the documented behavior.
  self._maybe_warn_non_full_backward_hook(args, result, grad_fn)
[92mINFO [0m:      Sent reply
02/06/2025 21:40:36:INFO:Sent reply
[92mINFO [0m:      
02/06/2025 21:42:20:INFO:
[92mINFO [0m:      Received: evaluate message ca6438d0-593e-4a9b-ba47-337fa9e9aa2c
02/06/2025 21:42:20:INFO:Received: evaluate message ca6438d0-593e-4a9b-ba47-337fa9e9aa2c
[92mINFO [0m:      Sent reply
02/06/2025 21:42:26:INFO:Sent reply
[92mINFO [0m:      
02/06/2025 21:43:02:INFO:
[92mINFO [0m:      Received: train message 0eb4e7d1-0b7c-4a16-8518-6e8bc940e2b0
02/06/2025 21:43:02:INFO:Received: train message 0eb4e7d1-0b7c-4a16-8518-6e8bc940e2b0
/home/dgxuser16/anaconda3/envs/ihpc/lib/python3.8/site-packages/torch/nn/modules/module.py:1640: FutureWarning: Using a non-full backward hook when the forward contains multiple autograd Nodes is deprecated and will be removed in future versions. This hook will be missing some grad_input. Please use register_full_backward_hook to get the documented behavior.
  self._maybe_warn_non_full_backward_hook(args, result, grad_fn)
[92mINFO [0m:      Sent reply
02/06/2025 21:43:38:INFO:Sent reply
[92mINFO [0m:      
02/06/2025 21:44:45:INFO:
[92mINFO [0m:      Received: evaluate message 5f89f5ff-e133-41b5-a5ee-45b81e31dea5
02/06/2025 21:44:45:INFO:Received: evaluate message 5f89f5ff-e133-41b5-a5ee-45b81e31dea5

{'loss': [1.5848958218256135, 3.052960181674331, 2.636795547625532, 2.3320311129885414, 1.256409228453886, 1.2703620949883867, 1.5770248149501989, 2.199536394010399, 2.0206187780337745, 2.6005978579629296, 1.921200066129149, 1.7559570302433851, 2.212561376585077, 3.3298895956949854, 1.7107261866447607, 1.399545638378567, 2.2823474361758573, 1.7574041546835761, 9.04715160113862, 3.7949769765566788, 3.8757259960841908, 3.65208827277778], 'accuracy': [0.3502736512900704, 0.3502736512900704, 0.009382329945269743, 0.13995308835027365, 0.49335418295543393, 0.35496481626270526, 0.1931196247068022, 0.43080531665363564, 0.35105551211884284, 0.5003909304143862, 0.4519155590304926, 0.5019546520719312, 0.2986708365910868, 0.5019546520719312, 0.3815480844409695, 0.42689601250977327, 0.3502736512900704, 0.44878811571540267, 0.13995308835027365, 0.3502736512900704, 0.49726348709929635, 0.5003909304143862], 'auc': [0.45007280552804846, 0.487794968297678, 0.5303696558447788, 0.4940842718943664, 0.4807432361287784, 0.42087937365679856, 0.5384886435855296, 0.46384857619469666, 0.4998825548358853, 0.5497602820819167, 0.4986833551229624, 0.5133162987418364, 0.522743119471727, 0.5104704623173728, 0.5523306473319515, 0.4456539101824273, 0.500988853222891, 0.44129030689496795, 0.42599072757868506, 0.4697771349548848, 0.5884794686263126, 0.5068354486293565]}

Epsilon = 93.1684

{'loss': [1.5848958218256135, 3.052960181674331, 2.636795547625532, 2.3320311129885414, 1.256409228453886, 1.2703620949883867, 1.5770248149501989, 2.199536394010399, 2.0206187780337745, 2.6005978579629296, 1.921200066129149, 1.7559570302433851, 2.212561376585077, 3.3298895956949854, 1.7107261866447607, 1.399545638378567, 2.2823474361758573, 1.7574041546835761, 9.04715160113862, 3.7949769765566788, 3.8757259960841908, 3.65208827277778, 1.6712804922748115], 'accuracy': [0.3502736512900704, 0.3502736512900704, 0.009382329945269743, 0.13995308835027365, 0.49335418295543393, 0.35496481626270526, 0.1931196247068022, 0.43080531665363564, 0.35105551211884284, 0.5003909304143862, 0.4519155590304926, 0.5019546520719312, 0.2986708365910868, 0.5019546520719312, 0.3815480844409695, 0.42689601250977327, 0.3502736512900704, 0.44878811571540267, 0.13995308835027365, 0.3502736512900704, 0.49726348709929635, 0.5003909304143862, 0.3565285379202502], 'auc': [0.45007280552804846, 0.487794968297678, 0.5303696558447788, 0.4940842718943664, 0.4807432361287784, 0.42087937365679856, 0.5384886435855296, 0.46384857619469666, 0.4998825548358853, 0.5497602820819167, 0.4986833551229624, 0.5133162987418364, 0.522743119471727, 0.5104704623173728, 0.5523306473319515, 0.4456539101824273, 0.500988853222891, 0.44129030689496795, 0.42599072757868506, 0.4697771349548848, 0.5884794686263126, 0.5068354486293565, 0.5666977230053923]}

Epsilon = 95.8093

{'loss': [1.5848958218256135, 3.052960181674331, 2.636795547625532, 2.3320311129885414, 1.256409228453886, 1.2703620949883867, 1.5770248149501989, 2.199536394010399, 2.0206187780337745, 2.6005978579629296, 1.921200066129149, 1.7559570302433851, 2.212561376585077, 3.3298895956949854, 1.7107261866447607, 1.399545638378567, 2.2823474361758573, 1.7574041546835761, 9.04715160113862, 3.7949769765566788, 3.8757259960841908, 3.65208827277778, 1.6712804922748115, 1.7036546159293895], 'accuracy': [0.3502736512900704, 0.3502736512900704, 0.009382329945269743, 0.13995308835027365, 0.49335418295543393, 0.35496481626270526, 0.1931196247068022, 0.43080531665363564, 0.35105551211884284, 0.5003909304143862, 0.4519155590304926, 0.5019546520719312, 0.2986708365910868, 0.5019546520719312, 0.3815480844409695, 0.42689601250977327, 0.3502736512900704, 0.44878811571540267, 0.13995308835027365, 0.3502736512900704, 0.49726348709929635, 0.5003909304143862, 0.3565285379202502, 0.3862392494136044], 'auc': [0.45007280552804846, 0.487794968297678, 0.5303696558447788, 0.4940842718943664, 0.4807432361287784, 0.42087937365679856, 0.5384886435855296, 0.46384857619469666, 0.4998825548358853, 0.5497602820819167, 0.4986833551229624, 0.5133162987418364, 0.522743119471727, 0.5104704623173728, 0.5523306473319515, 0.4456539101824273, 0.500988853222891, 0.44129030689496795, 0.42599072757868506, 0.4697771349548848, 0.5884794686263126, 0.5068354486293565, 0.5666977230053923, 0.5027052324910943]}

Epsilon = 98.4277

{'loss': [1.5848958218256135, 3.052960181674331, 2.636795547625532, 2.3320311129885414, 1.256409228453886, 1.2703620949883867, 1.5770248149501989, 2.199536394010399, 2.0206187780337745, 2.6005978579629296, 1.921200066129149, 1.7559570302433851, 2.212561376585077, 3.3298895956949854, 1.7107261866447607, 1.399545638378567, 2.2823474361758573, 1.7574041546835761, 9.04715160113862, 3.7949769765566788, 3.8757259960841908, 3.65208827277778, 1.6712804922748115, 1.7036546159293895, 6.418060512295789], 'accuracy': [0.3502736512900704, 0.3502736512900704, 0.009382329945269743, 0.13995308835027365, 0.49335418295543393, 0.35496481626270526, 0.1931196247068022, 0.43080531665363564, 0.35105551211884284, 0.5003909304143862, 0.4519155590304926, 0.5019546520719312, 0.2986708365910868, 0.5019546520719312, 0.3815480844409695, 0.42689601250977327, 0.3502736512900704, 0.44878811571540267, 0.13995308835027365, 0.3502736512900704, 0.49726348709929635, 0.5003909304143862, 0.3565285379202502, 0.3862392494136044, 0.3502736512900704], 'auc': [0.45007280552804846, 0.487794968297678, 0.5303696558447788, 0.4940842718943664, 0.4807432361287784, 0.42087937365679856, 0.5384886435855296, 0.46384857619469666, 0.4998825548358853, 0.5497602820819167, 0.4986833551229624, 0.5133162987418364, 0.522743119471727, 0.5104704623173728, 0.5523306473319515, 0.4456539101824273, 0.500988853222891, 0.44129030689496795, 0.42599072757868506, 0.4697771349548848, 0.5884794686263126, 0.5068354486293565, 0.5666977230053923, 0.5027052324910943, 0.46162852185810493]}

Epsilon = 101.0252

{'loss': [1.5848958218256135, 3.052960181674331, 2.636795547625532, 2.3320311129885414, 1.256409228453886, 1.2703620949883867, 1.5770248149501989, 2.199536394010399, 2.0206187780337745, 2.6005978579629296, 1.921200066129149, 1.7559570302433851, 2.212561376585077, 3.3298895956949854, 1.7107261866447607, 1.399545638378567, 2.2823474361758573, 1.7574041546835761, 9.04715160113862, 3.7949769765566788, 3.8757259960841908, 3.65208827277778, 1.6712804922748115, 1.7036546159293895, 6.418060512295789, 1.6625112356666105], 'accuracy': [0.3502736512900704, 0.3502736512900704, 0.009382329945269743, 0.13995308835027365, 0.49335418295543393, 0.35496481626270526, 0.1931196247068022, 0.43080531665363564, 0.35105551211884284, 0.5003909304143862, 0.4519155590304926, 0.5019546520719312, 0.2986708365910868, 0.5019546520719312, 0.3815480844409695, 0.42689601250977327, 0.3502736512900704, 0.44878811571540267, 0.13995308835027365, 0.3502736512900704, 0.49726348709929635, 0.5003909304143862, 0.3565285379202502, 0.3862392494136044, 0.3502736512900704, 0.36200156372165754], 'auc': [0.45007280552804846, 0.487794968297678, 0.5303696558447788, 0.4940842718943664, 0.4807432361287784, 0.42087937365679856, 0.5384886435855296, 0.46384857619469666, 0.4998825548358853, 0.5497602820819167, 0.4986833551229624, 0.5133162987418364, 0.522743119471727, 0.5104704623173728, 0.5523306473319515, 0.4456539101824273, 0.500988853222891, 0.44129030689496795, 0.42599072757868506, 0.4697771349548848, 0.5884794686263126, 0.5068354486293565, 0.5666977230053923, 0.5027052324910943, 0.46162852185810493, 0.5199197811614403]}

Epsilon = 103.6027
[92mINFO [0m:      Sent reply
02/06/2025 21:44:51:INFO:Sent reply
[92mINFO [0m:      
02/06/2025 21:45:20:INFO:
[92mINFO [0m:      Received: train message 2d149683-2d49-4966-9047-f0f5e6593de2
02/06/2025 21:45:20:INFO:Received: train message 2d149683-2d49-4966-9047-f0f5e6593de2
/home/dgxuser16/anaconda3/envs/ihpc/lib/python3.8/site-packages/torch/nn/modules/module.py:1640: FutureWarning: Using a non-full backward hook when the forward contains multiple autograd Nodes is deprecated and will be removed in future versions. This hook will be missing some grad_input. Please use register_full_backward_hook to get the documented behavior.
  self._maybe_warn_non_full_backward_hook(args, result, grad_fn)
[92mINFO [0m:      Sent reply
02/06/2025 21:46:13:INFO:Sent reply
[92mINFO [0m:      
02/06/2025 21:47:15:INFO:
[92mINFO [0m:      Received: evaluate message 3f86fcbb-b632-48b7-91d0-59be3ca9b82f
02/06/2025 21:47:15:INFO:Received: evaluate message 3f86fcbb-b632-48b7-91d0-59be3ca9b82f
[92mINFO [0m:      Sent reply
02/06/2025 21:47:20:INFO:Sent reply
[92mINFO [0m:      
02/06/2025 21:48:04:INFO:
[92mINFO [0m:      Received: train message 114675b6-2c8e-4d5c-a6e8-9d71aa6b4b4f
02/06/2025 21:48:04:INFO:Received: train message 114675b6-2c8e-4d5c-a6e8-9d71aa6b4b4f
/home/dgxuser16/anaconda3/envs/ihpc/lib/python3.8/site-packages/torch/nn/modules/module.py:1640: FutureWarning: Using a non-full backward hook when the forward contains multiple autograd Nodes is deprecated and will be removed in future versions. This hook will be missing some grad_input. Please use register_full_backward_hook to get the documented behavior.
  self._maybe_warn_non_full_backward_hook(args, result, grad_fn)
[92mINFO [0m:      Sent reply
02/06/2025 21:48:49:INFO:Sent reply
[92mINFO [0m:      
02/06/2025 21:49:32:INFO:
[92mINFO [0m:      Received: evaluate message 81f63b10-d9ef-4b43-b030-fd6eb8570f92
02/06/2025 21:49:32:INFO:Received: evaluate message 81f63b10-d9ef-4b43-b030-fd6eb8570f92
[92mINFO [0m:      Sent reply
02/06/2025 21:49:36:INFO:Sent reply
[92mINFO [0m:      
02/06/2025 21:50:33:INFO:
[92mINFO [0m:      Received: train message 20db79e4-28a1-49f4-8abd-85868845138e
02/06/2025 21:50:33:INFO:Received: train message 20db79e4-28a1-49f4-8abd-85868845138e
/home/dgxuser16/anaconda3/envs/ihpc/lib/python3.8/site-packages/torch/nn/modules/module.py:1640: FutureWarning: Using a non-full backward hook when the forward contains multiple autograd Nodes is deprecated and will be removed in future versions. This hook will be missing some grad_input. Please use register_full_backward_hook to get the documented behavior.
  self._maybe_warn_non_full_backward_hook(args, result, grad_fn)
[92mINFO [0m:      Sent reply
02/06/2025 21:51:18:INFO:Sent reply
[92mINFO [0m:      
02/06/2025 21:52:42:INFO:
[92mINFO [0m:      Received: evaluate message 40a06a5b-c82a-4008-a5aa-17b4ec971389
02/06/2025 21:52:42:INFO:Received: evaluate message 40a06a5b-c82a-4008-a5aa-17b4ec971389
[92mINFO [0m:      Sent reply
02/06/2025 21:52:45:INFO:Sent reply
[92mINFO [0m:      
02/06/2025 21:52:52:INFO:
[92mINFO [0m:      Received: reconnect message f4fdc2d6-305e-4a7d-a108-bb8d9b779b5d
02/06/2025 21:52:52:INFO:Received: reconnect message f4fdc2d6-305e-4a7d-a108-bb8d9b779b5d
02/06/2025 21:52:52:DEBUG:gRPC channel closed
[92mINFO [0m:      Disconnect and shut down
02/06/2025 21:52:52:INFO:Disconnect and shut down

{'loss': [1.5848958218256135, 3.052960181674331, 2.636795547625532, 2.3320311129885414, 1.256409228453886, 1.2703620949883867, 1.5770248149501989, 2.199536394010399, 2.0206187780337745, 2.6005978579629296, 1.921200066129149, 1.7559570302433851, 2.212561376585077, 3.3298895956949854, 1.7107261866447607, 1.399545638378567, 2.2823474361758573, 1.7574041546835761, 9.04715160113862, 3.7949769765566788, 3.8757259960841908, 3.65208827277778, 1.6712804922748115, 1.7036546159293895, 6.418060512295789, 1.6625112356666105, 6.256401015176169], 'accuracy': [0.3502736512900704, 0.3502736512900704, 0.009382329945269743, 0.13995308835027365, 0.49335418295543393, 0.35496481626270526, 0.1931196247068022, 0.43080531665363564, 0.35105551211884284, 0.5003909304143862, 0.4519155590304926, 0.5019546520719312, 0.2986708365910868, 0.5019546520719312, 0.3815480844409695, 0.42689601250977327, 0.3502736512900704, 0.44878811571540267, 0.13995308835027365, 0.3502736512900704, 0.49726348709929635, 0.5003909304143862, 0.3565285379202502, 0.3862392494136044, 0.3502736512900704, 0.36200156372165754, 0.23455824863174354], 'auc': [0.45007280552804846, 0.487794968297678, 0.5303696558447788, 0.4940842718943664, 0.4807432361287784, 0.42087937365679856, 0.5384886435855296, 0.46384857619469666, 0.4998825548358853, 0.5497602820819167, 0.4986833551229624, 0.5133162987418364, 0.522743119471727, 0.5104704623173728, 0.5523306473319515, 0.4456539101824273, 0.500988853222891, 0.44129030689496795, 0.42599072757868506, 0.4697771349548848, 0.5884794686263126, 0.5068354486293565, 0.5666977230053923, 0.5027052324910943, 0.46162852185810493, 0.5199197811614403, 0.4920965002319806]}

Epsilon = 106.1616

{'loss': [1.5848958218256135, 3.052960181674331, 2.636795547625532, 2.3320311129885414, 1.256409228453886, 1.2703620949883867, 1.5770248149501989, 2.199536394010399, 2.0206187780337745, 2.6005978579629296, 1.921200066129149, 1.7559570302433851, 2.212561376585077, 3.3298895956949854, 1.7107261866447607, 1.399545638378567, 2.2823474361758573, 1.7574041546835761, 9.04715160113862, 3.7949769765566788, 3.8757259960841908, 3.65208827277778, 1.6712804922748115, 1.7036546159293895, 6.418060512295789, 1.6625112356666105, 6.256401015176169, 2.532930555988607], 'accuracy': [0.3502736512900704, 0.3502736512900704, 0.009382329945269743, 0.13995308835027365, 0.49335418295543393, 0.35496481626270526, 0.1931196247068022, 0.43080531665363564, 0.35105551211884284, 0.5003909304143862, 0.4519155590304926, 0.5019546520719312, 0.2986708365910868, 0.5019546520719312, 0.3815480844409695, 0.42689601250977327, 0.3502736512900704, 0.44878811571540267, 0.13995308835027365, 0.3502736512900704, 0.49726348709929635, 0.5003909304143862, 0.3565285379202502, 0.3862392494136044, 0.3502736512900704, 0.36200156372165754, 0.23455824863174354, 0.49726348709929635], 'auc': [0.45007280552804846, 0.487794968297678, 0.5303696558447788, 0.4940842718943664, 0.4807432361287784, 0.42087937365679856, 0.5384886435855296, 0.46384857619469666, 0.4998825548358853, 0.5497602820819167, 0.4986833551229624, 0.5133162987418364, 0.522743119471727, 0.5104704623173728, 0.5523306473319515, 0.4456539101824273, 0.500988853222891, 0.44129030689496795, 0.42599072757868506, 0.4697771349548848, 0.5884794686263126, 0.5068354486293565, 0.5666977230053923, 0.5027052324910943, 0.46162852185810493, 0.5199197811614403, 0.4920965002319806, 0.46685750274318844]}

Epsilon = 108.7027

{'loss': [1.5848958218256135, 3.052960181674331, 2.636795547625532, 2.3320311129885414, 1.256409228453886, 1.2703620949883867, 1.5770248149501989, 2.199536394010399, 2.0206187780337745, 2.6005978579629296, 1.921200066129149, 1.7559570302433851, 2.212561376585077, 3.3298895956949854, 1.7107261866447607, 1.399545638378567, 2.2823474361758573, 1.7574041546835761, 9.04715160113862, 3.7949769765566788, 3.8757259960841908, 3.65208827277778, 1.6712804922748115, 1.7036546159293895, 6.418060512295789, 1.6625112356666105, 6.256401015176169, 2.532930555988607, 2.6451118342153164], 'accuracy': [0.3502736512900704, 0.3502736512900704, 0.009382329945269743, 0.13995308835027365, 0.49335418295543393, 0.35496481626270526, 0.1931196247068022, 0.43080531665363564, 0.35105551211884284, 0.5003909304143862, 0.4519155590304926, 0.5019546520719312, 0.2986708365910868, 0.5019546520719312, 0.3815480844409695, 0.42689601250977327, 0.3502736512900704, 0.44878811571540267, 0.13995308835027365, 0.3502736512900704, 0.49726348709929635, 0.5003909304143862, 0.3565285379202502, 0.3862392494136044, 0.3502736512900704, 0.36200156372165754, 0.23455824863174354, 0.49726348709929635, 0.34323690383111805], 'auc': [0.45007280552804846, 0.487794968297678, 0.5303696558447788, 0.4940842718943664, 0.4807432361287784, 0.42087937365679856, 0.5384886435855296, 0.46384857619469666, 0.4998825548358853, 0.5497602820819167, 0.4986833551229624, 0.5133162987418364, 0.522743119471727, 0.5104704623173728, 0.5523306473319515, 0.4456539101824273, 0.500988853222891, 0.44129030689496795, 0.42599072757868506, 0.4697771349548848, 0.5884794686263126, 0.5068354486293565, 0.5666977230053923, 0.5027052324910943, 0.46162852185810493, 0.5199197811614403, 0.4920965002319806, 0.46685750274318844, 0.5392844206183474]}

Epsilon = 111.2270

{'loss': [1.5848958218256135, 3.052960181674331, 2.636795547625532, 2.3320311129885414, 1.256409228453886, 1.2703620949883867, 1.5770248149501989, 2.199536394010399, 2.0206187780337745, 2.6005978579629296, 1.921200066129149, 1.7559570302433851, 2.212561376585077, 3.3298895956949854, 1.7107261866447607, 1.399545638378567, 2.2823474361758573, 1.7574041546835761, 9.04715160113862, 3.7949769765566788, 3.8757259960841908, 3.65208827277778, 1.6712804922748115, 1.7036546159293895, 6.418060512295789, 1.6625112356666105, 6.256401015176169, 2.532930555988607, 2.6451118342153164, 4.419143439393616], 'accuracy': [0.3502736512900704, 0.3502736512900704, 0.009382329945269743, 0.13995308835027365, 0.49335418295543393, 0.35496481626270526, 0.1931196247068022, 0.43080531665363564, 0.35105551211884284, 0.5003909304143862, 0.4519155590304926, 0.5019546520719312, 0.2986708365910868, 0.5019546520719312, 0.3815480844409695, 0.42689601250977327, 0.3502736512900704, 0.44878811571540267, 0.13995308835027365, 0.3502736512900704, 0.49726348709929635, 0.5003909304143862, 0.3565285379202502, 0.3862392494136044, 0.3502736512900704, 0.36200156372165754, 0.23455824863174354, 0.49726348709929635, 0.34323690383111805, 0.4949179046129789], 'auc': [0.45007280552804846, 0.487794968297678, 0.5303696558447788, 0.4940842718943664, 0.4807432361287784, 0.42087937365679856, 0.5384886435855296, 0.46384857619469666, 0.4998825548358853, 0.5497602820819167, 0.4986833551229624, 0.5133162987418364, 0.522743119471727, 0.5104704623173728, 0.5523306473319515, 0.4456539101824273, 0.500988853222891, 0.44129030689496795, 0.42599072757868506, 0.4697771349548848, 0.5884794686263126, 0.5068354486293565, 0.5666977230053923, 0.5027052324910943, 0.46162852185810493, 0.5199197811614403, 0.4920965002319806, 0.46685750274318844, 0.5392844206183474, 0.39554084333029105]}



{'loss': [1.5848958218256135, 3.052960181674331, 2.636795547625532, 2.3320311129885414, 1.256409228453886, 1.2703620949883867, 1.5770248149501989, 2.199536394010399, 2.0206187780337745, 2.6005978579629296, 1.921200066129149, 1.7559570302433851, 2.212561376585077, 3.3298895956949854, 1.7107261866447607, 1.399545638378567, 2.2823474361758573, 1.7574041546835761, 9.04715160113862, 3.7949769765566788, 3.8757259960841908, 3.65208827277778, 1.6712804922748115, 1.7036546159293895, 6.418060512295789, 1.6625112356666105, 6.256401015176169, 2.532930555988607, 2.6451118342153164, 4.419143439393616], 'accuracy': [0.3502736512900704, 0.3502736512900704, 0.009382329945269743, 0.13995308835027365, 0.49335418295543393, 0.35496481626270526, 0.1931196247068022, 0.43080531665363564, 0.35105551211884284, 0.5003909304143862, 0.4519155590304926, 0.5019546520719312, 0.2986708365910868, 0.5019546520719312, 0.3815480844409695, 0.42689601250977327, 0.3502736512900704, 0.44878811571540267, 0.13995308835027365, 0.3502736512900704, 0.49726348709929635, 0.5003909304143862, 0.3565285379202502, 0.3862392494136044, 0.3502736512900704, 0.36200156372165754, 0.23455824863174354, 0.49726348709929635, 0.34323690383111805, 0.4949179046129789], 'auc': [0.45007280552804846, 0.487794968297678, 0.5303696558447788, 0.4940842718943664, 0.4807432361287784, 0.42087937365679856, 0.5384886435855296, 0.46384857619469666, 0.4998825548358853, 0.5497602820819167, 0.4986833551229624, 0.5133162987418364, 0.522743119471727, 0.5104704623173728, 0.5523306473319515, 0.4456539101824273, 0.500988853222891, 0.44129030689496795, 0.42599072757868506, 0.4697771349548848, 0.5884794686263126, 0.5068354486293565, 0.5666977230053923, 0.5027052324910943, 0.46162852185810493, 0.5199197811614403, 0.4920965002319806, 0.46685750274318844, 0.5392844206183474, 0.39554084333029105]}
