nohup: ignoring input
/home/dgxuser16/anaconda3/envs/ihpc/lib/python3.8/site-packages/opacus/privacy_engine.py:95: UserWarning: Secure RNG turned off. This is perfectly fine for experimentation as it allows for much faster training performance, but remember to turn it on and retrain one last time before production with ``secure_mode`` turned on.
  warnings.warn(
02/17/2025 15:38:50:WARNING:Ignoring drop_last as it is not compatible with DPDataLoader.
02/17/2025 15:38:50:DEBUG:Opened insecure gRPC connection (no certificates were passed)
02/17/2025 15:38:50:DEBUG:ChannelConnectivity.IDLE
02/17/2025 15:38:50:DEBUG:ChannelConnectivity.CONNECTING
02/17/2025 15:38:50:DEBUG:ChannelConnectivity.READY
WARNING: All log messages before absl::InitializeLog() is called are written to STDERR
I0000 00:00:1739835530.814529  731626 fork_posix.cc:75] Other threads are currently calling into gRPC, skipping fork() handlers
[92mINFO [0m:      
02/17/2025 15:39:29:INFO:
[92mINFO [0m:      Received: train message 7639dc75-b45a-414c-ac31-1daf9169fd3b
02/17/2025 15:39:29:INFO:Received: train message 7639dc75-b45a-414c-ac31-1daf9169fd3b
/home/dgxuser16/anaconda3/envs/ihpc/lib/python3.8/site-packages/torch/nn/modules/module.py:1640: FutureWarning: Using a non-full backward hook when the forward contains multiple autograd Nodes is deprecated and will be removed in future versions. This hook will be missing some grad_input. Please use register_full_backward_hook to get the documented behavior.
  self._maybe_warn_non_full_backward_hook(args, result, grad_fn)
[92mINFO [0m:      Sent reply
02/17/2025 15:39:43:INFO:Sent reply
[92mINFO [0m:      
02/17/2025 15:40:28:INFO:
[92mINFO [0m:      Received: evaluate message a0a9bf15-f76b-485b-8cdf-cc9ffeddc798
02/17/2025 15:40:28:INFO:Received: evaluate message a0a9bf15-f76b-485b-8cdf-cc9ffeddc798
[92mINFO [0m:      Sent reply
02/17/2025 15:40:31:INFO:Sent reply
[92mINFO [0m:      
02/17/2025 15:40:48:INFO:
[92mINFO [0m:      Received: train message e95ed967-0f87-4220-a9a5-3b5e80787dc0
02/17/2025 15:40:48:INFO:Received: train message e95ed967-0f87-4220-a9a5-3b5e80787dc0
/home/dgxuser16/anaconda3/envs/ihpc/lib/python3.8/site-packages/torch/nn/modules/module.py:1640: FutureWarning: Using a non-full backward hook when the forward contains multiple autograd Nodes is deprecated and will be removed in future versions. This hook will be missing some grad_input. Please use register_full_backward_hook to get the documented behavior.
  self._maybe_warn_non_full_backward_hook(args, result, grad_fn)
[92mINFO [0m:      Sent reply
02/17/2025 15:40:58:INFO:Sent reply
[92mINFO [0m:      
02/17/2025 15:42:08:INFO:
[92mINFO [0m:      Received: evaluate message 2fa87330-f823-46fd-ba5d-95723b4fa2f5
02/17/2025 15:42:08:INFO:Received: evaluate message 2fa87330-f823-46fd-ba5d-95723b4fa2f5
[92mINFO [0m:      Sent reply
02/17/2025 15:42:11:INFO:Sent reply
[92mINFO [0m:      
02/17/2025 15:42:44:INFO:
[92mINFO [0m:      Received: train message 9461fb6a-b5c2-4094-b824-874beac777c0
02/17/2025 15:42:44:INFO:Received: train message 9461fb6a-b5c2-4094-b824-874beac777c0
/home/dgxuser16/anaconda3/envs/ihpc/lib/python3.8/site-packages/torch/nn/modules/module.py:1640: FutureWarning: Using a non-full backward hook when the forward contains multiple autograd Nodes is deprecated and will be removed in future versions. This hook will be missing some grad_input. Please use register_full_backward_hook to get the documented behavior.
  self._maybe_warn_non_full_backward_hook(args, result, grad_fn)
[92mINFO [0m:      Sent reply
02/17/2025 15:42:57:INFO:Sent reply
[92mINFO [0m:      
02/17/2025 15:43:31:INFO:
[92mINFO [0m:      Received: evaluate message 4ca183da-e187-42d6-a663-0d355bf28449
02/17/2025 15:43:31:INFO:Received: evaluate message 4ca183da-e187-42d6-a663-0d355bf28449
[92mINFO [0m:      Sent reply
02/17/2025 15:43:33:INFO:Sent reply
[92mINFO [0m:      
02/17/2025 15:44:21:INFO:
[92mINFO [0m:      Received: train message 84db9fc5-3a30-4689-a88d-c3f684dd433f
02/17/2025 15:44:21:INFO:Received: train message 84db9fc5-3a30-4689-a88d-c3f684dd433f
/home/dgxuser16/anaconda3/envs/ihpc/lib/python3.8/site-packages/torch/nn/modules/module.py:1640: FutureWarning: Using a non-full backward hook when the forward contains multiple autograd Nodes is deprecated and will be removed in future versions. This hook will be missing some grad_input. Please use register_full_backward_hook to get the documented behavior.
  self._maybe_warn_non_full_backward_hook(args, result, grad_fn)
[92mINFO [0m:      Sent reply
02/17/2025 15:44:34:INFO:Sent reply
[92mINFO [0m:      
02/17/2025 15:45:00:INFO:
[92mINFO [0m:      Received: evaluate message a1930882-4ae6-42e0-bd6b-bc8f9cfe62e0
02/17/2025 15:45:00:INFO:Received: evaluate message a1930882-4ae6-42e0-bd6b-bc8f9cfe62e0
[92mINFO [0m:      Sent reply
02/17/2025 15:45:03:INFO:Sent reply
[92mINFO [0m:      
02/17/2025 15:45:57:INFO:
[92mINFO [0m:      Received: train message 4e58e252-7a34-45b8-bcce-54918bcc2f2a
02/17/2025 15:45:57:INFO:Received: train message 4e58e252-7a34-45b8-bcce-54918bcc2f2a
/home/dgxuser16/anaconda3/envs/ihpc/lib/python3.8/site-packages/torch/nn/modules/module.py:1640: FutureWarning: Using a non-full backward hook when the forward contains multiple autograd Nodes is deprecated and will be removed in future versions. This hook will be missing some grad_input. Please use register_full_backward_hook to get the documented behavior.
  self._maybe_warn_non_full_backward_hook(args, result, grad_fn)
[92mINFO [0m:      Sent reply
02/17/2025 15:46:07:INFO:Sent reply
[92mINFO [0m:      
02/17/2025 15:46:50:INFO:
[92mINFO [0m:      Received: evaluate message ec712ea3-c6d1-4173-81e6-45d54b010cee
02/17/2025 15:46:50:INFO:Received: evaluate message ec712ea3-c6d1-4173-81e6-45d54b010cee
[92mINFO [0m:      Sent reply
02/17/2025 15:46:52:INFO:Sent reply
[92mINFO [0m:      
02/17/2025 15:47:27:INFO:
[92mINFO [0m:      Received: train message 7d99a099-ac5a-4285-9c0a-9585cba37dbe
02/17/2025 15:47:27:INFO:Received: train message 7d99a099-ac5a-4285-9c0a-9585cba37dbe
/home/dgxuser16/anaconda3/envs/ihpc/lib/python3.8/site-packages/torch/nn/modules/module.py:1640: FutureWarning: Using a non-full backward hook when the forward contains multiple autograd Nodes is deprecated and will be removed in future versions. This hook will be missing some grad_input. Please use register_full_backward_hook to get the documented behavior.
  self._maybe_warn_non_full_backward_hook(args, result, grad_fn)
[92mINFO [0m:      Sent reply
02/17/2025 15:47:40:INFO:Sent reply
[92mINFO [0m:      
02/17/2025 15:48:28:INFO:
[92mINFO [0m:      Received: evaluate message 570cc055-2781-4edf-8aeb-236fb3766dfd
02/17/2025 15:48:28:INFO:Received: evaluate message 570cc055-2781-4edf-8aeb-236fb3766dfd
[92mINFO [0m:      Sent reply
02/17/2025 15:48:31:INFO:Sent reply
[92mINFO [0m:      
02/17/2025 15:49:28:INFO:
[92mINFO [0m:      Received: train message 513cfb68-77d2-4b68-9273-c9000bf3eeb9
02/17/2025 15:49:28:INFO:Received: train message 513cfb68-77d2-4b68-9273-c9000bf3eeb9
/home/dgxuser16/anaconda3/envs/ihpc/lib/python3.8/site-packages/torch/nn/modules/module.py:1640: FutureWarning: Using a non-full backward hook when the forward contains multiple autograd Nodes is deprecated and will be removed in future versions. This hook will be missing some grad_input. Please use register_full_backward_hook to get the documented behavior.
  self._maybe_warn_non_full_backward_hook(args, result, grad_fn)
[92mINFO [0m:      Sent reply
02/17/2025 15:49:41:INFO:Sent reply
[92mINFO [0m:      
02/17/2025 15:50:29:INFO:
[92mINFO [0m:      Received: evaluate message 00b440cc-3dcb-4882-80d5-ccf639f1083d
02/17/2025 15:50:29:INFO:Received: evaluate message 00b440cc-3dcb-4882-80d5-ccf639f1083d
[92mINFO [0m:      Sent reply
02/17/2025 15:50:34:INFO:Sent reply
[92mINFO [0m:      
02/17/2025 15:51:01:INFO:
[92mINFO [0m:      Received: train message 5d0d216c-2cd3-472c-b139-9710be82a548
02/17/2025 15:51:01:INFO:Received: train message 5d0d216c-2cd3-472c-b139-9710be82a548
/home/dgxuser16/anaconda3/envs/ihpc/lib/python3.8/site-packages/torch/nn/modules/module.py:1640: FutureWarning: Using a non-full backward hook when the forward contains multiple autograd Nodes is deprecated and will be removed in future versions. This hook will be missing some grad_input. Please use register_full_backward_hook to get the documented behavior.
  self._maybe_warn_non_full_backward_hook(args, result, grad_fn)
[92mINFO [0m:      Sent reply
02/17/2025 15:51:14:INFO:Sent reply
[92mINFO [0m:      
02/17/2025 15:52:18:INFO:
[92mINFO [0m:      Received: evaluate message b006b9d3-0d19-44f2-b738-cc16029945ad
02/17/2025 15:52:18:INFO:Received: evaluate message b006b9d3-0d19-44f2-b738-cc16029945ad
[92mINFO [0m:      Sent reply
02/17/2025 15:52:22:INFO:Sent reply
[92mINFO [0m:      
02/17/2025 15:52:52:INFO:
[92mINFO [0m:      Received: train message e4cdf9a5-d8f3-402e-818f-3a673dca0108
02/17/2025 15:52:52:INFO:Received: train message e4cdf9a5-d8f3-402e-818f-3a673dca0108
/home/dgxuser16/anaconda3/envs/ihpc/lib/python3.8/site-packages/torch/nn/modules/module.py:1640: FutureWarning: Using a non-full backward hook when the forward contains multiple autograd Nodes is deprecated and will be removed in future versions. This hook will be missing some grad_input. Please use register_full_backward_hook to get the documented behavior.
  self._maybe_warn_non_full_backward_hook(args, result, grad_fn)
[92mINFO [0m:      Sent reply
02/17/2025 15:53:03:INFO:Sent reply
[92mINFO [0m:      
02/17/2025 15:54:24:INFO:
[92mINFO [0m:      Received: evaluate message 1725616e-cf08-46f7-a71c-adf4a0b8e52a
02/17/2025 15:54:24:INFO:Received: evaluate message 1725616e-cf08-46f7-a71c-adf4a0b8e52a
[92mINFO [0m:      Sent reply
02/17/2025 15:54:27:INFO:Sent reply
[92mINFO [0m:      
02/17/2025 15:55:04:INFO:
[92mINFO [0m:      Received: train message 1e6edbe5-081d-4e56-b7f4-f82ed1ece570
02/17/2025 15:55:04:INFO:Received: train message 1e6edbe5-081d-4e56-b7f4-f82ed1ece570
/home/dgxuser16/anaconda3/envs/ihpc/lib/python3.8/site-packages/torch/nn/modules/module.py:1640: FutureWarning: Using a non-full backward hook when the forward contains multiple autograd Nodes is deprecated and will be removed in future versions. This hook will be missing some grad_input. Please use register_full_backward_hook to get the documented behavior.
  self._maybe_warn_non_full_backward_hook(args, result, grad_fn)
[92mINFO [0m:      Sent reply
02/17/2025 15:55:20:INFO:Sent reply
[92mINFO [0m:      
02/17/2025 15:55:52:INFO:
[92mINFO [0m:      Received: evaluate message 377c143a-e912-47c5-8103-d0fa5f788089
02/17/2025 15:55:52:INFO:Received: evaluate message 377c143a-e912-47c5-8103-d0fa5f788089
[92mINFO [0m:      Sent reply
02/17/2025 15:55:56:INFO:Sent reply
[92mINFO [0m:      
02/17/2025 15:56:54:INFO:
[92mINFO [0m:      Received: train message 1b74f600-b26d-42d1-ba2a-bcb0c1b1d264
02/17/2025 15:56:54:INFO:Received: train message 1b74f600-b26d-42d1-ba2a-bcb0c1b1d264
/home/dgxuser16/anaconda3/envs/ihpc/lib/python3.8/site-packages/torch/nn/modules/module.py:1640: FutureWarning: Using a non-full backward hook when the forward contains multiple autograd Nodes is deprecated and will be removed in future versions. This hook will be missing some grad_input. Please use register_full_backward_hook to get the documented behavior.
  self._maybe_warn_non_full_backward_hook(args, result, grad_fn)
[92mINFO [0m:      Sent reply
02/17/2025 15:57:10:INFO:Sent reply
[92mINFO [0m:      
02/17/2025 15:57:58:INFO:
[92mINFO [0m:      Received: evaluate message 4479b520-5f33-4fba-852a-c60e26482298
02/17/2025 15:57:58:INFO:Received: evaluate message 4479b520-5f33-4fba-852a-c60e26482298
[92mINFO [0m:      Sent reply
02/17/2025 15:58:02:INFO:Sent reply
[92mINFO [0m:      
02/17/2025 15:58:23:INFO:
[92mINFO [0m:      Received: train message 5baef0e2-5703-4e9e-beb0-573bd178f4f7
02/17/2025 15:58:23:INFO:Received: train message 5baef0e2-5703-4e9e-beb0-573bd178f4f7
/home/dgxuser16/anaconda3/envs/ihpc/lib/python3.8/site-packages/torch/nn/modules/module.py:1640: FutureWarning: Using a non-full backward hook when the forward contains multiple autograd Nodes is deprecated and will be removed in future versions. This hook will be missing some grad_input. Please use register_full_backward_hook to get the documented behavior.
  self._maybe_warn_non_full_backward_hook(args, result, grad_fn)
[92mINFO [0m:      Sent reply
02/17/2025 15:58:35:INFO:Sent reply
[92mINFO [0m:      
02/17/2025 15:59:56:INFO:
[92mINFO [0m:      Received: evaluate message d133b2f3-3d00-4624-9a2c-5e9ca8796bd6
02/17/2025 15:59:56:INFO:Received: evaluate message d133b2f3-3d00-4624-9a2c-5e9ca8796bd6
[92mINFO [0m:      Sent reply
02/17/2025 16:00:00:INFO:Sent reply
[92mINFO [0m:      
02/17/2025 16:00:40:INFO:
[92mINFO [0m:      Received: train message ad1a0eca-ce03-4816-aead-b28d01704750
02/17/2025 16:00:40:INFO:Received: train message ad1a0eca-ce03-4816-aead-b28d01704750
/home/dgxuser16/anaconda3/envs/ihpc/lib/python3.8/site-packages/torch/nn/modules/module.py:1640: FutureWarning: Using a non-full backward hook when the forward contains multiple autograd Nodes is deprecated and will be removed in future versions. This hook will be missing some grad_input. Please use register_full_backward_hook to get the documented behavior.
  self._maybe_warn_non_full_backward_hook(args, result, grad_fn)
[92mINFO [0m:      Sent reply
02/17/2025 16:00:53:INFO:Sent reply
[92mINFO [0m:      
02/17/2025 16:01:34:INFO:
[92mINFO [0m:      Received: evaluate message 05416d60-e248-4f3c-ac07-eb782d0f4b13
02/17/2025 16:01:34:INFO:Received: evaluate message 05416d60-e248-4f3c-ac07-eb782d0f4b13
[92mINFO [0m:      Sent reply
02/17/2025 16:01:37:INFO:Sent reply
[92mINFO [0m:      
02/17/2025 16:02:32:INFO:
[92mINFO [0m:      Received: train message a4a38cc6-45a2-4f7e-9fa0-031caf0d0b50
02/17/2025 16:02:32:INFO:Received: train message a4a38cc6-45a2-4f7e-9fa0-031caf0d0b50
/home/dgxuser16/anaconda3/envs/ihpc/lib/python3.8/site-packages/torch/nn/modules/module.py:1640: FutureWarning: Using a non-full backward hook when the forward contains multiple autograd Nodes is deprecated and will be removed in future versions. This hook will be missing some grad_input. Please use register_full_backward_hook to get the documented behavior.
  self._maybe_warn_non_full_backward_hook(args, result, grad_fn)
[92mINFO [0m:      Sent reply
02/17/2025 16:02:46:INFO:Sent reply
[92mINFO [0m:      
02/17/2025 16:03:30:INFO:
[92mINFO [0m:      Received: evaluate message c5f38653-292d-43fa-b9d4-a86cc674717a
02/17/2025 16:03:30:INFO:Received: evaluate message c5f38653-292d-43fa-b9d4-a86cc674717a
[92mINFO [0m:      Sent reply
02/17/2025 16:03:36:INFO:Sent reply
[92mINFO [0m:      
02/17/2025 16:04:09:INFO:
[92mINFO [0m:      Received: train message 0ac2761b-a0d3-4651-9387-f14508a02b26
02/17/2025 16:04:09:INFO:Received: train message 0ac2761b-a0d3-4651-9387-f14508a02b26
/home/dgxuser16/anaconda3/envs/ihpc/lib/python3.8/site-packages/torch/nn/modules/module.py:1640: FutureWarning: Using a non-full backward hook when the forward contains multiple autograd Nodes is deprecated and will be removed in future versions. This hook will be missing some grad_input. Please use register_full_backward_hook to get the documented behavior.
  self._maybe_warn_non_full_backward_hook(args, result, grad_fn)
[92mINFO [0m:      Sent reply
02/17/2025 16:04:22:INFO:Sent reply
[92mINFO [0m:      
02/17/2025 16:05:17:INFO:
[92mINFO [0m:      Received: evaluate message 5f3555d5-b805-46bf-a50f-ee9709bad466
02/17/2025 16:05:17:INFO:Received: evaluate message 5f3555d5-b805-46bf-a50f-ee9709bad466
[92mINFO [0m:      Sent reply
02/17/2025 16:05:22:INFO:Sent reply
[92mINFO [0m:      
02/17/2025 16:05:59:INFO:
[92mINFO [0m:      Received: train message 99ade25d-194b-4067-85f5-22f3dc07263e
02/17/2025 16:05:59:INFO:Received: train message 99ade25d-194b-4067-85f5-22f3dc07263e
/home/dgxuser16/anaconda3/envs/ihpc/lib/python3.8/site-packages/torch/nn/modules/module.py:1640: FutureWarning: Using a non-full backward hook when the forward contains multiple autograd Nodes is deprecated and will be removed in future versions. This hook will be missing some grad_input. Please use register_full_backward_hook to get the documented behavior.
  self._maybe_warn_non_full_backward_hook(args, result, grad_fn)
[92mINFO [0m:      Sent reply
02/17/2025 16:06:13:INFO:Sent reply
[92mINFO [0m:      
02/17/2025 16:07:12:INFO:
[92mINFO [0m:      Received: evaluate message 854e4f41-44e3-4095-886e-959e6f64cc87
02/17/2025 16:07:12:INFO:Received: evaluate message 854e4f41-44e3-4095-886e-959e6f64cc87
Device: cuda:0
Params: {'batch_size': 32, 'local_epochs': 3, 'full_dataset_size': 6400, 'number_of_classes': 4}
Privacy Params: {'target_delta': 1e-05, 'noise_multiplier': 1.0, 'max_grad_norm': 1.0}
Epsilon = 2.58

{'loss': [1.0930960586613467], 'accuracy': [0.5011727912431587], 'auc': [0.6551844458067945]}

Epsilon = 3.42

{'loss': [1.0930960586613467, 1.082388972098982], 'accuracy': [0.5011727912431587, 0.5003909304143862], 'auc': [0.6551844458067945, 0.6835142590916937]}

Epsilon = 4.09

{'loss': [1.0930960586613467, 1.082388972098982, 1.0538147098855921], 'accuracy': [0.5011727912431587, 0.5003909304143862, 0.509773260359656], 'auc': [0.6551844458067945, 0.6835142590916937, 0.690517274822332]}

Epsilon = 4.68

{'loss': [1.0930960586613467, 1.082388972098982, 1.0538147098855921, 1.055581648243508], 'accuracy': [0.5011727912431587, 0.5003909304143862, 0.509773260359656, 0.5129007036747459], 'auc': [0.6551844458067945, 0.6835142590916937, 0.690517274822332, 0.696260740126083]}

Epsilon = 5.22

{'loss': [1.0930960586613467, 1.082388972098982, 1.0538147098855921, 1.055581648243508, 1.0607181299096258], 'accuracy': [0.5011727912431587, 0.5003909304143862, 0.509773260359656, 0.5129007036747459, 0.5129007036747459], 'auc': [0.6551844458067945, 0.6835142590916937, 0.690517274822332, 0.696260740126083, 0.7016754638384548]}

Epsilon = 5.72

{'loss': [1.0930960586613467, 1.082388972098982, 1.0538147098855921, 1.055581648243508, 1.0607181299096258, 1.0739049656117121], 'accuracy': [0.5011727912431587, 0.5003909304143862, 0.509773260359656, 0.5129007036747459, 0.5129007036747459, 0.5121188428459734], 'auc': [0.6551844458067945, 0.6835142590916937, 0.690517274822332, 0.696260740126083, 0.7016754638384548, 0.7102037987011187]}

Epsilon = 6.18

{'loss': [1.0930960586613467, 1.082388972098982, 1.0538147098855921, 1.055581648243508, 1.0607181299096258, 1.0739049656117121, 1.0779104023076669], 'accuracy': [0.5011727912431587, 0.5003909304143862, 0.509773260359656, 0.5129007036747459, 0.5129007036747459, 0.5121188428459734, 0.5160281469898358], 'auc': [0.6551844458067945, 0.6835142590916937, 0.690517274822332, 0.696260740126083, 0.7016754638384548, 0.7102037987011187, 0.7099655992460799]}

Epsilon = 6.63

{'loss': [1.0930960586613467, 1.082388972098982, 1.0538147098855921, 1.055581648243508, 1.0607181299096258, 1.0739049656117121, 1.0779104023076669, 1.1090570532595208], 'accuracy': [0.5011727912431587, 0.5003909304143862, 0.509773260359656, 0.5129007036747459, 0.5129007036747459, 0.5121188428459734, 0.5160281469898358, 0.5136825645035183], 'auc': [0.6551844458067945, 0.6835142590916937, 0.690517274822332, 0.696260740126083, 0.7016754638384548, 0.7102037987011187, 0.7099655992460799, 0.712843245153748]}

Epsilon = 7.05

{'loss': [1.0930960586613467, 1.082388972098982, 1.0538147098855921, 1.055581648243508, 1.0607181299096258, 1.0739049656117121, 1.0779104023076669, 1.1090570532595208, 1.1023431438501223], 'accuracy': [0.5011727912431587, 0.5003909304143862, 0.509773260359656, 0.5129007036747459, 0.5129007036747459, 0.5121188428459734, 0.5160281469898358, 0.5136825645035183, 0.5175918686473807], 'auc': [0.6551844458067945, 0.6835142590916937, 0.690517274822332, 0.696260740126083, 0.7016754638384548, 0.7102037987011187, 0.7099655992460799, 0.712843245153748, 0.7160877474106999]}

Epsilon = 7.45

{'loss': [1.0930960586613467, 1.082388972098982, 1.0538147098855921, 1.055581648243508, 1.0607181299096258, 1.0739049656117121, 1.0779104023076669, 1.1090570532595208, 1.1023431438501223, 1.1090394356364472], 'accuracy': [0.5011727912431587, 0.5003909304143862, 0.509773260359656, 0.5129007036747459, 0.5129007036747459, 0.5121188428459734, 0.5160281469898358, 0.5136825645035183, 0.5175918686473807, 0.5215011727912432], 'auc': [0.6551844458067945, 0.6835142590916937, 0.690517274822332, 0.696260740126083, 0.7016754638384548, 0.7102037987011187, 0.7099655992460799, 0.712843245153748, 0.7160877474106999, 0.7220867002633413]}

Epsilon = 7.85

{'loss': [1.0930960586613467, 1.082388972098982, 1.0538147098855921, 1.055581648243508, 1.0607181299096258, 1.0739049656117121, 1.0779104023076669, 1.1090570532595208, 1.1023431438501223, 1.1090394356364472, 1.103693317770492], 'accuracy': [0.5011727912431587, 0.5003909304143862, 0.509773260359656, 0.5129007036747459, 0.5129007036747459, 0.5121188428459734, 0.5160281469898358, 0.5136825645035183, 0.5175918686473807, 0.5215011727912432, 0.5207193119624707], 'auc': [0.6551844458067945, 0.6835142590916937, 0.690517274822332, 0.696260740126083, 0.7016754638384548, 0.7102037987011187, 0.7099655992460799, 0.712843245153748, 0.7160877474106999, 0.7220867002633413, 0.7236425066081373]}

Epsilon = 8.22

{'loss': [1.0930960586613467, 1.082388972098982, 1.0538147098855921, 1.055581648243508, 1.0607181299096258, 1.0739049656117121, 1.0779104023076669, 1.1090570532595208, 1.1023431438501223, 1.1090394356364472, 1.103693317770492, 1.0893259382136078], 'accuracy': [0.5011727912431587, 0.5003909304143862, 0.509773260359656, 0.5129007036747459, 0.5129007036747459, 0.5121188428459734, 0.5160281469898358, 0.5136825645035183, 0.5175918686473807, 0.5215011727912432, 0.5207193119624707, 0.5269741985926505], 'auc': [0.6551844458067945, 0.6835142590916937, 0.690517274822332, 0.696260740126083, 0.7016754638384548, 0.7102037987011187, 0.7099655992460799, 0.712843245153748, 0.7160877474106999, 0.7220867002633413, 0.7236425066081373, 0.7232748145175222]}

Epsilon = 8.59

{'loss': [1.0930960586613467, 1.082388972098982, 1.0538147098855921, 1.055581648243508, 1.0607181299096258, 1.0739049656117121, 1.0779104023076669, 1.1090570532595208, 1.1023431438501223, 1.1090394356364472, 1.103693317770492, 1.0893259382136078, 1.1159926442264858], 'accuracy': [0.5011727912431587, 0.5003909304143862, 0.509773260359656, 0.5129007036747459, 0.5129007036747459, 0.5121188428459734, 0.5160281469898358, 0.5136825645035183, 0.5175918686473807, 0.5215011727912432, 0.5207193119624707, 0.5269741985926505, 0.5191555903049258], 'auc': [0.6551844458067945, 0.6835142590916937, 0.690517274822332, 0.696260740126083, 0.7016754638384548, 0.7102037987011187, 0.7099655992460799, 0.712843245153748, 0.7160877474106999, 0.7220867002633413, 0.7236425066081373, 0.7232748145175222, 0.726373830101435]}

Epsilon = 8.95

{'loss': [1.0930960586613467, 1.082388972098982, 1.0538147098855921, 1.055581648243508, 1.0607181299096258, 1.0739049656117121, 1.0779104023076669, 1.1090570532595208, 1.1023431438501223, 1.1090394356364472, 1.103693317770492, 1.0893259382136078, 1.1159926442264858, 1.1107419935216], 'accuracy': [0.5011727912431587, 0.5003909304143862, 0.509773260359656, 0.5129007036747459, 0.5129007036747459, 0.5121188428459734, 0.5160281469898358, 0.5136825645035183, 0.5175918686473807, 0.5215011727912432, 0.5207193119624707, 0.5269741985926505, 0.5191555903049258, 0.5215011727912432], 'auc': [0.6551844458067945, 0.6835142590916937, 0.690517274822332, 0.696260740126083, 0.7016754638384548, 0.7102037987011187, 0.7099655992460799, 0.712843245153748, 0.7160877474106999, 0.7220867002633413, 0.7236425066081373, 0.7232748145175222, 0.726373830101435, 0.7276075669004989]}

Epsilon = 9.30

{'loss': [1.0930960586613467, 1.082388972098982, 1.0538147098855921, 1.055581648243508, 1.0607181299096258, 1.0739049656117121, 1.0779104023076669, 1.1090570532595208, 1.1023431438501223, 1.1090394356364472, 1.103693317770492, 1.0893259382136078, 1.1159926442264858, 1.1107419935216, 1.1307091438928742], 'accuracy': [0.5011727912431587, 0.5003909304143862, 0.509773260359656, 0.5129007036747459, 0.5129007036747459, 0.5121188428459734, 0.5160281469898358, 0.5136825645035183, 0.5175918686473807, 0.5215011727912432, 0.5207193119624707, 0.5269741985926505, 0.5191555903049258, 0.5215011727912432, 0.5199374511336982], 'auc': [0.6551844458067945, 0.6835142590916937, 0.690517274822332, 0.696260740126083, 0.7016754638384548, 0.7102037987011187, 0.7099655992460799, 0.712843245153748, 0.7160877474106999, 0.7220867002633413, 0.7236425066081373, 0.7232748145175222, 0.726373830101435, 0.7276075669004989, 0.7290744434661421]}

Epsilon = 9.64
[92mINFO [0m:      Sent reply
02/17/2025 16:07:16:INFO:Sent reply
[92mINFO [0m:      
02/17/2025 16:07:51:INFO:
[92mINFO [0m:      Received: train message e53afd4e-8d4d-49d5-9315-cac2609cf0f6
02/17/2025 16:07:51:INFO:Received: train message e53afd4e-8d4d-49d5-9315-cac2609cf0f6
/home/dgxuser16/anaconda3/envs/ihpc/lib/python3.8/site-packages/torch/nn/modules/module.py:1640: FutureWarning: Using a non-full backward hook when the forward contains multiple autograd Nodes is deprecated and will be removed in future versions. This hook will be missing some grad_input. Please use register_full_backward_hook to get the documented behavior.
  self._maybe_warn_non_full_backward_hook(args, result, grad_fn)
[92mINFO [0m:      Sent reply
02/17/2025 16:08:06:INFO:Sent reply
[92mINFO [0m:      
02/17/2025 16:08:37:INFO:
[92mINFO [0m:      Received: evaluate message 516599b9-3f96-4332-8f83-c81f187ad3df
02/17/2025 16:08:37:INFO:Received: evaluate message 516599b9-3f96-4332-8f83-c81f187ad3df
[92mINFO [0m:      Sent reply
02/17/2025 16:08:40:INFO:Sent reply
[92mINFO [0m:      
02/17/2025 16:09:43:INFO:
[92mINFO [0m:      Received: train message 6aad0494-1d24-438c-b642-40dab123306f
02/17/2025 16:09:43:INFO:Received: train message 6aad0494-1d24-438c-b642-40dab123306f
/home/dgxuser16/anaconda3/envs/ihpc/lib/python3.8/site-packages/torch/nn/modules/module.py:1640: FutureWarning: Using a non-full backward hook when the forward contains multiple autograd Nodes is deprecated and will be removed in future versions. This hook will be missing some grad_input. Please use register_full_backward_hook to get the documented behavior.
  self._maybe_warn_non_full_backward_hook(args, result, grad_fn)
[92mINFO [0m:      Sent reply
02/17/2025 16:10:03:INFO:Sent reply
[92mINFO [0m:      
02/17/2025 16:10:53:INFO:
[92mINFO [0m:      Received: evaluate message fb3c8ed9-9b96-4f4b-bc4b-dfbb8f699a8f
02/17/2025 16:10:53:INFO:Received: evaluate message fb3c8ed9-9b96-4f4b-bc4b-dfbb8f699a8f
[92mINFO [0m:      Sent reply
02/17/2025 16:10:55:INFO:Sent reply
[92mINFO [0m:      
02/17/2025 16:11:33:INFO:
[92mINFO [0m:      Received: train message e32368f2-4813-4f52-93b9-bca7b8ec4e0b
02/17/2025 16:11:33:INFO:Received: train message e32368f2-4813-4f52-93b9-bca7b8ec4e0b
/home/dgxuser16/anaconda3/envs/ihpc/lib/python3.8/site-packages/torch/nn/modules/module.py:1640: FutureWarning: Using a non-full backward hook when the forward contains multiple autograd Nodes is deprecated and will be removed in future versions. This hook will be missing some grad_input. Please use register_full_backward_hook to get the documented behavior.
  self._maybe_warn_non_full_backward_hook(args, result, grad_fn)
[92mINFO [0m:      Sent reply
02/17/2025 16:11:51:INFO:Sent reply
[92mINFO [0m:      
02/17/2025 16:12:39:INFO:
[92mINFO [0m:      Received: evaluate message f02c0633-0afb-4afe-b9f6-4dfb1a72ad04
02/17/2025 16:12:39:INFO:Received: evaluate message f02c0633-0afb-4afe-b9f6-4dfb1a72ad04
[92mINFO [0m:      Sent reply
02/17/2025 16:12:42:INFO:Sent reply
[92mINFO [0m:      
02/17/2025 16:13:05:INFO:
[92mINFO [0m:      Received: train message 73942bd5-754f-4bc5-96ad-6e271be3870e
02/17/2025 16:13:05:INFO:Received: train message 73942bd5-754f-4bc5-96ad-6e271be3870e
/home/dgxuser16/anaconda3/envs/ihpc/lib/python3.8/site-packages/torch/nn/modules/module.py:1640: FutureWarning: Using a non-full backward hook when the forward contains multiple autograd Nodes is deprecated and will be removed in future versions. This hook will be missing some grad_input. Please use register_full_backward_hook to get the documented behavior.
  self._maybe_warn_non_full_backward_hook(args, result, grad_fn)
[92mINFO [0m:      Sent reply
02/17/2025 16:13:18:INFO:Sent reply
[92mINFO [0m:      
02/17/2025 16:14:23:INFO:
[92mINFO [0m:      Received: evaluate message de765205-498f-4f85-8a13-62ebb0139f2d
02/17/2025 16:14:23:INFO:Received: evaluate message de765205-498f-4f85-8a13-62ebb0139f2d
[92mINFO [0m:      Sent reply
02/17/2025 16:14:27:INFO:Sent reply
[92mINFO [0m:      
02/17/2025 16:15:20:INFO:
[92mINFO [0m:      Received: train message 4febd422-9079-43d3-bfa0-8054dd5e86e6
02/17/2025 16:15:20:INFO:Received: train message 4febd422-9079-43d3-bfa0-8054dd5e86e6
/home/dgxuser16/anaconda3/envs/ihpc/lib/python3.8/site-packages/torch/nn/modules/module.py:1640: FutureWarning: Using a non-full backward hook when the forward contains multiple autograd Nodes is deprecated and will be removed in future versions. This hook will be missing some grad_input. Please use register_full_backward_hook to get the documented behavior.
  self._maybe_warn_non_full_backward_hook(args, result, grad_fn)
[92mINFO [0m:      Sent reply
02/17/2025 16:15:38:INFO:Sent reply
[92mINFO [0m:      
02/17/2025 16:16:23:INFO:
[92mINFO [0m:      Received: evaluate message f6ec8dcb-2924-46c8-9206-d43e6b52ae87
02/17/2025 16:16:23:INFO:Received: evaluate message f6ec8dcb-2924-46c8-9206-d43e6b52ae87
[92mINFO [0m:      Sent reply
02/17/2025 16:16:26:INFO:Sent reply
[92mINFO [0m:      
02/17/2025 16:17:01:INFO:
[92mINFO [0m:      Received: train message 9425e86c-602a-4db0-9569-c9c273467884
02/17/2025 16:17:01:INFO:Received: train message 9425e86c-602a-4db0-9569-c9c273467884
/home/dgxuser16/anaconda3/envs/ihpc/lib/python3.8/site-packages/torch/nn/modules/module.py:1640: FutureWarning: Using a non-full backward hook when the forward contains multiple autograd Nodes is deprecated and will be removed in future versions. This hook will be missing some grad_input. Please use register_full_backward_hook to get the documented behavior.
  self._maybe_warn_non_full_backward_hook(args, result, grad_fn)
[92mINFO [0m:      Sent reply
02/17/2025 16:17:15:INFO:Sent reply
[92mINFO [0m:      
02/17/2025 16:18:16:INFO:
[92mINFO [0m:      Received: evaluate message b46fc0ff-bdf9-4a17-8306-e059e635534b
02/17/2025 16:18:16:INFO:Received: evaluate message b46fc0ff-bdf9-4a17-8306-e059e635534b

{'loss': [1.0930960586613467, 1.082388972098982, 1.0538147098855921, 1.055581648243508, 1.0607181299096258, 1.0739049656117121, 1.0779104023076669, 1.1090570532595208, 1.1023431438501223, 1.1090394356364472, 1.103693317770492, 1.0893259382136078, 1.1159926442264858, 1.1107419935216, 1.1307091438928742, 1.1375478113694895], 'accuracy': [0.5011727912431587, 0.5003909304143862, 0.509773260359656, 0.5129007036747459, 0.5129007036747459, 0.5121188428459734, 0.5160281469898358, 0.5136825645035183, 0.5175918686473807, 0.5215011727912432, 0.5207193119624707, 0.5269741985926505, 0.5191555903049258, 0.5215011727912432, 0.5199374511336982, 0.5238467552775606], 'auc': [0.6551844458067945, 0.6835142590916937, 0.690517274822332, 0.696260740126083, 0.7016754638384548, 0.7102037987011187, 0.7099655992460799, 0.712843245153748, 0.7160877474106999, 0.7220867002633413, 0.7236425066081373, 0.7232748145175222, 0.726373830101435, 0.7276075669004989, 0.7290744434661421, 0.7309629687517663]}

Epsilon = 9.97

{'loss': [1.0930960586613467, 1.082388972098982, 1.0538147098855921, 1.055581648243508, 1.0607181299096258, 1.0739049656117121, 1.0779104023076669, 1.1090570532595208, 1.1023431438501223, 1.1090394356364472, 1.103693317770492, 1.0893259382136078, 1.1159926442264858, 1.1107419935216, 1.1307091438928742, 1.1375478113694895, 1.1329287360476925], 'accuracy': [0.5011727912431587, 0.5003909304143862, 0.509773260359656, 0.5129007036747459, 0.5129007036747459, 0.5121188428459734, 0.5160281469898358, 0.5136825645035183, 0.5175918686473807, 0.5215011727912432, 0.5207193119624707, 0.5269741985926505, 0.5191555903049258, 0.5215011727912432, 0.5199374511336982, 0.5238467552775606, 0.5269741985926505], 'auc': [0.6551844458067945, 0.6835142590916937, 0.690517274822332, 0.696260740126083, 0.7016754638384548, 0.7102037987011187, 0.7099655992460799, 0.712843245153748, 0.7160877474106999, 0.7220867002633413, 0.7236425066081373, 0.7232748145175222, 0.726373830101435, 0.7276075669004989, 0.7290744434661421, 0.7309629687517663, 0.7323201085381502]}

Epsilon = 10.30

{'loss': [1.0930960586613467, 1.082388972098982, 1.0538147098855921, 1.055581648243508, 1.0607181299096258, 1.0739049656117121, 1.0779104023076669, 1.1090570532595208, 1.1023431438501223, 1.1090394356364472, 1.103693317770492, 1.0893259382136078, 1.1159926442264858, 1.1107419935216, 1.1307091438928742, 1.1375478113694895, 1.1329287360476925, 1.1484164481427728], 'accuracy': [0.5011727912431587, 0.5003909304143862, 0.509773260359656, 0.5129007036747459, 0.5129007036747459, 0.5121188428459734, 0.5160281469898358, 0.5136825645035183, 0.5175918686473807, 0.5215011727912432, 0.5207193119624707, 0.5269741985926505, 0.5191555903049258, 0.5215011727912432, 0.5199374511336982, 0.5238467552775606, 0.5269741985926505, 0.5261923377638781], 'auc': [0.6551844458067945, 0.6835142590916937, 0.690517274822332, 0.696260740126083, 0.7016754638384548, 0.7102037987011187, 0.7099655992460799, 0.712843245153748, 0.7160877474106999, 0.7220867002633413, 0.7236425066081373, 0.7232748145175222, 0.726373830101435, 0.7276075669004989, 0.7290744434661421, 0.7309629687517663, 0.7323201085381502, 0.7347654771405283]}

Epsilon = 10.62

{'loss': [1.0930960586613467, 1.082388972098982, 1.0538147098855921, 1.055581648243508, 1.0607181299096258, 1.0739049656117121, 1.0779104023076669, 1.1090570532595208, 1.1023431438501223, 1.1090394356364472, 1.103693317770492, 1.0893259382136078, 1.1159926442264858, 1.1107419935216, 1.1307091438928742, 1.1375478113694895, 1.1329287360476925, 1.1484164481427728, 1.1529107183287906], 'accuracy': [0.5011727912431587, 0.5003909304143862, 0.509773260359656, 0.5129007036747459, 0.5129007036747459, 0.5121188428459734, 0.5160281469898358, 0.5136825645035183, 0.5175918686473807, 0.5215011727912432, 0.5207193119624707, 0.5269741985926505, 0.5191555903049258, 0.5215011727912432, 0.5199374511336982, 0.5238467552775606, 0.5269741985926505, 0.5261923377638781, 0.5285379202501954], 'auc': [0.6551844458067945, 0.6835142590916937, 0.690517274822332, 0.696260740126083, 0.7016754638384548, 0.7102037987011187, 0.7099655992460799, 0.712843245153748, 0.7160877474106999, 0.7220867002633413, 0.7236425066081373, 0.7232748145175222, 0.726373830101435, 0.7276075669004989, 0.7290744434661421, 0.7309629687517663, 0.7323201085381502, 0.7347654771405283, 0.7369767778829012]}

Epsilon = 10.94

{'loss': [1.0930960586613467, 1.082388972098982, 1.0538147098855921, 1.055581648243508, 1.0607181299096258, 1.0739049656117121, 1.0779104023076669, 1.1090570532595208, 1.1023431438501223, 1.1090394356364472, 1.103693317770492, 1.0893259382136078, 1.1159926442264858, 1.1107419935216, 1.1307091438928742, 1.1375478113694895, 1.1329287360476925, 1.1484164481427728, 1.1529107183287906, 1.1556805356393296], 'accuracy': [0.5011727912431587, 0.5003909304143862, 0.509773260359656, 0.5129007036747459, 0.5129007036747459, 0.5121188428459734, 0.5160281469898358, 0.5136825645035183, 0.5175918686473807, 0.5215011727912432, 0.5207193119624707, 0.5269741985926505, 0.5191555903049258, 0.5215011727912432, 0.5199374511336982, 0.5238467552775606, 0.5269741985926505, 0.5261923377638781, 0.5285379202501954, 0.5301016419077405], 'auc': [0.6551844458067945, 0.6835142590916937, 0.690517274822332, 0.696260740126083, 0.7016754638384548, 0.7102037987011187, 0.7099655992460799, 0.712843245153748, 0.7160877474106999, 0.7220867002633413, 0.7236425066081373, 0.7232748145175222, 0.726373830101435, 0.7276075669004989, 0.7290744434661421, 0.7309629687517663, 0.7323201085381502, 0.7347654771405283, 0.7369767778829012, 0.7378926737541003]}

Epsilon = 11.25

{'loss': [1.0930960586613467, 1.082388972098982, 1.0538147098855921, 1.055581648243508, 1.0607181299096258, 1.0739049656117121, 1.0779104023076669, 1.1090570532595208, 1.1023431438501223, 1.1090394356364472, 1.103693317770492, 1.0893259382136078, 1.1159926442264858, 1.1107419935216, 1.1307091438928742, 1.1375478113694895, 1.1329287360476925, 1.1484164481427728, 1.1529107183287906, 1.1556805356393296, 1.163202504612115], 'accuracy': [0.5011727912431587, 0.5003909304143862, 0.509773260359656, 0.5129007036747459, 0.5129007036747459, 0.5121188428459734, 0.5160281469898358, 0.5136825645035183, 0.5175918686473807, 0.5215011727912432, 0.5207193119624707, 0.5269741985926505, 0.5191555903049258, 0.5215011727912432, 0.5199374511336982, 0.5238467552775606, 0.5269741985926505, 0.5261923377638781, 0.5285379202501954, 0.5301016419077405, 0.5238467552775606], 'auc': [0.6551844458067945, 0.6835142590916937, 0.690517274822332, 0.696260740126083, 0.7016754638384548, 0.7102037987011187, 0.7099655992460799, 0.712843245153748, 0.7160877474106999, 0.7220867002633413, 0.7236425066081373, 0.7232748145175222, 0.726373830101435, 0.7276075669004989, 0.7290744434661421, 0.7309629687517663, 0.7323201085381502, 0.7347654771405283, 0.7369767778829012, 0.7378926737541003, 0.7411366565496411]}

Epsilon = 11.55
[92mINFO [0m:      Sent reply
02/17/2025 16:18:20:INFO:Sent reply
[92mINFO [0m:      
02/17/2025 16:18:47:INFO:
[92mINFO [0m:      Received: train message cdb587da-b485-44ee-a7da-00d43dc049cd
02/17/2025 16:18:47:INFO:Received: train message cdb587da-b485-44ee-a7da-00d43dc049cd
/home/dgxuser16/anaconda3/envs/ihpc/lib/python3.8/site-packages/torch/nn/modules/module.py:1640: FutureWarning: Using a non-full backward hook when the forward contains multiple autograd Nodes is deprecated and will be removed in future versions. This hook will be missing some grad_input. Please use register_full_backward_hook to get the documented behavior.
  self._maybe_warn_non_full_backward_hook(args, result, grad_fn)
[92mINFO [0m:      Sent reply
02/17/2025 16:19:02:INFO:Sent reply
[92mINFO [0m:      
02/17/2025 16:19:52:INFO:
[92mINFO [0m:      Received: evaluate message 47bf9ac5-5de5-4a52-ba24-6782fd34c76a
02/17/2025 16:19:52:INFO:Received: evaluate message 47bf9ac5-5de5-4a52-ba24-6782fd34c76a
[92mINFO [0m:      Sent reply
02/17/2025 16:19:57:INFO:Sent reply
[92mINFO [0m:      
02/17/2025 16:20:58:INFO:
[92mINFO [0m:      Received: train message 0d837251-37f8-440e-ba5c-47901866444d
02/17/2025 16:20:58:INFO:Received: train message 0d837251-37f8-440e-ba5c-47901866444d
/home/dgxuser16/anaconda3/envs/ihpc/lib/python3.8/site-packages/torch/nn/modules/module.py:1640: FutureWarning: Using a non-full backward hook when the forward contains multiple autograd Nodes is deprecated and will be removed in future versions. This hook will be missing some grad_input. Please use register_full_backward_hook to get the documented behavior.
  self._maybe_warn_non_full_backward_hook(args, result, grad_fn)
[92mINFO [0m:      Sent reply
02/17/2025 16:21:15:INFO:Sent reply
[92mINFO [0m:      
02/17/2025 16:21:50:INFO:
[92mINFO [0m:      Received: evaluate message b28868d0-47fe-43f8-8d21-adfbbff0265b
02/17/2025 16:21:50:INFO:Received: evaluate message b28868d0-47fe-43f8-8d21-adfbbff0265b
[92mINFO [0m:      Sent reply
02/17/2025 16:21:54:INFO:Sent reply
[92mINFO [0m:      
02/17/2025 16:23:01:INFO:
[92mINFO [0m:      Received: train message e9eedd71-d521-41e2-b6a3-e74c209da8cd
02/17/2025 16:23:01:INFO:Received: train message e9eedd71-d521-41e2-b6a3-e74c209da8cd
/home/dgxuser16/anaconda3/envs/ihpc/lib/python3.8/site-packages/torch/nn/modules/module.py:1640: FutureWarning: Using a non-full backward hook when the forward contains multiple autograd Nodes is deprecated and will be removed in future versions. This hook will be missing some grad_input. Please use register_full_backward_hook to get the documented behavior.
  self._maybe_warn_non_full_backward_hook(args, result, grad_fn)
[92mINFO [0m:      Sent reply
02/17/2025 16:23:16:INFO:Sent reply
[92mINFO [0m:      
02/17/2025 16:23:55:INFO:
[92mINFO [0m:      Received: evaluate message 49097459-0397-4c59-bf28-65f7ddd660dc
02/17/2025 16:23:55:INFO:Received: evaluate message 49097459-0397-4c59-bf28-65f7ddd660dc
[92mINFO [0m:      Sent reply
02/17/2025 16:24:00:INFO:Sent reply
[92mINFO [0m:      
02/17/2025 16:24:38:INFO:
[92mINFO [0m:      Received: train message 0e1a177e-2ac1-486b-8821-0ea6f0194558
02/17/2025 16:24:38:INFO:Received: train message 0e1a177e-2ac1-486b-8821-0ea6f0194558
/home/dgxuser16/anaconda3/envs/ihpc/lib/python3.8/site-packages/torch/nn/modules/module.py:1640: FutureWarning: Using a non-full backward hook when the forward contains multiple autograd Nodes is deprecated and will be removed in future versions. This hook will be missing some grad_input. Please use register_full_backward_hook to get the documented behavior.
  self._maybe_warn_non_full_backward_hook(args, result, grad_fn)
[92mINFO [0m:      Sent reply
02/17/2025 16:24:57:INFO:Sent reply
[92mINFO [0m:      
02/17/2025 16:25:41:INFO:
[92mINFO [0m:      Received: evaluate message 8604ea7c-b19f-4031-94c3-92e283f9f114
02/17/2025 16:25:41:INFO:Received: evaluate message 8604ea7c-b19f-4031-94c3-92e283f9f114
[92mINFO [0m:      Sent reply
02/17/2025 16:25:45:INFO:Sent reply
[92mINFO [0m:      
02/17/2025 16:26:42:INFO:
[92mINFO [0m:      Received: train message 49f80a26-3eb2-47bf-b93c-8bba59e4c5fa
02/17/2025 16:26:42:INFO:Received: train message 49f80a26-3eb2-47bf-b93c-8bba59e4c5fa
/home/dgxuser16/anaconda3/envs/ihpc/lib/python3.8/site-packages/torch/nn/modules/module.py:1640: FutureWarning: Using a non-full backward hook when the forward contains multiple autograd Nodes is deprecated and will be removed in future versions. This hook will be missing some grad_input. Please use register_full_backward_hook to get the documented behavior.
  self._maybe_warn_non_full_backward_hook(args, result, grad_fn)
[92mINFO [0m:      Sent reply
02/17/2025 16:27:00:INFO:Sent reply
[92mINFO [0m:      
02/17/2025 16:27:48:INFO:
[92mINFO [0m:      Received: evaluate message 842325b0-9b44-45ab-9e8c-086444e31525
02/17/2025 16:27:48:INFO:Received: evaluate message 842325b0-9b44-45ab-9e8c-086444e31525

{'loss': [1.0930960586613467, 1.082388972098982, 1.0538147098855921, 1.055581648243508, 1.0607181299096258, 1.0739049656117121, 1.0779104023076669, 1.1090570532595208, 1.1023431438501223, 1.1090394356364472, 1.103693317770492, 1.0893259382136078, 1.1159926442264858, 1.1107419935216, 1.1307091438928742, 1.1375478113694895, 1.1329287360476925, 1.1484164481427728, 1.1529107183287906, 1.1556805356393296, 1.163202504612115, 1.1375277659406506], 'accuracy': [0.5011727912431587, 0.5003909304143862, 0.509773260359656, 0.5129007036747459, 0.5129007036747459, 0.5121188428459734, 0.5160281469898358, 0.5136825645035183, 0.5175918686473807, 0.5215011727912432, 0.5207193119624707, 0.5269741985926505, 0.5191555903049258, 0.5215011727912432, 0.5199374511336982, 0.5238467552775606, 0.5269741985926505, 0.5261923377638781, 0.5285379202501954, 0.5301016419077405, 0.5238467552775606, 0.5332290852228303], 'auc': [0.6551844458067945, 0.6835142590916937, 0.690517274822332, 0.696260740126083, 0.7016754638384548, 0.7102037987011187, 0.7099655992460799, 0.712843245153748, 0.7160877474106999, 0.7220867002633413, 0.7236425066081373, 0.7232748145175222, 0.726373830101435, 0.7276075669004989, 0.7290744434661421, 0.7309629687517663, 0.7323201085381502, 0.7347654771405283, 0.7369767778829012, 0.7378926737541003, 0.7411366565496411, 0.7399828602248499]}

Epsilon = 11.85

{'loss': [1.0930960586613467, 1.082388972098982, 1.0538147098855921, 1.055581648243508, 1.0607181299096258, 1.0739049656117121, 1.0779104023076669, 1.1090570532595208, 1.1023431438501223, 1.1090394356364472, 1.103693317770492, 1.0893259382136078, 1.1159926442264858, 1.1107419935216, 1.1307091438928742, 1.1375478113694895, 1.1329287360476925, 1.1484164481427728, 1.1529107183287906, 1.1556805356393296, 1.163202504612115, 1.1375277659406506, 1.126655174149863], 'accuracy': [0.5011727912431587, 0.5003909304143862, 0.509773260359656, 0.5129007036747459, 0.5129007036747459, 0.5121188428459734, 0.5160281469898358, 0.5136825645035183, 0.5175918686473807, 0.5215011727912432, 0.5207193119624707, 0.5269741985926505, 0.5191555903049258, 0.5215011727912432, 0.5199374511336982, 0.5238467552775606, 0.5269741985926505, 0.5261923377638781, 0.5285379202501954, 0.5301016419077405, 0.5238467552775606, 0.5332290852228303, 0.5332290852228303], 'auc': [0.6551844458067945, 0.6835142590916937, 0.690517274822332, 0.696260740126083, 0.7016754638384548, 0.7102037987011187, 0.7099655992460799, 0.712843245153748, 0.7160877474106999, 0.7220867002633413, 0.7236425066081373, 0.7232748145175222, 0.726373830101435, 0.7276075669004989, 0.7290744434661421, 0.7309629687517663, 0.7323201085381502, 0.7347654771405283, 0.7369767778829012, 0.7378926737541003, 0.7411366565496411, 0.7399828602248499, 0.7401030371422317]}

Epsilon = 12.15

{'loss': [1.0930960586613467, 1.082388972098982, 1.0538147098855921, 1.055581648243508, 1.0607181299096258, 1.0739049656117121, 1.0779104023076669, 1.1090570532595208, 1.1023431438501223, 1.1090394356364472, 1.103693317770492, 1.0893259382136078, 1.1159926442264858, 1.1107419935216, 1.1307091438928742, 1.1375478113694895, 1.1329287360476925, 1.1484164481427728, 1.1529107183287906, 1.1556805356393296, 1.163202504612115, 1.1375277659406506, 1.126655174149863, 1.1360679844844332], 'accuracy': [0.5011727912431587, 0.5003909304143862, 0.509773260359656, 0.5129007036747459, 0.5129007036747459, 0.5121188428459734, 0.5160281469898358, 0.5136825645035183, 0.5175918686473807, 0.5215011727912432, 0.5207193119624707, 0.5269741985926505, 0.5191555903049258, 0.5215011727912432, 0.5199374511336982, 0.5238467552775606, 0.5269741985926505, 0.5261923377638781, 0.5285379202501954, 0.5301016419077405, 0.5238467552775606, 0.5332290852228303, 0.5332290852228303, 0.5387021110242377], 'auc': [0.6551844458067945, 0.6835142590916937, 0.690517274822332, 0.696260740126083, 0.7016754638384548, 0.7102037987011187, 0.7099655992460799, 0.712843245153748, 0.7160877474106999, 0.7220867002633413, 0.7236425066081373, 0.7232748145175222, 0.726373830101435, 0.7276075669004989, 0.7290744434661421, 0.7309629687517663, 0.7323201085381502, 0.7347654771405283, 0.7369767778829012, 0.7378926737541003, 0.7411366565496411, 0.7399828602248499, 0.7401030371422317, 0.7419747488325539]}

Epsilon = 12.44

{'loss': [1.0930960586613467, 1.082388972098982, 1.0538147098855921, 1.055581648243508, 1.0607181299096258, 1.0739049656117121, 1.0779104023076669, 1.1090570532595208, 1.1023431438501223, 1.1090394356364472, 1.103693317770492, 1.0893259382136078, 1.1159926442264858, 1.1107419935216, 1.1307091438928742, 1.1375478113694895, 1.1329287360476925, 1.1484164481427728, 1.1529107183287906, 1.1556805356393296, 1.163202504612115, 1.1375277659406506, 1.126655174149863, 1.1360679844844332, 1.147996428145199], 'accuracy': [0.5011727912431587, 0.5003909304143862, 0.509773260359656, 0.5129007036747459, 0.5129007036747459, 0.5121188428459734, 0.5160281469898358, 0.5136825645035183, 0.5175918686473807, 0.5215011727912432, 0.5207193119624707, 0.5269741985926505, 0.5191555903049258, 0.5215011727912432, 0.5199374511336982, 0.5238467552775606, 0.5269741985926505, 0.5261923377638781, 0.5285379202501954, 0.5301016419077405, 0.5238467552775606, 0.5332290852228303, 0.5332290852228303, 0.5387021110242377, 0.5355746677091477], 'auc': [0.6551844458067945, 0.6835142590916937, 0.690517274822332, 0.696260740126083, 0.7016754638384548, 0.7102037987011187, 0.7099655992460799, 0.712843245153748, 0.7160877474106999, 0.7220867002633413, 0.7236425066081373, 0.7232748145175222, 0.726373830101435, 0.7276075669004989, 0.7290744434661421, 0.7309629687517663, 0.7323201085381502, 0.7347654771405283, 0.7369767778829012, 0.7378926737541003, 0.7411366565496411, 0.7399828602248499, 0.7401030371422317, 0.7419747488325539, 0.7426112423294441]}

Epsilon = 12.73

{'loss': [1.0930960586613467, 1.082388972098982, 1.0538147098855921, 1.055581648243508, 1.0607181299096258, 1.0739049656117121, 1.0779104023076669, 1.1090570532595208, 1.1023431438501223, 1.1090394356364472, 1.103693317770492, 1.0893259382136078, 1.1159926442264858, 1.1107419935216, 1.1307091438928742, 1.1375478113694895, 1.1329287360476925, 1.1484164481427728, 1.1529107183287906, 1.1556805356393296, 1.163202504612115, 1.1375277659406506, 1.126655174149863, 1.1360679844844332, 1.147996428145199, 1.1593945800465844], 'accuracy': [0.5011727912431587, 0.5003909304143862, 0.509773260359656, 0.5129007036747459, 0.5129007036747459, 0.5121188428459734, 0.5160281469898358, 0.5136825645035183, 0.5175918686473807, 0.5215011727912432, 0.5207193119624707, 0.5269741985926505, 0.5191555903049258, 0.5215011727912432, 0.5199374511336982, 0.5238467552775606, 0.5269741985926505, 0.5261923377638781, 0.5285379202501954, 0.5301016419077405, 0.5238467552775606, 0.5332290852228303, 0.5332290852228303, 0.5387021110242377, 0.5355746677091477, 0.5316653635652854], 'auc': [0.6551844458067945, 0.6835142590916937, 0.690517274822332, 0.696260740126083, 0.7016754638384548, 0.7102037987011187, 0.7099655992460799, 0.712843245153748, 0.7160877474106999, 0.7220867002633413, 0.7236425066081373, 0.7232748145175222, 0.726373830101435, 0.7276075669004989, 0.7290744434661421, 0.7309629687517663, 0.7323201085381502, 0.7347654771405283, 0.7369767778829012, 0.7378926737541003, 0.7411366565496411, 0.7399828602248499, 0.7401030371422317, 0.7419747488325539, 0.7426112423294441, 0.7440496103027039]}

Epsilon = 13.01
[92mINFO [0m:      Sent reply
02/17/2025 16:27:51:INFO:Sent reply
[92mINFO [0m:      
02/17/2025 16:28:23:INFO:
[92mINFO [0m:      Received: train message 19b618c5-5ee6-46c1-85b0-e90e7e42140b
02/17/2025 16:28:23:INFO:Received: train message 19b618c5-5ee6-46c1-85b0-e90e7e42140b
/home/dgxuser16/anaconda3/envs/ihpc/lib/python3.8/site-packages/torch/nn/modules/module.py:1640: FutureWarning: Using a non-full backward hook when the forward contains multiple autograd Nodes is deprecated and will be removed in future versions. This hook will be missing some grad_input. Please use register_full_backward_hook to get the documented behavior.
  self._maybe_warn_non_full_backward_hook(args, result, grad_fn)
[92mINFO [0m:      Sent reply
02/17/2025 16:28:42:INFO:Sent reply
[92mINFO [0m:      
02/17/2025 16:29:43:INFO:
[92mINFO [0m:      Received: evaluate message e31446d8-170d-4539-a8a9-d28d5c55df92
02/17/2025 16:29:43:INFO:Received: evaluate message e31446d8-170d-4539-a8a9-d28d5c55df92
[92mINFO [0m:      Sent reply
02/17/2025 16:29:48:INFO:Sent reply
[92mINFO [0m:      
02/17/2025 16:30:30:INFO:
[92mINFO [0m:      Received: train message 5b93732b-ce0e-4699-834c-19ac739b27ca
02/17/2025 16:30:30:INFO:Received: train message 5b93732b-ce0e-4699-834c-19ac739b27ca
/home/dgxuser16/anaconda3/envs/ihpc/lib/python3.8/site-packages/torch/nn/modules/module.py:1640: FutureWarning: Using a non-full backward hook when the forward contains multiple autograd Nodes is deprecated and will be removed in future versions. This hook will be missing some grad_input. Please use register_full_backward_hook to get the documented behavior.
  self._maybe_warn_non_full_backward_hook(args, result, grad_fn)
[92mINFO [0m:      Sent reply
02/17/2025 16:30:52:INFO:Sent reply
[92mINFO [0m:      
02/17/2025 16:31:50:INFO:
[92mINFO [0m:      Received: evaluate message 0c348a1f-5e2b-4501-872b-50fb57d866e9
02/17/2025 16:31:50:INFO:Received: evaluate message 0c348a1f-5e2b-4501-872b-50fb57d866e9
[92mINFO [0m:      Sent reply
02/17/2025 16:31:54:INFO:Sent reply
[92mINFO [0m:      
02/17/2025 16:32:19:INFO:
[92mINFO [0m:      Received: train message df1a9037-5a06-4f1b-80c7-94c2ca8fb74e
02/17/2025 16:32:19:INFO:Received: train message df1a9037-5a06-4f1b-80c7-94c2ca8fb74e
/home/dgxuser16/anaconda3/envs/ihpc/lib/python3.8/site-packages/torch/nn/modules/module.py:1640: FutureWarning: Using a non-full backward hook when the forward contains multiple autograd Nodes is deprecated and will be removed in future versions. This hook will be missing some grad_input. Please use register_full_backward_hook to get the documented behavior.
  self._maybe_warn_non_full_backward_hook(args, result, grad_fn)
[92mINFO [0m:      Sent reply
02/17/2025 16:32:35:INFO:Sent reply
[92mINFO [0m:      
02/17/2025 16:33:26:INFO:
[92mINFO [0m:      Received: evaluate message 313621e7-269f-4d39-862c-dcce9f27055a
02/17/2025 16:33:26:INFO:Received: evaluate message 313621e7-269f-4d39-862c-dcce9f27055a
[92mINFO [0m:      Sent reply
02/17/2025 16:33:36:INFO:Sent reply
[92mINFO [0m:      
02/17/2025 16:33:54:INFO:
[92mINFO [0m:      Received: reconnect message 72ca4c66-10e1-40b7-9ccb-f3db4a635e63
02/17/2025 16:33:54:INFO:Received: reconnect message 72ca4c66-10e1-40b7-9ccb-f3db4a635e63
02/17/2025 16:33:54:DEBUG:gRPC channel closed
[92mINFO [0m:      Disconnect and shut down
02/17/2025 16:33:54:INFO:Disconnect and shut down

{'loss': [1.0930960586613467, 1.082388972098982, 1.0538147098855921, 1.055581648243508, 1.0607181299096258, 1.0739049656117121, 1.0779104023076669, 1.1090570532595208, 1.1023431438501223, 1.1090394356364472, 1.103693317770492, 1.0893259382136078, 1.1159926442264858, 1.1107419935216, 1.1307091438928742, 1.1375478113694895, 1.1329287360476925, 1.1484164481427728, 1.1529107183287906, 1.1556805356393296, 1.163202504612115, 1.1375277659406506, 1.126655174149863, 1.1360679844844332, 1.147996428145199, 1.1593945800465844, 1.1367046994283108], 'accuracy': [0.5011727912431587, 0.5003909304143862, 0.509773260359656, 0.5129007036747459, 0.5129007036747459, 0.5121188428459734, 0.5160281469898358, 0.5136825645035183, 0.5175918686473807, 0.5215011727912432, 0.5207193119624707, 0.5269741985926505, 0.5191555903049258, 0.5215011727912432, 0.5199374511336982, 0.5238467552775606, 0.5269741985926505, 0.5261923377638781, 0.5285379202501954, 0.5301016419077405, 0.5238467552775606, 0.5332290852228303, 0.5332290852228303, 0.5387021110242377, 0.5355746677091477, 0.5316653635652854, 0.5402658326817826], 'auc': [0.6551844458067945, 0.6835142590916937, 0.690517274822332, 0.696260740126083, 0.7016754638384548, 0.7102037987011187, 0.7099655992460799, 0.712843245153748, 0.7160877474106999, 0.7220867002633413, 0.7236425066081373, 0.7232748145175222, 0.726373830101435, 0.7276075669004989, 0.7290744434661421, 0.7309629687517663, 0.7323201085381502, 0.7347654771405283, 0.7369767778829012, 0.7378926737541003, 0.7411366565496411, 0.7399828602248499, 0.7401030371422317, 0.7419747488325539, 0.7426112423294441, 0.7440496103027039, 0.7452427536994295]}

Epsilon = 13.30

{'loss': [1.0930960586613467, 1.082388972098982, 1.0538147098855921, 1.055581648243508, 1.0607181299096258, 1.0739049656117121, 1.0779104023076669, 1.1090570532595208, 1.1023431438501223, 1.1090394356364472, 1.103693317770492, 1.0893259382136078, 1.1159926442264858, 1.1107419935216, 1.1307091438928742, 1.1375478113694895, 1.1329287360476925, 1.1484164481427728, 1.1529107183287906, 1.1556805356393296, 1.163202504612115, 1.1375277659406506, 1.126655174149863, 1.1360679844844332, 1.147996428145199, 1.1593945800465844, 1.1367046994283108, 1.1573743459020769], 'accuracy': [0.5011727912431587, 0.5003909304143862, 0.509773260359656, 0.5129007036747459, 0.5129007036747459, 0.5121188428459734, 0.5160281469898358, 0.5136825645035183, 0.5175918686473807, 0.5215011727912432, 0.5207193119624707, 0.5269741985926505, 0.5191555903049258, 0.5215011727912432, 0.5199374511336982, 0.5238467552775606, 0.5269741985926505, 0.5261923377638781, 0.5285379202501954, 0.5301016419077405, 0.5238467552775606, 0.5332290852228303, 0.5332290852228303, 0.5387021110242377, 0.5355746677091477, 0.5316653635652854, 0.5402658326817826, 0.5324472243940579], 'auc': [0.6551844458067945, 0.6835142590916937, 0.690517274822332, 0.696260740126083, 0.7016754638384548, 0.7102037987011187, 0.7099655992460799, 0.712843245153748, 0.7160877474106999, 0.7220867002633413, 0.7236425066081373, 0.7232748145175222, 0.726373830101435, 0.7276075669004989, 0.7290744434661421, 0.7309629687517663, 0.7323201085381502, 0.7347654771405283, 0.7369767778829012, 0.7378926737541003, 0.7411366565496411, 0.7399828602248499, 0.7401030371422317, 0.7419747488325539, 0.7426112423294441, 0.7440496103027039, 0.7452427536994295, 0.7466821096604476]}

Epsilon = 13.58

{'loss': [1.0930960586613467, 1.082388972098982, 1.0538147098855921, 1.055581648243508, 1.0607181299096258, 1.0739049656117121, 1.0779104023076669, 1.1090570532595208, 1.1023431438501223, 1.1090394356364472, 1.103693317770492, 1.0893259382136078, 1.1159926442264858, 1.1107419935216, 1.1307091438928742, 1.1375478113694895, 1.1329287360476925, 1.1484164481427728, 1.1529107183287906, 1.1556805356393296, 1.163202504612115, 1.1375277659406506, 1.126655174149863, 1.1360679844844332, 1.147996428145199, 1.1593945800465844, 1.1367046994283108, 1.1573743459020769, 1.1426542781124458], 'accuracy': [0.5011727912431587, 0.5003909304143862, 0.509773260359656, 0.5129007036747459, 0.5129007036747459, 0.5121188428459734, 0.5160281469898358, 0.5136825645035183, 0.5175918686473807, 0.5215011727912432, 0.5207193119624707, 0.5269741985926505, 0.5191555903049258, 0.5215011727912432, 0.5199374511336982, 0.5238467552775606, 0.5269741985926505, 0.5261923377638781, 0.5285379202501954, 0.5301016419077405, 0.5238467552775606, 0.5332290852228303, 0.5332290852228303, 0.5387021110242377, 0.5355746677091477, 0.5316653635652854, 0.5402658326817826, 0.5324472243940579, 0.5418295543393276], 'auc': [0.6551844458067945, 0.6835142590916937, 0.690517274822332, 0.696260740126083, 0.7016754638384548, 0.7102037987011187, 0.7099655992460799, 0.712843245153748, 0.7160877474106999, 0.7220867002633413, 0.7236425066081373, 0.7232748145175222, 0.726373830101435, 0.7276075669004989, 0.7290744434661421, 0.7309629687517663, 0.7323201085381502, 0.7347654771405283, 0.7369767778829012, 0.7378926737541003, 0.7411366565496411, 0.7399828602248499, 0.7401030371422317, 0.7419747488325539, 0.7426112423294441, 0.7440496103027039, 0.7452427536994295, 0.7466821096604476, 0.7457716604682387]}

Epsilon = 13.85

{'loss': [1.0930960586613467, 1.082388972098982, 1.0538147098855921, 1.055581648243508, 1.0607181299096258, 1.0739049656117121, 1.0779104023076669, 1.1090570532595208, 1.1023431438501223, 1.1090394356364472, 1.103693317770492, 1.0893259382136078, 1.1159926442264858, 1.1107419935216, 1.1307091438928742, 1.1375478113694895, 1.1329287360476925, 1.1484164481427728, 1.1529107183287906, 1.1556805356393296, 1.163202504612115, 1.1375277659406506, 1.126655174149863, 1.1360679844844332, 1.147996428145199, 1.1593945800465844, 1.1367046994283108, 1.1573743459020769, 1.1426542781124458, 1.164499182921075], 'accuracy': [0.5011727912431587, 0.5003909304143862, 0.509773260359656, 0.5129007036747459, 0.5129007036747459, 0.5121188428459734, 0.5160281469898358, 0.5136825645035183, 0.5175918686473807, 0.5215011727912432, 0.5207193119624707, 0.5269741985926505, 0.5191555903049258, 0.5215011727912432, 0.5199374511336982, 0.5238467552775606, 0.5269741985926505, 0.5261923377638781, 0.5285379202501954, 0.5301016419077405, 0.5238467552775606, 0.5332290852228303, 0.5332290852228303, 0.5387021110242377, 0.5355746677091477, 0.5316653635652854, 0.5402658326817826, 0.5324472243940579, 0.5418295543393276, 0.5293197810789679], 'auc': [0.6551844458067945, 0.6835142590916937, 0.690517274822332, 0.696260740126083, 0.7016754638384548, 0.7102037987011187, 0.7099655992460799, 0.712843245153748, 0.7160877474106999, 0.7220867002633413, 0.7236425066081373, 0.7232748145175222, 0.726373830101435, 0.7276075669004989, 0.7290744434661421, 0.7309629687517663, 0.7323201085381502, 0.7347654771405283, 0.7369767778829012, 0.7378926737541003, 0.7411366565496411, 0.7399828602248499, 0.7401030371422317, 0.7419747488325539, 0.7426112423294441, 0.7440496103027039, 0.7452427536994295, 0.7466821096604476, 0.7457716604682387, 0.7458281414259336]}



{'loss': [1.0930960586613467, 1.082388972098982, 1.0538147098855921, 1.055581648243508, 1.0607181299096258, 1.0739049656117121, 1.0779104023076669, 1.1090570532595208, 1.1023431438501223, 1.1090394356364472, 1.103693317770492, 1.0893259382136078, 1.1159926442264858, 1.1107419935216, 1.1307091438928742, 1.1375478113694895, 1.1329287360476925, 1.1484164481427728, 1.1529107183287906, 1.1556805356393296, 1.163202504612115, 1.1375277659406506, 1.126655174149863, 1.1360679844844332, 1.147996428145199, 1.1593945800465844, 1.1367046994283108, 1.1573743459020769, 1.1426542781124458, 1.164499182921075], 'accuracy': [0.5011727912431587, 0.5003909304143862, 0.509773260359656, 0.5129007036747459, 0.5129007036747459, 0.5121188428459734, 0.5160281469898358, 0.5136825645035183, 0.5175918686473807, 0.5215011727912432, 0.5207193119624707, 0.5269741985926505, 0.5191555903049258, 0.5215011727912432, 0.5199374511336982, 0.5238467552775606, 0.5269741985926505, 0.5261923377638781, 0.5285379202501954, 0.5301016419077405, 0.5238467552775606, 0.5332290852228303, 0.5332290852228303, 0.5387021110242377, 0.5355746677091477, 0.5316653635652854, 0.5402658326817826, 0.5324472243940579, 0.5418295543393276, 0.5293197810789679], 'auc': [0.6551844458067945, 0.6835142590916937, 0.690517274822332, 0.696260740126083, 0.7016754638384548, 0.7102037987011187, 0.7099655992460799, 0.712843245153748, 0.7160877474106999, 0.7220867002633413, 0.7236425066081373, 0.7232748145175222, 0.726373830101435, 0.7276075669004989, 0.7290744434661421, 0.7309629687517663, 0.7323201085381502, 0.7347654771405283, 0.7369767778829012, 0.7378926737541003, 0.7411366565496411, 0.7399828602248499, 0.7401030371422317, 0.7419747488325539, 0.7426112423294441, 0.7440496103027039, 0.7452427536994295, 0.7466821096604476, 0.7457716604682387, 0.7458281414259336]}
