nohup: ignoring input
/home/dgxuser16/anaconda3/envs/ihpc/lib/python3.8/site-packages/opacus/privacy_engine.py:95: UserWarning: Secure RNG turned off. This is perfectly fine for experimentation as it allows for much faster training performance, but remember to turn it on and retrain one last time before production with ``secure_mode`` turned on.
  warnings.warn(
02/17/2025 15:38:50:WARNING:Ignoring drop_last as it is not compatible with DPDataLoader.
02/17/2025 15:38:50:DEBUG:Opened insecure gRPC connection (no certificates were passed)
02/17/2025 15:38:50:DEBUG:ChannelConnectivity.IDLE
02/17/2025 15:38:50:DEBUG:ChannelConnectivity.READY
[92mINFO [0m:      
02/17/2025 15:38:50:INFO:
[92mINFO [0m:      Received: get_parameters message fbc0cce2-a6ae-42db-8c40-60eea7958ea1
02/17/2025 15:38:50:INFO:Received: get_parameters message fbc0cce2-a6ae-42db-8c40-60eea7958ea1
WARNING: All log messages before absl::InitializeLog() is called are written to STDERR
I0000 00:00:1739835530.293802  731370 fork_posix.cc:75] Other threads are currently calling into gRPC, skipping fork() handlers
[92mINFO [0m:      Sent reply
02/17/2025 15:38:55:INFO:Sent reply
[92mINFO [0m:      
02/17/2025 15:39:24:INFO:
[92mINFO [0m:      Received: train message 1f0360ec-e899-41a5-bbdc-059901b6d68c
02/17/2025 15:39:24:INFO:Received: train message 1f0360ec-e899-41a5-bbdc-059901b6d68c
/home/dgxuser16/anaconda3/envs/ihpc/lib/python3.8/site-packages/torch/nn/modules/module.py:1640: FutureWarning: Using a non-full backward hook when the forward contains multiple autograd Nodes is deprecated and will be removed in future versions. This hook will be missing some grad_input. Please use register_full_backward_hook to get the documented behavior.
  self._maybe_warn_non_full_backward_hook(args, result, grad_fn)
[92mINFO [0m:      Sent reply
02/17/2025 15:39:36:INFO:Sent reply
[92mINFO [0m:      
02/17/2025 15:40:09:INFO:
[92mINFO [0m:      Received: evaluate message 54a75b34-6b6e-4a4f-b88e-e37d904f5ccf
02/17/2025 15:40:09:INFO:Received: evaluate message 54a75b34-6b6e-4a4f-b88e-e37d904f5ccf
[92mINFO [0m:      Sent reply
02/17/2025 15:40:12:INFO:Sent reply
[92mINFO [0m:      
02/17/2025 15:40:42:INFO:
[92mINFO [0m:      Received: train message 397c9e06-11c2-4d71-afca-700fef8510ad
02/17/2025 15:40:42:INFO:Received: train message 397c9e06-11c2-4d71-afca-700fef8510ad
/home/dgxuser16/anaconda3/envs/ihpc/lib/python3.8/site-packages/torch/nn/modules/module.py:1640: FutureWarning: Using a non-full backward hook when the forward contains multiple autograd Nodes is deprecated and will be removed in future versions. This hook will be missing some grad_input. Please use register_full_backward_hook to get the documented behavior.
  self._maybe_warn_non_full_backward_hook(args, result, grad_fn)
[92mINFO [0m:      Sent reply
02/17/2025 15:40:53:INFO:Sent reply
[92mINFO [0m:      
02/17/2025 15:41:56:INFO:
[92mINFO [0m:      Received: evaluate message ea7d4f13-44a3-4ba8-b486-c85a3f417d7a
02/17/2025 15:41:56:INFO:Received: evaluate message ea7d4f13-44a3-4ba8-b486-c85a3f417d7a
[92mINFO [0m:      Sent reply
02/17/2025 15:41:58:INFO:Sent reply
[92mINFO [0m:      
02/17/2025 15:42:39:INFO:
[92mINFO [0m:      Received: train message 74a673ee-bd87-47f6-a6e5-2e906dcf3db4
02/17/2025 15:42:39:INFO:Received: train message 74a673ee-bd87-47f6-a6e5-2e906dcf3db4
/home/dgxuser16/anaconda3/envs/ihpc/lib/python3.8/site-packages/torch/nn/modules/module.py:1640: FutureWarning: Using a non-full backward hook when the forward contains multiple autograd Nodes is deprecated and will be removed in future versions. This hook will be missing some grad_input. Please use register_full_backward_hook to get the documented behavior.
  self._maybe_warn_non_full_backward_hook(args, result, grad_fn)
[92mINFO [0m:      Sent reply
02/17/2025 15:42:49:INFO:Sent reply
[92mINFO [0m:      
02/17/2025 15:43:35:INFO:
[92mINFO [0m:      Received: evaluate message 1b277b97-9c54-42b2-8678-a46bde6f4530
02/17/2025 15:43:35:INFO:Received: evaluate message 1b277b97-9c54-42b2-8678-a46bde6f4530
[92mINFO [0m:      Sent reply
02/17/2025 15:43:37:INFO:Sent reply
[92mINFO [0m:      
02/17/2025 15:44:05:INFO:
[92mINFO [0m:      Received: train message fb15b326-534a-4517-aa7d-d5cd2bdd9a43
02/17/2025 15:44:05:INFO:Received: train message fb15b326-534a-4517-aa7d-d5cd2bdd9a43
/home/dgxuser16/anaconda3/envs/ihpc/lib/python3.8/site-packages/torch/nn/modules/module.py:1640: FutureWarning: Using a non-full backward hook when the forward contains multiple autograd Nodes is deprecated and will be removed in future versions. This hook will be missing some grad_input. Please use register_full_backward_hook to get the documented behavior.
  self._maybe_warn_non_full_backward_hook(args, result, grad_fn)
[92mINFO [0m:      Sent reply
02/17/2025 15:44:14:INFO:Sent reply
[92mINFO [0m:      
02/17/2025 15:45:17:INFO:
[92mINFO [0m:      Received: evaluate message e99e9355-5b90-435b-8665-f981cd67153a
02/17/2025 15:45:17:INFO:Received: evaluate message e99e9355-5b90-435b-8665-f981cd67153a
[92mINFO [0m:      Sent reply
02/17/2025 15:45:20:INFO:Sent reply
[92mINFO [0m:      
02/17/2025 15:46:03:INFO:
[92mINFO [0m:      Received: train message b267163b-34b8-4e8b-9959-8464d98fb41d
02/17/2025 15:46:03:INFO:Received: train message b267163b-34b8-4e8b-9959-8464d98fb41d
/home/dgxuser16/anaconda3/envs/ihpc/lib/python3.8/site-packages/torch/nn/modules/module.py:1640: FutureWarning: Using a non-full backward hook when the forward contains multiple autograd Nodes is deprecated and will be removed in future versions. This hook will be missing some grad_input. Please use register_full_backward_hook to get the documented behavior.
  self._maybe_warn_non_full_backward_hook(args, result, grad_fn)
[92mINFO [0m:      Sent reply
02/17/2025 15:46:14:INFO:Sent reply
[92mINFO [0m:      
02/17/2025 15:46:36:INFO:
[92mINFO [0m:      Received: evaluate message 56775f2b-20a1-4209-9f57-b37d4286b4cc
02/17/2025 15:46:36:INFO:Received: evaluate message 56775f2b-20a1-4209-9f57-b37d4286b4cc
[92mINFO [0m:      Sent reply
02/17/2025 15:46:39:INFO:Sent reply
[92mINFO [0m:      
02/17/2025 15:47:39:INFO:
[92mINFO [0m:      Received: train message 94dc6118-1ec1-4b74-80e7-2ba0be3c9b36
02/17/2025 15:47:39:INFO:Received: train message 94dc6118-1ec1-4b74-80e7-2ba0be3c9b36
/home/dgxuser16/anaconda3/envs/ihpc/lib/python3.8/site-packages/torch/nn/modules/module.py:1640: FutureWarning: Using a non-full backward hook when the forward contains multiple autograd Nodes is deprecated and will be removed in future versions. This hook will be missing some grad_input. Please use register_full_backward_hook to get the documented behavior.
  self._maybe_warn_non_full_backward_hook(args, result, grad_fn)
[92mINFO [0m:      Sent reply
02/17/2025 15:47:52:INFO:Sent reply
[92mINFO [0m:      
02/17/2025 15:48:38:INFO:
[92mINFO [0m:      Received: evaluate message 71f0fa3f-1a49-49b6-b11e-6bcee17398c1
02/17/2025 15:48:38:INFO:Received: evaluate message 71f0fa3f-1a49-49b6-b11e-6bcee17398c1
[92mINFO [0m:      Sent reply
02/17/2025 15:48:42:INFO:Sent reply
[92mINFO [0m:      
02/17/2025 15:49:19:INFO:
[92mINFO [0m:      Received: train message 05048e28-e52a-4685-ae9a-ac8f9136e0e1
02/17/2025 15:49:19:INFO:Received: train message 05048e28-e52a-4685-ae9a-ac8f9136e0e1
/home/dgxuser16/anaconda3/envs/ihpc/lib/python3.8/site-packages/torch/nn/modules/module.py:1640: FutureWarning: Using a non-full backward hook when the forward contains multiple autograd Nodes is deprecated and will be removed in future versions. This hook will be missing some grad_input. Please use register_full_backward_hook to get the documented behavior.
  self._maybe_warn_non_full_backward_hook(args, result, grad_fn)
[92mINFO [0m:      Sent reply
02/17/2025 15:49:33:INFO:Sent reply
[92mINFO [0m:      
02/17/2025 15:50:17:INFO:
[92mINFO [0m:      Received: evaluate message 5584e315-e6ec-4621-a84d-f015275c54b0
02/17/2025 15:50:17:INFO:Received: evaluate message 5584e315-e6ec-4621-a84d-f015275c54b0
[92mINFO [0m:      Sent reply
02/17/2025 15:50:20:INFO:Sent reply
[92mINFO [0m:      
02/17/2025 15:51:01:INFO:
[92mINFO [0m:      Received: train message b24469ae-9be1-4471-b1d7-83d1d3e28eeb
02/17/2025 15:51:01:INFO:Received: train message b24469ae-9be1-4471-b1d7-83d1d3e28eeb
/home/dgxuser16/anaconda3/envs/ihpc/lib/python3.8/site-packages/torch/nn/modules/module.py:1640: FutureWarning: Using a non-full backward hook when the forward contains multiple autograd Nodes is deprecated and will be removed in future versions. This hook will be missing some grad_input. Please use register_full_backward_hook to get the documented behavior.
  self._maybe_warn_non_full_backward_hook(args, result, grad_fn)
[92mINFO [0m:      Sent reply
02/17/2025 15:51:13:INFO:Sent reply
[92mINFO [0m:      
02/17/2025 15:52:06:INFO:
[92mINFO [0m:      Received: evaluate message 39e08a1e-4abe-449a-9382-d4ac6b69e4f2
02/17/2025 15:52:06:INFO:Received: evaluate message 39e08a1e-4abe-449a-9382-d4ac6b69e4f2
[92mINFO [0m:      Sent reply
02/17/2025 15:52:11:INFO:Sent reply
[92mINFO [0m:      
02/17/2025 15:53:12:INFO:
[92mINFO [0m:      Received: train message f81bb6d6-7a80-471a-bb24-7e860507dcb7
02/17/2025 15:53:12:INFO:Received: train message f81bb6d6-7a80-471a-bb24-7e860507dcb7
/home/dgxuser16/anaconda3/envs/ihpc/lib/python3.8/site-packages/torch/nn/modules/module.py:1640: FutureWarning: Using a non-full backward hook when the forward contains multiple autograd Nodes is deprecated and will be removed in future versions. This hook will be missing some grad_input. Please use register_full_backward_hook to get the documented behavior.
  self._maybe_warn_non_full_backward_hook(args, result, grad_fn)
[92mINFO [0m:      Sent reply
02/17/2025 15:53:30:INFO:Sent reply
[92mINFO [0m:      
02/17/2025 15:54:16:INFO:
[92mINFO [0m:      Received: evaluate message fd4ae71c-2bcb-49ad-bf09-5e5c59460421
02/17/2025 15:54:16:INFO:Received: evaluate message fd4ae71c-2bcb-49ad-bf09-5e5c59460421
[92mINFO [0m:      Sent reply
02/17/2025 15:54:21:INFO:Sent reply
[92mINFO [0m:      
02/17/2025 15:54:52:INFO:
[92mINFO [0m:      Received: train message 87fca1f4-a7db-4b99-a3ef-8ec328b1e1b1
02/17/2025 15:54:52:INFO:Received: train message 87fca1f4-a7db-4b99-a3ef-8ec328b1e1b1
/home/dgxuser16/anaconda3/envs/ihpc/lib/python3.8/site-packages/torch/nn/modules/module.py:1640: FutureWarning: Using a non-full backward hook when the forward contains multiple autograd Nodes is deprecated and will be removed in future versions. This hook will be missing some grad_input. Please use register_full_backward_hook to get the documented behavior.
  self._maybe_warn_non_full_backward_hook(args, result, grad_fn)
[92mINFO [0m:      Sent reply
02/17/2025 15:55:04:INFO:Sent reply
[92mINFO [0m:      
02/17/2025 15:56:09:INFO:
[92mINFO [0m:      Received: evaluate message 599e8f97-fac8-43c5-a0fd-cdd061c06ca0
02/17/2025 15:56:09:INFO:Received: evaluate message 599e8f97-fac8-43c5-a0fd-cdd061c06ca0
[92mINFO [0m:      Sent reply
02/17/2025 15:56:15:INFO:Sent reply
[92mINFO [0m:      
02/17/2025 15:56:54:INFO:
[92mINFO [0m:      Received: train message e4cfd6f1-adab-4002-b7d8-059b1268ff9e
02/17/2025 15:56:54:INFO:Received: train message e4cfd6f1-adab-4002-b7d8-059b1268ff9e
/home/dgxuser16/anaconda3/envs/ihpc/lib/python3.8/site-packages/torch/nn/modules/module.py:1640: FutureWarning: Using a non-full backward hook when the forward contains multiple autograd Nodes is deprecated and will be removed in future versions. This hook will be missing some grad_input. Please use register_full_backward_hook to get the documented behavior.
  self._maybe_warn_non_full_backward_hook(args, result, grad_fn)
[92mINFO [0m:      Sent reply
02/17/2025 15:57:07:INFO:Sent reply
[92mINFO [0m:      
02/17/2025 15:57:48:INFO:
[92mINFO [0m:      Received: evaluate message c80d81fd-35f7-4572-bdab-0e34bf8c3518
02/17/2025 15:57:48:INFO:Received: evaluate message c80d81fd-35f7-4572-bdab-0e34bf8c3518
[92mINFO [0m:      Sent reply
02/17/2025 15:57:51:INFO:Sent reply
[92mINFO [0m:      
02/17/2025 15:58:53:INFO:
[92mINFO [0m:      Received: train message a1fb72d8-fe12-4c4e-b576-c4ad33aeef30
02/17/2025 15:58:53:INFO:Received: train message a1fb72d8-fe12-4c4e-b576-c4ad33aeef30
/home/dgxuser16/anaconda3/envs/ihpc/lib/python3.8/site-packages/torch/nn/modules/module.py:1640: FutureWarning: Using a non-full backward hook when the forward contains multiple autograd Nodes is deprecated and will be removed in future versions. This hook will be missing some grad_input. Please use register_full_backward_hook to get the documented behavior.
  self._maybe_warn_non_full_backward_hook(args, result, grad_fn)
[92mINFO [0m:      Sent reply
02/17/2025 15:59:06:INFO:Sent reply
[92mINFO [0m:      
02/17/2025 15:59:55:INFO:
[92mINFO [0m:      Received: evaluate message f6c7a41b-dea9-4455-ad95-4654ffa7faff
02/17/2025 15:59:55:INFO:Received: evaluate message f6c7a41b-dea9-4455-ad95-4654ffa7faff
[92mINFO [0m:      Sent reply
02/17/2025 16:00:00:INFO:Sent reply
[92mINFO [0m:      
02/17/2025 16:00:16:INFO:
[92mINFO [0m:      Received: train message 9650a8dc-d667-4018-b884-879cde1eca14
02/17/2025 16:00:16:INFO:Received: train message 9650a8dc-d667-4018-b884-879cde1eca14
/home/dgxuser16/anaconda3/envs/ihpc/lib/python3.8/site-packages/torch/nn/modules/module.py:1640: FutureWarning: Using a non-full backward hook when the forward contains multiple autograd Nodes is deprecated and will be removed in future versions. This hook will be missing some grad_input. Please use register_full_backward_hook to get the documented behavior.
  self._maybe_warn_non_full_backward_hook(args, result, grad_fn)
[92mINFO [0m:      Sent reply
02/17/2025 16:00:27:INFO:Sent reply
[92mINFO [0m:      
02/17/2025 16:01:45:INFO:
[92mINFO [0m:      Received: evaluate message d6bd8269-73d9-4589-9064-e9228ebd04a8
02/17/2025 16:01:45:INFO:Received: evaluate message d6bd8269-73d9-4589-9064-e9228ebd04a8
[92mINFO [0m:      Sent reply
02/17/2025 16:01:49:INFO:Sent reply
[92mINFO [0m:      
02/17/2025 16:02:12:INFO:
[92mINFO [0m:      Received: train message d4197cf0-0d85-4c5d-b3df-d558d3854fc6
02/17/2025 16:02:12:INFO:Received: train message d4197cf0-0d85-4c5d-b3df-d558d3854fc6
/home/dgxuser16/anaconda3/envs/ihpc/lib/python3.8/site-packages/torch/nn/modules/module.py:1640: FutureWarning: Using a non-full backward hook when the forward contains multiple autograd Nodes is deprecated and will be removed in future versions. This hook will be missing some grad_input. Please use register_full_backward_hook to get the documented behavior.
  self._maybe_warn_non_full_backward_hook(args, result, grad_fn)
[92mINFO [0m:      Sent reply
02/17/2025 16:02:22:INFO:Sent reply
[92mINFO [0m:      
02/17/2025 16:03:36:INFO:
[92mINFO [0m:      Received: evaluate message c08496a2-7b11-4436-8e81-1dc56c4338c2
02/17/2025 16:03:37:INFO:Received: evaluate message c08496a2-7b11-4436-8e81-1dc56c4338c2
[92mINFO [0m:      Sent reply
02/17/2025 16:03:40:INFO:Sent reply
[92mINFO [0m:      
02/17/2025 16:04:22:INFO:
[92mINFO [0m:      Received: train message 9e6d2b18-d6bd-4613-9d4b-16cae5b6e106
02/17/2025 16:04:22:INFO:Received: train message 9e6d2b18-d6bd-4613-9d4b-16cae5b6e106
/home/dgxuser16/anaconda3/envs/ihpc/lib/python3.8/site-packages/torch/nn/modules/module.py:1640: FutureWarning: Using a non-full backward hook when the forward contains multiple autograd Nodes is deprecated and will be removed in future versions. This hook will be missing some grad_input. Please use register_full_backward_hook to get the documented behavior.
  self._maybe_warn_non_full_backward_hook(args, result, grad_fn)
[92mINFO [0m:      Sent reply
02/17/2025 16:04:35:INFO:Sent reply
[92mINFO [0m:      
02/17/2025 16:05:17:INFO:
[92mINFO [0m:      Received: evaluate message 1a221209-5476-46f4-ba33-86622beec497
02/17/2025 16:05:17:INFO:Received: evaluate message 1a221209-5476-46f4-ba33-86622beec497
[92mINFO [0m:      Sent reply
02/17/2025 16:05:21:INFO:Sent reply
[92mINFO [0m:      
02/17/2025 16:06:08:INFO:
[92mINFO [0m:      Received: train message a295a0ed-9f38-4690-89d0-14dde2aca53e
02/17/2025 16:06:08:INFO:Received: train message a295a0ed-9f38-4690-89d0-14dde2aca53e
/home/dgxuser16/anaconda3/envs/ihpc/lib/python3.8/site-packages/torch/nn/modules/module.py:1640: FutureWarning: Using a non-full backward hook when the forward contains multiple autograd Nodes is deprecated and will be removed in future versions. This hook will be missing some grad_input. Please use register_full_backward_hook to get the documented behavior.
  self._maybe_warn_non_full_backward_hook(args, result, grad_fn)
[92mINFO [0m:      Sent reply
02/17/2025 16:06:20:INFO:Sent reply
[92mINFO [0m:      
02/17/2025 16:06:51:INFO:
[92mINFO [0m:      Received: evaluate message 7e180e1b-6132-4161-9f85-f98bab4f1acd
02/17/2025 16:06:51:INFO:Received: evaluate message 7e180e1b-6132-4161-9f85-f98bab4f1acd
Device: cuda:0
Params: {'batch_size': 32, 'local_epochs': 3, 'full_dataset_size': 6400, 'number_of_classes': 4}
Privacy Params: {'target_delta': 1e-05, 'noise_multiplier': 1.0, 'max_grad_norm': 1.0}
Epsilon = 3.04

{'loss': [1.0930960586613467], 'accuracy': [0.5011727912431587], 'auc': [0.6551844458067945]}

Epsilon = 4.03

{'loss': [1.0930960586613467, 1.082388972098982], 'accuracy': [0.5011727912431587, 0.5003909304143862], 'auc': [0.6551844458067945, 0.6835142590916937]}

Epsilon = 4.83

{'loss': [1.0930960586613467, 1.082388972098982, 1.0538147098855921], 'accuracy': [0.5011727912431587, 0.5003909304143862, 0.509773260359656], 'auc': [0.6551844458067945, 0.6835142590916937, 0.690517274822332]}

Epsilon = 5.53

{'loss': [1.0930960586613467, 1.082388972098982, 1.0538147098855921, 1.055581648243508], 'accuracy': [0.5011727912431587, 0.5003909304143862, 0.509773260359656, 0.5129007036747459], 'auc': [0.6551844458067945, 0.6835142590916937, 0.690517274822332, 0.696260740126083]}

Epsilon = 6.17

{'loss': [1.0930960586613467, 1.082388972098982, 1.0538147098855921, 1.055581648243508, 1.0607181299096258], 'accuracy': [0.5011727912431587, 0.5003909304143862, 0.509773260359656, 0.5129007036747459, 0.5129007036747459], 'auc': [0.6551844458067945, 0.6835142590916937, 0.690517274822332, 0.696260740126083, 0.7016754638384548]}

Epsilon = 6.76

{'loss': [1.0930960586613467, 1.082388972098982, 1.0538147098855921, 1.055581648243508, 1.0607181299096258, 1.0739049656117121], 'accuracy': [0.5011727912431587, 0.5003909304143862, 0.509773260359656, 0.5129007036747459, 0.5129007036747459, 0.5121188428459734], 'auc': [0.6551844458067945, 0.6835142590916937, 0.690517274822332, 0.696260740126083, 0.7016754638384548, 0.7102037987011187]}

Epsilon = 7.32

{'loss': [1.0930960586613467, 1.082388972098982, 1.0538147098855921, 1.055581648243508, 1.0607181299096258, 1.0739049656117121, 1.0779104023076669], 'accuracy': [0.5011727912431587, 0.5003909304143862, 0.509773260359656, 0.5129007036747459, 0.5129007036747459, 0.5121188428459734, 0.5160281469898358], 'auc': [0.6551844458067945, 0.6835142590916937, 0.690517274822332, 0.696260740126083, 0.7016754638384548, 0.7102037987011187, 0.7099655992460799]}

Epsilon = 7.84

{'loss': [1.0930960586613467, 1.082388972098982, 1.0538147098855921, 1.055581648243508, 1.0607181299096258, 1.0739049656117121, 1.0779104023076669, 1.1090570532595208], 'accuracy': [0.5011727912431587, 0.5003909304143862, 0.509773260359656, 0.5129007036747459, 0.5129007036747459, 0.5121188428459734, 0.5160281469898358, 0.5136825645035183], 'auc': [0.6551844458067945, 0.6835142590916937, 0.690517274822332, 0.696260740126083, 0.7016754638384548, 0.7102037987011187, 0.7099655992460799, 0.712843245153748]}

Epsilon = 8.35

{'loss': [1.0930960586613467, 1.082388972098982, 1.0538147098855921, 1.055581648243508, 1.0607181299096258, 1.0739049656117121, 1.0779104023076669, 1.1090570532595208, 1.1023431438501223], 'accuracy': [0.5011727912431587, 0.5003909304143862, 0.509773260359656, 0.5129007036747459, 0.5129007036747459, 0.5121188428459734, 0.5160281469898358, 0.5136825645035183, 0.5175918686473807], 'auc': [0.6551844458067945, 0.6835142590916937, 0.690517274822332, 0.696260740126083, 0.7016754638384548, 0.7102037987011187, 0.7099655992460799, 0.712843245153748, 0.7160877474106999]}

Epsilon = 8.83

{'loss': [1.0930960586613467, 1.082388972098982, 1.0538147098855921, 1.055581648243508, 1.0607181299096258, 1.0739049656117121, 1.0779104023076669, 1.1090570532595208, 1.1023431438501223, 1.1090394356364472], 'accuracy': [0.5011727912431587, 0.5003909304143862, 0.509773260359656, 0.5129007036747459, 0.5129007036747459, 0.5121188428459734, 0.5160281469898358, 0.5136825645035183, 0.5175918686473807, 0.5215011727912432], 'auc': [0.6551844458067945, 0.6835142590916937, 0.690517274822332, 0.696260740126083, 0.7016754638384548, 0.7102037987011187, 0.7099655992460799, 0.712843245153748, 0.7160877474106999, 0.7220867002633413]}

Epsilon = 9.30

{'loss': [1.0930960586613467, 1.082388972098982, 1.0538147098855921, 1.055581648243508, 1.0607181299096258, 1.0739049656117121, 1.0779104023076669, 1.1090570532595208, 1.1023431438501223, 1.1090394356364472, 1.103693317770492], 'accuracy': [0.5011727912431587, 0.5003909304143862, 0.509773260359656, 0.5129007036747459, 0.5129007036747459, 0.5121188428459734, 0.5160281469898358, 0.5136825645035183, 0.5175918686473807, 0.5215011727912432, 0.5207193119624707], 'auc': [0.6551844458067945, 0.6835142590916937, 0.690517274822332, 0.696260740126083, 0.7016754638384548, 0.7102037987011187, 0.7099655992460799, 0.712843245153748, 0.7160877474106999, 0.7220867002633413, 0.7236425066081373]}

Epsilon = 9.75

{'loss': [1.0930960586613467, 1.082388972098982, 1.0538147098855921, 1.055581648243508, 1.0607181299096258, 1.0739049656117121, 1.0779104023076669, 1.1090570532595208, 1.1023431438501223, 1.1090394356364472, 1.103693317770492, 1.0893259382136078], 'accuracy': [0.5011727912431587, 0.5003909304143862, 0.509773260359656, 0.5129007036747459, 0.5129007036747459, 0.5121188428459734, 0.5160281469898358, 0.5136825645035183, 0.5175918686473807, 0.5215011727912432, 0.5207193119624707, 0.5269741985926505], 'auc': [0.6551844458067945, 0.6835142590916937, 0.690517274822332, 0.696260740126083, 0.7016754638384548, 0.7102037987011187, 0.7099655992460799, 0.712843245153748, 0.7160877474106999, 0.7220867002633413, 0.7236425066081373, 0.7232748145175222]}

Epsilon = 10.19

{'loss': [1.0930960586613467, 1.082388972098982, 1.0538147098855921, 1.055581648243508, 1.0607181299096258, 1.0739049656117121, 1.0779104023076669, 1.1090570532595208, 1.1023431438501223, 1.1090394356364472, 1.103693317770492, 1.0893259382136078, 1.1159926442264858], 'accuracy': [0.5011727912431587, 0.5003909304143862, 0.509773260359656, 0.5129007036747459, 0.5129007036747459, 0.5121188428459734, 0.5160281469898358, 0.5136825645035183, 0.5175918686473807, 0.5215011727912432, 0.5207193119624707, 0.5269741985926505, 0.5191555903049258], 'auc': [0.6551844458067945, 0.6835142590916937, 0.690517274822332, 0.696260740126083, 0.7016754638384548, 0.7102037987011187, 0.7099655992460799, 0.712843245153748, 0.7160877474106999, 0.7220867002633413, 0.7236425066081373, 0.7232748145175222, 0.726373830101435]}

Epsilon = 10.62

{'loss': [1.0930960586613467, 1.082388972098982, 1.0538147098855921, 1.055581648243508, 1.0607181299096258, 1.0739049656117121, 1.0779104023076669, 1.1090570532595208, 1.1023431438501223, 1.1090394356364472, 1.103693317770492, 1.0893259382136078, 1.1159926442264858, 1.1107419935216], 'accuracy': [0.5011727912431587, 0.5003909304143862, 0.509773260359656, 0.5129007036747459, 0.5129007036747459, 0.5121188428459734, 0.5160281469898358, 0.5136825645035183, 0.5175918686473807, 0.5215011727912432, 0.5207193119624707, 0.5269741985926505, 0.5191555903049258, 0.5215011727912432], 'auc': [0.6551844458067945, 0.6835142590916937, 0.690517274822332, 0.696260740126083, 0.7016754638384548, 0.7102037987011187, 0.7099655992460799, 0.712843245153748, 0.7160877474106999, 0.7220867002633413, 0.7236425066081373, 0.7232748145175222, 0.726373830101435, 0.7276075669004989]}

Epsilon = 11.03

{'loss': [1.0930960586613467, 1.082388972098982, 1.0538147098855921, 1.055581648243508, 1.0607181299096258, 1.0739049656117121, 1.0779104023076669, 1.1090570532595208, 1.1023431438501223, 1.1090394356364472, 1.103693317770492, 1.0893259382136078, 1.1159926442264858, 1.1107419935216, 1.1307091438928742], 'accuracy': [0.5011727912431587, 0.5003909304143862, 0.509773260359656, 0.5129007036747459, 0.5129007036747459, 0.5121188428459734, 0.5160281469898358, 0.5136825645035183, 0.5175918686473807, 0.5215011727912432, 0.5207193119624707, 0.5269741985926505, 0.5191555903049258, 0.5215011727912432, 0.5199374511336982], 'auc': [0.6551844458067945, 0.6835142590916937, 0.690517274822332, 0.696260740126083, 0.7016754638384548, 0.7102037987011187, 0.7099655992460799, 0.712843245153748, 0.7160877474106999, 0.7220867002633413, 0.7236425066081373, 0.7232748145175222, 0.726373830101435, 0.7276075669004989, 0.7290744434661421]}

Epsilon = 11.44
[92mINFO [0m:      Sent reply
02/17/2025 16:06:55:INFO:Sent reply
[92mINFO [0m:      
02/17/2025 16:08:01:INFO:
[92mINFO [0m:      Received: train message 2e8149e2-2077-45ca-8ff5-a77217625ebe
02/17/2025 16:08:01:INFO:Received: train message 2e8149e2-2077-45ca-8ff5-a77217625ebe
/home/dgxuser16/anaconda3/envs/ihpc/lib/python3.8/site-packages/torch/nn/modules/module.py:1640: FutureWarning: Using a non-full backward hook when the forward contains multiple autograd Nodes is deprecated and will be removed in future versions. This hook will be missing some grad_input. Please use register_full_backward_hook to get the documented behavior.
  self._maybe_warn_non_full_backward_hook(args, result, grad_fn)
[92mINFO [0m:      Sent reply
02/17/2025 16:08:13:INFO:Sent reply
[92mINFO [0m:      
02/17/2025 16:08:58:INFO:
[92mINFO [0m:      Received: evaluate message 5d9616ac-13d5-4bf1-94a9-f7be3a04e068
02/17/2025 16:08:58:INFO:Received: evaluate message 5d9616ac-13d5-4bf1-94a9-f7be3a04e068
[92mINFO [0m:      Sent reply
02/17/2025 16:09:02:INFO:Sent reply
[92mINFO [0m:      
02/17/2025 16:09:50:INFO:
[92mINFO [0m:      Received: train message 193371b4-7b7b-4cf5-9b19-6b9ede3ddb62
02/17/2025 16:09:50:INFO:Received: train message 193371b4-7b7b-4cf5-9b19-6b9ede3ddb62
/home/dgxuser16/anaconda3/envs/ihpc/lib/python3.8/site-packages/torch/nn/modules/module.py:1640: FutureWarning: Using a non-full backward hook when the forward contains multiple autograd Nodes is deprecated and will be removed in future versions. This hook will be missing some grad_input. Please use register_full_backward_hook to get the documented behavior.
  self._maybe_warn_non_full_backward_hook(args, result, grad_fn)
[92mINFO [0m:      Sent reply
02/17/2025 16:10:04:INFO:Sent reply
[92mINFO [0m:      
02/17/2025 16:10:43:INFO:
[92mINFO [0m:      Received: evaluate message 5d1b895a-f41f-4954-bab4-98a144cf7107
02/17/2025 16:10:43:INFO:Received: evaluate message 5d1b895a-f41f-4954-bab4-98a144cf7107
[92mINFO [0m:      Sent reply
02/17/2025 16:10:46:INFO:Sent reply
[92mINFO [0m:      
02/17/2025 16:11:14:INFO:
[92mINFO [0m:      Received: train message a9c7bce3-d0ce-40d2-a758-bef55394bc2b
02/17/2025 16:11:14:INFO:Received: train message a9c7bce3-d0ce-40d2-a758-bef55394bc2b
/home/dgxuser16/anaconda3/envs/ihpc/lib/python3.8/site-packages/torch/nn/modules/module.py:1640: FutureWarning: Using a non-full backward hook when the forward contains multiple autograd Nodes is deprecated and will be removed in future versions. This hook will be missing some grad_input. Please use register_full_backward_hook to get the documented behavior.
  self._maybe_warn_non_full_backward_hook(args, result, grad_fn)
[92mINFO [0m:      Sent reply
02/17/2025 16:11:27:INFO:Sent reply
[92mINFO [0m:      
02/17/2025 16:12:19:INFO:
[92mINFO [0m:      Received: evaluate message 453e2c19-5c74-41c2-821c-35386fd1043b
02/17/2025 16:12:19:INFO:Received: evaluate message 453e2c19-5c74-41c2-821c-35386fd1043b
[92mINFO [0m:      Sent reply
02/17/2025 16:12:22:INFO:Sent reply
[92mINFO [0m:      
02/17/2025 16:13:25:INFO:
[92mINFO [0m:      Received: train message 77b2a4c9-296d-4311-9cbd-ff07bec219c8
02/17/2025 16:13:25:INFO:Received: train message 77b2a4c9-296d-4311-9cbd-ff07bec219c8
/home/dgxuser16/anaconda3/envs/ihpc/lib/python3.8/site-packages/torch/nn/modules/module.py:1640: FutureWarning: Using a non-full backward hook when the forward contains multiple autograd Nodes is deprecated and will be removed in future versions. This hook will be missing some grad_input. Please use register_full_backward_hook to get the documented behavior.
  self._maybe_warn_non_full_backward_hook(args, result, grad_fn)
[92mINFO [0m:      Sent reply
02/17/2025 16:13:39:INFO:Sent reply
[92mINFO [0m:      
02/17/2025 16:14:31:INFO:
[92mINFO [0m:      Received: evaluate message fab092cf-c581-445f-abcf-e2b5fbfce5a8
02/17/2025 16:14:31:INFO:Received: evaluate message fab092cf-c581-445f-abcf-e2b5fbfce5a8
[92mINFO [0m:      Sent reply
02/17/2025 16:14:36:INFO:Sent reply
[92mINFO [0m:      
02/17/2025 16:15:12:INFO:
[92mINFO [0m:      Received: train message 39d72065-de0e-4bad-a095-8649bddbc420
02/17/2025 16:15:12:INFO:Received: train message 39d72065-de0e-4bad-a095-8649bddbc420
/home/dgxuser16/anaconda3/envs/ihpc/lib/python3.8/site-packages/torch/nn/modules/module.py:1640: FutureWarning: Using a non-full backward hook when the forward contains multiple autograd Nodes is deprecated and will be removed in future versions. This hook will be missing some grad_input. Please use register_full_backward_hook to get the documented behavior.
  self._maybe_warn_non_full_backward_hook(args, result, grad_fn)
[92mINFO [0m:      Sent reply
02/17/2025 16:15:26:INFO:Sent reply
[92mINFO [0m:      
02/17/2025 16:16:24:INFO:
[92mINFO [0m:      Received: evaluate message 0fa1766e-b3ec-4ea5-a31e-4305e6bd53ed
02/17/2025 16:16:24:INFO:Received: evaluate message 0fa1766e-b3ec-4ea5-a31e-4305e6bd53ed
[92mINFO [0m:      Sent reply
02/17/2025 16:16:28:INFO:Sent reply
[92mINFO [0m:      
02/17/2025 16:17:09:INFO:
[92mINFO [0m:      Received: train message 618653c6-b437-4b0d-afec-0404b4b14f72
02/17/2025 16:17:09:INFO:Received: train message 618653c6-b437-4b0d-afec-0404b4b14f72
/home/dgxuser16/anaconda3/envs/ihpc/lib/python3.8/site-packages/torch/nn/modules/module.py:1640: FutureWarning: Using a non-full backward hook when the forward contains multiple autograd Nodes is deprecated and will be removed in future versions. This hook will be missing some grad_input. Please use register_full_backward_hook to get the documented behavior.
  self._maybe_warn_non_full_backward_hook(args, result, grad_fn)
[92mINFO [0m:      Sent reply
02/17/2025 16:17:27:INFO:Sent reply
[92mINFO [0m:      
02/17/2025 16:18:03:INFO:
[92mINFO [0m:      Received: evaluate message 19155849-4488-445d-9992-e1e3703fb01c
02/17/2025 16:18:03:INFO:Received: evaluate message 19155849-4488-445d-9992-e1e3703fb01c

{'loss': [1.0930960586613467, 1.082388972098982, 1.0538147098855921, 1.055581648243508, 1.0607181299096258, 1.0739049656117121, 1.0779104023076669, 1.1090570532595208, 1.1023431438501223, 1.1090394356364472, 1.103693317770492, 1.0893259382136078, 1.1159926442264858, 1.1107419935216, 1.1307091438928742, 1.1375478113694895], 'accuracy': [0.5011727912431587, 0.5003909304143862, 0.509773260359656, 0.5129007036747459, 0.5129007036747459, 0.5121188428459734, 0.5160281469898358, 0.5136825645035183, 0.5175918686473807, 0.5215011727912432, 0.5207193119624707, 0.5269741985926505, 0.5191555903049258, 0.5215011727912432, 0.5199374511336982, 0.5238467552775606], 'auc': [0.6551844458067945, 0.6835142590916937, 0.690517274822332, 0.696260740126083, 0.7016754638384548, 0.7102037987011187, 0.7099655992460799, 0.712843245153748, 0.7160877474106999, 0.7220867002633413, 0.7236425066081373, 0.7232748145175222, 0.726373830101435, 0.7276075669004989, 0.7290744434661421, 0.7309629687517663]}

Epsilon = 11.84

{'loss': [1.0930960586613467, 1.082388972098982, 1.0538147098855921, 1.055581648243508, 1.0607181299096258, 1.0739049656117121, 1.0779104023076669, 1.1090570532595208, 1.1023431438501223, 1.1090394356364472, 1.103693317770492, 1.0893259382136078, 1.1159926442264858, 1.1107419935216, 1.1307091438928742, 1.1375478113694895, 1.1329287360476925], 'accuracy': [0.5011727912431587, 0.5003909304143862, 0.509773260359656, 0.5129007036747459, 0.5129007036747459, 0.5121188428459734, 0.5160281469898358, 0.5136825645035183, 0.5175918686473807, 0.5215011727912432, 0.5207193119624707, 0.5269741985926505, 0.5191555903049258, 0.5215011727912432, 0.5199374511336982, 0.5238467552775606, 0.5269741985926505], 'auc': [0.6551844458067945, 0.6835142590916937, 0.690517274822332, 0.696260740126083, 0.7016754638384548, 0.7102037987011187, 0.7099655992460799, 0.712843245153748, 0.7160877474106999, 0.7220867002633413, 0.7236425066081373, 0.7232748145175222, 0.726373830101435, 0.7276075669004989, 0.7290744434661421, 0.7309629687517663, 0.7323201085381502]}

Epsilon = 12.24

{'loss': [1.0930960586613467, 1.082388972098982, 1.0538147098855921, 1.055581648243508, 1.0607181299096258, 1.0739049656117121, 1.0779104023076669, 1.1090570532595208, 1.1023431438501223, 1.1090394356364472, 1.103693317770492, 1.0893259382136078, 1.1159926442264858, 1.1107419935216, 1.1307091438928742, 1.1375478113694895, 1.1329287360476925, 1.1484164481427728], 'accuracy': [0.5011727912431587, 0.5003909304143862, 0.509773260359656, 0.5129007036747459, 0.5129007036747459, 0.5121188428459734, 0.5160281469898358, 0.5136825645035183, 0.5175918686473807, 0.5215011727912432, 0.5207193119624707, 0.5269741985926505, 0.5191555903049258, 0.5215011727912432, 0.5199374511336982, 0.5238467552775606, 0.5269741985926505, 0.5261923377638781], 'auc': [0.6551844458067945, 0.6835142590916937, 0.690517274822332, 0.696260740126083, 0.7016754638384548, 0.7102037987011187, 0.7099655992460799, 0.712843245153748, 0.7160877474106999, 0.7220867002633413, 0.7236425066081373, 0.7232748145175222, 0.726373830101435, 0.7276075669004989, 0.7290744434661421, 0.7309629687517663, 0.7323201085381502, 0.7347654771405283]}

Epsilon = 12.62

{'loss': [1.0930960586613467, 1.082388972098982, 1.0538147098855921, 1.055581648243508, 1.0607181299096258, 1.0739049656117121, 1.0779104023076669, 1.1090570532595208, 1.1023431438501223, 1.1090394356364472, 1.103693317770492, 1.0893259382136078, 1.1159926442264858, 1.1107419935216, 1.1307091438928742, 1.1375478113694895, 1.1329287360476925, 1.1484164481427728, 1.1529107183287906], 'accuracy': [0.5011727912431587, 0.5003909304143862, 0.509773260359656, 0.5129007036747459, 0.5129007036747459, 0.5121188428459734, 0.5160281469898358, 0.5136825645035183, 0.5175918686473807, 0.5215011727912432, 0.5207193119624707, 0.5269741985926505, 0.5191555903049258, 0.5215011727912432, 0.5199374511336982, 0.5238467552775606, 0.5269741985926505, 0.5261923377638781, 0.5285379202501954], 'auc': [0.6551844458067945, 0.6835142590916937, 0.690517274822332, 0.696260740126083, 0.7016754638384548, 0.7102037987011187, 0.7099655992460799, 0.712843245153748, 0.7160877474106999, 0.7220867002633413, 0.7236425066081373, 0.7232748145175222, 0.726373830101435, 0.7276075669004989, 0.7290744434661421, 0.7309629687517663, 0.7323201085381502, 0.7347654771405283, 0.7369767778829012]}

Epsilon = 13.00

{'loss': [1.0930960586613467, 1.082388972098982, 1.0538147098855921, 1.055581648243508, 1.0607181299096258, 1.0739049656117121, 1.0779104023076669, 1.1090570532595208, 1.1023431438501223, 1.1090394356364472, 1.103693317770492, 1.0893259382136078, 1.1159926442264858, 1.1107419935216, 1.1307091438928742, 1.1375478113694895, 1.1329287360476925, 1.1484164481427728, 1.1529107183287906, 1.1556805356393296], 'accuracy': [0.5011727912431587, 0.5003909304143862, 0.509773260359656, 0.5129007036747459, 0.5129007036747459, 0.5121188428459734, 0.5160281469898358, 0.5136825645035183, 0.5175918686473807, 0.5215011727912432, 0.5207193119624707, 0.5269741985926505, 0.5191555903049258, 0.5215011727912432, 0.5199374511336982, 0.5238467552775606, 0.5269741985926505, 0.5261923377638781, 0.5285379202501954, 0.5301016419077405], 'auc': [0.6551844458067945, 0.6835142590916937, 0.690517274822332, 0.696260740126083, 0.7016754638384548, 0.7102037987011187, 0.7099655992460799, 0.712843245153748, 0.7160877474106999, 0.7220867002633413, 0.7236425066081373, 0.7232748145175222, 0.726373830101435, 0.7276075669004989, 0.7290744434661421, 0.7309629687517663, 0.7323201085381502, 0.7347654771405283, 0.7369767778829012, 0.7378926737541003]}

Epsilon = 13.37

{'loss': [1.0930960586613467, 1.082388972098982, 1.0538147098855921, 1.055581648243508, 1.0607181299096258, 1.0739049656117121, 1.0779104023076669, 1.1090570532595208, 1.1023431438501223, 1.1090394356364472, 1.103693317770492, 1.0893259382136078, 1.1159926442264858, 1.1107419935216, 1.1307091438928742, 1.1375478113694895, 1.1329287360476925, 1.1484164481427728, 1.1529107183287906, 1.1556805356393296, 1.163202504612115], 'accuracy': [0.5011727912431587, 0.5003909304143862, 0.509773260359656, 0.5129007036747459, 0.5129007036747459, 0.5121188428459734, 0.5160281469898358, 0.5136825645035183, 0.5175918686473807, 0.5215011727912432, 0.5207193119624707, 0.5269741985926505, 0.5191555903049258, 0.5215011727912432, 0.5199374511336982, 0.5238467552775606, 0.5269741985926505, 0.5261923377638781, 0.5285379202501954, 0.5301016419077405, 0.5238467552775606], 'auc': [0.6551844458067945, 0.6835142590916937, 0.690517274822332, 0.696260740126083, 0.7016754638384548, 0.7102037987011187, 0.7099655992460799, 0.712843245153748, 0.7160877474106999, 0.7220867002633413, 0.7236425066081373, 0.7232748145175222, 0.726373830101435, 0.7276075669004989, 0.7290744434661421, 0.7309629687517663, 0.7323201085381502, 0.7347654771405283, 0.7369767778829012, 0.7378926737541003, 0.7411366565496411]}

Epsilon = 13.74
[92mINFO [0m:      Sent reply
02/17/2025 16:18:06:INFO:Sent reply
[92mINFO [0m:      
02/17/2025 16:19:08:INFO:
[92mINFO [0m:      Received: train message f54205a8-6c6b-423f-8cec-3bedd2aa4a7b
02/17/2025 16:19:08:INFO:Received: train message f54205a8-6c6b-423f-8cec-3bedd2aa4a7b
/home/dgxuser16/anaconda3/envs/ihpc/lib/python3.8/site-packages/torch/nn/modules/module.py:1640: FutureWarning: Using a non-full backward hook when the forward contains multiple autograd Nodes is deprecated and will be removed in future versions. This hook will be missing some grad_input. Please use register_full_backward_hook to get the documented behavior.
  self._maybe_warn_non_full_backward_hook(args, result, grad_fn)
[92mINFO [0m:      Sent reply
02/17/2025 16:19:25:INFO:Sent reply
[92mINFO [0m:      
02/17/2025 16:20:18:INFO:
[92mINFO [0m:      Received: evaluate message 657cb967-be68-4abf-a054-6e5d1939f3be
02/17/2025 16:20:18:INFO:Received: evaluate message 657cb967-be68-4abf-a054-6e5d1939f3be
[92mINFO [0m:      Sent reply
02/17/2025 16:20:22:INFO:Sent reply
[92mINFO [0m:      
02/17/2025 16:20:58:INFO:
[92mINFO [0m:      Received: train message 86d3936a-e527-4f52-8402-c017e88f33c1
02/17/2025 16:20:58:INFO:Received: train message 86d3936a-e527-4f52-8402-c017e88f33c1
/home/dgxuser16/anaconda3/envs/ihpc/lib/python3.8/site-packages/torch/nn/modules/module.py:1640: FutureWarning: Using a non-full backward hook when the forward contains multiple autograd Nodes is deprecated and will be removed in future versions. This hook will be missing some grad_input. Please use register_full_backward_hook to get the documented behavior.
  self._maybe_warn_non_full_backward_hook(args, result, grad_fn)
[92mINFO [0m:      Sent reply
02/17/2025 16:21:14:INFO:Sent reply
[92mINFO [0m:      
02/17/2025 16:22:17:INFO:
[92mINFO [0m:      Received: evaluate message dfee7fd4-4a7d-4f0b-bd30-ea06af288b80
02/17/2025 16:22:17:INFO:Received: evaluate message dfee7fd4-4a7d-4f0b-bd30-ea06af288b80
[92mINFO [0m:      Sent reply
02/17/2025 16:22:22:INFO:Sent reply
[92mINFO [0m:      
02/17/2025 16:22:55:INFO:
[92mINFO [0m:      Received: train message b371c2c2-8e21-4de6-ae5b-380b2c732f5f
02/17/2025 16:22:55:INFO:Received: train message b371c2c2-8e21-4de6-ae5b-380b2c732f5f
/home/dgxuser16/anaconda3/envs/ihpc/lib/python3.8/site-packages/torch/nn/modules/module.py:1640: FutureWarning: Using a non-full backward hook when the forward contains multiple autograd Nodes is deprecated and will be removed in future versions. This hook will be missing some grad_input. Please use register_full_backward_hook to get the documented behavior.
  self._maybe_warn_non_full_backward_hook(args, result, grad_fn)
[92mINFO [0m:      Sent reply
02/17/2025 16:23:08:INFO:Sent reply
[92mINFO [0m:      
02/17/2025 16:23:50:INFO:
[92mINFO [0m:      Received: evaluate message 1a7c31d1-8079-4921-86ee-cd986b543acc
02/17/2025 16:23:50:INFO:Received: evaluate message 1a7c31d1-8079-4921-86ee-cd986b543acc
[92mINFO [0m:      Sent reply
02/17/2025 16:23:55:INFO:Sent reply
[92mINFO [0m:      
02/17/2025 16:24:30:INFO:
[92mINFO [0m:      Received: train message 7cd63f48-d870-4b58-a86f-0c394dbfb42f
02/17/2025 16:24:30:INFO:Received: train message 7cd63f48-d870-4b58-a86f-0c394dbfb42f
/home/dgxuser16/anaconda3/envs/ihpc/lib/python3.8/site-packages/torch/nn/modules/module.py:1640: FutureWarning: Using a non-full backward hook when the forward contains multiple autograd Nodes is deprecated and will be removed in future versions. This hook will be missing some grad_input. Please use register_full_backward_hook to get the documented behavior.
  self._maybe_warn_non_full_backward_hook(args, result, grad_fn)
[92mINFO [0m:      Sent reply
02/17/2025 16:24:45:INFO:Sent reply
[92mINFO [0m:      
02/17/2025 16:25:45:INFO:
[92mINFO [0m:      Received: evaluate message 2831211b-9c34-4a80-9914-a0d7c78e6219
02/17/2025 16:25:45:INFO:Received: evaluate message 2831211b-9c34-4a80-9914-a0d7c78e6219
[92mINFO [0m:      Sent reply
02/17/2025 16:25:49:INFO:Sent reply
[92mINFO [0m:      
02/17/2025 16:26:45:INFO:
[92mINFO [0m:      Received: train message 4c9a57a4-28b7-4961-8501-6ffc977415fd
02/17/2025 16:26:45:INFO:Received: train message 4c9a57a4-28b7-4961-8501-6ffc977415fd
/home/dgxuser16/anaconda3/envs/ihpc/lib/python3.8/site-packages/torch/nn/modules/module.py:1640: FutureWarning: Using a non-full backward hook when the forward contains multiple autograd Nodes is deprecated and will be removed in future versions. This hook will be missing some grad_input. Please use register_full_backward_hook to get the documented behavior.
  self._maybe_warn_non_full_backward_hook(args, result, grad_fn)
[92mINFO [0m:      Sent reply
02/17/2025 16:27:01:INFO:Sent reply
[92mINFO [0m:      
02/17/2025 16:27:41:INFO:
[92mINFO [0m:      Received: evaluate message b78b7e12-6aea-405e-b008-ffce8c9cfde5
02/17/2025 16:27:41:INFO:Received: evaluate message b78b7e12-6aea-405e-b008-ffce8c9cfde5

{'loss': [1.0930960586613467, 1.082388972098982, 1.0538147098855921, 1.055581648243508, 1.0607181299096258, 1.0739049656117121, 1.0779104023076669, 1.1090570532595208, 1.1023431438501223, 1.1090394356364472, 1.103693317770492, 1.0893259382136078, 1.1159926442264858, 1.1107419935216, 1.1307091438928742, 1.1375478113694895, 1.1329287360476925, 1.1484164481427728, 1.1529107183287906, 1.1556805356393296, 1.163202504612115, 1.1375277659406506], 'accuracy': [0.5011727912431587, 0.5003909304143862, 0.509773260359656, 0.5129007036747459, 0.5129007036747459, 0.5121188428459734, 0.5160281469898358, 0.5136825645035183, 0.5175918686473807, 0.5215011727912432, 0.5207193119624707, 0.5269741985926505, 0.5191555903049258, 0.5215011727912432, 0.5199374511336982, 0.5238467552775606, 0.5269741985926505, 0.5261923377638781, 0.5285379202501954, 0.5301016419077405, 0.5238467552775606, 0.5332290852228303], 'auc': [0.6551844458067945, 0.6835142590916937, 0.690517274822332, 0.696260740126083, 0.7016754638384548, 0.7102037987011187, 0.7099655992460799, 0.712843245153748, 0.7160877474106999, 0.7220867002633413, 0.7236425066081373, 0.7232748145175222, 0.726373830101435, 0.7276075669004989, 0.7290744434661421, 0.7309629687517663, 0.7323201085381502, 0.7347654771405283, 0.7369767778829012, 0.7378926737541003, 0.7411366565496411, 0.7399828602248499]}

Epsilon = 14.10

{'loss': [1.0930960586613467, 1.082388972098982, 1.0538147098855921, 1.055581648243508, 1.0607181299096258, 1.0739049656117121, 1.0779104023076669, 1.1090570532595208, 1.1023431438501223, 1.1090394356364472, 1.103693317770492, 1.0893259382136078, 1.1159926442264858, 1.1107419935216, 1.1307091438928742, 1.1375478113694895, 1.1329287360476925, 1.1484164481427728, 1.1529107183287906, 1.1556805356393296, 1.163202504612115, 1.1375277659406506, 1.126655174149863], 'accuracy': [0.5011727912431587, 0.5003909304143862, 0.509773260359656, 0.5129007036747459, 0.5129007036747459, 0.5121188428459734, 0.5160281469898358, 0.5136825645035183, 0.5175918686473807, 0.5215011727912432, 0.5207193119624707, 0.5269741985926505, 0.5191555903049258, 0.5215011727912432, 0.5199374511336982, 0.5238467552775606, 0.5269741985926505, 0.5261923377638781, 0.5285379202501954, 0.5301016419077405, 0.5238467552775606, 0.5332290852228303, 0.5332290852228303], 'auc': [0.6551844458067945, 0.6835142590916937, 0.690517274822332, 0.696260740126083, 0.7016754638384548, 0.7102037987011187, 0.7099655992460799, 0.712843245153748, 0.7160877474106999, 0.7220867002633413, 0.7236425066081373, 0.7232748145175222, 0.726373830101435, 0.7276075669004989, 0.7290744434661421, 0.7309629687517663, 0.7323201085381502, 0.7347654771405283, 0.7369767778829012, 0.7378926737541003, 0.7411366565496411, 0.7399828602248499, 0.7401030371422317]}

Epsilon = 14.46

{'loss': [1.0930960586613467, 1.082388972098982, 1.0538147098855921, 1.055581648243508, 1.0607181299096258, 1.0739049656117121, 1.0779104023076669, 1.1090570532595208, 1.1023431438501223, 1.1090394356364472, 1.103693317770492, 1.0893259382136078, 1.1159926442264858, 1.1107419935216, 1.1307091438928742, 1.1375478113694895, 1.1329287360476925, 1.1484164481427728, 1.1529107183287906, 1.1556805356393296, 1.163202504612115, 1.1375277659406506, 1.126655174149863, 1.1360679844844332], 'accuracy': [0.5011727912431587, 0.5003909304143862, 0.509773260359656, 0.5129007036747459, 0.5129007036747459, 0.5121188428459734, 0.5160281469898358, 0.5136825645035183, 0.5175918686473807, 0.5215011727912432, 0.5207193119624707, 0.5269741985926505, 0.5191555903049258, 0.5215011727912432, 0.5199374511336982, 0.5238467552775606, 0.5269741985926505, 0.5261923377638781, 0.5285379202501954, 0.5301016419077405, 0.5238467552775606, 0.5332290852228303, 0.5332290852228303, 0.5387021110242377], 'auc': [0.6551844458067945, 0.6835142590916937, 0.690517274822332, 0.696260740126083, 0.7016754638384548, 0.7102037987011187, 0.7099655992460799, 0.712843245153748, 0.7160877474106999, 0.7220867002633413, 0.7236425066081373, 0.7232748145175222, 0.726373830101435, 0.7276075669004989, 0.7290744434661421, 0.7309629687517663, 0.7323201085381502, 0.7347654771405283, 0.7369767778829012, 0.7378926737541003, 0.7411366565496411, 0.7399828602248499, 0.7401030371422317, 0.7419747488325539]}

Epsilon = 14.81

{'loss': [1.0930960586613467, 1.082388972098982, 1.0538147098855921, 1.055581648243508, 1.0607181299096258, 1.0739049656117121, 1.0779104023076669, 1.1090570532595208, 1.1023431438501223, 1.1090394356364472, 1.103693317770492, 1.0893259382136078, 1.1159926442264858, 1.1107419935216, 1.1307091438928742, 1.1375478113694895, 1.1329287360476925, 1.1484164481427728, 1.1529107183287906, 1.1556805356393296, 1.163202504612115, 1.1375277659406506, 1.126655174149863, 1.1360679844844332, 1.147996428145199], 'accuracy': [0.5011727912431587, 0.5003909304143862, 0.509773260359656, 0.5129007036747459, 0.5129007036747459, 0.5121188428459734, 0.5160281469898358, 0.5136825645035183, 0.5175918686473807, 0.5215011727912432, 0.5207193119624707, 0.5269741985926505, 0.5191555903049258, 0.5215011727912432, 0.5199374511336982, 0.5238467552775606, 0.5269741985926505, 0.5261923377638781, 0.5285379202501954, 0.5301016419077405, 0.5238467552775606, 0.5332290852228303, 0.5332290852228303, 0.5387021110242377, 0.5355746677091477], 'auc': [0.6551844458067945, 0.6835142590916937, 0.690517274822332, 0.696260740126083, 0.7016754638384548, 0.7102037987011187, 0.7099655992460799, 0.712843245153748, 0.7160877474106999, 0.7220867002633413, 0.7236425066081373, 0.7232748145175222, 0.726373830101435, 0.7276075669004989, 0.7290744434661421, 0.7309629687517663, 0.7323201085381502, 0.7347654771405283, 0.7369767778829012, 0.7378926737541003, 0.7411366565496411, 0.7399828602248499, 0.7401030371422317, 0.7419747488325539, 0.7426112423294441]}

Epsilon = 15.16

{'loss': [1.0930960586613467, 1.082388972098982, 1.0538147098855921, 1.055581648243508, 1.0607181299096258, 1.0739049656117121, 1.0779104023076669, 1.1090570532595208, 1.1023431438501223, 1.1090394356364472, 1.103693317770492, 1.0893259382136078, 1.1159926442264858, 1.1107419935216, 1.1307091438928742, 1.1375478113694895, 1.1329287360476925, 1.1484164481427728, 1.1529107183287906, 1.1556805356393296, 1.163202504612115, 1.1375277659406506, 1.126655174149863, 1.1360679844844332, 1.147996428145199, 1.1593945800465844], 'accuracy': [0.5011727912431587, 0.5003909304143862, 0.509773260359656, 0.5129007036747459, 0.5129007036747459, 0.5121188428459734, 0.5160281469898358, 0.5136825645035183, 0.5175918686473807, 0.5215011727912432, 0.5207193119624707, 0.5269741985926505, 0.5191555903049258, 0.5215011727912432, 0.5199374511336982, 0.5238467552775606, 0.5269741985926505, 0.5261923377638781, 0.5285379202501954, 0.5301016419077405, 0.5238467552775606, 0.5332290852228303, 0.5332290852228303, 0.5387021110242377, 0.5355746677091477, 0.5316653635652854], 'auc': [0.6551844458067945, 0.6835142590916937, 0.690517274822332, 0.696260740126083, 0.7016754638384548, 0.7102037987011187, 0.7099655992460799, 0.712843245153748, 0.7160877474106999, 0.7220867002633413, 0.7236425066081373, 0.7232748145175222, 0.726373830101435, 0.7276075669004989, 0.7290744434661421, 0.7309629687517663, 0.7323201085381502, 0.7347654771405283, 0.7369767778829012, 0.7378926737541003, 0.7411366565496411, 0.7399828602248499, 0.7401030371422317, 0.7419747488325539, 0.7426112423294441, 0.7440496103027039]}

Epsilon = 15.51
[92mINFO [0m:      Sent reply
02/17/2025 16:27:45:INFO:Sent reply
[92mINFO [0m:      
02/17/2025 16:28:34:INFO:
[92mINFO [0m:      Received: train message 71cb3b3c-0655-4f38-a5df-17ffe2a26928
02/17/2025 16:28:34:INFO:Received: train message 71cb3b3c-0655-4f38-a5df-17ffe2a26928
/home/dgxuser16/anaconda3/envs/ihpc/lib/python3.8/site-packages/torch/nn/modules/module.py:1640: FutureWarning: Using a non-full backward hook when the forward contains multiple autograd Nodes is deprecated and will be removed in future versions. This hook will be missing some grad_input. Please use register_full_backward_hook to get the documented behavior.
  self._maybe_warn_non_full_backward_hook(args, result, grad_fn)
[92mINFO [0m:      Sent reply
02/17/2025 16:28:53:INFO:Sent reply
[92mINFO [0m:      
02/17/2025 16:29:47:INFO:
[92mINFO [0m:      Received: evaluate message c38f38d2-4f55-41dc-bd3f-fa80133d9462
02/17/2025 16:29:47:INFO:Received: evaluate message c38f38d2-4f55-41dc-bd3f-fa80133d9462
[92mINFO [0m:      Sent reply
02/17/2025 16:29:50:INFO:Sent reply
[92mINFO [0m:      
02/17/2025 16:30:30:INFO:
[92mINFO [0m:      Received: train message fd01838c-93f2-4995-9fef-411a5b539c75
02/17/2025 16:30:30:INFO:Received: train message fd01838c-93f2-4995-9fef-411a5b539c75
/home/dgxuser16/anaconda3/envs/ihpc/lib/python3.8/site-packages/torch/nn/modules/module.py:1640: FutureWarning: Using a non-full backward hook when the forward contains multiple autograd Nodes is deprecated and will be removed in future versions. This hook will be missing some grad_input. Please use register_full_backward_hook to get the documented behavior.
  self._maybe_warn_non_full_backward_hook(args, result, grad_fn)
[92mINFO [0m:      Sent reply
02/17/2025 16:30:49:INFO:Sent reply
[92mINFO [0m:      
02/17/2025 16:31:30:INFO:
[92mINFO [0m:      Received: evaluate message 79bc1dd3-9056-4a63-93cd-cab675092598
02/17/2025 16:31:30:INFO:Received: evaluate message 79bc1dd3-9056-4a63-93cd-cab675092598
[92mINFO [0m:      Sent reply
02/17/2025 16:31:34:INFO:Sent reply
[92mINFO [0m:      
02/17/2025 16:32:29:INFO:
[92mINFO [0m:      Received: train message 3f5bab04-0a9f-4c85-bb2d-c8a79ff9c48f
02/17/2025 16:32:29:INFO:Received: train message 3f5bab04-0a9f-4c85-bb2d-c8a79ff9c48f
/home/dgxuser16/anaconda3/envs/ihpc/lib/python3.8/site-packages/torch/nn/modules/module.py:1640: FutureWarning: Using a non-full backward hook when the forward contains multiple autograd Nodes is deprecated and will be removed in future versions. This hook will be missing some grad_input. Please use register_full_backward_hook to get the documented behavior.
  self._maybe_warn_non_full_backward_hook(args, result, grad_fn)
[92mINFO [0m:      Sent reply
02/17/2025 16:32:48:INFO:Sent reply
[92mINFO [0m:      
02/17/2025 16:33:32:INFO:
[92mINFO [0m:      Received: evaluate message a771a10b-e93e-41e5-bc38-50e28a3d4799
02/17/2025 16:33:32:INFO:Received: evaluate message a771a10b-e93e-41e5-bc38-50e28a3d4799
[92mINFO [0m:      Sent reply
02/17/2025 16:33:36:INFO:Sent reply
[92mINFO [0m:      
02/17/2025 16:33:54:INFO:
[92mINFO [0m:      Received: reconnect message f7439bf3-47fb-4f04-8504-62922347a7b7
02/17/2025 16:33:54:INFO:Received: reconnect message f7439bf3-47fb-4f04-8504-62922347a7b7
02/17/2025 16:33:54:DEBUG:gRPC channel closed
[92mINFO [0m:      Disconnect and shut down
02/17/2025 16:33:54:INFO:Disconnect and shut down

{'loss': [1.0930960586613467, 1.082388972098982, 1.0538147098855921, 1.055581648243508, 1.0607181299096258, 1.0739049656117121, 1.0779104023076669, 1.1090570532595208, 1.1023431438501223, 1.1090394356364472, 1.103693317770492, 1.0893259382136078, 1.1159926442264858, 1.1107419935216, 1.1307091438928742, 1.1375478113694895, 1.1329287360476925, 1.1484164481427728, 1.1529107183287906, 1.1556805356393296, 1.163202504612115, 1.1375277659406506, 1.126655174149863, 1.1360679844844332, 1.147996428145199, 1.1593945800465844, 1.1367046994283108], 'accuracy': [0.5011727912431587, 0.5003909304143862, 0.509773260359656, 0.5129007036747459, 0.5129007036747459, 0.5121188428459734, 0.5160281469898358, 0.5136825645035183, 0.5175918686473807, 0.5215011727912432, 0.5207193119624707, 0.5269741985926505, 0.5191555903049258, 0.5215011727912432, 0.5199374511336982, 0.5238467552775606, 0.5269741985926505, 0.5261923377638781, 0.5285379202501954, 0.5301016419077405, 0.5238467552775606, 0.5332290852228303, 0.5332290852228303, 0.5387021110242377, 0.5355746677091477, 0.5316653635652854, 0.5402658326817826], 'auc': [0.6551844458067945, 0.6835142590916937, 0.690517274822332, 0.696260740126083, 0.7016754638384548, 0.7102037987011187, 0.7099655992460799, 0.712843245153748, 0.7160877474106999, 0.7220867002633413, 0.7236425066081373, 0.7232748145175222, 0.726373830101435, 0.7276075669004989, 0.7290744434661421, 0.7309629687517663, 0.7323201085381502, 0.7347654771405283, 0.7369767778829012, 0.7378926737541003, 0.7411366565496411, 0.7399828602248499, 0.7401030371422317, 0.7419747488325539, 0.7426112423294441, 0.7440496103027039, 0.7452427536994295]}

Epsilon = 15.85

{'loss': [1.0930960586613467, 1.082388972098982, 1.0538147098855921, 1.055581648243508, 1.0607181299096258, 1.0739049656117121, 1.0779104023076669, 1.1090570532595208, 1.1023431438501223, 1.1090394356364472, 1.103693317770492, 1.0893259382136078, 1.1159926442264858, 1.1107419935216, 1.1307091438928742, 1.1375478113694895, 1.1329287360476925, 1.1484164481427728, 1.1529107183287906, 1.1556805356393296, 1.163202504612115, 1.1375277659406506, 1.126655174149863, 1.1360679844844332, 1.147996428145199, 1.1593945800465844, 1.1367046994283108, 1.1573743459020769], 'accuracy': [0.5011727912431587, 0.5003909304143862, 0.509773260359656, 0.5129007036747459, 0.5129007036747459, 0.5121188428459734, 0.5160281469898358, 0.5136825645035183, 0.5175918686473807, 0.5215011727912432, 0.5207193119624707, 0.5269741985926505, 0.5191555903049258, 0.5215011727912432, 0.5199374511336982, 0.5238467552775606, 0.5269741985926505, 0.5261923377638781, 0.5285379202501954, 0.5301016419077405, 0.5238467552775606, 0.5332290852228303, 0.5332290852228303, 0.5387021110242377, 0.5355746677091477, 0.5316653635652854, 0.5402658326817826, 0.5324472243940579], 'auc': [0.6551844458067945, 0.6835142590916937, 0.690517274822332, 0.696260740126083, 0.7016754638384548, 0.7102037987011187, 0.7099655992460799, 0.712843245153748, 0.7160877474106999, 0.7220867002633413, 0.7236425066081373, 0.7232748145175222, 0.726373830101435, 0.7276075669004989, 0.7290744434661421, 0.7309629687517663, 0.7323201085381502, 0.7347654771405283, 0.7369767778829012, 0.7378926737541003, 0.7411366565496411, 0.7399828602248499, 0.7401030371422317, 0.7419747488325539, 0.7426112423294441, 0.7440496103027039, 0.7452427536994295, 0.7466821096604476]}

Epsilon = 16.18

{'loss': [1.0930960586613467, 1.082388972098982, 1.0538147098855921, 1.055581648243508, 1.0607181299096258, 1.0739049656117121, 1.0779104023076669, 1.1090570532595208, 1.1023431438501223, 1.1090394356364472, 1.103693317770492, 1.0893259382136078, 1.1159926442264858, 1.1107419935216, 1.1307091438928742, 1.1375478113694895, 1.1329287360476925, 1.1484164481427728, 1.1529107183287906, 1.1556805356393296, 1.163202504612115, 1.1375277659406506, 1.126655174149863, 1.1360679844844332, 1.147996428145199, 1.1593945800465844, 1.1367046994283108, 1.1573743459020769, 1.1426542781124458], 'accuracy': [0.5011727912431587, 0.5003909304143862, 0.509773260359656, 0.5129007036747459, 0.5129007036747459, 0.5121188428459734, 0.5160281469898358, 0.5136825645035183, 0.5175918686473807, 0.5215011727912432, 0.5207193119624707, 0.5269741985926505, 0.5191555903049258, 0.5215011727912432, 0.5199374511336982, 0.5238467552775606, 0.5269741985926505, 0.5261923377638781, 0.5285379202501954, 0.5301016419077405, 0.5238467552775606, 0.5332290852228303, 0.5332290852228303, 0.5387021110242377, 0.5355746677091477, 0.5316653635652854, 0.5402658326817826, 0.5324472243940579, 0.5418295543393276], 'auc': [0.6551844458067945, 0.6835142590916937, 0.690517274822332, 0.696260740126083, 0.7016754638384548, 0.7102037987011187, 0.7099655992460799, 0.712843245153748, 0.7160877474106999, 0.7220867002633413, 0.7236425066081373, 0.7232748145175222, 0.726373830101435, 0.7276075669004989, 0.7290744434661421, 0.7309629687517663, 0.7323201085381502, 0.7347654771405283, 0.7369767778829012, 0.7378926737541003, 0.7411366565496411, 0.7399828602248499, 0.7401030371422317, 0.7419747488325539, 0.7426112423294441, 0.7440496103027039, 0.7452427536994295, 0.7466821096604476, 0.7457716604682387]}

Epsilon = 16.52

{'loss': [1.0930960586613467, 1.082388972098982, 1.0538147098855921, 1.055581648243508, 1.0607181299096258, 1.0739049656117121, 1.0779104023076669, 1.1090570532595208, 1.1023431438501223, 1.1090394356364472, 1.103693317770492, 1.0893259382136078, 1.1159926442264858, 1.1107419935216, 1.1307091438928742, 1.1375478113694895, 1.1329287360476925, 1.1484164481427728, 1.1529107183287906, 1.1556805356393296, 1.163202504612115, 1.1375277659406506, 1.126655174149863, 1.1360679844844332, 1.147996428145199, 1.1593945800465844, 1.1367046994283108, 1.1573743459020769, 1.1426542781124458, 1.164499182921075], 'accuracy': [0.5011727912431587, 0.5003909304143862, 0.509773260359656, 0.5129007036747459, 0.5129007036747459, 0.5121188428459734, 0.5160281469898358, 0.5136825645035183, 0.5175918686473807, 0.5215011727912432, 0.5207193119624707, 0.5269741985926505, 0.5191555903049258, 0.5215011727912432, 0.5199374511336982, 0.5238467552775606, 0.5269741985926505, 0.5261923377638781, 0.5285379202501954, 0.5301016419077405, 0.5238467552775606, 0.5332290852228303, 0.5332290852228303, 0.5387021110242377, 0.5355746677091477, 0.5316653635652854, 0.5402658326817826, 0.5324472243940579, 0.5418295543393276, 0.5293197810789679], 'auc': [0.6551844458067945, 0.6835142590916937, 0.690517274822332, 0.696260740126083, 0.7016754638384548, 0.7102037987011187, 0.7099655992460799, 0.712843245153748, 0.7160877474106999, 0.7220867002633413, 0.7236425066081373, 0.7232748145175222, 0.726373830101435, 0.7276075669004989, 0.7290744434661421, 0.7309629687517663, 0.7323201085381502, 0.7347654771405283, 0.7369767778829012, 0.7378926737541003, 0.7411366565496411, 0.7399828602248499, 0.7401030371422317, 0.7419747488325539, 0.7426112423294441, 0.7440496103027039, 0.7452427536994295, 0.7466821096604476, 0.7457716604682387, 0.7458281414259336]}



{'loss': [1.0930960586613467, 1.082388972098982, 1.0538147098855921, 1.055581648243508, 1.0607181299096258, 1.0739049656117121, 1.0779104023076669, 1.1090570532595208, 1.1023431438501223, 1.1090394356364472, 1.103693317770492, 1.0893259382136078, 1.1159926442264858, 1.1107419935216, 1.1307091438928742, 1.1375478113694895, 1.1329287360476925, 1.1484164481427728, 1.1529107183287906, 1.1556805356393296, 1.163202504612115, 1.1375277659406506, 1.126655174149863, 1.1360679844844332, 1.147996428145199, 1.1593945800465844, 1.1367046994283108, 1.1573743459020769, 1.1426542781124458, 1.164499182921075], 'accuracy': [0.5011727912431587, 0.5003909304143862, 0.509773260359656, 0.5129007036747459, 0.5129007036747459, 0.5121188428459734, 0.5160281469898358, 0.5136825645035183, 0.5175918686473807, 0.5215011727912432, 0.5207193119624707, 0.5269741985926505, 0.5191555903049258, 0.5215011727912432, 0.5199374511336982, 0.5238467552775606, 0.5269741985926505, 0.5261923377638781, 0.5285379202501954, 0.5301016419077405, 0.5238467552775606, 0.5332290852228303, 0.5332290852228303, 0.5387021110242377, 0.5355746677091477, 0.5316653635652854, 0.5402658326817826, 0.5324472243940579, 0.5418295543393276, 0.5293197810789679], 'auc': [0.6551844458067945, 0.6835142590916937, 0.690517274822332, 0.696260740126083, 0.7016754638384548, 0.7102037987011187, 0.7099655992460799, 0.712843245153748, 0.7160877474106999, 0.7220867002633413, 0.7236425066081373, 0.7232748145175222, 0.726373830101435, 0.7276075669004989, 0.7290744434661421, 0.7309629687517663, 0.7323201085381502, 0.7347654771405283, 0.7369767778829012, 0.7378926737541003, 0.7411366565496411, 0.7399828602248499, 0.7401030371422317, 0.7419747488325539, 0.7426112423294441, 0.7440496103027039, 0.7452427536994295, 0.7466821096604476, 0.7457716604682387, 0.7458281414259336]}
