nohup: ignoring input
Traceback (most recent call last):
  File "client_4.py", line 2, in <module>
    from flamby.datasets.fed_isic2019 import FedIsic2019
ModuleNotFoundError: No module named 'flamby'
nohup: ignoring input
WARNING: All log messages before absl::InitializeLog() is called are written to STDERR
I0000 00:00:1739459403.412241 2833934 fork_posix.cc:75] Other threads are currently calling into gRPC, skipping fork() handlers
/home/dgxuser16/anaconda3/envs/ihpc/lib/python3.8/site-packages/albumentations/__init__.py:13: UserWarning: A new version of Albumentations is available: 2.0.4 (you have 1.4.18). Upgrade using: pip install -U albumentations. To disable automatic update checks, set the environment variable NO_ALBUMENTATIONS_UPDATE to 1.
  check_for_updates()
/raid/home/dgxuser16/NTL/mccarthy/ahmad/github/adaptive_privacy_fl/isic/adagrad/no_dp/flamby/datasets/fed_isic2019/dataset.py:222: DeprecationWarning: Flip is deprecated. Consider using HorizontalFlip, VerticalFlip, RandomRotate90 or D4.
  albumentations.Flip(p=0.5),
/home/dgxuser16/anaconda3/envs/ihpc/lib/python3.8/site-packages/pydantic/main.py:214: DeprecationWarning: `max_holes` is deprecated. Use num_holes_range instead.
  validated_self = self.__pydantic_validator__.validate_python(data, self_instance=self)
/home/dgxuser16/anaconda3/envs/ihpc/lib/python3.8/site-packages/pydantic/main.py:214: DeprecationWarning: `max_height` is deprecated. Use hole_height_range instead.
  validated_self = self.__pydantic_validator__.validate_python(data, self_instance=self)
/home/dgxuser16/anaconda3/envs/ihpc/lib/python3.8/site-packages/pydantic/main.py:214: DeprecationWarning: `max_width` is deprecated. Use hole_width_range instead.
  validated_self = self.__pydantic_validator__.validate_python(data, self_instance=self)
/home/dgxuser16/anaconda3/envs/ihpc/lib/python3.8/site-packages/albumentations/core/validation.py:45: DeprecationWarning: always_apply is deprecated. Use `p=1` if you want to always apply the transform. self.p will be set to 1.
  original_init(self, **validated_kwargs)
/home/dgxuser16/anaconda3/envs/ihpc/lib/python3.8/site-packages/albumentations/core/validation.py:45: DeprecationWarning: always_apply is deprecated. Use `p=1` if you want to always apply the transform. self.p will be set to 1.
  original_init(self, **validated_kwargs)
[92mINFO [0m:      
[92mINFO [0m:      Received: train message 43b4d408-127c-4503-a73f-fe0eccd8e6c6
[92mINFO [0m:      Sent reply
[92mINFO [0m:      
[92mINFO [0m:      Received: evaluate message 54440bc2-a89c-48ea-a226-a021801b0a4d
[92mINFO [0m:      Sent reply
[92mINFO [0m:      
[92mINFO [0m:      Received: train message 73629a83-d185-44af-a9c6-cd8db5dc10c9
[92mINFO [0m:      Sent reply
[92mINFO [0m:      
[92mINFO [0m:      Received: evaluate message 456b6e40-693a-41f4-919f-8c4c3ba2759c
[92mINFO [0m:      Sent reply
[92mINFO [0m:      
[92mINFO [0m:      Received: train message fce36c65-1069-4dad-a667-98c93b2d8b34
[92mINFO [0m:      Sent reply
[92mINFO [0m:      
[92mINFO [0m:      Received: evaluate message b6c2c06e-a7c0-441d-9404-1c5eeddbc934
[92mINFO [0m:      Sent reply
[92mINFO [0m:      
[92mINFO [0m:      Received: train message 2dc360c5-fa52-4721-81bf-df83725992f7
[92mINFO [0m:      Sent reply
[92mINFO [0m:      
[92mINFO [0m:      Received: evaluate message 88c3a3be-ca0a-41df-94c1-7081e5f32b1e
[92mINFO [0m:      Sent reply
[92mINFO [0m:      
[92mINFO [0m:      Received: train message f26759c0-2b71-4c68-aa19-3e41391aa0b7
[92mINFO [0m:      Sent reply
[92mINFO [0m:      
[92mINFO [0m:      Received: evaluate message 0cb0732e-179f-499b-aa0f-03175c59a2c1
[92mINFO [0m:      Sent reply
[92mINFO [0m:      
[92mINFO [0m:      Received: train message 704617d9-696b-4466-8430-4d0b0d3a166c
[92mINFO [0m:      Sent reply
[92mINFO [0m:      
[92mINFO [0m:      Received: evaluate message 0e58507c-046e-4612-84ea-6fc0ecb761c3
[92mINFO [0m:      Sent reply
[92mINFO [0m:      
[92mINFO [0m:      Received: train message 6e76f86f-8184-40fc-b7f5-c152e0bb949d
[92mINFO [0m:      Sent reply
