nohup: ignoring input
Traceback (most recent call last):
  File "client_3.py", line 2, in <module>
    from flamby.datasets.fed_isic2019 import FedIsic2019
ModuleNotFoundError: No module named 'flamby'
nohup: ignoring input
WARNING: All log messages before absl::InitializeLog() is called are written to STDERR
I0000 00:00:1739459404.220190 2834003 fork_posix.cc:75] Other threads are currently calling into gRPC, skipping fork() handlers
/home/dgxuser16/anaconda3/envs/ihpc/lib/python3.8/site-packages/albumentations/__init__.py:13: UserWarning: A new version of Albumentations is available: 2.0.4 (you have 1.4.18). Upgrade using: pip install -U albumentations. To disable automatic update checks, set the environment variable NO_ALBUMENTATIONS_UPDATE to 1.
  check_for_updates()
/raid/home/dgxuser16/NTL/mccarthy/ahmad/github/adaptive_privacy_fl/isic/adagrad/no_dp/flamby/datasets/fed_isic2019/dataset.py:222: DeprecationWarning: Flip is deprecated. Consider using HorizontalFlip, VerticalFlip, RandomRotate90 or D4.
  albumentations.Flip(p=0.5),
/home/dgxuser16/anaconda3/envs/ihpc/lib/python3.8/site-packages/pydantic/main.py:214: DeprecationWarning: `max_holes` is deprecated. Use num_holes_range instead.
  validated_self = self.__pydantic_validator__.validate_python(data, self_instance=self)
/home/dgxuser16/anaconda3/envs/ihpc/lib/python3.8/site-packages/pydantic/main.py:214: DeprecationWarning: `max_height` is deprecated. Use hole_height_range instead.
  validated_self = self.__pydantic_validator__.validate_python(data, self_instance=self)
/home/dgxuser16/anaconda3/envs/ihpc/lib/python3.8/site-packages/pydantic/main.py:214: DeprecationWarning: `max_width` is deprecated. Use hole_width_range instead.
  validated_self = self.__pydantic_validator__.validate_python(data, self_instance=self)
/home/dgxuser16/anaconda3/envs/ihpc/lib/python3.8/site-packages/albumentations/core/validation.py:45: DeprecationWarning: always_apply is deprecated. Use `p=1` if you want to always apply the transform. self.p will be set to 1.
  original_init(self, **validated_kwargs)
/home/dgxuser16/anaconda3/envs/ihpc/lib/python3.8/site-packages/albumentations/core/validation.py:45: DeprecationWarning: always_apply is deprecated. Use `p=1` if you want to always apply the transform. self.p will be set to 1.
  original_init(self, **validated_kwargs)
[92mINFO [0m:      
[92mINFO [0m:      Received: train message bfbb406a-9b9a-422a-ab55-53f4381d93a3
[92mINFO [0m:      Sent reply
[92mINFO [0m:      
[92mINFO [0m:      Received: evaluate message 10e9e451-5493-4450-9412-fb8b72c4d3f4
[92mINFO [0m:      Sent reply
[92mINFO [0m:      
[92mINFO [0m:      Received: train message d2487ae9-17c0-4f86-bd52-b6da3a5f41c6
[92mINFO [0m:      Sent reply
[92mINFO [0m:      
[92mINFO [0m:      Received: evaluate message 2ec04a09-48d8-43c1-8bdf-c2f11afb7954
[92mINFO [0m:      Sent reply
[92mINFO [0m:      
[92mINFO [0m:      Received: train message deb4ed7f-1a76-439f-9309-9c8f01a09f85
[92mINFO [0m:      Sent reply
[92mINFO [0m:      
[92mINFO [0m:      Received: evaluate message bf51241c-a455-4a7e-839d-01ca6cf4df86
[92mINFO [0m:      Sent reply
[92mINFO [0m:      
[92mINFO [0m:      Received: train message 1fbce0f6-c41c-4c46-aa9e-600284228b8c
[92mINFO [0m:      Sent reply
[92mINFO [0m:      
[92mINFO [0m:      Received: evaluate message 2271a2b2-4bb6-4caf-9d77-6601a0f231ce
[92mINFO [0m:      Sent reply
[92mINFO [0m:      
[92mINFO [0m:      Received: train message ab6c4436-a71c-4ff3-8785-79ad03101a8d
[92mINFO [0m:      Sent reply
[92mINFO [0m:      
[92mINFO [0m:      Received: evaluate message 9db7bc7e-784d-4e7b-833b-9c8a3b6f01db
[92mINFO [0m:      Sent reply
[92mINFO [0m:      
[92mINFO [0m:      Received: train message 49f4f706-92bb-4910-85a8-acb2e3724c6c
[92mINFO [0m:      Sent reply
[92mINFO [0m:      
[92mINFO [0m:      Received: evaluate message 621fc917-04f2-4c1d-8aa2-b756a24b2670
[92mINFO [0m:      Sent reply
[92mINFO [0m:      
[92mINFO [0m:      Received: train message e3302dc4-30b7-4cb8-9257-9f7f14b05ec7
[92mINFO [0m:      Sent reply
[92mINFO [0m:      
[92mINFO [0m:      Received: evaluate message ab20c5be-97b9-4c11-8806-d7b3c275b8b2
[92mINFO [0m:      Sent reply
[92mINFO [0m:      
[92mINFO [0m:      Received: train message 6b2dbc9e-b5a2-423e-bf12-e17cb85c859d
[92mINFO [0m:      Sent reply
[92mINFO [0m:      
[92mINFO [0m:      Received: evaluate message 6aef9d63-9b74-437c-8e75-1910b46a64df
[92mINFO [0m:      Sent reply
[92mINFO [0m:      
[92mINFO [0m:      Received: train message 2e0144b2-986d-47d2-ba01-d1841cb4ea8a
[92mINFO [0m:      Sent reply
[92mINFO [0m:      
[92mINFO [0m:      Received: evaluate message 0405af73-6222-453d-a3bb-b3c13db7e583
[92mINFO [0m:      Sent reply
[92mINFO [0m:      
[92mINFO [0m:      Received: train message 03b6cdc6-f1fb-4dda-8101-f7bd7914fb02
[92mINFO [0m:      Sent reply
[92mINFO [0m:      
[92mINFO [0m:      Received: evaluate message b12afca4-e0de-4b9f-ab8e-f7e575f7003b
[92mINFO [0m:      Sent reply
[92mINFO [0m:      
[92mINFO [0m:      Received: train message 113e1ce1-e153-4ae7-b7b1-014952dba961
[92mINFO [0m:      Sent reply
[92mINFO [0m:      
[92mINFO [0m:      Received: evaluate message 3ac61baa-41ce-4dab-86e2-5257f3655b99
['/raid/home/dgxuser16/NTL/mccarthy/ahmad/github/adaptive_privacy_fl/isic/adagrad/no_dp', '/home/dgxuser16/anaconda3/envs/ihpc/lib/python38.zip', '/home/dgxuser16/anaconda3/envs/ihpc/lib/python3.8', '/home/dgxuser16/anaconda3/envs/ihpc/lib/python3.8/lib-dynload', '/home/dgxuser16/anaconda3/envs/ihpc/lib/python3.8/site-packages', '/raid/home/dgxuser16/NTL/mccarthy/ahmad/github/adaptive_privacy_fl/isic/adagrad/no_dp']
Device: cuda:0
Client Name: client_3
Params: {'batch_size': 32, 'local_epochs': 3, 'full_dataset_size': 18597, 'number_of_classes': 8}
Training the model with the following parameters:
Epochs: 3, Trainloader Size: 2691, Optimizer: Adam (
Parameter Group 0
    amsgrad: False
    betas: (0.9, 0.999)
    capturable: False
    differentiable: False
    eps: 1e-08
    foreach: None
    fused: None
    lr: 0.001
    maximize: False
    weight_decay: 0
)


{'loss': [2.0152469253616854], 'accuracy': [0.21385420861860652], 'auc': [0.58344644961443]}

Training the model with the following parameters:
Epochs: 3, Trainloader Size: 2691, Optimizer: Adam (
Parameter Group 0
    amsgrad: False
    betas: (0.9, 0.999)
    capturable: False
    differentiable: False
    eps: 1e-08
    foreach: None
    fused: None
    lr: 0.001
    maximize: False
    weight_decay: 0
)


{'loss': [2.0152469253616854, 1.9597823716823104], 'accuracy': [0.21385420861860652, 0.24889246878775675], 'auc': [0.58344644961443, 0.6218391484482513]}

Training the model with the following parameters:
Epochs: 3, Trainloader Size: 2691, Optimizer: Adam (
Parameter Group 0
    amsgrad: False
    betas: (0.9, 0.999)
    capturable: False
    differentiable: False
    eps: 1e-08
    foreach: None
    fused: None
    lr: 0.001
    maximize: False
    weight_decay: 0
)


{'loss': [2.0152469253616854, 1.9597823716823104, 1.9213414401524114], 'accuracy': [0.21385420861860652, 0.24889246878775675, 0.27144583165525576], 'auc': [0.58344644961443, 0.6218391484482513, 0.6517225550746689]}

Training the model with the following parameters:
Epochs: 3, Trainloader Size: 2691, Optimizer: Adam (
Parameter Group 0
    amsgrad: False
    betas: (0.9, 0.999)
    capturable: False
    differentiable: False
    eps: 1e-08
    foreach: None
    fused: None
    lr: 0.001
    maximize: False
    weight_decay: 0
)


{'loss': [2.0152469253616854, 1.9597823716823104, 1.9213414401524114, 1.888319015070838], 'accuracy': [0.21385420861860652, 0.24889246878775675, 0.27144583165525576, 0.2895690696737817], 'auc': [0.58344644961443, 0.6218391484482513, 0.6517225550746689, 0.6748512561467657]}

Training the model with the following parameters:
Epochs: 3, Trainloader Size: 2691, Optimizer: Adam (
Parameter Group 0
    amsgrad: False
    betas: (0.9, 0.999)
    capturable: False
    differentiable: False
    eps: 1e-08
    foreach: None
    fused: None
    lr: 0.001
    maximize: False
    weight_decay: 0
)


{'loss': [2.0152469253616854, 1.9597823716823104, 1.9213414401524114, 1.888319015070838, 1.8582855575851889], 'accuracy': [0.21385420861860652, 0.24889246878775675, 0.27144583165525576, 0.2895690696737817, 0.3072895690696738], 'auc': [0.58344644961443, 0.6218391484482513, 0.6517225550746689, 0.6748512561467657, 0.6937695274792661]}

Training the model with the following parameters:
Epochs: 3, Trainloader Size: 2691, Optimizer: Adam (
Parameter Group 0
    amsgrad: False
    betas: (0.9, 0.999)
    capturable: False
    differentiable: False
    eps: 1e-08
    foreach: None
    fused: None
    lr: 0.001
    maximize: False
    weight_decay: 0
)


{'loss': [2.0152469253616854, 1.9597823716823104, 1.9213414401524114, 1.888319015070838, 1.8582855575851889, 1.8332315093319693], 'accuracy': [0.21385420861860652, 0.24889246878775675, 0.27144583165525576, 0.2895690696737817, 0.3072895690696738, 0.3185662505034233], 'auc': [0.58344644961443, 0.6218391484482513, 0.6517225550746689, 0.6748512561467657, 0.6937695274792661, 0.7100438596429501]}

Training the model with the following parameters:
Epochs: 3, Trainloader Size: 2691, Optimizer: Adam (
Parameter Group 0
    amsgrad: False
    betas: (0.9, 0.999)
    capturable: False
    differentiable: False
    eps: 1e-08
    foreach: None
    fused: None
    lr: 0.001
    maximize: False
    weight_decay: 0
)


{'loss': [2.0152469253616854, 1.9597823716823104, 1.9213414401524114, 1.888319015070838, 1.8582855575851889, 1.8332315093319693, 1.8119780072943126], 'accuracy': [0.21385420861860652, 0.24889246878775675, 0.27144583165525576, 0.2895690696737817, 0.3072895690696738, 0.3185662505034233, 0.33346757954087797], 'auc': [0.58344644961443, 0.6218391484482513, 0.6517225550746689, 0.6748512561467657, 0.6937695274792661, 0.7100438596429501, 0.7228988108983783]}

Training the model with the following parameters:
Epochs: 3, Trainloader Size: 2691, Optimizer: Adam (
Parameter Group 0
    amsgrad: False
    betas: (0.9, 0.999)
    capturable: False
    differentiable: False
    eps: 1e-08
    foreach: None
    fused: None
    lr: 0.001
    maximize: False
    weight_decay: 0
)


{'loss': [2.0152469253616854, 1.9597823716823104, 1.9213414401524114, 1.888319015070838, 1.8582855575851889, 1.8332315093319693, 1.8119780072943126, 1.7923233213801082], 'accuracy': [0.21385420861860652, 0.24889246878775675, 0.27144583165525576, 0.2895690696737817, 0.3072895690696738, 0.3185662505034233, 0.33346757954087797, 0.34353604510672575], 'auc': [0.58344644961443, 0.6218391484482513, 0.6517225550746689, 0.6748512561467657, 0.6937695274792661, 0.7100438596429501, 0.7228988108983783, 0.7347747854905726]}

Training the model with the following parameters:
Epochs: 3, Trainloader Size: 2691, Optimizer: Adam (
Parameter Group 0
    amsgrad: False
    betas: (0.9, 0.999)
    capturable: False
    differentiable: False
    eps: 1e-08
    foreach: None
    fused: None
    lr: 0.001
    maximize: False
    weight_decay: 0
)


{'loss': [2.0152469253616854, 1.9597823716823104, 1.9213414401524114, 1.888319015070838, 1.8582855575851889, 1.8332315093319693, 1.8119780072943126, 1.7923233213801082, 1.7748900628406772], 'accuracy': [0.21385420861860652, 0.24889246878775675, 0.27144583165525576, 0.2895690696737817, 0.3072895690696738, 0.3185662505034233, 0.33346757954087797, 0.34353604510672575, 0.35199355618203787], 'auc': [0.58344644961443, 0.6218391484482513, 0.6517225550746689, 0.6748512561467657, 0.6937695274792661, 0.7100438596429501, 0.7228988108983783, 0.7347747854905726, 0.7451818501033713]}

Training the model with the following parameters:
Epochs: 3, Trainloader Size: 2691, Optimizer: Adam (
Parameter Group 0
    amsgrad: False
    betas: (0.9, 0.999)
    capturable: False
    differentiable: False
    eps: 1e-08
    foreach: None
    fused: None
    lr: 0.001
    maximize: False
    weight_decay: 0
)


{'loss': [2.0152469253616854, 1.9597823716823104, 1.9213414401524114, 1.888319015070838, 1.8582855575851889, 1.8332315093319693, 1.8119780072943126, 1.7923233213801082, 1.7748900628406772, 1.7588574447028829], 'accuracy': [0.21385420861860652, 0.24889246878775675, 0.27144583165525576, 0.2895690696737817, 0.3072895690696738, 0.3185662505034233, 0.33346757954087797, 0.34353604510672575, 0.35199355618203787, 0.3608538058799839], 'auc': [0.58344644961443, 0.6218391484482513, 0.6517225550746689, 0.6748512561467657, 0.6937695274792661, 0.7100438596429501, 0.7228988108983783, 0.7347747854905726, 0.7451818501033713, 0.7543151692796899]}

Training the model with the following parameters:
Epochs: 3, Trainloader Size: 2691, Optimizer: Adam (
Parameter Group 0
    amsgrad: False
    betas: (0.9, 0.999)
    capturable: False
    differentiable: False
    eps: 1e-08
    foreach: None
    fused: None
    lr: 0.001
    maximize: False
    weight_decay: 0
)

[92mINFO [0m:      Sent reply
[92mINFO [0m:      
[92mINFO [0m:      Received: train message e3e10248-2f4e-47cb-98c7-9323284af98f
[92mINFO [0m:      Sent reply
[92mINFO [0m:      
[92mINFO [0m:      Received: evaluate message 8a64b0bd-fc2b-45d3-b8e4-ae03fa366535
[92mINFO [0m:      Sent reply
[92mINFO [0m:      
[92mINFO [0m:      Received: train message 25b920ba-8c0d-436f-8186-27259eeb2ec6
[92mINFO [0m:      Sent reply
[92mINFO [0m:      
[92mINFO [0m:      Received: evaluate message f0d2f118-e80e-491d-855e-0b962ce6f706
[92mINFO [0m:      Sent reply
[92mINFO [0m:      
[92mINFO [0m:      Received: train message 8dfbc966-b4ae-418c-870f-6ba797cc6035
[92mINFO [0m:      Sent reply
[92mINFO [0m:      
[92mINFO [0m:      Received: evaluate message 86607ac3-1843-49a7-9b88-ca1cdeaeafdc
[92mINFO [0m:      Sent reply
[92mINFO [0m:      
[92mINFO [0m:      Received: train message 215f9ef6-87bd-428f-b100-05157374b7eb
[92mINFO [0m:      Sent reply
[92mINFO [0m:      
[92mINFO [0m:      Received: evaluate message 46ee6461-49d2-4ae6-93df-0aa205c0184c
[92mINFO [0m:      Sent reply
[92mINFO [0m:      
[92mINFO [0m:      Received: train message 05fe6f51-c2df-447b-8c6e-25b14e8c55f0
[92mINFO [0m:      Sent reply
[92mINFO [0m:      
[92mINFO [0m:      Received: evaluate message 5bd1df9b-9cee-4de3-9e97-05cf3f22a923
[92mINFO [0m:      Sent reply
[92mINFO [0m:      
[92mINFO [0m:      Received: train message 0b979fee-1229-4110-bf18-6520e29685c6
[92mINFO [0m:      Sent reply
[92mINFO [0m:      
[92mINFO [0m:      Received: evaluate message c0135f59-f2e3-49c9-9212-c553f28d6fd9
[92mINFO [0m:      Sent reply
[92mINFO [0m:      
[92mINFO [0m:      Received: train message d784816d-c1a7-4891-804a-c1a728d8c11a

{'loss': [2.0152469253616854, 1.9597823716823104, 1.9213414401524114, 1.888319015070838, 1.8582855575851889, 1.8332315093319693, 1.8119780072943126, 1.7923233213801082, 1.7748900628406772, 1.7588574447028829, 1.743259965389235], 'accuracy': [0.21385420861860652, 0.24889246878775675, 0.27144583165525576, 0.2895690696737817, 0.3072895690696738, 0.3185662505034233, 0.33346757954087797, 0.34353604510672575, 0.35199355618203787, 0.3608538058799839, 0.369311316955296], 'auc': [0.58344644961443, 0.6218391484482513, 0.6517225550746689, 0.6748512561467657, 0.6937695274792661, 0.7100438596429501, 0.7228988108983783, 0.7347747854905726, 0.7451818501033713, 0.7543151692796899, 0.7626016639729495]}

Training the model with the following parameters:
Epochs: 3, Trainloader Size: 2691, Optimizer: Adam (
Parameter Group 0
    amsgrad: False
    betas: (0.9, 0.999)
    capturable: False
    differentiable: False
    eps: 1e-08
    foreach: None
    fused: None
    lr: 0.001
    maximize: False
    weight_decay: 0
)


{'loss': [2.0152469253616854, 1.9597823716823104, 1.9213414401524114, 1.888319015070838, 1.8582855575851889, 1.8332315093319693, 1.8119780072943126, 1.7923233213801082, 1.7748900628406772, 1.7588574447028829, 1.743259965389235, 1.730039593917057], 'accuracy': [0.21385420861860652, 0.24889246878775675, 0.27144583165525576, 0.2895690696737817, 0.3072895690696738, 0.3185662505034233, 0.33346757954087797, 0.34353604510672575, 0.35199355618203787, 0.3608538058799839, 0.369311316955296, 0.3761578735400725], 'auc': [0.58344644961443, 0.6218391484482513, 0.6517225550746689, 0.6748512561467657, 0.6937695274792661, 0.7100438596429501, 0.7228988108983783, 0.7347747854905726, 0.7451818501033713, 0.7543151692796899, 0.7626016639729495, 0.7696112160726627]}

Training the model with the following parameters:
Epochs: 3, Trainloader Size: 2691, Optimizer: Adam (
Parameter Group 0
    amsgrad: False
    betas: (0.9, 0.999)
    capturable: False
    differentiable: False
    eps: 1e-08
    foreach: None
    fused: None
    lr: 0.001
    maximize: False
    weight_decay: 0
)


{'loss': [2.0152469253616854, 1.9597823716823104, 1.9213414401524114, 1.888319015070838, 1.8582855575851889, 1.8332315093319693, 1.8119780072943126, 1.7923233213801082, 1.7748900628406772, 1.7588574447028829, 1.743259965389235, 1.730039593917057, 1.7152987278808858], 'accuracy': [0.21385420861860652, 0.24889246878775675, 0.27144583165525576, 0.2895690696737817, 0.3072895690696738, 0.3185662505034233, 0.33346757954087797, 0.34353604510672575, 0.35199355618203787, 0.3608538058799839, 0.369311316955296, 0.3761578735400725, 0.38542086186065244], 'auc': [0.58344644961443, 0.6218391484482513, 0.6517225550746689, 0.6748512561467657, 0.6937695274792661, 0.7100438596429501, 0.7228988108983783, 0.7347747854905726, 0.7451818501033713, 0.7543151692796899, 0.7626016639729495, 0.7696112160726627, 0.7761809681399554]}

Training the model with the following parameters:
Epochs: 3, Trainloader Size: 2691, Optimizer: Adam (
Parameter Group 0
    amsgrad: False
    betas: (0.9, 0.999)
    capturable: False
    differentiable: False
    eps: 1e-08
    foreach: None
    fused: None
    lr: 0.001
    maximize: False
    weight_decay: 0
)


{'loss': [2.0152469253616854, 1.9597823716823104, 1.9213414401524114, 1.888319015070838, 1.8582855575851889, 1.8332315093319693, 1.8119780072943126, 1.7923233213801082, 1.7748900628406772, 1.7588574447028829, 1.743259965389235, 1.730039593917057, 1.7152987278808858, 1.7037692868896803], 'accuracy': [0.21385420861860652, 0.24889246878775675, 0.27144583165525576, 0.2895690696737817, 0.3072895690696738, 0.3185662505034233, 0.33346757954087797, 0.34353604510672575, 0.35199355618203787, 0.3608538058799839, 0.369311316955296, 0.3761578735400725, 0.38542086186065244, 0.3890455094643576], 'auc': [0.58344644961443, 0.6218391484482513, 0.6517225550746689, 0.6748512561467657, 0.6937695274792661, 0.7100438596429501, 0.7228988108983783, 0.7347747854905726, 0.7451818501033713, 0.7543151692796899, 0.7626016639729495, 0.7696112160726627, 0.7761809681399554, 0.7816374200033196]}

Training the model with the following parameters:
Epochs: 3, Trainloader Size: 2691, Optimizer: Adam (
Parameter Group 0
    amsgrad: False
    betas: (0.9, 0.999)
    capturable: False
    differentiable: False
    eps: 1e-08
    foreach: None
    fused: None
    lr: 0.001
    maximize: False
    weight_decay: 0
)


{'loss': [2.0152469253616854, 1.9597823716823104, 1.9213414401524114, 1.888319015070838, 1.8582855575851889, 1.8332315093319693, 1.8119780072943126, 1.7923233213801082, 1.7748900628406772, 1.7588574447028829, 1.743259965389235, 1.730039593917057, 1.7152987278808858, 1.7037692868896803, 1.6927986149340448], 'accuracy': [0.21385420861860652, 0.24889246878775675, 0.27144583165525576, 0.2895690696737817, 0.3072895690696738, 0.3185662505034233, 0.33346757954087797, 0.34353604510672575, 0.35199355618203787, 0.3608538058799839, 0.369311316955296, 0.3761578735400725, 0.38542086186065244, 0.3890455094643576, 0.39468385018123237], 'auc': [0.58344644961443, 0.6218391484482513, 0.6517225550746689, 0.6748512561467657, 0.6937695274792661, 0.7100438596429501, 0.7228988108983783, 0.7347747854905726, 0.7451818501033713, 0.7543151692796899, 0.7626016639729495, 0.7696112160726627, 0.7761809681399554, 0.7816374200033196, 0.7872820682205584]}

Training the model with the following parameters:
Epochs: 3, Trainloader Size: 2691, Optimizer: Adam (
Parameter Group 0
    amsgrad: False
    betas: (0.9, 0.999)
    capturable: False
    differentiable: False
    eps: 1e-08
    foreach: None
    fused: None
    lr: 0.001
    maximize: False
    weight_decay: 0
)


{'loss': [2.0152469253616854, 1.9597823716823104, 1.9213414401524114, 1.888319015070838, 1.8582855575851889, 1.8332315093319693, 1.8119780072943126, 1.7923233213801082, 1.7748900628406772, 1.7588574447028829, 1.743259965389235, 1.730039593917057, 1.7152987278808858, 1.7037692868896803, 1.6927986149340448, 1.6813825503309743], 'accuracy': [0.21385420861860652, 0.24889246878775675, 0.27144583165525576, 0.2895690696737817, 0.3072895690696738, 0.3185662505034233, 0.33346757954087797, 0.34353604510672575, 0.35199355618203787, 0.3608538058799839, 0.369311316955296, 0.3761578735400725, 0.38542086186065244, 0.3890455094643576, 0.39468385018123237, 0.4003221908981071], 'auc': [0.58344644961443, 0.6218391484482513, 0.6517225550746689, 0.6748512561467657, 0.6937695274792661, 0.7100438596429501, 0.7228988108983783, 0.7347747854905726, 0.7451818501033713, 0.7543151692796899, 0.7626016639729495, 0.7696112160726627, 0.7761809681399554, 0.7816374200033196, 0.7872820682205584, 0.7919730946117162]}

Training the model with the following parameters:
Epochs: 3, Trainloader Size: 2691, Optimizer: Adam (
Parameter Group 0
    amsgrad: False
    betas: (0.9, 0.999)
    capturable: False
    differentiable: False
    eps: 1e-08
    foreach: None
    fused: None
    lr: 0.001
    maximize: False
    weight_decay: 0
)


{'loss': [2.0152469253616854, 1.9597823716823104, 1.9213414401524114, 1.888319015070838, 1.8582855575851889, 1.8332315093319693, 1.8119780072943126, 1.7923233213801082, 1.7748900628406772, 1.7588574447028829, 1.743259965389235, 1.730039593917057, 1.7152987278808858, 1.7037692868896803, 1.6927986149340448, 1.6813825503309743, 1.6704572343653457], 'accuracy': [0.21385420861860652, 0.24889246878775675, 0.27144583165525576, 0.2895690696737817, 0.3072895690696738, 0.3185662505034233, 0.33346757954087797, 0.34353604510672575, 0.35199355618203787, 0.3608538058799839, 0.369311316955296, 0.3761578735400725, 0.38542086186065244, 0.3890455094643576, 0.39468385018123237, 0.4003221908981071, 0.4035440998791784], 'auc': [0.58344644961443, 0.6218391484482513, 0.6517225550746689, 0.6748512561467657, 0.6937695274792661, 0.7100438596429501, 0.7228988108983783, 0.7347747854905726, 0.7451818501033713, 0.7543151692796899, 0.7626016639729495, 0.7696112160726627, 0.7761809681399554, 0.7816374200033196, 0.7872820682205584, 0.7919730946117162, 0.7963387138330025]}

Training the model with the following parameters:
[92mINFO [0m:      Sent reply
[92mINFO [0m:      
[92mINFO [0m:      Received: evaluate message ddb14241-e567-468e-a836-d07816c95578
[92mINFO [0m:      Sent reply
[92mINFO [0m:      
[92mINFO [0m:      Received: train message f9cacff7-09bb-4d92-adb4-7c7a0b8e2ddf
[92mINFO [0m:      Sent reply
[92mINFO [0m:      
[92mINFO [0m:      Received: evaluate message 05019743-d893-4ed1-ab23-fdf507d0769b
[92mINFO [0m:      Sent reply
[92mINFO [0m:      
[92mINFO [0m:      Received: train message c2cec69f-c9a7-41f9-ae86-6b1df2c22334
[92mINFO [0m:      Sent reply
[92mINFO [0m:      
[92mINFO [0m:      Received: evaluate message 256f35fe-72f3-489e-8bda-536e75b99369
[92mINFO [0m:      Sent reply
[92mINFO [0m:      
[92mINFO [0m:      Received: train message 72547ab1-7bfd-4f24-bf0e-ed9a2d9b6a7c
[92mINFO [0m:      Sent reply
[92mINFO [0m:      
[92mINFO [0m:      Received: evaluate message f1a51367-79fc-4b9b-b678-2c57c2daef3e
[92mINFO [0m:      Sent reply
[92mINFO [0m:      
[92mINFO [0m:      Received: train message 6e7209ad-c05b-4fa4-8884-33c045410b80
[92mINFO [0m:      Sent reply
[92mINFO [0m:      
[92mINFO [0m:      Received: evaluate message a5df16f8-1153-4914-bbab-f7ad9e98a077
[92mINFO [0m:      Sent reply
[92mINFO [0m:      
[92mINFO [0m:      Received: train message ef3d359b-798b-41bc-b6ff-2d3f01244ac0
[92mINFO [0m:      Sent reply
[92mINFO [0m:      
[92mINFO [0m:      Received: evaluate message 3256b252-a30f-4ac2-921c-fa0b863e5590
Epochs: 3, Trainloader Size: 2691, Optimizer: Adam (
Parameter Group 0
    amsgrad: False
    betas: (0.9, 0.999)
    capturable: False
    differentiable: False
    eps: 1e-08
    foreach: None
    fused: None
    lr: 0.001
    maximize: False
    weight_decay: 0
)


{'loss': [2.0152469253616854, 1.9597823716823104, 1.9213414401524114, 1.888319015070838, 1.8582855575851889, 1.8332315093319693, 1.8119780072943126, 1.7923233213801082, 1.7748900628406772, 1.7588574447028829, 1.743259965389235, 1.730039593917057, 1.7152987278808858, 1.7037692868896803, 1.6927986149340448, 1.6813825503309743, 1.6704572343653457, 1.6603294383408895], 'accuracy': [0.21385420861860652, 0.24889246878775675, 0.27144583165525576, 0.2895690696737817, 0.3072895690696738, 0.3185662505034233, 0.33346757954087797, 0.34353604510672575, 0.35199355618203787, 0.3608538058799839, 0.369311316955296, 0.3761578735400725, 0.38542086186065244, 0.3890455094643576, 0.39468385018123237, 0.4003221908981071, 0.4035440998791784, 0.40596053161498186], 'auc': [0.58344644961443, 0.6218391484482513, 0.6517225550746689, 0.6748512561467657, 0.6937695274792661, 0.7100438596429501, 0.7228988108983783, 0.7347747854905726, 0.7451818501033713, 0.7543151692796899, 0.7626016639729495, 0.7696112160726627, 0.7761809681399554, 0.7816374200033196, 0.7872820682205584, 0.7919730946117162, 0.7963387138330025, 0.8002103397197856]}

Training the model with the following parameters:
Epochs: 3, Trainloader Size: 2691, Optimizer: Adam (
Parameter Group 0
    amsgrad: False
    betas: (0.9, 0.999)
    capturable: False
    differentiable: False
    eps: 1e-08
    foreach: None
    fused: None
    lr: 0.001
    maximize: False
    weight_decay: 0
)


{'loss': [2.0152469253616854, 1.9597823716823104, 1.9213414401524114, 1.888319015070838, 1.8582855575851889, 1.8332315093319693, 1.8119780072943126, 1.7923233213801082, 1.7748900628406772, 1.7588574447028829, 1.743259965389235, 1.730039593917057, 1.7152987278808858, 1.7037692868896803, 1.6927986149340448, 1.6813825503309743, 1.6704572343653457, 1.6603294383408895, 1.6507457245082755], 'accuracy': [0.21385420861860652, 0.24889246878775675, 0.27144583165525576, 0.2895690696737817, 0.3072895690696738, 0.3185662505034233, 0.33346757954087797, 0.34353604510672575, 0.35199355618203787, 0.3608538058799839, 0.369311316955296, 0.3761578735400725, 0.38542086186065244, 0.3890455094643576, 0.39468385018123237, 0.4003221908981071, 0.4035440998791784, 0.40596053161498186, 0.409987917841321], 'auc': [0.58344644961443, 0.6218391484482513, 0.6517225550746689, 0.6748512561467657, 0.6937695274792661, 0.7100438596429501, 0.7228988108983783, 0.7347747854905726, 0.7451818501033713, 0.7543151692796899, 0.7626016639729495, 0.7696112160726627, 0.7761809681399554, 0.7816374200033196, 0.7872820682205584, 0.7919730946117162, 0.7963387138330025, 0.8002103397197856, 0.8038384690708839]}

Training the model with the following parameters:
Epochs: 3, Trainloader Size: 2691, Optimizer: Adam (
Parameter Group 0
    amsgrad: False
    betas: (0.9, 0.999)
    capturable: False
    differentiable: False
    eps: 1e-08
    foreach: None
    fused: None
    lr: 0.001
    maximize: False
    weight_decay: 0
)


{'loss': [2.0152469253616854, 1.9597823716823104, 1.9213414401524114, 1.888319015070838, 1.8582855575851889, 1.8332315093319693, 1.8119780072943126, 1.7923233213801082, 1.7748900628406772, 1.7588574447028829, 1.743259965389235, 1.730039593917057, 1.7152987278808858, 1.7037692868896803, 1.6927986149340448, 1.6813825503309743, 1.6704572343653457, 1.6603294383408895, 1.6507457245082755, 1.6423428495516952], 'accuracy': [0.21385420861860652, 0.24889246878775675, 0.27144583165525576, 0.2895690696737817, 0.3072895690696738, 0.3185662505034233, 0.33346757954087797, 0.34353604510672575, 0.35199355618203787, 0.3608538058799839, 0.369311316955296, 0.3761578735400725, 0.38542086186065244, 0.3890455094643576, 0.39468385018123237, 0.4003221908981071, 0.4035440998791784, 0.40596053161498186, 0.409987917841321, 0.414418042690294], 'auc': [0.58344644961443, 0.6218391484482513, 0.6517225550746689, 0.6748512561467657, 0.6937695274792661, 0.7100438596429501, 0.7228988108983783, 0.7347747854905726, 0.7451818501033713, 0.7543151692796899, 0.7626016639729495, 0.7696112160726627, 0.7761809681399554, 0.7816374200033196, 0.7872820682205584, 0.7919730946117162, 0.7963387138330025, 0.8002103397197856, 0.8038384690708839, 0.8072323650697311]}

Training the model with the following parameters:
Epochs: 3, Trainloader Size: 2691, Optimizer: Adam (
Parameter Group 0
    amsgrad: False
    betas: (0.9, 0.999)
    capturable: False
    differentiable: False
    eps: 1e-08
    foreach: None
    fused: None
    lr: 0.001
    maximize: False
    weight_decay: 0
)


{'loss': [2.0152469253616854, 1.9597823716823104, 1.9213414401524114, 1.888319015070838, 1.8582855575851889, 1.8332315093319693, 1.8119780072943126, 1.7923233213801082, 1.7748900628406772, 1.7588574447028829, 1.743259965389235, 1.730039593917057, 1.7152987278808858, 1.7037692868896803, 1.6927986149340448, 1.6813825503309743, 1.6704572343653457, 1.6603294383408895, 1.6507457245082755, 1.6423428495516952, 1.6340667311337702], 'accuracy': [0.21385420861860652, 0.24889246878775675, 0.27144583165525576, 0.2895690696737817, 0.3072895690696738, 0.3185662505034233, 0.33346757954087797, 0.34353604510672575, 0.35199355618203787, 0.3608538058799839, 0.369311316955296, 0.3761578735400725, 0.38542086186065244, 0.3890455094643576, 0.39468385018123237, 0.4003221908981071, 0.4035440998791784, 0.40596053161498186, 0.409987917841321, 0.414418042690294, 0.41723721304873135], 'auc': [0.58344644961443, 0.6218391484482513, 0.6517225550746689, 0.6748512561467657, 0.6937695274792661, 0.7100438596429501, 0.7228988108983783, 0.7347747854905726, 0.7451818501033713, 0.7543151692796899, 0.7626016639729495, 0.7696112160726627, 0.7761809681399554, 0.7816374200033196, 0.7872820682205584, 0.7919730946117162, 0.7963387138330025, 0.8002103397197856, 0.8038384690708839, 0.8072323650697311, 0.8102373833085091]}

Training the model with the following parameters:
Epochs: 3, Trainloader Size: 2691, Optimizer: Adam (
Parameter Group 0
    amsgrad: False
    betas: (0.9, 0.999)
    capturable: False
    differentiable: False
    eps: 1e-08
    foreach: None
    fused: None
    lr: 0.001
    maximize: False
    weight_decay: 0
)


{'loss': [2.0152469253616854, 1.9597823716823104, 1.9213414401524114, 1.888319015070838, 1.8582855575851889, 1.8332315093319693, 1.8119780072943126, 1.7923233213801082, 1.7748900628406772, 1.7588574447028829, 1.743259965389235, 1.730039593917057, 1.7152987278808858, 1.7037692868896803, 1.6927986149340448, 1.6813825503309743, 1.6704572343653457, 1.6603294383408895, 1.6507457245082755, 1.6423428495516952, 1.6340667311337702, 1.6257460549911855], 'accuracy': [0.21385420861860652, 0.24889246878775675, 0.27144583165525576, 0.2895690696737817, 0.3072895690696738, 0.3185662505034233, 0.33346757954087797, 0.34353604510672575, 0.35199355618203787, 0.3608538058799839, 0.369311316955296, 0.3761578735400725, 0.38542086186065244, 0.3890455094643576, 0.39468385018123237, 0.4003221908981071, 0.4035440998791784, 0.40596053161498186, 0.409987917841321, 0.414418042690294, 0.41723721304873135, 0.42327829238824005], 'auc': [0.58344644961443, 0.6218391484482513, 0.6517225550746689, 0.6748512561467657, 0.6937695274792661, 0.7100438596429501, 0.7228988108983783, 0.7347747854905726, 0.7451818501033713, 0.7543151692796899, 0.7626016639729495, 0.7696112160726627, 0.7761809681399554, 0.7816374200033196, 0.7872820682205584, 0.7919730946117162, 0.7963387138330025, 0.8002103397197856, 0.8038384690708839, 0.8072323650697311, 0.8102373833085091, 0.8131245249403627]}

Training the model with the following parameters:
Epochs: 3, Trainloader Size: 2691, Optimizer: Adam (
Parameter Group 0
    amsgrad: False
    betas: (0.9, 0.999)
    capturable: False
    differentiable: False
    eps: 1e-08
    foreach: None
    fused: None
    lr: 0.001
    maximize: False
    weight_decay: 0
)

[92mINFO [0m:      Sent reply
[92mINFO [0m:      
[92mINFO [0m:      Received: train message c48c8a76-a3d9-4d7f-9bad-ec45767fe9f5
[92mINFO [0m:      Sent reply
[92mINFO [0m:      
[92mINFO [0m:      Received: evaluate message 52a47632-dac9-4e56-a0f6-245cb2bd77a5
[92mINFO [0m:      Sent reply
[92mINFO [0m:      
[92mINFO [0m:      Received: train message 9854555e-ca6f-42a6-98da-43ad35b0c086
[92mINFO [0m:      Sent reply
[92mINFO [0m:      
[92mINFO [0m:      Received: evaluate message 009dd732-d038-4823-b1fe-7586916f5b06
[92mINFO [0m:      Sent reply
[92mINFO [0m:      
[92mINFO [0m:      Received: train message bd4edf21-d971-4fd7-b358-90b429d9812e
[92mINFO [0m:      Sent reply
[92mINFO [0m:      
[92mINFO [0m:      Received: evaluate message c0b55f4d-0dc5-4a4d-b93a-45bb2b708e48
[92mINFO [0m:      Sent reply
[92mINFO [0m:      
[92mINFO [0m:      Received: train message 5cea4113-a45d-4180-b1bc-f5802579bd5d
[92mINFO [0m:      Sent reply
[92mINFO [0m:      
[92mINFO [0m:      Received: evaluate message 95f1bb83-621d-4ac6-8a8d-dd06f8cba530

{'loss': [2.0152469253616854, 1.9597823716823104, 1.9213414401524114, 1.888319015070838, 1.8582855575851889, 1.8332315093319693, 1.8119780072943126, 1.7923233213801082, 1.7748900628406772, 1.7588574447028829, 1.743259965389235, 1.730039593917057, 1.7152987278808858, 1.7037692868896803, 1.6927986149340448, 1.6813825503309743, 1.6704572343653457, 1.6603294383408895, 1.6507457245082755, 1.6423428495516952, 1.6340667311337702, 1.6257460549911855, 1.617503284351796], 'accuracy': [0.21385420861860652, 0.24889246878775675, 0.27144583165525576, 0.2895690696737817, 0.3072895690696738, 0.3185662505034233, 0.33346757954087797, 0.34353604510672575, 0.35199355618203787, 0.3608538058799839, 0.369311316955296, 0.3761578735400725, 0.38542086186065244, 0.3890455094643576, 0.39468385018123237, 0.4003221908981071, 0.4035440998791784, 0.40596053161498186, 0.409987917841321, 0.414418042690294, 0.41723721304873135, 0.42327829238824005, 0.42690293999194523], 'auc': [0.58344644961443, 0.6218391484482513, 0.6517225550746689, 0.6748512561467657, 0.6937695274792661, 0.7100438596429501, 0.7228988108983783, 0.7347747854905726, 0.7451818501033713, 0.7543151692796899, 0.7626016639729495, 0.7696112160726627, 0.7761809681399554, 0.7816374200033196, 0.7872820682205584, 0.7919730946117162, 0.7963387138330025, 0.8002103397197856, 0.8038384690708839, 0.8072323650697311, 0.8102373833085091, 0.8131245249403627, 0.8161438720095318]}

Training the model with the following parameters:
Epochs: 3, Trainloader Size: 2691, Optimizer: Adam (
Parameter Group 0
    amsgrad: False
    betas: (0.9, 0.999)
    capturable: False
    differentiable: False
    eps: 1e-08
    foreach: None
    fused: None
    lr: 0.001
    maximize: False
    weight_decay: 0
)


{'loss': [2.0152469253616854, 1.9597823716823104, 1.9213414401524114, 1.888319015070838, 1.8582855575851889, 1.8332315093319693, 1.8119780072943126, 1.7923233213801082, 1.7748900628406772, 1.7588574447028829, 1.743259965389235, 1.730039593917057, 1.7152987278808858, 1.7037692868896803, 1.6927986149340448, 1.6813825503309743, 1.6704572343653457, 1.6603294383408895, 1.6507457245082755, 1.6423428495516952, 1.6340667311337702, 1.6257460549911855, 1.617503284351796, 1.609992317072192], 'accuracy': [0.21385420861860652, 0.24889246878775675, 0.27144583165525576, 0.2895690696737817, 0.3072895690696738, 0.3185662505034233, 0.33346757954087797, 0.34353604510672575, 0.35199355618203787, 0.3608538058799839, 0.369311316955296, 0.3761578735400725, 0.38542086186065244, 0.3890455094643576, 0.39468385018123237, 0.4003221908981071, 0.4035440998791784, 0.40596053161498186, 0.409987917841321, 0.414418042690294, 0.41723721304873135, 0.42327829238824005, 0.42690293999194523, 0.4305275875956504], 'auc': [0.58344644961443, 0.6218391484482513, 0.6517225550746689, 0.6748512561467657, 0.6937695274792661, 0.7100438596429501, 0.7228988108983783, 0.7347747854905726, 0.7451818501033713, 0.7543151692796899, 0.7626016639729495, 0.7696112160726627, 0.7761809681399554, 0.7816374200033196, 0.7872820682205584, 0.7919730946117162, 0.7963387138330025, 0.8002103397197856, 0.8038384690708839, 0.8072323650697311, 0.8102373833085091, 0.8131245249403627, 0.8161438720095318, 0.8187805479676936]}

Training the model with the following parameters:
Epochs: 3, Trainloader Size: 2691, Optimizer: Adam (
Parameter Group 0
    amsgrad: False
    betas: (0.9, 0.999)
    capturable: False
    differentiable: False
    eps: 1e-08
    foreach: None
    fused: None
    lr: 0.001
    maximize: False
    weight_decay: 0
)


{'loss': [2.0152469253616854, 1.9597823716823104, 1.9213414401524114, 1.888319015070838, 1.8582855575851889, 1.8332315093319693, 1.8119780072943126, 1.7923233213801082, 1.7748900628406772, 1.7588574447028829, 1.743259965389235, 1.730039593917057, 1.7152987278808858, 1.7037692868896803, 1.6927986149340448, 1.6813825503309743, 1.6704572343653457, 1.6603294383408895, 1.6507457245082755, 1.6423428495516952, 1.6340667311337702, 1.6257460549911855, 1.617503284351796, 1.609992317072192, 1.6033954074965626], 'accuracy': [0.21385420861860652, 0.24889246878775675, 0.27144583165525576, 0.2895690696737817, 0.3072895690696738, 0.3185662505034233, 0.33346757954087797, 0.34353604510672575, 0.35199355618203787, 0.3608538058799839, 0.369311316955296, 0.3761578735400725, 0.38542086186065244, 0.3890455094643576, 0.39468385018123237, 0.4003221908981071, 0.4035440998791784, 0.40596053161498186, 0.409987917841321, 0.414418042690294, 0.41723721304873135, 0.42327829238824005, 0.42690293999194523, 0.4305275875956504, 0.4321385420861861], 'auc': [0.58344644961443, 0.6218391484482513, 0.6517225550746689, 0.6748512561467657, 0.6937695274792661, 0.7100438596429501, 0.7228988108983783, 0.7347747854905726, 0.7451818501033713, 0.7543151692796899, 0.7626016639729495, 0.7696112160726627, 0.7761809681399554, 0.7816374200033196, 0.7872820682205584, 0.7919730946117162, 0.7963387138330025, 0.8002103397197856, 0.8038384690708839, 0.8072323650697311, 0.8102373833085091, 0.8131245249403627, 0.8161438720095318, 0.8187805479676936, 0.8211019586387989]}

Training the model with the following parameters:
Epochs: 3, Trainloader Size: 2691, Optimizer: Adam (
Parameter Group 0
    amsgrad: False
    betas: (0.9, 0.999)
    capturable: False
    differentiable: False
    eps: 1e-08
    foreach: None
    fused: None
    lr: 0.001
    maximize: False
    weight_decay: 0
)


{'loss': [2.0152469253616854, 1.9597823716823104, 1.9213414401524114, 1.888319015070838, 1.8582855575851889, 1.8332315093319693, 1.8119780072943126, 1.7923233213801082, 1.7748900628406772, 1.7588574447028829, 1.743259965389235, 1.730039593917057, 1.7152987278808858, 1.7037692868896803, 1.6927986149340448, 1.6813825503309743, 1.6704572343653457, 1.6603294383408895, 1.6507457245082755, 1.6423428495516952, 1.6340667311337702, 1.6257460549911855, 1.617503284351796, 1.609992317072192, 1.6033954074965626, 1.5962804250548168], 'accuracy': [0.21385420861860652, 0.24889246878775675, 0.27144583165525576, 0.2895690696737817, 0.3072895690696738, 0.3185662505034233, 0.33346757954087797, 0.34353604510672575, 0.35199355618203787, 0.3608538058799839, 0.369311316955296, 0.3761578735400725, 0.38542086186065244, 0.3890455094643576, 0.39468385018123237, 0.4003221908981071, 0.4035440998791784, 0.40596053161498186, 0.409987917841321, 0.414418042690294, 0.41723721304873135, 0.42327829238824005, 0.42690293999194523, 0.4305275875956504, 0.4321385420861861, 0.43495771244462345], 'auc': [0.58344644961443, 0.6218391484482513, 0.6517225550746689, 0.6748512561467657, 0.6937695274792661, 0.7100438596429501, 0.7228988108983783, 0.7347747854905726, 0.7451818501033713, 0.7543151692796899, 0.7626016639729495, 0.7696112160726627, 0.7761809681399554, 0.7816374200033196, 0.7872820682205584, 0.7919730946117162, 0.7963387138330025, 0.8002103397197856, 0.8038384690708839, 0.8072323650697311, 0.8102373833085091, 0.8131245249403627, 0.8161438720095318, 0.8187805479676936, 0.8211019586387989, 0.8234512002642795]}

Training the model with the following parameters:
Epochs: 3, Trainloader Size: 2691, Optimizer: Adam (
Parameter Group 0
    amsgrad: False
    betas: (0.9, 0.999)
    capturable: False
    differentiable: False
    eps: 1e-08
    foreach: None
    fused: None
    lr: 0.001
    maximize: False
    weight_decay: 0
)

[92mINFO [0m:      Sent reply
[92mINFO [0m:      
[92mINFO [0m:      Received: train message 12da787a-69df-4566-981b-6c67b7bfaf9d
[92mINFO [0m:      Sent reply
[92mINFO [0m:      
[92mINFO [0m:      Received: evaluate message c5d1e80d-565e-4182-a39e-31d133c53e5e
[92mINFO [0m:      Sent reply
[92mINFO [0m:      
[92mINFO [0m:      Received: train message 18be0f04-80f8-4815-88e0-869ba5f90e34
[92mINFO [0m:      Sent reply
[92mINFO [0m:      
[92mINFO [0m:      Received: evaluate message 6fe4272c-b758-4fc7-b161-4f4cbee691e8
[92mINFO [0m:      Sent reply
[92mINFO [0m:      
[92mINFO [0m:      Received: train message a03188d0-77bf-4299-a2c5-877e69993c84
[92mINFO [0m:      Sent reply
[92mINFO [0m:      
[92mINFO [0m:      Received: evaluate message 57854833-4109-4f90-9003-0d49b7dab29b
[92mINFO [0m:      Sent reply
[92mINFO [0m:      
[92mINFO [0m:      Received: reconnect message bd15dc32-4d11-43d9-bae3-d493432b0afc
[92mINFO [0m:      Disconnect and shut down

{'loss': [2.0152469253616854, 1.9597823716823104, 1.9213414401524114, 1.888319015070838, 1.8582855575851889, 1.8332315093319693, 1.8119780072943126, 1.7923233213801082, 1.7748900628406772, 1.7588574447028829, 1.743259965389235, 1.730039593917057, 1.7152987278808858, 1.7037692868896803, 1.6927986149340448, 1.6813825503309743, 1.6704572343653457, 1.6603294383408895, 1.6507457245082755, 1.6423428495516952, 1.6340667311337702, 1.6257460549911855, 1.617503284351796, 1.609992317072192, 1.6033954074965626, 1.5962804250548168, 1.5892995449020841], 'accuracy': [0.21385420861860652, 0.24889246878775675, 0.27144583165525576, 0.2895690696737817, 0.3072895690696738, 0.3185662505034233, 0.33346757954087797, 0.34353604510672575, 0.35199355618203787, 0.3608538058799839, 0.369311316955296, 0.3761578735400725, 0.38542086186065244, 0.3890455094643576, 0.39468385018123237, 0.4003221908981071, 0.4035440998791784, 0.40596053161498186, 0.409987917841321, 0.414418042690294, 0.41723721304873135, 0.42327829238824005, 0.42690293999194523, 0.4305275875956504, 0.4321385420861861, 0.43495771244462345, 0.43576318968989125], 'auc': [0.58344644961443, 0.6218391484482513, 0.6517225550746689, 0.6748512561467657, 0.6937695274792661, 0.7100438596429501, 0.7228988108983783, 0.7347747854905726, 0.7451818501033713, 0.7543151692796899, 0.7626016639729495, 0.7696112160726627, 0.7761809681399554, 0.7816374200033196, 0.7872820682205584, 0.7919730946117162, 0.7963387138330025, 0.8002103397197856, 0.8038384690708839, 0.8072323650697311, 0.8102373833085091, 0.8131245249403627, 0.8161438720095318, 0.8187805479676936, 0.8211019586387989, 0.8234512002642795, 0.8253075170704565]}

Training the model with the following parameters:
Epochs: 3, Trainloader Size: 2691, Optimizer: Adam (
Parameter Group 0
    amsgrad: False
    betas: (0.9, 0.999)
    capturable: False
    differentiable: False
    eps: 1e-08
    foreach: None
    fused: None
    lr: 0.001
    maximize: False
    weight_decay: 0
)


{'loss': [2.0152469253616854, 1.9597823716823104, 1.9213414401524114, 1.888319015070838, 1.8582855575851889, 1.8332315093319693, 1.8119780072943126, 1.7923233213801082, 1.7748900628406772, 1.7588574447028829, 1.743259965389235, 1.730039593917057, 1.7152987278808858, 1.7037692868896803, 1.6927986149340448, 1.6813825503309743, 1.6704572343653457, 1.6603294383408895, 1.6507457245082755, 1.6423428495516952, 1.6340667311337702, 1.6257460549911855, 1.617503284351796, 1.609992317072192, 1.6033954074965626, 1.5962804250548168, 1.5892995449020841, 1.5823019464026522], 'accuracy': [0.21385420861860652, 0.24889246878775675, 0.27144583165525576, 0.2895690696737817, 0.3072895690696738, 0.3185662505034233, 0.33346757954087797, 0.34353604510672575, 0.35199355618203787, 0.3608538058799839, 0.369311316955296, 0.3761578735400725, 0.38542086186065244, 0.3890455094643576, 0.39468385018123237, 0.4003221908981071, 0.4035440998791784, 0.40596053161498186, 0.409987917841321, 0.414418042690294, 0.41723721304873135, 0.42327829238824005, 0.42690293999194523, 0.4305275875956504, 0.4321385420861861, 0.43495771244462345, 0.43576318968989125, 0.436971405557793], 'auc': [0.58344644961443, 0.6218391484482513, 0.6517225550746689, 0.6748512561467657, 0.6937695274792661, 0.7100438596429501, 0.7228988108983783, 0.7347747854905726, 0.7451818501033713, 0.7543151692796899, 0.7626016639729495, 0.7696112160726627, 0.7761809681399554, 0.7816374200033196, 0.7872820682205584, 0.7919730946117162, 0.7963387138330025, 0.8002103397197856, 0.8038384690708839, 0.8072323650697311, 0.8102373833085091, 0.8131245249403627, 0.8161438720095318, 0.8187805479676936, 0.8211019586387989, 0.8234512002642795, 0.8253075170704565, 0.8273785822356073]}

Training the model with the following parameters:
Epochs: 3, Trainloader Size: 2691, Optimizer: Adam (
Parameter Group 0
    amsgrad: False
    betas: (0.9, 0.999)
    capturable: False
    differentiable: False
    eps: 1e-08
    foreach: None
    fused: None
    lr: 0.001
    maximize: False
    weight_decay: 0
)


{'loss': [2.0152469253616854, 1.9597823716823104, 1.9213414401524114, 1.888319015070838, 1.8582855575851889, 1.8332315093319693, 1.8119780072943126, 1.7923233213801082, 1.7748900628406772, 1.7588574447028829, 1.743259965389235, 1.730039593917057, 1.7152987278808858, 1.7037692868896803, 1.6927986149340448, 1.6813825503309743, 1.6704572343653457, 1.6603294383408895, 1.6507457245082755, 1.6423428495516952, 1.6340667311337702, 1.6257460549911855, 1.617503284351796, 1.609992317072192, 1.6033954074965626, 1.5962804250548168, 1.5892995449020841, 1.5823019464026522, 1.57537323248468], 'accuracy': [0.21385420861860652, 0.24889246878775675, 0.27144583165525576, 0.2895690696737817, 0.3072895690696738, 0.3185662505034233, 0.33346757954087797, 0.34353604510672575, 0.35199355618203787, 0.3608538058799839, 0.369311316955296, 0.3761578735400725, 0.38542086186065244, 0.3890455094643576, 0.39468385018123237, 0.4003221908981071, 0.4035440998791784, 0.40596053161498186, 0.409987917841321, 0.414418042690294, 0.41723721304873135, 0.42327829238824005, 0.42690293999194523, 0.4305275875956504, 0.4321385420861861, 0.43495771244462345, 0.43576318968989125, 0.436971405557793, 0.4401933145388643], 'auc': [0.58344644961443, 0.6218391484482513, 0.6517225550746689, 0.6748512561467657, 0.6937695274792661, 0.7100438596429501, 0.7228988108983783, 0.7347747854905726, 0.7451818501033713, 0.7543151692796899, 0.7626016639729495, 0.7696112160726627, 0.7761809681399554, 0.7816374200033196, 0.7872820682205584, 0.7919730946117162, 0.7963387138330025, 0.8002103397197856, 0.8038384690708839, 0.8072323650697311, 0.8102373833085091, 0.8131245249403627, 0.8161438720095318, 0.8187805479676936, 0.8211019586387989, 0.8234512002642795, 0.8253075170704565, 0.8273785822356073, 0.8293721382678352]}

Training the model with the following parameters:
Epochs: 3, Trainloader Size: 2691, Optimizer: Adam (
Parameter Group 0
    amsgrad: False
    betas: (0.9, 0.999)
    capturable: False
    differentiable: False
    eps: 1e-08
    foreach: None
    fused: None
    lr: 0.001
    maximize: False
    weight_decay: 0
)


{'loss': [2.0152469253616854, 1.9597823716823104, 1.9213414401524114, 1.888319015070838, 1.8582855575851889, 1.8332315093319693, 1.8119780072943126, 1.7923233213801082, 1.7748900628406772, 1.7588574447028829, 1.743259965389235, 1.730039593917057, 1.7152987278808858, 1.7037692868896803, 1.6927986149340448, 1.6813825503309743, 1.6704572343653457, 1.6603294383408895, 1.6507457245082755, 1.6423428495516952, 1.6340667311337702, 1.6257460549911855, 1.617503284351796, 1.609992317072192, 1.6033954074965626, 1.5962804250548168, 1.5892995449020841, 1.5823019464026522, 1.57537323248468, 1.5689398082955153], 'accuracy': [0.21385420861860652, 0.24889246878775675, 0.27144583165525576, 0.2895690696737817, 0.3072895690696738, 0.3185662505034233, 0.33346757954087797, 0.34353604510672575, 0.35199355618203787, 0.3608538058799839, 0.369311316955296, 0.3761578735400725, 0.38542086186065244, 0.3890455094643576, 0.39468385018123237, 0.4003221908981071, 0.4035440998791784, 0.40596053161498186, 0.409987917841321, 0.414418042690294, 0.41723721304873135, 0.42327829238824005, 0.42690293999194523, 0.4305275875956504, 0.4321385420861861, 0.43495771244462345, 0.43576318968989125, 0.436971405557793, 0.4401933145388643, 0.4418042690293999], 'auc': [0.58344644961443, 0.6218391484482513, 0.6517225550746689, 0.6748512561467657, 0.6937695274792661, 0.7100438596429501, 0.7228988108983783, 0.7347747854905726, 0.7451818501033713, 0.7543151692796899, 0.7626016639729495, 0.7696112160726627, 0.7761809681399554, 0.7816374200033196, 0.7872820682205584, 0.7919730946117162, 0.7963387138330025, 0.8002103397197856, 0.8038384690708839, 0.8072323650697311, 0.8102373833085091, 0.8131245249403627, 0.8161438720095318, 0.8187805479676936, 0.8211019586387989, 0.8234512002642795, 0.8253075170704565, 0.8273785822356073, 0.8293721382678352, 0.8310716349331306]}



Final client history:
{'loss': [2.0152469253616854, 1.9597823716823104, 1.9213414401524114, 1.888319015070838, 1.8582855575851889, 1.8332315093319693, 1.8119780072943126, 1.7923233213801082, 1.7748900628406772, 1.7588574447028829, 1.743259965389235, 1.730039593917057, 1.7152987278808858, 1.7037692868896803, 1.6927986149340448, 1.6813825503309743, 1.6704572343653457, 1.6603294383408895, 1.6507457245082755, 1.6423428495516952, 1.6340667311337702, 1.6257460549911855, 1.617503284351796, 1.609992317072192, 1.6033954074965626, 1.5962804250548168, 1.5892995449020841, 1.5823019464026522, 1.57537323248468, 1.5689398082955153], 'accuracy': [0.21385420861860652, 0.24889246878775675, 0.27144583165525576, 0.2895690696737817, 0.3072895690696738, 0.3185662505034233, 0.33346757954087797, 0.34353604510672575, 0.35199355618203787, 0.3608538058799839, 0.369311316955296, 0.3761578735400725, 0.38542086186065244, 0.3890455094643576, 0.39468385018123237, 0.4003221908981071, 0.4035440998791784, 0.40596053161498186, 0.409987917841321, 0.414418042690294, 0.41723721304873135, 0.42327829238824005, 0.42690293999194523, 0.4305275875956504, 0.4321385420861861, 0.43495771244462345, 0.43576318968989125, 0.436971405557793, 0.4401933145388643, 0.4418042690293999], 'auc': [0.58344644961443, 0.6218391484482513, 0.6517225550746689, 0.6748512561467657, 0.6937695274792661, 0.7100438596429501, 0.7228988108983783, 0.7347747854905726, 0.7451818501033713, 0.7543151692796899, 0.7626016639729495, 0.7696112160726627, 0.7761809681399554, 0.7816374200033196, 0.7872820682205584, 0.7919730946117162, 0.7963387138330025, 0.8002103397197856, 0.8038384690708839, 0.8072323650697311, 0.8102373833085091, 0.8131245249403627, 0.8161438720095318, 0.8187805479676936, 0.8211019586387989, 0.8234512002642795, 0.8253075170704565, 0.8273785822356073, 0.8293721382678352, 0.8310716349331306]}

