nohup: ignoring input
/home/dgxuser16/.local/lib/python3.8/site-packages/opacus/privacy_engine.py:95: UserWarning: Secure RNG turned off. This is perfectly fine for experimentation as it allows for much faster training performance, but remember to turn it on and retrain one last time before production with ``secure_mode`` turned on.
  warnings.warn(
01/24/2025 21:04:57:WARNING:Ignoring drop_last as it is not compatible with DPDataLoader.
01/24/2025 21:04:57:DEBUG:Opened insecure gRPC connection (no certificates were passed)
01/24/2025 21:04:57:DEBUG:ChannelConnectivity.IDLE
01/24/2025 21:04:57:DEBUG:ChannelConnectivity.CONNECTING
01/24/2025 21:04:57:DEBUG:ChannelConnectivity.READY
[92mINFO [0m:      
01/24/2025 21:04:57:INFO:
[92mINFO [0m:      [RUN 0, ROUND ]
01/24/2025 21:04:57:INFO:[RUN 0, ROUND ]
[92mINFO [0m:      Received: get_parameters message 6f6400c1-87c3-4c21-b031-22cb9345b693
01/24/2025 21:04:57:INFO:Received: get_parameters message 6f6400c1-87c3-4c21-b031-22cb9345b693
[92mINFO [0m:      Sent reply
01/24/2025 21:05:00:INFO:Sent reply
[92mINFO [0m:      
01/24/2025 21:05:22:INFO:
[92mINFO [0m:      [RUN 0, ROUND ]
01/24/2025 21:05:22:INFO:[RUN 0, ROUND ]
[92mINFO [0m:      Received: train message 1197685c-3306-44af-ac96-411f23e80935
01/24/2025 21:05:22:INFO:Received: train message 1197685c-3306-44af-ac96-411f23e80935
