nohup: ignoring input
[92mINFO [0m:      
[92mINFO [0m:      [RUN 0, ROUND ]
[92mINFO [0m:      Received: get_parameters message 45a5fac2-21e9-4bf9-8a97-3df88d3a84b3
[93mWARNING [0m:   Deprecation Warning: The `client_fn` function must return an instance of `Client`, but an instance of `NumpyClient` was returned. Please use `NumPyClient.to_client()` method to convert it to `Client`.
[92mINFO [0m:      Sent reply
[92mINFO [0m:      
[92mINFO [0m:      [RUN 0, ROUND ]
[92mINFO [0m:      Received: train message 2ef94117-6ffd-467b-9e6e-307e12a5edf3
[93mWARNING [0m:   Deprecation Warning: The `client_fn` function must return an instance of `Client`, but an instance of `NumpyClient` was returned. Please use `NumPyClient.to_client()` method to convert it to `Client`.
[92mINFO [0m:      Sent reply
[92mINFO [0m:      
[92mINFO [0m:      [RUN 0, ROUND ]
[92mINFO [0m:      Received: evaluate message a9f74e36-d261-4391-aa8a-5327923781be
[93mWARNING [0m:   Deprecation Warning: The `client_fn` function must return an instance of `Client`, but an instance of `NumpyClient` was returned. Please use `NumPyClient.to_client()` method to convert it to `Client`.
[92mINFO [0m:      Sent reply
[92mINFO [0m:      
[92mINFO [0m:      [RUN 0, ROUND ]
[92mINFO [0m:      Received: train message ed29ab00-2c9b-4d98-a8a3-25ca5cf9745c
[93mWARNING [0m:   Deprecation Warning: The `client_fn` function must return an instance of `Client`, but an instance of `NumpyClient` was returned. Please use `NumPyClient.to_client()` method to convert it to `Client`.
[92mINFO [0m:      Sent reply
[92mINFO [0m:      
[92mINFO [0m:      [RUN 0, ROUND ]
[92mINFO [0m:      Received: evaluate message 9508b165-8ecd-45a2-9747-d93ee0dfa29c
[93mWARNING [0m:   Deprecation Warning: The `client_fn` function must return an instance of `Client`, but an instance of `NumpyClient` was returned. Please use `NumPyClient.to_client()` method to convert it to `Client`.
[92mINFO [0m:      Sent reply
[92mINFO [0m:      
[92mINFO [0m:      [RUN 0, ROUND ]
[92mINFO [0m:      Received: train message 3f34c926-5b41-47dd-9a11-7515f1401765
[93mWARNING [0m:   Deprecation Warning: The `client_fn` function must return an instance of `Client`, but an instance of `NumpyClient` was returned. Please use `NumPyClient.to_client()` method to convert it to `Client`.
[92mINFO [0m:      Sent reply
[92mINFO [0m:      
[92mINFO [0m:      [RUN 0, ROUND ]
[92mINFO [0m:      Received: evaluate message cfd194ea-694f-4136-9f9e-abdc8ab9d30c
[93mWARNING [0m:   Deprecation Warning: The `client_fn` function must return an instance of `Client`, but an instance of `NumpyClient` was returned. Please use `NumPyClient.to_client()` method to convert it to `Client`.
[92mINFO [0m:      Sent reply
[92mINFO [0m:      
[92mINFO [0m:      [RUN 0, ROUND ]
[92mINFO [0m:      Received: train message f66c9705-93cd-45bc-8dbd-acc811f05b91
[93mWARNING [0m:   Deprecation Warning: The `client_fn` function must return an instance of `Client`, but an instance of `NumpyClient` was returned. Please use `NumPyClient.to_client()` method to convert it to `Client`.
[92mINFO [0m:      Sent reply
[92mINFO [0m:      
[92mINFO [0m:      [RUN 0, ROUND ]
[92mINFO [0m:      Received: evaluate message 874f5781-19f0-4035-a290-c5649d51a035
[93mWARNING [0m:   Deprecation Warning: The `client_fn` function must return an instance of `Client`, but an instance of `NumpyClient` was returned. Please use `NumPyClient.to_client()` method to convert it to `Client`.
[92mINFO [0m:      Sent reply
[92mINFO [0m:      
[92mINFO [0m:      [RUN 0, ROUND ]
[92mINFO [0m:      Received: train message 8a0bc0ae-983b-4ccb-9780-0582946d7777
[93mWARNING [0m:   Deprecation Warning: The `client_fn` function must return an instance of `Client`, but an instance of `NumpyClient` was returned. Please use `NumPyClient.to_client()` method to convert it to `Client`.
[92mINFO [0m:      Sent reply
[92mINFO [0m:      
[92mINFO [0m:      [RUN 0, ROUND ]
[92mINFO [0m:      Received: evaluate message f4efc49b-7792-4217-863a-f9bac8aa77e8
[93mWARNING [0m:   Deprecation Warning: The `client_fn` function must return an instance of `Client`, but an instance of `NumpyClient` was returned. Please use `NumPyClient.to_client()` method to convert it to `Client`.
[92mINFO [0m:      Sent reply
[92mINFO [0m:      
[92mINFO [0m:      [RUN 0, ROUND ]
[92mINFO [0m:      Received: train message cbfd0bde-2d4c-4c29-b799-72e549552bc0
[93mWARNING [0m:   Deprecation Warning: The `client_fn` function must return an instance of `Client`, but an instance of `NumpyClient` was returned. Please use `NumPyClient.to_client()` method to convert it to `Client`.
[92mINFO [0m:      Sent reply
[92mINFO [0m:      
[92mINFO [0m:      [RUN 0, ROUND ]
[92mINFO [0m:      Received: evaluate message d07ee7bf-28e5-41c0-8e72-5ec43b7eb403
[93mWARNING [0m:   Deprecation Warning: The `client_fn` function must return an instance of `Client`, but an instance of `NumpyClient` was returned. Please use `NumPyClient.to_client()` method to convert it to `Client`.
[92mINFO [0m:      Sent reply
[92mINFO [0m:      
[92mINFO [0m:      [RUN 0, ROUND ]
[92mINFO [0m:      Received: train message 27751045-5b32-463a-acb0-2e63d13885e6
[93mWARNING [0m:   Deprecation Warning: The `client_fn` function must return an instance of `Client`, but an instance of `NumpyClient` was returned. Please use `NumPyClient.to_client()` method to convert it to `Client`.
[92mINFO [0m:      Sent reply
[92mINFO [0m:      
[92mINFO [0m:      [RUN 0, ROUND ]
[92mINFO [0m:      Received: evaluate message 82bcf3a0-ec32-4bf9-9bcc-0abeec753206
[93mWARNING [0m:   Deprecation Warning: The `client_fn` function must return an instance of `Client`, but an instance of `NumpyClient` was returned. Please use `NumPyClient.to_client()` method to convert it to `Client`.
[92mINFO [0m:      Sent reply
[92mINFO [0m:      
[92mINFO [0m:      [RUN 0, ROUND ]
[92mINFO [0m:      Received: train message a6e5ef30-ae3a-4ebb-bdfd-2ef9f9288120
[93mWARNING [0m:   Deprecation Warning: The `client_fn` function must return an instance of `Client`, but an instance of `NumpyClient` was returned. Please use `NumPyClient.to_client()` method to convert it to `Client`.
[92mINFO [0m:      Sent reply
[92mINFO [0m:      
[92mINFO [0m:      [RUN 0, ROUND ]
[92mINFO [0m:      Received: evaluate message 1e0e61da-88ab-4e6b-b6cf-58fad6ebc106
[93mWARNING [0m:   Deprecation Warning: The `client_fn` function must return an instance of `Client`, but an instance of `NumpyClient` was returned. Please use `NumPyClient.to_client()` method to convert it to `Client`.
[92mINFO [0m:      Sent reply
[92mINFO [0m:      
[92mINFO [0m:      [RUN 0, ROUND ]
[92mINFO [0m:      Received: train message 504f678e-c920-44f0-84f8-25d649de3d62
[93mWARNING [0m:   Deprecation Warning: The `client_fn` function must return an instance of `Client`, but an instance of `NumpyClient` was returned. Please use `NumPyClient.to_client()` method to convert it to `Client`.
[92mINFO [0m:      Sent reply
[92mINFO [0m:      
[92mINFO [0m:      [RUN 0, ROUND ]
[92mINFO [0m:      Received: evaluate message 5ab39bf2-cfc0-4a07-9256-e95c651a44e4
[93mWARNING [0m:   Deprecation Warning: The `client_fn` function must return an instance of `Client`, but an instance of `NumpyClient` was returned. Please use `NumPyClient.to_client()` method to convert it to `Client`.
[92mINFO [0m:      Sent reply
[92mINFO [0m:      
[92mINFO [0m:      [RUN 0, ROUND ]
[92mINFO [0m:      Received: train message bccf9fdb-6672-4bcc-be76-a82d01f017f6
[93mWARNING [0m:   Deprecation Warning: The `client_fn` function must return an instance of `Client`, but an instance of `NumpyClient` was returned. Please use `NumPyClient.to_client()` method to convert it to `Client`.
[92mINFO [0m:      Sent reply
[92mINFO [0m:      
[92mINFO [0m:      [RUN 0, ROUND ]
[92mINFO [0m:      Received: evaluate message c5ce4741-4426-4cad-bce7-909bbf9e802a
[93mWARNING [0m:   Deprecation Warning: The `client_fn` function must return an instance of `Client`, but an instance of `NumpyClient` was returned. Please use `NumPyClient.to_client()` method to convert it to `Client`.
[92mINFO [0m:      Sent reply
[92mINFO [0m:      
[92mINFO [0m:      [RUN 0, ROUND ]
[92mINFO [0m:      Received: train message 164cb8fe-0fc1-4b14-ba1f-1dc0d7e37581
[93mWARNING [0m:   Deprecation Warning: The `client_fn` function must return an instance of `Client`, but an instance of `NumpyClient` was returned. Please use `NumPyClient.to_client()` method to convert it to `Client`.
[92mINFO [0m:      Sent reply
[92mINFO [0m:      
[92mINFO [0m:      [RUN 0, ROUND ]
[92mINFO [0m:      Received: evaluate message d6903dcb-479e-4c41-8f5d-dae9f1fc5429
[93mWARNING [0m:   Deprecation Warning: The `client_fn` function must return an instance of `Client`, but an instance of `NumpyClient` was returned. Please use `NumPyClient.to_client()` method to convert it to `Client`.
[92mINFO [0m:      Sent reply
[92mINFO [0m:      
[92mINFO [0m:      [RUN 0, ROUND ]
[92mINFO [0m:      Received: train message b09f4eec-f843-4617-b9dc-051b80a54fad
[93mWARNING [0m:   Deprecation Warning: The `client_fn` function must return an instance of `Client`, but an instance of `NumpyClient` was returned. Please use `NumPyClient.to_client()` method to convert it to `Client`.
[92mINFO [0m:      Sent reply
[92mINFO [0m:      
[92mINFO [0m:      [RUN 0, ROUND ]
[92mINFO [0m:      Received: evaluate message 39bb4418-55ef-412c-ab4d-efca3894e200
[93mWARNING [0m:   Deprecation Warning: The `client_fn` function must return an instance of `Client`, but an instance of `NumpyClient` was returned. Please use `NumPyClient.to_client()` method to convert it to `Client`.
[92mINFO [0m:      Sent reply
[92mINFO [0m:      
[92mINFO [0m:      [RUN 0, ROUND ]
[92mINFO [0m:      Received: train message 99680866-9883-4e01-ba51-7c9bce645deb
[93mWARNING [0m:   Deprecation Warning: The `client_fn` function must return an instance of `Client`, but an instance of `NumpyClient` was returned. Please use `NumPyClient.to_client()` method to convert it to `Client`.
[92mINFO [0m:      Sent reply
[92mINFO [0m:      
[92mINFO [0m:      [RUN 0, ROUND ]
[92mINFO [0m:      Received: evaluate message 8f4c65d2-c66a-4ed9-977c-a07b5d35d52e
[93mWARNING [0m:   Deprecation Warning: The `client_fn` function must return an instance of `Client`, but an instance of `NumpyClient` was returned. Please use `NumPyClient.to_client()` method to convert it to `Client`.
[92mINFO [0m:      Sent reply
[92mINFO [0m:      
[92mINFO [0m:      [RUN 0, ROUND ]
[92mINFO [0m:      Received: train message 579ddcf8-7133-46b1-9119-1ceb82d1b023
[93mWARNING [0m:   Deprecation Warning: The `client_fn` function must return an instance of `Client`, but an instance of `NumpyClient` was returned. Please use `NumPyClient.to_client()` method to convert it to `Client`.
[92mINFO [0m:      Sent reply
[92mINFO [0m:      
[92mINFO [0m:      [RUN 0, ROUND ]
[92mINFO [0m:      Received: evaluate message b9be326f-91e5-4a16-a778-d32a31db016a
[93mWARNING [0m:   Deprecation Warning: The `client_fn` function must return an instance of `Client`, but an instance of `NumpyClient` was returned. Please use `NumPyClient.to_client()` method to convert it to `Client`.
[92mINFO [0m:      Sent reply
[92mINFO [0m:      
[92mINFO [0m:      [RUN 0, ROUND ]
[92mINFO [0m:      Received: train message f2c814ac-c77e-493d-9bab-0be64cfdf13d
[93mWARNING [0m:   Deprecation Warning: The `client_fn` function must return an instance of `Client`, but an instance of `NumpyClient` was returned. Please use `NumPyClient.to_client()` method to convert it to `Client`.
[92mINFO [0m:      Sent reply
[92mINFO [0m:      
[92mINFO [0m:      [RUN 0, ROUND ]
[92mINFO [0m:      Received: evaluate message 1b78b078-e07f-4ed0-b77d-26a7862fdfa6
[93mWARNING [0m:   Deprecation Warning: The `client_fn` function must return an instance of `Client`, but an instance of `NumpyClient` was returned. Please use `NumPyClient.to_client()` method to convert it to `Client`.
[92mINFO [0m:      Sent reply
[92mINFO [0m:      
[92mINFO [0m:      [RUN 0, ROUND ]
[92mINFO [0m:      Received: train message f472848c-1104-4ba8-a1d2-1ea585be88b7
[93mWARNING [0m:   Deprecation Warning: The `client_fn` function must return an instance of `Client`, but an instance of `NumpyClient` was returned. Please use `NumPyClient.to_client()` method to convert it to `Client`.
[92mINFO [0m:      Sent reply
[92mINFO [0m:      
[92mINFO [0m:      [RUN 0, ROUND ]
[92mINFO [0m:      Received: evaluate message 2b98c583-db82-405f-84fb-aac5bb8df096
[93mWARNING [0m:   Deprecation Warning: The `client_fn` function must return an instance of `Client`, but an instance of `NumpyClient` was returned. Please use `NumPyClient.to_client()` method to convert it to `Client`.

{'loss': [38.34068590402603], 'accuracy': [0.5074276778733385], 'auc': [0.7442823501770489]}


{'loss': [38.34068590402603, 37.08939874172211], 'accuracy': [0.5074276778733385, 0.5269741985926505], 'auc': [0.7442823501770489, 0.7669424609243929]}


{'loss': [38.34068590402603, 37.08939874172211, 36.168834403157234], 'accuracy': [0.5074276778733385, 0.5269741985926505, 0.5504300234558248], 'auc': [0.7442823501770489, 0.7669424609243929, 0.7775417632910078]}


{'loss': [38.34068590402603, 37.08939874172211, 36.168834403157234, 36.46404927968979], 'accuracy': [0.5074276778733385, 0.5269741985926505, 0.5504300234558248, 0.54573885848319], 'auc': [0.7442823501770489, 0.7669424609243929, 0.7775417632910078, 0.7844019550437409]}


{'loss': [38.34068590402603, 37.08939874172211, 36.168834403157234, 36.46404927968979, 36.71239377558231], 'accuracy': [0.5074276778733385, 0.5269741985926505, 0.5504300234558248, 0.54573885848319, 0.5410476935105551], 'auc': [0.7442823501770489, 0.7669424609243929, 0.7775417632910078, 0.7844019550437409, 0.7877576727613631]}


{'loss': [38.34068590402603, 37.08939874172211, 36.168834403157234, 36.46404927968979, 36.71239377558231, 35.32721880078316], 'accuracy': [0.5074276778733385, 0.5269741985926505, 0.5504300234558248, 0.54573885848319, 0.5410476935105551, 0.563721657544957], 'auc': [0.7442823501770489, 0.7669424609243929, 0.7775417632910078, 0.7844019550437409, 0.7877576727613631, 0.7937987228947554]}


{'loss': [38.34068590402603, 37.08939874172211, 36.168834403157234, 36.46404927968979, 36.71239377558231, 35.32721880078316, 35.54916015267372], 'accuracy': [0.5074276778733385, 0.5269741985926505, 0.5504300234558248, 0.54573885848319, 0.5410476935105551, 0.563721657544957, 0.5480844409695075], 'auc': [0.7442823501770489, 0.7669424609243929, 0.7775417632910078, 0.7844019550437409, 0.7877576727613631, 0.7937987228947554, 0.7979111876468038]}


{'loss': [38.34068590402603, 37.08939874172211, 36.168834403157234, 36.46404927968979, 36.71239377558231, 35.32721880078316, 35.54916015267372, 34.38563230633736], 'accuracy': [0.5074276778733385, 0.5269741985926505, 0.5504300234558248, 0.54573885848319, 0.5410476935105551, 0.563721657544957, 0.5480844409695075, 0.5856137607505864], 'auc': [0.7442823501770489, 0.7669424609243929, 0.7775417632910078, 0.7844019550437409, 0.7877576727613631, 0.7937987228947554, 0.7979111876468038, 0.8019437824756239]}


{'loss': [38.34068590402603, 37.08939874172211, 36.168834403157234, 36.46404927968979, 36.71239377558231, 35.32721880078316, 35.54916015267372, 34.38563230633736, 35.780174136161804], 'accuracy': [0.5074276778733385, 0.5269741985926505, 0.5504300234558248, 0.54573885848319, 0.5410476935105551, 0.563721657544957, 0.5480844409695075, 0.5856137607505864, 0.5559030492572322], 'auc': [0.7442823501770489, 0.7669424609243929, 0.7775417632910078, 0.7844019550437409, 0.7877576727613631, 0.7937987228947554, 0.7979111876468038, 0.8019437824756239, 0.8019045519605688]}


{'loss': [38.34068590402603, 37.08939874172211, 36.168834403157234, 36.46404927968979, 36.71239377558231, 35.32721880078316, 35.54916015267372, 34.38563230633736, 35.780174136161804, 35.21293705701828], 'accuracy': [0.5074276778733385, 0.5269741985926505, 0.5504300234558248, 0.54573885848319, 0.5410476935105551, 0.563721657544957, 0.5480844409695075, 0.5856137607505864, 0.5559030492572322, 0.5629397967161845], 'auc': [0.7442823501770489, 0.7669424609243929, 0.7775417632910078, 0.7844019550437409, 0.7877576727613631, 0.7937987228947554, 0.7979111876468038, 0.8019437824756239, 0.8019045519605688, 0.8036150251450263]}


{'loss': [38.34068590402603, 37.08939874172211, 36.168834403157234, 36.46404927968979, 36.71239377558231, 35.32721880078316, 35.54916015267372, 34.38563230633736, 35.780174136161804, 35.21293705701828, 35.64419023692608], 'accuracy': [0.5074276778733385, 0.5269741985926505, 0.5504300234558248, 0.54573885848319, 0.5410476935105551, 0.563721657544957, 0.5480844409695075, 0.5856137607505864, 0.5559030492572322, 0.5629397967161845, 0.562157935887412], 'auc': [0.7442823501770489, 0.7669424609243929, 0.7775417632910078, 0.7844019550437409, 0.7877576727613631, 0.7937987228947554, 0.7979111876468038, 0.8019437824756239, 0.8019045519605688, 0.8036150251450263, 0.8056869777191458]}


{'loss': [38.34068590402603, 37.08939874172211, 36.168834403157234, 36.46404927968979, 36.71239377558231, 35.32721880078316, 35.54916015267372, 34.38563230633736, 35.780174136161804, 35.21293705701828, 35.64419023692608, 35.11394056677818], 'accuracy': [0.5074276778733385, 0.5269741985926505, 0.5504300234558248, 0.54573885848319, 0.5410476935105551, 0.563721657544957, 0.5480844409695075, 0.5856137607505864, 0.5559030492572322, 0.5629397967161845, 0.562157935887412, 0.5574667709147771], 'auc': [0.7442823501770489, 0.7669424609243929, 0.7775417632910078, 0.7844019550437409, 0.7877576727613631, 0.7937987228947554, 0.7979111876468038, 0.8019437824756239, 0.8019045519605688, 0.8036150251450263, 0.8056869777191458, 0.8092678610843458]}


{'loss': [38.34068590402603, 37.08939874172211, 36.168834403157234, 36.46404927968979, 36.71239377558231, 35.32721880078316, 35.54916015267372, 34.38563230633736, 35.780174136161804, 35.21293705701828, 35.64419023692608, 35.11394056677818, 34.21634238958359], 'accuracy': [0.5074276778733385, 0.5269741985926505, 0.5504300234558248, 0.54573885848319, 0.5410476935105551, 0.563721657544957, 0.5480844409695075, 0.5856137607505864, 0.5559030492572322, 0.5629397967161845, 0.562157935887412, 0.5574667709147771, 0.5762314308053167], 'auc': [0.7442823501770489, 0.7669424609243929, 0.7775417632910078, 0.7844019550437409, 0.7877576727613631, 0.7937987228947554, 0.7979111876468038, 0.8019437824756239, 0.8019045519605688, 0.8036150251450263, 0.8056869777191458, 0.8092678610843458, 0.8114436997355164]}


{'loss': [38.34068590402603, 37.08939874172211, 36.168834403157234, 36.46404927968979, 36.71239377558231, 35.32721880078316, 35.54916015267372, 34.38563230633736, 35.780174136161804, 35.21293705701828, 35.64419023692608, 35.11394056677818, 34.21634238958359, 35.143862783908844], 'accuracy': [0.5074276778733385, 0.5269741985926505, 0.5504300234558248, 0.54573885848319, 0.5410476935105551, 0.563721657544957, 0.5480844409695075, 0.5856137607505864, 0.5559030492572322, 0.5629397967161845, 0.562157935887412, 0.5574667709147771, 0.5762314308053167, 0.5645035183737295], 'auc': [0.7442823501770489, 0.7669424609243929, 0.7775417632910078, 0.7844019550437409, 0.7877576727613631, 0.7937987228947554, 0.7979111876468038, 0.8019437824756239, 0.8019045519605688, 0.8036150251450263, 0.8056869777191458, 0.8092678610843458, 0.8114436997355164, 0.81319477139449]}


{'loss': [38.34068590402603, 37.08939874172211, 36.168834403157234, 36.46404927968979, 36.71239377558231, 35.32721880078316, 35.54916015267372, 34.38563230633736, 35.780174136161804, 35.21293705701828, 35.64419023692608, 35.11394056677818, 34.21634238958359, 35.143862783908844, 33.68881508708], 'accuracy': [0.5074276778733385, 0.5269741985926505, 0.5504300234558248, 0.54573885848319, 0.5410476935105551, 0.563721657544957, 0.5480844409695075, 0.5856137607505864, 0.5559030492572322, 0.5629397967161845, 0.562157935887412, 0.5574667709147771, 0.5762314308053167, 0.5645035183737295, 0.5918686473807663], 'auc': [0.7442823501770489, 0.7669424609243929, 0.7775417632910078, 0.7844019550437409, 0.7877576727613631, 0.7937987228947554, 0.7979111876468038, 0.8019437824756239, 0.8019045519605688, 0.8036150251450263, 0.8056869777191458, 0.8092678610843458, 0.8114436997355164, 0.81319477139449, 0.8161817417397018]}

[92mINFO [0m:      Sent reply
[92mINFO [0m:      
[92mINFO [0m:      [RUN 0, ROUND ]
[92mINFO [0m:      Received: train message 240904b1-ff8e-4d77-8061-f1417b010265
[93mWARNING [0m:   Deprecation Warning: The `client_fn` function must return an instance of `Client`, but an instance of `NumpyClient` was returned. Please use `NumPyClient.to_client()` method to convert it to `Client`.
[92mINFO [0m:      Sent reply
[92mINFO [0m:      
[92mINFO [0m:      [RUN 0, ROUND ]
[92mINFO [0m:      Received: evaluate message 31c2f646-a8f2-4b56-8445-26f23e98d459
[93mWARNING [0m:   Deprecation Warning: The `client_fn` function must return an instance of `Client`, but an instance of `NumpyClient` was returned. Please use `NumPyClient.to_client()` method to convert it to `Client`.
[92mINFO [0m:      Sent reply
[92mINFO [0m:      
[92mINFO [0m:      [RUN 0, ROUND ]
[92mINFO [0m:      Received: train message 43317697-b38a-42f2-aa35-409a0165071e
[93mWARNING [0m:   Deprecation Warning: The `client_fn` function must return an instance of `Client`, but an instance of `NumpyClient` was returned. Please use `NumPyClient.to_client()` method to convert it to `Client`.
[92mINFO [0m:      Sent reply
[92mINFO [0m:      
[92mINFO [0m:      [RUN 0, ROUND ]
[92mINFO [0m:      Received: evaluate message 714fbe7d-afc9-4f89-a5ca-1cc106350edd
[93mWARNING [0m:   Deprecation Warning: The `client_fn` function must return an instance of `Client`, but an instance of `NumpyClient` was returned. Please use `NumPyClient.to_client()` method to convert it to `Client`.
[92mINFO [0m:      Sent reply
[92mINFO [0m:      
[92mINFO [0m:      [RUN 0, ROUND ]
[92mINFO [0m:      Received: train message 55bcaf2a-43f6-41e7-895d-086cb5b65ab9
[93mWARNING [0m:   Deprecation Warning: The `client_fn` function must return an instance of `Client`, but an instance of `NumpyClient` was returned. Please use `NumPyClient.to_client()` method to convert it to `Client`.
[92mINFO [0m:      Sent reply
[92mINFO [0m:      
[92mINFO [0m:      [RUN 0, ROUND ]
[92mINFO [0m:      Received: evaluate message 3756e796-ed13-461f-873c-2727405ed41c
[93mWARNING [0m:   Deprecation Warning: The `client_fn` function must return an instance of `Client`, but an instance of `NumpyClient` was returned. Please use `NumPyClient.to_client()` method to convert it to `Client`.
[92mINFO [0m:      Sent reply
[92mINFO [0m:      
[92mINFO [0m:      [RUN 0, ROUND ]
[92mINFO [0m:      Received: train message 7b42ab15-aeda-483c-ab52-51a68c7f7866
[93mWARNING [0m:   Deprecation Warning: The `client_fn` function must return an instance of `Client`, but an instance of `NumpyClient` was returned. Please use `NumPyClient.to_client()` method to convert it to `Client`.
[92mINFO [0m:      Sent reply
[92mINFO [0m:      
[92mINFO [0m:      [RUN 0, ROUND ]
[92mINFO [0m:      Received: evaluate message fdf1271b-843f-4678-bf40-b8a29efdfd6c
[93mWARNING [0m:   Deprecation Warning: The `client_fn` function must return an instance of `Client`, but an instance of `NumpyClient` was returned. Please use `NumPyClient.to_client()` method to convert it to `Client`.
[92mINFO [0m:      Sent reply
[92mINFO [0m:      
[92mINFO [0m:      [RUN 0, ROUND ]
[92mINFO [0m:      Received: train message 51e8b439-c3ac-4c31-9c1c-9475b5053144
[93mWARNING [0m:   Deprecation Warning: The `client_fn` function must return an instance of `Client`, but an instance of `NumpyClient` was returned. Please use `NumPyClient.to_client()` method to convert it to `Client`.
[92mINFO [0m:      Sent reply
[92mINFO [0m:      
[92mINFO [0m:      [RUN 0, ROUND ]
[92mINFO [0m:      Received: evaluate message 56b2de38-a37a-4829-a2e9-3efc59a2a937
[93mWARNING [0m:   Deprecation Warning: The `client_fn` function must return an instance of `Client`, but an instance of `NumpyClient` was returned. Please use `NumPyClient.to_client()` method to convert it to `Client`.
[92mINFO [0m:      Sent reply
[92mINFO [0m:      
[92mINFO [0m:      [RUN 0, ROUND ]
[92mINFO [0m:      Received: train message 9bf8d7a1-2377-4501-816c-9896ba604905
[93mWARNING [0m:   Deprecation Warning: The `client_fn` function must return an instance of `Client`, but an instance of `NumpyClient` was returned. Please use `NumPyClient.to_client()` method to convert it to `Client`.
[92mINFO [0m:      Sent reply
[92mINFO [0m:      
[92mINFO [0m:      [RUN 0, ROUND ]
[92mINFO [0m:      Received: evaluate message a393f41c-f027-4966-93f6-e96c9d41b1d2
[93mWARNING [0m:   Deprecation Warning: The `client_fn` function must return an instance of `Client`, but an instance of `NumpyClient` was returned. Please use `NumPyClient.to_client()` method to convert it to `Client`.
[92mINFO [0m:      Sent reply
[92mINFO [0m:      
[92mINFO [0m:      [RUN 0, ROUND ]
[92mINFO [0m:      Received: train message ccfe7c4a-f185-449e-a426-2d80cd02193e
[93mWARNING [0m:   Deprecation Warning: The `client_fn` function must return an instance of `Client`, but an instance of `NumpyClient` was returned. Please use `NumPyClient.to_client()` method to convert it to `Client`.
[92mINFO [0m:      Sent reply
[92mINFO [0m:      
[92mINFO [0m:      [RUN 0, ROUND ]
[92mINFO [0m:      Received: evaluate message 2fed7d92-102f-4ab4-88f9-069e55ce7cb0
[93mWARNING [0m:   Deprecation Warning: The `client_fn` function must return an instance of `Client`, but an instance of `NumpyClient` was returned. Please use `NumPyClient.to_client()` method to convert it to `Client`.

{'loss': [38.34068590402603, 37.08939874172211, 36.168834403157234, 36.46404927968979, 36.71239377558231, 35.32721880078316, 35.54916015267372, 34.38563230633736, 35.780174136161804, 35.21293705701828, 35.64419023692608, 35.11394056677818, 34.21634238958359, 35.143862783908844, 33.68881508708, 35.13158182799816], 'accuracy': [0.5074276778733385, 0.5269741985926505, 0.5504300234558248, 0.54573885848319, 0.5410476935105551, 0.563721657544957, 0.5480844409695075, 0.5856137607505864, 0.5559030492572322, 0.5629397967161845, 0.562157935887412, 0.5574667709147771, 0.5762314308053167, 0.5645035183737295, 0.5918686473807663, 0.563721657544957], 'auc': [0.7442823501770489, 0.7669424609243929, 0.7775417632910078, 0.7844019550437409, 0.7877576727613631, 0.7937987228947554, 0.7979111876468038, 0.8019437824756239, 0.8019045519605688, 0.8036150251450263, 0.8056869777191458, 0.8092678610843458, 0.8114436997355164, 0.81319477139449, 0.8161817417397018, 0.816542983822571]}


{'loss': [38.34068590402603, 37.08939874172211, 36.168834403157234, 36.46404927968979, 36.71239377558231, 35.32721880078316, 35.54916015267372, 34.38563230633736, 35.780174136161804, 35.21293705701828, 35.64419023692608, 35.11394056677818, 34.21634238958359, 35.143862783908844, 33.68881508708, 35.13158182799816, 35.069427996873856], 'accuracy': [0.5074276778733385, 0.5269741985926505, 0.5504300234558248, 0.54573885848319, 0.5410476935105551, 0.563721657544957, 0.5480844409695075, 0.5856137607505864, 0.5559030492572322, 0.5629397967161845, 0.562157935887412, 0.5574667709147771, 0.5762314308053167, 0.5645035183737295, 0.5918686473807663, 0.563721657544957, 0.562157935887412], 'auc': [0.7442823501770489, 0.7669424609243929, 0.7775417632910078, 0.7844019550437409, 0.7877576727613631, 0.7937987228947554, 0.7979111876468038, 0.8019437824756239, 0.8019045519605688, 0.8036150251450263, 0.8056869777191458, 0.8092678610843458, 0.8114436997355164, 0.81319477139449, 0.8161817417397018, 0.816542983822571, 0.8178184751581408]}


{'loss': [38.34068590402603, 37.08939874172211, 36.168834403157234, 36.46404927968979, 36.71239377558231, 35.32721880078316, 35.54916015267372, 34.38563230633736, 35.780174136161804, 35.21293705701828, 35.64419023692608, 35.11394056677818, 34.21634238958359, 35.143862783908844, 33.68881508708, 35.13158182799816, 35.069427996873856, 34.30887119472027], 'accuracy': [0.5074276778733385, 0.5269741985926505, 0.5504300234558248, 0.54573885848319, 0.5410476935105551, 0.563721657544957, 0.5480844409695075, 0.5856137607505864, 0.5559030492572322, 0.5629397967161845, 0.562157935887412, 0.5574667709147771, 0.5762314308053167, 0.5645035183737295, 0.5918686473807663, 0.563721657544957, 0.562157935887412, 0.5738858483189992], 'auc': [0.7442823501770489, 0.7669424609243929, 0.7775417632910078, 0.7844019550437409, 0.7877576727613631, 0.7937987228947554, 0.7979111876468038, 0.8019437824756239, 0.8019045519605688, 0.8036150251450263, 0.8056869777191458, 0.8092678610843458, 0.8114436997355164, 0.81319477139449, 0.8161817417397018, 0.816542983822571, 0.8178184751581408, 0.8190735256479115]}


{'loss': [38.34068590402603, 37.08939874172211, 36.168834403157234, 36.46404927968979, 36.71239377558231, 35.32721880078316, 35.54916015267372, 34.38563230633736, 35.780174136161804, 35.21293705701828, 35.64419023692608, 35.11394056677818, 34.21634238958359, 35.143862783908844, 33.68881508708, 35.13158182799816, 35.069427996873856, 34.30887119472027, 34.17372623085976], 'accuracy': [0.5074276778733385, 0.5269741985926505, 0.5504300234558248, 0.54573885848319, 0.5410476935105551, 0.563721657544957, 0.5480844409695075, 0.5856137607505864, 0.5559030492572322, 0.5629397967161845, 0.562157935887412, 0.5574667709147771, 0.5762314308053167, 0.5645035183737295, 0.5918686473807663, 0.563721657544957, 0.562157935887412, 0.5738858483189992, 0.5746677091477717], 'auc': [0.7442823501770489, 0.7669424609243929, 0.7775417632910078, 0.7844019550437409, 0.7877576727613631, 0.7937987228947554, 0.7979111876468038, 0.8019437824756239, 0.8019045519605688, 0.8036150251450263, 0.8056869777191458, 0.8092678610843458, 0.8114436997355164, 0.81319477139449, 0.8161817417397018, 0.816542983822571, 0.8178184751581408, 0.8190735256479115, 0.8200476741449997]}


{'loss': [38.34068590402603, 37.08939874172211, 36.168834403157234, 36.46404927968979, 36.71239377558231, 35.32721880078316, 35.54916015267372, 34.38563230633736, 35.780174136161804, 35.21293705701828, 35.64419023692608, 35.11394056677818, 34.21634238958359, 35.143862783908844, 33.68881508708, 35.13158182799816, 35.069427996873856, 34.30887119472027, 34.17372623085976, 34.705870538949966], 'accuracy': [0.5074276778733385, 0.5269741985926505, 0.5504300234558248, 0.54573885848319, 0.5410476935105551, 0.563721657544957, 0.5480844409695075, 0.5856137607505864, 0.5559030492572322, 0.5629397967161845, 0.562157935887412, 0.5574667709147771, 0.5762314308053167, 0.5645035183737295, 0.5918686473807663, 0.563721657544957, 0.562157935887412, 0.5738858483189992, 0.5746677091477717, 0.5707584050039093], 'auc': [0.7442823501770489, 0.7669424609243929, 0.7775417632910078, 0.7844019550437409, 0.7877576727613631, 0.7937987228947554, 0.7979111876468038, 0.8019437824756239, 0.8019045519605688, 0.8036150251450263, 0.8056869777191458, 0.8092678610843458, 0.8114436997355164, 0.81319477139449, 0.8161817417397018, 0.816542983822571, 0.8178184751581408, 0.8190735256479115, 0.8200476741449997, 0.8207831888667749]}


{'loss': [38.34068590402603, 37.08939874172211, 36.168834403157234, 36.46404927968979, 36.71239377558231, 35.32721880078316, 35.54916015267372, 34.38563230633736, 35.780174136161804, 35.21293705701828, 35.64419023692608, 35.11394056677818, 34.21634238958359, 35.143862783908844, 33.68881508708, 35.13158182799816, 35.069427996873856, 34.30887119472027, 34.17372623085976, 34.705870538949966, 34.05305305123329], 'accuracy': [0.5074276778733385, 0.5269741985926505, 0.5504300234558248, 0.54573885848319, 0.5410476935105551, 0.563721657544957, 0.5480844409695075, 0.5856137607505864, 0.5559030492572322, 0.5629397967161845, 0.562157935887412, 0.5574667709147771, 0.5762314308053167, 0.5645035183737295, 0.5918686473807663, 0.563721657544957, 0.562157935887412, 0.5738858483189992, 0.5746677091477717, 0.5707584050039093, 0.5785770132916341], 'auc': [0.7442823501770489, 0.7669424609243929, 0.7775417632910078, 0.7844019550437409, 0.7877576727613631, 0.7937987228947554, 0.7979111876468038, 0.8019437824756239, 0.8019045519605688, 0.8036150251450263, 0.8056869777191458, 0.8092678610843458, 0.8114436997355164, 0.81319477139449, 0.8161817417397018, 0.816542983822571, 0.8178184751581408, 0.8190735256479115, 0.8200476741449997, 0.8207831888667749, 0.8222722903282101]}


{'loss': [38.34068590402603, 37.08939874172211, 36.168834403157234, 36.46404927968979, 36.71239377558231, 35.32721880078316, 35.54916015267372, 34.38563230633736, 35.780174136161804, 35.21293705701828, 35.64419023692608, 35.11394056677818, 34.21634238958359, 35.143862783908844, 33.68881508708, 35.13158182799816, 35.069427996873856, 34.30887119472027, 34.17372623085976, 34.705870538949966, 34.05305305123329, 34.073511466383934], 'accuracy': [0.5074276778733385, 0.5269741985926505, 0.5504300234558248, 0.54573885848319, 0.5410476935105551, 0.563721657544957, 0.5480844409695075, 0.5856137607505864, 0.5559030492572322, 0.5629397967161845, 0.562157935887412, 0.5574667709147771, 0.5762314308053167, 0.5645035183737295, 0.5918686473807663, 0.563721657544957, 0.562157935887412, 0.5738858483189992, 0.5746677091477717, 0.5707584050039093, 0.5785770132916341, 0.5723221266614542], 'auc': [0.7442823501770489, 0.7669424609243929, 0.7775417632910078, 0.7844019550437409, 0.7877576727613631, 0.7937987228947554, 0.7979111876468038, 0.8019437824756239, 0.8019045519605688, 0.8036150251450263, 0.8056869777191458, 0.8092678610843458, 0.8114436997355164, 0.81319477139449, 0.8161817417397018, 0.816542983822571, 0.8178184751581408, 0.8190735256479115, 0.8200476741449997, 0.8207831888667749, 0.8222722903282101, 0.824162479360215]}

[92mINFO [0m:      Sent reply
[92mINFO [0m:      
[92mINFO [0m:      [RUN 0, ROUND ]
[92mINFO [0m:      Received: train message 02a66049-e813-45a9-8a80-0f79cee4e696
[93mWARNING [0m:   Deprecation Warning: The `client_fn` function must return an instance of `Client`, but an instance of `NumpyClient` was returned. Please use `NumPyClient.to_client()` method to convert it to `Client`.
[92mINFO [0m:      Sent reply
[92mINFO [0m:      
[92mINFO [0m:      [RUN 0, ROUND ]
[92mINFO [0m:      Received: evaluate message b839044d-501a-4ea3-b396-71241be5559a
[93mWARNING [0m:   Deprecation Warning: The `client_fn` function must return an instance of `Client`, but an instance of `NumpyClient` was returned. Please use `NumPyClient.to_client()` method to convert it to `Client`.
[92mINFO [0m:      Sent reply
[92mINFO [0m:      
[92mINFO [0m:      [RUN 0, ROUND ]
[92mINFO [0m:      Received: train message 336cb83c-e5e7-4e53-86c5-a835e734f9da
[93mWARNING [0m:   Deprecation Warning: The `client_fn` function must return an instance of `Client`, but an instance of `NumpyClient` was returned. Please use `NumPyClient.to_client()` method to convert it to `Client`.
[92mINFO [0m:      Sent reply
[92mINFO [0m:      
[92mINFO [0m:      [RUN 0, ROUND ]
[92mINFO [0m:      Received: evaluate message 130ec1ad-a60c-464a-8707-5401cdece21c
[93mWARNING [0m:   Deprecation Warning: The `client_fn` function must return an instance of `Client`, but an instance of `NumpyClient` was returned. Please use `NumPyClient.to_client()` method to convert it to `Client`.
[92mINFO [0m:      Sent reply
[92mINFO [0m:      
[92mINFO [0m:      [RUN 0, ROUND ]
[92mINFO [0m:      Received: train message 79b495b9-995f-4e84-9596-38c73d6b3fb9
[93mWARNING [0m:   Deprecation Warning: The `client_fn` function must return an instance of `Client`, but an instance of `NumpyClient` was returned. Please use `NumPyClient.to_client()` method to convert it to `Client`.
[92mINFO [0m:      Sent reply
[92mINFO [0m:      
[92mINFO [0m:      [RUN 0, ROUND ]
[92mINFO [0m:      Received: evaluate message 089b3bd9-edc3-4c80-b28a-152c56564c10
[93mWARNING [0m:   Deprecation Warning: The `client_fn` function must return an instance of `Client`, but an instance of `NumpyClient` was returned. Please use `NumPyClient.to_client()` method to convert it to `Client`.
[92mINFO [0m:      Sent reply
[92mINFO [0m:      
[92mINFO [0m:      [RUN 0, ROUND ]
[92mINFO [0m:      Received: train message e40dda04-24eb-4ed9-903b-92ec331bf10a
[93mWARNING [0m:   Deprecation Warning: The `client_fn` function must return an instance of `Client`, but an instance of `NumpyClient` was returned. Please use `NumPyClient.to_client()` method to convert it to `Client`.
[92mINFO [0m:      Sent reply
[92mINFO [0m:      
[92mINFO [0m:      [RUN 0, ROUND ]
[92mINFO [0m:      Received: evaluate message 13d70d1f-140b-4487-becc-3dbdf4884f8b
[93mWARNING [0m:   Deprecation Warning: The `client_fn` function must return an instance of `Client`, but an instance of `NumpyClient` was returned. Please use `NumPyClient.to_client()` method to convert it to `Client`.
[92mINFO [0m:      Sent reply
[92mINFO [0m:      
[92mINFO [0m:      [RUN 0, ROUND ]
[92mINFO [0m:      Received: train message ccbf0e56-66cc-4fe8-8850-9c5a77bd66b5
[93mWARNING [0m:   Deprecation Warning: The `client_fn` function must return an instance of `Client`, but an instance of `NumpyClient` was returned. Please use `NumPyClient.to_client()` method to convert it to `Client`.
[92mINFO [0m:      Sent reply
[92mINFO [0m:      
[92mINFO [0m:      [RUN 0, ROUND ]
[92mINFO [0m:      Received: evaluate message ca86e1d4-885c-4b90-993e-14150b0ac6f3
[93mWARNING [0m:   Deprecation Warning: The `client_fn` function must return an instance of `Client`, but an instance of `NumpyClient` was returned. Please use `NumPyClient.to_client()` method to convert it to `Client`.

{'loss': [38.34068590402603, 37.08939874172211, 36.168834403157234, 36.46404927968979, 36.71239377558231, 35.32721880078316, 35.54916015267372, 34.38563230633736, 35.780174136161804, 35.21293705701828, 35.64419023692608, 35.11394056677818, 34.21634238958359, 35.143862783908844, 33.68881508708, 35.13158182799816, 35.069427996873856, 34.30887119472027, 34.17372623085976, 34.705870538949966, 34.05305305123329, 34.073511466383934, 33.06512513756752], 'accuracy': [0.5074276778733385, 0.5269741985926505, 0.5504300234558248, 0.54573885848319, 0.5410476935105551, 0.563721657544957, 0.5480844409695075, 0.5856137607505864, 0.5559030492572322, 0.5629397967161845, 0.562157935887412, 0.5574667709147771, 0.5762314308053167, 0.5645035183737295, 0.5918686473807663, 0.563721657544957, 0.562157935887412, 0.5738858483189992, 0.5746677091477717, 0.5707584050039093, 0.5785770132916341, 0.5723221266614542, 0.602814698983581], 'auc': [0.7442823501770489, 0.7669424609243929, 0.7775417632910078, 0.7844019550437409, 0.7877576727613631, 0.7937987228947554, 0.7979111876468038, 0.8019437824756239, 0.8019045519605688, 0.8036150251450263, 0.8056869777191458, 0.8092678610843458, 0.8114436997355164, 0.81319477139449, 0.8161817417397018, 0.816542983822571, 0.8178184751581408, 0.8190735256479115, 0.8200476741449997, 0.8207831888667749, 0.8222722903282101, 0.824162479360215, 0.826954677872396]}


{'loss': [38.34068590402603, 37.08939874172211, 36.168834403157234, 36.46404927968979, 36.71239377558231, 35.32721880078316, 35.54916015267372, 34.38563230633736, 35.780174136161804, 35.21293705701828, 35.64419023692608, 35.11394056677818, 34.21634238958359, 35.143862783908844, 33.68881508708, 35.13158182799816, 35.069427996873856, 34.30887119472027, 34.17372623085976, 34.705870538949966, 34.05305305123329, 34.073511466383934, 33.06512513756752, 33.518659710884094], 'accuracy': [0.5074276778733385, 0.5269741985926505, 0.5504300234558248, 0.54573885848319, 0.5410476935105551, 0.563721657544957, 0.5480844409695075, 0.5856137607505864, 0.5559030492572322, 0.5629397967161845, 0.562157935887412, 0.5574667709147771, 0.5762314308053167, 0.5645035183737295, 0.5918686473807663, 0.563721657544957, 0.562157935887412, 0.5738858483189992, 0.5746677091477717, 0.5707584050039093, 0.5785770132916341, 0.5723221266614542, 0.602814698983581, 0.5863956215793589], 'auc': [0.7442823501770489, 0.7669424609243929, 0.7775417632910078, 0.7844019550437409, 0.7877576727613631, 0.7937987228947554, 0.7979111876468038, 0.8019437824756239, 0.8019045519605688, 0.8036150251450263, 0.8056869777191458, 0.8092678610843458, 0.8114436997355164, 0.81319477139449, 0.8161817417397018, 0.816542983822571, 0.8178184751581408, 0.8190735256479115, 0.8200476741449997, 0.8207831888667749, 0.8222722903282101, 0.824162479360215, 0.826954677872396, 0.8264546757877627]}


{'loss': [38.34068590402603, 37.08939874172211, 36.168834403157234, 36.46404927968979, 36.71239377558231, 35.32721880078316, 35.54916015267372, 34.38563230633736, 35.780174136161804, 35.21293705701828, 35.64419023692608, 35.11394056677818, 34.21634238958359, 35.143862783908844, 33.68881508708, 35.13158182799816, 35.069427996873856, 34.30887119472027, 34.17372623085976, 34.705870538949966, 34.05305305123329, 34.073511466383934, 33.06512513756752, 33.518659710884094, 33.43440352380276], 'accuracy': [0.5074276778733385, 0.5269741985926505, 0.5504300234558248, 0.54573885848319, 0.5410476935105551, 0.563721657544957, 0.5480844409695075, 0.5856137607505864, 0.5559030492572322, 0.5629397967161845, 0.562157935887412, 0.5574667709147771, 0.5762314308053167, 0.5645035183737295, 0.5918686473807663, 0.563721657544957, 0.562157935887412, 0.5738858483189992, 0.5746677091477717, 0.5707584050039093, 0.5785770132916341, 0.5723221266614542, 0.602814698983581, 0.5863956215793589, 0.5918686473807663], 'auc': [0.7442823501770489, 0.7669424609243929, 0.7775417632910078, 0.7844019550437409, 0.7877576727613631, 0.7937987228947554, 0.7979111876468038, 0.8019437824756239, 0.8019045519605688, 0.8036150251450263, 0.8056869777191458, 0.8092678610843458, 0.8114436997355164, 0.81319477139449, 0.8161817417397018, 0.816542983822571, 0.8178184751581408, 0.8190735256479115, 0.8200476741449997, 0.8207831888667749, 0.8222722903282101, 0.824162479360215, 0.826954677872396, 0.8264546757877627, 0.8286334489050484]}


{'loss': [38.34068590402603, 37.08939874172211, 36.168834403157234, 36.46404927968979, 36.71239377558231, 35.32721880078316, 35.54916015267372, 34.38563230633736, 35.780174136161804, 35.21293705701828, 35.64419023692608, 35.11394056677818, 34.21634238958359, 35.143862783908844, 33.68881508708, 35.13158182799816, 35.069427996873856, 34.30887119472027, 34.17372623085976, 34.705870538949966, 34.05305305123329, 34.073511466383934, 33.06512513756752, 33.518659710884094, 33.43440352380276, 34.98529992997646], 'accuracy': [0.5074276778733385, 0.5269741985926505, 0.5504300234558248, 0.54573885848319, 0.5410476935105551, 0.563721657544957, 0.5480844409695075, 0.5856137607505864, 0.5559030492572322, 0.5629397967161845, 0.562157935887412, 0.5574667709147771, 0.5762314308053167, 0.5645035183737295, 0.5918686473807663, 0.563721657544957, 0.562157935887412, 0.5738858483189992, 0.5746677091477717, 0.5707584050039093, 0.5785770132916341, 0.5723221266614542, 0.602814698983581, 0.5863956215793589, 0.5918686473807663, 0.5684128225175918], 'auc': [0.7442823501770489, 0.7669424609243929, 0.7775417632910078, 0.7844019550437409, 0.7877576727613631, 0.7937987228947554, 0.7979111876468038, 0.8019437824756239, 0.8019045519605688, 0.8036150251450263, 0.8056869777191458, 0.8092678610843458, 0.8114436997355164, 0.81319477139449, 0.8161817417397018, 0.816542983822571, 0.8178184751581408, 0.8190735256479115, 0.8200476741449997, 0.8207831888667749, 0.8222722903282101, 0.824162479360215, 0.826954677872396, 0.8264546757877627, 0.8286334489050484, 0.8271155749127829]}


{'loss': [38.34068590402603, 37.08939874172211, 36.168834403157234, 36.46404927968979, 36.71239377558231, 35.32721880078316, 35.54916015267372, 34.38563230633736, 35.780174136161804, 35.21293705701828, 35.64419023692608, 35.11394056677818, 34.21634238958359, 35.143862783908844, 33.68881508708, 35.13158182799816, 35.069427996873856, 34.30887119472027, 34.17372623085976, 34.705870538949966, 34.05305305123329, 34.073511466383934, 33.06512513756752, 33.518659710884094, 33.43440352380276, 34.98529992997646, 33.57016244530678], 'accuracy': [0.5074276778733385, 0.5269741985926505, 0.5504300234558248, 0.54573885848319, 0.5410476935105551, 0.563721657544957, 0.5480844409695075, 0.5856137607505864, 0.5559030492572322, 0.5629397967161845, 0.562157935887412, 0.5574667709147771, 0.5762314308053167, 0.5645035183737295, 0.5918686473807663, 0.563721657544957, 0.562157935887412, 0.5738858483189992, 0.5746677091477717, 0.5707584050039093, 0.5785770132916341, 0.5723221266614542, 0.602814698983581, 0.5863956215793589, 0.5918686473807663, 0.5684128225175918, 0.5832681782642689], 'auc': [0.7442823501770489, 0.7669424609243929, 0.7775417632910078, 0.7844019550437409, 0.7877576727613631, 0.7937987228947554, 0.7979111876468038, 0.8019437824756239, 0.8019045519605688, 0.8036150251450263, 0.8056869777191458, 0.8092678610843458, 0.8114436997355164, 0.81319477139449, 0.8161817417397018, 0.816542983822571, 0.8178184751581408, 0.8190735256479115, 0.8200476741449997, 0.8207831888667749, 0.8222722903282101, 0.824162479360215, 0.826954677872396, 0.8264546757877627, 0.8286334489050484, 0.8271155749127829, 0.8297946231550504]}

[92mINFO [0m:      Sent reply
[92mINFO [0m:      
[92mINFO [0m:      [RUN 0, ROUND ]
[92mINFO [0m:      Received: train message 43f5c246-dab8-4ebc-8ba0-a5000fc9406e
[93mWARNING [0m:   Deprecation Warning: The `client_fn` function must return an instance of `Client`, but an instance of `NumpyClient` was returned. Please use `NumPyClient.to_client()` method to convert it to `Client`.
[92mINFO [0m:      Sent reply
[92mINFO [0m:      
[92mINFO [0m:      [RUN 0, ROUND ]
[92mINFO [0m:      Received: evaluate message 0eb71cc8-a1e0-4eff-882d-bf0d085d9428
[93mWARNING [0m:   Deprecation Warning: The `client_fn` function must return an instance of `Client`, but an instance of `NumpyClient` was returned. Please use `NumPyClient.to_client()` method to convert it to `Client`.
[92mINFO [0m:      Sent reply
[92mINFO [0m:      
[92mINFO [0m:      [RUN 0, ROUND ]
[92mINFO [0m:      Received: train message 1040199b-4bc0-46b0-afd1-03825d81a05c
[93mWARNING [0m:   Deprecation Warning: The `client_fn` function must return an instance of `Client`, but an instance of `NumpyClient` was returned. Please use `NumPyClient.to_client()` method to convert it to `Client`.
[92mINFO [0m:      Sent reply
[92mINFO [0m:      
[92mINFO [0m:      [RUN 0, ROUND ]
[92mINFO [0m:      Received: evaluate message 9419e9f3-6e02-440c-b1c3-a7646f662f3b
[93mWARNING [0m:   Deprecation Warning: The `client_fn` function must return an instance of `Client`, but an instance of `NumpyClient` was returned. Please use `NumPyClient.to_client()` method to convert it to `Client`.
[92mINFO [0m:      Sent reply
[92mINFO [0m:      
[92mINFO [0m:      [RUN 0, ROUND ]
[92mINFO [0m:      Received: reconnect message 8f9666ca-464f-4434-8f87-98c170b9ef7c
[92mINFO [0m:      Disconnect and shut down

{'loss': [38.34068590402603, 37.08939874172211, 36.168834403157234, 36.46404927968979, 36.71239377558231, 35.32721880078316, 35.54916015267372, 34.38563230633736, 35.780174136161804, 35.21293705701828, 35.64419023692608, 35.11394056677818, 34.21634238958359, 35.143862783908844, 33.68881508708, 35.13158182799816, 35.069427996873856, 34.30887119472027, 34.17372623085976, 34.705870538949966, 34.05305305123329, 34.073511466383934, 33.06512513756752, 33.518659710884094, 33.43440352380276, 34.98529992997646, 33.57016244530678, 34.12192152440548], 'accuracy': [0.5074276778733385, 0.5269741985926505, 0.5504300234558248, 0.54573885848319, 0.5410476935105551, 0.563721657544957, 0.5480844409695075, 0.5856137607505864, 0.5559030492572322, 0.5629397967161845, 0.562157935887412, 0.5574667709147771, 0.5762314308053167, 0.5645035183737295, 0.5918686473807663, 0.563721657544957, 0.562157935887412, 0.5738858483189992, 0.5746677091477717, 0.5707584050039093, 0.5785770132916341, 0.5723221266614542, 0.602814698983581, 0.5863956215793589, 0.5918686473807663, 0.5684128225175918, 0.5832681782642689, 0.5699765441751369], 'auc': [0.7442823501770489, 0.7669424609243929, 0.7775417632910078, 0.7844019550437409, 0.7877576727613631, 0.7937987228947554, 0.7979111876468038, 0.8019437824756239, 0.8019045519605688, 0.8036150251450263, 0.8056869777191458, 0.8092678610843458, 0.8114436997355164, 0.81319477139449, 0.8161817417397018, 0.816542983822571, 0.8178184751581408, 0.8190735256479115, 0.8200476741449997, 0.8207831888667749, 0.8222722903282101, 0.824162479360215, 0.826954677872396, 0.8264546757877627, 0.8286334489050484, 0.8271155749127829, 0.8297946231550504, 0.8301413418389451]}


{'loss': [38.34068590402603, 37.08939874172211, 36.168834403157234, 36.46404927968979, 36.71239377558231, 35.32721880078316, 35.54916015267372, 34.38563230633736, 35.780174136161804, 35.21293705701828, 35.64419023692608, 35.11394056677818, 34.21634238958359, 35.143862783908844, 33.68881508708, 35.13158182799816, 35.069427996873856, 34.30887119472027, 34.17372623085976, 34.705870538949966, 34.05305305123329, 34.073511466383934, 33.06512513756752, 33.518659710884094, 33.43440352380276, 34.98529992997646, 33.57016244530678, 34.12192152440548, 33.60078391432762], 'accuracy': [0.5074276778733385, 0.5269741985926505, 0.5504300234558248, 0.54573885848319, 0.5410476935105551, 0.563721657544957, 0.5480844409695075, 0.5856137607505864, 0.5559030492572322, 0.5629397967161845, 0.562157935887412, 0.5574667709147771, 0.5762314308053167, 0.5645035183737295, 0.5918686473807663, 0.563721657544957, 0.562157935887412, 0.5738858483189992, 0.5746677091477717, 0.5707584050039093, 0.5785770132916341, 0.5723221266614542, 0.602814698983581, 0.5863956215793589, 0.5918686473807663, 0.5684128225175918, 0.5832681782642689, 0.5699765441751369, 0.5824863174354965], 'auc': [0.7442823501770489, 0.7669424609243929, 0.7775417632910078, 0.7844019550437409, 0.7877576727613631, 0.7937987228947554, 0.7979111876468038, 0.8019437824756239, 0.8019045519605688, 0.8036150251450263, 0.8056869777191458, 0.8092678610843458, 0.8114436997355164, 0.81319477139449, 0.8161817417397018, 0.816542983822571, 0.8178184751581408, 0.8190735256479115, 0.8200476741449997, 0.8207831888667749, 0.8222722903282101, 0.824162479360215, 0.826954677872396, 0.8264546757877627, 0.8286334489050484, 0.8271155749127829, 0.8297946231550504, 0.8301413418389451, 0.8314172780713341]}


{'loss': [38.34068590402603, 37.08939874172211, 36.168834403157234, 36.46404927968979, 36.71239377558231, 35.32721880078316, 35.54916015267372, 34.38563230633736, 35.780174136161804, 35.21293705701828, 35.64419023692608, 35.11394056677818, 34.21634238958359, 35.143862783908844, 33.68881508708, 35.13158182799816, 35.069427996873856, 34.30887119472027, 34.17372623085976, 34.705870538949966, 34.05305305123329, 34.073511466383934, 33.06512513756752, 33.518659710884094, 33.43440352380276, 34.98529992997646, 33.57016244530678, 34.12192152440548, 33.60078391432762, 32.470991641283035], 'accuracy': [0.5074276778733385, 0.5269741985926505, 0.5504300234558248, 0.54573885848319, 0.5410476935105551, 0.563721657544957, 0.5480844409695075, 0.5856137607505864, 0.5559030492572322, 0.5629397967161845, 0.562157935887412, 0.5574667709147771, 0.5762314308053167, 0.5645035183737295, 0.5918686473807663, 0.563721657544957, 0.562157935887412, 0.5738858483189992, 0.5746677091477717, 0.5707584050039093, 0.5785770132916341, 0.5723221266614542, 0.602814698983581, 0.5863956215793589, 0.5918686473807663, 0.5684128225175918, 0.5832681782642689, 0.5699765441751369, 0.5824863174354965, 0.6231430805316653], 'auc': [0.7442823501770489, 0.7669424609243929, 0.7775417632910078, 0.7844019550437409, 0.7877576727613631, 0.7937987228947554, 0.7979111876468038, 0.8019437824756239, 0.8019045519605688, 0.8036150251450263, 0.8056869777191458, 0.8092678610843458, 0.8114436997355164, 0.81319477139449, 0.8161817417397018, 0.816542983822571, 0.8178184751581408, 0.8190735256479115, 0.8200476741449997, 0.8207831888667749, 0.8222722903282101, 0.824162479360215, 0.826954677872396, 0.8264546757877627, 0.8286334489050484, 0.8271155749127829, 0.8297946231550504, 0.8301413418389451, 0.8314172780713341, 0.8337813898725985]}

Traceback (most recent call last):
  File "client_3.py", line 157, in <module>
    fl.client.start_client(
AttributeError: 'NoneType' object has no attribute 'to_client'
