nohup: ignoring input
/home/dgxuser16/.local/lib/python3.8/site-packages/albumentations/__init__.py:13: UserWarning: A new version of Albumentations is available: 2.0.0 (you have 1.4.18). Upgrade using: pip install -U albumentations. To disable automatic update checks, set the environment variable NO_ALBUMENTATIONS_UPDATE to 1.
  check_for_updates()
/home/dgxuser16/.local/lib/python3.8/site-packages/torchvision/io/image.py:13: UserWarning: Failed to load image Python extension: '/raid/home/dgxuser16/.local/lib/python3.8/site-packages/torchvision/image.so: undefined symbol: _ZN3c1017RegisterOperatorsD1Ev'If you don't plan on using image functionality from `torchvision.io`, you can ignore this warning. Otherwise, there might be something wrong with your environment. Did you have `libjpeg` or `libpng` installed before building `torchvision` from source?
  warn(
/raid/home/dgxuser16/NTL/mccarthy/ahmad/github/adaptive_privacy_fl/without_dp/version_01/flamby/datasets/fed_isic2019/dataset.py:222: DeprecationWarning: Flip is deprecated. Consider using HorizontalFlip, VerticalFlip, RandomRotate90 or D4.
  albumentations.Flip(p=0.5),
/home/dgxuser16/.local/lib/python3.8/site-packages/pydantic/main.py:214: DeprecationWarning: `max_holes` is deprecated. Use num_holes_range instead.
  validated_self = self.__pydantic_validator__.validate_python(data, self_instance=self)
/home/dgxuser16/.local/lib/python3.8/site-packages/pydantic/main.py:214: DeprecationWarning: `max_height` is deprecated. Use hole_height_range instead.
  validated_self = self.__pydantic_validator__.validate_python(data, self_instance=self)
/home/dgxuser16/.local/lib/python3.8/site-packages/pydantic/main.py:214: DeprecationWarning: `max_width` is deprecated. Use hole_width_range instead.
  validated_self = self.__pydantic_validator__.validate_python(data, self_instance=self)
/home/dgxuser16/.local/lib/python3.8/site-packages/albumentations/core/validation.py:45: DeprecationWarning: always_apply is deprecated. Use `p=1` if you want to always apply the transform. self.p will be set to 1.
  original_init(self, **validated_kwargs)
/home/dgxuser16/.local/lib/python3.8/site-packages/albumentations/core/validation.py:45: DeprecationWarning: always_apply is deprecated. Use `p=1` if you want to always apply the transform. self.p will be set to 1.
  original_init(self, **validated_kwargs)
[92mINFO [0m:      
[92mINFO [0m:      [RUN 0, ROUND ]
[92mINFO [0m:      Received: train message b2c9b372-9ec2-4be8-91fe-520e7392f1e9
[93mWARNING [0m:   Deprecation Warning: The `client_fn` function must return an instance of `Client`, but an instance of `NumpyClient` was returned. Please use `NumPyClient.to_client()` method to convert it to `Client`.
[92mINFO [0m:      Sent reply
[92mINFO [0m:      
[92mINFO [0m:      [RUN 0, ROUND ]
[92mINFO [0m:      Received: evaluate message 4e784b07-7333-44e9-a260-99d0a2eaf42d
[93mWARNING [0m:   Deprecation Warning: The `client_fn` function must return an instance of `Client`, but an instance of `NumpyClient` was returned. Please use `NumPyClient.to_client()` method to convert it to `Client`.
[92mINFO [0m:      Sent reply
[92mINFO [0m:      
[92mINFO [0m:      [RUN 0, ROUND ]
[92mINFO [0m:      Received: train message 6fdc56a4-3c8e-4992-8ff0-fcb6f0f1e621
[93mWARNING [0m:   Deprecation Warning: The `client_fn` function must return an instance of `Client`, but an instance of `NumpyClient` was returned. Please use `NumPyClient.to_client()` method to convert it to `Client`.
[92mINFO [0m:      Sent reply
[92mINFO [0m:      
[92mINFO [0m:      [RUN 0, ROUND ]
[92mINFO [0m:      Received: evaluate message dbefd61e-dd20-4abe-b82f-69867e3e4593
[93mWARNING [0m:   Deprecation Warning: The `client_fn` function must return an instance of `Client`, but an instance of `NumpyClient` was returned. Please use `NumPyClient.to_client()` method to convert it to `Client`.
[92mINFO [0m:      Sent reply
[92mINFO [0m:      
[92mINFO [0m:      [RUN 0, ROUND ]
[92mINFO [0m:      Received: train message 0c640305-9c1c-4d4c-8249-3ca93b238256
[93mWARNING [0m:   Deprecation Warning: The `client_fn` function must return an instance of `Client`, but an instance of `NumpyClient` was returned. Please use `NumPyClient.to_client()` method to convert it to `Client`.
[92mINFO [0m:      Sent reply
[92mINFO [0m:      
[92mINFO [0m:      [RUN 0, ROUND ]
[92mINFO [0m:      Received: evaluate message 46687aed-c8cd-4aca-9fc1-3afe77d6aa33
[93mWARNING [0m:   Deprecation Warning: The `client_fn` function must return an instance of `Client`, but an instance of `NumpyClient` was returned. Please use `NumPyClient.to_client()` method to convert it to `Client`.
[92mINFO [0m:      Sent reply
[92mINFO [0m:      
[92mINFO [0m:      [RUN 0, ROUND ]
[92mINFO [0m:      Received: train message f4618579-075d-4198-8118-cbf75fb433c9
[93mWARNING [0m:   Deprecation Warning: The `client_fn` function must return an instance of `Client`, but an instance of `NumpyClient` was returned. Please use `NumPyClient.to_client()` method to convert it to `Client`.
[92mINFO [0m:      Sent reply
[92mINFO [0m:      
[92mINFO [0m:      [RUN 0, ROUND ]
[92mINFO [0m:      Received: evaluate message 25fbcd45-dbf3-4431-abf9-c34cb5a78bb3
[93mWARNING [0m:   Deprecation Warning: The `client_fn` function must return an instance of `Client`, but an instance of `NumpyClient` was returned. Please use `NumPyClient.to_client()` method to convert it to `Client`.
[92mINFO [0m:      Sent reply
[92mINFO [0m:      
[92mINFO [0m:      [RUN 0, ROUND ]
[92mINFO [0m:      Received: train message a2b46571-1ec3-453a-b2a3-58dd1d38a743
[93mWARNING [0m:   Deprecation Warning: The `client_fn` function must return an instance of `Client`, but an instance of `NumpyClient` was returned. Please use `NumPyClient.to_client()` method to convert it to `Client`.
[92mINFO [0m:      Sent reply
[92mINFO [0m:      
[92mINFO [0m:      [RUN 0, ROUND ]
[92mINFO [0m:      Received: evaluate message 0fe10fff-13ea-4340-9638-5cfed54086db
[93mWARNING [0m:   Deprecation Warning: The `client_fn` function must return an instance of `Client`, but an instance of `NumpyClient` was returned. Please use `NumPyClient.to_client()` method to convert it to `Client`.
[92mINFO [0m:      Sent reply
[92mINFO [0m:      
[92mINFO [0m:      [RUN 0, ROUND ]
[92mINFO [0m:      Received: train message e7a90983-f7b4-4e11-bccf-a17f6449040b
[93mWARNING [0m:   Deprecation Warning: The `client_fn` function must return an instance of `Client`, but an instance of `NumpyClient` was returned. Please use `NumPyClient.to_client()` method to convert it to `Client`.
[92mINFO [0m:      Sent reply
[92mINFO [0m:      
[92mINFO [0m:      [RUN 0, ROUND ]
[92mINFO [0m:      Received: evaluate message 68e0e6c6-d454-49e1-a628-68e91b68c89c
[93mWARNING [0m:   Deprecation Warning: The `client_fn` function must return an instance of `Client`, but an instance of `NumpyClient` was returned. Please use `NumPyClient.to_client()` method to convert it to `Client`.
[92mINFO [0m:      Sent reply
[92mINFO [0m:      
[92mINFO [0m:      [RUN 0, ROUND ]
[92mINFO [0m:      Received: train message 0df814d3-bd08-42d8-927d-3bb223d253da
[93mWARNING [0m:   Deprecation Warning: The `client_fn` function must return an instance of `Client`, but an instance of `NumpyClient` was returned. Please use `NumPyClient.to_client()` method to convert it to `Client`.
[92mINFO [0m:      Sent reply
[92mINFO [0m:      
[92mINFO [0m:      [RUN 0, ROUND ]
[92mINFO [0m:      Received: evaluate message 69608d23-9dff-434c-8367-f4cc1d8f7ce1
[93mWARNING [0m:   Deprecation Warning: The `client_fn` function must return an instance of `Client`, but an instance of `NumpyClient` was returned. Please use `NumPyClient.to_client()` method to convert it to `Client`.
[92mINFO [0m:      Sent reply
[92mINFO [0m:      
[92mINFO [0m:      [RUN 0, ROUND ]
[92mINFO [0m:      Received: train message bfeb1549-a732-4a59-a827-f8610f2f2f7d
[93mWARNING [0m:   Deprecation Warning: The `client_fn` function must return an instance of `Client`, but an instance of `NumpyClient` was returned. Please use `NumPyClient.to_client()` method to convert it to `Client`.
[92mINFO [0m:      Sent reply
[92mINFO [0m:      
[92mINFO [0m:      [RUN 0, ROUND ]
[92mINFO [0m:      Received: evaluate message 20a3bfe5-58e5-4e31-a9d6-02becabed8da
[93mWARNING [0m:   Deprecation Warning: The `client_fn` function must return an instance of `Client`, but an instance of `NumpyClient` was returned. Please use `NumPyClient.to_client()` method to convert it to `Client`.
[92mINFO [0m:      Sent reply
[92mINFO [0m:      
[92mINFO [0m:      [RUN 0, ROUND ]
[92mINFO [0m:      Received: train message 5ca4c5d5-3ba6-42bf-a308-f02cf9ff634c
[93mWARNING [0m:   Deprecation Warning: The `client_fn` function must return an instance of `Client`, but an instance of `NumpyClient` was returned. Please use `NumPyClient.to_client()` method to convert it to `Client`.
[92mINFO [0m:      Sent reply
[92mINFO [0m:      
[92mINFO [0m:      [RUN 0, ROUND ]
[92mINFO [0m:      Received: evaluate message 691469aa-3bdd-4e79-b725-889d8572c5f9
[93mWARNING [0m:   Deprecation Warning: The `client_fn` function must return an instance of `Client`, but an instance of `NumpyClient` was returned. Please use `NumPyClient.to_client()` method to convert it to `Client`.
[92mINFO [0m:      Sent reply
[92mINFO [0m:      
[92mINFO [0m:      [RUN 0, ROUND ]
[92mINFO [0m:      Received: train message 6c91be42-3421-44b7-90c7-b487bf74d959
[93mWARNING [0m:   Deprecation Warning: The `client_fn` function must return an instance of `Client`, but an instance of `NumpyClient` was returned. Please use `NumPyClient.to_client()` method to convert it to `Client`.
[92mINFO [0m:      Sent reply
[92mINFO [0m:      
[92mINFO [0m:      [RUN 0, ROUND ]
[92mINFO [0m:      Received: evaluate message 8ce59eb4-6eb7-4662-911e-8eb81ae4efdc
[93mWARNING [0m:   Deprecation Warning: The `client_fn` function must return an instance of `Client`, but an instance of `NumpyClient` was returned. Please use `NumPyClient.to_client()` method to convert it to `Client`.
[92mINFO [0m:      Sent reply
[92mINFO [0m:      
[92mINFO [0m:      [RUN 0, ROUND ]
[92mINFO [0m:      Received: train message 07481c18-d78d-4c9f-9622-5b5e0e676289
[93mWARNING [0m:   Deprecation Warning: The `client_fn` function must return an instance of `Client`, but an instance of `NumpyClient` was returned. Please use `NumPyClient.to_client()` method to convert it to `Client`.
[92mINFO [0m:      Sent reply
[92mINFO [0m:      
[92mINFO [0m:      [RUN 0, ROUND ]
[92mINFO [0m:      Received: evaluate message db5c31e4-ec4f-4e60-8994-610720e05859
[93mWARNING [0m:   Deprecation Warning: The `client_fn` function must return an instance of `Client`, but an instance of `NumpyClient` was returned. Please use `NumPyClient.to_client()` method to convert it to `Client`.
[92mINFO [0m:      Sent reply
[92mINFO [0m:      
[92mINFO [0m:      [RUN 0, ROUND ]
[92mINFO [0m:      Received: train message 8a0fd9ca-7189-46f2-9875-9df384c081fd
[93mWARNING [0m:   Deprecation Warning: The `client_fn` function must return an instance of `Client`, but an instance of `NumpyClient` was returned. Please use `NumPyClient.to_client()` method to convert it to `Client`.
[92mINFO [0m:      Sent reply
[92mINFO [0m:      
[92mINFO [0m:      [RUN 0, ROUND ]
[92mINFO [0m:      Received: evaluate message 88a47da1-ef1d-4126-b447-82eb609c5354
[93mWARNING [0m:   Deprecation Warning: The `client_fn` function must return an instance of `Client`, but an instance of `NumpyClient` was returned. Please use `NumPyClient.to_client()` method to convert it to `Client`.
[92mINFO [0m:      Sent reply
[92mINFO [0m:      
[92mINFO [0m:      [RUN 0, ROUND ]
[92mINFO [0m:      Received: train message 6b509e02-02b1-4490-af26-eecb3dc6da20
[93mWARNING [0m:   Deprecation Warning: The `client_fn` function must return an instance of `Client`, but an instance of `NumpyClient` was returned. Please use `NumPyClient.to_client()` method to convert it to `Client`.
[92mINFO [0m:      Sent reply
[92mINFO [0m:      
[92mINFO [0m:      [RUN 0, ROUND ]
[92mINFO [0m:      Received: evaluate message 536370fa-0266-4b00-9f46-7c1629e10da3
[93mWARNING [0m:   Deprecation Warning: The `client_fn` function must return an instance of `Client`, but an instance of `NumpyClient` was returned. Please use `NumPyClient.to_client()` method to convert it to `Client`.
[92mINFO [0m:      Sent reply
[92mINFO [0m:      
[92mINFO [0m:      [RUN 0, ROUND ]
[92mINFO [0m:      Received: train message d339a5b8-5d66-49d5-a3e6-78be2d977d2e
[93mWARNING [0m:   Deprecation Warning: The `client_fn` function must return an instance of `Client`, but an instance of `NumpyClient` was returned. Please use `NumPyClient.to_client()` method to convert it to `Client`.
[92mINFO [0m:      Sent reply
[92mINFO [0m:      
[92mINFO [0m:      [RUN 0, ROUND ]
[92mINFO [0m:      Received: evaluate message d1431a44-6636-49e7-a83f-9a6eb42e8732
[93mWARNING [0m:   Deprecation Warning: The `client_fn` function must return an instance of `Client`, but an instance of `NumpyClient` was returned. Please use `NumPyClient.to_client()` method to convert it to `Client`.
[92mINFO [0m:      Sent reply
[92mINFO [0m:      
[92mINFO [0m:      [RUN 0, ROUND ]
[92mINFO [0m:      Received: train message 6d3e3177-f4a8-45fb-a85e-81d40454f3e0
[93mWARNING [0m:   Deprecation Warning: The `client_fn` function must return an instance of `Client`, but an instance of `NumpyClient` was returned. Please use `NumPyClient.to_client()` method to convert it to `Client`.
[92mINFO [0m:      Sent reply
[92mINFO [0m:      
[92mINFO [0m:      [RUN 0, ROUND ]
[92mINFO [0m:      Received: evaluate message a86bb2cd-ded8-4039-8f73-594b8318e310
[93mWARNING [0m:   Deprecation Warning: The `client_fn` function must return an instance of `Client`, but an instance of `NumpyClient` was returned. Please use `NumPyClient.to_client()` method to convert it to `Client`.
[92mINFO [0m:      Sent reply
[92mINFO [0m:      
[92mINFO [0m:      [RUN 0, ROUND ]
[92mINFO [0m:      Received: train message 03b50e4f-6b6f-4e83-a8fa-257825c5b032
[93mWARNING [0m:   Deprecation Warning: The `client_fn` function must return an instance of `Client`, but an instance of `NumpyClient` was returned. Please use `NumPyClient.to_client()` method to convert it to `Client`.
[92mINFO [0m:      Sent reply
[92mINFO [0m:      
[92mINFO [0m:      [RUN 0, ROUND ]
[92mINFO [0m:      Received: evaluate message de687e3c-94f2-46fa-b790-309f29959ac6
[93mWARNING [0m:   Deprecation Warning: The `client_fn` function must return an instance of `Client`, but an instance of `NumpyClient` was returned. Please use `NumPyClient.to_client()` method to convert it to `Client`.
['/raid/home/dgxuser16/NTL/mccarthy/ahmad/github/adaptive_privacy_fl/without_dp/version_01', '/home/dgxuser16/anaconda3/envs/ihpc/lib/python38.zip', '/home/dgxuser16/anaconda3/envs/ihpc/lib/python3.8', '/home/dgxuser16/anaconda3/envs/ihpc/lib/python3.8/lib-dynload', '/home/dgxuser16/.local/lib/python3.8/site-packages', '/home/dgxuser16/anaconda3/envs/ihpc/lib/python3.8/site-packages', '/raid/home/dgxuser16/NTL/mccarthy/ahmad/github/adaptive_privacy_fl/without_dp/version_01']

{'loss': [112.4945228099823], 'accuracy': [0.4526782118405155], 'auc': [0.7107012369085991]}


{'loss': [112.4945228099823, 103.48577427864075], 'accuracy': [0.4526782118405155, 0.5291985501409585], 'auc': [0.7107012369085991, 0.7524925098385518]}


{'loss': [112.4945228099823, 103.48577427864075, 99.05881971120834], 'accuracy': [0.4526782118405155, 0.5291985501409585, 0.5509464357631897], 'auc': [0.7107012369085991, 0.7524925098385518, 0.777950870458361]}


{'loss': [112.4945228099823, 103.48577427864075, 99.05881971120834, 96.2949748635292], 'accuracy': [0.4526782118405155, 0.5291985501409585, 0.5509464357631897, 0.5694724124043495], 'auc': [0.7107012369085991, 0.7524925098385518, 0.777950870458361, 0.7955177615012599]}


{'loss': [112.4945228099823, 103.48577427864075, 99.05881971120834, 96.2949748635292, 94.236980676651], 'accuracy': [0.4526782118405155, 0.5291985501409585, 0.5509464357631897, 0.5694724124043495, 0.5799436165928312], 'auc': [0.7107012369085991, 0.7524925098385518, 0.777950870458361, 0.7955177615012599, 0.8087944308051879]}


{'loss': [112.4945228099823, 103.48577427864075, 99.05881971120834, 96.2949748635292, 94.236980676651, 92.5092905163765], 'accuracy': [0.4526782118405155, 0.5291985501409585, 0.5509464357631897, 0.5694724124043495, 0.5799436165928312, 0.5892066049134111], 'auc': [0.7107012369085991, 0.7524925098385518, 0.777950870458361, 0.7955177615012599, 0.8087944308051879, 0.8193531980968072]}


{'loss': [112.4945228099823, 103.48577427864075, 99.05881971120834, 96.2949748635292, 94.236980676651, 92.5092905163765, 91.31928181648254], 'accuracy': [0.4526782118405155, 0.5291985501409585, 0.5509464357631897, 0.5694724124043495, 0.5799436165928312, 0.5892066049134111, 0.599275070479259], 'auc': [0.7107012369085991, 0.7524925098385518, 0.777950870458361, 0.7955177615012599, 0.8087944308051879, 0.8193531980968072, 0.8273065519494261]}


{'loss': [112.4945228099823, 103.48577427864075, 99.05881971120834, 96.2949748635292, 94.236980676651, 92.5092905163765, 91.31928181648254, 90.30441337823868], 'accuracy': [0.4526782118405155, 0.5291985501409585, 0.5509464357631897, 0.5694724124043495, 0.5799436165928312, 0.5892066049134111, 0.599275070479259, 0.603705195328232], 'auc': [0.7107012369085991, 0.7524925098385518, 0.777950870458361, 0.7955177615012599, 0.8087944308051879, 0.8193531980968072, 0.8273065519494261, 0.8338625093916315]}


{'loss': [112.4945228099823, 103.48577427864075, 99.05881971120834, 96.2949748635292, 94.236980676651, 92.5092905163765, 91.31928181648254, 90.30441337823868, 89.442666888237], 'accuracy': [0.4526782118405155, 0.5291985501409585, 0.5509464357631897, 0.5694724124043495, 0.5799436165928312, 0.5892066049134111, 0.599275070479259, 0.603705195328232, 0.6065243656866693], 'auc': [0.7107012369085991, 0.7524925098385518, 0.777950870458361, 0.7955177615012599, 0.8087944308051879, 0.8193531980968072, 0.8273065519494261, 0.8338625093916315, 0.8397308747747174]}


{'loss': [112.4945228099823, 103.48577427864075, 99.05881971120834, 96.2949748635292, 94.236980676651, 92.5092905163765, 91.31928181648254, 90.30441337823868, 89.442666888237, 88.6300157904625], 'accuracy': [0.4526782118405155, 0.5291985501409585, 0.5509464357631897, 0.5694724124043495, 0.5799436165928312, 0.5892066049134111, 0.599275070479259, 0.603705195328232, 0.6065243656866693, 0.6105517519130085], 'auc': [0.7107012369085991, 0.7524925098385518, 0.777950870458361, 0.7955177615012599, 0.8087944308051879, 0.8193531980968072, 0.8273065519494261, 0.8338625093916315, 0.8397308747747174, 0.8447037417188664]}


{'loss': [112.4945228099823, 103.48577427864075, 99.05881971120834, 96.2949748635292, 94.236980676651, 92.5092905163765, 91.31928181648254, 90.30441337823868, 89.442666888237, 88.6300157904625, 88.05817198753357], 'accuracy': [0.4526782118405155, 0.5291985501409585, 0.5509464357631897, 0.5694724124043495, 0.5799436165928312, 0.5892066049134111, 0.599275070479259, 0.603705195328232, 0.6065243656866693, 0.6105517519130085, 0.612565445026178], 'auc': [0.7107012369085991, 0.7524925098385518, 0.777950870458361, 0.7955177615012599, 0.8087944308051879, 0.8193531980968072, 0.8273065519494261, 0.8338625093916315, 0.8397308747747174, 0.8447037417188664, 0.84896781696722]}


{'loss': [112.4945228099823, 103.48577427864075, 99.05881971120834, 96.2949748635292, 94.236980676651, 92.5092905163765, 91.31928181648254, 90.30441337823868, 89.442666888237, 88.6300157904625, 88.05817198753357, 87.357057929039], 'accuracy': [0.4526782118405155, 0.5291985501409585, 0.5509464357631897, 0.5694724124043495, 0.5799436165928312, 0.5892066049134111, 0.599275070479259, 0.603705195328232, 0.6065243656866693, 0.6105517519130085, 0.612565445026178, 0.6145791381393476], 'auc': [0.7107012369085991, 0.7524925098385518, 0.777950870458361, 0.7955177615012599, 0.8087944308051879, 0.8193531980968072, 0.8273065519494261, 0.8338625093916315, 0.8397308747747174, 0.8447037417188664, 0.84896781696722, 0.8529488545407262]}


{'loss': [112.4945228099823, 103.48577427864075, 99.05881971120834, 96.2949748635292, 94.236980676651, 92.5092905163765, 91.31928181648254, 90.30441337823868, 89.442666888237, 88.6300157904625, 88.05817198753357, 87.357057929039, 86.87607508897781], 'accuracy': [0.4526782118405155, 0.5291985501409585, 0.5509464357631897, 0.5694724124043495, 0.5799436165928312, 0.5892066049134111, 0.599275070479259, 0.603705195328232, 0.6065243656866693, 0.6105517519130085, 0.612565445026178, 0.6145791381393476, 0.6165928312525171], 'auc': [0.7107012369085991, 0.7524925098385518, 0.777950870458361, 0.7955177615012599, 0.8087944308051879, 0.8193531980968072, 0.8273065519494261, 0.8338625093916315, 0.8397308747747174, 0.8447037417188664, 0.84896781696722, 0.8529488545407262, 0.8559305603821612]}


{'loss': [112.4945228099823, 103.48577427864075, 99.05881971120834, 96.2949748635292, 94.236980676651, 92.5092905163765, 91.31928181648254, 90.30441337823868, 89.442666888237, 88.6300157904625, 88.05817198753357, 87.357057929039, 86.87607508897781, 86.37649208307266], 'accuracy': [0.4526782118405155, 0.5291985501409585, 0.5509464357631897, 0.5694724124043495, 0.5799436165928312, 0.5892066049134111, 0.599275070479259, 0.603705195328232, 0.6065243656866693, 0.6105517519130085, 0.612565445026178, 0.6145791381393476, 0.6165928312525171, 0.6198147402335884], 'auc': [0.7107012369085991, 0.7524925098385518, 0.777950870458361, 0.7955177615012599, 0.8087944308051879, 0.8193531980968072, 0.8273065519494261, 0.8338625093916315, 0.8397308747747174, 0.8447037417188664, 0.84896781696722, 0.8529488545407262, 0.8559305603821612, 0.8591960857266907]}


{'loss': [112.4945228099823, 103.48577427864075, 99.05881971120834, 96.2949748635292, 94.236980676651, 92.5092905163765, 91.31928181648254, 90.30441337823868, 89.442666888237, 88.6300157904625, 88.05817198753357, 87.357057929039, 86.87607508897781, 86.37649208307266, 85.92654812335968], 'accuracy': [0.4526782118405155, 0.5291985501409585, 0.5509464357631897, 0.5694724124043495, 0.5799436165928312, 0.5892066049134111, 0.599275070479259, 0.603705195328232, 0.6065243656866693, 0.6105517519130085, 0.612565445026178, 0.6145791381393476, 0.6165928312525171, 0.6198147402335884, 0.6198147402335884], 'auc': [0.7107012369085991, 0.7524925098385518, 0.777950870458361, 0.7955177615012599, 0.8087944308051879, 0.8193531980968072, 0.8273065519494261, 0.8338625093916315, 0.8397308747747174, 0.8447037417188664, 0.84896781696722, 0.8529488545407262, 0.8559305603821612, 0.8591960857266907, 0.8620741266612488]}

[92mINFO [0m:      Sent reply
[92mINFO [0m:      
[92mINFO [0m:      [RUN 0, ROUND ]
[92mINFO [0m:      Received: train message 03aa6d90-c5e3-4ae4-83d7-75466b8d3b64
[93mWARNING [0m:   Deprecation Warning: The `client_fn` function must return an instance of `Client`, but an instance of `NumpyClient` was returned. Please use `NumPyClient.to_client()` method to convert it to `Client`.
[92mINFO [0m:      Sent reply
[92mINFO [0m:      
[92mINFO [0m:      [RUN 0, ROUND ]
[92mINFO [0m:      Received: evaluate message e55d9a6d-e026-499d-b093-f8ad45a2aa7a
[93mWARNING [0m:   Deprecation Warning: The `client_fn` function must return an instance of `Client`, but an instance of `NumpyClient` was returned. Please use `NumPyClient.to_client()` method to convert it to `Client`.
[92mINFO [0m:      Sent reply
[92mINFO [0m:      
[92mINFO [0m:      [RUN 0, ROUND ]
[92mINFO [0m:      Received: train message a86d2ab1-9840-43ed-b9dd-7deda9f1cac4
[93mWARNING [0m:   Deprecation Warning: The `client_fn` function must return an instance of `Client`, but an instance of `NumpyClient` was returned. Please use `NumPyClient.to_client()` method to convert it to `Client`.
[92mINFO [0m:      Sent reply
[92mINFO [0m:      
[92mINFO [0m:      [RUN 0, ROUND ]
[92mINFO [0m:      Received: evaluate message 9bc1e7b4-8be2-448b-bdfa-2e5b99b78c3d
[93mWARNING [0m:   Deprecation Warning: The `client_fn` function must return an instance of `Client`, but an instance of `NumpyClient` was returned. Please use `NumPyClient.to_client()` method to convert it to `Client`.
[92mINFO [0m:      Sent reply
[92mINFO [0m:      
[92mINFO [0m:      [RUN 0, ROUND ]
[92mINFO [0m:      Received: train message b47aed72-a052-460d-96f8-3697370243f4
[93mWARNING [0m:   Deprecation Warning: The `client_fn` function must return an instance of `Client`, but an instance of `NumpyClient` was returned. Please use `NumPyClient.to_client()` method to convert it to `Client`.
[92mINFO [0m:      Sent reply
[92mINFO [0m:      
[92mINFO [0m:      [RUN 0, ROUND ]
[92mINFO [0m:      Received: evaluate message 2cf638d3-e3b5-41d4-93eb-3ea87d90e2e8
[93mWARNING [0m:   Deprecation Warning: The `client_fn` function must return an instance of `Client`, but an instance of `NumpyClient` was returned. Please use `NumPyClient.to_client()` method to convert it to `Client`.
[92mINFO [0m:      Sent reply
[92mINFO [0m:      
[92mINFO [0m:      [RUN 0, ROUND ]
[92mINFO [0m:      Received: train message 4fcc8a95-1c39-4ce8-8188-93803348e7b7
[93mWARNING [0m:   Deprecation Warning: The `client_fn` function must return an instance of `Client`, but an instance of `NumpyClient` was returned. Please use `NumPyClient.to_client()` method to convert it to `Client`.
[92mINFO [0m:      Sent reply
[92mINFO [0m:      
[92mINFO [0m:      [RUN 0, ROUND ]
[92mINFO [0m:      Received: evaluate message e498a354-0d96-4cdf-bf56-473e15e2ddbe
[93mWARNING [0m:   Deprecation Warning: The `client_fn` function must return an instance of `Client`, but an instance of `NumpyClient` was returned. Please use `NumPyClient.to_client()` method to convert it to `Client`.
[92mINFO [0m:      Sent reply
[92mINFO [0m:      
[92mINFO [0m:      [RUN 0, ROUND ]
[92mINFO [0m:      Received: train message 3ba55db4-8de1-40b8-841b-f47fbb2dca87
[93mWARNING [0m:   Deprecation Warning: The `client_fn` function must return an instance of `Client`, but an instance of `NumpyClient` was returned. Please use `NumPyClient.to_client()` method to convert it to `Client`.
[92mINFO [0m:      Sent reply
[92mINFO [0m:      
[92mINFO [0m:      [RUN 0, ROUND ]
[92mINFO [0m:      Received: evaluate message f4970b52-e641-4902-86df-32e89bfb4f7a
[93mWARNING [0m:   Deprecation Warning: The `client_fn` function must return an instance of `Client`, but an instance of `NumpyClient` was returned. Please use `NumPyClient.to_client()` method to convert it to `Client`.
[92mINFO [0m:      Sent reply
[92mINFO [0m:      
[92mINFO [0m:      [RUN 0, ROUND ]
[92mINFO [0m:      Received: train message 42f4a01b-d542-4d19-ab97-47255bef474e
[93mWARNING [0m:   Deprecation Warning: The `client_fn` function must return an instance of `Client`, but an instance of `NumpyClient` was returned. Please use `NumPyClient.to_client()` method to convert it to `Client`.
[92mINFO [0m:      Sent reply
[92mINFO [0m:      
[92mINFO [0m:      [RUN 0, ROUND ]
[92mINFO [0m:      Received: evaluate message f0fe16b1-1735-4cdb-81dc-8d440664fe87
[93mWARNING [0m:   Deprecation Warning: The `client_fn` function must return an instance of `Client`, but an instance of `NumpyClient` was returned. Please use `NumPyClient.to_client()` method to convert it to `Client`.
[92mINFO [0m:      Sent reply
[92mINFO [0m:      
[92mINFO [0m:      [RUN 0, ROUND ]
[92mINFO [0m:      Received: train message c31a5253-64ac-44cc-9aaa-bbdd0089ed6d
[93mWARNING [0m:   Deprecation Warning: The `client_fn` function must return an instance of `Client`, but an instance of `NumpyClient` was returned. Please use `NumPyClient.to_client()` method to convert it to `Client`.
[92mINFO [0m:      Sent reply
[92mINFO [0m:      
[92mINFO [0m:      [RUN 0, ROUND ]
[92mINFO [0m:      Received: evaluate message bb1e1604-70a8-423d-ae90-6511ede89152
[93mWARNING [0m:   Deprecation Warning: The `client_fn` function must return an instance of `Client`, but an instance of `NumpyClient` was returned. Please use `NumPyClient.to_client()` method to convert it to `Client`.

{'loss': [112.4945228099823, 103.48577427864075, 99.05881971120834, 96.2949748635292, 94.236980676651, 92.5092905163765, 91.31928181648254, 90.30441337823868, 89.442666888237, 88.6300157904625, 88.05817198753357, 87.357057929039, 86.87607508897781, 86.37649208307266, 85.92654812335968, 85.44318681955338], 'accuracy': [0.4526782118405155, 0.5291985501409585, 0.5509464357631897, 0.5694724124043495, 0.5799436165928312, 0.5892066049134111, 0.599275070479259, 0.603705195328232, 0.6065243656866693, 0.6105517519130085, 0.612565445026178, 0.6145791381393476, 0.6165928312525171, 0.6198147402335884, 0.6198147402335884, 0.6230366492146597], 'auc': [0.7107012369085991, 0.7524925098385518, 0.777950870458361, 0.7955177615012599, 0.8087944308051879, 0.8193531980968072, 0.8273065519494261, 0.8338625093916315, 0.8397308747747174, 0.8447037417188664, 0.84896781696722, 0.8529488545407262, 0.8559305603821612, 0.8591960857266907, 0.8620741266612488, 0.8647662589527865]}


{'loss': [112.4945228099823, 103.48577427864075, 99.05881971120834, 96.2949748635292, 94.236980676651, 92.5092905163765, 91.31928181648254, 90.30441337823868, 89.442666888237, 88.6300157904625, 88.05817198753357, 87.357057929039, 86.87607508897781, 86.37649208307266, 85.92654812335968, 85.44318681955338, 85.19111907482147], 'accuracy': [0.4526782118405155, 0.5291985501409585, 0.5509464357631897, 0.5694724124043495, 0.5799436165928312, 0.5892066049134111, 0.599275070479259, 0.603705195328232, 0.6065243656866693, 0.6105517519130085, 0.612565445026178, 0.6145791381393476, 0.6165928312525171, 0.6198147402335884, 0.6198147402335884, 0.6230366492146597, 0.6234393878372936], 'auc': [0.7107012369085991, 0.7524925098385518, 0.777950870458361, 0.7955177615012599, 0.8087944308051879, 0.8193531980968072, 0.8273065519494261, 0.8338625093916315, 0.8397308747747174, 0.8447037417188664, 0.84896781696722, 0.8529488545407262, 0.8559305603821612, 0.8591960857266907, 0.8620741266612488, 0.8647662589527865, 0.8667901427655287]}


{'loss': [112.4945228099823, 103.48577427864075, 99.05881971120834, 96.2949748635292, 94.236980676651, 92.5092905163765, 91.31928181648254, 90.30441337823868, 89.442666888237, 88.6300157904625, 88.05817198753357, 87.357057929039, 86.87607508897781, 86.37649208307266, 85.92654812335968, 85.44318681955338, 85.19111907482147, 84.82591420412064], 'accuracy': [0.4526782118405155, 0.5291985501409585, 0.5509464357631897, 0.5694724124043495, 0.5799436165928312, 0.5892066049134111, 0.599275070479259, 0.603705195328232, 0.6065243656866693, 0.6105517519130085, 0.612565445026178, 0.6145791381393476, 0.6165928312525171, 0.6198147402335884, 0.6198147402335884, 0.6230366492146597, 0.6234393878372936, 0.6254530809504631], 'auc': [0.7107012369085991, 0.7524925098385518, 0.777950870458361, 0.7955177615012599, 0.8087944308051879, 0.8193531980968072, 0.8273065519494261, 0.8338625093916315, 0.8397308747747174, 0.8447037417188664, 0.84896781696722, 0.8529488545407262, 0.8559305603821612, 0.8591960857266907, 0.8620741266612488, 0.8647662589527865, 0.8667901427655287, 0.8686791023102501]}


{'loss': [112.4945228099823, 103.48577427864075, 99.05881971120834, 96.2949748635292, 94.236980676651, 92.5092905163765, 91.31928181648254, 90.30441337823868, 89.442666888237, 88.6300157904625, 88.05817198753357, 87.357057929039, 86.87607508897781, 86.37649208307266, 85.92654812335968, 85.44318681955338, 85.19111907482147, 84.82591420412064, 84.50574415922165], 'accuracy': [0.4526782118405155, 0.5291985501409585, 0.5509464357631897, 0.5694724124043495, 0.5799436165928312, 0.5892066049134111, 0.599275070479259, 0.603705195328232, 0.6065243656866693, 0.6105517519130085, 0.612565445026178, 0.6145791381393476, 0.6165928312525171, 0.6198147402335884, 0.6198147402335884, 0.6230366492146597, 0.6234393878372936, 0.6254530809504631, 0.6270640354409988], 'auc': [0.7107012369085991, 0.7524925098385518, 0.777950870458361, 0.7955177615012599, 0.8087944308051879, 0.8193531980968072, 0.8273065519494261, 0.8338625093916315, 0.8397308747747174, 0.8447037417188664, 0.84896781696722, 0.8529488545407262, 0.8559305603821612, 0.8591960857266907, 0.8620741266612488, 0.8647662589527865, 0.8667901427655287, 0.8686791023102501, 0.8703839377240545]}


{'loss': [112.4945228099823, 103.48577427864075, 99.05881971120834, 96.2949748635292, 94.236980676651, 92.5092905163765, 91.31928181648254, 90.30441337823868, 89.442666888237, 88.6300157904625, 88.05817198753357, 87.357057929039, 86.87607508897781, 86.37649208307266, 85.92654812335968, 85.44318681955338, 85.19111907482147, 84.82591420412064, 84.50574415922165, 84.21305119991302], 'accuracy': [0.4526782118405155, 0.5291985501409585, 0.5509464357631897, 0.5694724124043495, 0.5799436165928312, 0.5892066049134111, 0.599275070479259, 0.603705195328232, 0.6065243656866693, 0.6105517519130085, 0.612565445026178, 0.6145791381393476, 0.6165928312525171, 0.6198147402335884, 0.6198147402335884, 0.6230366492146597, 0.6234393878372936, 0.6254530809504631, 0.6270640354409988, 0.6290777285541683], 'auc': [0.7107012369085991, 0.7524925098385518, 0.777950870458361, 0.7955177615012599, 0.8087944308051879, 0.8193531980968072, 0.8273065519494261, 0.8338625093916315, 0.8397308747747174, 0.8447037417188664, 0.84896781696722, 0.8529488545407262, 0.8559305603821612, 0.8591960857266907, 0.8620741266612488, 0.8647662589527865, 0.8667901427655287, 0.8686791023102501, 0.8703839377240545, 0.8721289498255891]}


{'loss': [112.4945228099823, 103.48577427864075, 99.05881971120834, 96.2949748635292, 94.236980676651, 92.5092905163765, 91.31928181648254, 90.30441337823868, 89.442666888237, 88.6300157904625, 88.05817198753357, 87.357057929039, 86.87607508897781, 86.37649208307266, 85.92654812335968, 85.44318681955338, 85.19111907482147, 84.82591420412064, 84.50574415922165, 84.21305119991302, 83.86945652961731], 'accuracy': [0.4526782118405155, 0.5291985501409585, 0.5509464357631897, 0.5694724124043495, 0.5799436165928312, 0.5892066049134111, 0.599275070479259, 0.603705195328232, 0.6065243656866693, 0.6105517519130085, 0.612565445026178, 0.6145791381393476, 0.6165928312525171, 0.6198147402335884, 0.6198147402335884, 0.6230366492146597, 0.6234393878372936, 0.6254530809504631, 0.6270640354409988, 0.6290777285541683, 0.6314941602899719], 'auc': [0.7107012369085991, 0.7524925098385518, 0.777950870458361, 0.7955177615012599, 0.8087944308051879, 0.8193531980968072, 0.8273065519494261, 0.8338625093916315, 0.8397308747747174, 0.8447037417188664, 0.84896781696722, 0.8529488545407262, 0.8559305603821612, 0.8591960857266907, 0.8620741266612488, 0.8647662589527865, 0.8667901427655287, 0.8686791023102501, 0.8703839377240545, 0.8721289498255891, 0.8740471585518153]}


{'loss': [112.4945228099823, 103.48577427864075, 99.05881971120834, 96.2949748635292, 94.236980676651, 92.5092905163765, 91.31928181648254, 90.30441337823868, 89.442666888237, 88.6300157904625, 88.05817198753357, 87.357057929039, 86.87607508897781, 86.37649208307266, 85.92654812335968, 85.44318681955338, 85.19111907482147, 84.82591420412064, 84.50574415922165, 84.21305119991302, 83.86945652961731, 83.73303824663162], 'accuracy': [0.4526782118405155, 0.5291985501409585, 0.5509464357631897, 0.5694724124043495, 0.5799436165928312, 0.5892066049134111, 0.599275070479259, 0.603705195328232, 0.6065243656866693, 0.6105517519130085, 0.612565445026178, 0.6145791381393476, 0.6165928312525171, 0.6198147402335884, 0.6198147402335884, 0.6230366492146597, 0.6234393878372936, 0.6254530809504631, 0.6270640354409988, 0.6290777285541683, 0.6314941602899719, 0.6322996375352397], 'auc': [0.7107012369085991, 0.7524925098385518, 0.777950870458361, 0.7955177615012599, 0.8087944308051879, 0.8193531980968072, 0.8273065519494261, 0.8338625093916315, 0.8397308747747174, 0.8447037417188664, 0.84896781696722, 0.8529488545407262, 0.8559305603821612, 0.8591960857266907, 0.8620741266612488, 0.8647662589527865, 0.8667901427655287, 0.8686791023102501, 0.8703839377240545, 0.8721289498255891, 0.8740471585518153, 0.8752342054323319]}

[92mINFO [0m:      Sent reply
[92mINFO [0m:      
[92mINFO [0m:      [RUN 0, ROUND ]
[92mINFO [0m:      Received: train message e84b97bf-ffc3-4c22-b3f9-7502b7a8fa2e
[93mWARNING [0m:   Deprecation Warning: The `client_fn` function must return an instance of `Client`, but an instance of `NumpyClient` was returned. Please use `NumPyClient.to_client()` method to convert it to `Client`.
[92mINFO [0m:      Sent reply
[92mINFO [0m:      
[92mINFO [0m:      [RUN 0, ROUND ]
[92mINFO [0m:      Received: evaluate message 83283f3a-7f72-4591-af3c-112e3019c01a
[93mWARNING [0m:   Deprecation Warning: The `client_fn` function must return an instance of `Client`, but an instance of `NumpyClient` was returned. Please use `NumPyClient.to_client()` method to convert it to `Client`.
[92mINFO [0m:      Sent reply
[92mINFO [0m:      
[92mINFO [0m:      [RUN 0, ROUND ]
[92mINFO [0m:      Received: train message fd4f6471-f347-4e84-9294-411fc0a32904
[93mWARNING [0m:   Deprecation Warning: The `client_fn` function must return an instance of `Client`, but an instance of `NumpyClient` was returned. Please use `NumPyClient.to_client()` method to convert it to `Client`.
[92mINFO [0m:      Sent reply
[92mINFO [0m:      
[92mINFO [0m:      [RUN 0, ROUND ]
[92mINFO [0m:      Received: evaluate message 5a8b14b2-3458-4b3b-87b4-404946ee1790
[93mWARNING [0m:   Deprecation Warning: The `client_fn` function must return an instance of `Client`, but an instance of `NumpyClient` was returned. Please use `NumPyClient.to_client()` method to convert it to `Client`.
[92mINFO [0m:      Sent reply
[92mINFO [0m:      
[92mINFO [0m:      [RUN 0, ROUND ]
[92mINFO [0m:      Received: train message d6bf859d-7a21-47b8-aedf-1b91a54628d0
[93mWARNING [0m:   Deprecation Warning: The `client_fn` function must return an instance of `Client`, but an instance of `NumpyClient` was returned. Please use `NumPyClient.to_client()` method to convert it to `Client`.
[92mINFO [0m:      Sent reply
[92mINFO [0m:      
[92mINFO [0m:      [RUN 0, ROUND ]
[92mINFO [0m:      Received: evaluate message 05acd1bb-4250-4c91-806d-2f1f4842b998
[93mWARNING [0m:   Deprecation Warning: The `client_fn` function must return an instance of `Client`, but an instance of `NumpyClient` was returned. Please use `NumPyClient.to_client()` method to convert it to `Client`.
[92mINFO [0m:      Sent reply
[92mINFO [0m:      
[92mINFO [0m:      [RUN 0, ROUND ]
[92mINFO [0m:      Received: train message f4f2d68e-312f-4370-9fb0-c551958625e7
[93mWARNING [0m:   Deprecation Warning: The `client_fn` function must return an instance of `Client`, but an instance of `NumpyClient` was returned. Please use `NumPyClient.to_client()` method to convert it to `Client`.
[92mINFO [0m:      Sent reply
[92mINFO [0m:      
[92mINFO [0m:      [RUN 0, ROUND ]
[92mINFO [0m:      Received: evaluate message 6b9a03bd-1cab-4744-8cca-edbfae2860bf
[93mWARNING [0m:   Deprecation Warning: The `client_fn` function must return an instance of `Client`, but an instance of `NumpyClient` was returned. Please use `NumPyClient.to_client()` method to convert it to `Client`.
[92mINFO [0m:      Sent reply
[92mINFO [0m:      
[92mINFO [0m:      [RUN 0, ROUND ]
[92mINFO [0m:      Received: train message 73156c79-9168-457e-bb5b-1e8c462c44ba
[93mWARNING [0m:   Deprecation Warning: The `client_fn` function must return an instance of `Client`, but an instance of `NumpyClient` was returned. Please use `NumPyClient.to_client()` method to convert it to `Client`.
[92mINFO [0m:      Sent reply
[92mINFO [0m:      
[92mINFO [0m:      [RUN 0, ROUND ]
[92mINFO [0m:      Received: evaluate message 7ab3849b-836a-4855-b838-db1ce8c58305
[93mWARNING [0m:   Deprecation Warning: The `client_fn` function must return an instance of `Client`, but an instance of `NumpyClient` was returned. Please use `NumPyClient.to_client()` method to convert it to `Client`.

{'loss': [112.4945228099823, 103.48577427864075, 99.05881971120834, 96.2949748635292, 94.236980676651, 92.5092905163765, 91.31928181648254, 90.30441337823868, 89.442666888237, 88.6300157904625, 88.05817198753357, 87.357057929039, 86.87607508897781, 86.37649208307266, 85.92654812335968, 85.44318681955338, 85.19111907482147, 84.82591420412064, 84.50574415922165, 84.21305119991302, 83.86945652961731, 83.73303824663162, 83.38182252645493], 'accuracy': [0.4526782118405155, 0.5291985501409585, 0.5509464357631897, 0.5694724124043495, 0.5799436165928312, 0.5892066049134111, 0.599275070479259, 0.603705195328232, 0.6065243656866693, 0.6105517519130085, 0.612565445026178, 0.6145791381393476, 0.6165928312525171, 0.6198147402335884, 0.6198147402335884, 0.6230366492146597, 0.6234393878372936, 0.6254530809504631, 0.6270640354409988, 0.6290777285541683, 0.6314941602899719, 0.6322996375352397, 0.6335078534031413], 'auc': [0.7107012369085991, 0.7524925098385518, 0.777950870458361, 0.7955177615012599, 0.8087944308051879, 0.8193531980968072, 0.8273065519494261, 0.8338625093916315, 0.8397308747747174, 0.8447037417188664, 0.84896781696722, 0.8529488545407262, 0.8559305603821612, 0.8591960857266907, 0.8620741266612488, 0.8647662589527865, 0.8667901427655287, 0.8686791023102501, 0.8703839377240545, 0.8721289498255891, 0.8740471585518153, 0.8752342054323319, 0.8766908857584437]}


{'loss': [112.4945228099823, 103.48577427864075, 99.05881971120834, 96.2949748635292, 94.236980676651, 92.5092905163765, 91.31928181648254, 90.30441337823868, 89.442666888237, 88.6300157904625, 88.05817198753357, 87.357057929039, 86.87607508897781, 86.37649208307266, 85.92654812335968, 85.44318681955338, 85.19111907482147, 84.82591420412064, 84.50574415922165, 84.21305119991302, 83.86945652961731, 83.73303824663162, 83.38182252645493, 83.32111299037933], 'accuracy': [0.4526782118405155, 0.5291985501409585, 0.5509464357631897, 0.5694724124043495, 0.5799436165928312, 0.5892066049134111, 0.599275070479259, 0.603705195328232, 0.6065243656866693, 0.6105517519130085, 0.612565445026178, 0.6145791381393476, 0.6165928312525171, 0.6198147402335884, 0.6198147402335884, 0.6230366492146597, 0.6234393878372936, 0.6254530809504631, 0.6270640354409988, 0.6290777285541683, 0.6314941602899719, 0.6322996375352397, 0.6335078534031413, 0.6327023761578735], 'auc': [0.7107012369085991, 0.7524925098385518, 0.777950870458361, 0.7955177615012599, 0.8087944308051879, 0.8193531980968072, 0.8273065519494261, 0.8338625093916315, 0.8397308747747174, 0.8447037417188664, 0.84896781696722, 0.8529488545407262, 0.8559305603821612, 0.8591960857266907, 0.8620741266612488, 0.8647662589527865, 0.8667901427655287, 0.8686791023102501, 0.8703839377240545, 0.8721289498255891, 0.8740471585518153, 0.8752342054323319, 0.8766908857584437, 0.8777506560468096]}


{'loss': [112.4945228099823, 103.48577427864075, 99.05881971120834, 96.2949748635292, 94.236980676651, 92.5092905163765, 91.31928181648254, 90.30441337823868, 89.442666888237, 88.6300157904625, 88.05817198753357, 87.357057929039, 86.87607508897781, 86.37649208307266, 85.92654812335968, 85.44318681955338, 85.19111907482147, 84.82591420412064, 84.50574415922165, 84.21305119991302, 83.86945652961731, 83.73303824663162, 83.38182252645493, 83.32111299037933, 83.02028042078018], 'accuracy': [0.4526782118405155, 0.5291985501409585, 0.5509464357631897, 0.5694724124043495, 0.5799436165928312, 0.5892066049134111, 0.599275070479259, 0.603705195328232, 0.6065243656866693, 0.6105517519130085, 0.612565445026178, 0.6145791381393476, 0.6165928312525171, 0.6198147402335884, 0.6198147402335884, 0.6230366492146597, 0.6234393878372936, 0.6254530809504631, 0.6270640354409988, 0.6290777285541683, 0.6314941602899719, 0.6322996375352397, 0.6335078534031413, 0.6327023761578735, 0.6347160692710431], 'auc': [0.7107012369085991, 0.7524925098385518, 0.777950870458361, 0.7955177615012599, 0.8087944308051879, 0.8193531980968072, 0.8273065519494261, 0.8338625093916315, 0.8397308747747174, 0.8447037417188664, 0.84896781696722, 0.8529488545407262, 0.8559305603821612, 0.8591960857266907, 0.8620741266612488, 0.8647662589527865, 0.8667901427655287, 0.8686791023102501, 0.8703839377240545, 0.8721289498255891, 0.8740471585518153, 0.8752342054323319, 0.8766908857584437, 0.8777506560468096, 0.8789616446046107]}


{'loss': [112.4945228099823, 103.48577427864075, 99.05881971120834, 96.2949748635292, 94.236980676651, 92.5092905163765, 91.31928181648254, 90.30441337823868, 89.442666888237, 88.6300157904625, 88.05817198753357, 87.357057929039, 86.87607508897781, 86.37649208307266, 85.92654812335968, 85.44318681955338, 85.19111907482147, 84.82591420412064, 84.50574415922165, 84.21305119991302, 83.86945652961731, 83.73303824663162, 83.38182252645493, 83.32111299037933, 83.02028042078018, 82.64037138223648], 'accuracy': [0.4526782118405155, 0.5291985501409585, 0.5509464357631897, 0.5694724124043495, 0.5799436165928312, 0.5892066049134111, 0.599275070479259, 0.603705195328232, 0.6065243656866693, 0.6105517519130085, 0.612565445026178, 0.6145791381393476, 0.6165928312525171, 0.6198147402335884, 0.6198147402335884, 0.6230366492146597, 0.6234393878372936, 0.6254530809504631, 0.6270640354409988, 0.6290777285541683, 0.6314941602899719, 0.6322996375352397, 0.6335078534031413, 0.6327023761578735, 0.6347160692710431, 0.6339105920257753], 'auc': [0.7107012369085991, 0.7524925098385518, 0.777950870458361, 0.7955177615012599, 0.8087944308051879, 0.8193531980968072, 0.8273065519494261, 0.8338625093916315, 0.8397308747747174, 0.8447037417188664, 0.84896781696722, 0.8529488545407262, 0.8559305603821612, 0.8591960857266907, 0.8620741266612488, 0.8647662589527865, 0.8667901427655287, 0.8686791023102501, 0.8703839377240545, 0.8721289498255891, 0.8740471585518153, 0.8752342054323319, 0.8766908857584437, 0.8777506560468096, 0.8789616446046107, 0.8802505084035682]}


{'loss': [112.4945228099823, 103.48577427864075, 99.05881971120834, 96.2949748635292, 94.236980676651, 92.5092905163765, 91.31928181648254, 90.30441337823868, 89.442666888237, 88.6300157904625, 88.05817198753357, 87.357057929039, 86.87607508897781, 86.37649208307266, 85.92654812335968, 85.44318681955338, 85.19111907482147, 84.82591420412064, 84.50574415922165, 84.21305119991302, 83.86945652961731, 83.73303824663162, 83.38182252645493, 83.32111299037933, 83.02028042078018, 82.64037138223648, 82.54515027999878], 'accuracy': [0.4526782118405155, 0.5291985501409585, 0.5509464357631897, 0.5694724124043495, 0.5799436165928312, 0.5892066049134111, 0.599275070479259, 0.603705195328232, 0.6065243656866693, 0.6105517519130085, 0.612565445026178, 0.6145791381393476, 0.6165928312525171, 0.6198147402335884, 0.6198147402335884, 0.6230366492146597, 0.6234393878372936, 0.6254530809504631, 0.6270640354409988, 0.6290777285541683, 0.6314941602899719, 0.6322996375352397, 0.6335078534031413, 0.6327023761578735, 0.6347160692710431, 0.6339105920257753, 0.6339105920257753], 'auc': [0.7107012369085991, 0.7524925098385518, 0.777950870458361, 0.7955177615012599, 0.8087944308051879, 0.8193531980968072, 0.8273065519494261, 0.8338625093916315, 0.8397308747747174, 0.8447037417188664, 0.84896781696722, 0.8529488545407262, 0.8559305603821612, 0.8591960857266907, 0.8620741266612488, 0.8647662589527865, 0.8667901427655287, 0.8686791023102501, 0.8703839377240545, 0.8721289498255891, 0.8740471585518153, 0.8752342054323319, 0.8766908857584437, 0.8777506560468096, 0.8789616446046107, 0.8802505084035682, 0.881019864405146]}

[92mINFO [0m:      Sent reply
[92mINFO [0m:      
[92mINFO [0m:      [RUN 0, ROUND ]
[92mINFO [0m:      Received: train message b477ab44-d904-4c1a-87bc-eb1ab1f4d0b2
[93mWARNING [0m:   Deprecation Warning: The `client_fn` function must return an instance of `Client`, but an instance of `NumpyClient` was returned. Please use `NumPyClient.to_client()` method to convert it to `Client`.
[92mINFO [0m:      Sent reply
[92mINFO [0m:      
[92mINFO [0m:      [RUN 0, ROUND ]
[92mINFO [0m:      Received: evaluate message 74ba55cd-f02b-4e51-9d30-092f0ca1779f
[93mWARNING [0m:   Deprecation Warning: The `client_fn` function must return an instance of `Client`, but an instance of `NumpyClient` was returned. Please use `NumPyClient.to_client()` method to convert it to `Client`.
[92mINFO [0m:      Sent reply
[92mINFO [0m:      
[92mINFO [0m:      [RUN 0, ROUND ]
[92mINFO [0m:      Received: train message a7355c0b-d53f-4a34-93b0-2ce86ce2340d
[93mWARNING [0m:   Deprecation Warning: The `client_fn` function must return an instance of `Client`, but an instance of `NumpyClient` was returned. Please use `NumPyClient.to_client()` method to convert it to `Client`.
[92mINFO [0m:      Sent reply
[92mINFO [0m:      
[92mINFO [0m:      [RUN 0, ROUND ]
[92mINFO [0m:      Received: evaluate message ec9cf193-7fca-43ae-8e5a-5a94a28fb6b4
[93mWARNING [0m:   Deprecation Warning: The `client_fn` function must return an instance of `Client`, but an instance of `NumpyClient` was returned. Please use `NumPyClient.to_client()` method to convert it to `Client`.
[92mINFO [0m:      Sent reply
[92mINFO [0m:      
[92mINFO [0m:      [RUN 0, ROUND ]
[92mINFO [0m:      Received: reconnect message ed8e945a-45ee-4bac-af94-f3a5a6cb20a9
[92mINFO [0m:      Disconnect and shut down

{'loss': [112.4945228099823, 103.48577427864075, 99.05881971120834, 96.2949748635292, 94.236980676651, 92.5092905163765, 91.31928181648254, 90.30441337823868, 89.442666888237, 88.6300157904625, 88.05817198753357, 87.357057929039, 86.87607508897781, 86.37649208307266, 85.92654812335968, 85.44318681955338, 85.19111907482147, 84.82591420412064, 84.50574415922165, 84.21305119991302, 83.86945652961731, 83.73303824663162, 83.38182252645493, 83.32111299037933, 83.02028042078018, 82.64037138223648, 82.54515027999878, 82.39842939376831], 'accuracy': [0.4526782118405155, 0.5291985501409585, 0.5509464357631897, 0.5694724124043495, 0.5799436165928312, 0.5892066049134111, 0.599275070479259, 0.603705195328232, 0.6065243656866693, 0.6105517519130085, 0.612565445026178, 0.6145791381393476, 0.6165928312525171, 0.6198147402335884, 0.6198147402335884, 0.6230366492146597, 0.6234393878372936, 0.6254530809504631, 0.6270640354409988, 0.6290777285541683, 0.6314941602899719, 0.6322996375352397, 0.6335078534031413, 0.6327023761578735, 0.6347160692710431, 0.6339105920257753, 0.6339105920257753, 0.6318968989126057], 'auc': [0.7107012369085991, 0.7524925098385518, 0.777950870458361, 0.7955177615012599, 0.8087944308051879, 0.8193531980968072, 0.8273065519494261, 0.8338625093916315, 0.8397308747747174, 0.8447037417188664, 0.84896781696722, 0.8529488545407262, 0.8559305603821612, 0.8591960857266907, 0.8620741266612488, 0.8647662589527865, 0.8667901427655287, 0.8686791023102501, 0.8703839377240545, 0.8721289498255891, 0.8740471585518153, 0.8752342054323319, 0.8766908857584437, 0.8777506560468096, 0.8789616446046107, 0.8802505084035682, 0.881019864405146, 0.8819930535241902]}


{'loss': [112.4945228099823, 103.48577427864075, 99.05881971120834, 96.2949748635292, 94.236980676651, 92.5092905163765, 91.31928181648254, 90.30441337823868, 89.442666888237, 88.6300157904625, 88.05817198753357, 87.357057929039, 86.87607508897781, 86.37649208307266, 85.92654812335968, 85.44318681955338, 85.19111907482147, 84.82591420412064, 84.50574415922165, 84.21305119991302, 83.86945652961731, 83.73303824663162, 83.38182252645493, 83.32111299037933, 83.02028042078018, 82.64037138223648, 82.54515027999878, 82.39842939376831, 82.1214616894722], 'accuracy': [0.4526782118405155, 0.5291985501409585, 0.5509464357631897, 0.5694724124043495, 0.5799436165928312, 0.5892066049134111, 0.599275070479259, 0.603705195328232, 0.6065243656866693, 0.6105517519130085, 0.612565445026178, 0.6145791381393476, 0.6165928312525171, 0.6198147402335884, 0.6198147402335884, 0.6230366492146597, 0.6234393878372936, 0.6254530809504631, 0.6270640354409988, 0.6290777285541683, 0.6314941602899719, 0.6322996375352397, 0.6335078534031413, 0.6327023761578735, 0.6347160692710431, 0.6339105920257753, 0.6339105920257753, 0.6318968989126057, 0.6347160692710431], 'auc': [0.7107012369085991, 0.7524925098385518, 0.777950870458361, 0.7955177615012599, 0.8087944308051879, 0.8193531980968072, 0.8273065519494261, 0.8338625093916315, 0.8397308747747174, 0.8447037417188664, 0.84896781696722, 0.8529488545407262, 0.8559305603821612, 0.8591960857266907, 0.8620741266612488, 0.8647662589527865, 0.8667901427655287, 0.8686791023102501, 0.8703839377240545, 0.8721289498255891, 0.8740471585518153, 0.8752342054323319, 0.8766908857584437, 0.8777506560468096, 0.8789616446046107, 0.8802505084035682, 0.881019864405146, 0.8819930535241902, 0.8830933187676965]}


{'loss': [112.4945228099823, 103.48577427864075, 99.05881971120834, 96.2949748635292, 94.236980676651, 92.5092905163765, 91.31928181648254, 90.30441337823868, 89.442666888237, 88.6300157904625, 88.05817198753357, 87.357057929039, 86.87607508897781, 86.37649208307266, 85.92654812335968, 85.44318681955338, 85.19111907482147, 84.82591420412064, 84.50574415922165, 84.21305119991302, 83.86945652961731, 83.73303824663162, 83.38182252645493, 83.32111299037933, 83.02028042078018, 82.64037138223648, 82.54515027999878, 82.39842939376831, 82.1214616894722, 81.8847541809082], 'accuracy': [0.4526782118405155, 0.5291985501409585, 0.5509464357631897, 0.5694724124043495, 0.5799436165928312, 0.5892066049134111, 0.599275070479259, 0.603705195328232, 0.6065243656866693, 0.6105517519130085, 0.612565445026178, 0.6145791381393476, 0.6165928312525171, 0.6198147402335884, 0.6198147402335884, 0.6230366492146597, 0.6234393878372936, 0.6254530809504631, 0.6270640354409988, 0.6290777285541683, 0.6314941602899719, 0.6322996375352397, 0.6335078534031413, 0.6327023761578735, 0.6347160692710431, 0.6339105920257753, 0.6339105920257753, 0.6318968989126057, 0.6347160692710431, 0.6371325010068466], 'auc': [0.7107012369085991, 0.7524925098385518, 0.777950870458361, 0.7955177615012599, 0.8087944308051879, 0.8193531980968072, 0.8273065519494261, 0.8338625093916315, 0.8397308747747174, 0.8447037417188664, 0.84896781696722, 0.8529488545407262, 0.8559305603821612, 0.8591960857266907, 0.8620741266612488, 0.8647662589527865, 0.8667901427655287, 0.8686791023102501, 0.8703839377240545, 0.8721289498255891, 0.8740471585518153, 0.8752342054323319, 0.8766908857584437, 0.8777506560468096, 0.8789616446046107, 0.8802505084035682, 0.881019864405146, 0.8819930535241902, 0.8830933187676965, 0.8839294386567592]}



{'loss': [112.4945228099823, 103.48577427864075, 99.05881971120834, 96.2949748635292, 94.236980676651, 92.5092905163765, 91.31928181648254, 90.30441337823868, 89.442666888237, 88.6300157904625, 88.05817198753357, 87.357057929039, 86.87607508897781, 86.37649208307266, 85.92654812335968, 85.44318681955338, 85.19111907482147, 84.82591420412064, 84.50574415922165, 84.21305119991302, 83.86945652961731, 83.73303824663162, 83.38182252645493, 83.32111299037933, 83.02028042078018, 82.64037138223648, 82.54515027999878, 82.39842939376831, 82.1214616894722, 81.8847541809082], 'accuracy': [0.4526782118405155, 0.5291985501409585, 0.5509464357631897, 0.5694724124043495, 0.5799436165928312, 0.5892066049134111, 0.599275070479259, 0.603705195328232, 0.6065243656866693, 0.6105517519130085, 0.612565445026178, 0.6145791381393476, 0.6165928312525171, 0.6198147402335884, 0.6198147402335884, 0.6230366492146597, 0.6234393878372936, 0.6254530809504631, 0.6270640354409988, 0.6290777285541683, 0.6314941602899719, 0.6322996375352397, 0.6335078534031413, 0.6327023761578735, 0.6347160692710431, 0.6339105920257753, 0.6339105920257753, 0.6318968989126057, 0.6347160692710431, 0.6371325010068466], 'auc': [0.7107012369085991, 0.7524925098385518, 0.777950870458361, 0.7955177615012599, 0.8087944308051879, 0.8193531980968072, 0.8273065519494261, 0.8338625093916315, 0.8397308747747174, 0.8447037417188664, 0.84896781696722, 0.8529488545407262, 0.8559305603821612, 0.8591960857266907, 0.8620741266612488, 0.8647662589527865, 0.8667901427655287, 0.8686791023102501, 0.8703839377240545, 0.8721289498255891, 0.8740471585518153, 0.8752342054323319, 0.8766908857584437, 0.8777506560468096, 0.8789616446046107, 0.8802505084035682, 0.881019864405146, 0.8819930535241902, 0.8830933187676965, 0.8839294386567592]}
