nohup: ignoring input
/home/dgxuser16/.local/lib/python3.8/site-packages/albumentations/__init__.py:13: UserWarning: A new version of Albumentations is available: 2.0.1 (you have 1.4.18). Upgrade using: pip install -U albumentations. To disable automatic update checks, set the environment variable NO_ALBUMENTATIONS_UPDATE to 1.
  check_for_updates()
/home/dgxuser16/.local/lib/python3.8/site-packages/seaborn/rcmod.py:82: DeprecationWarning: distutils Version classes are deprecated. Use packaging.version instead.
  if LooseVersion(mpl.__version__) >= "3.0":
/home/dgxuser16/.local/lib/python3.8/site-packages/setuptools/_distutils/version.py:345: DeprecationWarning: distutils Version classes are deprecated. Use packaging.version instead.
  other = LooseVersion(other)
/home/dgxuser16/.local/lib/python3.8/site-packages/seaborn/cm.py:1582: MatplotlibDeprecationWarning: The register_cmap function was deprecated in Matplotlib 3.7 and will be removed two minor releases later. Use ``matplotlib.colormaps.register(name)`` instead.
  mpl_cm.register_cmap(_name, _cmap)
/raid/home/dgxuser16/NTL/mccarthy/ahmad/github/adaptive_privacy_fl/adaptive_privacy/isic/version_03/flamby/datasets/fed_isic2019/dataset.py:222: DeprecationWarning: Flip is deprecated. Consider using HorizontalFlip, VerticalFlip, RandomRotate90 or D4.
  albumentations.Flip(p=0.5),
/home/dgxuser16/.local/lib/python3.8/site-packages/pydantic/main.py:214: DeprecationWarning: `max_holes` is deprecated. Use num_holes_range instead.
  validated_self = self.__pydantic_validator__.validate_python(data, self_instance=self)
/home/dgxuser16/.local/lib/python3.8/site-packages/pydantic/main.py:214: DeprecationWarning: `max_height` is deprecated. Use hole_height_range instead.
  validated_self = self.__pydantic_validator__.validate_python(data, self_instance=self)
/home/dgxuser16/.local/lib/python3.8/site-packages/pydantic/main.py:214: DeprecationWarning: `max_width` is deprecated. Use hole_width_range instead.
  validated_self = self.__pydantic_validator__.validate_python(data, self_instance=self)
/home/dgxuser16/.local/lib/python3.8/site-packages/albumentations/core/validation.py:45: DeprecationWarning: always_apply is deprecated. Use `p=1` if you want to always apply the transform. self.p will be set to 1.
  original_init(self, **validated_kwargs)
/home/dgxuser16/.local/lib/python3.8/site-packages/albumentations/core/validation.py:45: DeprecationWarning: always_apply is deprecated. Use `p=1` if you want to always apply the transform. self.p will be set to 1.
  original_init(self, **validated_kwargs)
01/24/2025 23:23:09:DEBUG:Opened insecure gRPC connection (no certificates were passed)
01/24/2025 23:23:09:DEBUG:ChannelConnectivity.IDLE
01/24/2025 23:23:09:DEBUG:ChannelConnectivity.READY
[92mINFO [0m:      
01/24/2025 23:28:29:INFO:
[92mINFO [0m:      [RUN 0, ROUND ]
01/24/2025 23:28:29:INFO:[RUN 0, ROUND ]
[92mINFO [0m:      Received: train message d8d96d54-88af-4254-8c94-e68ac020f55c
01/24/2025 23:28:29:INFO:Received: train message d8d96d54-88af-4254-8c94-e68ac020f55c
/home/dgxuser16/.local/lib/python3.8/site-packages/opacus/accountants/analysis/rdp.py:332: UserWarning: Optimal order is the largest alpha. Please consider expanding the range of alphas to get a tighter privacy bound.
  warnings.warn(
/home/dgxuser16/.local/lib/python3.8/site-packages/opacus/privacy_engine.py:95: UserWarning: Secure RNG turned off. This is perfectly fine for experimentation as it allows for much faster training performance, but remember to turn it on and retrain one last time before production with ``secure_mode`` turned on.
  warnings.warn(
/home/dgxuser16/.local/lib/python3.8/site-packages/torch/nn/modules/module.py:1359: UserWarning: Using a non-full backward hook when the forward contains multiple autograd Nodes is deprecated and will be removed in future versions. This hook will be missing some grad_input. Please use register_full_backward_hook to get the documented behavior.
  warnings.warn("Using a non-full backward hook when the forward contains multiple autograd Nodes "
[92mINFO [0m:      Sent reply
01/24/2025 23:32:24:INFO:Sent reply
[92mINFO [0m:      
01/25/2025 03:55:56:INFO:
[92mINFO [0m:      [RUN 0, ROUND ]
01/25/2025 03:55:56:INFO:[RUN 0, ROUND ]
[92mINFO [0m:      Received: evaluate message e7b21eb2-d6c8-4d19-b056-e7795aa7765f
01/25/2025 03:55:56:INFO:Received: evaluate message e7b21eb2-d6c8-4d19-b056-e7795aa7765f
[92mINFO [0m:      Sent reply
01/25/2025 04:00:09:INFO:Sent reply
[92mINFO [0m:      
01/25/2025 04:01:05:INFO:
[92mINFO [0m:      [RUN 0, ROUND ]
01/25/2025 04:01:05:INFO:[RUN 0, ROUND ]
[92mINFO [0m:      Received: train message 368108d2-fbe0-4c1b-9cb9-257b21b059b9
01/25/2025 04:01:05:INFO:Received: train message 368108d2-fbe0-4c1b-9cb9-257b21b059b9
/home/dgxuser16/.local/lib/python3.8/site-packages/opacus/accountants/analysis/rdp.py:332: UserWarning: Optimal order is the largest alpha. Please consider expanding the range of alphas to get a tighter privacy bound.
  warnings.warn(
/home/dgxuser16/.local/lib/python3.8/site-packages/opacus/privacy_engine.py:95: UserWarning: Secure RNG turned off. This is perfectly fine for experimentation as it allows for much faster training performance, but remember to turn it on and retrain one last time before production with ``secure_mode`` turned on.
  warnings.warn(
/home/dgxuser16/.local/lib/python3.8/site-packages/torch/nn/modules/module.py:1359: UserWarning: Using a non-full backward hook when the forward contains multiple autograd Nodes is deprecated and will be removed in future versions. This hook will be missing some grad_input. Please use register_full_backward_hook to get the documented behavior.
  warnings.warn("Using a non-full backward hook when the forward contains multiple autograd Nodes "
[92mINFO [0m:      Sent reply
01/25/2025 04:05:26:INFO:Sent reply
