nohup: ignoring input
[92mINFO [0m:      Starting Flower server, config: num_rounds=30, no round_timeout
[92mINFO [0m:      Flower ECE: gRPC server running (30 rounds), SSL is disabled
[92mINFO [0m:      [INIT]
[92mINFO [0m:      Requesting initial parameters from one random client
[92mINFO [0m:      Received initial parameters from one random client
[92mINFO [0m:      Evaluating initial global parameters
[92mINFO [0m:      
[92mINFO [0m:      [ROUND 1]
[92mINFO [0m:      configure_fit: strategy sampled 1 clients (out of 1)
[92mINFO [0m:      aggregate_fit: received 1 results and 0 failures
[93mWARNING [0m:   No fit_metrics_aggregation_fn provided
[92mINFO [0m:      configure_evaluate: strategy sampled 1 clients (out of 1)
[92mINFO [0m:      aggregate_evaluate: received 1 results and 0 failures
[93mWARNING [0m:   No evaluate_metrics_aggregation_fn provided
[92mINFO [0m:      
[92mINFO [0m:      [ROUND 2]
[92mINFO [0m:      configure_fit: strategy sampled 1 clients (out of 1)
[92mINFO [0m:      aggregate_fit: received 1 results and 0 failures
[92mINFO [0m:      configure_evaluate: strategy sampled 1 clients (out of 1)
[92mINFO [0m:      aggregate_evaluate: received 1 results and 0 failures
[92mINFO [0m:      
[92mINFO [0m:      [ROUND 3]
[92mINFO [0m:      configure_fit: strategy sampled 1 clients (out of 1)
[92mINFO [0m:      aggregate_fit: received 1 results and 0 failures
[92mINFO [0m:      configure_evaluate: strategy sampled 1 clients (out of 1)
[92mINFO [0m:      aggregate_evaluate: received 1 results and 0 failures
[92mINFO [0m:      
[92mINFO [0m:      [ROUND 4]
[92mINFO [0m:      configure_fit: strategy sampled 1 clients (out of 1)
[92mINFO [0m:      aggregate_fit: received 1 results and 0 failures
[92mINFO [0m:      configure_evaluate: strategy sampled 1 clients (out of 1)
[92mINFO [0m:      aggregate_evaluate: received 1 results and 0 failures
[92mINFO [0m:      
[92mINFO [0m:      [ROUND 5]
[92mINFO [0m:      configure_fit: strategy sampled 1 clients (out of 1)
[92mINFO [0m:      aggregate_fit: received 1 results and 0 failures
[92mINFO [0m:      configure_evaluate: strategy sampled 1 clients (out of 1)
[92mINFO [0m:      aggregate_evaluate: received 1 results and 0 failures
[92mINFO [0m:      
[92mINFO [0m:      [ROUND 6]
[92mINFO [0m:      configure_fit: strategy sampled 1 clients (out of 1)
[92mINFO [0m:      aggregate_fit: received 1 results and 0 failures
[92mINFO [0m:      configure_evaluate: strategy sampled 1 clients (out of 1)
[92mINFO [0m:      aggregate_evaluate: received 1 results and 0 failures
[92mINFO [0m:      
[92mINFO [0m:      [ROUND 7]
[92mINFO [0m:      configure_fit: strategy sampled 1 clients (out of 1)
[92mINFO [0m:      aggregate_fit: received 1 results and 0 failures
[92mINFO [0m:      configure_evaluate: strategy sampled 1 clients (out of 1)
[92mINFO [0m:      aggregate_evaluate: received 1 results and 0 failures
[92mINFO [0m:      
[92mINFO [0m:      [ROUND 8]
[92mINFO [0m:      configure_fit: strategy sampled 1 clients (out of 1)
[92mINFO [0m:      aggregate_fit: received 1 results and 0 failures
[92mINFO [0m:      configure_evaluate: strategy sampled 1 clients (out of 1)
[92mINFO [0m:      aggregate_evaluate: received 1 results and 0 failures
[92mINFO [0m:      
[92mINFO [0m:      [ROUND 9]
[92mINFO [0m:      configure_fit: strategy sampled 1 clients (out of 1)
[92mINFO [0m:      aggregate_fit: received 1 results and 0 failures
[92mINFO [0m:      configure_evaluate: strategy sampled 1 clients (out of 1)
[92mINFO [0m:      aggregate_evaluate: received 1 results and 0 failures
[92mINFO [0m:      
[92mINFO [0m:      [ROUND 10]
[92mINFO [0m:      configure_fit: strategy sampled 1 clients (out of 1)
[92mINFO [0m:      aggregate_fit: received 1 results and 0 failures
[92mINFO [0m:      configure_evaluate: strategy sampled 1 clients (out of 1)
[92mINFO [0m:      aggregate_evaluate: received 1 results and 0 failures
[92mINFO [0m:      
[92mINFO [0m:      [ROUND 11]
[92mINFO [0m:      configure_fit: strategy sampled 1 clients (out of 1)
[92mINFO [0m:      aggregate_fit: received 1 results and 0 failures
[92mINFO [0m:      configure_evaluate: strategy sampled 1 clients (out of 1)
[92mINFO [0m:      aggregate_evaluate: received 1 results and 0 failures
[92mINFO [0m:      
[92mINFO [0m:      [ROUND 12]
[92mINFO [0m:      configure_fit: strategy sampled 1 clients (out of 1)
[92mINFO [0m:      aggregate_fit: received 1 results and 0 failures
[92mINFO [0m:      configure_evaluate: strategy sampled 1 clients (out of 1)
[92mINFO [0m:      aggregate_evaluate: received 1 results and 0 failures
[92mINFO [0m:      
[92mINFO [0m:      [ROUND 13]
[92mINFO [0m:      configure_fit: strategy sampled 1 clients (out of 1)
[92mINFO [0m:      aggregate_fit: received 1 results and 0 failures
[92mINFO [0m:      configure_evaluate: strategy sampled 1 clients (out of 1)
[92mINFO [0m:      aggregate_evaluate: received 1 results and 0 failures
[92mINFO [0m:      
[92mINFO [0m:      [ROUND 14]
[92mINFO [0m:      configure_fit: strategy sampled 1 clients (out of 1)
[92mINFO [0m:      aggregate_fit: received 1 results and 0 failures
[92mINFO [0m:      configure_evaluate: strategy sampled 1 clients (out of 1)
[92mINFO [0m:      aggregate_evaluate: received 1 results and 0 failures
[92mINFO [0m:      
[92mINFO [0m:      [ROUND 15]
[92mINFO [0m:      configure_fit: strategy sampled 1 clients (out of 1)
[92mINFO [0m:      aggregate_fit: received 1 results and 0 failures
[92mINFO [0m:      configure_evaluate: strategy sampled 1 clients (out of 1)
[92mINFO [0m:      aggregate_evaluate: received 1 results and 0 failures
[92mINFO [0m:      
[92mINFO [0m:      [ROUND 16]
[92mINFO [0m:      configure_fit: strategy sampled 1 clients (out of 1)
[92mINFO [0m:      aggregate_fit: received 1 results and 0 failures
[92mINFO [0m:      configure_evaluate: strategy sampled 1 clients (out of 1)
[92mINFO [0m:      aggregate_evaluate: received 1 results and 0 failures
[92mINFO [0m:      
[92mINFO [0m:      [ROUND 17]
[92mINFO [0m:      configure_fit: strategy sampled 1 clients (out of 1)
[92mINFO [0m:      aggregate_fit: received 1 results and 0 failures
[92mINFO [0m:      configure_evaluate: strategy sampled 1 clients (out of 1)
[92mINFO [0m:      aggregate_evaluate: received 1 results and 0 failures
[92mINFO [0m:      
[92mINFO [0m:      [ROUND 18]
[92mINFO [0m:      configure_fit: strategy sampled 1 clients (out of 1)
[92mINFO [0m:      aggregate_fit: received 1 results and 0 failures
[92mINFO [0m:      configure_evaluate: strategy sampled 1 clients (out of 1)
[92mINFO [0m:      aggregate_evaluate: received 1 results and 0 failures
[92mINFO [0m:      
[92mINFO [0m:      [ROUND 19]
[92mINFO [0m:      configure_fit: strategy sampled 1 clients (out of 1)
[92mINFO [0m:      aggregate_fit: received 1 results and 0 failures
[92mINFO [0m:      configure_evaluate: strategy sampled 1 clients (out of 1)
[92mINFO [0m:      aggregate_evaluate: received 1 results and 0 failures
[92mINFO [0m:      
[92mINFO [0m:      [ROUND 20]
[92mINFO [0m:      configure_fit: strategy sampled 1 clients (out of 1)
[92mINFO [0m:      aggregate_fit: received 1 results and 0 failures
[92mINFO [0m:      configure_evaluate: strategy sampled 1 clients (out of 1)
[92mINFO [0m:      aggregate_evaluate: received 1 results and 0 failures
[92mINFO [0m:      
[92mINFO [0m:      [ROUND 21]
[92mINFO [0m:      configure_fit: strategy sampled 1 clients (out of 1)
[92mINFO [0m:      aggregate_fit: received 1 results and 0 failures
[92mINFO [0m:      configure_evaluate: strategy sampled 1 clients (out of 1)
[92mINFO [0m:      aggregate_evaluate: received 1 results and 0 failures
[92mINFO [0m:      
[92mINFO [0m:      [ROUND 22]
[92mINFO [0m:      configure_fit: strategy sampled 1 clients (out of 1)
[92mINFO [0m:      aggregate_fit: received 1 results and 0 failures
[92mINFO [0m:      configure_evaluate: strategy sampled 1 clients (out of 1)
[92mINFO [0m:      aggregate_evaluate: received 1 results and 0 failures
[92mINFO [0m:      
[92mINFO [0m:      [ROUND 23]
[92mINFO [0m:      configure_fit: strategy sampled 1 clients (out of 1)
[92mINFO [0m:      aggregate_fit: received 1 results and 0 failures
[92mINFO [0m:      configure_evaluate: strategy sampled 1 clients (out of 1)
[92mINFO [0m:      aggregate_evaluate: received 1 results and 0 failures
[92mINFO [0m:      
[92mINFO [0m:      [ROUND 24]
[92mINFO [0m:      configure_fit: strategy sampled 1 clients (out of 1)
[92mINFO [0m:      aggregate_fit: received 1 results and 0 failures
[92mINFO [0m:      configure_evaluate: strategy sampled 1 clients (out of 1)
[92mINFO [0m:      aggregate_evaluate: received 1 results and 0 failures
[92mINFO [0m:      
[92mINFO [0m:      [ROUND 25]
[92mINFO [0m:      configure_fit: strategy sampled 1 clients (out of 1)
[92mINFO [0m:      aggregate_fit: received 1 results and 0 failures
[92mINFO [0m:      configure_evaluate: strategy sampled 1 clients (out of 1)
[92mINFO [0m:      aggregate_evaluate: received 1 results and 0 failures
[92mINFO [0m:      
[92mINFO [0m:      [ROUND 26]
[92mINFO [0m:      configure_fit: strategy sampled 1 clients (out of 1)
[92mINFO [0m:      aggregate_fit: received 1 results and 0 failures
[92mINFO [0m:      configure_evaluate: strategy sampled 1 clients (out of 1)
[92mINFO [0m:      aggregate_evaluate: received 1 results and 0 failures
[92mINFO [0m:      
[92mINFO [0m:      [ROUND 27]
[92mINFO [0m:      configure_fit: strategy sampled 1 clients (out of 1)
[92mINFO [0m:      aggregate_fit: received 1 results and 0 failures
[92mINFO [0m:      configure_evaluate: strategy sampled 1 clients (out of 1)
[92mINFO [0m:      aggregate_evaluate: received 1 results and 0 failures
[92mINFO [0m:      
[92mINFO [0m:      [ROUND 28]
[92mINFO [0m:      configure_fit: strategy sampled 1 clients (out of 1)
[92mINFO [0m:      aggregate_fit: received 1 results and 0 failures
[92mINFO [0m:      configure_evaluate: strategy sampled 1 clients (out of 1)
[92mINFO [0m:      aggregate_evaluate: received 1 results and 0 failures
[92mINFO [0m:      
[92mINFO [0m:      [ROUND 29]
[92mINFO [0m:      configure_fit: strategy sampled 1 clients (out of 1)
[92mINFO [0m:      aggregate_fit: received 1 results and 0 failures
[92mINFO [0m:      configure_evaluate: strategy sampled 1 clients (out of 1)
[92mINFO [0m:      aggregate_evaluate: received 1 results and 0 failures
[92mINFO [0m:      
[92mINFO [0m:      [ROUND 30]
[92mINFO [0m:      configure_fit: strategy sampled 1 clients (out of 1)
[92mINFO [0m:      aggregate_fit: received 1 results and 0 failures
[92mINFO [0m:      configure_evaluate: strategy sampled 1 clients (out of 1)
[92mINFO [0m:      aggregate_evaluate: received 1 results and 0 failures
[92mINFO [0m:      
[92mINFO [0m:      [SUMMARY]
[92mINFO [0m:      Run finished 30 rounds in 56505.87s
[92mINFO [0m:      History (loss, distributed):
[92mINFO [0m:      	('\tround 1: 1.370890498161316\n'
[92mINFO [0m:      	 '\tround 2: 1.3394182920455933\n'
[92mINFO [0m:      	 '\tround 3: 1.2830710411071777\n'
[92mINFO [0m:      	 '\tround 4: 1.2534348964691162\n'
[92mINFO [0m:      	 '\tround 5: 1.3023897409439087\n'
[92mINFO [0m:      	 '\tround 6: 1.2844390869140625\n'
[92mINFO [0m:      	 '\tround 7: 1.2353403568267822\n'
[92mINFO [0m:      	 '\tround 8: 1.2791143655776978\n'
[92mINFO [0m:      	 '\tround 9: 1.2498522996902466\n'
[92mINFO [0m:      	 '\tround 10: 1.228994607925415\n'
[92mINFO [0m:      	 '\tround 11: 1.2522555589675903\n'
[92mINFO [0m:      	 '\tround 12: 1.276531457901001\n'
[92mINFO [0m:      	 '\tround 13: 1.2844760417938232\n'
[92mINFO [0m:      	 '\tround 14: 1.2610238790512085\n'
[92mINFO [0m:      	 '\tround 15: 1.2594313621520996\n'
[92mINFO [0m:      	 '\tround 16: 1.256199598312378\n'
[92mINFO [0m:      	 '\tround 17: 1.2458938360214233\n'
[92mINFO [0m:      	 '\tround 18: 1.2009493112564087\n'
[92mINFO [0m:      	 '\tround 19: 1.2577753067016602\n'
[92mINFO [0m:      	 '\tround 20: 1.237105369567871\n'
[92mINFO [0m:      	 '\tround 21: 1.236840009689331\n'
[92mINFO [0m:      	 '\tround 22: 1.2447566986083984\n'
[92mINFO [0m:      	 '\tround 23: 1.2530351877212524\n'
[92mINFO [0m:      	 '\tround 24: 1.2918795347213745\n'
[92mINFO [0m:      	 '\tround 25: 1.2555006742477417\n'
[92mINFO [0m:      	 '\tround 26: 1.2753771543502808\n'
[92mINFO [0m:      	 '\tround 27: 1.3867592811584473\n'
[92mINFO [0m:      	 '\tround 28: 1.2588181495666504\n'
[92mINFO [0m:      	 '\tround 29: 1.26003897190094\n'
[92mINFO [0m:      	 '\tround 30: 1.3074781894683838\n')
[92mINFO [0m:      
[Server] Model checkpoint saved at round 5 => /home/dgxuser16/NTL/mccarthy/ahmad/github/adaptive_privacy_fl/adaptive_privacy/isic/version_03/checkpoints/model_checkpoint_round_5.pth
[Server] Model checkpoint saved at round 10 => /home/dgxuser16/NTL/mccarthy/ahmad/github/adaptive_privacy_fl/adaptive_privacy/isic/version_03/checkpoints/model_checkpoint_round_10.pth
[Server] Model checkpoint saved at round 15 => /home/dgxuser16/NTL/mccarthy/ahmad/github/adaptive_privacy_fl/adaptive_privacy/isic/version_03/checkpoints/model_checkpoint_round_15.pth
[Server] Model checkpoint saved at round 20 => /home/dgxuser16/NTL/mccarthy/ahmad/github/adaptive_privacy_fl/adaptive_privacy/isic/version_03/checkpoints/model_checkpoint_round_20.pth
[Server] Model checkpoint saved at round 25 => /home/dgxuser16/NTL/mccarthy/ahmad/github/adaptive_privacy_fl/adaptive_privacy/isic/version_03/checkpoints/model_checkpoint_round_25.pth
[Server] Model checkpoint saved at round 30 => /home/dgxuser16/NTL/mccarthy/ahmad/github/adaptive_privacy_fl/adaptive_privacy/isic/version_03/checkpoints/model_checkpoint_round_30.pth
Time taken (hours): 15.85924682047632
