nohup: ignoring input
/home/dgxuser16/anaconda3/envs/ihpc/lib/python3.8/site-packages/opacus/privacy_engine.py:95: UserWarning: Secure RNG turned off. This is perfectly fine for experimentation as it allows for much faster training performance, but remember to turn it on and retrain one last time before production with ``secure_mode`` turned on.
  warnings.warn(
02/06/2025 08:14:09:WARNING:Ignoring drop_last as it is not compatible with DPDataLoader.
02/06/2025 08:14:09:DEBUG:Opened insecure gRPC connection (no certificates were passed)
02/06/2025 08:14:09:DEBUG:ChannelConnectivity.IDLE
02/06/2025 08:14:09:DEBUG:ChannelConnectivity.READY
WARNING: All log messages before absl::InitializeLog() is called are written to STDERR
I0000 00:00:1738858449.841400  396273 fork_posix.cc:75] Other threads are currently calling into gRPC, skipping fork() handlers
[92mINFO [0m:      
02/06/2025 08:14:50:INFO:
[92mINFO [0m:      Received: train message 5081854b-2f01-4931-9631-cb957fa0712b
02/06/2025 08:14:50:INFO:Received: train message 5081854b-2f01-4931-9631-cb957fa0712b
/home/dgxuser16/anaconda3/envs/ihpc/lib/python3.8/site-packages/torch/nn/modules/module.py:1640: FutureWarning: Using a non-full backward hook when the forward contains multiple autograd Nodes is deprecated and will be removed in future versions. This hook will be missing some grad_input. Please use register_full_backward_hook to get the documented behavior.
  self._maybe_warn_non_full_backward_hook(args, result, grad_fn)
[92mINFO [0m:      Sent reply
02/06/2025 08:15:09:INFO:Sent reply
[92mINFO [0m:      
02/06/2025 08:15:48:INFO:
[92mINFO [0m:      Received: evaluate message e83ff2ca-c01a-44cc-a952-f6cf5d54c393
02/06/2025 08:15:48:INFO:Received: evaluate message e83ff2ca-c01a-44cc-a952-f6cf5d54c393
[92mINFO [0m:      Sent reply
02/06/2025 08:15:54:INFO:Sent reply
[92mINFO [0m:      
02/06/2025 08:16:29:INFO:
[92mINFO [0m:      Received: train message 0e7c4ce2-a0fd-4005-b421-da6a6007784b
02/06/2025 08:16:29:INFO:Received: train message 0e7c4ce2-a0fd-4005-b421-da6a6007784b
/home/dgxuser16/anaconda3/envs/ihpc/lib/python3.8/site-packages/torch/nn/modules/module.py:1640: FutureWarning: Using a non-full backward hook when the forward contains multiple autograd Nodes is deprecated and will be removed in future versions. This hook will be missing some grad_input. Please use register_full_backward_hook to get the documented behavior.
  self._maybe_warn_non_full_backward_hook(args, result, grad_fn)
[92mINFO [0m:      Sent reply
02/06/2025 08:16:49:INFO:Sent reply
[92mINFO [0m:      
02/06/2025 08:17:35:INFO:
[92mINFO [0m:      Received: evaluate message 05bbee54-c357-428c-93a2-106e56e91ef8
02/06/2025 08:17:35:INFO:Received: evaluate message 05bbee54-c357-428c-93a2-106e56e91ef8
[92mINFO [0m:      Sent reply
02/06/2025 08:17:40:INFO:Sent reply
[92mINFO [0m:      
02/06/2025 08:18:28:INFO:
[92mINFO [0m:      Received: train message 6a934ab2-1293-4be6-8444-32169faeb33a
02/06/2025 08:18:28:INFO:Received: train message 6a934ab2-1293-4be6-8444-32169faeb33a
/home/dgxuser16/anaconda3/envs/ihpc/lib/python3.8/site-packages/torch/nn/modules/module.py:1640: FutureWarning: Using a non-full backward hook when the forward contains multiple autograd Nodes is deprecated and will be removed in future versions. This hook will be missing some grad_input. Please use register_full_backward_hook to get the documented behavior.
  self._maybe_warn_non_full_backward_hook(args, result, grad_fn)
[92mINFO [0m:      Sent reply
02/06/2025 08:18:48:INFO:Sent reply
[92mINFO [0m:      
02/06/2025 08:19:33:INFO:
[92mINFO [0m:      Received: evaluate message 57b26713-2c0a-4970-9f13-0ec0368c03b6
02/06/2025 08:19:33:INFO:Received: evaluate message 57b26713-2c0a-4970-9f13-0ec0368c03b6
[92mINFO [0m:      Sent reply
02/06/2025 08:19:38:INFO:Sent reply
[92mINFO [0m:      
02/06/2025 08:19:58:INFO:
[92mINFO [0m:      Received: train message 835800a9-2093-40be-afe2-f7783250e456
02/06/2025 08:19:58:INFO:Received: train message 835800a9-2093-40be-afe2-f7783250e456
/home/dgxuser16/anaconda3/envs/ihpc/lib/python3.8/site-packages/torch/nn/modules/module.py:1640: FutureWarning: Using a non-full backward hook when the forward contains multiple autograd Nodes is deprecated and will be removed in future versions. This hook will be missing some grad_input. Please use register_full_backward_hook to get the documented behavior.
  self._maybe_warn_non_full_backward_hook(args, result, grad_fn)
[92mINFO [0m:      Sent reply
02/06/2025 08:20:22:INFO:Sent reply
[92mINFO [0m:      
02/06/2025 08:21:11:INFO:
[92mINFO [0m:      Received: evaluate message 176f331e-8798-4d17-a3ec-6b4a36eea2a2
02/06/2025 08:21:11:INFO:Received: evaluate message 176f331e-8798-4d17-a3ec-6b4a36eea2a2
[92mINFO [0m:      Sent reply
02/06/2025 08:21:22:INFO:Sent reply
[92mINFO [0m:      
02/06/2025 08:22:15:INFO:
[92mINFO [0m:      Received: train message 662c94a9-daa3-4ab7-9b5b-0651ec98ce96
02/06/2025 08:22:15:INFO:Received: train message 662c94a9-daa3-4ab7-9b5b-0651ec98ce96
/home/dgxuser16/anaconda3/envs/ihpc/lib/python3.8/site-packages/torch/nn/modules/module.py:1640: FutureWarning: Using a non-full backward hook when the forward contains multiple autograd Nodes is deprecated and will be removed in future versions. This hook will be missing some grad_input. Please use register_full_backward_hook to get the documented behavior.
  self._maybe_warn_non_full_backward_hook(args, result, grad_fn)
[92mINFO [0m:      Sent reply
02/06/2025 08:22:38:INFO:Sent reply
[92mINFO [0m:      
02/06/2025 08:23:20:INFO:
[92mINFO [0m:      Received: evaluate message e6282380-4a60-4a3a-abc5-2e4d93bd6727
02/06/2025 08:23:20:INFO:Received: evaluate message e6282380-4a60-4a3a-abc5-2e4d93bd6727
[92mINFO [0m:      Sent reply
02/06/2025 08:23:26:INFO:Sent reply
[92mINFO [0m:      
02/06/2025 08:24:17:INFO:
[92mINFO [0m:      Received: train message 6dbdb35e-b3ab-4382-93dc-48d3edf6a93e
02/06/2025 08:24:17:INFO:Received: train message 6dbdb35e-b3ab-4382-93dc-48d3edf6a93e
/home/dgxuser16/anaconda3/envs/ihpc/lib/python3.8/site-packages/torch/nn/modules/module.py:1640: FutureWarning: Using a non-full backward hook when the forward contains multiple autograd Nodes is deprecated and will be removed in future versions. This hook will be missing some grad_input. Please use register_full_backward_hook to get the documented behavior.
  self._maybe_warn_non_full_backward_hook(args, result, grad_fn)
[92mINFO [0m:      Sent reply
02/06/2025 08:24:42:INFO:Sent reply
[92mINFO [0m:      
02/06/2025 08:25:01:INFO:
[92mINFO [0m:      Received: evaluate message 17b9e6f3-af90-4e90-a9fb-99fa17f35060
02/06/2025 08:25:01:INFO:Received: evaluate message 17b9e6f3-af90-4e90-a9fb-99fa17f35060
[92mINFO [0m:      Sent reply
02/06/2025 08:25:06:INFO:Sent reply
[92mINFO [0m:      
02/06/2025 08:26:04:INFO:
[92mINFO [0m:      Received: train message 9b5387fe-edfa-411d-a7b8-f5c131dcd16a
02/06/2025 08:26:04:INFO:Received: train message 9b5387fe-edfa-411d-a7b8-f5c131dcd16a
/home/dgxuser16/anaconda3/envs/ihpc/lib/python3.8/site-packages/torch/nn/modules/module.py:1640: FutureWarning: Using a non-full backward hook when the forward contains multiple autograd Nodes is deprecated and will be removed in future versions. This hook will be missing some grad_input. Please use register_full_backward_hook to get the documented behavior.
  self._maybe_warn_non_full_backward_hook(args, result, grad_fn)
[92mINFO [0m:      Sent reply
02/06/2025 08:26:30:INFO:Sent reply
[92mINFO [0m:      
02/06/2025 08:27:33:INFO:
[92mINFO [0m:      Received: evaluate message e9d4ad08-fc82-4861-8cf9-7b9cba5711b7
02/06/2025 08:27:33:INFO:Received: evaluate message e9d4ad08-fc82-4861-8cf9-7b9cba5711b7
[92mINFO [0m:      Sent reply
02/06/2025 08:27:39:INFO:Sent reply
[92mINFO [0m:      
02/06/2025 08:28:03:INFO:
[92mINFO [0m:      Received: train message 50f05edc-df29-4e35-be43-31afd1ac8079
02/06/2025 08:28:03:INFO:Received: train message 50f05edc-df29-4e35-be43-31afd1ac8079
/home/dgxuser16/anaconda3/envs/ihpc/lib/python3.8/site-packages/torch/nn/modules/module.py:1640: FutureWarning: Using a non-full backward hook when the forward contains multiple autograd Nodes is deprecated and will be removed in future versions. This hook will be missing some grad_input. Please use register_full_backward_hook to get the documented behavior.
  self._maybe_warn_non_full_backward_hook(args, result, grad_fn)
[92mINFO [0m:      Sent reply
02/06/2025 08:28:31:INFO:Sent reply
[92mINFO [0m:      
02/06/2025 08:29:38:INFO:
[92mINFO [0m:      Received: evaluate message 488b5399-b59b-4b07-af2a-fadd74df0b9c
02/06/2025 08:29:38:INFO:Received: evaluate message 488b5399-b59b-4b07-af2a-fadd74df0b9c
[92mINFO [0m:      Sent reply
02/06/2025 08:29:44:INFO:Sent reply
[92mINFO [0m:      
02/06/2025 08:30:25:INFO:
[92mINFO [0m:      Received: train message 98f632aa-fb15-44f1-8513-68dabbfb4a79
02/06/2025 08:30:25:INFO:Received: train message 98f632aa-fb15-44f1-8513-68dabbfb4a79
/home/dgxuser16/anaconda3/envs/ihpc/lib/python3.8/site-packages/torch/nn/modules/module.py:1640: FutureWarning: Using a non-full backward hook when the forward contains multiple autograd Nodes is deprecated and will be removed in future versions. This hook will be missing some grad_input. Please use register_full_backward_hook to get the documented behavior.
  self._maybe_warn_non_full_backward_hook(args, result, grad_fn)
[92mINFO [0m:      Sent reply
02/06/2025 08:30:50:INFO:Sent reply
[92mINFO [0m:      
02/06/2025 08:31:40:INFO:
[92mINFO [0m:      Received: evaluate message 68faccb0-7d57-455b-8729-5f29c6a8474b
02/06/2025 08:31:40:INFO:Received: evaluate message 68faccb0-7d57-455b-8729-5f29c6a8474b
[92mINFO [0m:      Sent reply
02/06/2025 08:31:47:INFO:Sent reply
[92mINFO [0m:      
02/06/2025 08:32:02:INFO:
[92mINFO [0m:      Received: train message 41d88875-4f97-4cdb-855c-c9ea408f192c
02/06/2025 08:32:02:INFO:Received: train message 41d88875-4f97-4cdb-855c-c9ea408f192c
/home/dgxuser16/anaconda3/envs/ihpc/lib/python3.8/site-packages/torch/nn/modules/module.py:1640: FutureWarning: Using a non-full backward hook when the forward contains multiple autograd Nodes is deprecated and will be removed in future versions. This hook will be missing some grad_input. Please use register_full_backward_hook to get the documented behavior.
  self._maybe_warn_non_full_backward_hook(args, result, grad_fn)
[92mINFO [0m:      Sent reply
02/06/2025 08:32:23:INFO:Sent reply
[92mINFO [0m:      
02/06/2025 08:33:32:INFO:
[92mINFO [0m:      Received: evaluate message bb74cfa7-7ecc-4bba-abd4-923d779f6e24
02/06/2025 08:33:32:INFO:Received: evaluate message bb74cfa7-7ecc-4bba-abd4-923d779f6e24
[92mINFO [0m:      Sent reply
02/06/2025 08:33:37:INFO:Sent reply
[92mINFO [0m:      
02/06/2025 08:34:36:INFO:
[92mINFO [0m:      Received: train message f5d0b23d-cd1f-4367-a542-411f88988655
02/06/2025 08:34:36:INFO:Received: train message f5d0b23d-cd1f-4367-a542-411f88988655
/home/dgxuser16/anaconda3/envs/ihpc/lib/python3.8/site-packages/torch/nn/modules/module.py:1640: FutureWarning: Using a non-full backward hook when the forward contains multiple autograd Nodes is deprecated and will be removed in future versions. This hook will be missing some grad_input. Please use register_full_backward_hook to get the documented behavior.
  self._maybe_warn_non_full_backward_hook(args, result, grad_fn)
[92mINFO [0m:      Sent reply
02/06/2025 08:35:03:INFO:Sent reply
[92mINFO [0m:      
02/06/2025 08:35:39:INFO:
[92mINFO [0m:      Received: evaluate message ae7802a3-ebc9-4cf5-844e-641a49ea126f
02/06/2025 08:35:39:INFO:Received: evaluate message ae7802a3-ebc9-4cf5-844e-641a49ea126f
[92mINFO [0m:      Sent reply
02/06/2025 08:35:47:INFO:Sent reply
[92mINFO [0m:      
02/06/2025 08:36:41:INFO:
[92mINFO [0m:      Received: train message ee5fb15f-4cae-4160-9072-3d505b81eb66
02/06/2025 08:36:41:INFO:Received: train message ee5fb15f-4cae-4160-9072-3d505b81eb66
/home/dgxuser16/anaconda3/envs/ihpc/lib/python3.8/site-packages/torch/nn/modules/module.py:1640: FutureWarning: Using a non-full backward hook when the forward contains multiple autograd Nodes is deprecated and will be removed in future versions. This hook will be missing some grad_input. Please use register_full_backward_hook to get the documented behavior.
  self._maybe_warn_non_full_backward_hook(args, result, grad_fn)
[92mINFO [0m:      Sent reply
02/06/2025 08:37:11:INFO:Sent reply
[92mINFO [0m:      
02/06/2025 08:37:56:INFO:
[92mINFO [0m:      Received: evaluate message 3f54f8fc-3620-40db-9516-6a10964fed6c
02/06/2025 08:37:56:INFO:Received: evaluate message 3f54f8fc-3620-40db-9516-6a10964fed6c
[92mINFO [0m:      Sent reply
02/06/2025 08:38:07:INFO:Sent reply
[92mINFO [0m:      
02/06/2025 08:38:28:INFO:
[92mINFO [0m:      Received: train message 3170fe56-af63-4cef-af8b-bfc133bdc75b
02/06/2025 08:38:28:INFO:Received: train message 3170fe56-af63-4cef-af8b-bfc133bdc75b
/home/dgxuser16/anaconda3/envs/ihpc/lib/python3.8/site-packages/torch/nn/modules/module.py:1640: FutureWarning: Using a non-full backward hook when the forward contains multiple autograd Nodes is deprecated and will be removed in future versions. This hook will be missing some grad_input. Please use register_full_backward_hook to get the documented behavior.
  self._maybe_warn_non_full_backward_hook(args, result, grad_fn)
[92mINFO [0m:      Sent reply
02/06/2025 08:38:52:INFO:Sent reply
[92mINFO [0m:      
02/06/2025 08:39:51:INFO:
[92mINFO [0m:      Received: evaluate message 992c8b34-24d5-401c-889f-13fb15b016f0
02/06/2025 08:39:51:INFO:Received: evaluate message 992c8b34-24d5-401c-889f-13fb15b016f0
[92mINFO [0m:      Sent reply
02/06/2025 08:40:02:INFO:Sent reply
[92mINFO [0m:      
02/06/2025 08:40:53:INFO:
[92mINFO [0m:      Received: train message 61f90303-501c-4d04-8eb1-475345f4ac3a
02/06/2025 08:40:53:INFO:Received: train message 61f90303-501c-4d04-8eb1-475345f4ac3a
/home/dgxuser16/anaconda3/envs/ihpc/lib/python3.8/site-packages/torch/nn/modules/module.py:1640: FutureWarning: Using a non-full backward hook when the forward contains multiple autograd Nodes is deprecated and will be removed in future versions. This hook will be missing some grad_input. Please use register_full_backward_hook to get the documented behavior.
  self._maybe_warn_non_full_backward_hook(args, result, grad_fn)
[92mINFO [0m:      Sent reply
02/06/2025 08:41:32:INFO:Sent reply
[92mINFO [0m:      
02/06/2025 08:42:04:INFO:
[92mINFO [0m:      Received: evaluate message 9e3928c7-0a27-49d7-8e1d-e4a5b0ad9e03
02/06/2025 08:42:04:INFO:Received: evaluate message 9e3928c7-0a27-49d7-8e1d-e4a5b0ad9e03
[92mINFO [0m:      Sent reply
02/06/2025 08:42:11:INFO:Sent reply
[92mINFO [0m:      
02/06/2025 08:43:01:INFO:
[92mINFO [0m:      Received: train message d4b1732f-4289-431c-852f-a98399ebdf5b
02/06/2025 08:43:01:INFO:Received: train message d4b1732f-4289-431c-852f-a98399ebdf5b
/home/dgxuser16/anaconda3/envs/ihpc/lib/python3.8/site-packages/torch/nn/modules/module.py:1640: FutureWarning: Using a non-full backward hook when the forward contains multiple autograd Nodes is deprecated and will be removed in future versions. This hook will be missing some grad_input. Please use register_full_backward_hook to get the documented behavior.
  self._maybe_warn_non_full_backward_hook(args, result, grad_fn)
[92mINFO [0m:      Sent reply
02/06/2025 08:43:35:INFO:Sent reply
[92mINFO [0m:      
02/06/2025 08:44:20:INFO:
[92mINFO [0m:      Received: evaluate message d9a76390-5ff5-4e7d-a085-78e7ca27f857
02/06/2025 08:44:20:INFO:Received: evaluate message d9a76390-5ff5-4e7d-a085-78e7ca27f857
[92mINFO [0m:      Sent reply
02/06/2025 08:44:26:INFO:Sent reply
[92mINFO [0m:      
02/06/2025 08:44:59:INFO:
[92mINFO [0m:      Received: train message 2f1d5670-8db0-44bc-b509-c1768007fb49
02/06/2025 08:44:59:INFO:Received: train message 2f1d5670-8db0-44bc-b509-c1768007fb49
Device: cuda:0
Params: {'batch_size': 32, 'local_epochs': 3, 'full_dataset_size': 6400, 'number_of_classes': 4}
Privacy Params: {'target_delta': 1e-05, 'noise_multiplier': 0.53, 'max_grad_norm': 1.0}
Epsilon = 10.7582

{'loss': [1.0807289528231587], 'accuracy': [0.4980453479280688], 'auc': [0.6980217444540938]}

Epsilon = 13.9289

{'loss': [1.0807289528231587, 1.0774973377387351], 'accuracy': [0.4980453479280688, 0.5129007036747459], 'auc': [0.6980217444540938, 0.715380979554698]}

Epsilon = 16.5057

{'loss': [1.0807289528231587, 1.0774973377387351, 1.0392794734896673], 'accuracy': [0.4980453479280688, 0.5129007036747459, 0.5230648944487881], 'auc': [0.6980217444540938, 0.715380979554698, 0.7215425833254789]}

Epsilon = 18.7799

{'loss': [1.0807289528231587, 1.0774973377387351, 1.0392794734896673, 1.0549484235034314], 'accuracy': [0.4980453479280688, 0.5129007036747459, 0.5230648944487881, 0.5230648944487881], 'auc': [0.6980217444540938, 0.715380979554698, 0.7215425833254789, 0.7268733641384597]}

Epsilon = 20.8620

{'loss': [1.0807289528231587, 1.0774973377387351, 1.0392794734896673, 1.0549484235034314, 1.0732965513166737], 'accuracy': [0.4980453479280688, 0.5129007036747459, 0.5230648944487881, 0.5230648944487881, 0.5230648944487881], 'auc': [0.6980217444540938, 0.715380979554698, 0.7215425833254789, 0.7268733641384597, 0.7293896404484805]}

Epsilon = 22.8080

{'loss': [1.0807289528231587, 1.0774973377387351, 1.0392794734896673, 1.0549484235034314, 1.0732965513166737, 1.0958097180507442], 'accuracy': [0.4980453479280688, 0.5129007036747459, 0.5230648944487881, 0.5230648944487881, 0.5230648944487881, 0.5222830336200156], 'auc': [0.6980217444540938, 0.715380979554698, 0.7215425833254789, 0.7268733641384597, 0.7293896404484805, 0.7361344150229252]}

Epsilon = 24.6513

{'loss': [1.0807289528231587, 1.0774973377387351, 1.0392794734896673, 1.0549484235034314, 1.0732965513166737, 1.0958097180507442, 1.1047427204085851], 'accuracy': [0.4980453479280688, 0.5129007036747459, 0.5230648944487881, 0.5230648944487881, 0.5230648944487881, 0.5222830336200156, 0.5285379202501954], 'auc': [0.6980217444540938, 0.715380979554698, 0.7215425833254789, 0.7268733641384597, 0.7293896404484805, 0.7361344150229252, 0.7352135888819312]}

Epsilon = 26.4131

{'loss': [1.0807289528231587, 1.0774973377387351, 1.0392794734896673, 1.0549484235034314, 1.0732965513166737, 1.0958097180507442, 1.1047427204085851, 1.144823839088452], 'accuracy': [0.4980453479280688, 0.5129007036747459, 0.5230648944487881, 0.5230648944487881, 0.5230648944487881, 0.5222830336200156, 0.5285379202501954, 0.524628616106333], 'auc': [0.6980217444540938, 0.715380979554698, 0.7215425833254789, 0.7268733641384597, 0.7293896404484805, 0.7361344150229252, 0.7352135888819312, 0.7364474933743671]}

Epsilon = 28.1086

{'loss': [1.0807289528231587, 1.0774973377387351, 1.0392794734896673, 1.0549484235034314, 1.0732965513166737, 1.0958097180507442, 1.1047427204085851, 1.144823839088452, 1.1337953592483843], 'accuracy': [0.4980453479280688, 0.5129007036747459, 0.5230648944487881, 0.5230648944487881, 0.5230648944487881, 0.5222830336200156, 0.5285379202501954, 0.524628616106333, 0.5293197810789679], 'auc': [0.6980217444540938, 0.715380979554698, 0.7215425833254789, 0.7268733641384597, 0.7293896404484805, 0.7361344150229252, 0.7352135888819312, 0.7364474933743671, 0.7395642995225448]}

Epsilon = 29.7485

{'loss': [1.0807289528231587, 1.0774973377387351, 1.0392794734896673, 1.0549484235034314, 1.0732965513166737, 1.0958097180507442, 1.1047427204085851, 1.144823839088452, 1.1337953592483843, 1.1289696033528487], 'accuracy': [0.4980453479280688, 0.5129007036747459, 0.5230648944487881, 0.5230648944487881, 0.5230648944487881, 0.5222830336200156, 0.5285379202501954, 0.524628616106333, 0.5293197810789679, 0.5347928068803753], 'auc': [0.6980217444540938, 0.715380979554698, 0.7215425833254789, 0.7268733641384597, 0.7293896404484805, 0.7361344150229252, 0.7352135888819312, 0.7364474933743671, 0.7395642995225448, 0.7442743934131723]}

Epsilon = 31.3409

{'loss': [1.0807289528231587, 1.0774973377387351, 1.0392794734896673, 1.0549484235034314, 1.0732965513166737, 1.0958097180507442, 1.1047427204085851, 1.144823839088452, 1.1337953592483843, 1.1289696033528487, 1.1284019809108492], 'accuracy': [0.4980453479280688, 0.5129007036747459, 0.5230648944487881, 0.5230648944487881, 0.5230648944487881, 0.5222830336200156, 0.5285379202501954, 0.524628616106333, 0.5293197810789679, 0.5347928068803753, 0.5355746677091477], 'auc': [0.6980217444540938, 0.715380979554698, 0.7215425833254789, 0.7268733641384597, 0.7293896404484805, 0.7361344150229252, 0.7352135888819312, 0.7364474933743671, 0.7395642995225448, 0.7442743934131723, 0.7457396590039437]}

Epsilon = 32.8923

{'loss': [1.0807289528231587, 1.0774973377387351, 1.0392794734896673, 1.0549484235034314, 1.0732965513166737, 1.0958097180507442, 1.1047427204085851, 1.144823839088452, 1.1337953592483843, 1.1289696033528487, 1.1284019809108492, 1.1064153910149253], 'accuracy': [0.4980453479280688, 0.5129007036747459, 0.5230648944487881, 0.5230648944487881, 0.5230648944487881, 0.5222830336200156, 0.5285379202501954, 0.524628616106333, 0.5293197810789679, 0.5347928068803753, 0.5355746677091477, 0.5363565285379203], 'auc': [0.6980217444540938, 0.715380979554698, 0.7215425833254789, 0.7268733641384597, 0.7293896404484805, 0.7361344150229252, 0.7352135888819312, 0.7364474933743671, 0.7395642995225448, 0.7442743934131723, 0.7457396590039437, 0.7469270660984983]}

Epsilon = 34.4076

{'loss': [1.0807289528231587, 1.0774973377387351, 1.0392794734896673, 1.0549484235034314, 1.0732965513166737, 1.0958097180507442, 1.1047427204085851, 1.144823839088452, 1.1337953592483843, 1.1289696033528487, 1.1284019809108492, 1.1064153910149253, 1.1306770984971775], 'accuracy': [0.4980453479280688, 0.5129007036747459, 0.5230648944487881, 0.5230648944487881, 0.5230648944487881, 0.5222830336200156, 0.5285379202501954, 0.524628616106333, 0.5293197810789679, 0.5347928068803753, 0.5355746677091477, 0.5363565285379203, 0.5371383893666928], 'auc': [0.6980217444540938, 0.715380979554698, 0.7215425833254789, 0.7268733641384597, 0.7293896404484805, 0.7361344150229252, 0.7352135888819312, 0.7364474933743671, 0.7395642995225448, 0.7442743934131723, 0.7457396590039437, 0.7469270660984983, 0.7482257031394075]}

Epsilon = 35.8910

{'loss': [1.0807289528231587, 1.0774973377387351, 1.0392794734896673, 1.0549484235034314, 1.0732965513166737, 1.0958097180507442, 1.1047427204085851, 1.144823839088452, 1.1337953592483843, 1.1289696033528487, 1.1284019809108492, 1.1064153910149253, 1.1306770984971775, 1.1307815345028958], 'accuracy': [0.4980453479280688, 0.5129007036747459, 0.5230648944487881, 0.5230648944487881, 0.5230648944487881, 0.5222830336200156, 0.5285379202501954, 0.524628616106333, 0.5293197810789679, 0.5347928068803753, 0.5355746677091477, 0.5363565285379203, 0.5371383893666928, 0.5410476935105551], 'auc': [0.6980217444540938, 0.715380979554698, 0.7215425833254789, 0.7268733641384597, 0.7293896404484805, 0.7361344150229252, 0.7352135888819312, 0.7364474933743671, 0.7395642995225448, 0.7442743934131723, 0.7457396590039437, 0.7469270660984983, 0.7482257031394075, 0.7499570725869946]}

Epsilon = 37.3458

{'loss': [1.0807289528231587, 1.0774973377387351, 1.0392794734896673, 1.0549484235034314, 1.0732965513166737, 1.0958097180507442, 1.1047427204085851, 1.144823839088452, 1.1337953592483843, 1.1289696033528487, 1.1284019809108492, 1.1064153910149253, 1.1306770984971775, 1.1307815345028958, 1.1520942842895114], 'accuracy': [0.4980453479280688, 0.5129007036747459, 0.5230648944487881, 0.5230648944487881, 0.5230648944487881, 0.5222830336200156, 0.5285379202501954, 0.524628616106333, 0.5293197810789679, 0.5347928068803753, 0.5355746677091477, 0.5363565285379203, 0.5371383893666928, 0.5410476935105551, 0.5355746677091477], 'auc': [0.6980217444540938, 0.715380979554698, 0.7215425833254789, 0.7268733641384597, 0.7293896404484805, 0.7361344150229252, 0.7352135888819312, 0.7364474933743671, 0.7395642995225448, 0.7442743934131723, 0.7457396590039437, 0.7469270660984983, 0.7482257031394075, 0.7499570725869946, 0.7516753090587968]}

/home/dgxuser16/anaconda3/envs/ihpc/lib/python3.8/site-packages/torch/nn/modules/module.py:1640: FutureWarning: Using a non-full backward hook when the forward contains multiple autograd Nodes is deprecated and will be removed in future versions. This hook will be missing some grad_input. Please use register_full_backward_hook to get the documented behavior.
  self._maybe_warn_non_full_backward_hook(args, result, grad_fn)
[92mINFO [0m:      Sent reply
02/06/2025 08:45:32:INFO:Sent reply
[92mINFO [0m:      
02/06/2025 08:46:24:INFO:
[92mINFO [0m:      Received: evaluate message 07211fa1-7b1c-4c9d-9e6c-20fdf9edecc2
02/06/2025 08:46:24:INFO:Received: evaluate message 07211fa1-7b1c-4c9d-9e6c-20fdf9edecc2
[92mINFO [0m:      Sent reply
02/06/2025 08:46:29:INFO:Sent reply
[92mINFO [0m:      
02/06/2025 08:47:22:INFO:
[92mINFO [0m:      Received: train message d5a10f32-ae4c-4c08-9167-e69fb7b6d59f
02/06/2025 08:47:22:INFO:Received: train message d5a10f32-ae4c-4c08-9167-e69fb7b6d59f
/home/dgxuser16/anaconda3/envs/ihpc/lib/python3.8/site-packages/torch/nn/modules/module.py:1640: FutureWarning: Using a non-full backward hook when the forward contains multiple autograd Nodes is deprecated and will be removed in future versions. This hook will be missing some grad_input. Please use register_full_backward_hook to get the documented behavior.
  self._maybe_warn_non_full_backward_hook(args, result, grad_fn)
[92mINFO [0m:      Sent reply
02/06/2025 08:47:57:INFO:Sent reply
[92mINFO [0m:      
02/06/2025 08:48:41:INFO:
[92mINFO [0m:      Received: evaluate message b9bd9c64-b9af-413f-a0a6-7cc97bb7c3cd
02/06/2025 08:48:41:INFO:Received: evaluate message b9bd9c64-b9af-413f-a0a6-7cc97bb7c3cd
[92mINFO [0m:      Sent reply
02/06/2025 08:48:48:INFO:Sent reply
[92mINFO [0m:      
02/06/2025 08:49:26:INFO:
[92mINFO [0m:      Received: train message 6f7b6315-9e89-4fbf-9f0a-21f69e90fed7
02/06/2025 08:49:26:INFO:Received: train message 6f7b6315-9e89-4fbf-9f0a-21f69e90fed7
/home/dgxuser16/anaconda3/envs/ihpc/lib/python3.8/site-packages/torch/nn/modules/module.py:1640: FutureWarning: Using a non-full backward hook when the forward contains multiple autograd Nodes is deprecated and will be removed in future versions. This hook will be missing some grad_input. Please use register_full_backward_hook to get the documented behavior.
  self._maybe_warn_non_full_backward_hook(args, result, grad_fn)
[92mINFO [0m:      Sent reply
02/06/2025 08:49:59:INFO:Sent reply
[92mINFO [0m:      
02/06/2025 08:50:24:INFO:
[92mINFO [0m:      Received: evaluate message fc139e29-72a8-4fb9-9356-107fbedb2fc5
02/06/2025 08:50:24:INFO:Received: evaluate message fc139e29-72a8-4fb9-9356-107fbedb2fc5
[92mINFO [0m:      Sent reply
02/06/2025 08:50:28:INFO:Sent reply
[92mINFO [0m:      
02/06/2025 08:51:16:INFO:
[92mINFO [0m:      Received: train message ae8e5e6a-e012-4988-899a-01ddb4c837de
02/06/2025 08:51:16:INFO:Received: train message ae8e5e6a-e012-4988-899a-01ddb4c837de
/home/dgxuser16/anaconda3/envs/ihpc/lib/python3.8/site-packages/torch/nn/modules/module.py:1640: FutureWarning: Using a non-full backward hook when the forward contains multiple autograd Nodes is deprecated and will be removed in future versions. This hook will be missing some grad_input. Please use register_full_backward_hook to get the documented behavior.
  self._maybe_warn_non_full_backward_hook(args, result, grad_fn)
[92mINFO [0m:      Sent reply
02/06/2025 08:51:37:INFO:Sent reply
[92mINFO [0m:      
02/06/2025 08:53:07:INFO:
[92mINFO [0m:      Received: evaluate message 7c97c43d-3bc2-4ade-967b-869d8dd107e4
02/06/2025 08:53:07:INFO:Received: evaluate message 7c97c43d-3bc2-4ade-967b-869d8dd107e4
[92mINFO [0m:      Sent reply
02/06/2025 08:53:11:INFO:Sent reply
[92mINFO [0m:      
02/06/2025 08:53:48:INFO:
[92mINFO [0m:      Received: train message 1dbb8151-2e5e-4df0-a205-4498cd26a1a8
02/06/2025 08:53:48:INFO:Received: train message 1dbb8151-2e5e-4df0-a205-4498cd26a1a8
/home/dgxuser16/anaconda3/envs/ihpc/lib/python3.8/site-packages/torch/nn/modules/module.py:1640: FutureWarning: Using a non-full backward hook when the forward contains multiple autograd Nodes is deprecated and will be removed in future versions. This hook will be missing some grad_input. Please use register_full_backward_hook to get the documented behavior.
  self._maybe_warn_non_full_backward_hook(args, result, grad_fn)
[92mINFO [0m:      Sent reply
02/06/2025 08:54:28:INFO:Sent reply
[92mINFO [0m:      
02/06/2025 08:55:27:INFO:
[92mINFO [0m:      Received: evaluate message b060dcae-7bbb-4b5d-a490-8713d36e25b4
02/06/2025 08:55:27:INFO:Received: evaluate message b060dcae-7bbb-4b5d-a490-8713d36e25b4
[92mINFO [0m:      Sent reply
02/06/2025 08:55:34:INFO:Sent reply
[92mINFO [0m:      
02/06/2025 08:56:18:INFO:
[92mINFO [0m:      Received: train message 813bbb37-5381-439e-880f-f8cb6b0be3ea
02/06/2025 08:56:18:INFO:Received: train message 813bbb37-5381-439e-880f-f8cb6b0be3ea
/home/dgxuser16/anaconda3/envs/ihpc/lib/python3.8/site-packages/torch/nn/modules/module.py:1640: FutureWarning: Using a non-full backward hook when the forward contains multiple autograd Nodes is deprecated and will be removed in future versions. This hook will be missing some grad_input. Please use register_full_backward_hook to get the documented behavior.
  self._maybe_warn_non_full_backward_hook(args, result, grad_fn)
[92mINFO [0m:      Sent reply
02/06/2025 08:56:57:INFO:Sent reply
[92mINFO [0m:      
02/06/2025 08:57:39:INFO:
[92mINFO [0m:      Received: evaluate message af5408eb-6a93-40ad-8f7c-d3d749f8604b
02/06/2025 08:57:39:INFO:Received: evaluate message af5408eb-6a93-40ad-8f7c-d3d749f8604b
[92mINFO [0m:      Sent reply
02/06/2025 08:57:43:INFO:Sent reply
[92mINFO [0m:      
02/06/2025 08:58:31:INFO:
[92mINFO [0m:      Received: train message 15bdc6f2-6e82-4181-8cdd-fe6ea92508e0
02/06/2025 08:58:31:INFO:Received: train message 15bdc6f2-6e82-4181-8cdd-fe6ea92508e0
/home/dgxuser16/anaconda3/envs/ihpc/lib/python3.8/site-packages/torch/nn/modules/module.py:1640: FutureWarning: Using a non-full backward hook when the forward contains multiple autograd Nodes is deprecated and will be removed in future versions. This hook will be missing some grad_input. Please use register_full_backward_hook to get the documented behavior.
  self._maybe_warn_non_full_backward_hook(args, result, grad_fn)
[92mINFO [0m:      Sent reply
02/06/2025 08:59:09:INFO:Sent reply
[92mINFO [0m:      
02/06/2025 08:59:59:INFO:
[92mINFO [0m:      Received: evaluate message fc62567c-a8dc-4bd0-abcc-a987f48f9c4f
02/06/2025 08:59:59:INFO:Received: evaluate message fc62567c-a8dc-4bd0-abcc-a987f48f9c4f
Epsilon = 38.7748

{'loss': [1.0807289528231587, 1.0774973377387351, 1.0392794734896673, 1.0549484235034314, 1.0732965513166737, 1.0958097180507442, 1.1047427204085851, 1.144823839088452, 1.1337953592483843, 1.1289696033528487, 1.1284019809108492, 1.1064153910149253, 1.1306770984971775, 1.1307815345028958, 1.1520942842895114, 1.154829387649882], 'accuracy': [0.4980453479280688, 0.5129007036747459, 0.5230648944487881, 0.5230648944487881, 0.5230648944487881, 0.5222830336200156, 0.5285379202501954, 0.524628616106333, 0.5293197810789679, 0.5347928068803753, 0.5355746677091477, 0.5363565285379203, 0.5371383893666928, 0.5410476935105551, 0.5355746677091477, 0.5379202501954652], 'auc': [0.6980217444540938, 0.715380979554698, 0.7215425833254789, 0.7268733641384597, 0.7293896404484805, 0.7361344150229252, 0.7352135888819312, 0.7364474933743671, 0.7395642995225448, 0.7442743934131723, 0.7457396590039437, 0.7469270660984983, 0.7482257031394075, 0.7499570725869946, 0.7516753090587968, 0.7535048688632887]}

Epsilon = 40.1804

{'loss': [1.0807289528231587, 1.0774973377387351, 1.0392794734896673, 1.0549484235034314, 1.0732965513166737, 1.0958097180507442, 1.1047427204085851, 1.144823839088452, 1.1337953592483843, 1.1289696033528487, 1.1284019809108492, 1.1064153910149253, 1.1306770984971775, 1.1307815345028958, 1.1520942842895114, 1.154829387649882, 1.1362628586782526], 'accuracy': [0.4980453479280688, 0.5129007036747459, 0.5230648944487881, 0.5230648944487881, 0.5230648944487881, 0.5222830336200156, 0.5285379202501954, 0.524628616106333, 0.5293197810789679, 0.5347928068803753, 0.5355746677091477, 0.5363565285379203, 0.5371383893666928, 0.5410476935105551, 0.5355746677091477, 0.5379202501954652, 0.5387021110242377], 'auc': [0.6980217444540938, 0.715380979554698, 0.7215425833254789, 0.7268733641384597, 0.7293896404484805, 0.7361344150229252, 0.7352135888819312, 0.7364474933743671, 0.7395642995225448, 0.7442743934131723, 0.7457396590039437, 0.7469270660984983, 0.7482257031394075, 0.7499570725869946, 0.7516753090587968, 0.7535048688632887, 0.7551573951086694]}

Epsilon = 41.5647

{'loss': [1.0807289528231587, 1.0774973377387351, 1.0392794734896673, 1.0549484235034314, 1.0732965513166737, 1.0958097180507442, 1.1047427204085851, 1.144823839088452, 1.1337953592483843, 1.1289696033528487, 1.1284019809108492, 1.1064153910149253, 1.1306770984971775, 1.1307815345028958, 1.1520942842895114, 1.154829387649882, 1.1362628586782526, 1.1659472108912523], 'accuracy': [0.4980453479280688, 0.5129007036747459, 0.5230648944487881, 0.5230648944487881, 0.5230648944487881, 0.5222830336200156, 0.5285379202501954, 0.524628616106333, 0.5293197810789679, 0.5347928068803753, 0.5355746677091477, 0.5363565285379203, 0.5371383893666928, 0.5410476935105551, 0.5355746677091477, 0.5379202501954652, 0.5387021110242377, 0.5363565285379203], 'auc': [0.6980217444540938, 0.715380979554698, 0.7215425833254789, 0.7268733641384597, 0.7293896404484805, 0.7361344150229252, 0.7352135888819312, 0.7364474933743671, 0.7395642995225448, 0.7442743934131723, 0.7457396590039437, 0.7469270660984983, 0.7482257031394075, 0.7499570725869946, 0.7516753090587968, 0.7535048688632887, 0.7551573951086694, 0.7567856544406855]}

Epsilon = 42.9294

{'loss': [1.0807289528231587, 1.0774973377387351, 1.0392794734896673, 1.0549484235034314, 1.0732965513166737, 1.0958097180507442, 1.1047427204085851, 1.144823839088452, 1.1337953592483843, 1.1289696033528487, 1.1284019809108492, 1.1064153910149253, 1.1306770984971775, 1.1307815345028958, 1.1520942842895114, 1.154829387649882, 1.1362628586782526, 1.1659472108912523, 1.1714756848571635], 'accuracy': [0.4980453479280688, 0.5129007036747459, 0.5230648944487881, 0.5230648944487881, 0.5230648944487881, 0.5222830336200156, 0.5285379202501954, 0.524628616106333, 0.5293197810789679, 0.5347928068803753, 0.5355746677091477, 0.5363565285379203, 0.5371383893666928, 0.5410476935105551, 0.5355746677091477, 0.5379202501954652, 0.5387021110242377, 0.5363565285379203, 0.5387021110242377], 'auc': [0.6980217444540938, 0.715380979554698, 0.7215425833254789, 0.7268733641384597, 0.7293896404484805, 0.7361344150229252, 0.7352135888819312, 0.7364474933743671, 0.7395642995225448, 0.7442743934131723, 0.7457396590039437, 0.7469270660984983, 0.7482257031394075, 0.7499570725869946, 0.7516753090587968, 0.7535048688632887, 0.7551573951086694, 0.7567856544406855, 0.7579438871112396]}

Epsilon = 44.2760

{'loss': [1.0807289528231587, 1.0774973377387351, 1.0392794734896673, 1.0549484235034314, 1.0732965513166737, 1.0958097180507442, 1.1047427204085851, 1.144823839088452, 1.1337953592483843, 1.1289696033528487, 1.1284019809108492, 1.1064153910149253, 1.1306770984971775, 1.1307815345028958, 1.1520942842895114, 1.154829387649882, 1.1362628586782526, 1.1659472108912523, 1.1714756848571635, 1.1620553236533366], 'accuracy': [0.4980453479280688, 0.5129007036747459, 0.5230648944487881, 0.5230648944487881, 0.5230648944487881, 0.5222830336200156, 0.5285379202501954, 0.524628616106333, 0.5293197810789679, 0.5347928068803753, 0.5355746677091477, 0.5363565285379203, 0.5371383893666928, 0.5410476935105551, 0.5355746677091477, 0.5379202501954652, 0.5387021110242377, 0.5363565285379203, 0.5387021110242377, 0.5402658326817826], 'auc': [0.6980217444540938, 0.715380979554698, 0.7215425833254789, 0.7268733641384597, 0.7293896404484805, 0.7361344150229252, 0.7352135888819312, 0.7364474933743671, 0.7395642995225448, 0.7442743934131723, 0.7457396590039437, 0.7469270660984983, 0.7482257031394075, 0.7499570725869946, 0.7516753090587968, 0.7535048688632887, 0.7551573951086694, 0.7567856544406855, 0.7579438871112396, 0.7587096520180179]}

Epsilon = 45.6058

{'loss': [1.0807289528231587, 1.0774973377387351, 1.0392794734896673, 1.0549484235034314, 1.0732965513166737, 1.0958097180507442, 1.1047427204085851, 1.144823839088452, 1.1337953592483843, 1.1289696033528487, 1.1284019809108492, 1.1064153910149253, 1.1306770984971775, 1.1307815345028958, 1.1520942842895114, 1.154829387649882, 1.1362628586782526, 1.1659472108912523, 1.1714756848571635, 1.1620553236533366, 1.1702825393967557], 'accuracy': [0.4980453479280688, 0.5129007036747459, 0.5230648944487881, 0.5230648944487881, 0.5230648944487881, 0.5222830336200156, 0.5285379202501954, 0.524628616106333, 0.5293197810789679, 0.5347928068803753, 0.5355746677091477, 0.5363565285379203, 0.5371383893666928, 0.5410476935105551, 0.5355746677091477, 0.5379202501954652, 0.5387021110242377, 0.5363565285379203, 0.5387021110242377, 0.5402658326817826, 0.5355746677091477], 'auc': [0.6980217444540938, 0.715380979554698, 0.7215425833254789, 0.7268733641384597, 0.7293896404484805, 0.7361344150229252, 0.7352135888819312, 0.7364474933743671, 0.7395642995225448, 0.7442743934131723, 0.7457396590039437, 0.7469270660984983, 0.7482257031394075, 0.7499570725869946, 0.7516753090587968, 0.7535048688632887, 0.7551573951086694, 0.7567856544406855, 0.7579438871112396, 0.7587096520180179, 0.7604493575281592]}

Epsilon = 46.9201
[92mINFO [0m:      Sent reply
02/06/2025 09:00:06:INFO:Sent reply
[92mINFO [0m:      
02/06/2025 09:00:42:INFO:
[92mINFO [0m:      Received: train message 3389a339-4a2e-49f4-ae92-750684739f43
02/06/2025 09:00:42:INFO:Received: train message 3389a339-4a2e-49f4-ae92-750684739f43
/home/dgxuser16/anaconda3/envs/ihpc/lib/python3.8/site-packages/torch/nn/modules/module.py:1640: FutureWarning: Using a non-full backward hook when the forward contains multiple autograd Nodes is deprecated and will be removed in future versions. This hook will be missing some grad_input. Please use register_full_backward_hook to get the documented behavior.
  self._maybe_warn_non_full_backward_hook(args, result, grad_fn)
[92mINFO [0m:      Sent reply
02/06/2025 09:01:20:INFO:Sent reply
[92mINFO [0m:      
02/06/2025 09:01:59:INFO:
[92mINFO [0m:      Received: evaluate message 42a27c08-95c9-482b-be9e-a38ca12e6463
02/06/2025 09:01:59:INFO:Received: evaluate message 42a27c08-95c9-482b-be9e-a38ca12e6463
[92mINFO [0m:      Sent reply
02/06/2025 09:02:03:INFO:Sent reply
[92mINFO [0m:      
02/06/2025 09:02:50:INFO:
[92mINFO [0m:      Received: train message b7f085be-6c37-4a64-8d22-ea4ed30c29f8
02/06/2025 09:02:50:INFO:Received: train message b7f085be-6c37-4a64-8d22-ea4ed30c29f8
/home/dgxuser16/anaconda3/envs/ihpc/lib/python3.8/site-packages/torch/nn/modules/module.py:1640: FutureWarning: Using a non-full backward hook when the forward contains multiple autograd Nodes is deprecated and will be removed in future versions. This hook will be missing some grad_input. Please use register_full_backward_hook to get the documented behavior.
  self._maybe_warn_non_full_backward_hook(args, result, grad_fn)
[92mINFO [0m:      Sent reply
02/06/2025 09:03:18:INFO:Sent reply
[92mINFO [0m:      
02/06/2025 09:04:41:INFO:
[92mINFO [0m:      Received: evaluate message c23789a0-e9fe-4373-8e02-176b7136c766
02/06/2025 09:04:41:INFO:Received: evaluate message c23789a0-e9fe-4373-8e02-176b7136c766
[92mINFO [0m:      Sent reply
02/06/2025 09:04:48:INFO:Sent reply
[92mINFO [0m:      
02/06/2025 09:05:26:INFO:
[92mINFO [0m:      Received: train message 8a265ef3-508d-46a4-b043-fada0725d0a3
02/06/2025 09:05:26:INFO:Received: train message 8a265ef3-508d-46a4-b043-fada0725d0a3
/home/dgxuser16/anaconda3/envs/ihpc/lib/python3.8/site-packages/torch/nn/modules/module.py:1640: FutureWarning: Using a non-full backward hook when the forward contains multiple autograd Nodes is deprecated and will be removed in future versions. This hook will be missing some grad_input. Please use register_full_backward_hook to get the documented behavior.
  self._maybe_warn_non_full_backward_hook(args, result, grad_fn)
[92mINFO [0m:      Sent reply
02/06/2025 09:06:05:INFO:Sent reply
[92mINFO [0m:      
02/06/2025 09:06:50:INFO:
[92mINFO [0m:      Received: evaluate message 8c0d8cf3-9817-4321-9576-7e5396746261
02/06/2025 09:06:50:INFO:Received: evaluate message 8c0d8cf3-9817-4321-9576-7e5396746261
[92mINFO [0m:      Sent reply
02/06/2025 09:06:54:INFO:Sent reply
[92mINFO [0m:      
02/06/2025 09:07:37:INFO:
[92mINFO [0m:      Received: train message ef1b0f03-59f0-463a-9feb-ae6b2c4f83d9
02/06/2025 09:07:37:INFO:Received: train message ef1b0f03-59f0-463a-9feb-ae6b2c4f83d9
/home/dgxuser16/anaconda3/envs/ihpc/lib/python3.8/site-packages/torch/nn/modules/module.py:1640: FutureWarning: Using a non-full backward hook when the forward contains multiple autograd Nodes is deprecated and will be removed in future versions. This hook will be missing some grad_input. Please use register_full_backward_hook to get the documented behavior.
  self._maybe_warn_non_full_backward_hook(args, result, grad_fn)
[92mINFO [0m:      Sent reply
02/06/2025 09:08:05:INFO:Sent reply
[92mINFO [0m:      
02/06/2025 09:08:41:INFO:
[92mINFO [0m:      Received: evaluate message 06b9f3c5-5cff-434a-b0af-b5077d05001d
02/06/2025 09:08:41:INFO:Received: evaluate message 06b9f3c5-5cff-434a-b0af-b5077d05001d
[92mINFO [0m:      Sent reply
02/06/2025 09:08:45:INFO:Sent reply
[92mINFO [0m:      
02/06/2025 09:09:34:INFO:
[92mINFO [0m:      Received: train message e8456ccc-d2cb-479e-9c81-a236d6e205f6
02/06/2025 09:09:34:INFO:Received: train message e8456ccc-d2cb-479e-9c81-a236d6e205f6
/home/dgxuser16/anaconda3/envs/ihpc/lib/python3.8/site-packages/torch/nn/modules/module.py:1640: FutureWarning: Using a non-full backward hook when the forward contains multiple autograd Nodes is deprecated and will be removed in future versions. This hook will be missing some grad_input. Please use register_full_backward_hook to get the documented behavior.
  self._maybe_warn_non_full_backward_hook(args, result, grad_fn)
[92mINFO [0m:      Sent reply
02/06/2025 09:10:05:INFO:Sent reply
[92mINFO [0m:      
02/06/2025 09:10:58:INFO:
[92mINFO [0m:      Received: evaluate message 1d1338d1-b409-4d48-a0a4-ced1ec1be71d
02/06/2025 09:10:58:INFO:Received: evaluate message 1d1338d1-b409-4d48-a0a4-ced1ec1be71d

{'loss': [1.0807289528231587, 1.0774973377387351, 1.0392794734896673, 1.0549484235034314, 1.0732965513166737, 1.0958097180507442, 1.1047427204085851, 1.144823839088452, 1.1337953592483843, 1.1289696033528487, 1.1284019809108492, 1.1064153910149253, 1.1306770984971775, 1.1307815345028958, 1.1520942842895114, 1.154829387649882, 1.1362628586782526, 1.1659472108912523, 1.1714756848571635, 1.1620553236533366, 1.1702825393967557, 1.1302220263082223], 'accuracy': [0.4980453479280688, 0.5129007036747459, 0.5230648944487881, 0.5230648944487881, 0.5230648944487881, 0.5222830336200156, 0.5285379202501954, 0.524628616106333, 0.5293197810789679, 0.5347928068803753, 0.5355746677091477, 0.5363565285379203, 0.5371383893666928, 0.5410476935105551, 0.5355746677091477, 0.5379202501954652, 0.5387021110242377, 0.5363565285379203, 0.5387021110242377, 0.5402658326817826, 0.5355746677091477, 0.5488663017982799], 'auc': [0.6980217444540938, 0.715380979554698, 0.7215425833254789, 0.7268733641384597, 0.7293896404484805, 0.7361344150229252, 0.7352135888819312, 0.7364474933743671, 0.7395642995225448, 0.7442743934131723, 0.7457396590039437, 0.7469270660984983, 0.7482257031394075, 0.7499570725869946, 0.7516753090587968, 0.7535048688632887, 0.7551573951086694, 0.7567856544406855, 0.7579438871112396, 0.7587096520180179, 0.7604493575281592, 0.7607261103930232]}

Epsilon = 48.2199

{'loss': [1.0807289528231587, 1.0774973377387351, 1.0392794734896673, 1.0549484235034314, 1.0732965513166737, 1.0958097180507442, 1.1047427204085851, 1.144823839088452, 1.1337953592483843, 1.1289696033528487, 1.1284019809108492, 1.1064153910149253, 1.1306770984971775, 1.1307815345028958, 1.1520942842895114, 1.154829387649882, 1.1362628586782526, 1.1659472108912523, 1.1714756848571635, 1.1620553236533366, 1.1702825393967557, 1.1302220263082223, 1.123194497157299], 'accuracy': [0.4980453479280688, 0.5129007036747459, 0.5230648944487881, 0.5230648944487881, 0.5230648944487881, 0.5222830336200156, 0.5285379202501954, 0.524628616106333, 0.5293197810789679, 0.5347928068803753, 0.5355746677091477, 0.5363565285379203, 0.5371383893666928, 0.5410476935105551, 0.5355746677091477, 0.5379202501954652, 0.5387021110242377, 0.5363565285379203, 0.5387021110242377, 0.5402658326817826, 0.5355746677091477, 0.5488663017982799, 0.5496481626270524], 'auc': [0.6980217444540938, 0.715380979554698, 0.7215425833254789, 0.7268733641384597, 0.7293896404484805, 0.7361344150229252, 0.7352135888819312, 0.7364474933743671, 0.7395642995225448, 0.7442743934131723, 0.7457396590039437, 0.7469270660984983, 0.7482257031394075, 0.7499570725869946, 0.7516753090587968, 0.7535048688632887, 0.7551573951086694, 0.7567856544406855, 0.7579438871112396, 0.7587096520180179, 0.7604493575281592, 0.7607261103930232, 0.7608441021008941]}

Epsilon = 49.5061

{'loss': [1.0807289528231587, 1.0774973377387351, 1.0392794734896673, 1.0549484235034314, 1.0732965513166737, 1.0958097180507442, 1.1047427204085851, 1.144823839088452, 1.1337953592483843, 1.1289696033528487, 1.1284019809108492, 1.1064153910149253, 1.1306770984971775, 1.1307815345028958, 1.1520942842895114, 1.154829387649882, 1.1362628586782526, 1.1659472108912523, 1.1714756848571635, 1.1620553236533366, 1.1702825393967557, 1.1302220263082223, 1.123194497157299, 1.130177295422349], 'accuracy': [0.4980453479280688, 0.5129007036747459, 0.5230648944487881, 0.5230648944487881, 0.5230648944487881, 0.5222830336200156, 0.5285379202501954, 0.524628616106333, 0.5293197810789679, 0.5347928068803753, 0.5355746677091477, 0.5363565285379203, 0.5371383893666928, 0.5410476935105551, 0.5355746677091477, 0.5379202501954652, 0.5387021110242377, 0.5363565285379203, 0.5387021110242377, 0.5402658326817826, 0.5355746677091477, 0.5488663017982799, 0.5496481626270524, 0.5504300234558248], 'auc': [0.6980217444540938, 0.715380979554698, 0.7215425833254789, 0.7268733641384597, 0.7293896404484805, 0.7361344150229252, 0.7352135888819312, 0.7364474933743671, 0.7395642995225448, 0.7442743934131723, 0.7457396590039437, 0.7469270660984983, 0.7482257031394075, 0.7499570725869946, 0.7516753090587968, 0.7535048688632887, 0.7551573951086694, 0.7567856544406855, 0.7579438871112396, 0.7587096520180179, 0.7604493575281592, 0.7607261103930232, 0.7608441021008941, 0.7623961026636682]}

Epsilon = 50.7796

{'loss': [1.0807289528231587, 1.0774973377387351, 1.0392794734896673, 1.0549484235034314, 1.0732965513166737, 1.0958097180507442, 1.1047427204085851, 1.144823839088452, 1.1337953592483843, 1.1289696033528487, 1.1284019809108492, 1.1064153910149253, 1.1306770984971775, 1.1307815345028958, 1.1520942842895114, 1.154829387649882, 1.1362628586782526, 1.1659472108912523, 1.1714756848571635, 1.1620553236533366, 1.1702825393967557, 1.1302220263082223, 1.123194497157299, 1.130177295422349, 1.1477453417382826], 'accuracy': [0.4980453479280688, 0.5129007036747459, 0.5230648944487881, 0.5230648944487881, 0.5230648944487881, 0.5222830336200156, 0.5285379202501954, 0.524628616106333, 0.5293197810789679, 0.5347928068803753, 0.5355746677091477, 0.5363565285379203, 0.5371383893666928, 0.5410476935105551, 0.5355746677091477, 0.5379202501954652, 0.5387021110242377, 0.5363565285379203, 0.5387021110242377, 0.5402658326817826, 0.5355746677091477, 0.5488663017982799, 0.5496481626270524, 0.5504300234558248, 0.5480844409695075], 'auc': [0.6980217444540938, 0.715380979554698, 0.7215425833254789, 0.7268733641384597, 0.7293896404484805, 0.7361344150229252, 0.7352135888819312, 0.7364474933743671, 0.7395642995225448, 0.7442743934131723, 0.7457396590039437, 0.7469270660984983, 0.7482257031394075, 0.7499570725869946, 0.7516753090587968, 0.7535048688632887, 0.7551573951086694, 0.7567856544406855, 0.7579438871112396, 0.7587096520180179, 0.7604493575281592, 0.7607261103930232, 0.7608441021008941, 0.7623961026636682, 0.7628767449423213]}

Epsilon = 52.0411

{'loss': [1.0807289528231587, 1.0774973377387351, 1.0392794734896673, 1.0549484235034314, 1.0732965513166737, 1.0958097180507442, 1.1047427204085851, 1.144823839088452, 1.1337953592483843, 1.1289696033528487, 1.1284019809108492, 1.1064153910149253, 1.1306770984971775, 1.1307815345028958, 1.1520942842895114, 1.154829387649882, 1.1362628586782526, 1.1659472108912523, 1.1714756848571635, 1.1620553236533366, 1.1702825393967557, 1.1302220263082223, 1.123194497157299, 1.130177295422349, 1.1477453417382826, 1.1555884468825746], 'accuracy': [0.4980453479280688, 0.5129007036747459, 0.5230648944487881, 0.5230648944487881, 0.5230648944487881, 0.5222830336200156, 0.5285379202501954, 0.524628616106333, 0.5293197810789679, 0.5347928068803753, 0.5355746677091477, 0.5363565285379203, 0.5371383893666928, 0.5410476935105551, 0.5355746677091477, 0.5379202501954652, 0.5387021110242377, 0.5363565285379203, 0.5387021110242377, 0.5402658326817826, 0.5355746677091477, 0.5488663017982799, 0.5496481626270524, 0.5504300234558248, 0.5480844409695075, 0.5480844409695075], 'auc': [0.6980217444540938, 0.715380979554698, 0.7215425833254789, 0.7268733641384597, 0.7293896404484805, 0.7361344150229252, 0.7352135888819312, 0.7364474933743671, 0.7395642995225448, 0.7442743934131723, 0.7457396590039437, 0.7469270660984983, 0.7482257031394075, 0.7499570725869946, 0.7516753090587968, 0.7535048688632887, 0.7551573951086694, 0.7567856544406855, 0.7579438871112396, 0.7587096520180179, 0.7604493575281592, 0.7607261103930232, 0.7608441021008941, 0.7623961026636682, 0.7628767449423213, 0.7640963047760838]}

Epsilon = 53.2913
[92mINFO [0m:      Sent reply
02/06/2025 09:11:03:INFO:Sent reply
[92mINFO [0m:      
02/06/2025 09:11:55:INFO:
[92mINFO [0m:      Received: train message 5b431bf1-b663-4508-836a-a209e172d3c4
02/06/2025 09:11:55:INFO:Received: train message 5b431bf1-b663-4508-836a-a209e172d3c4
/home/dgxuser16/anaconda3/envs/ihpc/lib/python3.8/site-packages/torch/nn/modules/module.py:1640: FutureWarning: Using a non-full backward hook when the forward contains multiple autograd Nodes is deprecated and will be removed in future versions. This hook will be missing some grad_input. Please use register_full_backward_hook to get the documented behavior.
  self._maybe_warn_non_full_backward_hook(args, result, grad_fn)
[92mINFO [0m:      Sent reply
02/06/2025 09:12:34:INFO:Sent reply
[92mINFO [0m:      
02/06/2025 09:13:51:INFO:
[92mINFO [0m:      Received: evaluate message 4b75c3d2-6803-4843-98a8-d41cb6fec0a6
02/06/2025 09:13:51:INFO:Received: evaluate message 4b75c3d2-6803-4843-98a8-d41cb6fec0a6
[92mINFO [0m:      Sent reply
02/06/2025 09:13:59:INFO:Sent reply
[92mINFO [0m:      
02/06/2025 09:14:35:INFO:
[92mINFO [0m:      Received: train message c62adafc-e981-4762-ac07-c7351cc64e94
02/06/2025 09:14:35:INFO:Received: train message c62adafc-e981-4762-ac07-c7351cc64e94
/home/dgxuser16/anaconda3/envs/ihpc/lib/python3.8/site-packages/torch/nn/modules/module.py:1640: FutureWarning: Using a non-full backward hook when the forward contains multiple autograd Nodes is deprecated and will be removed in future versions. This hook will be missing some grad_input. Please use register_full_backward_hook to get the documented behavior.
  self._maybe_warn_non_full_backward_hook(args, result, grad_fn)
[92mINFO [0m:      Sent reply
02/06/2025 09:15:05:INFO:Sent reply
[92mINFO [0m:      
02/06/2025 09:15:51:INFO:
[92mINFO [0m:      Received: evaluate message dab70b6b-454e-4e10-aa2c-8fbc20d6aa4d
02/06/2025 09:15:51:INFO:Received: evaluate message dab70b6b-454e-4e10-aa2c-8fbc20d6aa4d
[92mINFO [0m:      Sent reply
02/06/2025 09:15:56:INFO:Sent reply
[92mINFO [0m:      
02/06/2025 09:16:48:INFO:
[92mINFO [0m:      Received: train message 27f9f7c5-fdc3-4808-bbf2-e7611cfa95b6
02/06/2025 09:16:48:INFO:Received: train message 27f9f7c5-fdc3-4808-bbf2-e7611cfa95b6
/home/dgxuser16/anaconda3/envs/ihpc/lib/python3.8/site-packages/torch/nn/modules/module.py:1640: FutureWarning: Using a non-full backward hook when the forward contains multiple autograd Nodes is deprecated and will be removed in future versions. This hook will be missing some grad_input. Please use register_full_backward_hook to get the documented behavior.
  self._maybe_warn_non_full_backward_hook(args, result, grad_fn)
[92mINFO [0m:      Sent reply
02/06/2025 09:17:17:INFO:Sent reply
[92mINFO [0m:      
02/06/2025 09:18:08:INFO:
[92mINFO [0m:      Received: evaluate message fb2e63c3-9b5d-457d-96b5-91183ac5a986
02/06/2025 09:18:08:INFO:Received: evaluate message fb2e63c3-9b5d-457d-96b5-91183ac5a986
[92mINFO [0m:      Sent reply
02/06/2025 09:18:12:INFO:Sent reply
[92mINFO [0m:      
02/06/2025 09:18:14:INFO:
[92mINFO [0m:      Received: reconnect message 9dd09a95-9604-4c93-9004-43566446f816
02/06/2025 09:18:14:INFO:Received: reconnect message 9dd09a95-9604-4c93-9004-43566446f816
02/06/2025 09:18:14:DEBUG:gRPC channel closed
[92mINFO [0m:      Disconnect and shut down
02/06/2025 09:18:14:INFO:Disconnect and shut down

{'loss': [1.0807289528231587, 1.0774973377387351, 1.0392794734896673, 1.0549484235034314, 1.0732965513166737, 1.0958097180507442, 1.1047427204085851, 1.144823839088452, 1.1337953592483843, 1.1289696033528487, 1.1284019809108492, 1.1064153910149253, 1.1306770984971775, 1.1307815345028958, 1.1520942842895114, 1.154829387649882, 1.1362628586782526, 1.1659472108912523, 1.1714756848571635, 1.1620553236533366, 1.1702825393967557, 1.1302220263082223, 1.123194497157299, 1.130177295422349, 1.1477453417382826, 1.1555884468825746, 1.1372275894931558], 'accuracy': [0.4980453479280688, 0.5129007036747459, 0.5230648944487881, 0.5230648944487881, 0.5230648944487881, 0.5222830336200156, 0.5285379202501954, 0.524628616106333, 0.5293197810789679, 0.5347928068803753, 0.5355746677091477, 0.5363565285379203, 0.5371383893666928, 0.5410476935105551, 0.5355746677091477, 0.5379202501954652, 0.5387021110242377, 0.5363565285379203, 0.5387021110242377, 0.5402658326817826, 0.5355746677091477, 0.5488663017982799, 0.5496481626270524, 0.5504300234558248, 0.5480844409695075, 0.5480844409695075, 0.5519937451133698], 'auc': [0.6980217444540938, 0.715380979554698, 0.7215425833254789, 0.7268733641384597, 0.7293896404484805, 0.7361344150229252, 0.7352135888819312, 0.7364474933743671, 0.7395642995225448, 0.7442743934131723, 0.7457396590039437, 0.7469270660984983, 0.7482257031394075, 0.7499570725869946, 0.7516753090587968, 0.7535048688632887, 0.7551573951086694, 0.7567856544406855, 0.7579438871112396, 0.7587096520180179, 0.7604493575281592, 0.7607261103930232, 0.7608441021008941, 0.7623961026636682, 0.7628767449423213, 0.7640963047760838, 0.7655750927404028]}

Epsilon = 54.5308

{'loss': [1.0807289528231587, 1.0774973377387351, 1.0392794734896673, 1.0549484235034314, 1.0732965513166737, 1.0958097180507442, 1.1047427204085851, 1.144823839088452, 1.1337953592483843, 1.1289696033528487, 1.1284019809108492, 1.1064153910149253, 1.1306770984971775, 1.1307815345028958, 1.1520942842895114, 1.154829387649882, 1.1362628586782526, 1.1659472108912523, 1.1714756848571635, 1.1620553236533366, 1.1702825393967557, 1.1302220263082223, 1.123194497157299, 1.130177295422349, 1.1477453417382826, 1.1555884468825746, 1.1372275894931558, 1.1518031149473482], 'accuracy': [0.4980453479280688, 0.5129007036747459, 0.5230648944487881, 0.5230648944487881, 0.5230648944487881, 0.5222830336200156, 0.5285379202501954, 0.524628616106333, 0.5293197810789679, 0.5347928068803753, 0.5355746677091477, 0.5363565285379203, 0.5371383893666928, 0.5410476935105551, 0.5355746677091477, 0.5379202501954652, 0.5387021110242377, 0.5363565285379203, 0.5387021110242377, 0.5402658326817826, 0.5355746677091477, 0.5488663017982799, 0.5496481626270524, 0.5504300234558248, 0.5480844409695075, 0.5480844409695075, 0.5519937451133698, 0.5504300234558248], 'auc': [0.6980217444540938, 0.715380979554698, 0.7215425833254789, 0.7268733641384597, 0.7293896404484805, 0.7361344150229252, 0.7352135888819312, 0.7364474933743671, 0.7395642995225448, 0.7442743934131723, 0.7457396590039437, 0.7469270660984983, 0.7482257031394075, 0.7499570725869946, 0.7516753090587968, 0.7535048688632887, 0.7551573951086694, 0.7567856544406855, 0.7579438871112396, 0.7587096520180179, 0.7604493575281592, 0.7607261103930232, 0.7608441021008941, 0.7623961026636682, 0.7628767449423213, 0.7640963047760838, 0.7655750927404028, 0.7666019277145149]}

Epsilon = 55.7602

{'loss': [1.0807289528231587, 1.0774973377387351, 1.0392794734896673, 1.0549484235034314, 1.0732965513166737, 1.0958097180507442, 1.1047427204085851, 1.144823839088452, 1.1337953592483843, 1.1289696033528487, 1.1284019809108492, 1.1064153910149253, 1.1306770984971775, 1.1307815345028958, 1.1520942842895114, 1.154829387649882, 1.1362628586782526, 1.1659472108912523, 1.1714756848571635, 1.1620553236533366, 1.1702825393967557, 1.1302220263082223, 1.123194497157299, 1.130177295422349, 1.1477453417382826, 1.1555884468825746, 1.1372275894931558, 1.1518031149473482, 1.1272719933056476], 'accuracy': [0.4980453479280688, 0.5129007036747459, 0.5230648944487881, 0.5230648944487881, 0.5230648944487881, 0.5222830336200156, 0.5285379202501954, 0.524628616106333, 0.5293197810789679, 0.5347928068803753, 0.5355746677091477, 0.5363565285379203, 0.5371383893666928, 0.5410476935105551, 0.5355746677091477, 0.5379202501954652, 0.5387021110242377, 0.5363565285379203, 0.5387021110242377, 0.5402658326817826, 0.5355746677091477, 0.5488663017982799, 0.5496481626270524, 0.5504300234558248, 0.5480844409695075, 0.5480844409695075, 0.5519937451133698, 0.5504300234558248, 0.5504300234558248], 'auc': [0.6980217444540938, 0.715380979554698, 0.7215425833254789, 0.7268733641384597, 0.7293896404484805, 0.7361344150229252, 0.7352135888819312, 0.7364474933743671, 0.7395642995225448, 0.7442743934131723, 0.7457396590039437, 0.7469270660984983, 0.7482257031394075, 0.7499570725869946, 0.7516753090587968, 0.7535048688632887, 0.7551573951086694, 0.7567856544406855, 0.7579438871112396, 0.7587096520180179, 0.7604493575281592, 0.7607261103930232, 0.7608441021008941, 0.7623961026636682, 0.7628767449423213, 0.7640963047760838, 0.7655750927404028, 0.7666019277145149, 0.7670415319540645]}

Epsilon = 56.9800

{'loss': [1.0807289528231587, 1.0774973377387351, 1.0392794734896673, 1.0549484235034314, 1.0732965513166737, 1.0958097180507442, 1.1047427204085851, 1.144823839088452, 1.1337953592483843, 1.1289696033528487, 1.1284019809108492, 1.1064153910149253, 1.1306770984971775, 1.1307815345028958, 1.1520942842895114, 1.154829387649882, 1.1362628586782526, 1.1659472108912523, 1.1714756848571635, 1.1620553236533366, 1.1702825393967557, 1.1302220263082223, 1.123194497157299, 1.130177295422349, 1.1477453417382826, 1.1555884468825746, 1.1372275894931558, 1.1518031149473482, 1.1272719933056476, 1.153060115017492], 'accuracy': [0.4980453479280688, 0.5129007036747459, 0.5230648944487881, 0.5230648944487881, 0.5230648944487881, 0.5222830336200156, 0.5285379202501954, 0.524628616106333, 0.5293197810789679, 0.5347928068803753, 0.5355746677091477, 0.5363565285379203, 0.5371383893666928, 0.5410476935105551, 0.5355746677091477, 0.5379202501954652, 0.5387021110242377, 0.5363565285379203, 0.5387021110242377, 0.5402658326817826, 0.5355746677091477, 0.5488663017982799, 0.5496481626270524, 0.5504300234558248, 0.5480844409695075, 0.5480844409695075, 0.5519937451133698, 0.5504300234558248, 0.5504300234558248, 0.5449569976544175], 'auc': [0.6980217444540938, 0.715380979554698, 0.7215425833254789, 0.7268733641384597, 0.7293896404484805, 0.7361344150229252, 0.7352135888819312, 0.7364474933743671, 0.7395642995225448, 0.7442743934131723, 0.7457396590039437, 0.7469270660984983, 0.7482257031394075, 0.7499570725869946, 0.7516753090587968, 0.7535048688632887, 0.7551573951086694, 0.7567856544406855, 0.7579438871112396, 0.7587096520180179, 0.7604493575281592, 0.7607261103930232, 0.7608441021008941, 0.7623961026636682, 0.7628767449423213, 0.7640963047760838, 0.7655750927404028, 0.7666019277145149, 0.7670415319540645, 0.7660462264169898]}



{'loss': [1.0807289528231587, 1.0774973377387351, 1.0392794734896673, 1.0549484235034314, 1.0732965513166737, 1.0958097180507442, 1.1047427204085851, 1.144823839088452, 1.1337953592483843, 1.1289696033528487, 1.1284019809108492, 1.1064153910149253, 1.1306770984971775, 1.1307815345028958, 1.1520942842895114, 1.154829387649882, 1.1362628586782526, 1.1659472108912523, 1.1714756848571635, 1.1620553236533366, 1.1702825393967557, 1.1302220263082223, 1.123194497157299, 1.130177295422349, 1.1477453417382826, 1.1555884468825746, 1.1372275894931558, 1.1518031149473482, 1.1272719933056476, 1.153060115017492], 'accuracy': [0.4980453479280688, 0.5129007036747459, 0.5230648944487881, 0.5230648944487881, 0.5230648944487881, 0.5222830336200156, 0.5285379202501954, 0.524628616106333, 0.5293197810789679, 0.5347928068803753, 0.5355746677091477, 0.5363565285379203, 0.5371383893666928, 0.5410476935105551, 0.5355746677091477, 0.5379202501954652, 0.5387021110242377, 0.5363565285379203, 0.5387021110242377, 0.5402658326817826, 0.5355746677091477, 0.5488663017982799, 0.5496481626270524, 0.5504300234558248, 0.5480844409695075, 0.5480844409695075, 0.5519937451133698, 0.5504300234558248, 0.5504300234558248, 0.5449569976544175], 'auc': [0.6980217444540938, 0.715380979554698, 0.7215425833254789, 0.7268733641384597, 0.7293896404484805, 0.7361344150229252, 0.7352135888819312, 0.7364474933743671, 0.7395642995225448, 0.7442743934131723, 0.7457396590039437, 0.7469270660984983, 0.7482257031394075, 0.7499570725869946, 0.7516753090587968, 0.7535048688632887, 0.7551573951086694, 0.7567856544406855, 0.7579438871112396, 0.7587096520180179, 0.7604493575281592, 0.7607261103930232, 0.7608441021008941, 0.7623961026636682, 0.7628767449423213, 0.7640963047760838, 0.7655750927404028, 0.7666019277145149, 0.7670415319540645, 0.7660462264169898]}
