nohup: ignoring input
[92mINFO [0m:      Starting Flower server, config: num_rounds=30, no round_timeout
[92mINFO [0m:      Flower ECE: gRPC server running (30 rounds), SSL is disabled
[92mINFO [0m:      [INIT]
[92mINFO [0m:      Using initial global parameters provided by strategy
[92mINFO [0m:      Starting evaluation of initial global parameters
[92mINFO [0m:      Evaluation returned no results (`None`)
[92mINFO [0m:      
[92mINFO [0m:      [ROUND 1]
WARNING: All log messages before absl::InitializeLog() is called are written to STDERR
I0000 00:00:1739605848.912278 1504121 fork_posix.cc:75] Other threads are currently calling into gRPC, skipping fork() handlers
[92mINFO [0m:      configure_fit: strategy sampled 6 clients (out of 6)
[92mINFO [0m:      aggregate_fit: received 6 results and 0 failures
[93mWARNING [0m:   No fit_metrics_aggregation_fn provided
[92mINFO [0m:      configure_evaluate: strategy sampled 6 clients (out of 6)
[92mINFO [0m:      aggregate_evaluate: received 6 results and 0 failures
[93mWARNING [0m:   No evaluate_metrics_aggregation_fn provided
[92mINFO [0m:      
[92mINFO [0m:      [ROUND 2]
[92mINFO [0m:      configure_fit: strategy sampled 6 clients (out of 6)
[92mINFO [0m:      aggregate_fit: received 6 results and 0 failures
[92mINFO [0m:      configure_evaluate: strategy sampled 6 clients (out of 6)
[92mINFO [0m:      aggregate_evaluate: received 6 results and 0 failures
[92mINFO [0m:      
[92mINFO [0m:      [ROUND 3]
[92mINFO [0m:      configure_fit: strategy sampled 6 clients (out of 6)
[92mINFO [0m:      aggregate_fit: received 6 results and 0 failures
[92mINFO [0m:      configure_evaluate: strategy sampled 6 clients (out of 6)
[92mINFO [0m:      aggregate_evaluate: received 6 results and 0 failures
[92mINFO [0m:      
[92mINFO [0m:      [ROUND 4]
[92mINFO [0m:      configure_fit: strategy sampled 6 clients (out of 6)
[92mINFO [0m:      aggregate_fit: received 6 results and 0 failures
[92mINFO [0m:      configure_evaluate: strategy sampled 6 clients (out of 6)
[92mINFO [0m:      aggregate_evaluate: received 6 results and 0 failures
[92mINFO [0m:      
[92mINFO [0m:      [ROUND 5]
[92mINFO [0m:      configure_fit: strategy sampled 6 clients (out of 6)
[92mINFO [0m:      aggregate_fit: received 6 results and 0 failures
[92mINFO [0m:      configure_evaluate: strategy sampled 6 clients (out of 6)
[92mINFO [0m:      aggregate_evaluate: received 6 results and 0 failures
[92mINFO [0m:      
[92mINFO [0m:      [ROUND 6]
[92mINFO [0m:      configure_fit: strategy sampled 6 clients (out of 6)
[92mINFO [0m:      aggregate_fit: received 6 results and 0 failures
[92mINFO [0m:      configure_evaluate: strategy sampled 6 clients (out of 6)
[92mINFO [0m:      aggregate_evaluate: received 6 results and 0 failures
[92mINFO [0m:      
[92mINFO [0m:      [ROUND 7]
[92mINFO [0m:      configure_fit: strategy sampled 6 clients (out of 6)
[92mINFO [0m:      aggregate_fit: received 6 results and 0 failures
[92mINFO [0m:      configure_evaluate: strategy sampled 6 clients (out of 6)
[92mINFO [0m:      aggregate_evaluate: received 6 results and 0 failures
[92mINFO [0m:      
[92mINFO [0m:      [ROUND 8]
[92mINFO [0m:      configure_fit: strategy sampled 6 clients (out of 6)
[92mINFO [0m:      aggregate_fit: received 6 results and 0 failures
[92mINFO [0m:      configure_evaluate: strategy sampled 6 clients (out of 6)
[92mINFO [0m:      aggregate_evaluate: received 6 results and 0 failures
[92mINFO [0m:      
[92mINFO [0m:      [ROUND 9]
[92mINFO [0m:      configure_fit: strategy sampled 6 clients (out of 6)
[92mINFO [0m:      aggregate_fit: received 6 results and 0 failures
[92mINFO [0m:      configure_evaluate: strategy sampled 6 clients (out of 6)
[92mINFO [0m:      aggregate_evaluate: received 6 results and 0 failures
[92mINFO [0m:      
[92mINFO [0m:      [ROUND 10]
[92mINFO [0m:      configure_fit: strategy sampled 6 clients (out of 6)
[92mINFO [0m:      aggregate_fit: received 6 results and 0 failures
[92mINFO [0m:      configure_evaluate: strategy sampled 6 clients (out of 6)
[92mINFO [0m:      aggregate_evaluate: received 6 results and 0 failures
[92mINFO [0m:      
[92mINFO [0m:      [ROUND 11]
[92mINFO [0m:      configure_fit: strategy sampled 6 clients (out of 6)
[92mINFO [0m:      aggregate_fit: received 6 results and 0 failures
[92mINFO [0m:      configure_evaluate: strategy sampled 6 clients (out of 6)
[92mINFO [0m:      aggregate_evaluate: received 6 results and 0 failures
[92mINFO [0m:      
[92mINFO [0m:      [ROUND 12]
[92mINFO [0m:      configure_fit: strategy sampled 6 clients (out of 6)
[92mINFO [0m:      aggregate_fit: received 6 results and 0 failures
[92mINFO [0m:      configure_evaluate: strategy sampled 6 clients (out of 6)
[92mINFO [0m:      aggregate_evaluate: received 6 results and 0 failures
[92mINFO [0m:      
[92mINFO [0m:      [ROUND 13]
[92mINFO [0m:      configure_fit: strategy sampled 6 clients (out of 6)
[92mINFO [0m:      aggregate_fit: received 6 results and 0 failures
[92mINFO [0m:      configure_evaluate: strategy sampled 6 clients (out of 6)
[92mINFO [0m:      aggregate_evaluate: received 6 results and 0 failures
[92mINFO [0m:      
[92mINFO [0m:      [ROUND 14]
[92mINFO [0m:      configure_fit: strategy sampled 6 clients (out of 6)
[92mINFO [0m:      aggregate_fit: received 6 results and 0 failures
[92mINFO [0m:      configure_evaluate: strategy sampled 6 clients (out of 6)
[92mINFO [0m:      aggregate_evaluate: received 6 results and 0 failures
[92mINFO [0m:      
[92mINFO [0m:      [ROUND 15]
[92mINFO [0m:      configure_fit: strategy sampled 6 clients (out of 6)
[92mINFO [0m:      aggregate_fit: received 6 results and 0 failures
[92mINFO [0m:      configure_evaluate: strategy sampled 6 clients (out of 6)
[92mINFO [0m:      aggregate_evaluate: received 6 results and 0 failures
[92mINFO [0m:      
[92mINFO [0m:      [ROUND 16]
[92mINFO [0m:      configure_fit: strategy sampled 6 clients (out of 6)
[92mINFO [0m:      aggregate_fit: received 6 results and 0 failures
[92mINFO [0m:      configure_evaluate: strategy sampled 6 clients (out of 6)
[92mINFO [0m:      aggregate_evaluate: received 6 results and 0 failures
[92mINFO [0m:      
[92mINFO [0m:      [ROUND 17]
[92mINFO [0m:      configure_fit: strategy sampled 6 clients (out of 6)
[92mINFO [0m:      aggregate_fit: received 6 results and 0 failures
[92mINFO [0m:      configure_evaluate: strategy sampled 6 clients (out of 6)
[92mINFO [0m:      aggregate_evaluate: received 6 results and 0 failures
[92mINFO [0m:      
[92mINFO [0m:      [ROUND 18]
[92mINFO [0m:      configure_fit: strategy sampled 6 clients (out of 6)
[92mINFO [0m:      aggregate_fit: received 6 results and 0 failures
[92mINFO [0m:      configure_evaluate: strategy sampled 6 clients (out of 6)
[92mINFO [0m:      aggregate_evaluate: received 6 results and 0 failures
[92mINFO [0m:      
[92mINFO [0m:      [ROUND 19]
[92mINFO [0m:      configure_fit: strategy sampled 6 clients (out of 6)
[92mINFO [0m:      aggregate_fit: received 6 results and 0 failures
[92mINFO [0m:      configure_evaluate: strategy sampled 6 clients (out of 6)
[92mINFO [0m:      aggregate_evaluate: received 6 results and 0 failures
[92mINFO [0m:      
[92mINFO [0m:      [ROUND 20]
[92mINFO [0m:      configure_fit: strategy sampled 6 clients (out of 6)
[92mINFO [0m:      aggregate_fit: received 6 results and 0 failures
[92mINFO [0m:      configure_evaluate: strategy sampled 6 clients (out of 6)
[92mINFO [0m:      aggregate_evaluate: received 6 results and 0 failures
[92mINFO [0m:      
[92mINFO [0m:      [ROUND 21]
[92mINFO [0m:      configure_fit: strategy sampled 6 clients (out of 6)
[92mINFO [0m:      aggregate_fit: received 6 results and 0 failures
[92mINFO [0m:      configure_evaluate: strategy sampled 6 clients (out of 6)
[92mINFO [0m:      aggregate_evaluate: received 6 results and 0 failures
[92mINFO [0m:      
[92mINFO [0m:      [ROUND 22]
[92mINFO [0m:      configure_fit: strategy sampled 6 clients (out of 6)
[92mINFO [0m:      aggregate_fit: received 6 results and 0 failures
[92mINFO [0m:      configure_evaluate: strategy sampled 6 clients (out of 6)
[92mINFO [0m:      aggregate_evaluate: received 6 results and 0 failures
[92mINFO [0m:      
[92mINFO [0m:      [ROUND 23]
[92mINFO [0m:      configure_fit: strategy sampled 6 clients (out of 6)
[92mINFO [0m:      aggregate_fit: received 6 results and 0 failures
[92mINFO [0m:      configure_evaluate: strategy sampled 6 clients (out of 6)
[92mINFO [0m:      aggregate_evaluate: received 6 results and 0 failures
[92mINFO [0m:      
[92mINFO [0m:      [ROUND 24]
[92mINFO [0m:      configure_fit: strategy sampled 6 clients (out of 6)
[92mINFO [0m:      aggregate_fit: received 6 results and 0 failures
[92mINFO [0m:      configure_evaluate: strategy sampled 6 clients (out of 6)
[92mINFO [0m:      aggregate_evaluate: received 6 results and 0 failures
[92mINFO [0m:      
[92mINFO [0m:      [ROUND 25]
[92mINFO [0m:      configure_fit: strategy sampled 6 clients (out of 6)
[92mINFO [0m:      aggregate_fit: received 6 results and 0 failures
[92mINFO [0m:      configure_evaluate: strategy sampled 6 clients (out of 6)
[92mINFO [0m:      aggregate_evaluate: received 6 results and 0 failures
[92mINFO [0m:      
[92mINFO [0m:      [ROUND 26]
[92mINFO [0m:      configure_fit: strategy sampled 6 clients (out of 6)
[92mINFO [0m:      aggregate_fit: received 6 results and 0 failures
[92mINFO [0m:      configure_evaluate: strategy sampled 6 clients (out of 6)
[92mINFO [0m:      aggregate_evaluate: received 6 results and 0 failures
[92mINFO [0m:      
[92mINFO [0m:      [ROUND 27]
[92mINFO [0m:      configure_fit: strategy sampled 6 clients (out of 6)
[92mINFO [0m:      aggregate_fit: received 6 results and 0 failures
[92mINFO [0m:      configure_evaluate: strategy sampled 6 clients (out of 6)
[92mINFO [0m:      aggregate_evaluate: received 6 results and 0 failures
[92mINFO [0m:      
[92mINFO [0m:      [ROUND 28]
[92mINFO [0m:      configure_fit: strategy sampled 6 clients (out of 6)
[92mINFO [0m:      aggregate_fit: received 6 results and 0 failures
[92mINFO [0m:      configure_evaluate: strategy sampled 6 clients (out of 6)
[92mINFO [0m:      aggregate_evaluate: received 6 results and 0 failures
[92mINFO [0m:      
[92mINFO [0m:      [ROUND 29]
[92mINFO [0m:      configure_fit: strategy sampled 6 clients (out of 6)
[92mINFO [0m:      aggregate_fit: received 6 results and 0 failures
[92mINFO [0m:      configure_evaluate: strategy sampled 6 clients (out of 6)
[92mINFO [0m:      aggregate_evaluate: received 6 results and 0 failures
[92mINFO [0m:      
[92mINFO [0m:      [ROUND 30]
[92mINFO [0m:      configure_fit: strategy sampled 6 clients (out of 6)
[92mINFO [0m:      aggregate_fit: received 6 results and 0 failures
[92mINFO [0m:      configure_evaluate: strategy sampled 6 clients (out of 6)
[92mINFO [0m:      aggregate_evaluate: received 6 results and 0 failures
[92mINFO [0m:      
[92mINFO [0m:      [SUMMARY]
[92mINFO [0m:      Run finished 30 round(s) in 3448.78s
[92mINFO [0m:      	History (loss, distributed):
[92mINFO [0m:      		round 1: 1.4384056329727173
[92mINFO [0m:      		round 2: 1.3550395965576172
[92mINFO [0m:      		round 3: 1.2946624755859375
[92mINFO [0m:      		round 4: 1.2465404272079468
[92mINFO [0m:      		round 5: 1.2106313705444336
[92mINFO [0m:      		round 6: 1.1849050521850586
[92mINFO [0m:      		round 7: 1.1634695529937744
[92mINFO [0m:      		round 8: 1.144111156463623
[92mINFO [0m:      		round 9: 1.1290853023529053
[92mINFO [0m:      		round 10: 1.1166281700134277
[92mINFO [0m:      		round 11: 1.1058845520019531
[92mINFO [0m:      		round 12: 1.097255825996399
[92mINFO [0m:      		round 13: 1.0888619422912598
[92mINFO [0m:      		round 14: 1.0817084312438965
[92mINFO [0m:      		round 15: 1.0751323699951172
[92mINFO [0m:      		round 16: 1.0695831775665283
[92mINFO [0m:      		round 17: 1.0651007890701294
[92mINFO [0m:      		round 18: 1.061541199684143
[92mINFO [0m:      		round 19: 1.0575112104415894
[92mINFO [0m:      		round 20: 1.0545533895492554
[92mINFO [0m:      		round 21: 1.0512123107910156
[92mINFO [0m:      		round 22: 1.0485076904296875
[92mINFO [0m:      		round 23: 1.0463569164276123
[92mINFO [0m:      		round 24: 1.0441328287124634
[92mINFO [0m:      		round 25: 1.0422173738479614
[92mINFO [0m:      		round 26: 1.040209174156189
[92mINFO [0m:      		round 27: 1.0385302305221558
[92mINFO [0m:      		round 28: 1.036276936531067
[92mINFO [0m:      		round 29: 1.0343519449234009
[92mINFO [0m:      		round 30: 1.0323692560195923
[92mINFO [0m:      
