nohup: ignoring input
[92mINFO [0m:      Starting Flower server, config: num_rounds=30, no round_timeout
[92mINFO [0m:      Flower ECE: gRPC server running (30 rounds), SSL is disabled
[92mINFO [0m:      [INIT]
[92mINFO [0m:      Requesting initial parameters from one random client
[92mINFO [0m:      Received initial parameters from one random client
[92mINFO [0m:      Evaluating initial global parameters
[92mINFO [0m:      
[92mINFO [0m:      [ROUND 1]
[92mINFO [0m:      configure_fit: strategy sampled 6 clients (out of 6)
[92mINFO [0m:      aggregate_fit: received 6 results and 0 failures
[93mWARNING [0m:   No fit_metrics_aggregation_fn provided
[92mINFO [0m:      configure_evaluate: strategy sampled 6 clients (out of 6)
[92mINFO [0m:      aggregate_evaluate: received 6 results and 0 failures
[93mWARNING [0m:   No evaluate_metrics_aggregation_fn provided
[92mINFO [0m:      
[92mINFO [0m:      [ROUND 2]
[92mINFO [0m:      configure_fit: strategy sampled 6 clients (out of 6)
[92mINFO [0m:      aggregate_fit: received 6 results and 0 failures
[92mINFO [0m:      configure_evaluate: strategy sampled 6 clients (out of 6)
[92mINFO [0m:      aggregate_evaluate: received 6 results and 0 failures
[92mINFO [0m:      
[92mINFO [0m:      [ROUND 3]
[92mINFO [0m:      configure_fit: strategy sampled 6 clients (out of 6)
[92mINFO [0m:      aggregate_fit: received 6 results and 0 failures
[92mINFO [0m:      configure_evaluate: strategy sampled 6 clients (out of 6)
[92mINFO [0m:      aggregate_evaluate: received 6 results and 0 failures
[92mINFO [0m:      
[92mINFO [0m:      [ROUND 4]
[92mINFO [0m:      configure_fit: strategy sampled 6 clients (out of 6)
[92mINFO [0m:      aggregate_fit: received 6 results and 0 failures
[92mINFO [0m:      configure_evaluate: strategy sampled 6 clients (out of 6)
[92mINFO [0m:      aggregate_evaluate: received 6 results and 0 failures
[92mINFO [0m:      
[92mINFO [0m:      [ROUND 5]
[92mINFO [0m:      configure_fit: strategy sampled 6 clients (out of 6)
[92mINFO [0m:      aggregate_fit: received 6 results and 0 failures
[92mINFO [0m:      configure_evaluate: strategy sampled 6 clients (out of 6)
[92mINFO [0m:      aggregate_evaluate: received 6 results and 0 failures
[92mINFO [0m:      
[92mINFO [0m:      [ROUND 6]
[92mINFO [0m:      configure_fit: strategy sampled 6 clients (out of 6)
[92mINFO [0m:      aggregate_fit: received 6 results and 0 failures
[92mINFO [0m:      configure_evaluate: strategy sampled 6 clients (out of 6)
[92mINFO [0m:      aggregate_evaluate: received 6 results and 0 failures
[92mINFO [0m:      
[92mINFO [0m:      [ROUND 7]
[92mINFO [0m:      configure_fit: strategy sampled 6 clients (out of 6)
[92mINFO [0m:      aggregate_fit: received 6 results and 0 failures
[92mINFO [0m:      configure_evaluate: strategy sampled 6 clients (out of 6)
[92mINFO [0m:      aggregate_evaluate: received 6 results and 0 failures
[92mINFO [0m:      
[92mINFO [0m:      [ROUND 8]
[92mINFO [0m:      configure_fit: strategy sampled 6 clients (out of 6)
[92mINFO [0m:      aggregate_fit: received 6 results and 0 failures
[92mINFO [0m:      configure_evaluate: strategy sampled 6 clients (out of 6)
[92mINFO [0m:      aggregate_evaluate: received 6 results and 0 failures
[92mINFO [0m:      
[92mINFO [0m:      [ROUND 9]
[92mINFO [0m:      configure_fit: strategy sampled 6 clients (out of 6)
[92mINFO [0m:      aggregate_fit: received 6 results and 0 failures
[92mINFO [0m:      configure_evaluate: strategy sampled 6 clients (out of 6)
[92mINFO [0m:      aggregate_evaluate: received 6 results and 0 failures
[92mINFO [0m:      
[92mINFO [0m:      [ROUND 10]
[92mINFO [0m:      configure_fit: strategy sampled 6 clients (out of 6)
[92mINFO [0m:      aggregate_fit: received 6 results and 0 failures
[92mINFO [0m:      configure_evaluate: strategy sampled 6 clients (out of 6)
[92mINFO [0m:      aggregate_evaluate: received 6 results and 0 failures
[92mINFO [0m:      
[92mINFO [0m:      [ROUND 11]
[92mINFO [0m:      configure_fit: strategy sampled 6 clients (out of 6)
[92mINFO [0m:      aggregate_fit: received 6 results and 0 failures
[92mINFO [0m:      configure_evaluate: strategy sampled 6 clients (out of 6)
[92mINFO [0m:      aggregate_evaluate: received 6 results and 0 failures
[92mINFO [0m:      
[92mINFO [0m:      [ROUND 12]
[92mINFO [0m:      configure_fit: strategy sampled 6 clients (out of 6)
[92mINFO [0m:      aggregate_fit: received 6 results and 0 failures
[92mINFO [0m:      configure_evaluate: strategy sampled 6 clients (out of 6)
[92mINFO [0m:      aggregate_evaluate: received 6 results and 0 failures
[92mINFO [0m:      
[92mINFO [0m:      [ROUND 13]
[92mINFO [0m:      configure_fit: strategy sampled 6 clients (out of 6)
[92mINFO [0m:      aggregate_fit: received 6 results and 0 failures
[92mINFO [0m:      configure_evaluate: strategy sampled 6 clients (out of 6)
[92mINFO [0m:      aggregate_evaluate: received 6 results and 0 failures
[92mINFO [0m:      
[92mINFO [0m:      [ROUND 14]
[92mINFO [0m:      configure_fit: strategy sampled 6 clients (out of 6)
[92mINFO [0m:      aggregate_fit: received 6 results and 0 failures
[92mINFO [0m:      configure_evaluate: strategy sampled 6 clients (out of 6)
[92mINFO [0m:      aggregate_evaluate: received 6 results and 0 failures
[92mINFO [0m:      
[92mINFO [0m:      [ROUND 15]
[92mINFO [0m:      configure_fit: strategy sampled 6 clients (out of 6)
[92mINFO [0m:      aggregate_fit: received 6 results and 0 failures
[92mINFO [0m:      configure_evaluate: strategy sampled 6 clients (out of 6)
[92mINFO [0m:      aggregate_evaluate: received 6 results and 0 failures
[92mINFO [0m:      
[92mINFO [0m:      [ROUND 16]
[92mINFO [0m:      configure_fit: strategy sampled 6 clients (out of 6)
[92mINFO [0m:      aggregate_fit: received 6 results and 0 failures
[92mINFO [0m:      configure_evaluate: strategy sampled 6 clients (out of 6)
[92mINFO [0m:      aggregate_evaluate: received 6 results and 0 failures
[92mINFO [0m:      
[92mINFO [0m:      [ROUND 17]
[92mINFO [0m:      configure_fit: strategy sampled 6 clients (out of 6)
[92mINFO [0m:      aggregate_fit: received 6 results and 0 failures
[92mINFO [0m:      configure_evaluate: strategy sampled 6 clients (out of 6)
[92mINFO [0m:      aggregate_evaluate: received 6 results and 0 failures
[92mINFO [0m:      
[92mINFO [0m:      [ROUND 18]
[92mINFO [0m:      configure_fit: strategy sampled 6 clients (out of 6)
[92mINFO [0m:      aggregate_fit: received 6 results and 0 failures
[92mINFO [0m:      configure_evaluate: strategy sampled 6 clients (out of 6)
[92mINFO [0m:      aggregate_evaluate: received 6 results and 0 failures
[92mINFO [0m:      
[92mINFO [0m:      [ROUND 19]
[92mINFO [0m:      configure_fit: strategy sampled 6 clients (out of 6)
[92mINFO [0m:      aggregate_fit: received 6 results and 0 failures
[92mINFO [0m:      configure_evaluate: strategy sampled 6 clients (out of 6)
[92mINFO [0m:      aggregate_evaluate: received 6 results and 0 failures
[92mINFO [0m:      
[92mINFO [0m:      [ROUND 20]
[92mINFO [0m:      configure_fit: strategy sampled 6 clients (out of 6)
[92mINFO [0m:      aggregate_fit: received 6 results and 0 failures
[92mINFO [0m:      configure_evaluate: strategy sampled 6 clients (out of 6)
[92mINFO [0m:      aggregate_evaluate: received 6 results and 0 failures
[92mINFO [0m:      
[92mINFO [0m:      [ROUND 21]
[92mINFO [0m:      configure_fit: strategy sampled 6 clients (out of 6)
[92mINFO [0m:      aggregate_fit: received 6 results and 0 failures
[92mINFO [0m:      configure_evaluate: strategy sampled 6 clients (out of 6)
[92mINFO [0m:      aggregate_evaluate: received 6 results and 0 failures
[92mINFO [0m:      
[92mINFO [0m:      [ROUND 22]
[92mINFO [0m:      configure_fit: strategy sampled 6 clients (out of 6)
[92mINFO [0m:      aggregate_fit: received 6 results and 0 failures
[92mINFO [0m:      configure_evaluate: strategy sampled 6 clients (out of 6)
[92mINFO [0m:      aggregate_evaluate: received 6 results and 0 failures
[92mINFO [0m:      
[92mINFO [0m:      [ROUND 23]
[92mINFO [0m:      configure_fit: strategy sampled 6 clients (out of 6)
[92mINFO [0m:      aggregate_fit: received 6 results and 0 failures
[92mINFO [0m:      configure_evaluate: strategy sampled 6 clients (out of 6)
[92mINFO [0m:      aggregate_evaluate: received 6 results and 0 failures
[92mINFO [0m:      
[92mINFO [0m:      [ROUND 24]
[92mINFO [0m:      configure_fit: strategy sampled 6 clients (out of 6)
[92mINFO [0m:      aggregate_fit: received 6 results and 0 failures
[92mINFO [0m:      configure_evaluate: strategy sampled 6 clients (out of 6)
[92mINFO [0m:      aggregate_evaluate: received 6 results and 0 failures
[92mINFO [0m:      
[92mINFO [0m:      [ROUND 25]
[92mINFO [0m:      configure_fit: strategy sampled 6 clients (out of 6)
[92mINFO [0m:      aggregate_fit: received 6 results and 0 failures
[92mINFO [0m:      configure_evaluate: strategy sampled 6 clients (out of 6)
[92mINFO [0m:      aggregate_evaluate: received 6 results and 0 failures
[92mINFO [0m:      
[92mINFO [0m:      [ROUND 26]
[92mINFO [0m:      configure_fit: strategy sampled 6 clients (out of 6)
[92mINFO [0m:      aggregate_fit: received 6 results and 0 failures
[92mINFO [0m:      configure_evaluate: strategy sampled 6 clients (out of 6)
[92mINFO [0m:      aggregate_evaluate: received 6 results and 0 failures
[92mINFO [0m:      
[92mINFO [0m:      [ROUND 27]
[92mINFO [0m:      configure_fit: strategy sampled 6 clients (out of 6)
[92mINFO [0m:      aggregate_fit: received 6 results and 0 failures
[92mINFO [0m:      configure_evaluate: strategy sampled 6 clients (out of 6)
[92mINFO [0m:      aggregate_evaluate: received 6 results and 0 failures
[92mINFO [0m:      
[92mINFO [0m:      [ROUND 28]
[92mINFO [0m:      configure_fit: strategy sampled 6 clients (out of 6)
[92mINFO [0m:      aggregate_fit: received 6 results and 0 failures
[92mINFO [0m:      configure_evaluate: strategy sampled 6 clients (out of 6)
[92mINFO [0m:      aggregate_evaluate: received 6 results and 0 failures
[92mINFO [0m:      
[92mINFO [0m:      [ROUND 29]
[92mINFO [0m:      configure_fit: strategy sampled 6 clients (out of 6)
[92mINFO [0m:      aggregate_fit: received 6 results and 0 failures
[92mINFO [0m:      configure_evaluate: strategy sampled 6 clients (out of 6)
[92mINFO [0m:      aggregate_evaluate: received 6 results and 0 failures
[92mINFO [0m:      
[92mINFO [0m:      [ROUND 30]
[92mINFO [0m:      configure_fit: strategy sampled 6 clients (out of 6)
[92mINFO [0m:      aggregate_fit: received 6 results and 0 failures
[92mINFO [0m:      configure_evaluate: strategy sampled 6 clients (out of 6)
[92mINFO [0m:      aggregate_evaluate: received 6 results and 0 failures
[92mINFO [0m:      
[92mINFO [0m:      [SUMMARY]
[92mINFO [0m:      Run finished 30 rounds in 45285.39s
[92mINFO [0m:      History (loss, distributed):
[92mINFO [0m:      	('\tround 1: 137.23898315429688\n'
[92mINFO [0m:      	 '\tround 2: 134.08245849609375\n'
[92mINFO [0m:      	 '\tround 3: 136.5012969970703\n'
[92mINFO [0m:      	 '\tround 4: 138.6893768310547\n'
[92mINFO [0m:      	 '\tround 5: 139.7712860107422\n'
[92mINFO [0m:      	 '\tround 6: 139.6417236328125\n'
[92mINFO [0m:      	 '\tround 7: 137.64219665527344\n'
[92mINFO [0m:      	 '\tround 8: 135.825927734375\n'
[92mINFO [0m:      	 '\tround 9: 132.65138244628906\n'
[92mINFO [0m:      	 '\tround 10: 130.51820373535156\n'
[92mINFO [0m:      	 '\tround 11: 128.638916015625\n'
[92mINFO [0m:      	 '\tround 12: 127.28008270263672\n'
[92mINFO [0m:      	 '\tround 13: 125.90714263916016\n'
[92mINFO [0m:      	 '\tround 14: 124.8441162109375\n'
[92mINFO [0m:      	 '\tround 15: 123.5274887084961\n'
[92mINFO [0m:      	 '\tround 16: 122.66383361816406\n'
[92mINFO [0m:      	 '\tround 17: 121.65303802490234\n'
[92mINFO [0m:      	 '\tround 18: 121.15643310546875\n'
[92mINFO [0m:      	 '\tround 19: 120.6081771850586\n'
[92mINFO [0m:      	 '\tround 20: 119.69176483154297\n'
[92mINFO [0m:      	 '\tround 21: 119.29280853271484\n'
[92mINFO [0m:      	 '\tround 22: 118.69239044189453\n'
[92mINFO [0m:      	 '\tround 23: 118.0449447631836\n'
[92mINFO [0m:      	 '\tround 24: 117.5087661743164\n'
[92mINFO [0m:      	 '\tround 25: 117.10123443603516\n'
[92mINFO [0m:      	 '\tround 26: 117.10221099853516\n'
[92mINFO [0m:      	 '\tround 27: 116.72882843017578\n'
[92mINFO [0m:      	 '\tround 28: 116.15087890625\n'
[92mINFO [0m:      	 '\tround 29: 116.01985168457031\n'
[92mINFO [0m:      	 '\tround 30: 116.09026336669922\n')
[92mINFO [0m:      
[Server] Model checkpoint saved at round 1 => /home/dgxuser16/NTL/mccarthy/ahmad/github/adaptive_privacy_fl/adaptive_privacy/isic/version_02/dyn_noise_10/checkpoints/model_checkpoint_round_1.pth
[Server] Model checkpoint saved at round 2 => /home/dgxuser16/NTL/mccarthy/ahmad/github/adaptive_privacy_fl/adaptive_privacy/isic/version_02/dyn_noise_10/checkpoints/model_checkpoint_round_2.pth
[Server] Model checkpoint saved at round 3 => /home/dgxuser16/NTL/mccarthy/ahmad/github/adaptive_privacy_fl/adaptive_privacy/isic/version_02/dyn_noise_10/checkpoints/model_checkpoint_round_3.pth
[Server] Model checkpoint saved at round 4 => /home/dgxuser16/NTL/mccarthy/ahmad/github/adaptive_privacy_fl/adaptive_privacy/isic/version_02/dyn_noise_10/checkpoints/model_checkpoint_round_4.pth
[Server] Model checkpoint saved at round 5 => /home/dgxuser16/NTL/mccarthy/ahmad/github/adaptive_privacy_fl/adaptive_privacy/isic/version_02/dyn_noise_10/checkpoints/model_checkpoint_round_5.pth
[Server] Model checkpoint saved at round 6 => /home/dgxuser16/NTL/mccarthy/ahmad/github/adaptive_privacy_fl/adaptive_privacy/isic/version_02/dyn_noise_10/checkpoints/model_checkpoint_round_6.pth
[Server] Model checkpoint saved at round 7 => /home/dgxuser16/NTL/mccarthy/ahmad/github/adaptive_privacy_fl/adaptive_privacy/isic/version_02/dyn_noise_10/checkpoints/model_checkpoint_round_7.pth
[Server] Model checkpoint saved at round 8 => /home/dgxuser16/NTL/mccarthy/ahmad/github/adaptive_privacy_fl/adaptive_privacy/isic/version_02/dyn_noise_10/checkpoints/model_checkpoint_round_8.pth
[Server] Model checkpoint saved at round 9 => /home/dgxuser16/NTL/mccarthy/ahmad/github/adaptive_privacy_fl/adaptive_privacy/isic/version_02/dyn_noise_10/checkpoints/model_checkpoint_round_9.pth
[Server] Model checkpoint saved at round 10 => /home/dgxuser16/NTL/mccarthy/ahmad/github/adaptive_privacy_fl/adaptive_privacy/isic/version_02/dyn_noise_10/checkpoints/model_checkpoint_round_10.pth
[Server] Model checkpoint saved at round 11 => /home/dgxuser16/NTL/mccarthy/ahmad/github/adaptive_privacy_fl/adaptive_privacy/isic/version_02/dyn_noise_10/checkpoints/model_checkpoint_round_11.pth
[Server] Model checkpoint saved at round 12 => /home/dgxuser16/NTL/mccarthy/ahmad/github/adaptive_privacy_fl/adaptive_privacy/isic/version_02/dyn_noise_10/checkpoints/model_checkpoint_round_12.pth
[Server] Model checkpoint saved at round 13 => /home/dgxuser16/NTL/mccarthy/ahmad/github/adaptive_privacy_fl/adaptive_privacy/isic/version_02/dyn_noise_10/checkpoints/model_checkpoint_round_13.pth
[Server] Model checkpoint saved at round 14 => /home/dgxuser16/NTL/mccarthy/ahmad/github/adaptive_privacy_fl/adaptive_privacy/isic/version_02/dyn_noise_10/checkpoints/model_checkpoint_round_14.pth
[Server] Model checkpoint saved at round 15 => /home/dgxuser16/NTL/mccarthy/ahmad/github/adaptive_privacy_fl/adaptive_privacy/isic/version_02/dyn_noise_10/checkpoints/model_checkpoint_round_15.pth
[Server] Model checkpoint saved at round 16 => /home/dgxuser16/NTL/mccarthy/ahmad/github/adaptive_privacy_fl/adaptive_privacy/isic/version_02/dyn_noise_10/checkpoints/model_checkpoint_round_16.pth
[Server] Model checkpoint saved at round 17 => /home/dgxuser16/NTL/mccarthy/ahmad/github/adaptive_privacy_fl/adaptive_privacy/isic/version_02/dyn_noise_10/checkpoints/model_checkpoint_round_17.pth
[Server] Model checkpoint saved at round 18 => /home/dgxuser16/NTL/mccarthy/ahmad/github/adaptive_privacy_fl/adaptive_privacy/isic/version_02/dyn_noise_10/checkpoints/model_checkpoint_round_18.pth
[Server] Model checkpoint saved at round 19 => /home/dgxuser16/NTL/mccarthy/ahmad/github/adaptive_privacy_fl/adaptive_privacy/isic/version_02/dyn_noise_10/checkpoints/model_checkpoint_round_19.pth
[Server] Model checkpoint saved at round 20 => /home/dgxuser16/NTL/mccarthy/ahmad/github/adaptive_privacy_fl/adaptive_privacy/isic/version_02/dyn_noise_10/checkpoints/model_checkpoint_round_20.pth
[Server] Model checkpoint saved at round 21 => /home/dgxuser16/NTL/mccarthy/ahmad/github/adaptive_privacy_fl/adaptive_privacy/isic/version_02/dyn_noise_10/checkpoints/model_checkpoint_round_21.pth
[Server] Model checkpoint saved at round 22 => /home/dgxuser16/NTL/mccarthy/ahmad/github/adaptive_privacy_fl/adaptive_privacy/isic/version_02/dyn_noise_10/checkpoints/model_checkpoint_round_22.pth
[Server] Model checkpoint saved at round 23 => /home/dgxuser16/NTL/mccarthy/ahmad/github/adaptive_privacy_fl/adaptive_privacy/isic/version_02/dyn_noise_10/checkpoints/model_checkpoint_round_23.pth
[Server] Model checkpoint saved at round 24 => /home/dgxuser16/NTL/mccarthy/ahmad/github/adaptive_privacy_fl/adaptive_privacy/isic/version_02/dyn_noise_10/checkpoints/model_checkpoint_round_24.pth
[Server] Model checkpoint saved at round 25 => /home/dgxuser16/NTL/mccarthy/ahmad/github/adaptive_privacy_fl/adaptive_privacy/isic/version_02/dyn_noise_10/checkpoints/model_checkpoint_round_25.pth
[Server] Model checkpoint saved at round 26 => /home/dgxuser16/NTL/mccarthy/ahmad/github/adaptive_privacy_fl/adaptive_privacy/isic/version_02/dyn_noise_10/checkpoints/model_checkpoint_round_26.pth
[Server] Model checkpoint saved at round 27 => /home/dgxuser16/NTL/mccarthy/ahmad/github/adaptive_privacy_fl/adaptive_privacy/isic/version_02/dyn_noise_10/checkpoints/model_checkpoint_round_27.pth
[Server] Model checkpoint saved at round 28 => /home/dgxuser16/NTL/mccarthy/ahmad/github/adaptive_privacy_fl/adaptive_privacy/isic/version_02/dyn_noise_10/checkpoints/model_checkpoint_round_28.pth
[Server] Model checkpoint saved at round 29 => /home/dgxuser16/NTL/mccarthy/ahmad/github/adaptive_privacy_fl/adaptive_privacy/isic/version_02/dyn_noise_10/checkpoints/model_checkpoint_round_29.pth
[Server] Model checkpoint saved at round 30 => /home/dgxuser16/NTL/mccarthy/ahmad/github/adaptive_privacy_fl/adaptive_privacy/isic/version_02/dyn_noise_10/checkpoints/model_checkpoint_round_30.pth
Time taken (hours): 12.590576662421226
