nohup: ignoring input
/home/dgxuser16/.local/lib/python3.8/site-packages/albumentations/__init__.py:13: UserWarning: A new version of Albumentations is available: 2.0.0 (you have 1.4.18). Upgrade using: pip install -U albumentations. To disable automatic update checks, set the environment variable NO_ALBUMENTATIONS_UPDATE to 1.
  check_for_updates()
/home/dgxuser16/.local/lib/python3.8/site-packages/seaborn/rcmod.py:82: DeprecationWarning: distutils Version classes are deprecated. Use packaging.version instead.
  if LooseVersion(mpl.__version__) >= "3.0":
/home/dgxuser16/.local/lib/python3.8/site-packages/setuptools/_distutils/version.py:345: DeprecationWarning: distutils Version classes are deprecated. Use packaging.version instead.
  other = LooseVersion(other)
/home/dgxuser16/.local/lib/python3.8/site-packages/seaborn/cm.py:1582: MatplotlibDeprecationWarning: The register_cmap function was deprecated in Matplotlib 3.7 and will be removed two minor releases later. Use ``matplotlib.colormaps.register(name)`` instead.
  mpl_cm.register_cmap(_name, _cmap)
/home/dgxuser16/.local/lib/python3.8/site-packages/torchvision/io/image.py:13: UserWarning: Failed to load image Python extension: '/raid/home/dgxuser16/.local/lib/python3.8/site-packages/torchvision/image.so: undefined symbol: _ZN3c1017RegisterOperatorsD1Ev'If you don't plan on using image functionality from `torchvision.io`, you can ignore this warning. Otherwise, there might be something wrong with your environment. Did you have `libjpeg` or `libpng` installed before building `torchvision` from source?
  warn(
/raid/home/dgxuser16/NTL/mccarthy/ahmad/github/dyn_noise/flamby/datasets/fed_isic2019/dataset.py:222: DeprecationWarning: Flip is deprecated. Consider using HorizontalFlip, VerticalFlip, RandomRotate90 or D4.
  albumentations.Flip(p=0.5),
/home/dgxuser16/.local/lib/python3.8/site-packages/pydantic/main.py:214: DeprecationWarning: `max_holes` is deprecated. Use num_holes_range instead.
  validated_self = self.__pydantic_validator__.validate_python(data, self_instance=self)
/home/dgxuser16/.local/lib/python3.8/site-packages/pydantic/main.py:214: DeprecationWarning: `max_height` is deprecated. Use hole_height_range instead.
  validated_self = self.__pydantic_validator__.validate_python(data, self_instance=self)
/home/dgxuser16/.local/lib/python3.8/site-packages/pydantic/main.py:214: DeprecationWarning: `max_width` is deprecated. Use hole_width_range instead.
  validated_self = self.__pydantic_validator__.validate_python(data, self_instance=self)
/home/dgxuser16/.local/lib/python3.8/site-packages/albumentations/core/validation.py:45: DeprecationWarning: always_apply is deprecated. Use `p=1` if you want to always apply the transform. self.p will be set to 1.
  original_init(self, **validated_kwargs)
/home/dgxuser16/.local/lib/python3.8/site-packages/albumentations/core/validation.py:45: DeprecationWarning: always_apply is deprecated. Use `p=1` if you want to always apply the transform. self.p will be set to 1.
  original_init(self, **validated_kwargs)
01/18/2025 06:19:47:DEBUG:Opened insecure gRPC connection (no certificates were passed)
01/18/2025 06:19:47:DEBUG:ChannelConnectivity.IDLE
01/18/2025 06:19:47:DEBUG:ChannelConnectivity.READY
[92mINFO [0m:      
01/18/2025 06:19:47:INFO:
[92mINFO [0m:      [RUN 0, ROUND ]
01/18/2025 06:19:47:INFO:[RUN 0, ROUND ]
[92mINFO [0m:      Received: get_parameters message 685417b7-1762-4d73-b35e-e7b944f44597
01/18/2025 06:19:47:INFO:Received: get_parameters message 685417b7-1762-4d73-b35e-e7b944f44597
[92mINFO [0m:      Sent reply
01/18/2025 06:19:50:INFO:Sent reply
[92mINFO [0m:      
01/18/2025 06:25:16:INFO:
[92mINFO [0m:      [RUN 0, ROUND ]
01/18/2025 06:25:16:INFO:[RUN 0, ROUND ]
[92mINFO [0m:      Received: train message c83d1d4e-8690-4622-b98e-fe9ec708afcb
01/18/2025 06:25:16:INFO:Received: train message c83d1d4e-8690-4622-b98e-fe9ec708afcb
