nohup: ignoring input
[92mINFO [0m:      Starting Flower server, config: num_rounds=30, no round_timeout
[92mINFO [0m:      Flower ECE: gRPC server running (30 rounds), SSL is disabled
[92mINFO [0m:      [INIT]
[92mINFO [0m:      Requesting initial parameters from one random client
[92mINFO [0m:      Received initial parameters from one random client
[92mINFO [0m:      Evaluating initial global parameters
[92mINFO [0m:      
[92mINFO [0m:      [ROUND 1]
[92mINFO [0m:      configure_fit: strategy sampled 1 clients (out of 1)
[92mINFO [0m:      aggregate_fit: received 1 results and 0 failures
[93mWARNING [0m:   No fit_metrics_aggregation_fn provided
[92mINFO [0m:      configure_evaluate: strategy sampled 1 clients (out of 1)
[92mINFO [0m:      aggregate_evaluate: received 1 results and 0 failures
[93mWARNING [0m:   No evaluate_metrics_aggregation_fn provided
[92mINFO [0m:      
[92mINFO [0m:      [ROUND 2]
[92mINFO [0m:      configure_fit: strategy sampled 1 clients (out of 1)
[92mINFO [0m:      aggregate_fit: received 1 results and 0 failures
[92mINFO [0m:      configure_evaluate: strategy sampled 1 clients (out of 1)
[92mINFO [0m:      aggregate_evaluate: received 1 results and 0 failures
[92mINFO [0m:      
[92mINFO [0m:      [ROUND 3]
[92mINFO [0m:      configure_fit: strategy sampled 1 clients (out of 1)
[92mINFO [0m:      aggregate_fit: received 1 results and 0 failures
[92mINFO [0m:      configure_evaluate: strategy sampled 1 clients (out of 1)
[92mINFO [0m:      aggregate_evaluate: received 1 results and 0 failures
[92mINFO [0m:      
[92mINFO [0m:      [ROUND 4]
[92mINFO [0m:      configure_fit: strategy sampled 1 clients (out of 1)
[92mINFO [0m:      aggregate_fit: received 1 results and 0 failures
[92mINFO [0m:      configure_evaluate: strategy sampled 1 clients (out of 1)
[92mINFO [0m:      aggregate_evaluate: received 1 results and 0 failures
[92mINFO [0m:      
[92mINFO [0m:      [ROUND 5]
[92mINFO [0m:      configure_fit: strategy sampled 1 clients (out of 1)
[92mINFO [0m:      aggregate_fit: received 1 results and 0 failures
[92mINFO [0m:      configure_evaluate: strategy sampled 1 clients (out of 1)
[92mINFO [0m:      aggregate_evaluate: received 1 results and 0 failures
[92mINFO [0m:      
[92mINFO [0m:      [ROUND 6]
[92mINFO [0m:      configure_fit: strategy sampled 1 clients (out of 1)
[92mINFO [0m:      aggregate_fit: received 1 results and 0 failures
[92mINFO [0m:      configure_evaluate: strategy sampled 1 clients (out of 1)
[92mINFO [0m:      aggregate_evaluate: received 1 results and 0 failures
[92mINFO [0m:      
[92mINFO [0m:      [ROUND 7]
[92mINFO [0m:      configure_fit: strategy sampled 1 clients (out of 1)
[92mINFO [0m:      aggregate_fit: received 1 results and 0 failures
[92mINFO [0m:      configure_evaluate: strategy sampled 1 clients (out of 1)
[92mINFO [0m:      aggregate_evaluate: received 1 results and 0 failures
[92mINFO [0m:      
[92mINFO [0m:      [ROUND 8]
[92mINFO [0m:      configure_fit: strategy sampled 1 clients (out of 1)
[92mINFO [0m:      aggregate_fit: received 1 results and 0 failures
[92mINFO [0m:      configure_evaluate: strategy sampled 1 clients (out of 1)
[92mINFO [0m:      aggregate_evaluate: received 1 results and 0 failures
[92mINFO [0m:      
[92mINFO [0m:      [ROUND 9]
[92mINFO [0m:      configure_fit: strategy sampled 1 clients (out of 1)
[92mINFO [0m:      aggregate_fit: received 1 results and 0 failures
[92mINFO [0m:      configure_evaluate: strategy sampled 1 clients (out of 1)
[92mINFO [0m:      aggregate_evaluate: received 1 results and 0 failures
[92mINFO [0m:      
[92mINFO [0m:      [ROUND 10]
[92mINFO [0m:      configure_fit: strategy sampled 1 clients (out of 1)
[92mINFO [0m:      aggregate_fit: received 1 results and 0 failures
[92mINFO [0m:      configure_evaluate: strategy sampled 1 clients (out of 1)
[92mINFO [0m:      aggregate_evaluate: received 1 results and 0 failures
[92mINFO [0m:      
[92mINFO [0m:      [ROUND 11]
[92mINFO [0m:      configure_fit: strategy sampled 1 clients (out of 1)
[92mINFO [0m:      aggregate_fit: received 1 results and 0 failures
[92mINFO [0m:      configure_evaluate: strategy sampled 1 clients (out of 1)
[92mINFO [0m:      aggregate_evaluate: received 1 results and 0 failures
[92mINFO [0m:      
[92mINFO [0m:      [ROUND 12]
[92mINFO [0m:      configure_fit: strategy sampled 1 clients (out of 1)
[92mINFO [0m:      aggregate_fit: received 1 results and 0 failures
[92mINFO [0m:      configure_evaluate: strategy sampled 1 clients (out of 1)
[92mINFO [0m:      aggregate_evaluate: received 1 results and 0 failures
[92mINFO [0m:      
[92mINFO [0m:      [ROUND 13]
[92mINFO [0m:      configure_fit: strategy sampled 1 clients (out of 1)
[92mINFO [0m:      aggregate_fit: received 1 results and 0 failures
[92mINFO [0m:      configure_evaluate: strategy sampled 1 clients (out of 1)
[92mINFO [0m:      aggregate_evaluate: received 1 results and 0 failures
[92mINFO [0m:      
[92mINFO [0m:      [ROUND 14]
[92mINFO [0m:      configure_fit: strategy sampled 1 clients (out of 1)
[92mINFO [0m:      aggregate_fit: received 1 results and 0 failures
[92mINFO [0m:      configure_evaluate: strategy sampled 1 clients (out of 1)
[92mINFO [0m:      aggregate_evaluate: received 1 results and 0 failures
[92mINFO [0m:      
[92mINFO [0m:      [ROUND 15]
[92mINFO [0m:      configure_fit: strategy sampled 1 clients (out of 1)
[92mINFO [0m:      aggregate_fit: received 1 results and 0 failures
[92mINFO [0m:      configure_evaluate: strategy sampled 1 clients (out of 1)
[92mINFO [0m:      aggregate_evaluate: received 1 results and 0 failures
[92mINFO [0m:      
[92mINFO [0m:      [ROUND 16]
[92mINFO [0m:      configure_fit: strategy sampled 1 clients (out of 1)
[92mINFO [0m:      aggregate_fit: received 1 results and 0 failures
[92mINFO [0m:      configure_evaluate: strategy sampled 1 clients (out of 1)
[92mINFO [0m:      aggregate_evaluate: received 1 results and 0 failures
[92mINFO [0m:      
[92mINFO [0m:      [ROUND 17]
[92mINFO [0m:      configure_fit: strategy sampled 1 clients (out of 1)
[92mINFO [0m:      aggregate_fit: received 1 results and 0 failures
[92mINFO [0m:      configure_evaluate: strategy sampled 1 clients (out of 1)
[92mINFO [0m:      aggregate_evaluate: received 1 results and 0 failures
[92mINFO [0m:      
[92mINFO [0m:      [ROUND 18]
[92mINFO [0m:      configure_fit: strategy sampled 1 clients (out of 1)
[92mINFO [0m:      aggregate_fit: received 1 results and 0 failures
[92mINFO [0m:      configure_evaluate: strategy sampled 1 clients (out of 1)
[92mINFO [0m:      aggregate_evaluate: received 1 results and 0 failures
[92mINFO [0m:      
[92mINFO [0m:      [ROUND 19]
[92mINFO [0m:      configure_fit: strategy sampled 1 clients (out of 1)
[92mINFO [0m:      aggregate_fit: received 1 results and 0 failures
[92mINFO [0m:      configure_evaluate: strategy sampled 1 clients (out of 1)
[92mINFO [0m:      aggregate_evaluate: received 1 results and 0 failures
[92mINFO [0m:      
[92mINFO [0m:      [ROUND 20]
[92mINFO [0m:      configure_fit: strategy sampled 1 clients (out of 1)
[92mINFO [0m:      aggregate_fit: received 1 results and 0 failures
[92mINFO [0m:      configure_evaluate: strategy sampled 1 clients (out of 1)
[92mINFO [0m:      aggregate_evaluate: received 1 results and 0 failures
[92mINFO [0m:      
[92mINFO [0m:      [ROUND 21]
[92mINFO [0m:      configure_fit: strategy sampled 1 clients (out of 1)
[92mINFO [0m:      aggregate_fit: received 1 results and 0 failures
[92mINFO [0m:      configure_evaluate: strategy sampled 1 clients (out of 1)
[92mINFO [0m:      aggregate_evaluate: received 1 results and 0 failures
[92mINFO [0m:      
[92mINFO [0m:      [ROUND 22]
[92mINFO [0m:      configure_fit: strategy sampled 1 clients (out of 1)
[92mINFO [0m:      aggregate_fit: received 1 results and 0 failures
[92mINFO [0m:      configure_evaluate: strategy sampled 1 clients (out of 1)
[92mINFO [0m:      aggregate_evaluate: received 1 results and 0 failures
[92mINFO [0m:      
[92mINFO [0m:      [ROUND 23]
[92mINFO [0m:      configure_fit: strategy sampled 1 clients (out of 1)
[92mINFO [0m:      aggregate_fit: received 1 results and 0 failures
[92mINFO [0m:      configure_evaluate: strategy sampled 1 clients (out of 1)
[92mINFO [0m:      aggregate_evaluate: received 1 results and 0 failures
[92mINFO [0m:      
[92mINFO [0m:      [ROUND 24]
[92mINFO [0m:      configure_fit: strategy sampled 1 clients (out of 1)
[92mINFO [0m:      aggregate_fit: received 1 results and 0 failures
[92mINFO [0m:      configure_evaluate: strategy sampled 1 clients (out of 1)
[92mINFO [0m:      aggregate_evaluate: received 1 results and 0 failures
[92mINFO [0m:      
[92mINFO [0m:      [ROUND 25]
[92mINFO [0m:      configure_fit: strategy sampled 1 clients (out of 1)
[92mINFO [0m:      aggregate_fit: received 1 results and 0 failures
[92mINFO [0m:      configure_evaluate: strategy sampled 1 clients (out of 1)
[92mINFO [0m:      aggregate_evaluate: received 1 results and 0 failures
[92mINFO [0m:      
[92mINFO [0m:      [ROUND 26]
[92mINFO [0m:      configure_fit: strategy sampled 1 clients (out of 1)
[92mINFO [0m:      aggregate_fit: received 1 results and 0 failures
[92mINFO [0m:      configure_evaluate: strategy sampled 1 clients (out of 1)
[92mINFO [0m:      aggregate_evaluate: received 1 results and 0 failures
[92mINFO [0m:      
[92mINFO [0m:      [ROUND 27]
[92mINFO [0m:      configure_fit: strategy sampled 1 clients (out of 1)
[92mINFO [0m:      aggregate_fit: received 1 results and 0 failures
[92mINFO [0m:      configure_evaluate: strategy sampled 1 clients (out of 1)
[92mINFO [0m:      aggregate_evaluate: received 1 results and 0 failures
[92mINFO [0m:      
[92mINFO [0m:      [ROUND 28]
[92mINFO [0m:      configure_fit: strategy sampled 1 clients (out of 1)
[92mINFO [0m:      aggregate_fit: received 1 results and 0 failures
[92mINFO [0m:      configure_evaluate: strategy sampled 1 clients (out of 1)
[92mINFO [0m:      aggregate_evaluate: received 1 results and 0 failures
[92mINFO [0m:      
[92mINFO [0m:      [ROUND 29]
[92mINFO [0m:      configure_fit: strategy sampled 1 clients (out of 1)
[92mINFO [0m:      aggregate_fit: received 1 results and 0 failures
[92mINFO [0m:      configure_evaluate: strategy sampled 1 clients (out of 1)
[92mINFO [0m:      aggregate_evaluate: received 1 results and 0 failures
[92mINFO [0m:      
[92mINFO [0m:      [ROUND 30]
[92mINFO [0m:      configure_fit: strategy sampled 1 clients (out of 1)
[92mINFO [0m:      aggregate_fit: received 1 results and 0 failures
[92mINFO [0m:      configure_evaluate: strategy sampled 1 clients (out of 1)
[92mINFO [0m:      aggregate_evaluate: received 1 results and 0 failures
[92mINFO [0m:      
[92mINFO [0m:      [SUMMARY]
[92mINFO [0m:      Run finished 30 rounds in 1227.94s
[92mINFO [0m:      History (loss, distributed):
[92mINFO [0m:      	('\tround 1: 48.86307907104492\n'
[92mINFO [0m:      	 '\tround 2: 53.197418212890625\n'
[92mINFO [0m:      	 '\tround 3: 57.57680892944336\n'
[92mINFO [0m:      	 '\tround 4: 62.88648223876953\n'
[92mINFO [0m:      	 '\tround 5: 68.9459228515625\n'
[92mINFO [0m:      	 '\tround 6: 75.21045684814453\n'
[92mINFO [0m:      	 '\tround 7: 82.9493408203125\n'
[92mINFO [0m:      	 '\tround 8: 90.96185302734375\n'
[92mINFO [0m:      	 '\tround 9: 96.54766845703125\n'
[92mINFO [0m:      	 '\tround 10: 98.46644592285156\n'
[92mINFO [0m:      	 '\tround 11: 100.6612548828125\n'
[92mINFO [0m:      	 '\tround 12: 100.93961334228516\n'
[92mINFO [0m:      	 '\tround 13: 101.71646118164062\n'
[92mINFO [0m:      	 '\tround 14: 101.06062316894531\n'
[92mINFO [0m:      	 '\tround 15: 102.08537292480469\n'
[92mINFO [0m:      	 '\tround 16: 100.62841033935547\n'
[92mINFO [0m:      	 '\tround 17: 101.41830444335938\n'
[92mINFO [0m:      	 '\tround 18: 100.66189575195312\n'
[92mINFO [0m:      	 '\tround 19: 100.25517272949219\n'
[92mINFO [0m:      	 '\tround 20: 101.01447296142578\n'
[92mINFO [0m:      	 '\tround 21: 100.69490051269531\n'
[92mINFO [0m:      	 '\tround 22: 99.60208892822266\n'
[92mINFO [0m:      	 '\tround 23: 98.74537658691406\n'
[92mINFO [0m:      	 '\tround 24: 99.45555877685547\n'
[92mINFO [0m:      	 '\tround 25: 100.67745208740234\n'
[92mINFO [0m:      	 '\tround 26: 101.04630279541016\n'
[92mINFO [0m:      	 '\tround 27: 99.8243637084961\n'
[92mINFO [0m:      	 '\tround 28: 101.32120513916016\n'
[92mINFO [0m:      	 '\tround 29: 100.1617202758789\n'
[92mINFO [0m:      	 '\tround 30: 98.76229858398438\n')
[92mINFO [0m:      
[Server] Model checkpoint saved at round 1 => /home/dgxuser16/NTL/mccarthy/ahmad/github/adaptive_privacy_fl/adaptive_privacy/alz/version_00/checkpoints/model_checkpoint_round_1.pth
[Server] Model checkpoint saved at round 2 => /home/dgxuser16/NTL/mccarthy/ahmad/github/adaptive_privacy_fl/adaptive_privacy/alz/version_00/checkpoints/model_checkpoint_round_2.pth
[Server] Model checkpoint saved at round 3 => /home/dgxuser16/NTL/mccarthy/ahmad/github/adaptive_privacy_fl/adaptive_privacy/alz/version_00/checkpoints/model_checkpoint_round_3.pth
[Server] Model checkpoint saved at round 4 => /home/dgxuser16/NTL/mccarthy/ahmad/github/adaptive_privacy_fl/adaptive_privacy/alz/version_00/checkpoints/model_checkpoint_round_4.pth
[Server] Model checkpoint saved at round 5 => /home/dgxuser16/NTL/mccarthy/ahmad/github/adaptive_privacy_fl/adaptive_privacy/alz/version_00/checkpoints/model_checkpoint_round_5.pth
[Server] Model checkpoint saved at round 6 => /home/dgxuser16/NTL/mccarthy/ahmad/github/adaptive_privacy_fl/adaptive_privacy/alz/version_00/checkpoints/model_checkpoint_round_6.pth
[Server] Model checkpoint saved at round 7 => /home/dgxuser16/NTL/mccarthy/ahmad/github/adaptive_privacy_fl/adaptive_privacy/alz/version_00/checkpoints/model_checkpoint_round_7.pth
[Server] Model checkpoint saved at round 8 => /home/dgxuser16/NTL/mccarthy/ahmad/github/adaptive_privacy_fl/adaptive_privacy/alz/version_00/checkpoints/model_checkpoint_round_8.pth
[Server] Model checkpoint saved at round 9 => /home/dgxuser16/NTL/mccarthy/ahmad/github/adaptive_privacy_fl/adaptive_privacy/alz/version_00/checkpoints/model_checkpoint_round_9.pth
[Server] Model checkpoint saved at round 10 => /home/dgxuser16/NTL/mccarthy/ahmad/github/adaptive_privacy_fl/adaptive_privacy/alz/version_00/checkpoints/model_checkpoint_round_10.pth
[Server] Model checkpoint saved at round 11 => /home/dgxuser16/NTL/mccarthy/ahmad/github/adaptive_privacy_fl/adaptive_privacy/alz/version_00/checkpoints/model_checkpoint_round_11.pth
[Server] Model checkpoint saved at round 12 => /home/dgxuser16/NTL/mccarthy/ahmad/github/adaptive_privacy_fl/adaptive_privacy/alz/version_00/checkpoints/model_checkpoint_round_12.pth
[Server] Model checkpoint saved at round 13 => /home/dgxuser16/NTL/mccarthy/ahmad/github/adaptive_privacy_fl/adaptive_privacy/alz/version_00/checkpoints/model_checkpoint_round_13.pth
[Server] Model checkpoint saved at round 14 => /home/dgxuser16/NTL/mccarthy/ahmad/github/adaptive_privacy_fl/adaptive_privacy/alz/version_00/checkpoints/model_checkpoint_round_14.pth
[Server] Model checkpoint saved at round 15 => /home/dgxuser16/NTL/mccarthy/ahmad/github/adaptive_privacy_fl/adaptive_privacy/alz/version_00/checkpoints/model_checkpoint_round_15.pth
[Server] Model checkpoint saved at round 16 => /home/dgxuser16/NTL/mccarthy/ahmad/github/adaptive_privacy_fl/adaptive_privacy/alz/version_00/checkpoints/model_checkpoint_round_16.pth
[Server] Model checkpoint saved at round 17 => /home/dgxuser16/NTL/mccarthy/ahmad/github/adaptive_privacy_fl/adaptive_privacy/alz/version_00/checkpoints/model_checkpoint_round_17.pth
[Server] Model checkpoint saved at round 18 => /home/dgxuser16/NTL/mccarthy/ahmad/github/adaptive_privacy_fl/adaptive_privacy/alz/version_00/checkpoints/model_checkpoint_round_18.pth
[Server] Model checkpoint saved at round 19 => /home/dgxuser16/NTL/mccarthy/ahmad/github/adaptive_privacy_fl/adaptive_privacy/alz/version_00/checkpoints/model_checkpoint_round_19.pth
[Server] Model checkpoint saved at round 20 => /home/dgxuser16/NTL/mccarthy/ahmad/github/adaptive_privacy_fl/adaptive_privacy/alz/version_00/checkpoints/model_checkpoint_round_20.pth
[Server] Model checkpoint saved at round 21 => /home/dgxuser16/NTL/mccarthy/ahmad/github/adaptive_privacy_fl/adaptive_privacy/alz/version_00/checkpoints/model_checkpoint_round_21.pth
[Server] Model checkpoint saved at round 22 => /home/dgxuser16/NTL/mccarthy/ahmad/github/adaptive_privacy_fl/adaptive_privacy/alz/version_00/checkpoints/model_checkpoint_round_22.pth
[Server] Model checkpoint saved at round 23 => /home/dgxuser16/NTL/mccarthy/ahmad/github/adaptive_privacy_fl/adaptive_privacy/alz/version_00/checkpoints/model_checkpoint_round_23.pth
[Server] Model checkpoint saved at round 24 => /home/dgxuser16/NTL/mccarthy/ahmad/github/adaptive_privacy_fl/adaptive_privacy/alz/version_00/checkpoints/model_checkpoint_round_24.pth
[Server] Model checkpoint saved at round 25 => /home/dgxuser16/NTL/mccarthy/ahmad/github/adaptive_privacy_fl/adaptive_privacy/alz/version_00/checkpoints/model_checkpoint_round_25.pth
[Server] Model checkpoint saved at round 26 => /home/dgxuser16/NTL/mccarthy/ahmad/github/adaptive_privacy_fl/adaptive_privacy/alz/version_00/checkpoints/model_checkpoint_round_26.pth
[Server] Model checkpoint saved at round 27 => /home/dgxuser16/NTL/mccarthy/ahmad/github/adaptive_privacy_fl/adaptive_privacy/alz/version_00/checkpoints/model_checkpoint_round_27.pth
[Server] Model checkpoint saved at round 28 => /home/dgxuser16/NTL/mccarthy/ahmad/github/adaptive_privacy_fl/adaptive_privacy/alz/version_00/checkpoints/model_checkpoint_round_28.pth
[Server] Model checkpoint saved at round 29 => /home/dgxuser16/NTL/mccarthy/ahmad/github/adaptive_privacy_fl/adaptive_privacy/alz/version_00/checkpoints/model_checkpoint_round_29.pth
[Server] Model checkpoint saved at round 30 => /home/dgxuser16/NTL/mccarthy/ahmad/github/adaptive_privacy_fl/adaptive_privacy/alz/version_00/checkpoints/model_checkpoint_round_30.pth
Time taken (hours): 0.34365530530611677
Failed to save time taken: [Errno 2] No such file or directory: 'server/log_file.txt'
