nohup: ignoring input
/home/dgxuser16/.local/lib/python3.8/site-packages/albumentations/__init__.py:13: UserWarning: A new version of Albumentations is available: 2.0.1 (you have 1.4.18). Upgrade using: pip install -U albumentations. To disable automatic update checks, set the environment variable NO_ALBUMENTATIONS_UPDATE to 1.
  check_for_updates()
/raid/home/dgxuser16/NTL/mccarthy/ahmad/github/adaptive_privacy_fl/fixed_dp/isic/version_01/1.2/flamby/datasets/fed_isic2019/dataset.py:222: DeprecationWarning: Flip is deprecated. Consider using HorizontalFlip, VerticalFlip, RandomRotate90 or D4.
  albumentations.Flip(p=0.5),
/home/dgxuser16/.local/lib/python3.8/site-packages/pydantic/main.py:214: DeprecationWarning: `max_holes` is deprecated. Use num_holes_range instead.
  validated_self = self.__pydantic_validator__.validate_python(data, self_instance=self)
/home/dgxuser16/.local/lib/python3.8/site-packages/pydantic/main.py:214: DeprecationWarning: `max_height` is deprecated. Use hole_height_range instead.
  validated_self = self.__pydantic_validator__.validate_python(data, self_instance=self)
/home/dgxuser16/.local/lib/python3.8/site-packages/pydantic/main.py:214: DeprecationWarning: `max_width` is deprecated. Use hole_width_range instead.
  validated_self = self.__pydantic_validator__.validate_python(data, self_instance=self)
/home/dgxuser16/.local/lib/python3.8/site-packages/albumentations/core/validation.py:45: DeprecationWarning: always_apply is deprecated. Use `p=1` if you want to always apply the transform. self.p will be set to 1.
  original_init(self, **validated_kwargs)
/home/dgxuser16/.local/lib/python3.8/site-packages/albumentations/core/validation.py:45: DeprecationWarning: always_apply is deprecated. Use `p=1` if you want to always apply the transform. self.p will be set to 1.
  original_init(self, **validated_kwargs)
/home/dgxuser16/.local/lib/python3.8/site-packages/opacus/privacy_engine.py:95: UserWarning: Secure RNG turned off. This is perfectly fine for experimentation as it allows for much faster training performance, but remember to turn it on and retrain one last time before production with ``secure_mode`` turned on.
  warnings.warn(
01/25/2025 02:25:42:DEBUG:Opened insecure gRPC connection (no certificates were passed)
01/25/2025 02:25:42:DEBUG:ChannelConnectivity.IDLE
01/25/2025 02:25:42:DEBUG:ChannelConnectivity.CONNECTING
01/25/2025 02:25:42:DEBUG:ChannelConnectivity.READY
[92mINFO [0m:      
01/25/2025 02:26:04:INFO:
[92mINFO [0m:      [RUN 0, ROUND ]
01/25/2025 02:26:04:INFO:[RUN 0, ROUND ]
[92mINFO [0m:      Received: train message 6cb8d09c-e3b0-443f-a865-5dc526a07175
01/25/2025 02:26:04:INFO:Received: train message 6cb8d09c-e3b0-443f-a865-5dc526a07175
/home/dgxuser16/.local/lib/python3.8/site-packages/torch/nn/modules/module.py:1359: UserWarning: Using a non-full backward hook when the forward contains multiple autograd Nodes is deprecated and will be removed in future versions. This hook will be missing some grad_input. Please use register_full_backward_hook to get the documented behavior.
  warnings.warn("Using a non-full backward hook when the forward contains multiple autograd Nodes "
[92mINFO [0m:      Sent reply
01/25/2025 02:45:04:INFO:Sent reply
[92mINFO [0m:      
01/25/2025 02:45:41:INFO:
[92mINFO [0m:      [RUN 0, ROUND ]
01/25/2025 02:45:41:INFO:[RUN 0, ROUND ]
[92mINFO [0m:      Received: evaluate message e4f957b8-23cf-42a7-95da-66e5a24aea81
01/25/2025 02:45:41:INFO:Received: evaluate message e4f957b8-23cf-42a7-95da-66e5a24aea81
[92mINFO [0m:      Sent reply
01/25/2025 02:50:00:INFO:Sent reply
[92mINFO [0m:      
01/25/2025 02:50:36:INFO:
[92mINFO [0m:      [RUN 0, ROUND ]
01/25/2025 02:50:36:INFO:[RUN 0, ROUND ]
[92mINFO [0m:      Received: train message 23659f42-dc9a-4fe8-97b5-69057d41d2fe
01/25/2025 02:50:36:INFO:Received: train message 23659f42-dc9a-4fe8-97b5-69057d41d2fe
/home/dgxuser16/.local/lib/python3.8/site-packages/torch/nn/modules/module.py:1359: UserWarning: Using a non-full backward hook when the forward contains multiple autograd Nodes is deprecated and will be removed in future versions. This hook will be missing some grad_input. Please use register_full_backward_hook to get the documented behavior.
  warnings.warn("Using a non-full backward hook when the forward contains multiple autograd Nodes "
[92mINFO [0m:      Sent reply
01/25/2025 03:08:56:INFO:Sent reply
[92mINFO [0m:      
01/25/2025 03:09:15:INFO:
[92mINFO [0m:      [RUN 0, ROUND ]
01/25/2025 03:09:15:INFO:[RUN 0, ROUND ]
[92mINFO [0m:      Received: evaluate message 700f74b5-2c8d-4780-b936-96fb36536966
01/25/2025 03:09:15:INFO:Received: evaluate message 700f74b5-2c8d-4780-b936-96fb36536966
[92mINFO [0m:      Sent reply
01/25/2025 03:12:52:INFO:Sent reply
[92mINFO [0m:      
01/25/2025 03:14:07:INFO:
[92mINFO [0m:      [RUN 0, ROUND ]
01/25/2025 03:14:07:INFO:[RUN 0, ROUND ]
[92mINFO [0m:      Received: train message 2c875e02-bcc0-4d6f-80b2-16b044594367
01/25/2025 03:14:07:INFO:Received: train message 2c875e02-bcc0-4d6f-80b2-16b044594367
/home/dgxuser16/.local/lib/python3.8/site-packages/torch/nn/modules/module.py:1359: UserWarning: Using a non-full backward hook when the forward contains multiple autograd Nodes is deprecated and will be removed in future versions. This hook will be missing some grad_input. Please use register_full_backward_hook to get the documented behavior.
  warnings.warn("Using a non-full backward hook when the forward contains multiple autograd Nodes "
[92mINFO [0m:      Sent reply
01/25/2025 03:32:46:INFO:Sent reply
[92mINFO [0m:      
01/25/2025 03:33:16:INFO:
[92mINFO [0m:      [RUN 0, ROUND ]
01/25/2025 03:33:16:INFO:[RUN 0, ROUND ]
[92mINFO [0m:      Received: evaluate message 3605e8a5-67df-4f62-8741-99fe7de7cafe
01/25/2025 03:33:16:INFO:Received: evaluate message 3605e8a5-67df-4f62-8741-99fe7de7cafe
[92mINFO [0m:      Sent reply
01/25/2025 03:37:22:INFO:Sent reply
[92mINFO [0m:      
01/25/2025 03:37:54:INFO:
[92mINFO [0m:      [RUN 0, ROUND ]
01/25/2025 03:37:54:INFO:[RUN 0, ROUND ]
[92mINFO [0m:      Received: train message c1a3d6f8-2c99-43f9-a5ba-d8599f02fab8
01/25/2025 03:37:54:INFO:Received: train message c1a3d6f8-2c99-43f9-a5ba-d8599f02fab8
/home/dgxuser16/.local/lib/python3.8/site-packages/torch/nn/modules/module.py:1359: UserWarning: Using a non-full backward hook when the forward contains multiple autograd Nodes is deprecated and will be removed in future versions. This hook will be missing some grad_input. Please use register_full_backward_hook to get the documented behavior.
  warnings.warn("Using a non-full backward hook when the forward contains multiple autograd Nodes "
[92mINFO [0m:      Sent reply
01/25/2025 03:57:01:INFO:Sent reply
[92mINFO [0m:      
01/25/2025 03:57:37:INFO:
[92mINFO [0m:      [RUN 0, ROUND ]
01/25/2025 03:57:37:INFO:[RUN 0, ROUND ]
[92mINFO [0m:      Received: evaluate message e946c207-b6a9-427f-819d-ac7022d602d9
01/25/2025 03:57:37:INFO:Received: evaluate message e946c207-b6a9-427f-819d-ac7022d602d9
[92mINFO [0m:      Sent reply
01/25/2025 04:02:04:INFO:Sent reply
[92mINFO [0m:      
01/25/2025 04:02:44:INFO:
[92mINFO [0m:      [RUN 0, ROUND ]
01/25/2025 04:02:44:INFO:[RUN 0, ROUND ]
[92mINFO [0m:      Received: train message 3d6586f8-ba9e-49e1-bb3e-c2205f16460f
01/25/2025 04:02:44:INFO:Received: train message 3d6586f8-ba9e-49e1-bb3e-c2205f16460f
/home/dgxuser16/.local/lib/python3.8/site-packages/torch/nn/modules/module.py:1359: UserWarning: Using a non-full backward hook when the forward contains multiple autograd Nodes is deprecated and will be removed in future versions. This hook will be missing some grad_input. Please use register_full_backward_hook to get the documented behavior.
  warnings.warn("Using a non-full backward hook when the forward contains multiple autograd Nodes "
[92mINFO [0m:      Sent reply
01/25/2025 04:21:42:INFO:Sent reply
[92mINFO [0m:      
01/25/2025 04:22:13:INFO:
[92mINFO [0m:      [RUN 0, ROUND ]
01/25/2025 04:22:13:INFO:[RUN 0, ROUND ]
[92mINFO [0m:      Received: evaluate message b53e7ef0-bf9f-4977-a716-3a5f5d17cc87
01/25/2025 04:22:13:INFO:Received: evaluate message b53e7ef0-bf9f-4977-a716-3a5f5d17cc87
[92mINFO [0m:      Sent reply
01/25/2025 04:26:13:INFO:Sent reply
[92mINFO [0m:      
01/25/2025 04:26:39:INFO:
[92mINFO [0m:      [RUN 0, ROUND ]
01/25/2025 04:26:39:INFO:[RUN 0, ROUND ]
[92mINFO [0m:      Received: train message f11f6806-c937-4fa0-ad5f-5d0c50f1c3d3
01/25/2025 04:26:39:INFO:Received: train message f11f6806-c937-4fa0-ad5f-5d0c50f1c3d3
/home/dgxuser16/.local/lib/python3.8/site-packages/torch/nn/modules/module.py:1359: UserWarning: Using a non-full backward hook when the forward contains multiple autograd Nodes is deprecated and will be removed in future versions. This hook will be missing some grad_input. Please use register_full_backward_hook to get the documented behavior.
  warnings.warn("Using a non-full backward hook when the forward contains multiple autograd Nodes "
[92mINFO [0m:      Sent reply
01/25/2025 04:45:15:INFO:Sent reply
[92mINFO [0m:      
01/25/2025 04:45:53:INFO:
[92mINFO [0m:      [RUN 0, ROUND ]
01/25/2025 04:45:53:INFO:[RUN 0, ROUND ]
[92mINFO [0m:      Received: evaluate message 9068e50c-fd99-4460-b294-5fc62e00990f
01/25/2025 04:45:53:INFO:Received: evaluate message 9068e50c-fd99-4460-b294-5fc62e00990f
[92mINFO [0m:      Sent reply
01/25/2025 04:49:55:INFO:Sent reply
[92mINFO [0m:      
01/25/2025 04:50:29:INFO:
[92mINFO [0m:      [RUN 0, ROUND ]
01/25/2025 04:50:29:INFO:[RUN 0, ROUND ]
[92mINFO [0m:      Received: train message 77ebb5ee-ac50-4c51-94c6-8652b7582737
01/25/2025 04:50:29:INFO:Received: train message 77ebb5ee-ac50-4c51-94c6-8652b7582737
/home/dgxuser16/.local/lib/python3.8/site-packages/torch/nn/modules/module.py:1359: UserWarning: Using a non-full backward hook when the forward contains multiple autograd Nodes is deprecated and will be removed in future versions. This hook will be missing some grad_input. Please use register_full_backward_hook to get the documented behavior.
  warnings.warn("Using a non-full backward hook when the forward contains multiple autograd Nodes "
[92mINFO [0m:      Sent reply
01/25/2025 05:10:42:INFO:Sent reply
[92mINFO [0m:      
01/25/2025 05:11:11:INFO:
[92mINFO [0m:      [RUN 0, ROUND ]
01/25/2025 05:11:11:INFO:[RUN 0, ROUND ]
[92mINFO [0m:      Received: evaluate message 4b27d089-063f-4d0c-bd61-54b5bc43cb72
01/25/2025 05:11:11:INFO:Received: evaluate message 4b27d089-063f-4d0c-bd61-54b5bc43cb72
[92mINFO [0m:      Sent reply
01/25/2025 05:15:15:INFO:Sent reply
[92mINFO [0m:      
01/25/2025 05:15:47:INFO:
[92mINFO [0m:      [RUN 0, ROUND ]
01/25/2025 05:15:47:INFO:[RUN 0, ROUND ]
[92mINFO [0m:      Received: train message 64e10aff-234d-4883-8b2c-0d980b79a8e1
01/25/2025 05:15:47:INFO:Received: train message 64e10aff-234d-4883-8b2c-0d980b79a8e1
/home/dgxuser16/.local/lib/python3.8/site-packages/torch/nn/modules/module.py:1359: UserWarning: Using a non-full backward hook when the forward contains multiple autograd Nodes is deprecated and will be removed in future versions. This hook will be missing some grad_input. Please use register_full_backward_hook to get the documented behavior.
  warnings.warn("Using a non-full backward hook when the forward contains multiple autograd Nodes "
[92mINFO [0m:      Sent reply
01/25/2025 05:34:30:INFO:Sent reply
[92mINFO [0m:      
01/25/2025 05:34:56:INFO:
[92mINFO [0m:      [RUN 0, ROUND ]
01/25/2025 05:34:56:INFO:[RUN 0, ROUND ]
[92mINFO [0m:      Received: evaluate message 9213aa66-dcb8-480b-b6f9-3db4bc841cce
01/25/2025 05:34:56:INFO:Received: evaluate message 9213aa66-dcb8-480b-b6f9-3db4bc841cce
[92mINFO [0m:      Sent reply
01/25/2025 05:39:05:INFO:Sent reply
[92mINFO [0m:      
01/25/2025 05:39:41:INFO:
[92mINFO [0m:      [RUN 0, ROUND ]
01/25/2025 05:39:41:INFO:[RUN 0, ROUND ]
[92mINFO [0m:      Received: train message ab35d9b7-fdf0-4a32-b183-6ed5e6ea9ada
01/25/2025 05:39:41:INFO:Received: train message ab35d9b7-fdf0-4a32-b183-6ed5e6ea9ada
/home/dgxuser16/.local/lib/python3.8/site-packages/torch/nn/modules/module.py:1359: UserWarning: Using a non-full backward hook when the forward contains multiple autograd Nodes is deprecated and will be removed in future versions. This hook will be missing some grad_input. Please use register_full_backward_hook to get the documented behavior.
  warnings.warn("Using a non-full backward hook when the forward contains multiple autograd Nodes "
[92mINFO [0m:      Sent reply
01/25/2025 05:58:17:INFO:Sent reply
[92mINFO [0m:      
01/25/2025 05:58:32:INFO:
[92mINFO [0m:      [RUN 0, ROUND ]
01/25/2025 05:58:32:INFO:[RUN 0, ROUND ]
[92mINFO [0m:      Received: evaluate message cd5faa3b-a5fd-447e-90df-c342f05d851c
01/25/2025 05:58:32:INFO:Received: evaluate message cd5faa3b-a5fd-447e-90df-c342f05d851c
[92mINFO [0m:      Sent reply
01/25/2025 06:02:00:INFO:Sent reply
[92mINFO [0m:      
01/25/2025 06:03:02:INFO:
[92mINFO [0m:      [RUN 0, ROUND ]
01/25/2025 06:03:02:INFO:[RUN 0, ROUND ]
[92mINFO [0m:      Received: train message 43628c57-123e-453e-87a4-193ebdbb6139
01/25/2025 06:03:02:INFO:Received: train message 43628c57-123e-453e-87a4-193ebdbb6139
/home/dgxuser16/.local/lib/python3.8/site-packages/torch/nn/modules/module.py:1359: UserWarning: Using a non-full backward hook when the forward contains multiple autograd Nodes is deprecated and will be removed in future versions. This hook will be missing some grad_input. Please use register_full_backward_hook to get the documented behavior.
  warnings.warn("Using a non-full backward hook when the forward contains multiple autograd Nodes "
[92mINFO [0m:      Sent reply
01/25/2025 06:21:57:INFO:Sent reply
[92mINFO [0m:      
01/25/2025 06:22:22:INFO:
[92mINFO [0m:      [RUN 0, ROUND ]
01/25/2025 06:22:22:INFO:[RUN 0, ROUND ]
[92mINFO [0m:      Received: evaluate message ec7b70ed-61fa-4905-8e18-ae1776354a79
01/25/2025 06:22:22:INFO:Received: evaluate message ec7b70ed-61fa-4905-8e18-ae1776354a79
[92mINFO [0m:      Sent reply
01/25/2025 06:26:37:INFO:Sent reply
[92mINFO [0m:      
01/25/2025 06:27:00:INFO:
[92mINFO [0m:      [RUN 0, ROUND ]
01/25/2025 06:27:00:INFO:[RUN 0, ROUND ]
[92mINFO [0m:      Received: train message 86b50f15-4ddf-48f0-a6b0-5c0bd62f2bd2
01/25/2025 06:27:00:INFO:Received: train message 86b50f15-4ddf-48f0-a6b0-5c0bd62f2bd2
/home/dgxuser16/.local/lib/python3.8/site-packages/torch/nn/modules/module.py:1359: UserWarning: Using a non-full backward hook when the forward contains multiple autograd Nodes is deprecated and will be removed in future versions. This hook will be missing some grad_input. Please use register_full_backward_hook to get the documented behavior.
  warnings.warn("Using a non-full backward hook when the forward contains multiple autograd Nodes "
[92mINFO [0m:      Sent reply
01/25/2025 06:46:11:INFO:Sent reply
[92mINFO [0m:      
01/25/2025 06:46:43:INFO:
[92mINFO [0m:      [RUN 0, ROUND ]
01/25/2025 06:46:43:INFO:[RUN 0, ROUND ]
[92mINFO [0m:      Received: evaluate message e53607bb-a57b-44c6-a8bf-5bf8f7740898
01/25/2025 06:46:43:INFO:Received: evaluate message e53607bb-a57b-44c6-a8bf-5bf8f7740898
[92mINFO [0m:      Sent reply
01/25/2025 06:50:48:INFO:Sent reply
[92mINFO [0m:      
01/25/2025 06:51:12:INFO:
[92mINFO [0m:      [RUN 0, ROUND ]
01/25/2025 06:51:12:INFO:[RUN 0, ROUND ]
[92mINFO [0m:      Received: train message 047b86bd-ee8c-494d-86ab-92c80c77af55
01/25/2025 06:51:12:INFO:Received: train message 047b86bd-ee8c-494d-86ab-92c80c77af55
/home/dgxuser16/.local/lib/python3.8/site-packages/torch/nn/modules/module.py:1359: UserWarning: Using a non-full backward hook when the forward contains multiple autograd Nodes is deprecated and will be removed in future versions. This hook will be missing some grad_input. Please use register_full_backward_hook to get the documented behavior.
  warnings.warn("Using a non-full backward hook when the forward contains multiple autograd Nodes "
[92mINFO [0m:      Sent reply
01/25/2025 07:09:48:INFO:Sent reply
[92mINFO [0m:      
01/25/2025 07:10:06:INFO:
[92mINFO [0m:      [RUN 0, ROUND ]
01/25/2025 07:10:06:INFO:[RUN 0, ROUND ]
[92mINFO [0m:      Received: evaluate message c0dd5854-cf09-4ff5-b887-cabcf92db4ff
01/25/2025 07:10:06:INFO:Received: evaluate message c0dd5854-cf09-4ff5-b887-cabcf92db4ff
[92mINFO [0m:      Sent reply
01/25/2025 07:14:07:INFO:Sent reply
[92mINFO [0m:      
01/25/2025 07:14:37:INFO:
[92mINFO [0m:      [RUN 0, ROUND ]
01/25/2025 07:14:37:INFO:[RUN 0, ROUND ]
[92mINFO [0m:      Received: train message 3fe3e286-cc1f-44db-bd93-21265814eea4
01/25/2025 07:14:37:INFO:Received: train message 3fe3e286-cc1f-44db-bd93-21265814eea4
/home/dgxuser16/.local/lib/python3.8/site-packages/torch/nn/modules/module.py:1359: UserWarning: Using a non-full backward hook when the forward contains multiple autograd Nodes is deprecated and will be removed in future versions. This hook will be missing some grad_input. Please use register_full_backward_hook to get the documented behavior.
  warnings.warn("Using a non-full backward hook when the forward contains multiple autograd Nodes "
[92mINFO [0m:      Sent reply
01/25/2025 07:33:56:INFO:Sent reply
[92mINFO [0m:      
01/25/2025 07:34:26:INFO:
[92mINFO [0m:      [RUN 0, ROUND ]
01/25/2025 07:34:26:INFO:[RUN 0, ROUND ]
[92mINFO [0m:      Received: evaluate message a4be627e-f83c-4f59-bc12-d2f1b7cc566b
01/25/2025 07:34:26:INFO:Received: evaluate message a4be627e-f83c-4f59-bc12-d2f1b7cc566b
[92mINFO [0m:      Sent reply
01/25/2025 07:38:21:INFO:Sent reply
[92mINFO [0m:      
01/25/2025 07:39:21:INFO:
[92mINFO [0m:      [RUN 0, ROUND ]
01/25/2025 07:39:21:INFO:[RUN 0, ROUND ]
[92mINFO [0m:      Received: train message 17d82d1c-8dc1-421d-99e5-0edce5ccbe95
01/25/2025 07:39:21:INFO:Received: train message 17d82d1c-8dc1-421d-99e5-0edce5ccbe95
/home/dgxuser16/.local/lib/python3.8/site-packages/torch/nn/modules/module.py:1359: UserWarning: Using a non-full backward hook when the forward contains multiple autograd Nodes is deprecated and will be removed in future versions. This hook will be missing some grad_input. Please use register_full_backward_hook to get the documented behavior.
  warnings.warn("Using a non-full backward hook when the forward contains multiple autograd Nodes "
[92mINFO [0m:      Sent reply
01/25/2025 07:58:25:INFO:Sent reply
[92mINFO [0m:      
01/25/2025 07:58:56:INFO:
[92mINFO [0m:      [RUN 0, ROUND ]
01/25/2025 07:58:56:INFO:[RUN 0, ROUND ]
[92mINFO [0m:      Received: evaluate message b435e9b1-4be6-44e5-9fa8-7e331e8f8cb8
01/25/2025 07:58:56:INFO:Received: evaluate message b435e9b1-4be6-44e5-9fa8-7e331e8f8cb8
[92mINFO [0m:      Sent reply
01/25/2025 08:03:11:INFO:Sent reply
[92mINFO [0m:      
01/25/2025 08:03:29:INFO:
[92mINFO [0m:      [RUN 0, ROUND ]
01/25/2025 08:03:29:INFO:[RUN 0, ROUND ]
[92mINFO [0m:      Received: train message 3c3b210b-2d6d-4fd1-a889-8731c35b91d0
01/25/2025 08:03:29:INFO:Received: train message 3c3b210b-2d6d-4fd1-a889-8731c35b91d0
/home/dgxuser16/.local/lib/python3.8/site-packages/torch/nn/modules/module.py:1359: UserWarning: Using a non-full backward hook when the forward contains multiple autograd Nodes is deprecated and will be removed in future versions. This hook will be missing some grad_input. Please use register_full_backward_hook to get the documented behavior.
  warnings.warn("Using a non-full backward hook when the forward contains multiple autograd Nodes "
[92mINFO [0m:      Sent reply
01/25/2025 08:22:39:INFO:Sent reply
[92mINFO [0m:      
01/25/2025 08:23:12:INFO:
[92mINFO [0m:      [RUN 0, ROUND ]
01/25/2025 08:23:12:INFO:[RUN 0, ROUND ]
[92mINFO [0m:      Received: evaluate message 2be3124b-040b-42d5-aec7-7ce4b60a9fe2
01/25/2025 08:23:12:INFO:Received: evaluate message 2be3124b-040b-42d5-aec7-7ce4b60a9fe2
['/raid/home/dgxuser16/NTL/mccarthy/ahmad/github/adaptive_privacy_fl/fixed_dp/isic/version_01/1.2', '/home/dgxuser16/anaconda3/envs/ihpc/lib/python38.zip', '/home/dgxuser16/anaconda3/envs/ihpc/lib/python3.8', '/home/dgxuser16/anaconda3/envs/ihpc/lib/python3.8/lib-dynload', '/home/dgxuser16/.local/lib/python3.8/site-packages', '/home/dgxuser16/anaconda3/envs/ihpc/lib/python3.8/site-packages', '/raid/home/dgxuser16/NTL/mccarthy/ahmad/github/adaptive_privacy_fl/fixed_dp/isic/version_01/1.2']
Epsilon = 0.37

{'loss': [139.12693309783936], 'accuracy': [0.3387031816351188], 'auc': [0.5631660182753704]}

Epsilon = 0.53

{'loss': [139.12693309783936, 135.40182995796204], 'accuracy': [0.3387031816351188, 0.3415223519935562], 'auc': [0.5631660182753704, 0.6086695182475873]}

Epsilon = 0.65

{'loss': [139.12693309783936, 135.40182995796204, 139.0492503643036], 'accuracy': [0.3387031816351188, 0.3415223519935562, 0.3419250906161901], 'auc': [0.5631660182753704, 0.6086695182475873, 0.6300484106619781]}

Epsilon = 0.75

{'loss': [139.12693309783936, 135.40182995796204, 139.0492503643036, 142.52246284484863], 'accuracy': [0.3387031816351188, 0.3415223519935562, 0.3419250906161901, 0.34393878372935965], 'auc': [0.5631660182753704, 0.6086695182475873, 0.6300484106619781, 0.6415894149319016]}

Epsilon = 0.84

{'loss': [139.12693309783936, 135.40182995796204, 139.0492503643036, 142.52246284484863, 145.00881147384644], 'accuracy': [0.3387031816351188, 0.3415223519935562, 0.3419250906161901, 0.34393878372935965, 0.34716069271043093], 'auc': [0.5631660182753704, 0.6086695182475873, 0.6300484106619781, 0.6415894149319016, 0.64854954862581]}

Epsilon = 0.93

{'loss': [139.12693309783936, 135.40182995796204, 139.0492503643036, 142.52246284484863, 145.00881147384644, 144.6510534286499], 'accuracy': [0.3387031816351188, 0.3415223519935562, 0.3419250906161901, 0.34393878372935965, 0.34716069271043093, 0.3572291582762787], 'auc': [0.5631660182753704, 0.6086695182475873, 0.6300484106619781, 0.6415894149319016, 0.64854954862581, 0.6539104619049125]}

Epsilon = 1.01

{'loss': [139.12693309783936, 135.40182995796204, 139.0492503643036, 142.52246284484863, 145.00881147384644, 144.6510534286499, 142.1897088289261], 'accuracy': [0.3387031816351188, 0.3415223519935562, 0.3419250906161901, 0.34393878372935965, 0.34716069271043093, 0.3572291582762787, 0.3697140555779299], 'auc': [0.5631660182753704, 0.6086695182475873, 0.6300484106619781, 0.6415894149319016, 0.64854954862581, 0.6539104619049125, 0.6602397705139288]}

Epsilon = 1.08

{'loss': [139.12693309783936, 135.40182995796204, 139.0492503643036, 142.52246284484863, 145.00881147384644, 144.6510534286499, 142.1897088289261, 139.19078695774078], 'accuracy': [0.3387031816351188, 0.3415223519935562, 0.3419250906161901, 0.34393878372935965, 0.34716069271043093, 0.3572291582762787, 0.3697140555779299, 0.3882400322190898], 'auc': [0.5631660182753704, 0.6086695182475873, 0.6300484106619781, 0.6415894149319016, 0.64854954862581, 0.6539104619049125, 0.6602397705139288, 0.6654791286558848]}

Epsilon = 1.15

{'loss': [139.12693309783936, 135.40182995796204, 139.0492503643036, 142.52246284484863, 145.00881147384644, 144.6510534286499, 142.1897088289261, 139.19078695774078, 136.70186471939087], 'accuracy': [0.3387031816351188, 0.3415223519935562, 0.3419250906161901, 0.34393878372935965, 0.34716069271043093, 0.3572291582762787, 0.3697140555779299, 0.3882400322190898, 0.4067660088602497], 'auc': [0.5631660182753704, 0.6086695182475873, 0.6300484106619781, 0.6415894149319016, 0.64854954862581, 0.6539104619049125, 0.6602397705139288, 0.6654791286558848, 0.6701104819803649]}

Epsilon = 1.22

{'loss': [139.12693309783936, 135.40182995796204, 139.0492503643036, 142.52246284484863, 145.00881147384644, 144.6510534286499, 142.1897088289261, 139.19078695774078, 136.70186471939087, 134.16403341293335], 'accuracy': [0.3387031816351188, 0.3415223519935562, 0.3419250906161901, 0.34393878372935965, 0.34716069271043093, 0.3572291582762787, 0.3697140555779299, 0.3882400322190898, 0.4067660088602497, 0.4200563834071687], 'auc': [0.5631660182753704, 0.6086695182475873, 0.6300484106619781, 0.6415894149319016, 0.64854954862581, 0.6539104619049125, 0.6602397705139288, 0.6654791286558848, 0.6701104819803649, 0.6739681561629256]}

Epsilon = 1.28

{'loss': [139.12693309783936, 135.40182995796204, 139.0492503643036, 142.52246284484863, 145.00881147384644, 144.6510534286499, 142.1897088289261, 139.19078695774078, 136.70186471939087, 134.16403341293335, 131.739138007164], 'accuracy': [0.3387031816351188, 0.3415223519935562, 0.3419250906161901, 0.34393878372935965, 0.34716069271043093, 0.3572291582762787, 0.3697140555779299, 0.3882400322190898, 0.4067660088602497, 0.4200563834071687, 0.4373741441804269], 'auc': [0.5631660182753704, 0.6086695182475873, 0.6300484106619781, 0.6415894149319016, 0.64854954862581, 0.6539104619049125, 0.6602397705139288, 0.6654791286558848, 0.6701104819803649, 0.6739681561629256, 0.6786234669931949]}

Epsilon = 1.34

{'loss': [139.12693309783936, 135.40182995796204, 139.0492503643036, 142.52246284484863, 145.00881147384644, 144.6510534286499, 142.1897088289261, 139.19078695774078, 136.70186471939087, 134.16403341293335, 131.739138007164, 130.02714097499847], 'accuracy': [0.3387031816351188, 0.3415223519935562, 0.3419250906161901, 0.34393878372935965, 0.34716069271043093, 0.3572291582762787, 0.3697140555779299, 0.3882400322190898, 0.4067660088602497, 0.4200563834071687, 0.4373741441804269, 0.44663713250100684], 'auc': [0.5631660182753704, 0.6086695182475873, 0.6300484106619781, 0.6415894149319016, 0.64854954862581, 0.6539104619049125, 0.6602397705139288, 0.6654791286558848, 0.6701104819803649, 0.6739681561629256, 0.6786234669931949, 0.6827833928894574]}

Epsilon = 1.40

{'loss': [139.12693309783936, 135.40182995796204, 139.0492503643036, 142.52246284484863, 145.00881147384644, 144.6510534286499, 142.1897088289261, 139.19078695774078, 136.70186471939087, 134.16403341293335, 131.739138007164, 130.02714097499847, 128.6464272737503], 'accuracy': [0.3387031816351188, 0.3415223519935562, 0.3419250906161901, 0.34393878372935965, 0.34716069271043093, 0.3572291582762787, 0.3697140555779299, 0.3882400322190898, 0.4067660088602497, 0.4200563834071687, 0.4373741441804269, 0.44663713250100684, 0.4607329842931937], 'auc': [0.5631660182753704, 0.6086695182475873, 0.6300484106619781, 0.6415894149319016, 0.64854954862581, 0.6539104619049125, 0.6602397705139288, 0.6654791286558848, 0.6701104819803649, 0.6739681561629256, 0.6786234669931949, 0.6827833928894574, 0.6860932617371962]}

Epsilon = 1.46

{'loss': [139.12693309783936, 135.40182995796204, 139.0492503643036, 142.52246284484863, 145.00881147384644, 144.6510534286499, 142.1897088289261, 139.19078695774078, 136.70186471939087, 134.16403341293335, 131.739138007164, 130.02714097499847, 128.6464272737503, 127.55684292316437], 'accuracy': [0.3387031816351188, 0.3415223519935562, 0.3419250906161901, 0.34393878372935965, 0.34716069271043093, 0.3572291582762787, 0.3697140555779299, 0.3882400322190898, 0.4067660088602497, 0.4200563834071687, 0.4373741441804269, 0.44663713250100684, 0.4607329842931937, 0.4699959726137737], 'auc': [0.5631660182753704, 0.6086695182475873, 0.6300484106619781, 0.6415894149319016, 0.64854954862581, 0.6539104619049125, 0.6602397705139288, 0.6654791286558848, 0.6701104819803649, 0.6739681561629256, 0.6786234669931949, 0.6827833928894574, 0.6860932617371962, 0.6894644759560826]}

Epsilon = 1.51
[92mINFO [0m:      Sent reply
01/25/2025 08:27:25:INFO:Sent reply
[92mINFO [0m:      
01/25/2025 08:27:56:INFO:
[92mINFO [0m:      [RUN 0, ROUND ]
01/25/2025 08:27:56:INFO:[RUN 0, ROUND ]
[92mINFO [0m:      Received: train message d9c520d7-0ed3-439f-a606-c835ce4d512b
01/25/2025 08:27:56:INFO:Received: train message d9c520d7-0ed3-439f-a606-c835ce4d512b
/home/dgxuser16/.local/lib/python3.8/site-packages/torch/nn/modules/module.py:1359: UserWarning: Using a non-full backward hook when the forward contains multiple autograd Nodes is deprecated and will be removed in future versions. This hook will be missing some grad_input. Please use register_full_backward_hook to get the documented behavior.
  warnings.warn("Using a non-full backward hook when the forward contains multiple autograd Nodes "
[92mINFO [0m:      Sent reply
01/25/2025 08:46:30:INFO:Sent reply
[92mINFO [0m:      
01/25/2025 08:47:01:INFO:
[92mINFO [0m:      [RUN 0, ROUND ]
01/25/2025 08:47:01:INFO:[RUN 0, ROUND ]
[92mINFO [0m:      Received: evaluate message c11869c6-010b-4388-ac70-d7fc91127310
01/25/2025 08:47:01:INFO:Received: evaluate message c11869c6-010b-4388-ac70-d7fc91127310
[92mINFO [0m:      Sent reply
01/25/2025 08:51:13:INFO:Sent reply
[92mINFO [0m:      
01/25/2025 08:51:43:INFO:
[92mINFO [0m:      [RUN 0, ROUND ]
01/25/2025 08:51:43:INFO:[RUN 0, ROUND ]
[92mINFO [0m:      Received: train message f4d2a397-b9cf-4158-9763-7aada62cd912
01/25/2025 08:51:43:INFO:Received: train message f4d2a397-b9cf-4158-9763-7aada62cd912
/home/dgxuser16/.local/lib/python3.8/site-packages/torch/nn/modules/module.py:1359: UserWarning: Using a non-full backward hook when the forward contains multiple autograd Nodes is deprecated and will be removed in future versions. This hook will be missing some grad_input. Please use register_full_backward_hook to get the documented behavior.
  warnings.warn("Using a non-full backward hook when the forward contains multiple autograd Nodes "
[92mINFO [0m:      Sent reply
01/25/2025 09:10:23:INFO:Sent reply
[92mINFO [0m:      
01/25/2025 09:10:57:INFO:
[92mINFO [0m:      [RUN 0, ROUND ]
01/25/2025 09:10:57:INFO:[RUN 0, ROUND ]
[92mINFO [0m:      Received: evaluate message 30941bba-ced8-4afc-91db-9d09d3e57df1
01/25/2025 09:10:57:INFO:Received: evaluate message 30941bba-ced8-4afc-91db-9d09d3e57df1
[92mINFO [0m:      Sent reply
01/25/2025 09:15:02:INFO:Sent reply
[92mINFO [0m:      
01/25/2025 09:15:18:INFO:
[92mINFO [0m:      [RUN 0, ROUND ]
01/25/2025 09:15:18:INFO:[RUN 0, ROUND ]
[92mINFO [0m:      Received: train message 663777d0-97b6-4f1c-b572-8c9aee4fe4a6
01/25/2025 09:15:18:INFO:Received: train message 663777d0-97b6-4f1c-b572-8c9aee4fe4a6
/home/dgxuser16/.local/lib/python3.8/site-packages/torch/nn/modules/module.py:1359: UserWarning: Using a non-full backward hook when the forward contains multiple autograd Nodes is deprecated and will be removed in future versions. This hook will be missing some grad_input. Please use register_full_backward_hook to get the documented behavior.
  warnings.warn("Using a non-full backward hook when the forward contains multiple autograd Nodes "
[92mINFO [0m:      Sent reply
01/25/2025 09:34:01:INFO:Sent reply
[92mINFO [0m:      
01/25/2025 09:34:36:INFO:
[92mINFO [0m:      [RUN 0, ROUND ]
01/25/2025 09:34:36:INFO:[RUN 0, ROUND ]
[92mINFO [0m:      Received: evaluate message 75348592-c667-4c22-b883-e8e52289e20b
01/25/2025 09:34:36:INFO:Received: evaluate message 75348592-c667-4c22-b883-e8e52289e20b
[92mINFO [0m:      Sent reply
01/25/2025 09:38:48:INFO:Sent reply
[92mINFO [0m:      
01/25/2025 09:39:00:INFO:
[92mINFO [0m:      [RUN 0, ROUND ]
01/25/2025 09:39:00:INFO:[RUN 0, ROUND ]
[92mINFO [0m:      Received: train message 25acd342-de42-4a96-ae9d-f8377a607a18
01/25/2025 09:39:00:INFO:Received: train message 25acd342-de42-4a96-ae9d-f8377a607a18
/home/dgxuser16/.local/lib/python3.8/site-packages/torch/nn/modules/module.py:1359: UserWarning: Using a non-full backward hook when the forward contains multiple autograd Nodes is deprecated and will be removed in future versions. This hook will be missing some grad_input. Please use register_full_backward_hook to get the documented behavior.
  warnings.warn("Using a non-full backward hook when the forward contains multiple autograd Nodes "
[92mINFO [0m:      Sent reply
01/25/2025 09:58:51:INFO:Sent reply
[92mINFO [0m:      
01/25/2025 09:59:11:INFO:
[92mINFO [0m:      [RUN 0, ROUND ]
01/25/2025 09:59:11:INFO:[RUN 0, ROUND ]
[92mINFO [0m:      Received: evaluate message 179f27c6-0c6c-4caf-bc1f-838df4d755f9
01/25/2025 09:59:11:INFO:Received: evaluate message 179f27c6-0c6c-4caf-bc1f-838df4d755f9
[92mINFO [0m:      Sent reply
01/25/2025 10:03:14:INFO:Sent reply
[92mINFO [0m:      
01/25/2025 10:04:09:INFO:
[92mINFO [0m:      [RUN 0, ROUND ]
01/25/2025 10:04:09:INFO:[RUN 0, ROUND ]
[92mINFO [0m:      Received: train message 0c68ba2a-1a23-4038-b153-8bf6835902d6
01/25/2025 10:04:09:INFO:Received: train message 0c68ba2a-1a23-4038-b153-8bf6835902d6
/home/dgxuser16/.local/lib/python3.8/site-packages/torch/nn/modules/module.py:1359: UserWarning: Using a non-full backward hook when the forward contains multiple autograd Nodes is deprecated and will be removed in future versions. This hook will be missing some grad_input. Please use register_full_backward_hook to get the documented behavior.
  warnings.warn("Using a non-full backward hook when the forward contains multiple autograd Nodes "
[92mINFO [0m:      Sent reply
01/25/2025 10:22:49:INFO:Sent reply
[92mINFO [0m:      
01/25/2025 10:23:24:INFO:
[92mINFO [0m:      [RUN 0, ROUND ]
01/25/2025 10:23:24:INFO:[RUN 0, ROUND ]
[92mINFO [0m:      Received: evaluate message ddbdcd68-92c8-4ce7-a1ec-014f8c081f13
01/25/2025 10:23:24:INFO:Received: evaluate message ddbdcd68-92c8-4ce7-a1ec-014f8c081f13
[92mINFO [0m:      Sent reply
01/25/2025 10:27:37:INFO:Sent reply
[92mINFO [0m:      
01/25/2025 10:28:09:INFO:
[92mINFO [0m:      [RUN 0, ROUND ]
01/25/2025 10:28:09:INFO:[RUN 0, ROUND ]
[92mINFO [0m:      Received: train message 48191629-fb7a-46ad-958a-63b474c00b16
01/25/2025 10:28:09:INFO:Received: train message 48191629-fb7a-46ad-958a-63b474c00b16
/home/dgxuser16/.local/lib/python3.8/site-packages/torch/nn/modules/module.py:1359: UserWarning: Using a non-full backward hook when the forward contains multiple autograd Nodes is deprecated and will be removed in future versions. This hook will be missing some grad_input. Please use register_full_backward_hook to get the documented behavior.
  warnings.warn("Using a non-full backward hook when the forward contains multiple autograd Nodes "
[92mINFO [0m:      Sent reply
01/25/2025 10:46:46:INFO:Sent reply
[92mINFO [0m:      
01/25/2025 10:47:19:INFO:
[92mINFO [0m:      [RUN 0, ROUND ]
01/25/2025 10:47:19:INFO:[RUN 0, ROUND ]
[92mINFO [0m:      Received: evaluate message c0c2ed2f-4e4e-4e4a-a419-a46e9e598606
01/25/2025 10:47:19:INFO:Received: evaluate message c0c2ed2f-4e4e-4e4a-a419-a46e9e598606
[92mINFO [0m:      Sent reply
01/25/2025 10:51:34:INFO:Sent reply
[92mINFO [0m:      
01/25/2025 10:52:15:INFO:
[92mINFO [0m:      [RUN 0, ROUND ]
01/25/2025 10:52:15:INFO:[RUN 0, ROUND ]
[92mINFO [0m:      Received: train message b6bc6928-e3d4-482f-8665-d9829966b01c
01/25/2025 10:52:15:INFO:Received: train message b6bc6928-e3d4-482f-8665-d9829966b01c
/home/dgxuser16/.local/lib/python3.8/site-packages/torch/nn/modules/module.py:1359: UserWarning: Using a non-full backward hook when the forward contains multiple autograd Nodes is deprecated and will be removed in future versions. This hook will be missing some grad_input. Please use register_full_backward_hook to get the documented behavior.
  warnings.warn("Using a non-full backward hook when the forward contains multiple autograd Nodes "
[92mINFO [0m:      Sent reply
01/25/2025 11:10:49:INFO:Sent reply
[92mINFO [0m:      
01/25/2025 11:11:15:INFO:
[92mINFO [0m:      [RUN 0, ROUND ]
01/25/2025 11:11:15:INFO:[RUN 0, ROUND ]
[92mINFO [0m:      Received: evaluate message 9d4d451c-836f-4992-b619-70e88b8297a4
01/25/2025 11:11:15:INFO:Received: evaluate message 9d4d451c-836f-4992-b619-70e88b8297a4

{'loss': [139.12693309783936, 135.40182995796204, 139.0492503643036, 142.52246284484863, 145.00881147384644, 144.6510534286499, 142.1897088289261, 139.19078695774078, 136.70186471939087, 134.16403341293335, 131.739138007164, 130.02714097499847, 128.6464272737503, 127.55684292316437, 126.86744141578674], 'accuracy': [0.3387031816351188, 0.3415223519935562, 0.3419250906161901, 0.34393878372935965, 0.34716069271043093, 0.3572291582762787, 0.3697140555779299, 0.3882400322190898, 0.4067660088602497, 0.4200563834071687, 0.4373741441804269, 0.44663713250100684, 0.4607329842931937, 0.4699959726137737, 0.4804671768022553], 'auc': [0.5631660182753704, 0.6086695182475873, 0.6300484106619781, 0.6415894149319016, 0.64854954862581, 0.6539104619049125, 0.6602397705139288, 0.6654791286558848, 0.6701104819803649, 0.6739681561629256, 0.6786234669931949, 0.6827833928894574, 0.6860932617371962, 0.6894644759560826, 0.6920249573712367]}

Epsilon = 1.57

{'loss': [139.12693309783936, 135.40182995796204, 139.0492503643036, 142.52246284484863, 145.00881147384644, 144.6510534286499, 142.1897088289261, 139.19078695774078, 136.70186471939087, 134.16403341293335, 131.739138007164, 130.02714097499847, 128.6464272737503, 127.55684292316437, 126.86744141578674, 126.24823772907257], 'accuracy': [0.3387031816351188, 0.3415223519935562, 0.3419250906161901, 0.34393878372935965, 0.34716069271043093, 0.3572291582762787, 0.3697140555779299, 0.3882400322190898, 0.4067660088602497, 0.4200563834071687, 0.4373741441804269, 0.44663713250100684, 0.4607329842931937, 0.4699959726137737, 0.4804671768022553, 0.482078131292791], 'auc': [0.5631660182753704, 0.6086695182475873, 0.6300484106619781, 0.6415894149319016, 0.64854954862581, 0.6539104619049125, 0.6602397705139288, 0.6654791286558848, 0.6701104819803649, 0.6739681561629256, 0.6786234669931949, 0.6827833928894574, 0.6860932617371962, 0.6894644759560826, 0.6920249573712367, 0.6950270218215381]}

Epsilon = 1.62

{'loss': [139.12693309783936, 135.40182995796204, 139.0492503643036, 142.52246284484863, 145.00881147384644, 144.6510534286499, 142.1897088289261, 139.19078695774078, 136.70186471939087, 134.16403341293335, 131.739138007164, 130.02714097499847, 128.6464272737503, 127.55684292316437, 126.86744141578674, 126.24823772907257, 124.94857597351074], 'accuracy': [0.3387031816351188, 0.3415223519935562, 0.3419250906161901, 0.34393878372935965, 0.34716069271043093, 0.3572291582762787, 0.3697140555779299, 0.3882400322190898, 0.4067660088602497, 0.4200563834071687, 0.4373741441804269, 0.44663713250100684, 0.4607329842931937, 0.4699959726137737, 0.4804671768022553, 0.482078131292791, 0.4877164720096657], 'auc': [0.5631660182753704, 0.6086695182475873, 0.6300484106619781, 0.6415894149319016, 0.64854954862581, 0.6539104619049125, 0.6602397705139288, 0.6654791286558848, 0.6701104819803649, 0.6739681561629256, 0.6786234669931949, 0.6827833928894574, 0.6860932617371962, 0.6894644759560826, 0.6920249573712367, 0.6950270218215381, 0.697933862799217]}

Epsilon = 1.67

{'loss': [139.12693309783936, 135.40182995796204, 139.0492503643036, 142.52246284484863, 145.00881147384644, 144.6510534286499, 142.1897088289261, 139.19078695774078, 136.70186471939087, 134.16403341293335, 131.739138007164, 130.02714097499847, 128.6464272737503, 127.55684292316437, 126.86744141578674, 126.24823772907257, 124.94857597351074, 124.08486247062683], 'accuracy': [0.3387031816351188, 0.3415223519935562, 0.3419250906161901, 0.34393878372935965, 0.34716069271043093, 0.3572291582762787, 0.3697140555779299, 0.3882400322190898, 0.4067660088602497, 0.4200563834071687, 0.4373741441804269, 0.44663713250100684, 0.4607329842931937, 0.4699959726137737, 0.4804671768022553, 0.482078131292791, 0.4877164720096657, 0.49577124446234394], 'auc': [0.5631660182753704, 0.6086695182475873, 0.6300484106619781, 0.6415894149319016, 0.64854954862581, 0.6539104619049125, 0.6602397705139288, 0.6654791286558848, 0.6701104819803649, 0.6739681561629256, 0.6786234669931949, 0.6827833928894574, 0.6860932617371962, 0.6894644759560826, 0.6920249573712367, 0.6950270218215381, 0.697933862799217, 0.7008936025777549]}

Epsilon = 1.72

{'loss': [139.12693309783936, 135.40182995796204, 139.0492503643036, 142.52246284484863, 145.00881147384644, 144.6510534286499, 142.1897088289261, 139.19078695774078, 136.70186471939087, 134.16403341293335, 131.739138007164, 130.02714097499847, 128.6464272737503, 127.55684292316437, 126.86744141578674, 126.24823772907257, 124.94857597351074, 124.08486247062683, 123.207768201828], 'accuracy': [0.3387031816351188, 0.3415223519935562, 0.3419250906161901, 0.34393878372935965, 0.34716069271043093, 0.3572291582762787, 0.3697140555779299, 0.3882400322190898, 0.4067660088602497, 0.4200563834071687, 0.4373741441804269, 0.44663713250100684, 0.4607329842931937, 0.4699959726137737, 0.4804671768022553, 0.482078131292791, 0.4877164720096657, 0.49577124446234394, 0.5038260169150222], 'auc': [0.5631660182753704, 0.6086695182475873, 0.6300484106619781, 0.6415894149319016, 0.64854954862581, 0.6539104619049125, 0.6602397705139288, 0.6654791286558848, 0.6701104819803649, 0.6739681561629256, 0.6786234669931949, 0.6827833928894574, 0.6860932617371962, 0.6894644759560826, 0.6920249573712367, 0.6950270218215381, 0.697933862799217, 0.7008936025777549, 0.7034923035680389]}

Epsilon = 1.77

{'loss': [139.12693309783936, 135.40182995796204, 139.0492503643036, 142.52246284484863, 145.00881147384644, 144.6510534286499, 142.1897088289261, 139.19078695774078, 136.70186471939087, 134.16403341293335, 131.739138007164, 130.02714097499847, 128.6464272737503, 127.55684292316437, 126.86744141578674, 126.24823772907257, 124.94857597351074, 124.08486247062683, 123.207768201828, 122.05008041858673], 'accuracy': [0.3387031816351188, 0.3415223519935562, 0.3419250906161901, 0.34393878372935965, 0.34716069271043093, 0.3572291582762787, 0.3697140555779299, 0.3882400322190898, 0.4067660088602497, 0.4200563834071687, 0.4373741441804269, 0.44663713250100684, 0.4607329842931937, 0.4699959726137737, 0.4804671768022553, 0.482078131292791, 0.4877164720096657, 0.49577124446234394, 0.5038260169150222, 0.5062424486508256], 'auc': [0.5631660182753704, 0.6086695182475873, 0.6300484106619781, 0.6415894149319016, 0.64854954862581, 0.6539104619049125, 0.6602397705139288, 0.6654791286558848, 0.6701104819803649, 0.6739681561629256, 0.6786234669931949, 0.6827833928894574, 0.6860932617371962, 0.6894644759560826, 0.6920249573712367, 0.6950270218215381, 0.697933862799217, 0.7008936025777549, 0.7034923035680389, 0.7072203274599468]}

Epsilon = 1.82

{'loss': [139.12693309783936, 135.40182995796204, 139.0492503643036, 142.52246284484863, 145.00881147384644, 144.6510534286499, 142.1897088289261, 139.19078695774078, 136.70186471939087, 134.16403341293335, 131.739138007164, 130.02714097499847, 128.6464272737503, 127.55684292316437, 126.86744141578674, 126.24823772907257, 124.94857597351074, 124.08486247062683, 123.207768201828, 122.05008041858673, 121.6694188117981], 'accuracy': [0.3387031816351188, 0.3415223519935562, 0.3419250906161901, 0.34393878372935965, 0.34716069271043093, 0.3572291582762787, 0.3697140555779299, 0.3882400322190898, 0.4067660088602497, 0.4200563834071687, 0.4373741441804269, 0.44663713250100684, 0.4607329842931937, 0.4699959726137737, 0.4804671768022553, 0.482078131292791, 0.4877164720096657, 0.49577124446234394, 0.5038260169150222, 0.5062424486508256, 0.5062424486508256], 'auc': [0.5631660182753704, 0.6086695182475873, 0.6300484106619781, 0.6415894149319016, 0.64854954862581, 0.6539104619049125, 0.6602397705139288, 0.6654791286558848, 0.6701104819803649, 0.6739681561629256, 0.6786234669931949, 0.6827833928894574, 0.6860932617371962, 0.6894644759560826, 0.6920249573712367, 0.6950270218215381, 0.697933862799217, 0.7008936025777549, 0.7034923035680389, 0.7072203274599468, 0.7092560302164244]}

Epsilon = 1.86
[92mINFO [0m:      Sent reply
01/25/2025 11:15:25:INFO:Sent reply
[92mINFO [0m:      
01/25/2025 11:16:18:INFO:
[92mINFO [0m:      [RUN 0, ROUND ]
01/25/2025 11:16:18:INFO:[RUN 0, ROUND ]
[92mINFO [0m:      Received: train message f6bedb64-fb69-4d47-9136-462795afbe24
01/25/2025 11:16:18:INFO:Received: train message f6bedb64-fb69-4d47-9136-462795afbe24
/home/dgxuser16/.local/lib/python3.8/site-packages/torch/nn/modules/module.py:1359: UserWarning: Using a non-full backward hook when the forward contains multiple autograd Nodes is deprecated and will be removed in future versions. This hook will be missing some grad_input. Please use register_full_backward_hook to get the documented behavior.
  warnings.warn("Using a non-full backward hook when the forward contains multiple autograd Nodes "
[92mINFO [0m:      Sent reply
01/25/2025 11:34:49:INFO:Sent reply
[92mINFO [0m:      
01/25/2025 11:35:16:INFO:
[92mINFO [0m:      [RUN 0, ROUND ]
01/25/2025 11:35:16:INFO:[RUN 0, ROUND ]
[92mINFO [0m:      Received: evaluate message fd8ecd24-05e2-49fa-8973-2289c90eb040
01/25/2025 11:35:16:INFO:Received: evaluate message fd8ecd24-05e2-49fa-8973-2289c90eb040
[92mINFO [0m:      Sent reply
01/25/2025 11:39:15:INFO:Sent reply
[92mINFO [0m:      
01/25/2025 11:39:58:INFO:
[92mINFO [0m:      [RUN 0, ROUND ]
01/25/2025 11:39:58:INFO:[RUN 0, ROUND ]
[92mINFO [0m:      Received: train message d4d731fe-c646-4efc-8328-5e10abf06e5f
01/25/2025 11:39:58:INFO:Received: train message d4d731fe-c646-4efc-8328-5e10abf06e5f
/home/dgxuser16/.local/lib/python3.8/site-packages/torch/nn/modules/module.py:1359: UserWarning: Using a non-full backward hook when the forward contains multiple autograd Nodes is deprecated and will be removed in future versions. This hook will be missing some grad_input. Please use register_full_backward_hook to get the documented behavior.
  warnings.warn("Using a non-full backward hook when the forward contains multiple autograd Nodes "
[92mINFO [0m:      Sent reply
01/25/2025 11:58:41:INFO:Sent reply
[92mINFO [0m:      
01/25/2025 11:59:12:INFO:
[92mINFO [0m:      [RUN 0, ROUND ]
01/25/2025 11:59:12:INFO:[RUN 0, ROUND ]
[92mINFO [0m:      Received: evaluate message 41ba47be-92ca-41e0-901e-9832ad1df8a9
01/25/2025 11:59:12:INFO:Received: evaluate message 41ba47be-92ca-41e0-901e-9832ad1df8a9
[92mINFO [0m:      Sent reply
01/25/2025 12:03:11:INFO:Sent reply
[92mINFO [0m:      
01/25/2025 12:03:36:INFO:
[92mINFO [0m:      [RUN 0, ROUND ]
01/25/2025 12:03:36:INFO:[RUN 0, ROUND ]
[92mINFO [0m:      Received: train message 2d276ec9-78fb-42a5-8edf-ed4aa49457db
01/25/2025 12:03:36:INFO:Received: train message 2d276ec9-78fb-42a5-8edf-ed4aa49457db
/home/dgxuser16/.local/lib/python3.8/site-packages/torch/nn/modules/module.py:1359: UserWarning: Using a non-full backward hook when the forward contains multiple autograd Nodes is deprecated and will be removed in future versions. This hook will be missing some grad_input. Please use register_full_backward_hook to get the documented behavior.
  warnings.warn("Using a non-full backward hook when the forward contains multiple autograd Nodes "
[92mINFO [0m:      Sent reply
01/25/2025 12:22:15:INFO:Sent reply
[92mINFO [0m:      
01/25/2025 12:22:48:INFO:
[92mINFO [0m:      [RUN 0, ROUND ]
01/25/2025 12:22:48:INFO:[RUN 0, ROUND ]
[92mINFO [0m:      Received: evaluate message e023fd41-440d-48de-be8d-d8560d12da37
01/25/2025 12:22:48:INFO:Received: evaluate message e023fd41-440d-48de-be8d-d8560d12da37
[92mINFO [0m:      Sent reply
01/25/2025 12:27:01:INFO:Sent reply
[92mINFO [0m:      
01/25/2025 12:27:22:INFO:
[92mINFO [0m:      [RUN 0, ROUND ]
01/25/2025 12:27:22:INFO:[RUN 0, ROUND ]
[92mINFO [0m:      Received: train message e28c8d6d-66b7-4119-a25b-8fbb737c6027
01/25/2025 12:27:22:INFO:Received: train message e28c8d6d-66b7-4119-a25b-8fbb737c6027
/home/dgxuser16/.local/lib/python3.8/site-packages/torch/nn/modules/module.py:1359: UserWarning: Using a non-full backward hook when the forward contains multiple autograd Nodes is deprecated and will be removed in future versions. This hook will be missing some grad_input. Please use register_full_backward_hook to get the documented behavior.
  warnings.warn("Using a non-full backward hook when the forward contains multiple autograd Nodes "
[92mINFO [0m:      Sent reply
01/25/2025 12:47:47:INFO:Sent reply
[92mINFO [0m:      
01/25/2025 12:48:13:INFO:
[92mINFO [0m:      [RUN 0, ROUND ]
01/25/2025 12:48:13:INFO:[RUN 0, ROUND ]
[92mINFO [0m:      Received: evaluate message b7def9be-e4eb-452f-846e-0714a6e524e1
01/25/2025 12:48:13:INFO:Received: evaluate message b7def9be-e4eb-452f-846e-0714a6e524e1
[92mINFO [0m:      Sent reply
01/25/2025 12:52:29:INFO:Sent reply
[92mINFO [0m:      
01/25/2025 12:52:56:INFO:
[92mINFO [0m:      [RUN 0, ROUND ]
01/25/2025 12:52:56:INFO:[RUN 0, ROUND ]
[92mINFO [0m:      Received: train message 6e109cb5-1c00-4a2e-bf46-3492b34dff2e
01/25/2025 12:52:56:INFO:Received: train message 6e109cb5-1c00-4a2e-bf46-3492b34dff2e
/home/dgxuser16/.local/lib/python3.8/site-packages/torch/nn/modules/module.py:1359: UserWarning: Using a non-full backward hook when the forward contains multiple autograd Nodes is deprecated and will be removed in future versions. This hook will be missing some grad_input. Please use register_full_backward_hook to get the documented behavior.
  warnings.warn("Using a non-full backward hook when the forward contains multiple autograd Nodes "
[92mINFO [0m:      Sent reply
01/25/2025 13:11:37:INFO:Sent reply
[92mINFO [0m:      
01/25/2025 13:11:59:INFO:
[92mINFO [0m:      [RUN 0, ROUND ]
01/25/2025 13:11:59:INFO:[RUN 0, ROUND ]
[92mINFO [0m:      Received: evaluate message 66b90b5f-2ccb-4e97-be49-331fddf3d573
01/25/2025 13:11:59:INFO:Received: evaluate message 66b90b5f-2ccb-4e97-be49-331fddf3d573

{'loss': [139.12693309783936, 135.40182995796204, 139.0492503643036, 142.52246284484863, 145.00881147384644, 144.6510534286499, 142.1897088289261, 139.19078695774078, 136.70186471939087, 134.16403341293335, 131.739138007164, 130.02714097499847, 128.6464272737503, 127.55684292316437, 126.86744141578674, 126.24823772907257, 124.94857597351074, 124.08486247062683, 123.207768201828, 122.05008041858673, 121.6694188117981, 121.33124673366547], 'accuracy': [0.3387031816351188, 0.3415223519935562, 0.3419250906161901, 0.34393878372935965, 0.34716069271043093, 0.3572291582762787, 0.3697140555779299, 0.3882400322190898, 0.4067660088602497, 0.4200563834071687, 0.4373741441804269, 0.44663713250100684, 0.4607329842931937, 0.4699959726137737, 0.4804671768022553, 0.482078131292791, 0.4877164720096657, 0.49577124446234394, 0.5038260169150222, 0.5062424486508256, 0.5062424486508256, 0.5114780507450665], 'auc': [0.5631660182753704, 0.6086695182475873, 0.6300484106619781, 0.6415894149319016, 0.64854954862581, 0.6539104619049125, 0.6602397705139288, 0.6654791286558848, 0.6701104819803649, 0.6739681561629256, 0.6786234669931949, 0.6827833928894574, 0.6860932617371962, 0.6894644759560826, 0.6920249573712367, 0.6950270218215381, 0.697933862799217, 0.7008936025777549, 0.7034923035680389, 0.7072203274599468, 0.7092560302164244, 0.7112580726527213]}

Epsilon = 1.91

{'loss': [139.12693309783936, 135.40182995796204, 139.0492503643036, 142.52246284484863, 145.00881147384644, 144.6510534286499, 142.1897088289261, 139.19078695774078, 136.70186471939087, 134.16403341293335, 131.739138007164, 130.02714097499847, 128.6464272737503, 127.55684292316437, 126.86744141578674, 126.24823772907257, 124.94857597351074, 124.08486247062683, 123.207768201828, 122.05008041858673, 121.6694188117981, 121.33124673366547, 120.72158014774323], 'accuracy': [0.3387031816351188, 0.3415223519935562, 0.3419250906161901, 0.34393878372935965, 0.34716069271043093, 0.3572291582762787, 0.3697140555779299, 0.3882400322190898, 0.4067660088602497, 0.4200563834071687, 0.4373741441804269, 0.44663713250100684, 0.4607329842931937, 0.4699959726137737, 0.4804671768022553, 0.482078131292791, 0.4877164720096657, 0.49577124446234394, 0.5038260169150222, 0.5062424486508256, 0.5062424486508256, 0.5114780507450665, 0.5171163914619412], 'auc': [0.5631660182753704, 0.6086695182475873, 0.6300484106619781, 0.6415894149319016, 0.64854954862581, 0.6539104619049125, 0.6602397705139288, 0.6654791286558848, 0.6701104819803649, 0.6739681561629256, 0.6786234669931949, 0.6827833928894574, 0.6860932617371962, 0.6894644759560826, 0.6920249573712367, 0.6950270218215381, 0.697933862799217, 0.7008936025777549, 0.7034923035680389, 0.7072203274599468, 0.7092560302164244, 0.7112580726527213, 0.71359816951965]}

Epsilon = 1.95

{'loss': [139.12693309783936, 135.40182995796204, 139.0492503643036, 142.52246284484863, 145.00881147384644, 144.6510534286499, 142.1897088289261, 139.19078695774078, 136.70186471939087, 134.16403341293335, 131.739138007164, 130.02714097499847, 128.6464272737503, 127.55684292316437, 126.86744141578674, 126.24823772907257, 124.94857597351074, 124.08486247062683, 123.207768201828, 122.05008041858673, 121.6694188117981, 121.33124673366547, 120.72158014774323, 120.26306927204132], 'accuracy': [0.3387031816351188, 0.3415223519935562, 0.3419250906161901, 0.34393878372935965, 0.34716069271043093, 0.3572291582762787, 0.3697140555779299, 0.3882400322190898, 0.4067660088602497, 0.4200563834071687, 0.4373741441804269, 0.44663713250100684, 0.4607329842931937, 0.4699959726137737, 0.4804671768022553, 0.482078131292791, 0.4877164720096657, 0.49577124446234394, 0.5038260169150222, 0.5062424486508256, 0.5062424486508256, 0.5114780507450665, 0.5171163914619412, 0.518324607329843], 'auc': [0.5631660182753704, 0.6086695182475873, 0.6300484106619781, 0.6415894149319016, 0.64854954862581, 0.6539104619049125, 0.6602397705139288, 0.6654791286558848, 0.6701104819803649, 0.6739681561629256, 0.6786234669931949, 0.6827833928894574, 0.6860932617371962, 0.6894644759560826, 0.6920249573712367, 0.6950270218215381, 0.697933862799217, 0.7008936025777549, 0.7034923035680389, 0.7072203274599468, 0.7092560302164244, 0.7112580726527213, 0.71359816951965, 0.7159418784747815]}

Epsilon = 2.00

{'loss': [139.12693309783936, 135.40182995796204, 139.0492503643036, 142.52246284484863, 145.00881147384644, 144.6510534286499, 142.1897088289261, 139.19078695774078, 136.70186471939087, 134.16403341293335, 131.739138007164, 130.02714097499847, 128.6464272737503, 127.55684292316437, 126.86744141578674, 126.24823772907257, 124.94857597351074, 124.08486247062683, 123.207768201828, 122.05008041858673, 121.6694188117981, 121.33124673366547, 120.72158014774323, 120.26306927204132, 119.93263113498688], 'accuracy': [0.3387031816351188, 0.3415223519935562, 0.3419250906161901, 0.34393878372935965, 0.34716069271043093, 0.3572291582762787, 0.3697140555779299, 0.3882400322190898, 0.4067660088602497, 0.4200563834071687, 0.4373741441804269, 0.44663713250100684, 0.4607329842931937, 0.4699959726137737, 0.4804671768022553, 0.482078131292791, 0.4877164720096657, 0.49577124446234394, 0.5038260169150222, 0.5062424486508256, 0.5062424486508256, 0.5114780507450665, 0.5171163914619412, 0.518324607329843, 0.5187273459524768], 'auc': [0.5631660182753704, 0.6086695182475873, 0.6300484106619781, 0.6415894149319016, 0.64854954862581, 0.6539104619049125, 0.6602397705139288, 0.6654791286558848, 0.6701104819803649, 0.6739681561629256, 0.6786234669931949, 0.6827833928894574, 0.6860932617371962, 0.6894644759560826, 0.6920249573712367, 0.6950270218215381, 0.697933862799217, 0.7008936025777549, 0.7034923035680389, 0.7072203274599468, 0.7092560302164244, 0.7112580726527213, 0.71359816951965, 0.7159418784747815, 0.7183221983585347]}

Epsilon = 2.04

{'loss': [139.12693309783936, 135.40182995796204, 139.0492503643036, 142.52246284484863, 145.00881147384644, 144.6510534286499, 142.1897088289261, 139.19078695774078, 136.70186471939087, 134.16403341293335, 131.739138007164, 130.02714097499847, 128.6464272737503, 127.55684292316437, 126.86744141578674, 126.24823772907257, 124.94857597351074, 124.08486247062683, 123.207768201828, 122.05008041858673, 121.6694188117981, 121.33124673366547, 120.72158014774323, 120.26306927204132, 119.93263113498688, 119.26144564151764], 'accuracy': [0.3387031816351188, 0.3415223519935562, 0.3419250906161901, 0.34393878372935965, 0.34716069271043093, 0.3572291582762787, 0.3697140555779299, 0.3882400322190898, 0.4067660088602497, 0.4200563834071687, 0.4373741441804269, 0.44663713250100684, 0.4607329842931937, 0.4699959726137737, 0.4804671768022553, 0.482078131292791, 0.4877164720096657, 0.49577124446234394, 0.5038260169150222, 0.5062424486508256, 0.5062424486508256, 0.5114780507450665, 0.5171163914619412, 0.518324607329843, 0.5187273459524768, 0.5239629480467177], 'auc': [0.5631660182753704, 0.6086695182475873, 0.6300484106619781, 0.6415894149319016, 0.64854954862581, 0.6539104619049125, 0.6602397705139288, 0.6654791286558848, 0.6701104819803649, 0.6739681561629256, 0.6786234669931949, 0.6827833928894574, 0.6860932617371962, 0.6894644759560826, 0.6920249573712367, 0.6950270218215381, 0.697933862799217, 0.7008936025777549, 0.7034923035680389, 0.7072203274599468, 0.7092560302164244, 0.7112580726527213, 0.71359816951965, 0.7159418784747815, 0.7183221983585347, 0.7209137491913796]}

Epsilon = 2.08
[92mINFO [0m:      Sent reply
01/25/2025 13:15:43:INFO:Sent reply
[92mINFO [0m:      
01/25/2025 13:16:34:INFO:
[92mINFO [0m:      [RUN 0, ROUND ]
01/25/2025 13:16:34:INFO:[RUN 0, ROUND ]
[92mINFO [0m:      Received: train message c29501e1-7ffb-4f64-af33-45be8e7f2481
01/25/2025 13:16:34:INFO:Received: train message c29501e1-7ffb-4f64-af33-45be8e7f2481
/home/dgxuser16/.local/lib/python3.8/site-packages/torch/nn/modules/module.py:1359: UserWarning: Using a non-full backward hook when the forward contains multiple autograd Nodes is deprecated and will be removed in future versions. This hook will be missing some grad_input. Please use register_full_backward_hook to get the documented behavior.
  warnings.warn("Using a non-full backward hook when the forward contains multiple autograd Nodes "
[92mINFO [0m:      Sent reply
01/25/2025 13:35:56:INFO:Sent reply
[92mINFO [0m:      
01/25/2025 13:36:19:INFO:
[92mINFO [0m:      [RUN 0, ROUND ]
01/25/2025 13:36:19:INFO:[RUN 0, ROUND ]
[92mINFO [0m:      Received: evaluate message 439537be-b354-4f86-9b33-4173de40cad0
01/25/2025 13:36:19:INFO:Received: evaluate message 439537be-b354-4f86-9b33-4173de40cad0
[92mINFO [0m:      Sent reply
01/25/2025 13:40:30:INFO:Sent reply
[92mINFO [0m:      
01/25/2025 13:41:00:INFO:
[92mINFO [0m:      [RUN 0, ROUND ]
01/25/2025 13:41:00:INFO:[RUN 0, ROUND ]
[92mINFO [0m:      Received: train message b43ae253-3e88-455d-b293-72bd11286fd7
01/25/2025 13:41:00:INFO:Received: train message b43ae253-3e88-455d-b293-72bd11286fd7
/home/dgxuser16/.local/lib/python3.8/site-packages/torch/nn/modules/module.py:1359: UserWarning: Using a non-full backward hook when the forward contains multiple autograd Nodes is deprecated and will be removed in future versions. This hook will be missing some grad_input. Please use register_full_backward_hook to get the documented behavior.
  warnings.warn("Using a non-full backward hook when the forward contains multiple autograd Nodes "
[92mINFO [0m:      Sent reply
01/25/2025 13:59:38:INFO:Sent reply
[92mINFO [0m:      
01/25/2025 14:00:12:INFO:
[92mINFO [0m:      [RUN 0, ROUND ]
01/25/2025 14:00:12:INFO:[RUN 0, ROUND ]
[92mINFO [0m:      Received: evaluate message e893eb09-fd04-442b-8371-ba01551bcc72
01/25/2025 14:00:12:INFO:Received: evaluate message e893eb09-fd04-442b-8371-ba01551bcc72
[92mINFO [0m:      Sent reply
01/25/2025 14:04:15:INFO:Sent reply
[92mINFO [0m:      
01/25/2025 14:04:33:INFO:
[92mINFO [0m:      [RUN 0, ROUND ]
01/25/2025 14:04:33:INFO:[RUN 0, ROUND ]
[92mINFO [0m:      Received: train message 2e5dd049-2238-46a8-9bd7-1cb783a3c485
01/25/2025 14:04:33:INFO:Received: train message 2e5dd049-2238-46a8-9bd7-1cb783a3c485
/home/dgxuser16/.local/lib/python3.8/site-packages/torch/nn/modules/module.py:1359: UserWarning: Using a non-full backward hook when the forward contains multiple autograd Nodes is deprecated and will be removed in future versions. This hook will be missing some grad_input. Please use register_full_backward_hook to get the documented behavior.
  warnings.warn("Using a non-full backward hook when the forward contains multiple autograd Nodes "
[92mINFO [0m:      Sent reply
01/25/2025 14:23:25:INFO:Sent reply
[92mINFO [0m:      
01/25/2025 14:23:54:INFO:
[92mINFO [0m:      [RUN 0, ROUND ]
01/25/2025 14:23:54:INFO:[RUN 0, ROUND ]
[92mINFO [0m:      Received: evaluate message c71d7f1f-bd34-4462-98e0-5bedd7b65262
01/25/2025 14:23:54:INFO:Received: evaluate message c71d7f1f-bd34-4462-98e0-5bedd7b65262
[92mINFO [0m:      Sent reply
01/25/2025 14:27:57:INFO:Sent reply
[92mINFO [0m:      
01/25/2025 14:27:58:INFO:
[92mINFO [0m:      [RUN 0, ROUND ]
01/25/2025 14:27:58:INFO:[RUN 0, ROUND ]
[92mINFO [0m:      Received: reconnect message c4891d4c-6436-4c01-80a0-7a75675413ec
01/25/2025 14:27:58:INFO:Received: reconnect message c4891d4c-6436-4c01-80a0-7a75675413ec
01/25/2025 14:27:58:DEBUG:gRPC channel closed
[92mINFO [0m:      Disconnect and shut down
01/25/2025 14:27:58:INFO:Disconnect and shut down

{'loss': [139.12693309783936, 135.40182995796204, 139.0492503643036, 142.52246284484863, 145.00881147384644, 144.6510534286499, 142.1897088289261, 139.19078695774078, 136.70186471939087, 134.16403341293335, 131.739138007164, 130.02714097499847, 128.6464272737503, 127.55684292316437, 126.86744141578674, 126.24823772907257, 124.94857597351074, 124.08486247062683, 123.207768201828, 122.05008041858673, 121.6694188117981, 121.33124673366547, 120.72158014774323, 120.26306927204132, 119.93263113498688, 119.26144564151764, 118.97993588447571], 'accuracy': [0.3387031816351188, 0.3415223519935562, 0.3419250906161901, 0.34393878372935965, 0.34716069271043093, 0.3572291582762787, 0.3697140555779299, 0.3882400322190898, 0.4067660088602497, 0.4200563834071687, 0.4373741441804269, 0.44663713250100684, 0.4607329842931937, 0.4699959726137737, 0.4804671768022553, 0.482078131292791, 0.4877164720096657, 0.49577124446234394, 0.5038260169150222, 0.5062424486508256, 0.5062424486508256, 0.5114780507450665, 0.5171163914619412, 0.518324607329843, 0.5187273459524768, 0.5239629480467177, 0.5287958115183246], 'auc': [0.5631660182753704, 0.6086695182475873, 0.6300484106619781, 0.6415894149319016, 0.64854954862581, 0.6539104619049125, 0.6602397705139288, 0.6654791286558848, 0.6701104819803649, 0.6739681561629256, 0.6786234669931949, 0.6827833928894574, 0.6860932617371962, 0.6894644759560826, 0.6920249573712367, 0.6950270218215381, 0.697933862799217, 0.7008936025777549, 0.7034923035680389, 0.7072203274599468, 0.7092560302164244, 0.7112580726527213, 0.71359816951965, 0.7159418784747815, 0.7183221983585347, 0.7209137491913796, 0.722928753036008]}

Epsilon = 2.13

{'loss': [139.12693309783936, 135.40182995796204, 139.0492503643036, 142.52246284484863, 145.00881147384644, 144.6510534286499, 142.1897088289261, 139.19078695774078, 136.70186471939087, 134.16403341293335, 131.739138007164, 130.02714097499847, 128.6464272737503, 127.55684292316437, 126.86744141578674, 126.24823772907257, 124.94857597351074, 124.08486247062683, 123.207768201828, 122.05008041858673, 121.6694188117981, 121.33124673366547, 120.72158014774323, 120.26306927204132, 119.93263113498688, 119.26144564151764, 118.97993588447571, 119.05253469944], 'accuracy': [0.3387031816351188, 0.3415223519935562, 0.3419250906161901, 0.34393878372935965, 0.34716069271043093, 0.3572291582762787, 0.3697140555779299, 0.3882400322190898, 0.4067660088602497, 0.4200563834071687, 0.4373741441804269, 0.44663713250100684, 0.4607329842931937, 0.4699959726137737, 0.4804671768022553, 0.482078131292791, 0.4877164720096657, 0.49577124446234394, 0.5038260169150222, 0.5062424486508256, 0.5062424486508256, 0.5114780507450665, 0.5171163914619412, 0.518324607329843, 0.5187273459524768, 0.5239629480467177, 0.5287958115183246, 0.5308095046314941], 'auc': [0.5631660182753704, 0.6086695182475873, 0.6300484106619781, 0.6415894149319016, 0.64854954862581, 0.6539104619049125, 0.6602397705139288, 0.6654791286558848, 0.6701104819803649, 0.6739681561629256, 0.6786234669931949, 0.6827833928894574, 0.6860932617371962, 0.6894644759560826, 0.6920249573712367, 0.6950270218215381, 0.697933862799217, 0.7008936025777549, 0.7034923035680389, 0.7072203274599468, 0.7092560302164244, 0.7112580726527213, 0.71359816951965, 0.7159418784747815, 0.7183221983585347, 0.7209137491913796, 0.722928753036008, 0.724791152788643]}

Epsilon = 2.17

{'loss': [139.12693309783936, 135.40182995796204, 139.0492503643036, 142.52246284484863, 145.00881147384644, 144.6510534286499, 142.1897088289261, 139.19078695774078, 136.70186471939087, 134.16403341293335, 131.739138007164, 130.02714097499847, 128.6464272737503, 127.55684292316437, 126.86744141578674, 126.24823772907257, 124.94857597351074, 124.08486247062683, 123.207768201828, 122.05008041858673, 121.6694188117981, 121.33124673366547, 120.72158014774323, 120.26306927204132, 119.93263113498688, 119.26144564151764, 118.97993588447571, 119.05253469944, 118.90968644618988], 'accuracy': [0.3387031816351188, 0.3415223519935562, 0.3419250906161901, 0.34393878372935965, 0.34716069271043093, 0.3572291582762787, 0.3697140555779299, 0.3882400322190898, 0.4067660088602497, 0.4200563834071687, 0.4373741441804269, 0.44663713250100684, 0.4607329842931937, 0.4699959726137737, 0.4804671768022553, 0.482078131292791, 0.4877164720096657, 0.49577124446234394, 0.5038260169150222, 0.5062424486508256, 0.5062424486508256, 0.5114780507450665, 0.5171163914619412, 0.518324607329843, 0.5187273459524768, 0.5239629480467177, 0.5287958115183246, 0.5308095046314941, 0.5340314136125655], 'auc': [0.5631660182753704, 0.6086695182475873, 0.6300484106619781, 0.6415894149319016, 0.64854954862581, 0.6539104619049125, 0.6602397705139288, 0.6654791286558848, 0.6701104819803649, 0.6739681561629256, 0.6786234669931949, 0.6827833928894574, 0.6860932617371962, 0.6894644759560826, 0.6920249573712367, 0.6950270218215381, 0.697933862799217, 0.7008936025777549, 0.7034923035680389, 0.7072203274599468, 0.7092560302164244, 0.7112580726527213, 0.71359816951965, 0.7159418784747815, 0.7183221983585347, 0.7209137491913796, 0.722928753036008, 0.724791152788643, 0.7265428716351298]}

Epsilon = 2.21

{'loss': [139.12693309783936, 135.40182995796204, 139.0492503643036, 142.52246284484863, 145.00881147384644, 144.6510534286499, 142.1897088289261, 139.19078695774078, 136.70186471939087, 134.16403341293335, 131.739138007164, 130.02714097499847, 128.6464272737503, 127.55684292316437, 126.86744141578674, 126.24823772907257, 124.94857597351074, 124.08486247062683, 123.207768201828, 122.05008041858673, 121.6694188117981, 121.33124673366547, 120.72158014774323, 120.26306927204132, 119.93263113498688, 119.26144564151764, 118.97993588447571, 119.05253469944, 118.90968644618988, 118.91769564151764], 'accuracy': [0.3387031816351188, 0.3415223519935562, 0.3419250906161901, 0.34393878372935965, 0.34716069271043093, 0.3572291582762787, 0.3697140555779299, 0.3882400322190898, 0.4067660088602497, 0.4200563834071687, 0.4373741441804269, 0.44663713250100684, 0.4607329842931937, 0.4699959726137737, 0.4804671768022553, 0.482078131292791, 0.4877164720096657, 0.49577124446234394, 0.5038260169150222, 0.5062424486508256, 0.5062424486508256, 0.5114780507450665, 0.5171163914619412, 0.518324607329843, 0.5187273459524768, 0.5239629480467177, 0.5287958115183246, 0.5308095046314941, 0.5340314136125655, 0.5344341522351993], 'auc': [0.5631660182753704, 0.6086695182475873, 0.6300484106619781, 0.6415894149319016, 0.64854954862581, 0.6539104619049125, 0.6602397705139288, 0.6654791286558848, 0.6701104819803649, 0.6739681561629256, 0.6786234669931949, 0.6827833928894574, 0.6860932617371962, 0.6894644759560826, 0.6920249573712367, 0.6950270218215381, 0.697933862799217, 0.7008936025777549, 0.7034923035680389, 0.7072203274599468, 0.7092560302164244, 0.7112580726527213, 0.71359816951965, 0.7159418784747815, 0.7183221983585347, 0.7209137491913796, 0.722928753036008, 0.724791152788643, 0.7265428716351298, 0.7276026585532738]}



{'loss': [139.12693309783936, 135.40182995796204, 139.0492503643036, 142.52246284484863, 145.00881147384644, 144.6510534286499, 142.1897088289261, 139.19078695774078, 136.70186471939087, 134.16403341293335, 131.739138007164, 130.02714097499847, 128.6464272737503, 127.55684292316437, 126.86744141578674, 126.24823772907257, 124.94857597351074, 124.08486247062683, 123.207768201828, 122.05008041858673, 121.6694188117981, 121.33124673366547, 120.72158014774323, 120.26306927204132, 119.93263113498688, 119.26144564151764, 118.97993588447571, 119.05253469944, 118.90968644618988, 118.91769564151764], 'accuracy': [0.3387031816351188, 0.3415223519935562, 0.3419250906161901, 0.34393878372935965, 0.34716069271043093, 0.3572291582762787, 0.3697140555779299, 0.3882400322190898, 0.4067660088602497, 0.4200563834071687, 0.4373741441804269, 0.44663713250100684, 0.4607329842931937, 0.4699959726137737, 0.4804671768022553, 0.482078131292791, 0.4877164720096657, 0.49577124446234394, 0.5038260169150222, 0.5062424486508256, 0.5062424486508256, 0.5114780507450665, 0.5171163914619412, 0.518324607329843, 0.5187273459524768, 0.5239629480467177, 0.5287958115183246, 0.5308095046314941, 0.5340314136125655, 0.5344341522351993], 'auc': [0.5631660182753704, 0.6086695182475873, 0.6300484106619781, 0.6415894149319016, 0.64854954862581, 0.6539104619049125, 0.6602397705139288, 0.6654791286558848, 0.6701104819803649, 0.6739681561629256, 0.6786234669931949, 0.6827833928894574, 0.6860932617371962, 0.6894644759560826, 0.6920249573712367, 0.6950270218215381, 0.697933862799217, 0.7008936025777549, 0.7034923035680389, 0.7072203274599468, 0.7092560302164244, 0.7112580726527213, 0.71359816951965, 0.7159418784747815, 0.7183221983585347, 0.7209137491913796, 0.722928753036008, 0.724791152788643, 0.7265428716351298, 0.7276026585532738]}
