nohup: ignoring input
[92mINFO [0m:      
[92mINFO [0m:      [RUN 0, ROUND ]
[92mINFO [0m:      Received: get_parameters message 97b43be6-9ecb-4c3a-b8bb-32fd04e93303
[93mWARNING [0m:   Deprecation Warning: The `client_fn` function must return an instance of `Client`, but an instance of `NumpyClient` was returned. Please use `NumPyClient.to_client()` method to convert it to `Client`.
[92mINFO [0m:      Sent reply
[92mINFO [0m:      
[92mINFO [0m:      [RUN 0, ROUND ]
[92mINFO [0m:      Received: train message 021b3b0b-44a7-4a01-83d8-ea8cb5023f42
[93mWARNING [0m:   Deprecation Warning: The `client_fn` function must return an instance of `Client`, but an instance of `NumpyClient` was returned. Please use `NumPyClient.to_client()` method to convert it to `Client`.
[92mINFO [0m:      Sent reply
[92mINFO [0m:      
[92mINFO [0m:      [RUN 0, ROUND ]
[92mINFO [0m:      Received: evaluate message 85b52a6d-074f-4530-ad01-903be496a3df
[93mWARNING [0m:   Deprecation Warning: The `client_fn` function must return an instance of `Client`, but an instance of `NumpyClient` was returned. Please use `NumPyClient.to_client()` method to convert it to `Client`.
[92mINFO [0m:      Sent reply
[92mINFO [0m:      
[92mINFO [0m:      [RUN 0, ROUND ]
[92mINFO [0m:      Received: train message b306b49f-52b2-4b87-9e11-76fa7fed0ca9
[93mWARNING [0m:   Deprecation Warning: The `client_fn` function must return an instance of `Client`, but an instance of `NumpyClient` was returned. Please use `NumPyClient.to_client()` method to convert it to `Client`.
[92mINFO [0m:      Sent reply
[92mINFO [0m:      
[92mINFO [0m:      [RUN 0, ROUND ]
[92mINFO [0m:      Received: evaluate message 413b7c56-bd65-4b5e-bb22-5b5ce2499f05
[93mWARNING [0m:   Deprecation Warning: The `client_fn` function must return an instance of `Client`, but an instance of `NumpyClient` was returned. Please use `NumPyClient.to_client()` method to convert it to `Client`.
[92mINFO [0m:      Sent reply
[92mINFO [0m:      
[92mINFO [0m:      [RUN 0, ROUND ]
[92mINFO [0m:      Received: train message 9e4089a7-44fb-4d4d-9ce6-68fbedd1d8a9
[93mWARNING [0m:   Deprecation Warning: The `client_fn` function must return an instance of `Client`, but an instance of `NumpyClient` was returned. Please use `NumPyClient.to_client()` method to convert it to `Client`.
[92mINFO [0m:      Sent reply
[92mINFO [0m:      
[92mINFO [0m:      [RUN 0, ROUND ]
[92mINFO [0m:      Received: evaluate message fc004dbe-1b24-40d2-a62d-c032708188da
[93mWARNING [0m:   Deprecation Warning: The `client_fn` function must return an instance of `Client`, but an instance of `NumpyClient` was returned. Please use `NumPyClient.to_client()` method to convert it to `Client`.
[92mINFO [0m:      Sent reply
[92mINFO [0m:      
[92mINFO [0m:      [RUN 0, ROUND ]
[92mINFO [0m:      Received: train message 8f06cc93-b98e-4329-a966-5b757892f5b9
[93mWARNING [0m:   Deprecation Warning: The `client_fn` function must return an instance of `Client`, but an instance of `NumpyClient` was returned. Please use `NumPyClient.to_client()` method to convert it to `Client`.
[92mINFO [0m:      Sent reply
[92mINFO [0m:      
[92mINFO [0m:      [RUN 0, ROUND ]
[92mINFO [0m:      Received: evaluate message d4bd65df-4ab0-4f8f-a4c3-066e1a19eee7
[93mWARNING [0m:   Deprecation Warning: The `client_fn` function must return an instance of `Client`, but an instance of `NumpyClient` was returned. Please use `NumPyClient.to_client()` method to convert it to `Client`.
[92mINFO [0m:      Sent reply
[92mINFO [0m:      
[92mINFO [0m:      [RUN 0, ROUND ]
[92mINFO [0m:      Received: train message 4dfcd1d7-32f1-402d-bddf-9c94bc545aff
[93mWARNING [0m:   Deprecation Warning: The `client_fn` function must return an instance of `Client`, but an instance of `NumpyClient` was returned. Please use `NumPyClient.to_client()` method to convert it to `Client`.
[92mINFO [0m:      Sent reply
[92mINFO [0m:      
[92mINFO [0m:      [RUN 0, ROUND ]
[92mINFO [0m:      Received: evaluate message ef15f69c-38e0-49a5-8bdb-6361aa41aaf8
[93mWARNING [0m:   Deprecation Warning: The `client_fn` function must return an instance of `Client`, but an instance of `NumpyClient` was returned. Please use `NumPyClient.to_client()` method to convert it to `Client`.
[92mINFO [0m:      Sent reply
[92mINFO [0m:      
[92mINFO [0m:      [RUN 0, ROUND ]
[92mINFO [0m:      Received: train message ed174654-2be9-4ca6-a55a-290e1e5ec835
[93mWARNING [0m:   Deprecation Warning: The `client_fn` function must return an instance of `Client`, but an instance of `NumpyClient` was returned. Please use `NumPyClient.to_client()` method to convert it to `Client`.
[92mINFO [0m:      Sent reply
[92mINFO [0m:      
[92mINFO [0m:      [RUN 0, ROUND ]
[92mINFO [0m:      Received: evaluate message fe67f0d5-6cf3-4572-be39-b68cfc803653
[93mWARNING [0m:   Deprecation Warning: The `client_fn` function must return an instance of `Client`, but an instance of `NumpyClient` was returned. Please use `NumPyClient.to_client()` method to convert it to `Client`.
[92mINFO [0m:      Sent reply
[92mINFO [0m:      
[92mINFO [0m:      [RUN 0, ROUND ]
[92mINFO [0m:      Received: train message a0873442-afd5-4538-ae42-03dfdb310bf6
[93mWARNING [0m:   Deprecation Warning: The `client_fn` function must return an instance of `Client`, but an instance of `NumpyClient` was returned. Please use `NumPyClient.to_client()` method to convert it to `Client`.
[92mINFO [0m:      Sent reply
[92mINFO [0m:      
[92mINFO [0m:      [RUN 0, ROUND ]
[92mINFO [0m:      Received: evaluate message a24f5350-11c6-44c4-a949-51c5df28ced0
[93mWARNING [0m:   Deprecation Warning: The `client_fn` function must return an instance of `Client`, but an instance of `NumpyClient` was returned. Please use `NumPyClient.to_client()` method to convert it to `Client`.
[92mINFO [0m:      Sent reply
[92mINFO [0m:      
[92mINFO [0m:      [RUN 0, ROUND ]
[92mINFO [0m:      Received: train message 6dd851c1-5014-444a-ba2c-fb586a09159e
[93mWARNING [0m:   Deprecation Warning: The `client_fn` function must return an instance of `Client`, but an instance of `NumpyClient` was returned. Please use `NumPyClient.to_client()` method to convert it to `Client`.
[92mINFO [0m:      Sent reply
[92mINFO [0m:      
[92mINFO [0m:      [RUN 0, ROUND ]
[92mINFO [0m:      Received: evaluate message 91cc494f-0d27-4a1d-875d-3bff03e75317
[93mWARNING [0m:   Deprecation Warning: The `client_fn` function must return an instance of `Client`, but an instance of `NumpyClient` was returned. Please use `NumPyClient.to_client()` method to convert it to `Client`.
[92mINFO [0m:      Sent reply
[92mINFO [0m:      
[92mINFO [0m:      [RUN 0, ROUND ]
[92mINFO [0m:      Received: train message 9c56b749-9581-42d0-a81c-50214267f68c
[93mWARNING [0m:   Deprecation Warning: The `client_fn` function must return an instance of `Client`, but an instance of `NumpyClient` was returned. Please use `NumPyClient.to_client()` method to convert it to `Client`.
[92mINFO [0m:      Sent reply
[92mINFO [0m:      
[92mINFO [0m:      [RUN 0, ROUND ]
[92mINFO [0m:      Received: evaluate message 32273b93-3ca7-4124-8991-57b2887c0d1f
[93mWARNING [0m:   Deprecation Warning: The `client_fn` function must return an instance of `Client`, but an instance of `NumpyClient` was returned. Please use `NumPyClient.to_client()` method to convert it to `Client`.
[92mINFO [0m:      Sent reply
[92mINFO [0m:      
[92mINFO [0m:      [RUN 0, ROUND ]
[92mINFO [0m:      Received: train message ccac323f-e989-4c2a-9961-9609bc2854a7
[93mWARNING [0m:   Deprecation Warning: The `client_fn` function must return an instance of `Client`, but an instance of `NumpyClient` was returned. Please use `NumPyClient.to_client()` method to convert it to `Client`.
[92mINFO [0m:      Sent reply
[92mINFO [0m:      
[92mINFO [0m:      [RUN 0, ROUND ]
[92mINFO [0m:      Received: evaluate message 0088a79b-d75e-4824-ab7e-44edfd09e30c
[93mWARNING [0m:   Deprecation Warning: The `client_fn` function must return an instance of `Client`, but an instance of `NumpyClient` was returned. Please use `NumPyClient.to_client()` method to convert it to `Client`.
[92mINFO [0m:      Sent reply
[92mINFO [0m:      
[92mINFO [0m:      [RUN 0, ROUND ]
[92mINFO [0m:      Received: train message 0104dbf7-92d4-4e19-8989-ca9bab231c4d
[93mWARNING [0m:   Deprecation Warning: The `client_fn` function must return an instance of `Client`, but an instance of `NumpyClient` was returned. Please use `NumPyClient.to_client()` method to convert it to `Client`.
[92mINFO [0m:      Sent reply
[92mINFO [0m:      
[92mINFO [0m:      [RUN 0, ROUND ]
[92mINFO [0m:      Received: evaluate message f3134391-4bc3-48ae-a5fa-001782130985
[93mWARNING [0m:   Deprecation Warning: The `client_fn` function must return an instance of `Client`, but an instance of `NumpyClient` was returned. Please use `NumPyClient.to_client()` method to convert it to `Client`.
[92mINFO [0m:      Sent reply
[92mINFO [0m:      
[92mINFO [0m:      [RUN 0, ROUND ]
[92mINFO [0m:      Received: train message f2d1c817-6e45-4cfd-b6fc-33a2bc3f5e30
[93mWARNING [0m:   Deprecation Warning: The `client_fn` function must return an instance of `Client`, but an instance of `NumpyClient` was returned. Please use `NumPyClient.to_client()` method to convert it to `Client`.
[92mINFO [0m:      Sent reply
[92mINFO [0m:      
[92mINFO [0m:      [RUN 0, ROUND ]
[92mINFO [0m:      Received: evaluate message d269fe88-f099-411e-88bc-5fb0b014171e
[93mWARNING [0m:   Deprecation Warning: The `client_fn` function must return an instance of `Client`, but an instance of `NumpyClient` was returned. Please use `NumPyClient.to_client()` method to convert it to `Client`.
[92mINFO [0m:      Sent reply
[92mINFO [0m:      
[92mINFO [0m:      [RUN 0, ROUND ]
[92mINFO [0m:      Received: train message a007adb0-9b4a-497c-91e8-f1557620bf94
[93mWARNING [0m:   Deprecation Warning: The `client_fn` function must return an instance of `Client`, but an instance of `NumpyClient` was returned. Please use `NumPyClient.to_client()` method to convert it to `Client`.
[92mINFO [0m:      Sent reply
[92mINFO [0m:      
[92mINFO [0m:      [RUN 0, ROUND ]
[92mINFO [0m:      Received: evaluate message 00adcda0-c737-4cf4-92b0-c1ed23bef5d5
[93mWARNING [0m:   Deprecation Warning: The `client_fn` function must return an instance of `Client`, but an instance of `NumpyClient` was returned. Please use `NumPyClient.to_client()` method to convert it to `Client`.
[92mINFO [0m:      Sent reply
[92mINFO [0m:      
[92mINFO [0m:      [RUN 0, ROUND ]
[92mINFO [0m:      Received: train message 821cd7d2-2cd2-421d-8dc7-5b79ed73d90e
[93mWARNING [0m:   Deprecation Warning: The `client_fn` function must return an instance of `Client`, but an instance of `NumpyClient` was returned. Please use `NumPyClient.to_client()` method to convert it to `Client`.
[92mINFO [0m:      Sent reply
[92mINFO [0m:      
[92mINFO [0m:      [RUN 0, ROUND ]
[92mINFO [0m:      Received: evaluate message 928ed62a-bd95-4bde-9128-a4ce904675b3
[93mWARNING [0m:   Deprecation Warning: The `client_fn` function must return an instance of `Client`, but an instance of `NumpyClient` was returned. Please use `NumPyClient.to_client()` method to convert it to `Client`.
[92mINFO [0m:      Sent reply
[92mINFO [0m:      
[92mINFO [0m:      [RUN 0, ROUND ]
[92mINFO [0m:      Received: train message 97898856-251f-4c1f-bde4-583115807bf6
[93mWARNING [0m:   Deprecation Warning: The `client_fn` function must return an instance of `Client`, but an instance of `NumpyClient` was returned. Please use `NumPyClient.to_client()` method to convert it to `Client`.
[92mINFO [0m:      Sent reply
[92mINFO [0m:      
[92mINFO [0m:      [RUN 0, ROUND ]
[92mINFO [0m:      Received: evaluate message 10cdd88f-0b3c-4c6a-91cd-b347c2bcd87a
[93mWARNING [0m:   Deprecation Warning: The `client_fn` function must return an instance of `Client`, but an instance of `NumpyClient` was returned. Please use `NumPyClient.to_client()` method to convert it to `Client`.
[92mINFO [0m:      Sent reply
[92mINFO [0m:      
[92mINFO [0m:      [RUN 0, ROUND ]
[92mINFO [0m:      Received: train message b7034217-58c3-47de-b21f-54422ada34b5
[93mWARNING [0m:   Deprecation Warning: The `client_fn` function must return an instance of `Client`, but an instance of `NumpyClient` was returned. Please use `NumPyClient.to_client()` method to convert it to `Client`.
[92mINFO [0m:      Sent reply
[92mINFO [0m:      
[92mINFO [0m:      [RUN 0, ROUND ]
[92mINFO [0m:      Received: evaluate message bd0f6561-b474-436f-aedc-2159bf9c379b
[93mWARNING [0m:   Deprecation Warning: The `client_fn` function must return an instance of `Client`, but an instance of `NumpyClient` was returned. Please use `NumPyClient.to_client()` method to convert it to `Client`.
Error importing huggingface_hub.hf_api: No module named 'tqdm'
Error importing huggingface_hub.hf_api: No module named 'tqdm'

{'loss': [81.01025360822678], 'accuracy': [0.5011727912431587], 'auc': [0.7141092737191796]}


{'loss': [81.01025360822678, 76.98207432031631], 'accuracy': [0.5011727912431587, 0.5129007036747459], 'auc': [0.7141092737191796, 0.7302813149668326]}


{'loss': [81.01025360822678, 76.98207432031631, 76.37167671322823], 'accuracy': [0.5011727912431587, 0.5129007036747459, 0.5160281469898358], 'auc': [0.7141092737191796, 0.7302813149668326, 0.739085735880689]}


{'loss': [81.01025360822678, 76.98207432031631, 76.37167671322823, 76.52770398557186], 'accuracy': [0.5011727912431587, 0.5129007036747459, 0.5160281469898358, 0.5175918686473807], 'auc': [0.7141092737191796, 0.7302813149668326, 0.739085735880689, 0.7454423372729269]}


{'loss': [81.01025360822678, 76.98207432031631, 76.37167671322823, 76.52770398557186, 76.1386670768261], 'accuracy': [0.5011727912431587, 0.5129007036747459, 0.5160281469898358, 0.5175918686473807, 0.5191555903049258], 'auc': [0.7141092737191796, 0.7302813149668326, 0.739085735880689, 0.7454423372729269, 0.7499603662725436]}


{'loss': [81.01025360822678, 76.98207432031631, 76.37167671322823, 76.52770398557186, 76.1386670768261, 74.79226587712765], 'accuracy': [0.5011727912431587, 0.5129007036747459, 0.5160281469898358, 0.5175918686473807, 0.5191555903049258, 0.5293197810789679], 'auc': [0.7141092737191796, 0.7302813149668326, 0.739085735880689, 0.7454423372729269, 0.7499603662725436, 0.7550276919143453]}


{'loss': [81.01025360822678, 76.98207432031631, 76.37167671322823, 76.52770398557186, 76.1386670768261, 74.79226587712765, 74.77017091214657], 'accuracy': [0.5011727912431587, 0.5129007036747459, 0.5160281469898358, 0.5175918686473807, 0.5191555903049258, 0.5293197810789679, 0.524628616106333], 'auc': [0.7141092737191796, 0.7302813149668326, 0.739085735880689, 0.7454423372729269, 0.7499603662725436, 0.7550276919143453, 0.7582943869898635]}


{'loss': [81.01025360822678, 76.98207432031631, 76.37167671322823, 76.52770398557186, 76.1386670768261, 74.79226587712765, 74.77017091214657, 74.8192824870348], 'accuracy': [0.5011727912431587, 0.5129007036747459, 0.5160281469898358, 0.5175918686473807, 0.5191555903049258, 0.5293197810789679, 0.524628616106333, 0.5285379202501954], 'auc': [0.7141092737191796, 0.7302813149668326, 0.739085735880689, 0.7454423372729269, 0.7499603662725436, 0.7550276919143453, 0.7582943869898635, 0.7613758211156365]}


{'loss': [81.01025360822678, 76.98207432031631, 76.37167671322823, 76.52770398557186, 76.1386670768261, 74.79226587712765, 74.77017091214657, 74.8192824870348, 74.792026668787], 'accuracy': [0.5011727912431587, 0.5129007036747459, 0.5160281469898358, 0.5175918686473807, 0.5191555903049258, 0.5293197810789679, 0.524628616106333, 0.5285379202501954, 0.5285379202501954], 'auc': [0.7141092737191796, 0.7302813149668326, 0.739085735880689, 0.7454423372729269, 0.7499603662725436, 0.7550276919143453, 0.7582943869898635, 0.7613758211156365, 0.7644561037892958]}


{'loss': [81.01025360822678, 76.98207432031631, 76.37167671322823, 76.52770398557186, 76.1386670768261, 74.79226587712765, 74.77017091214657, 74.8192824870348, 74.792026668787, 74.1269882619381], 'accuracy': [0.5011727912431587, 0.5129007036747459, 0.5160281469898358, 0.5175918686473807, 0.5191555903049258, 0.5293197810789679, 0.524628616106333, 0.5285379202501954, 0.5285379202501954, 0.5324472243940579], 'auc': [0.7141092737191796, 0.7302813149668326, 0.739085735880689, 0.7454423372729269, 0.7499603662725436, 0.7550276919143453, 0.7582943869898635, 0.7613758211156365, 0.7644561037892958, 0.7670461514510916]}


{'loss': [81.01025360822678, 76.98207432031631, 76.37167671322823, 76.52770398557186, 76.1386670768261, 74.79226587712765, 74.77017091214657, 74.8192824870348, 74.792026668787, 74.1269882619381, 75.54595945775509], 'accuracy': [0.5011727912431587, 0.5129007036747459, 0.5160281469898358, 0.5175918686473807, 0.5191555903049258, 0.5293197810789679, 0.524628616106333, 0.5285379202501954, 0.5285379202501954, 0.5324472243940579, 0.5261923377638781], 'auc': [0.7141092737191796, 0.7302813149668326, 0.739085735880689, 0.7454423372729269, 0.7499603662725436, 0.7550276919143453, 0.7582943869898635, 0.7613758211156365, 0.7644561037892958, 0.7670461514510916, 0.7678363781109718]}


{'loss': [81.01025360822678, 76.98207432031631, 76.37167671322823, 76.52770398557186, 76.1386670768261, 74.79226587712765, 74.77017091214657, 74.8192824870348, 74.792026668787, 74.1269882619381, 75.54595945775509, 74.464301019907], 'accuracy': [0.5011727912431587, 0.5129007036747459, 0.5160281469898358, 0.5175918686473807, 0.5191555903049258, 0.5293197810789679, 0.524628616106333, 0.5285379202501954, 0.5285379202501954, 0.5324472243940579, 0.5261923377638781, 0.5340109460516028], 'auc': [0.7141092737191796, 0.7302813149668326, 0.739085735880689, 0.7454423372729269, 0.7499603662725436, 0.7550276919143453, 0.7582943869898635, 0.7613758211156365, 0.7644561037892958, 0.7670461514510916, 0.7678363781109718, 0.770304729465656]}


{'loss': [81.01025360822678, 76.98207432031631, 76.37167671322823, 76.52770398557186, 76.1386670768261, 74.79226587712765, 74.77017091214657, 74.8192824870348, 74.792026668787, 74.1269882619381, 75.54595945775509, 74.464301019907, 73.81967398524284], 'accuracy': [0.5011727912431587, 0.5129007036747459, 0.5160281469898358, 0.5175918686473807, 0.5191555903049258, 0.5293197810789679, 0.524628616106333, 0.5285379202501954, 0.5285379202501954, 0.5324472243940579, 0.5261923377638781, 0.5340109460516028, 0.5410476935105551], 'auc': [0.7141092737191796, 0.7302813149668326, 0.739085735880689, 0.7454423372729269, 0.7499603662725436, 0.7550276919143453, 0.7582943869898635, 0.7613758211156365, 0.7644561037892958, 0.7670461514510916, 0.7678363781109718, 0.770304729465656, 0.7725192234518886]}


{'loss': [81.01025360822678, 76.98207432031631, 76.37167671322823, 76.52770398557186, 76.1386670768261, 74.79226587712765, 74.77017091214657, 74.8192824870348, 74.792026668787, 74.1269882619381, 75.54595945775509, 74.464301019907, 73.81967398524284, 74.1833249181509], 'accuracy': [0.5011727912431587, 0.5129007036747459, 0.5160281469898358, 0.5175918686473807, 0.5191555903049258, 0.5293197810789679, 0.524628616106333, 0.5285379202501954, 0.5285379202501954, 0.5324472243940579, 0.5261923377638781, 0.5340109460516028, 0.5410476935105551, 0.5347928068803753], 'auc': [0.7141092737191796, 0.7302813149668326, 0.739085735880689, 0.7454423372729269, 0.7499603662725436, 0.7550276919143453, 0.7582943869898635, 0.7613758211156365, 0.7644561037892958, 0.7670461514510916, 0.7678363781109718, 0.770304729465656, 0.7725192234518886, 0.7734786042879104]}


{'loss': [81.01025360822678, 76.98207432031631, 76.37167671322823, 76.52770398557186, 76.1386670768261, 74.79226587712765, 74.77017091214657, 74.8192824870348, 74.792026668787, 74.1269882619381, 75.54595945775509, 74.464301019907, 73.81967398524284, 74.1833249181509, 72.82609578967094], 'accuracy': [0.5011727912431587, 0.5129007036747459, 0.5160281469898358, 0.5175918686473807, 0.5191555903049258, 0.5293197810789679, 0.524628616106333, 0.5285379202501954, 0.5285379202501954, 0.5324472243940579, 0.5261923377638781, 0.5340109460516028, 0.5410476935105551, 0.5347928068803753, 0.5410476935105551], 'auc': [0.7141092737191796, 0.7302813149668326, 0.739085735880689, 0.7454423372729269, 0.7499603662725436, 0.7550276919143453, 0.7582943869898635, 0.7613758211156365, 0.7644561037892958, 0.7670461514510916, 0.7678363781109718, 0.770304729465656, 0.7725192234518886, 0.7734786042879104, 0.7756675364025465]}

[92mINFO [0m:      Sent reply
[92mINFO [0m:      
[92mINFO [0m:      [RUN 0, ROUND ]
[92mINFO [0m:      Received: train message fde0f3fc-6961-462d-8572-2a2482325c6d
[93mWARNING [0m:   Deprecation Warning: The `client_fn` function must return an instance of `Client`, but an instance of `NumpyClient` was returned. Please use `NumPyClient.to_client()` method to convert it to `Client`.
[92mINFO [0m:      Sent reply
[92mINFO [0m:      
[92mINFO [0m:      [RUN 0, ROUND ]
[92mINFO [0m:      Received: evaluate message 806f6073-49de-43c2-8bdf-e74bafeb440f
[93mWARNING [0m:   Deprecation Warning: The `client_fn` function must return an instance of `Client`, but an instance of `NumpyClient` was returned. Please use `NumPyClient.to_client()` method to convert it to `Client`.
[92mINFO [0m:      Sent reply
[92mINFO [0m:      
[92mINFO [0m:      [RUN 0, ROUND ]
[92mINFO [0m:      Received: train message 3d8eb731-d36e-4066-bd02-6738589cb302
[93mWARNING [0m:   Deprecation Warning: The `client_fn` function must return an instance of `Client`, but an instance of `NumpyClient` was returned. Please use `NumPyClient.to_client()` method to convert it to `Client`.
[92mINFO [0m:      Sent reply
[92mINFO [0m:      
[92mINFO [0m:      [RUN 0, ROUND ]
[92mINFO [0m:      Received: evaluate message de8f98a2-ed81-4f65-8c5f-2cc07eb4729a
[93mWARNING [0m:   Deprecation Warning: The `client_fn` function must return an instance of `Client`, but an instance of `NumpyClient` was returned. Please use `NumPyClient.to_client()` method to convert it to `Client`.
[92mINFO [0m:      Sent reply
[92mINFO [0m:      
[92mINFO [0m:      [RUN 0, ROUND ]
[92mINFO [0m:      Received: train message 3ac42232-7c6f-4824-ac7f-48eafa6e33bd
[93mWARNING [0m:   Deprecation Warning: The `client_fn` function must return an instance of `Client`, but an instance of `NumpyClient` was returned. Please use `NumPyClient.to_client()` method to convert it to `Client`.
[92mINFO [0m:      Sent reply
[92mINFO [0m:      
[92mINFO [0m:      [RUN 0, ROUND ]
[92mINFO [0m:      Received: evaluate message f55e0dbc-e47b-4c4b-a265-e24782adfeae
[93mWARNING [0m:   Deprecation Warning: The `client_fn` function must return an instance of `Client`, but an instance of `NumpyClient` was returned. Please use `NumPyClient.to_client()` method to convert it to `Client`.
[92mINFO [0m:      Sent reply
[92mINFO [0m:      
[92mINFO [0m:      [RUN 0, ROUND ]
[92mINFO [0m:      Received: train message 3a5f3214-646b-41bc-970a-fe918abf5fd0
[93mWARNING [0m:   Deprecation Warning: The `client_fn` function must return an instance of `Client`, but an instance of `NumpyClient` was returned. Please use `NumPyClient.to_client()` method to convert it to `Client`.
[92mINFO [0m:      Sent reply
[92mINFO [0m:      
[92mINFO [0m:      [RUN 0, ROUND ]
[92mINFO [0m:      Received: evaluate message f8351f28-ddc8-43fa-b162-fa320cf44ff8
[93mWARNING [0m:   Deprecation Warning: The `client_fn` function must return an instance of `Client`, but an instance of `NumpyClient` was returned. Please use `NumPyClient.to_client()` method to convert it to `Client`.
[92mINFO [0m:      Sent reply
[92mINFO [0m:      
[92mINFO [0m:      [RUN 0, ROUND ]
[92mINFO [0m:      Received: train message 9327f699-1fee-4433-8c91-d1bbab47d2e2
[93mWARNING [0m:   Deprecation Warning: The `client_fn` function must return an instance of `Client`, but an instance of `NumpyClient` was returned. Please use `NumPyClient.to_client()` method to convert it to `Client`.
[92mINFO [0m:      Sent reply
[92mINFO [0m:      
[92mINFO [0m:      [RUN 0, ROUND ]
[92mINFO [0m:      Received: evaluate message 4c33c184-ff38-494a-85dc-fbc41d682e30
[93mWARNING [0m:   Deprecation Warning: The `client_fn` function must return an instance of `Client`, but an instance of `NumpyClient` was returned. Please use `NumPyClient.to_client()` method to convert it to `Client`.
[92mINFO [0m:      Sent reply
[92mINFO [0m:      
[92mINFO [0m:      [RUN 0, ROUND ]
[92mINFO [0m:      Received: train message 68776aff-ca70-4a33-a3a8-e5e22d580288
[93mWARNING [0m:   Deprecation Warning: The `client_fn` function must return an instance of `Client`, but an instance of `NumpyClient` was returned. Please use `NumPyClient.to_client()` method to convert it to `Client`.
[92mINFO [0m:      Sent reply
[92mINFO [0m:      
[92mINFO [0m:      [RUN 0, ROUND ]
[92mINFO [0m:      Received: evaluate message d6745f95-29f9-4cdf-a9ae-6febf6d259a1
[93mWARNING [0m:   Deprecation Warning: The `client_fn` function must return an instance of `Client`, but an instance of `NumpyClient` was returned. Please use `NumPyClient.to_client()` method to convert it to `Client`.
[92mINFO [0m:      Sent reply
[92mINFO [0m:      
[92mINFO [0m:      [RUN 0, ROUND ]
[92mINFO [0m:      Received: train message a47c6e0c-c4ad-431c-97c1-efee1794ce5f
[93mWARNING [0m:   Deprecation Warning: The `client_fn` function must return an instance of `Client`, but an instance of `NumpyClient` was returned. Please use `NumPyClient.to_client()` method to convert it to `Client`.
[92mINFO [0m:      Sent reply
[92mINFO [0m:      
[92mINFO [0m:      [RUN 0, ROUND ]
[92mINFO [0m:      Received: evaluate message b9d24c6b-449c-4812-a969-eb49a2439e52
[93mWARNING [0m:   Deprecation Warning: The `client_fn` function must return an instance of `Client`, but an instance of `NumpyClient` was returned. Please use `NumPyClient.to_client()` method to convert it to `Client`.

{'loss': [81.01025360822678, 76.98207432031631, 76.37167671322823, 76.52770398557186, 76.1386670768261, 74.79226587712765, 74.77017091214657, 74.8192824870348, 74.792026668787, 74.1269882619381, 75.54595945775509, 74.464301019907, 73.81967398524284, 74.1833249181509, 72.82609578967094, 73.45827443897724], 'accuracy': [0.5011727912431587, 0.5129007036747459, 0.5160281469898358, 0.5175918686473807, 0.5191555903049258, 0.5293197810789679, 0.524628616106333, 0.5285379202501954, 0.5285379202501954, 0.5324472243940579, 0.5261923377638781, 0.5340109460516028, 0.5410476935105551, 0.5347928068803753, 0.5410476935105551, 0.5433932759968726], 'auc': [0.7141092737191796, 0.7302813149668326, 0.739085735880689, 0.7454423372729269, 0.7499603662725436, 0.7550276919143453, 0.7582943869898635, 0.7613758211156365, 0.7644561037892958, 0.7670461514510916, 0.7678363781109718, 0.770304729465656, 0.7725192234518886, 0.7734786042879104, 0.7756675364025465, 0.7768011860435168]}


{'loss': [81.01025360822678, 76.98207432031631, 76.37167671322823, 76.52770398557186, 76.1386670768261, 74.79226587712765, 74.77017091214657, 74.8192824870348, 74.792026668787, 74.1269882619381, 75.54595945775509, 74.464301019907, 73.81967398524284, 74.1833249181509, 72.82609578967094, 73.45827443897724, 73.37196043133736], 'accuracy': [0.5011727912431587, 0.5129007036747459, 0.5160281469898358, 0.5175918686473807, 0.5191555903049258, 0.5293197810789679, 0.524628616106333, 0.5285379202501954, 0.5285379202501954, 0.5324472243940579, 0.5261923377638781, 0.5340109460516028, 0.5410476935105551, 0.5347928068803753, 0.5410476935105551, 0.5433932759968726, 0.5418295543393276], 'auc': [0.7141092737191796, 0.7302813149668326, 0.739085735880689, 0.7454423372729269, 0.7499603662725436, 0.7550276919143453, 0.7582943869898635, 0.7613758211156365, 0.7644561037892958, 0.7670461514510916, 0.7678363781109718, 0.770304729465656, 0.7725192234518886, 0.7734786042879104, 0.7756675364025465, 0.7768011860435168, 0.7777335991401627]}


{'loss': [81.01025360822678, 76.98207432031631, 76.37167671322823, 76.52770398557186, 76.1386670768261, 74.79226587712765, 74.77017091214657, 74.8192824870348, 74.792026668787, 74.1269882619381, 75.54595945775509, 74.464301019907, 73.81967398524284, 74.1833249181509, 72.82609578967094, 73.45827443897724, 73.37196043133736, 72.92827408015728], 'accuracy': [0.5011727912431587, 0.5129007036747459, 0.5160281469898358, 0.5175918686473807, 0.5191555903049258, 0.5293197810789679, 0.524628616106333, 0.5285379202501954, 0.5285379202501954, 0.5324472243940579, 0.5261923377638781, 0.5340109460516028, 0.5410476935105551, 0.5347928068803753, 0.5410476935105551, 0.5433932759968726, 0.5418295543393276, 0.5496481626270524], 'auc': [0.7141092737191796, 0.7302813149668326, 0.739085735880689, 0.7454423372729269, 0.7499603662725436, 0.7550276919143453, 0.7582943869898635, 0.7613758211156365, 0.7644561037892958, 0.7670461514510916, 0.7678363781109718, 0.770304729465656, 0.7725192234518886, 0.7734786042879104, 0.7756675364025465, 0.7768011860435168, 0.7777335991401627, 0.7795926769777015]}


{'loss': [81.01025360822678, 76.98207432031631, 76.37167671322823, 76.52770398557186, 76.1386670768261, 74.79226587712765, 74.77017091214657, 74.8192824870348, 74.792026668787, 74.1269882619381, 75.54595945775509, 74.464301019907, 73.81967398524284, 74.1833249181509, 72.82609578967094, 73.45827443897724, 73.37196043133736, 72.92827408015728, 72.42186696827412], 'accuracy': [0.5011727912431587, 0.5129007036747459, 0.5160281469898358, 0.5175918686473807, 0.5191555903049258, 0.5293197810789679, 0.524628616106333, 0.5285379202501954, 0.5285379202501954, 0.5324472243940579, 0.5261923377638781, 0.5340109460516028, 0.5410476935105551, 0.5347928068803753, 0.5410476935105551, 0.5433932759968726, 0.5418295543393276, 0.5496481626270524, 0.5433932759968726], 'auc': [0.7141092737191796, 0.7302813149668326, 0.739085735880689, 0.7454423372729269, 0.7499603662725436, 0.7550276919143453, 0.7582943869898635, 0.7613758211156365, 0.7644561037892958, 0.7670461514510916, 0.7678363781109718, 0.770304729465656, 0.7725192234518886, 0.7734786042879104, 0.7756675364025465, 0.7768011860435168, 0.7777335991401627, 0.7795926769777015, 0.7804666697128235]}


{'loss': [81.01025360822678, 76.98207432031631, 76.37167671322823, 76.52770398557186, 76.1386670768261, 74.79226587712765, 74.77017091214657, 74.8192824870348, 74.792026668787, 74.1269882619381, 75.54595945775509, 74.464301019907, 73.81967398524284, 74.1833249181509, 72.82609578967094, 73.45827443897724, 73.37196043133736, 72.92827408015728, 72.42186696827412, 73.38586147129536], 'accuracy': [0.5011727912431587, 0.5129007036747459, 0.5160281469898358, 0.5175918686473807, 0.5191555903049258, 0.5293197810789679, 0.524628616106333, 0.5285379202501954, 0.5285379202501954, 0.5324472243940579, 0.5261923377638781, 0.5340109460516028, 0.5410476935105551, 0.5347928068803753, 0.5410476935105551, 0.5433932759968726, 0.5418295543393276, 0.5496481626270524, 0.5433932759968726, 0.5402658326817826], 'auc': [0.7141092737191796, 0.7302813149668326, 0.739085735880689, 0.7454423372729269, 0.7499603662725436, 0.7550276919143453, 0.7582943869898635, 0.7613758211156365, 0.7644561037892958, 0.7670461514510916, 0.7678363781109718, 0.770304729465656, 0.7725192234518886, 0.7734786042879104, 0.7756675364025465, 0.7768011860435168, 0.7777335991401627, 0.7795926769777015, 0.7804666697128235, 0.7812278407022204]}


{'loss': [81.01025360822678, 76.98207432031631, 76.37167671322823, 76.52770398557186, 76.1386670768261, 74.79226587712765, 74.77017091214657, 74.8192824870348, 74.792026668787, 74.1269882619381, 75.54595945775509, 74.464301019907, 73.81967398524284, 74.1833249181509, 72.82609578967094, 73.45827443897724, 73.37196043133736, 72.92827408015728, 72.42186696827412, 73.38586147129536, 72.78733050823212], 'accuracy': [0.5011727912431587, 0.5129007036747459, 0.5160281469898358, 0.5175918686473807, 0.5191555903049258, 0.5293197810789679, 0.524628616106333, 0.5285379202501954, 0.5285379202501954, 0.5324472243940579, 0.5261923377638781, 0.5340109460516028, 0.5410476935105551, 0.5347928068803753, 0.5410476935105551, 0.5433932759968726, 0.5418295543393276, 0.5496481626270524, 0.5433932759968726, 0.5402658326817826, 0.5480844409695075], 'auc': [0.7141092737191796, 0.7302813149668326, 0.739085735880689, 0.7454423372729269, 0.7499603662725436, 0.7550276919143453, 0.7582943869898635, 0.7613758211156365, 0.7644561037892958, 0.7670461514510916, 0.7678363781109718, 0.770304729465656, 0.7725192234518886, 0.7734786042879104, 0.7756675364025465, 0.7768011860435168, 0.7777335991401627, 0.7795926769777015, 0.7804666697128235, 0.7812278407022204, 0.7827743414490218]}


{'loss': [81.01025360822678, 76.98207432031631, 76.37167671322823, 76.52770398557186, 76.1386670768261, 74.79226587712765, 74.77017091214657, 74.8192824870348, 74.792026668787, 74.1269882619381, 75.54595945775509, 74.464301019907, 73.81967398524284, 74.1833249181509, 72.82609578967094, 73.45827443897724, 73.37196043133736, 72.92827408015728, 72.42186696827412, 73.38586147129536, 72.78733050823212, 72.7757927775383], 'accuracy': [0.5011727912431587, 0.5129007036747459, 0.5160281469898358, 0.5175918686473807, 0.5191555903049258, 0.5293197810789679, 0.524628616106333, 0.5285379202501954, 0.5285379202501954, 0.5324472243940579, 0.5261923377638781, 0.5340109460516028, 0.5410476935105551, 0.5347928068803753, 0.5410476935105551, 0.5433932759968726, 0.5418295543393276, 0.5496481626270524, 0.5433932759968726, 0.5402658326817826, 0.5480844409695075, 0.5488663017982799], 'auc': [0.7141092737191796, 0.7302813149668326, 0.739085735880689, 0.7454423372729269, 0.7499603662725436, 0.7550276919143453, 0.7582943869898635, 0.7613758211156365, 0.7644561037892958, 0.7670461514510916, 0.7678363781109718, 0.770304729465656, 0.7725192234518886, 0.7734786042879104, 0.7756675364025465, 0.7768011860435168, 0.7777335991401627, 0.7795926769777015, 0.7804666697128235, 0.7812278407022204, 0.7827743414490218, 0.7836574032464265]}

[92mINFO [0m:      Sent reply
[92mINFO [0m:      
[92mINFO [0m:      [RUN 0, ROUND ]
[92mINFO [0m:      Received: train message 7490ecab-26ce-4f0e-acd2-f207fe1d56ba
[93mWARNING [0m:   Deprecation Warning: The `client_fn` function must return an instance of `Client`, but an instance of `NumpyClient` was returned. Please use `NumPyClient.to_client()` method to convert it to `Client`.
[92mINFO [0m:      Sent reply
[92mINFO [0m:      
[92mINFO [0m:      [RUN 0, ROUND ]
[92mINFO [0m:      Received: evaluate message 38b8138e-4dd4-499b-8bd8-f64d2379ebda
[93mWARNING [0m:   Deprecation Warning: The `client_fn` function must return an instance of `Client`, but an instance of `NumpyClient` was returned. Please use `NumPyClient.to_client()` method to convert it to `Client`.
[92mINFO [0m:      Sent reply
[92mINFO [0m:      
[92mINFO [0m:      [RUN 0, ROUND ]
[92mINFO [0m:      Received: train message 1e64944f-a18c-4694-96f0-9e3ff4ac4176
[93mWARNING [0m:   Deprecation Warning: The `client_fn` function must return an instance of `Client`, but an instance of `NumpyClient` was returned. Please use `NumPyClient.to_client()` method to convert it to `Client`.
[92mINFO [0m:      Sent reply
[92mINFO [0m:      
[92mINFO [0m:      [RUN 0, ROUND ]
[92mINFO [0m:      Received: evaluate message a0cb1e8f-29e3-4bab-9218-a71de6746102
[93mWARNING [0m:   Deprecation Warning: The `client_fn` function must return an instance of `Client`, but an instance of `NumpyClient` was returned. Please use `NumPyClient.to_client()` method to convert it to `Client`.
[92mINFO [0m:      Sent reply
[92mINFO [0m:      
[92mINFO [0m:      [RUN 0, ROUND ]
[92mINFO [0m:      Received: train message 1e47ef9a-85cb-430e-8c16-450b2aadbf3d
[93mWARNING [0m:   Deprecation Warning: The `client_fn` function must return an instance of `Client`, but an instance of `NumpyClient` was returned. Please use `NumPyClient.to_client()` method to convert it to `Client`.
[92mINFO [0m:      Sent reply
[92mINFO [0m:      
[92mINFO [0m:      [RUN 0, ROUND ]
[92mINFO [0m:      Received: evaluate message c1d208a9-3d48-4c29-be61-2e003bc597ed
[93mWARNING [0m:   Deprecation Warning: The `client_fn` function must return an instance of `Client`, but an instance of `NumpyClient` was returned. Please use `NumPyClient.to_client()` method to convert it to `Client`.
[92mINFO [0m:      Sent reply
[92mINFO [0m:      
[92mINFO [0m:      [RUN 0, ROUND ]
[92mINFO [0m:      Received: train message 77626e32-c729-4afa-a10b-fc9eaf15e4e9
[93mWARNING [0m:   Deprecation Warning: The `client_fn` function must return an instance of `Client`, but an instance of `NumpyClient` was returned. Please use `NumPyClient.to_client()` method to convert it to `Client`.
[92mINFO [0m:      Sent reply
[92mINFO [0m:      
[92mINFO [0m:      [RUN 0, ROUND ]
[92mINFO [0m:      Received: evaluate message a2f88036-bb64-488f-af8e-1b787505f082
[93mWARNING [0m:   Deprecation Warning: The `client_fn` function must return an instance of `Client`, but an instance of `NumpyClient` was returned. Please use `NumPyClient.to_client()` method to convert it to `Client`.
[92mINFO [0m:      Sent reply
[92mINFO [0m:      
[92mINFO [0m:      [RUN 0, ROUND ]
[92mINFO [0m:      Received: train message 0554f932-63c4-4ce7-a620-fbb1aaa6b1fb
[93mWARNING [0m:   Deprecation Warning: The `client_fn` function must return an instance of `Client`, but an instance of `NumpyClient` was returned. Please use `NumPyClient.to_client()` method to convert it to `Client`.
[92mINFO [0m:      Sent reply
[92mINFO [0m:      
[92mINFO [0m:      [RUN 0, ROUND ]
[92mINFO [0m:      Received: evaluate message 7ea2cceb-a3c7-4a0f-a821-cb47bba8f6a1
[93mWARNING [0m:   Deprecation Warning: The `client_fn` function must return an instance of `Client`, but an instance of `NumpyClient` was returned. Please use `NumPyClient.to_client()` method to convert it to `Client`.

{'loss': [81.01025360822678, 76.98207432031631, 76.37167671322823, 76.52770398557186, 76.1386670768261, 74.79226587712765, 74.77017091214657, 74.8192824870348, 74.792026668787, 74.1269882619381, 75.54595945775509, 74.464301019907, 73.81967398524284, 74.1833249181509, 72.82609578967094, 73.45827443897724, 73.37196043133736, 72.92827408015728, 72.42186696827412, 73.38586147129536, 72.78733050823212, 72.7757927775383, 72.56892967224121], 'accuracy': [0.5011727912431587, 0.5129007036747459, 0.5160281469898358, 0.5175918686473807, 0.5191555903049258, 0.5293197810789679, 0.524628616106333, 0.5285379202501954, 0.5285379202501954, 0.5324472243940579, 0.5261923377638781, 0.5340109460516028, 0.5410476935105551, 0.5347928068803753, 0.5410476935105551, 0.5433932759968726, 0.5418295543393276, 0.5496481626270524, 0.5433932759968726, 0.5402658326817826, 0.5480844409695075, 0.5488663017982799, 0.5504300234558248], 'auc': [0.7141092737191796, 0.7302813149668326, 0.739085735880689, 0.7454423372729269, 0.7499603662725436, 0.7550276919143453, 0.7582943869898635, 0.7613758211156365, 0.7644561037892958, 0.7670461514510916, 0.7678363781109718, 0.770304729465656, 0.7725192234518886, 0.7734786042879104, 0.7756675364025465, 0.7768011860435168, 0.7777335991401627, 0.7795926769777015, 0.7804666697128235, 0.7812278407022204, 0.7827743414490218, 0.7836574032464265, 0.784992572743731]}


{'loss': [81.01025360822678, 76.98207432031631, 76.37167671322823, 76.52770398557186, 76.1386670768261, 74.79226587712765, 74.77017091214657, 74.8192824870348, 74.792026668787, 74.1269882619381, 75.54595945775509, 74.464301019907, 73.81967398524284, 74.1833249181509, 72.82609578967094, 73.45827443897724, 73.37196043133736, 72.92827408015728, 72.42186696827412, 73.38586147129536, 72.78733050823212, 72.7757927775383, 72.56892967224121, 72.1873501688242], 'accuracy': [0.5011727912431587, 0.5129007036747459, 0.5160281469898358, 0.5175918686473807, 0.5191555903049258, 0.5293197810789679, 0.524628616106333, 0.5285379202501954, 0.5285379202501954, 0.5324472243940579, 0.5261923377638781, 0.5340109460516028, 0.5410476935105551, 0.5347928068803753, 0.5410476935105551, 0.5433932759968726, 0.5418295543393276, 0.5496481626270524, 0.5433932759968726, 0.5402658326817826, 0.5480844409695075, 0.5488663017982799, 0.5504300234558248, 0.5512118842845973], 'auc': [0.7141092737191796, 0.7302813149668326, 0.739085735880689, 0.7454423372729269, 0.7499603662725436, 0.7550276919143453, 0.7582943869898635, 0.7613758211156365, 0.7644561037892958, 0.7670461514510916, 0.7678363781109718, 0.770304729465656, 0.7725192234518886, 0.7734786042879104, 0.7756675364025465, 0.7768011860435168, 0.7777335991401627, 0.7795926769777015, 0.7804666697128235, 0.7812278407022204, 0.7827743414490218, 0.7836574032464265, 0.784992572743731, 0.7859718108159788]}


{'loss': [81.01025360822678, 76.98207432031631, 76.37167671322823, 76.52770398557186, 76.1386670768261, 74.79226587712765, 74.77017091214657, 74.8192824870348, 74.792026668787, 74.1269882619381, 75.54595945775509, 74.464301019907, 73.81967398524284, 74.1833249181509, 72.82609578967094, 73.45827443897724, 73.37196043133736, 72.92827408015728, 72.42186696827412, 73.38586147129536, 72.78733050823212, 72.7757927775383, 72.56892967224121, 72.1873501688242, 72.30529879033566], 'accuracy': [0.5011727912431587, 0.5129007036747459, 0.5160281469898358, 0.5175918686473807, 0.5191555903049258, 0.5293197810789679, 0.524628616106333, 0.5285379202501954, 0.5285379202501954, 0.5324472243940579, 0.5261923377638781, 0.5340109460516028, 0.5410476935105551, 0.5347928068803753, 0.5410476935105551, 0.5433932759968726, 0.5418295543393276, 0.5496481626270524, 0.5433932759968726, 0.5402658326817826, 0.5480844409695075, 0.5488663017982799, 0.5504300234558248, 0.5512118842845973, 0.5480844409695075], 'auc': [0.7141092737191796, 0.7302813149668326, 0.739085735880689, 0.7454423372729269, 0.7499603662725436, 0.7550276919143453, 0.7582943869898635, 0.7613758211156365, 0.7644561037892958, 0.7670461514510916, 0.7678363781109718, 0.770304729465656, 0.7725192234518886, 0.7734786042879104, 0.7756675364025465, 0.7768011860435168, 0.7777335991401627, 0.7795926769777015, 0.7804666697128235, 0.7812278407022204, 0.7827743414490218, 0.7836574032464265, 0.784992572743731, 0.7859718108159788, 0.7868825784255253]}


{'loss': [81.01025360822678, 76.98207432031631, 76.37167671322823, 76.52770398557186, 76.1386670768261, 74.79226587712765, 74.77017091214657, 74.8192824870348, 74.792026668787, 74.1269882619381, 75.54595945775509, 74.464301019907, 73.81967398524284, 74.1833249181509, 72.82609578967094, 73.45827443897724, 73.37196043133736, 72.92827408015728, 72.42186696827412, 73.38586147129536, 72.78733050823212, 72.7757927775383, 72.56892967224121, 72.1873501688242, 72.30529879033566, 72.4188978523016], 'accuracy': [0.5011727912431587, 0.5129007036747459, 0.5160281469898358, 0.5175918686473807, 0.5191555903049258, 0.5293197810789679, 0.524628616106333, 0.5285379202501954, 0.5285379202501954, 0.5324472243940579, 0.5261923377638781, 0.5340109460516028, 0.5410476935105551, 0.5347928068803753, 0.5410476935105551, 0.5433932759968726, 0.5418295543393276, 0.5496481626270524, 0.5433932759968726, 0.5402658326817826, 0.5480844409695075, 0.5488663017982799, 0.5504300234558248, 0.5512118842845973, 0.5480844409695075, 0.547302580140735], 'auc': [0.7141092737191796, 0.7302813149668326, 0.739085735880689, 0.7454423372729269, 0.7499603662725436, 0.7550276919143453, 0.7582943869898635, 0.7613758211156365, 0.7644561037892958, 0.7670461514510916, 0.7678363781109718, 0.770304729465656, 0.7725192234518886, 0.7734786042879104, 0.7756675364025465, 0.7768011860435168, 0.7777335991401627, 0.7795926769777015, 0.7804666697128235, 0.7812278407022204, 0.7827743414490218, 0.7836574032464265, 0.784992572743731, 0.7859718108159788, 0.7868825784255253, 0.787271408509762]}


{'loss': [81.01025360822678, 76.98207432031631, 76.37167671322823, 76.52770398557186, 76.1386670768261, 74.79226587712765, 74.77017091214657, 74.8192824870348, 74.792026668787, 74.1269882619381, 75.54595945775509, 74.464301019907, 73.81967398524284, 74.1833249181509, 72.82609578967094, 73.45827443897724, 73.37196043133736, 72.92827408015728, 72.42186696827412, 73.38586147129536, 72.78733050823212, 72.7757927775383, 72.56892967224121, 72.1873501688242, 72.30529879033566, 72.4188978523016, 72.62515823543072], 'accuracy': [0.5011727912431587, 0.5129007036747459, 0.5160281469898358, 0.5175918686473807, 0.5191555903049258, 0.5293197810789679, 0.524628616106333, 0.5285379202501954, 0.5285379202501954, 0.5324472243940579, 0.5261923377638781, 0.5340109460516028, 0.5410476935105551, 0.5347928068803753, 0.5410476935105551, 0.5433932759968726, 0.5418295543393276, 0.5496481626270524, 0.5433932759968726, 0.5402658326817826, 0.5480844409695075, 0.5488663017982799, 0.5504300234558248, 0.5512118842845973, 0.5480844409695075, 0.547302580140735, 0.5480844409695075], 'auc': [0.7141092737191796, 0.7302813149668326, 0.739085735880689, 0.7454423372729269, 0.7499603662725436, 0.7550276919143453, 0.7582943869898635, 0.7613758211156365, 0.7644561037892958, 0.7670461514510916, 0.7678363781109718, 0.770304729465656, 0.7725192234518886, 0.7734786042879104, 0.7756675364025465, 0.7768011860435168, 0.7777335991401627, 0.7795926769777015, 0.7804666697128235, 0.7812278407022204, 0.7827743414490218, 0.7836574032464265, 0.784992572743731, 0.7859718108159788, 0.7868825784255253, 0.787271408509762, 0.788130735518194]}

[92mINFO [0m:      Sent reply
[92mINFO [0m:      
[92mINFO [0m:      [RUN 0, ROUND ]
[92mINFO [0m:      Received: train message a70c339d-f624-47c8-8df3-06157b2f23a0
[93mWARNING [0m:   Deprecation Warning: The `client_fn` function must return an instance of `Client`, but an instance of `NumpyClient` was returned. Please use `NumPyClient.to_client()` method to convert it to `Client`.
[92mINFO [0m:      Sent reply
[92mINFO [0m:      
[92mINFO [0m:      [RUN 0, ROUND ]
[92mINFO [0m:      Received: evaluate message 39db9ca7-1a52-4556-b446-869e9da0a8ff
[93mWARNING [0m:   Deprecation Warning: The `client_fn` function must return an instance of `Client`, but an instance of `NumpyClient` was returned. Please use `NumPyClient.to_client()` method to convert it to `Client`.
[92mINFO [0m:      Sent reply
[92mINFO [0m:      
[92mINFO [0m:      [RUN 0, ROUND ]
[92mINFO [0m:      Received: train message d812b9d6-3687-4d80-b3f3-8f59e17f1978
[93mWARNING [0m:   Deprecation Warning: The `client_fn` function must return an instance of `Client`, but an instance of `NumpyClient` was returned. Please use `NumPyClient.to_client()` method to convert it to `Client`.
[92mINFO [0m:      Sent reply
[92mINFO [0m:      
[92mINFO [0m:      [RUN 0, ROUND ]
[92mINFO [0m:      Received: evaluate message 3c6b8cb9-0385-4456-adb8-6c00b2bad974
[93mWARNING [0m:   Deprecation Warning: The `client_fn` function must return an instance of `Client`, but an instance of `NumpyClient` was returned. Please use `NumPyClient.to_client()` method to convert it to `Client`.
[92mINFO [0m:      Sent reply
[92mINFO [0m:      
[92mINFO [0m:      [RUN 0, ROUND ]
[92mINFO [0m:      Received: reconnect message 60f4d1e7-7577-4fdc-9056-a3c2a934369a
[92mINFO [0m:      Disconnect and shut down

{'loss': [81.01025360822678, 76.98207432031631, 76.37167671322823, 76.52770398557186, 76.1386670768261, 74.79226587712765, 74.77017091214657, 74.8192824870348, 74.792026668787, 74.1269882619381, 75.54595945775509, 74.464301019907, 73.81967398524284, 74.1833249181509, 72.82609578967094, 73.45827443897724, 73.37196043133736, 72.92827408015728, 72.42186696827412, 73.38586147129536, 72.78733050823212, 72.7757927775383, 72.56892967224121, 72.1873501688242, 72.30529879033566, 72.4188978523016, 72.62515823543072, 72.06532663106918], 'accuracy': [0.5011727912431587, 0.5129007036747459, 0.5160281469898358, 0.5175918686473807, 0.5191555903049258, 0.5293197810789679, 0.524628616106333, 0.5285379202501954, 0.5285379202501954, 0.5324472243940579, 0.5261923377638781, 0.5340109460516028, 0.5410476935105551, 0.5347928068803753, 0.5410476935105551, 0.5433932759968726, 0.5418295543393276, 0.5496481626270524, 0.5433932759968726, 0.5402658326817826, 0.5480844409695075, 0.5488663017982799, 0.5504300234558248, 0.5512118842845973, 0.5480844409695075, 0.547302580140735, 0.5480844409695075, 0.5480844409695075], 'auc': [0.7141092737191796, 0.7302813149668326, 0.739085735880689, 0.7454423372729269, 0.7499603662725436, 0.7550276919143453, 0.7582943869898635, 0.7613758211156365, 0.7644561037892958, 0.7670461514510916, 0.7678363781109718, 0.770304729465656, 0.7725192234518886, 0.7734786042879104, 0.7756675364025465, 0.7768011860435168, 0.7777335991401627, 0.7795926769777015, 0.7804666697128235, 0.7812278407022204, 0.7827743414490218, 0.7836574032464265, 0.784992572743731, 0.7859718108159788, 0.7868825784255253, 0.787271408509762, 0.788130735518194, 0.7896706581435549]}


{'loss': [81.01025360822678, 76.98207432031631, 76.37167671322823, 76.52770398557186, 76.1386670768261, 74.79226587712765, 74.77017091214657, 74.8192824870348, 74.792026668787, 74.1269882619381, 75.54595945775509, 74.464301019907, 73.81967398524284, 74.1833249181509, 72.82609578967094, 73.45827443897724, 73.37196043133736, 72.92827408015728, 72.42186696827412, 73.38586147129536, 72.78733050823212, 72.7757927775383, 72.56892967224121, 72.1873501688242, 72.30529879033566, 72.4188978523016, 72.62515823543072, 72.06532663106918, 72.04847460985184], 'accuracy': [0.5011727912431587, 0.5129007036747459, 0.5160281469898358, 0.5175918686473807, 0.5191555903049258, 0.5293197810789679, 0.524628616106333, 0.5285379202501954, 0.5285379202501954, 0.5324472243940579, 0.5261923377638781, 0.5340109460516028, 0.5410476935105551, 0.5347928068803753, 0.5410476935105551, 0.5433932759968726, 0.5418295543393276, 0.5496481626270524, 0.5433932759968726, 0.5402658326817826, 0.5480844409695075, 0.5488663017982799, 0.5504300234558248, 0.5512118842845973, 0.5480844409695075, 0.547302580140735, 0.5480844409695075, 0.5480844409695075, 0.5488663017982799], 'auc': [0.7141092737191796, 0.7302813149668326, 0.739085735880689, 0.7454423372729269, 0.7499603662725436, 0.7550276919143453, 0.7582943869898635, 0.7613758211156365, 0.7644561037892958, 0.7670461514510916, 0.7678363781109718, 0.770304729465656, 0.7725192234518886, 0.7734786042879104, 0.7756675364025465, 0.7768011860435168, 0.7777335991401627, 0.7795926769777015, 0.7804666697128235, 0.7812278407022204, 0.7827743414490218, 0.7836574032464265, 0.784992572743731, 0.7859718108159788, 0.7868825784255253, 0.787271408509762, 0.788130735518194, 0.7896706581435549, 0.7902176091843114]}


{'loss': [81.01025360822678, 76.98207432031631, 76.37167671322823, 76.52770398557186, 76.1386670768261, 74.79226587712765, 74.77017091214657, 74.8192824870348, 74.792026668787, 74.1269882619381, 75.54595945775509, 74.464301019907, 73.81967398524284, 74.1833249181509, 72.82609578967094, 73.45827443897724, 73.37196043133736, 72.92827408015728, 72.42186696827412, 73.38586147129536, 72.78733050823212, 72.7757927775383, 72.56892967224121, 72.1873501688242, 72.30529879033566, 72.4188978523016, 72.62515823543072, 72.06532663106918, 72.04847460985184, 71.31541167199612], 'accuracy': [0.5011727912431587, 0.5129007036747459, 0.5160281469898358, 0.5175918686473807, 0.5191555903049258, 0.5293197810789679, 0.524628616106333, 0.5285379202501954, 0.5285379202501954, 0.5324472243940579, 0.5261923377638781, 0.5340109460516028, 0.5410476935105551, 0.5347928068803753, 0.5410476935105551, 0.5433932759968726, 0.5418295543393276, 0.5496481626270524, 0.5433932759968726, 0.5402658326817826, 0.5480844409695075, 0.5488663017982799, 0.5504300234558248, 0.5512118842845973, 0.5480844409695075, 0.547302580140735, 0.5480844409695075, 0.5480844409695075, 0.5488663017982799, 0.5512118842845973], 'auc': [0.7141092737191796, 0.7302813149668326, 0.739085735880689, 0.7454423372729269, 0.7499603662725436, 0.7550276919143453, 0.7582943869898635, 0.7613758211156365, 0.7644561037892958, 0.7670461514510916, 0.7678363781109718, 0.770304729465656, 0.7725192234518886, 0.7734786042879104, 0.7756675364025465, 0.7768011860435168, 0.7777335991401627, 0.7795926769777015, 0.7804666697128235, 0.7812278407022204, 0.7827743414490218, 0.7836574032464265, 0.784992572743731, 0.7859718108159788, 0.7868825784255253, 0.787271408509762, 0.788130735518194, 0.7896706581435549, 0.7902176091843114, 0.7917658026628782]}



{'loss': [81.01025360822678, 76.98207432031631, 76.37167671322823, 76.52770398557186, 76.1386670768261, 74.79226587712765, 74.77017091214657, 74.8192824870348, 74.792026668787, 74.1269882619381, 75.54595945775509, 74.464301019907, 73.81967398524284, 74.1833249181509, 72.82609578967094, 73.45827443897724, 73.37196043133736, 72.92827408015728, 72.42186696827412, 73.38586147129536, 72.78733050823212, 72.7757927775383, 72.56892967224121, 72.1873501688242, 72.30529879033566, 72.4188978523016, 72.62515823543072, 72.06532663106918, 72.04847460985184, 71.31541167199612], 'accuracy': [0.5011727912431587, 0.5129007036747459, 0.5160281469898358, 0.5175918686473807, 0.5191555903049258, 0.5293197810789679, 0.524628616106333, 0.5285379202501954, 0.5285379202501954, 0.5324472243940579, 0.5261923377638781, 0.5340109460516028, 0.5410476935105551, 0.5347928068803753, 0.5410476935105551, 0.5433932759968726, 0.5418295543393276, 0.5496481626270524, 0.5433932759968726, 0.5402658326817826, 0.5480844409695075, 0.5488663017982799, 0.5504300234558248, 0.5512118842845973, 0.5480844409695075, 0.547302580140735, 0.5480844409695075, 0.5480844409695075, 0.5488663017982799, 0.5512118842845973], 'auc': [0.7141092737191796, 0.7302813149668326, 0.739085735880689, 0.7454423372729269, 0.7499603662725436, 0.7550276919143453, 0.7582943869898635, 0.7613758211156365, 0.7644561037892958, 0.7670461514510916, 0.7678363781109718, 0.770304729465656, 0.7725192234518886, 0.7734786042879104, 0.7756675364025465, 0.7768011860435168, 0.7777335991401627, 0.7795926769777015, 0.7804666697128235, 0.7812278407022204, 0.7827743414490218, 0.7836574032464265, 0.784992572743731, 0.7859718108159788, 0.7868825784255253, 0.787271408509762, 0.788130735518194, 0.7896706581435549, 0.7902176091843114, 0.7917658026628782]}
