nohup: ignoring input
/home/dgxuser16/anaconda3/envs/ihpc/lib/python3.8/site-packages/albumentations/__init__.py:13: UserWarning: A new version of Albumentations is available: 2.0.3 (you have 1.4.18). Upgrade using: pip install -U albumentations. To disable automatic update checks, set the environment variable NO_ALBUMENTATIONS_UPDATE to 1.
  check_for_updates()
/raid/home/dgxuser16/NTL/mccarthy/ahmad/github/adaptive_privacy_fl/isic/fixed_noise/0.84, e=10/flamby/datasets/fed_isic2019/dataset.py:222: DeprecationWarning: Flip is deprecated. Consider using HorizontalFlip, VerticalFlip, RandomRotate90 or D4.
  albumentations.Flip(p=0.5),
/home/dgxuser16/anaconda3/envs/ihpc/lib/python3.8/site-packages/pydantic/main.py:214: DeprecationWarning: `max_holes` is deprecated. Use num_holes_range instead.
  validated_self = self.__pydantic_validator__.validate_python(data, self_instance=self)
/home/dgxuser16/anaconda3/envs/ihpc/lib/python3.8/site-packages/pydantic/main.py:214: DeprecationWarning: `max_height` is deprecated. Use hole_height_range instead.
  validated_self = self.__pydantic_validator__.validate_python(data, self_instance=self)
/home/dgxuser16/anaconda3/envs/ihpc/lib/python3.8/site-packages/pydantic/main.py:214: DeprecationWarning: `max_width` is deprecated. Use hole_width_range instead.
  validated_self = self.__pydantic_validator__.validate_python(data, self_instance=self)
/home/dgxuser16/anaconda3/envs/ihpc/lib/python3.8/site-packages/albumentations/core/validation.py:45: DeprecationWarning: always_apply is deprecated. Use `p=1` if you want to always apply the transform. self.p will be set to 1.
  original_init(self, **validated_kwargs)
/home/dgxuser16/anaconda3/envs/ihpc/lib/python3.8/site-packages/albumentations/core/validation.py:45: DeprecationWarning: always_apply is deprecated. Use `p=1` if you want to always apply the transform. self.p will be set to 1.
  original_init(self, **validated_kwargs)
/home/dgxuser16/anaconda3/envs/ihpc/lib/python3.8/site-packages/opacus/privacy_engine.py:95: UserWarning: Secure RNG turned off. This is perfectly fine for experimentation as it allows for much faster training performance, but remember to turn it on and retrain one last time before production with ``secure_mode`` turned on.
  warnings.warn(
02/06/2025 10:06:56:DEBUG:Opened insecure gRPC connection (no certificates were passed)
02/06/2025 10:06:56:DEBUG:ChannelConnectivity.IDLE
02/06/2025 10:06:56:DEBUG:ChannelConnectivity.READY
WARNING: All log messages before absl::InitializeLog() is called are written to STDERR
I0000 00:00:1738865216.833305  624732 fork_posix.cc:75] Other threads are currently calling into gRPC, skipping fork() handlers
[92mINFO [0m:      
02/06/2025 10:07:32:INFO:
[92mINFO [0m:      Received: train message e61aa8c1-0627-4cfb-9e51-88f1d9312dd1
02/06/2025 10:07:32:INFO:Received: train message e61aa8c1-0627-4cfb-9e51-88f1d9312dd1
/home/dgxuser16/anaconda3/envs/ihpc/lib/python3.8/site-packages/torch/nn/modules/module.py:1640: FutureWarning: Using a non-full backward hook when the forward contains multiple autograd Nodes is deprecated and will be removed in future versions. This hook will be missing some grad_input. Please use register_full_backward_hook to get the documented behavior.
  self._maybe_warn_non_full_backward_hook(args, result, grad_fn)
[92mINFO [0m:      Sent reply
02/06/2025 10:24:38:INFO:Sent reply
[92mINFO [0m:      
02/06/2025 10:49:30:INFO:
[92mINFO [0m:      Received: evaluate message a0bc898b-1536-436d-af2c-359677df7a64
02/06/2025 10:49:30:INFO:Received: evaluate message a0bc898b-1536-436d-af2c-359677df7a64
[92mINFO [0m:      Sent reply
02/06/2025 10:54:46:INFO:Sent reply
[92mINFO [0m:      
02/06/2025 10:55:29:INFO:
[92mINFO [0m:      Received: train message 720e8f29-659d-487a-bcc1-3e35e408a9e6
02/06/2025 10:55:29:INFO:Received: train message 720e8f29-659d-487a-bcc1-3e35e408a9e6
/home/dgxuser16/anaconda3/envs/ihpc/lib/python3.8/site-packages/torch/nn/modules/module.py:1640: FutureWarning: Using a non-full backward hook when the forward contains multiple autograd Nodes is deprecated and will be removed in future versions. This hook will be missing some grad_input. Please use register_full_backward_hook to get the documented behavior.
  self._maybe_warn_non_full_backward_hook(args, result, grad_fn)
[92mINFO [0m:      Sent reply
02/06/2025 11:14:01:INFO:Sent reply
[92mINFO [0m:      
02/06/2025 11:35:52:INFO:
[92mINFO [0m:      Received: evaluate message 6e9b465f-d8d4-4c91-ada0-69dcee4e4762
02/06/2025 11:35:52:INFO:Received: evaluate message 6e9b465f-d8d4-4c91-ada0-69dcee4e4762
[92mINFO [0m:      Sent reply
02/06/2025 11:42:00:INFO:Sent reply
[92mINFO [0m:      
02/06/2025 11:43:02:INFO:
[92mINFO [0m:      Received: train message 2915f7dc-5f20-49ea-a86c-39971bfdd3a6
02/06/2025 11:43:02:INFO:Received: train message 2915f7dc-5f20-49ea-a86c-39971bfdd3a6
/home/dgxuser16/anaconda3/envs/ihpc/lib/python3.8/site-packages/torch/nn/modules/module.py:1640: FutureWarning: Using a non-full backward hook when the forward contains multiple autograd Nodes is deprecated and will be removed in future versions. This hook will be missing some grad_input. Please use register_full_backward_hook to get the documented behavior.
  self._maybe_warn_non_full_backward_hook(args, result, grad_fn)
[92mINFO [0m:      Sent reply
02/06/2025 12:01:01:INFO:Sent reply
[92mINFO [0m:      
02/06/2025 12:27:28:INFO:
[92mINFO [0m:      Received: evaluate message 3deee030-99cc-4111-b1e6-6928aba86573
02/06/2025 12:27:28:INFO:Received: evaluate message 3deee030-99cc-4111-b1e6-6928aba86573
[92mINFO [0m:      Sent reply
02/06/2025 12:32:58:INFO:Sent reply
[92mINFO [0m:      
02/06/2025 12:33:52:INFO:
[92mINFO [0m:      Received: train message 6f44f82d-ca8b-4834-8872-b573a8ddfb5d
02/06/2025 12:33:52:INFO:Received: train message 6f44f82d-ca8b-4834-8872-b573a8ddfb5d
/home/dgxuser16/anaconda3/envs/ihpc/lib/python3.8/site-packages/torch/nn/modules/module.py:1640: FutureWarning: Using a non-full backward hook when the forward contains multiple autograd Nodes is deprecated and will be removed in future versions. This hook will be missing some grad_input. Please use register_full_backward_hook to get the documented behavior.
  self._maybe_warn_non_full_backward_hook(args, result, grad_fn)
[92mINFO [0m:      Sent reply
02/06/2025 12:51:48:INFO:Sent reply
[92mINFO [0m:      
02/06/2025 13:17:10:INFO:
[92mINFO [0m:      Received: evaluate message 1d82cea5-f48f-4226-a7d2-b6b530f8a975
02/06/2025 13:17:10:INFO:Received: evaluate message 1d82cea5-f48f-4226-a7d2-b6b530f8a975
[92mINFO [0m:      Sent reply
02/06/2025 13:22:48:INFO:Sent reply
[92mINFO [0m:      
02/06/2025 13:23:08:INFO:
[92mINFO [0m:      Received: train message 091e7381-670e-4ede-bfdf-1bae314625b2
02/06/2025 13:23:08:INFO:Received: train message 091e7381-670e-4ede-bfdf-1bae314625b2
/home/dgxuser16/anaconda3/envs/ihpc/lib/python3.8/site-packages/torch/nn/modules/module.py:1640: FutureWarning: Using a non-full backward hook when the forward contains multiple autograd Nodes is deprecated and will be removed in future versions. This hook will be missing some grad_input. Please use register_full_backward_hook to get the documented behavior.
  self._maybe_warn_non_full_backward_hook(args, result, grad_fn)
[92mINFO [0m:      Sent reply
02/06/2025 13:41:54:INFO:Sent reply
[92mINFO [0m:      
02/06/2025 14:05:34:INFO:
[92mINFO [0m:      Received: evaluate message 33152027-f724-4321-a9c4-55e2678b54be
02/06/2025 14:05:34:INFO:Received: evaluate message 33152027-f724-4321-a9c4-55e2678b54be
[92mINFO [0m:      Sent reply
02/06/2025 14:11:44:INFO:Sent reply
[92mINFO [0m:      
02/06/2025 14:12:30:INFO:
[92mINFO [0m:      Received: train message 68c18ce6-5d4a-4048-b842-46f588b26dc2
02/06/2025 14:12:30:INFO:Received: train message 68c18ce6-5d4a-4048-b842-46f588b26dc2
/home/dgxuser16/anaconda3/envs/ihpc/lib/python3.8/site-packages/torch/nn/modules/module.py:1640: FutureWarning: Using a non-full backward hook when the forward contains multiple autograd Nodes is deprecated and will be removed in future versions. This hook will be missing some grad_input. Please use register_full_backward_hook to get the documented behavior.
  self._maybe_warn_non_full_backward_hook(args, result, grad_fn)
[92mINFO [0m:      Sent reply
02/06/2025 14:30:35:INFO:Sent reply
[92mINFO [0m:      
02/06/2025 14:56:26:INFO:
[92mINFO [0m:      Received: evaluate message 81d85d88-9b6c-46f2-a3c7-ce78bbbded21
02/06/2025 14:56:26:INFO:Received: evaluate message 81d85d88-9b6c-46f2-a3c7-ce78bbbded21
[92mINFO [0m:      Sent reply
02/06/2025 15:02:07:INFO:Sent reply
[92mINFO [0m:      
02/06/2025 15:03:13:INFO:
[92mINFO [0m:      Received: train message a716e19a-a71b-43b5-a7fc-35106fc8546a
02/06/2025 15:03:13:INFO:Received: train message a716e19a-a71b-43b5-a7fc-35106fc8546a
/home/dgxuser16/anaconda3/envs/ihpc/lib/python3.8/site-packages/torch/nn/modules/module.py:1640: FutureWarning: Using a non-full backward hook when the forward contains multiple autograd Nodes is deprecated and will be removed in future versions. This hook will be missing some grad_input. Please use register_full_backward_hook to get the documented behavior.
  self._maybe_warn_non_full_backward_hook(args, result, grad_fn)
[92mINFO [0m:      Sent reply
02/06/2025 15:20:50:INFO:Sent reply
[92mINFO [0m:      
02/06/2025 15:47:47:INFO:
[92mINFO [0m:      Received: evaluate message 9a0add35-6808-4ef4-ae3a-5b92b4f41eab
02/06/2025 15:47:47:INFO:Received: evaluate message 9a0add35-6808-4ef4-ae3a-5b92b4f41eab
[92mINFO [0m:      Sent reply
02/06/2025 15:53:29:INFO:Sent reply
[92mINFO [0m:      
02/06/2025 15:53:52:INFO:
[92mINFO [0m:      Received: train message 5919e542-5c96-406a-abb1-9ee392e8f114
02/06/2025 15:53:52:INFO:Received: train message 5919e542-5c96-406a-abb1-9ee392e8f114
/home/dgxuser16/anaconda3/envs/ihpc/lib/python3.8/site-packages/torch/nn/modules/module.py:1640: FutureWarning: Using a non-full backward hook when the forward contains multiple autograd Nodes is deprecated and will be removed in future versions. This hook will be missing some grad_input. Please use register_full_backward_hook to get the documented behavior.
  self._maybe_warn_non_full_backward_hook(args, result, grad_fn)
[92mINFO [0m:      Sent reply
02/06/2025 16:11:42:INFO:Sent reply
[92mINFO [0m:      
02/06/2025 16:36:38:INFO:
[92mINFO [0m:      Received: evaluate message 27d264af-ad36-44ec-8213-aadc509f7ec1
02/06/2025 16:36:38:INFO:Received: evaluate message 27d264af-ad36-44ec-8213-aadc509f7ec1
[92mINFO [0m:      Sent reply
02/06/2025 16:42:59:INFO:Sent reply
[92mINFO [0m:      
02/06/2025 16:43:41:INFO:
[92mINFO [0m:      Received: train message e487c47e-e039-4b66-a4f8-845d08901091
02/06/2025 16:43:41:INFO:Received: train message e487c47e-e039-4b66-a4f8-845d08901091
/home/dgxuser16/anaconda3/envs/ihpc/lib/python3.8/site-packages/torch/nn/modules/module.py:1640: FutureWarning: Using a non-full backward hook when the forward contains multiple autograd Nodes is deprecated and will be removed in future versions. This hook will be missing some grad_input. Please use register_full_backward_hook to get the documented behavior.
  self._maybe_warn_non_full_backward_hook(args, result, grad_fn)
[92mINFO [0m:      Sent reply
02/06/2025 17:01:26:INFO:Sent reply
[92mINFO [0m:      
02/06/2025 17:28:24:INFO:
[92mINFO [0m:      Received: evaluate message d02871dc-e873-4905-bbef-0fd3c62a3127
02/06/2025 17:28:24:INFO:Received: evaluate message d02871dc-e873-4905-bbef-0fd3c62a3127
[92mINFO [0m:      Sent reply
02/06/2025 17:34:10:INFO:Sent reply
[92mINFO [0m:      
02/06/2025 17:34:58:INFO:
[92mINFO [0m:      Received: train message 9e5983b1-b007-4b58-ad2f-6ea822cac180
02/06/2025 17:34:58:INFO:Received: train message 9e5983b1-b007-4b58-ad2f-6ea822cac180
/home/dgxuser16/anaconda3/envs/ihpc/lib/python3.8/site-packages/torch/nn/modules/module.py:1640: FutureWarning: Using a non-full backward hook when the forward contains multiple autograd Nodes is deprecated and will be removed in future versions. This hook will be missing some grad_input. Please use register_full_backward_hook to get the documented behavior.
  self._maybe_warn_non_full_backward_hook(args, result, grad_fn)
[92mINFO [0m:      Sent reply
02/06/2025 17:51:59:INFO:Sent reply
[92mINFO [0m:      
02/06/2025 18:16:45:INFO:
[92mINFO [0m:      Received: evaluate message 30742346-9ee6-4406-8e47-85d406ad471f
02/06/2025 18:16:45:INFO:Received: evaluate message 30742346-9ee6-4406-8e47-85d406ad471f
[92mINFO [0m:      Sent reply
02/06/2025 18:21:41:INFO:Sent reply
[92mINFO [0m:      
02/06/2025 18:23:02:INFO:
[92mINFO [0m:      Received: train message 3ec1bb14-38a5-4650-957f-16aafdfa29dd
02/06/2025 18:23:02:INFO:Received: train message 3ec1bb14-38a5-4650-957f-16aafdfa29dd
/home/dgxuser16/anaconda3/envs/ihpc/lib/python3.8/site-packages/torch/nn/modules/module.py:1640: FutureWarning: Using a non-full backward hook when the forward contains multiple autograd Nodes is deprecated and will be removed in future versions. This hook will be missing some grad_input. Please use register_full_backward_hook to get the documented behavior.
  self._maybe_warn_non_full_backward_hook(args, result, grad_fn)
[92mINFO [0m:      Sent reply
02/06/2025 18:40:16:INFO:Sent reply
[92mINFO [0m:      
02/06/2025 19:01:40:INFO:
[92mINFO [0m:      Received: evaluate message 6a76184f-6d04-4473-8406-13893bfd8350
02/06/2025 19:01:40:INFO:Received: evaluate message 6a76184f-6d04-4473-8406-13893bfd8350
[92mINFO [0m:      Sent reply
02/06/2025 19:07:07:INFO:Sent reply
[92mINFO [0m:      
02/06/2025 19:07:36:INFO:
[92mINFO [0m:      Received: train message 1d0dba3d-2f6e-4d9a-8edf-127bd0299977
02/06/2025 19:07:36:INFO:Received: train message 1d0dba3d-2f6e-4d9a-8edf-127bd0299977
/home/dgxuser16/anaconda3/envs/ihpc/lib/python3.8/site-packages/torch/nn/modules/module.py:1640: FutureWarning: Using a non-full backward hook when the forward contains multiple autograd Nodes is deprecated and will be removed in future versions. This hook will be missing some grad_input. Please use register_full_backward_hook to get the documented behavior.
  self._maybe_warn_non_full_backward_hook(args, result, grad_fn)
[92mINFO [0m:      Sent reply
02/06/2025 19:25:18:INFO:Sent reply
[92mINFO [0m:      
02/06/2025 19:51:39:INFO:
[92mINFO [0m:      Received: evaluate message 28e11ac7-a0fa-410f-8487-54602e08b4e4
02/06/2025 19:51:39:INFO:Received: evaluate message 28e11ac7-a0fa-410f-8487-54602e08b4e4
[92mINFO [0m:      Sent reply
02/06/2025 19:57:41:INFO:Sent reply
[92mINFO [0m:      
02/06/2025 19:58:14:INFO:
[92mINFO [0m:      Received: train message f30abfd1-a9da-498d-8003-ff0d740ae59a
02/06/2025 19:58:14:INFO:Received: train message f30abfd1-a9da-498d-8003-ff0d740ae59a
/home/dgxuser16/anaconda3/envs/ihpc/lib/python3.8/site-packages/torch/nn/modules/module.py:1640: FutureWarning: Using a non-full backward hook when the forward contains multiple autograd Nodes is deprecated and will be removed in future versions. This hook will be missing some grad_input. Please use register_full_backward_hook to get the documented behavior.
  self._maybe_warn_non_full_backward_hook(args, result, grad_fn)
[92mINFO [0m:      Sent reply
02/06/2025 20:14:54:INFO:Sent reply
[92mINFO [0m:      
02/06/2025 20:44:07:INFO:
[92mINFO [0m:      Received: evaluate message bb510191-cc21-4764-ac83-f161914e60cb
02/06/2025 20:44:07:INFO:Received: evaluate message bb510191-cc21-4764-ac83-f161914e60cb
[92mINFO [0m:      Sent reply
02/06/2025 20:50:25:INFO:Sent reply
[92mINFO [0m:      
02/06/2025 20:51:01:INFO:
[92mINFO [0m:      Received: train message 4407e37c-bd9f-4af9-a414-70715db413ec
02/06/2025 20:51:01:INFO:Received: train message 4407e37c-bd9f-4af9-a414-70715db413ec
/home/dgxuser16/anaconda3/envs/ihpc/lib/python3.8/site-packages/torch/nn/modules/module.py:1640: FutureWarning: Using a non-full backward hook when the forward contains multiple autograd Nodes is deprecated and will be removed in future versions. This hook will be missing some grad_input. Please use register_full_backward_hook to get the documented behavior.
  self._maybe_warn_non_full_backward_hook(args, result, grad_fn)
[92mINFO [0m:      Sent reply
02/06/2025 21:08:35:INFO:Sent reply
[92mINFO [0m:      
02/06/2025 21:41:19:INFO:
[92mINFO [0m:      Received: evaluate message 39b0d023-59ef-41f5-a628-7db4e0172459
02/06/2025 21:41:19:INFO:Received: evaluate message 39b0d023-59ef-41f5-a628-7db4e0172459
[92mINFO [0m:      Sent reply
02/06/2025 21:47:19:INFO:Sent reply
[92mINFO [0m:      
02/06/2025 21:47:58:INFO:
[92mINFO [0m:      Received: train message d7341ed1-de8f-484c-8250-03b6444ce7e0
02/06/2025 21:47:58:INFO:Received: train message d7341ed1-de8f-484c-8250-03b6444ce7e0
/home/dgxuser16/anaconda3/envs/ihpc/lib/python3.8/site-packages/torch/nn/modules/module.py:1640: FutureWarning: Using a non-full backward hook when the forward contains multiple autograd Nodes is deprecated and will be removed in future versions. This hook will be missing some grad_input. Please use register_full_backward_hook to get the documented behavior.
  self._maybe_warn_non_full_backward_hook(args, result, grad_fn)
[92mINFO [0m:      Sent reply
02/06/2025 22:06:04:INFO:Sent reply
[92mINFO [0m:      
02/06/2025 22:30:31:INFO:
[92mINFO [0m:      Received: evaluate message a1c03088-a592-4fd0-8da6-b97f51f96653
02/06/2025 22:30:31:INFO:Received: evaluate message a1c03088-a592-4fd0-8da6-b97f51f96653
['/raid/home/dgxuser16/NTL/mccarthy/ahmad/github/adaptive_privacy_fl/isic/fixed_noise/0.84, e=10', '/home/dgxuser16/anaconda3/envs/ihpc/lib/python38.zip', '/home/dgxuser16/anaconda3/envs/ihpc/lib/python3.8', '/home/dgxuser16/anaconda3/envs/ihpc/lib/python3.8/lib-dynload', '/home/dgxuser16/anaconda3/envs/ihpc/lib/python3.8/site-packages', '/raid/home/dgxuser16/NTL/mccarthy/ahmad/github/adaptive_privacy_fl/isic/fixed_noise/0.84, e=10']
Device: cuda:0
Params: {'batch_size': 32, 'local_epochs': 3, 'full_dataset_size': 18597, 'number_of_classes': 8}
Privacy Params: {'target_delta': 1e-05, 'noise_multiplier': 0.84, 'max_grad_norm': 1.0}
Epsilon = 1.93

{'loss': [1.612203709886192], 'accuracy': [0.47603705195328233], 'auc': [0.7152230125869112]}

Epsilon = 2.47

{'loss': [1.612203709886192, 1.5498765971072008], 'accuracy': [0.47603705195328233, 0.5412807088199758], 'auc': [0.7152230125869112, 0.7535819291970225]}

Epsilon = 2.91

{'loss': [1.612203709886192, 1.5498765971072008, 1.5264019519630767], 'accuracy': [0.47603705195328233, 0.5412807088199758, 0.5638340716874748], 'auc': [0.7152230125869112, 0.7535819291970225, 0.7737306622352944]}

Epsilon = 3.30

{'loss': [1.612203709886192, 1.5498765971072008, 1.5264019519630767, 1.50121472388854], 'accuracy': [0.47603705195328233, 0.5412807088199758, 0.5638340716874748, 0.5771244462343939], 'auc': [0.7152230125869112, 0.7535819291970225, 0.7737306622352944, 0.7885938176190107]}

Epsilon = 3.65

{'loss': [1.612203709886192, 1.5498765971072008, 1.5264019519630767, 1.50121472388854, 1.4716596522736445], 'accuracy': [0.47603705195328233, 0.5412807088199758, 0.5638340716874748, 0.5771244462343939, 0.5839710028191704], 'auc': [0.7152230125869112, 0.7535819291970225, 0.7737306622352944, 0.7885938176190107, 0.8006292382434419]}

Epsilon = 3.98

{'loss': [1.612203709886192, 1.5498765971072008, 1.5264019519630767, 1.50121472388854, 1.4716596522736445, 1.4459196044896525], 'accuracy': [0.47603705195328233, 0.5412807088199758, 0.5638340716874748, 0.5771244462343939, 0.5839710028191704, 0.5879983890455095], 'auc': [0.7152230125869112, 0.7535819291970225, 0.7737306622352944, 0.7885938176190107, 0.8006292382434419, 0.8075879261298846]}

Epsilon = 4.29

{'loss': [1.612203709886192, 1.5498765971072008, 1.5264019519630767, 1.50121472388854, 1.4716596522736445, 1.4459196044896525, 1.4413828845471564], 'accuracy': [0.47603705195328233, 0.5412807088199758, 0.5638340716874748, 0.5771244462343939, 0.5839710028191704, 0.5879983890455095, 0.5956504228755538], 'auc': [0.7152230125869112, 0.7535819291970225, 0.7737306622352944, 0.7885938176190107, 0.8006292382434419, 0.8075879261298846, 0.8136677240893866]}

Epsilon = 4.58

{'loss': [1.612203709886192, 1.5498765971072008, 1.5264019519630767, 1.50121472388854, 1.4716596522736445, 1.4459196044896525, 1.4413828845471564, 1.4259670824952726], 'accuracy': [0.47603705195328233, 0.5412807088199758, 0.5638340716874748, 0.5771244462343939, 0.5839710028191704, 0.5879983890455095, 0.5956504228755538, 0.5980668546113572], 'auc': [0.7152230125869112, 0.7535819291970225, 0.7737306622352944, 0.7885938176190107, 0.8006292382434419, 0.8075879261298846, 0.8136677240893866, 0.8219293485719117]}

Epsilon = 4.86

{'loss': [1.612203709886192, 1.5498765971072008, 1.5264019519630767, 1.50121472388854, 1.4716596522736445, 1.4459196044896525, 1.4413828845471564, 1.4259670824952726, 1.4360762971858079], 'accuracy': [0.47603705195328233, 0.5412807088199758, 0.5638340716874748, 0.5771244462343939, 0.5839710028191704, 0.5879983890455095, 0.5956504228755538, 0.5980668546113572, 0.6008860249697946], 'auc': [0.7152230125869112, 0.7535819291970225, 0.7737306622352944, 0.7885938176190107, 0.8006292382434419, 0.8075879261298846, 0.8136677240893866, 0.8219293485719117, 0.8241303977207267]}

Epsilon = 5.13

{'loss': [1.612203709886192, 1.5498765971072008, 1.5264019519630767, 1.50121472388854, 1.4716596522736445, 1.4459196044896525, 1.4413828845471564, 1.4259670824952726, 1.4360762971858079, 1.4011732590952277], 'accuracy': [0.47603705195328233, 0.5412807088199758, 0.5638340716874748, 0.5771244462343939, 0.5839710028191704, 0.5879983890455095, 0.5956504228755538, 0.5980668546113572, 0.6008860249697946, 0.6065243656866693], 'auc': [0.7152230125869112, 0.7535819291970225, 0.7737306622352944, 0.7885938176190107, 0.8006292382434419, 0.8075879261298846, 0.8136677240893866, 0.8219293485719117, 0.8241303977207267, 0.8298322621965688]}

Epsilon = 5.39

{'loss': [1.612203709886192, 1.5498765971072008, 1.5264019519630767, 1.50121472388854, 1.4716596522736445, 1.4459196044896525, 1.4413828845471564, 1.4259670824952726, 1.4360762971858079, 1.4011732590952277, 1.4261231002815298], 'accuracy': [0.47603705195328233, 0.5412807088199758, 0.5638340716874748, 0.5771244462343939, 0.5839710028191704, 0.5879983890455095, 0.5956504228755538, 0.5980668546113572, 0.6008860249697946, 0.6065243656866693, 0.6053161498187676], 'auc': [0.7152230125869112, 0.7535819291970225, 0.7737306622352944, 0.7885938176190107, 0.8006292382434419, 0.8075879261298846, 0.8136677240893866, 0.8219293485719117, 0.8241303977207267, 0.8298322621965688, 0.8289443367302878]}

Epsilon = 5.64

{'loss': [1.612203709886192, 1.5498765971072008, 1.5264019519630767, 1.50121472388854, 1.4716596522736445, 1.4459196044896525, 1.4413828845471564, 1.4259670824952726, 1.4360762971858079, 1.4011732590952277, 1.4261231002815298, 1.4108627575614305], 'accuracy': [0.47603705195328233, 0.5412807088199758, 0.5638340716874748, 0.5771244462343939, 0.5839710028191704, 0.5879983890455095, 0.5956504228755538, 0.5980668546113572, 0.6008860249697946, 0.6065243656866693, 0.6053161498187676, 0.6061216270640355], 'auc': [0.7152230125869112, 0.7535819291970225, 0.7737306622352944, 0.7885938176190107, 0.8006292382434419, 0.8075879261298846, 0.8136677240893866, 0.8219293485719117, 0.8241303977207267, 0.8298322621965688, 0.8289443367302878, 0.831405015855841]}

Epsilon = 5.88

{'loss': [1.612203709886192, 1.5498765971072008, 1.5264019519630767, 1.50121472388854, 1.4716596522736445, 1.4459196044896525, 1.4413828845471564, 1.4259670824952726, 1.4360762971858079, 1.4011732590952277, 1.4261231002815298, 1.4108627575614305, 1.4047074290806374], 'accuracy': [0.47603705195328233, 0.5412807088199758, 0.5638340716874748, 0.5771244462343939, 0.5839710028191704, 0.5879983890455095, 0.5956504228755538, 0.5980668546113572, 0.6008860249697946, 0.6065243656866693, 0.6053161498187676, 0.6061216270640355, 0.6129681836488119], 'auc': [0.7152230125869112, 0.7535819291970225, 0.7737306622352944, 0.7885938176190107, 0.8006292382434419, 0.8075879261298846, 0.8136677240893866, 0.8219293485719117, 0.8241303977207267, 0.8298322621965688, 0.8289443367302878, 0.831405015855841, 0.8325967648363795]}

Epsilon = 6.11

{'loss': [1.612203709886192, 1.5498765971072008, 1.5264019519630767, 1.50121472388854, 1.4716596522736445, 1.4459196044896525, 1.4413828845471564, 1.4259670824952726, 1.4360762971858079, 1.4011732590952277, 1.4261231002815298, 1.4108627575614305, 1.4047074290806374, 1.4151098598552432], 'accuracy': [0.47603705195328233, 0.5412807088199758, 0.5638340716874748, 0.5771244462343939, 0.5839710028191704, 0.5879983890455095, 0.5956504228755538, 0.5980668546113572, 0.6008860249697946, 0.6065243656866693, 0.6053161498187676, 0.6061216270640355, 0.6129681836488119, 0.6129681836488119], 'auc': [0.7152230125869112, 0.7535819291970225, 0.7737306622352944, 0.7885938176190107, 0.8006292382434419, 0.8075879261298846, 0.8136677240893866, 0.8219293485719117, 0.8241303977207267, 0.8298322621965688, 0.8289443367302878, 0.831405015855841, 0.8325967648363795, 0.8311804311418014]}

Epsilon = 6.34
[92mINFO [0m:      Sent reply
02/06/2025 22:36:18:INFO:Sent reply
[92mINFO [0m:      
02/06/2025 22:36:51:INFO:
[92mINFO [0m:      Received: train message e782cb87-3497-4fb7-8412-8865c0d21865
02/06/2025 22:36:51:INFO:Received: train message e782cb87-3497-4fb7-8412-8865c0d21865
/home/dgxuser16/anaconda3/envs/ihpc/lib/python3.8/site-packages/torch/nn/modules/module.py:1640: FutureWarning: Using a non-full backward hook when the forward contains multiple autograd Nodes is deprecated and will be removed in future versions. This hook will be missing some grad_input. Please use register_full_backward_hook to get the documented behavior.
  self._maybe_warn_non_full_backward_hook(args, result, grad_fn)
[92mINFO [0m:      Sent reply
02/06/2025 22:53:32:INFO:Sent reply
[92mINFO [0m:      
02/06/2025 23:19:32:INFO:
[92mINFO [0m:      Received: evaluate message c1fef171-ab84-4aed-9a48-e3677d3703be
02/06/2025 23:19:32:INFO:Received: evaluate message c1fef171-ab84-4aed-9a48-e3677d3703be
[92mINFO [0m:      Sent reply
02/06/2025 23:24:55:INFO:Sent reply
[92mINFO [0m:      
02/06/2025 23:25:31:INFO:
[92mINFO [0m:      Received: train message 3f6d2687-0c72-43e7-a7d2-28e9dbb9c1ad
02/06/2025 23:25:31:INFO:Received: train message 3f6d2687-0c72-43e7-a7d2-28e9dbb9c1ad
/home/dgxuser16/anaconda3/envs/ihpc/lib/python3.8/site-packages/torch/nn/modules/module.py:1640: FutureWarning: Using a non-full backward hook when the forward contains multiple autograd Nodes is deprecated and will be removed in future versions. This hook will be missing some grad_input. Please use register_full_backward_hook to get the documented behavior.
  self._maybe_warn_non_full_backward_hook(args, result, grad_fn)
[92mINFO [0m:      Sent reply
02/06/2025 23:41:57:INFO:Sent reply
[92mINFO [0m:      
02/07/2025 00:03:58:INFO:
[92mINFO [0m:      Received: evaluate message bfec4535-35ec-4396-95c7-a2e81463ffce
02/07/2025 00:03:58:INFO:Received: evaluate message bfec4535-35ec-4396-95c7-a2e81463ffce
[92mINFO [0m:      Sent reply
02/07/2025 00:09:17:INFO:Sent reply
[92mINFO [0m:      
02/07/2025 00:09:59:INFO:
[92mINFO [0m:      Received: train message 81601f00-1e75-4e12-9a82-78a4475075f4
02/07/2025 00:09:59:INFO:Received: train message 81601f00-1e75-4e12-9a82-78a4475075f4
/home/dgxuser16/anaconda3/envs/ihpc/lib/python3.8/site-packages/torch/nn/modules/module.py:1640: FutureWarning: Using a non-full backward hook when the forward contains multiple autograd Nodes is deprecated and will be removed in future versions. This hook will be missing some grad_input. Please use register_full_backward_hook to get the documented behavior.
  self._maybe_warn_non_full_backward_hook(args, result, grad_fn)
[92mINFO [0m:      Sent reply
02/07/2025 00:26:17:INFO:Sent reply
[92mINFO [0m:      
02/07/2025 00:49:12:INFO:
[92mINFO [0m:      Received: evaluate message 2749e03d-199b-4a42-97be-669757436aca
02/07/2025 00:49:12:INFO:Received: evaluate message 2749e03d-199b-4a42-97be-669757436aca
[92mINFO [0m:      Sent reply
02/07/2025 00:54:20:INFO:Sent reply
[92mINFO [0m:      
02/07/2025 00:54:57:INFO:
[92mINFO [0m:      Received: train message ec802c1e-ceb2-4321-999f-e3bacca0545b
02/07/2025 00:54:57:INFO:Received: train message ec802c1e-ceb2-4321-999f-e3bacca0545b
/home/dgxuser16/anaconda3/envs/ihpc/lib/python3.8/site-packages/torch/nn/modules/module.py:1640: FutureWarning: Using a non-full backward hook when the forward contains multiple autograd Nodes is deprecated and will be removed in future versions. This hook will be missing some grad_input. Please use register_full_backward_hook to get the documented behavior.
  self._maybe_warn_non_full_backward_hook(args, result, grad_fn)
[92mINFO [0m:      Sent reply
02/07/2025 01:10:24:INFO:Sent reply
[92mINFO [0m:      
02/07/2025 01:34:33:INFO:
[92mINFO [0m:      Received: evaluate message a04955b2-30f5-4026-98b0-01ae0e55f907
02/07/2025 01:34:33:INFO:Received: evaluate message a04955b2-30f5-4026-98b0-01ae0e55f907
[92mINFO [0m:      Sent reply
02/07/2025 01:39:50:INFO:Sent reply
[92mINFO [0m:      
02/07/2025 01:40:17:INFO:
[92mINFO [0m:      Received: train message d9c20de6-2330-4742-b798-721b9a2e27c4
02/07/2025 01:40:17:INFO:Received: train message d9c20de6-2330-4742-b798-721b9a2e27c4
/home/dgxuser16/anaconda3/envs/ihpc/lib/python3.8/site-packages/torch/nn/modules/module.py:1640: FutureWarning: Using a non-full backward hook when the forward contains multiple autograd Nodes is deprecated and will be removed in future versions. This hook will be missing some grad_input. Please use register_full_backward_hook to get the documented behavior.
  self._maybe_warn_non_full_backward_hook(args, result, grad_fn)
[92mINFO [0m:      Sent reply
02/07/2025 01:56:46:INFO:Sent reply
[92mINFO [0m:      
02/07/2025 02:17:28:INFO:
[92mINFO [0m:      Received: evaluate message c92a68d5-b9c8-4587-9aa2-5b405f70fe6b
02/07/2025 02:17:28:INFO:Received: evaluate message c92a68d5-b9c8-4587-9aa2-5b405f70fe6b
[92mINFO [0m:      Sent reply
02/07/2025 02:23:05:INFO:Sent reply
[92mINFO [0m:      
02/07/2025 02:23:59:INFO:
[92mINFO [0m:      Received: train message 5f55357c-2c1e-4a8b-b548-94310ca78610
02/07/2025 02:23:59:INFO:Received: train message 5f55357c-2c1e-4a8b-b548-94310ca78610
/home/dgxuser16/anaconda3/envs/ihpc/lib/python3.8/site-packages/torch/nn/modules/module.py:1640: FutureWarning: Using a non-full backward hook when the forward contains multiple autograd Nodes is deprecated and will be removed in future versions. This hook will be missing some grad_input. Please use register_full_backward_hook to get the documented behavior.
  self._maybe_warn_non_full_backward_hook(args, result, grad_fn)
[92mINFO [0m:      Sent reply
02/07/2025 02:40:50:INFO:Sent reply
[92mINFO [0m:      
02/07/2025 03:02:35:INFO:
[92mINFO [0m:      Received: evaluate message 4c7758df-fc4a-4a2f-a465-d6c91aea37c0
02/07/2025 03:02:35:INFO:Received: evaluate message 4c7758df-fc4a-4a2f-a465-d6c91aea37c0
[92mINFO [0m:      Sent reply
02/07/2025 03:08:24:INFO:Sent reply
[92mINFO [0m:      
02/07/2025 03:09:00:INFO:
[92mINFO [0m:      Received: train message e4facf22-8055-47a6-b01a-e63c63ba903e
02/07/2025 03:09:00:INFO:Received: train message e4facf22-8055-47a6-b01a-e63c63ba903e
/home/dgxuser16/anaconda3/envs/ihpc/lib/python3.8/site-packages/torch/nn/modules/module.py:1640: FutureWarning: Using a non-full backward hook when the forward contains multiple autograd Nodes is deprecated and will be removed in future versions. This hook will be missing some grad_input. Please use register_full_backward_hook to get the documented behavior.
  self._maybe_warn_non_full_backward_hook(args, result, grad_fn)
[92mINFO [0m:      Sent reply
02/07/2025 03:24:10:INFO:Sent reply
[92mINFO [0m:      
02/07/2025 03:49:31:INFO:
[92mINFO [0m:      Received: evaluate message 6c01aa04-93da-42c1-a713-9a6774c00748
02/07/2025 03:49:31:INFO:Received: evaluate message 6c01aa04-93da-42c1-a713-9a6774c00748

{'loss': [1.612203709886192, 1.5498765971072008, 1.5264019519630767, 1.50121472388854, 1.4716596522736445, 1.4459196044896525, 1.4413828845471564, 1.4259670824952726, 1.4360762971858079, 1.4011732590952277, 1.4261231002815298, 1.4108627575614305, 1.4047074290806374, 1.4151098598552432, 1.4189596336021377], 'accuracy': [0.47603705195328233, 0.5412807088199758, 0.5638340716874748, 0.5771244462343939, 0.5839710028191704, 0.5879983890455095, 0.5956504228755538, 0.5980668546113572, 0.6008860249697946, 0.6065243656866693, 0.6053161498187676, 0.6061216270640355, 0.6129681836488119, 0.6129681836488119, 0.6133709222714459], 'auc': [0.7152230125869112, 0.7535819291970225, 0.7737306622352944, 0.7885938176190107, 0.8006292382434419, 0.8075879261298846, 0.8136677240893866, 0.8219293485719117, 0.8241303977207267, 0.8298322621965688, 0.8289443367302878, 0.831405015855841, 0.8325967648363795, 0.8311804311418014, 0.8312914926029793]}

Epsilon = 6.57

{'loss': [1.612203709886192, 1.5498765971072008, 1.5264019519630767, 1.50121472388854, 1.4716596522736445, 1.4459196044896525, 1.4413828845471564, 1.4259670824952726, 1.4360762971858079, 1.4011732590952277, 1.4261231002815298, 1.4108627575614305, 1.4047074290806374, 1.4151098598552432, 1.4189596336021377, 1.4216385440772645], 'accuracy': [0.47603705195328233, 0.5412807088199758, 0.5638340716874748, 0.5771244462343939, 0.5839710028191704, 0.5879983890455095, 0.5956504228755538, 0.5980668546113572, 0.6008860249697946, 0.6065243656866693, 0.6053161498187676, 0.6061216270640355, 0.6129681836488119, 0.6129681836488119, 0.6133709222714459, 0.6149818767619815], 'auc': [0.7152230125869112, 0.7535819291970225, 0.7737306622352944, 0.7885938176190107, 0.8006292382434419, 0.8075879261298846, 0.8136677240893866, 0.8219293485719117, 0.8241303977207267, 0.8298322621965688, 0.8289443367302878, 0.831405015855841, 0.8325967648363795, 0.8311804311418014, 0.8312914926029793, 0.8324331713224761]}

Epsilon = 6.78

{'loss': [1.612203709886192, 1.5498765971072008, 1.5264019519630767, 1.50121472388854, 1.4716596522736445, 1.4459196044896525, 1.4413828845471564, 1.4259670824952726, 1.4360762971858079, 1.4011732590952277, 1.4261231002815298, 1.4108627575614305, 1.4047074290806374, 1.4151098598552432, 1.4189596336021377, 1.4216385440772645, 1.3929945329865092], 'accuracy': [0.47603705195328233, 0.5412807088199758, 0.5638340716874748, 0.5771244462343939, 0.5839710028191704, 0.5879983890455095, 0.5956504228755538, 0.5980668546113572, 0.6008860249697946, 0.6065243656866693, 0.6053161498187676, 0.6061216270640355, 0.6129681836488119, 0.6129681836488119, 0.6133709222714459, 0.6149818767619815, 0.6194120016109544], 'auc': [0.7152230125869112, 0.7535819291970225, 0.7737306622352944, 0.7885938176190107, 0.8006292382434419, 0.8075879261298846, 0.8136677240893866, 0.8219293485719117, 0.8241303977207267, 0.8298322621965688, 0.8289443367302878, 0.831405015855841, 0.8325967648363795, 0.8311804311418014, 0.8312914926029793, 0.8324331713224761, 0.8378948351799218]}

Epsilon = 7.00

{'loss': [1.612203709886192, 1.5498765971072008, 1.5264019519630767, 1.50121472388854, 1.4716596522736445, 1.4459196044896525, 1.4413828845471564, 1.4259670824952726, 1.4360762971858079, 1.4011732590952277, 1.4261231002815298, 1.4108627575614305, 1.4047074290806374, 1.4151098598552432, 1.4189596336021377, 1.4216385440772645, 1.3929945329865092, 1.3900920830087895], 'accuracy': [0.47603705195328233, 0.5412807088199758, 0.5638340716874748, 0.5771244462343939, 0.5839710028191704, 0.5879983890455095, 0.5956504228755538, 0.5980668546113572, 0.6008860249697946, 0.6065243656866693, 0.6053161498187676, 0.6061216270640355, 0.6129681836488119, 0.6129681836488119, 0.6133709222714459, 0.6149818767619815, 0.6194120016109544, 0.6165928312525171], 'auc': [0.7152230125869112, 0.7535819291970225, 0.7737306622352944, 0.7885938176190107, 0.8006292382434419, 0.8075879261298846, 0.8136677240893866, 0.8219293485719117, 0.8241303977207267, 0.8298322621965688, 0.8289443367302878, 0.831405015855841, 0.8325967648363795, 0.8311804311418014, 0.8312914926029793, 0.8324331713224761, 0.8378948351799218, 0.8401591200749314]}

Epsilon = 7.21

{'loss': [1.612203709886192, 1.5498765971072008, 1.5264019519630767, 1.50121472388854, 1.4716596522736445, 1.4459196044896525, 1.4413828845471564, 1.4259670824952726, 1.4360762971858079, 1.4011732590952277, 1.4261231002815298, 1.4108627575614305, 1.4047074290806374, 1.4151098598552432, 1.4189596336021377, 1.4216385440772645, 1.3929945329865092, 1.3900920830087895, 1.3871657193979332], 'accuracy': [0.47603705195328233, 0.5412807088199758, 0.5638340716874748, 0.5771244462343939, 0.5839710028191704, 0.5879983890455095, 0.5956504228755538, 0.5980668546113572, 0.6008860249697946, 0.6065243656866693, 0.6053161498187676, 0.6061216270640355, 0.6129681836488119, 0.6129681836488119, 0.6133709222714459, 0.6149818767619815, 0.6194120016109544, 0.6165928312525171, 0.6190092629883206], 'auc': [0.7152230125869112, 0.7535819291970225, 0.7737306622352944, 0.7885938176190107, 0.8006292382434419, 0.8075879261298846, 0.8136677240893866, 0.8219293485719117, 0.8241303977207267, 0.8298322621965688, 0.8289443367302878, 0.831405015855841, 0.8325967648363795, 0.8311804311418014, 0.8312914926029793, 0.8324331713224761, 0.8378948351799218, 0.8401591200749314, 0.8449566356244014]}

Epsilon = 7.41

{'loss': [1.612203709886192, 1.5498765971072008, 1.5264019519630767, 1.50121472388854, 1.4716596522736445, 1.4459196044896525, 1.4413828845471564, 1.4259670824952726, 1.4360762971858079, 1.4011732590952277, 1.4261231002815298, 1.4108627575614305, 1.4047074290806374, 1.4151098598552432, 1.4189596336021377, 1.4216385440772645, 1.3929945329865092, 1.3900920830087895, 1.3871657193979332, 1.3706634365355252], 'accuracy': [0.47603705195328233, 0.5412807088199758, 0.5638340716874748, 0.5771244462343939, 0.5839710028191704, 0.5879983890455095, 0.5956504228755538, 0.5980668546113572, 0.6008860249697946, 0.6065243656866693, 0.6053161498187676, 0.6061216270640355, 0.6129681836488119, 0.6129681836488119, 0.6133709222714459, 0.6149818767619815, 0.6194120016109544, 0.6165928312525171, 0.6190092629883206, 0.6230366492146597], 'auc': [0.7152230125869112, 0.7535819291970225, 0.7737306622352944, 0.7885938176190107, 0.8006292382434419, 0.8075879261298846, 0.8136677240893866, 0.8219293485719117, 0.8241303977207267, 0.8298322621965688, 0.8289443367302878, 0.831405015855841, 0.8325967648363795, 0.8311804311418014, 0.8312914926029793, 0.8324331713224761, 0.8378948351799218, 0.8401591200749314, 0.8449566356244014, 0.8468116600395964]}

Epsilon = 7.61

{'loss': [1.612203709886192, 1.5498765971072008, 1.5264019519630767, 1.50121472388854, 1.4716596522736445, 1.4459196044896525, 1.4413828845471564, 1.4259670824952726, 1.4360762971858079, 1.4011732590952277, 1.4261231002815298, 1.4108627575614305, 1.4047074290806374, 1.4151098598552432, 1.4189596336021377, 1.4216385440772645, 1.3929945329865092, 1.3900920830087895, 1.3871657193979332, 1.3706634365355252, 1.3700746106995818], 'accuracy': [0.47603705195328233, 0.5412807088199758, 0.5638340716874748, 0.5771244462343939, 0.5839710028191704, 0.5879983890455095, 0.5956504228755538, 0.5980668546113572, 0.6008860249697946, 0.6065243656866693, 0.6053161498187676, 0.6061216270640355, 0.6129681836488119, 0.6129681836488119, 0.6133709222714459, 0.6149818767619815, 0.6194120016109544, 0.6165928312525171, 0.6190092629883206, 0.6230366492146597, 0.6206202174788562], 'auc': [0.7152230125869112, 0.7535819291970225, 0.7737306622352944, 0.7885938176190107, 0.8006292382434419, 0.8075879261298846, 0.8136677240893866, 0.8219293485719117, 0.8241303977207267, 0.8298322621965688, 0.8289443367302878, 0.831405015855841, 0.8325967648363795, 0.8311804311418014, 0.8312914926029793, 0.8324331713224761, 0.8378948351799218, 0.8401591200749314, 0.8449566356244014, 0.8468116600395964, 0.8466257624922202]}

Epsilon = 7.81
[92mINFO [0m:      Sent reply
02/07/2025 03:54:22:INFO:Sent reply
[92mINFO [0m:      
02/07/2025 03:55:18:INFO:
[92mINFO [0m:      Received: train message 28ac372b-57f6-49e4-90ac-4dfaf5e7b210
02/07/2025 03:55:18:INFO:Received: train message 28ac372b-57f6-49e4-90ac-4dfaf5e7b210
/home/dgxuser16/anaconda3/envs/ihpc/lib/python3.8/site-packages/torch/nn/modules/module.py:1640: FutureWarning: Using a non-full backward hook when the forward contains multiple autograd Nodes is deprecated and will be removed in future versions. This hook will be missing some grad_input. Please use register_full_backward_hook to get the documented behavior.
  self._maybe_warn_non_full_backward_hook(args, result, grad_fn)
[92mINFO [0m:      Sent reply
02/07/2025 04:11:40:INFO:Sent reply
[92mINFO [0m:      
02/07/2025 04:35:21:INFO:
[92mINFO [0m:      Received: evaluate message 9b9bfb84-2c83-46ad-811b-85e8132d8948
02/07/2025 04:35:21:INFO:Received: evaluate message 9b9bfb84-2c83-46ad-811b-85e8132d8948
[92mINFO [0m:      Sent reply
02/07/2025 04:41:12:INFO:Sent reply
[92mINFO [0m:      
02/07/2025 04:41:44:INFO:
[92mINFO [0m:      Received: train message eeb10e0a-a245-4d15-9912-90590cd6fc51
02/07/2025 04:41:44:INFO:Received: train message eeb10e0a-a245-4d15-9912-90590cd6fc51
/home/dgxuser16/anaconda3/envs/ihpc/lib/python3.8/site-packages/torch/nn/modules/module.py:1640: FutureWarning: Using a non-full backward hook when the forward contains multiple autograd Nodes is deprecated and will be removed in future versions. This hook will be missing some grad_input. Please use register_full_backward_hook to get the documented behavior.
  self._maybe_warn_non_full_backward_hook(args, result, grad_fn)
[92mINFO [0m:      Sent reply
02/07/2025 04:58:24:INFO:Sent reply
[92mINFO [0m:      
02/07/2025 05:20:27:INFO:
[92mINFO [0m:      Received: evaluate message 89772de2-28fd-4a22-9541-3fc1238b45c8
02/07/2025 05:20:27:INFO:Received: evaluate message 89772de2-28fd-4a22-9541-3fc1238b45c8
[92mINFO [0m:      Sent reply
02/07/2025 05:25:30:INFO:Sent reply
[92mINFO [0m:      
02/07/2025 05:25:56:INFO:
[92mINFO [0m:      Received: train message d2406814-6f73-43b5-bc2a-275ce6db1ee8
02/07/2025 05:25:56:INFO:Received: train message d2406814-6f73-43b5-bc2a-275ce6db1ee8
/home/dgxuser16/anaconda3/envs/ihpc/lib/python3.8/site-packages/torch/nn/modules/module.py:1640: FutureWarning: Using a non-full backward hook when the forward contains multiple autograd Nodes is deprecated and will be removed in future versions. This hook will be missing some grad_input. Please use register_full_backward_hook to get the documented behavior.
  self._maybe_warn_non_full_backward_hook(args, result, grad_fn)
[92mINFO [0m:      Sent reply
02/07/2025 05:41:16:INFO:Sent reply
[92mINFO [0m:      
02/07/2025 06:00:12:INFO:
[92mINFO [0m:      Received: evaluate message c3ec598b-e572-40b4-8634-03e457c1908a
02/07/2025 06:00:12:INFO:Received: evaluate message c3ec598b-e572-40b4-8634-03e457c1908a
[92mINFO [0m:      Sent reply
02/07/2025 06:05:12:INFO:Sent reply
[92mINFO [0m:      
02/07/2025 06:06:02:INFO:
[92mINFO [0m:      Received: train message ba85e077-9dcc-4760-859c-553c4c5262ab
02/07/2025 06:06:02:INFO:Received: train message ba85e077-9dcc-4760-859c-553c4c5262ab
/home/dgxuser16/anaconda3/envs/ihpc/lib/python3.8/site-packages/torch/nn/modules/module.py:1640: FutureWarning: Using a non-full backward hook when the forward contains multiple autograd Nodes is deprecated and will be removed in future versions. This hook will be missing some grad_input. Please use register_full_backward_hook to get the documented behavior.
  self._maybe_warn_non_full_backward_hook(args, result, grad_fn)
[92mINFO [0m:      Sent reply
02/07/2025 06:21:22:INFO:Sent reply
[92mINFO [0m:      
02/07/2025 06:40:39:INFO:
[92mINFO [0m:      Received: evaluate message 6929f529-c6dd-4e12-9321-f0f122658d7c
02/07/2025 06:40:39:INFO:Received: evaluate message 6929f529-c6dd-4e12-9321-f0f122658d7c
[92mINFO [0m:      Sent reply
02/07/2025 06:45:39:INFO:Sent reply
[92mINFO [0m:      
02/07/2025 06:45:54:INFO:
[92mINFO [0m:      Received: train message a6343b04-5eca-4ff2-a0be-4b3455ae81b4
02/07/2025 06:45:54:INFO:Received: train message a6343b04-5eca-4ff2-a0be-4b3455ae81b4
/home/dgxuser16/anaconda3/envs/ihpc/lib/python3.8/site-packages/torch/nn/modules/module.py:1640: FutureWarning: Using a non-full backward hook when the forward contains multiple autograd Nodes is deprecated and will be removed in future versions. This hook will be missing some grad_input. Please use register_full_backward_hook to get the documented behavior.
  self._maybe_warn_non_full_backward_hook(args, result, grad_fn)
[92mINFO [0m:      Sent reply
02/07/2025 07:01:11:INFO:Sent reply
[92mINFO [0m:      
02/07/2025 07:20:41:INFO:
[92mINFO [0m:      Received: evaluate message 2871cc20-e1f8-4bf6-9c4b-7a87d81bc939
02/07/2025 07:20:41:INFO:Received: evaluate message 2871cc20-e1f8-4bf6-9c4b-7a87d81bc939

{'loss': [1.612203709886192, 1.5498765971072008, 1.5264019519630767, 1.50121472388854, 1.4716596522736445, 1.4459196044896525, 1.4413828845471564, 1.4259670824952726, 1.4360762971858079, 1.4011732590952277, 1.4261231002815298, 1.4108627575614305, 1.4047074290806374, 1.4151098598552432, 1.4189596336021377, 1.4216385440772645, 1.3929945329865092, 1.3900920830087895, 1.3871657193979332, 1.3706634365355252, 1.3700746106995818, 1.3502867205508813], 'accuracy': [0.47603705195328233, 0.5412807088199758, 0.5638340716874748, 0.5771244462343939, 0.5839710028191704, 0.5879983890455095, 0.5956504228755538, 0.5980668546113572, 0.6008860249697946, 0.6065243656866693, 0.6053161498187676, 0.6061216270640355, 0.6129681836488119, 0.6129681836488119, 0.6133709222714459, 0.6149818767619815, 0.6194120016109544, 0.6165928312525171, 0.6190092629883206, 0.6230366492146597, 0.6206202174788562, 0.6286749899315345], 'auc': [0.7152230125869112, 0.7535819291970225, 0.7737306622352944, 0.7885938176190107, 0.8006292382434419, 0.8075879261298846, 0.8136677240893866, 0.8219293485719117, 0.8241303977207267, 0.8298322621965688, 0.8289443367302878, 0.831405015855841, 0.8325967648363795, 0.8311804311418014, 0.8312914926029793, 0.8324331713224761, 0.8378948351799218, 0.8401591200749314, 0.8449566356244014, 0.8468116600395964, 0.8466257624922202, 0.849512076468996]}

Epsilon = 8.01

{'loss': [1.612203709886192, 1.5498765971072008, 1.5264019519630767, 1.50121472388854, 1.4716596522736445, 1.4459196044896525, 1.4413828845471564, 1.4259670824952726, 1.4360762971858079, 1.4011732590952277, 1.4261231002815298, 1.4108627575614305, 1.4047074290806374, 1.4151098598552432, 1.4189596336021377, 1.4216385440772645, 1.3929945329865092, 1.3900920830087895, 1.3871657193979332, 1.3706634365355252, 1.3700746106995818, 1.3502867205508813, 1.3713404947454488], 'accuracy': [0.47603705195328233, 0.5412807088199758, 0.5638340716874748, 0.5771244462343939, 0.5839710028191704, 0.5879983890455095, 0.5956504228755538, 0.5980668546113572, 0.6008860249697946, 0.6065243656866693, 0.6053161498187676, 0.6061216270640355, 0.6129681836488119, 0.6129681836488119, 0.6133709222714459, 0.6149818767619815, 0.6194120016109544, 0.6165928312525171, 0.6190092629883206, 0.6230366492146597, 0.6206202174788562, 0.6286749899315345, 0.6250503423278292], 'auc': [0.7152230125869112, 0.7535819291970225, 0.7737306622352944, 0.7885938176190107, 0.8006292382434419, 0.8075879261298846, 0.8136677240893866, 0.8219293485719117, 0.8241303977207267, 0.8298322621965688, 0.8289443367302878, 0.831405015855841, 0.8325967648363795, 0.8311804311418014, 0.8312914926029793, 0.8324331713224761, 0.8378948351799218, 0.8401591200749314, 0.8449566356244014, 0.8468116600395964, 0.8466257624922202, 0.849512076468996, 0.8489218477967857]}

Epsilon = 8.20

{'loss': [1.612203709886192, 1.5498765971072008, 1.5264019519630767, 1.50121472388854, 1.4716596522736445, 1.4459196044896525, 1.4413828845471564, 1.4259670824952726, 1.4360762971858079, 1.4011732590952277, 1.4261231002815298, 1.4108627575614305, 1.4047074290806374, 1.4151098598552432, 1.4189596336021377, 1.4216385440772645, 1.3929945329865092, 1.3900920830087895, 1.3871657193979332, 1.3706634365355252, 1.3700746106995818, 1.3502867205508813, 1.3713404947454488, 1.3804254175384727], 'accuracy': [0.47603705195328233, 0.5412807088199758, 0.5638340716874748, 0.5771244462343939, 0.5839710028191704, 0.5879983890455095, 0.5956504228755538, 0.5980668546113572, 0.6008860249697946, 0.6065243656866693, 0.6053161498187676, 0.6061216270640355, 0.6129681836488119, 0.6129681836488119, 0.6133709222714459, 0.6149818767619815, 0.6194120016109544, 0.6165928312525171, 0.6190092629883206, 0.6230366492146597, 0.6206202174788562, 0.6286749899315345, 0.6250503423278292, 0.6246476037051953], 'auc': [0.7152230125869112, 0.7535819291970225, 0.7737306622352944, 0.7885938176190107, 0.8006292382434419, 0.8075879261298846, 0.8136677240893866, 0.8219293485719117, 0.8241303977207267, 0.8298322621965688, 0.8289443367302878, 0.831405015855841, 0.8325967648363795, 0.8311804311418014, 0.8312914926029793, 0.8324331713224761, 0.8378948351799218, 0.8401591200749314, 0.8449566356244014, 0.8468116600395964, 0.8466257624922202, 0.849512076468996, 0.8489218477967857, 0.8505791346107185]}

Epsilon = 8.39

{'loss': [1.612203709886192, 1.5498765971072008, 1.5264019519630767, 1.50121472388854, 1.4716596522736445, 1.4459196044896525, 1.4413828845471564, 1.4259670824952726, 1.4360762971858079, 1.4011732590952277, 1.4261231002815298, 1.4108627575614305, 1.4047074290806374, 1.4151098598552432, 1.4189596336021377, 1.4216385440772645, 1.3929945329865092, 1.3900920830087895, 1.3871657193979332, 1.3706634365355252, 1.3700746106995818, 1.3502867205508813, 1.3713404947454488, 1.3804254175384727, 1.37693455946143], 'accuracy': [0.47603705195328233, 0.5412807088199758, 0.5638340716874748, 0.5771244462343939, 0.5839710028191704, 0.5879983890455095, 0.5956504228755538, 0.5980668546113572, 0.6008860249697946, 0.6065243656866693, 0.6053161498187676, 0.6061216270640355, 0.6129681836488119, 0.6129681836488119, 0.6133709222714459, 0.6149818767619815, 0.6194120016109544, 0.6165928312525171, 0.6190092629883206, 0.6230366492146597, 0.6206202174788562, 0.6286749899315345, 0.6250503423278292, 0.6246476037051953, 0.6258558195730971], 'auc': [0.7152230125869112, 0.7535819291970225, 0.7737306622352944, 0.7885938176190107, 0.8006292382434419, 0.8075879261298846, 0.8136677240893866, 0.8219293485719117, 0.8241303977207267, 0.8298322621965688, 0.8289443367302878, 0.831405015855841, 0.8325967648363795, 0.8311804311418014, 0.8312914926029793, 0.8324331713224761, 0.8378948351799218, 0.8401591200749314, 0.8449566356244014, 0.8468116600395964, 0.8466257624922202, 0.849512076468996, 0.8489218477967857, 0.8505791346107185, 0.8505834617142449]}

Epsilon = 8.58

{'loss': [1.612203709886192, 1.5498765971072008, 1.5264019519630767, 1.50121472388854, 1.4716596522736445, 1.4459196044896525, 1.4413828845471564, 1.4259670824952726, 1.4360762971858079, 1.4011732590952277, 1.4261231002815298, 1.4108627575614305, 1.4047074290806374, 1.4151098598552432, 1.4189596336021377, 1.4216385440772645, 1.3929945329865092, 1.3900920830087895, 1.3871657193979332, 1.3706634365355252, 1.3700746106995818, 1.3502867205508813, 1.3713404947454488, 1.3804254175384727, 1.37693455946143, 1.3781825023891943], 'accuracy': [0.47603705195328233, 0.5412807088199758, 0.5638340716874748, 0.5771244462343939, 0.5839710028191704, 0.5879983890455095, 0.5956504228755538, 0.5980668546113572, 0.6008860249697946, 0.6065243656866693, 0.6053161498187676, 0.6061216270640355, 0.6129681836488119, 0.6129681836488119, 0.6133709222714459, 0.6149818767619815, 0.6194120016109544, 0.6165928312525171, 0.6190092629883206, 0.6230366492146597, 0.6206202174788562, 0.6286749899315345, 0.6250503423278292, 0.6246476037051953, 0.6258558195730971, 0.6266612968183649], 'auc': [0.7152230125869112, 0.7535819291970225, 0.7737306622352944, 0.7885938176190107, 0.8006292382434419, 0.8075879261298846, 0.8136677240893866, 0.8219293485719117, 0.8241303977207267, 0.8298322621965688, 0.8289443367302878, 0.831405015855841, 0.8325967648363795, 0.8311804311418014, 0.8312914926029793, 0.8324331713224761, 0.8378948351799218, 0.8401591200749314, 0.8449566356244014, 0.8468116600395964, 0.8466257624922202, 0.849512076468996, 0.8489218477967857, 0.8505791346107185, 0.8505834617142449, 0.8502934906969408]}

Epsilon = 8.76
[92mINFO [0m:      Sent reply
02/07/2025 07:25:46:INFO:Sent reply
[92mINFO [0m:      
02/07/2025 07:26:36:INFO:
[92mINFO [0m:      Received: train message 0008493f-1002-4931-999e-17a6a83d9a17
02/07/2025 07:26:36:INFO:Received: train message 0008493f-1002-4931-999e-17a6a83d9a17
/home/dgxuser16/anaconda3/envs/ihpc/lib/python3.8/site-packages/torch/nn/modules/module.py:1640: FutureWarning: Using a non-full backward hook when the forward contains multiple autograd Nodes is deprecated and will be removed in future versions. This hook will be missing some grad_input. Please use register_full_backward_hook to get the documented behavior.
  self._maybe_warn_non_full_backward_hook(args, result, grad_fn)
[92mINFO [0m:      Sent reply
02/07/2025 07:42:18:INFO:Sent reply
[92mINFO [0m:      
02/07/2025 08:01:50:INFO:
[92mINFO [0m:      Received: evaluate message 015cf420-e4c4-4ef0-ae98-4c91635798d7
02/07/2025 08:01:50:INFO:Received: evaluate message 015cf420-e4c4-4ef0-ae98-4c91635798d7
[92mINFO [0m:      Sent reply
02/07/2025 08:06:58:INFO:Sent reply
[92mINFO [0m:      
02/07/2025 08:07:17:INFO:
[92mINFO [0m:      Received: train message ce22c52d-9a4e-4b07-812c-ea53e4dd2b5f
02/07/2025 08:07:17:INFO:Received: train message ce22c52d-9a4e-4b07-812c-ea53e4dd2b5f
/home/dgxuser16/anaconda3/envs/ihpc/lib/python3.8/site-packages/torch/nn/modules/module.py:1640: FutureWarning: Using a non-full backward hook when the forward contains multiple autograd Nodes is deprecated and will be removed in future versions. This hook will be missing some grad_input. Please use register_full_backward_hook to get the documented behavior.
  self._maybe_warn_non_full_backward_hook(args, result, grad_fn)
[92mINFO [0m:      Sent reply
02/07/2025 08:22:53:INFO:Sent reply
[92mINFO [0m:      
02/07/2025 08:42:20:INFO:
[92mINFO [0m:      Received: evaluate message 38ba94b1-2648-454d-82ed-27ad7b0ffbf0
02/07/2025 08:42:20:INFO:Received: evaluate message 38ba94b1-2648-454d-82ed-27ad7b0ffbf0
[92mINFO [0m:      Sent reply
02/07/2025 08:47:17:INFO:Sent reply
[92mINFO [0m:      
02/07/2025 08:47:37:INFO:
[92mINFO [0m:      Received: train message aaae87b2-5eac-4c1f-9f5a-666f8a05cd7b
02/07/2025 08:47:37:INFO:Received: train message aaae87b2-5eac-4c1f-9f5a-666f8a05cd7b
/home/dgxuser16/anaconda3/envs/ihpc/lib/python3.8/site-packages/torch/nn/modules/module.py:1640: FutureWarning: Using a non-full backward hook when the forward contains multiple autograd Nodes is deprecated and will be removed in future versions. This hook will be missing some grad_input. Please use register_full_backward_hook to get the documented behavior.
  self._maybe_warn_non_full_backward_hook(args, result, grad_fn)
[92mINFO [0m:      Sent reply
02/07/2025 09:03:08:INFO:Sent reply
[92mINFO [0m:      
02/07/2025 09:21:27:INFO:
[92mINFO [0m:      Received: evaluate message 3ad614ac-b53f-4865-bb93-94c0d6df8c0f
02/07/2025 09:21:27:INFO:Received: evaluate message 3ad614ac-b53f-4865-bb93-94c0d6df8c0f
[92mINFO [0m:      Sent reply
02/07/2025 09:26:11:INFO:Sent reply
[92mINFO [0m:      
02/07/2025 09:26:38:INFO:
[92mINFO [0m:      Received: reconnect message 53a638f4-60bd-438a-a321-cf6026c7336e
02/07/2025 09:26:38:INFO:Received: reconnect message 53a638f4-60bd-438a-a321-cf6026c7336e
02/07/2025 09:26:38:DEBUG:gRPC channel closed
[92mINFO [0m:      Disconnect and shut down
02/07/2025 09:26:38:INFO:Disconnect and shut down
F0000 00:00:1738949199.021781 1304733 thd.h:170] Check failed: state_ == FAILED 
*** Check failure stack trace: ***
