nohup: ignoring input
/home/dgxuser16/anaconda3/envs/ihpc/lib/python3.8/site-packages/albumentations/__init__.py:13: UserWarning: A new version of Albumentations is available: 2.0.3 (you have 1.4.18). Upgrade using: pip install -U albumentations. To disable automatic update checks, set the environment variable NO_ALBUMENTATIONS_UPDATE to 1.
  check_for_updates()
/raid/home/dgxuser16/NTL/mccarthy/ahmad/github/adaptive_privacy_fl/isic/fixed_noise/0.84, e=10/flamby/datasets/fed_isic2019/dataset.py:222: DeprecationWarning: Flip is deprecated. Consider using HorizontalFlip, VerticalFlip, RandomRotate90 or D4.
  albumentations.Flip(p=0.5),
/home/dgxuser16/anaconda3/envs/ihpc/lib/python3.8/site-packages/pydantic/main.py:214: DeprecationWarning: `max_holes` is deprecated. Use num_holes_range instead.
  validated_self = self.__pydantic_validator__.validate_python(data, self_instance=self)
/home/dgxuser16/anaconda3/envs/ihpc/lib/python3.8/site-packages/pydantic/main.py:214: DeprecationWarning: `max_height` is deprecated. Use hole_height_range instead.
  validated_self = self.__pydantic_validator__.validate_python(data, self_instance=self)
/home/dgxuser16/anaconda3/envs/ihpc/lib/python3.8/site-packages/pydantic/main.py:214: DeprecationWarning: `max_width` is deprecated. Use hole_width_range instead.
  validated_self = self.__pydantic_validator__.validate_python(data, self_instance=self)
/home/dgxuser16/anaconda3/envs/ihpc/lib/python3.8/site-packages/albumentations/core/validation.py:45: DeprecationWarning: always_apply is deprecated. Use `p=1` if you want to always apply the transform. self.p will be set to 1.
  original_init(self, **validated_kwargs)
/home/dgxuser16/anaconda3/envs/ihpc/lib/python3.8/site-packages/albumentations/core/validation.py:45: DeprecationWarning: always_apply is deprecated. Use `p=1` if you want to always apply the transform. self.p will be set to 1.
  original_init(self, **validated_kwargs)
/home/dgxuser16/anaconda3/envs/ihpc/lib/python3.8/site-packages/opacus/privacy_engine.py:95: UserWarning: Secure RNG turned off. This is perfectly fine for experimentation as it allows for much faster training performance, but remember to turn it on and retrain one last time before production with ``secure_mode`` turned on.
  warnings.warn(
02/06/2025 10:06:57:DEBUG:Opened insecure gRPC connection (no certificates were passed)
02/06/2025 10:06:57:DEBUG:ChannelConnectivity.IDLE
02/06/2025 10:06:57:DEBUG:ChannelConnectivity.CONNECTING
02/06/2025 10:06:57:DEBUG:ChannelConnectivity.READY
WARNING: All log messages before absl::InitializeLog() is called are written to STDERR
I0000 00:00:1738865217.421334  624921 fork_posix.cc:75] Other threads are currently calling into gRPC, skipping fork() handlers
[92mINFO [0m:      
02/06/2025 10:07:20:INFO:
[92mINFO [0m:      Received: train message 5e5ced3a-e16f-4846-836a-b2d47abf07ec
02/06/2025 10:07:20:INFO:Received: train message 5e5ced3a-e16f-4846-836a-b2d47abf07ec
/home/dgxuser16/anaconda3/envs/ihpc/lib/python3.8/site-packages/torch/nn/modules/module.py:1640: FutureWarning: Using a non-full backward hook when the forward contains multiple autograd Nodes is deprecated and will be removed in future versions. This hook will be missing some grad_input. Please use register_full_backward_hook to get the documented behavior.
  self._maybe_warn_non_full_backward_hook(args, result, grad_fn)
[92mINFO [0m:      Sent reply
02/06/2025 10:48:55:INFO:Sent reply
[92mINFO [0m:      
02/06/2025 10:49:20:INFO:
[92mINFO [0m:      Received: evaluate message b7e27872-627f-4257-b45f-5cb68cbddce2
02/06/2025 10:49:20:INFO:Received: evaluate message b7e27872-627f-4257-b45f-5cb68cbddce2
[92mINFO [0m:      Sent reply
02/06/2025 10:54:24:INFO:Sent reply
[92mINFO [0m:      
02/06/2025 10:55:22:INFO:
[92mINFO [0m:      Received: train message cbbfdb5f-1cb4-46d3-85a1-07b62e539384
02/06/2025 10:55:22:INFO:Received: train message cbbfdb5f-1cb4-46d3-85a1-07b62e539384
/home/dgxuser16/anaconda3/envs/ihpc/lib/python3.8/site-packages/torch/nn/modules/module.py:1640: FutureWarning: Using a non-full backward hook when the forward contains multiple autograd Nodes is deprecated and will be removed in future versions. This hook will be missing some grad_input. Please use register_full_backward_hook to get the documented behavior.
  self._maybe_warn_non_full_backward_hook(args, result, grad_fn)
[92mINFO [0m:      Sent reply
02/06/2025 11:35:22:INFO:Sent reply
[92mINFO [0m:      
02/06/2025 11:35:51:INFO:
[92mINFO [0m:      Received: evaluate message 83954019-da74-40ee-b097-48d62eb67412
02/06/2025 11:35:51:INFO:Received: evaluate message 83954019-da74-40ee-b097-48d62eb67412
[92mINFO [0m:      Sent reply
02/06/2025 11:41:55:INFO:Sent reply
[92mINFO [0m:      
02/06/2025 11:42:49:INFO:
[92mINFO [0m:      Received: train message d38327be-ba63-494f-96e6-28cbdd49ddb3
02/06/2025 11:42:49:INFO:Received: train message d38327be-ba63-494f-96e6-28cbdd49ddb3
/home/dgxuser16/anaconda3/envs/ihpc/lib/python3.8/site-packages/torch/nn/modules/module.py:1640: FutureWarning: Using a non-full backward hook when the forward contains multiple autograd Nodes is deprecated and will be removed in future versions. This hook will be missing some grad_input. Please use register_full_backward_hook to get the documented behavior.
  self._maybe_warn_non_full_backward_hook(args, result, grad_fn)
[92mINFO [0m:      Sent reply
02/06/2025 12:27:01:INFO:Sent reply
[92mINFO [0m:      
02/06/2025 12:27:24:INFO:
[92mINFO [0m:      Received: evaluate message 817f4914-d3c1-48a2-bb4e-34534aa2730d
02/06/2025 12:27:24:INFO:Received: evaluate message 817f4914-d3c1-48a2-bb4e-34534aa2730d
[92mINFO [0m:      Sent reply
02/06/2025 12:32:49:INFO:Sent reply
[92mINFO [0m:      
02/06/2025 12:33:44:INFO:
[92mINFO [0m:      Received: train message a7cab970-c06e-4a1d-95d7-7533467fa180
02/06/2025 12:33:44:INFO:Received: train message a7cab970-c06e-4a1d-95d7-7533467fa180
/home/dgxuser16/anaconda3/envs/ihpc/lib/python3.8/site-packages/torch/nn/modules/module.py:1640: FutureWarning: Using a non-full backward hook when the forward contains multiple autograd Nodes is deprecated and will be removed in future versions. This hook will be missing some grad_input. Please use register_full_backward_hook to get the documented behavior.
  self._maybe_warn_non_full_backward_hook(args, result, grad_fn)
[92mINFO [0m:      Sent reply
02/06/2025 13:16:32:INFO:Sent reply
[92mINFO [0m:      
02/06/2025 13:16:56:INFO:
[92mINFO [0m:      Received: evaluate message 83ea8a55-3be8-4fb7-938a-1b33351a382f
02/06/2025 13:16:56:INFO:Received: evaluate message 83ea8a55-3be8-4fb7-938a-1b33351a382f
[92mINFO [0m:      Sent reply
02/06/2025 13:22:40:INFO:Sent reply
[92mINFO [0m:      
02/06/2025 13:23:19:INFO:
[92mINFO [0m:      Received: train message 406ad201-9f3a-4ab9-8399-99e6b5fa0adb
02/06/2025 13:23:19:INFO:Received: train message 406ad201-9f3a-4ab9-8399-99e6b5fa0adb
/home/dgxuser16/anaconda3/envs/ihpc/lib/python3.8/site-packages/torch/nn/modules/module.py:1640: FutureWarning: Using a non-full backward hook when the forward contains multiple autograd Nodes is deprecated and will be removed in future versions. This hook will be missing some grad_input. Please use register_full_backward_hook to get the documented behavior.
  self._maybe_warn_non_full_backward_hook(args, result, grad_fn)
[92mINFO [0m:      Sent reply
02/06/2025 14:04:39:INFO:Sent reply
[92mINFO [0m:      
02/06/2025 14:05:10:INFO:
[92mINFO [0m:      Received: evaluate message db2f1eff-470b-4227-b949-d47c0676d756
02/06/2025 14:05:10:INFO:Received: evaluate message db2f1eff-470b-4227-b949-d47c0676d756
[92mINFO [0m:      Sent reply
02/06/2025 14:11:28:INFO:Sent reply
[92mINFO [0m:      
02/06/2025 14:12:21:INFO:
[92mINFO [0m:      Received: train message 2f5119af-e396-4b64-b732-f387bea36d8f
02/06/2025 14:12:21:INFO:Received: train message 2f5119af-e396-4b64-b732-f387bea36d8f
/home/dgxuser16/anaconda3/envs/ihpc/lib/python3.8/site-packages/torch/nn/modules/module.py:1640: FutureWarning: Using a non-full backward hook when the forward contains multiple autograd Nodes is deprecated and will be removed in future versions. This hook will be missing some grad_input. Please use register_full_backward_hook to get the documented behavior.
  self._maybe_warn_non_full_backward_hook(args, result, grad_fn)
[92mINFO [0m:      Sent reply
02/06/2025 14:56:06:INFO:Sent reply
[92mINFO [0m:      
02/06/2025 14:56:58:INFO:
[92mINFO [0m:      Received: evaluate message 1c1085b1-2acb-412b-9e7c-10bdf841c173
02/06/2025 14:56:58:INFO:Received: evaluate message 1c1085b1-2acb-412b-9e7c-10bdf841c173
[92mINFO [0m:      Sent reply
02/06/2025 15:02:46:INFO:Sent reply
[92mINFO [0m:      
02/06/2025 15:03:21:INFO:
[92mINFO [0m:      Received: train message 0892dc67-e1fd-4754-900a-b6e2922b174e
02/06/2025 15:03:21:INFO:Received: train message 0892dc67-e1fd-4754-900a-b6e2922b174e
/home/dgxuser16/anaconda3/envs/ihpc/lib/python3.8/site-packages/torch/nn/modules/module.py:1640: FutureWarning: Using a non-full backward hook when the forward contains multiple autograd Nodes is deprecated and will be removed in future versions. This hook will be missing some grad_input. Please use register_full_backward_hook to get the documented behavior.
  self._maybe_warn_non_full_backward_hook(args, result, grad_fn)
[92mINFO [0m:      Sent reply
02/06/2025 15:47:03:INFO:Sent reply
[92mINFO [0m:      
02/06/2025 15:47:40:INFO:
[92mINFO [0m:      Received: evaluate message 63529abc-a413-4f92-8661-17abc162f81e
02/06/2025 15:47:40:INFO:Received: evaluate message 63529abc-a413-4f92-8661-17abc162f81e
[92mINFO [0m:      Sent reply
02/06/2025 15:53:25:INFO:Sent reply
[92mINFO [0m:      
02/06/2025 15:53:58:INFO:
[92mINFO [0m:      Received: train message ee8bf684-020e-45e8-b093-cb5de8a57f33
02/06/2025 15:53:58:INFO:Received: train message ee8bf684-020e-45e8-b093-cb5de8a57f33
/home/dgxuser16/anaconda3/envs/ihpc/lib/python3.8/site-packages/torch/nn/modules/module.py:1640: FutureWarning: Using a non-full backward hook when the forward contains multiple autograd Nodes is deprecated and will be removed in future versions. This hook will be missing some grad_input. Please use register_full_backward_hook to get the documented behavior.
  self._maybe_warn_non_full_backward_hook(args, result, grad_fn)
[92mINFO [0m:      Sent reply
02/06/2025 16:36:16:INFO:Sent reply
[92mINFO [0m:      
02/06/2025 16:37:03:INFO:
[92mINFO [0m:      Received: evaluate message 2f8dbf75-b7c7-4f42-bda4-0553fb1fce9e
02/06/2025 16:37:03:INFO:Received: evaluate message 2f8dbf75-b7c7-4f42-bda4-0553fb1fce9e
[92mINFO [0m:      Sent reply
02/06/2025 16:43:24:INFO:Sent reply
[92mINFO [0m:      
02/06/2025 16:43:52:INFO:
[92mINFO [0m:      Received: train message e30f4c71-a06c-43ef-98e3-e2bbbee43df0
02/06/2025 16:43:52:INFO:Received: train message e30f4c71-a06c-43ef-98e3-e2bbbee43df0
/home/dgxuser16/anaconda3/envs/ihpc/lib/python3.8/site-packages/torch/nn/modules/module.py:1640: FutureWarning: Using a non-full backward hook when the forward contains multiple autograd Nodes is deprecated and will be removed in future versions. This hook will be missing some grad_input. Please use register_full_backward_hook to get the documented behavior.
  self._maybe_warn_non_full_backward_hook(args, result, grad_fn)
[92mINFO [0m:      Sent reply
02/06/2025 17:27:57:INFO:Sent reply
[92mINFO [0m:      
02/06/2025 17:28:21:INFO:
[92mINFO [0m:      Received: evaluate message 30f51426-19e7-4ff9-9219-ac3ce79e428d
02/06/2025 17:28:21:INFO:Received: evaluate message 30f51426-19e7-4ff9-9219-ac3ce79e428d
[92mINFO [0m:      Sent reply
02/06/2025 17:34:07:INFO:Sent reply
[92mINFO [0m:      
02/06/2025 17:34:43:INFO:
[92mINFO [0m:      Received: train message eaebc881-02ed-4986-84d1-d20deeb5927d
02/06/2025 17:34:43:INFO:Received: train message eaebc881-02ed-4986-84d1-d20deeb5927d
/home/dgxuser16/anaconda3/envs/ihpc/lib/python3.8/site-packages/torch/nn/modules/module.py:1640: FutureWarning: Using a non-full backward hook when the forward contains multiple autograd Nodes is deprecated and will be removed in future versions. This hook will be missing some grad_input. Please use register_full_backward_hook to get the documented behavior.
  self._maybe_warn_non_full_backward_hook(args, result, grad_fn)
[92mINFO [0m:      Sent reply
02/06/2025 18:16:29:INFO:Sent reply
[92mINFO [0m:      
02/06/2025 18:17:11:INFO:
[92mINFO [0m:      Received: evaluate message a8a7c3a6-de39-4594-adb3-6fb5f5e71245
02/06/2025 18:17:11:INFO:Received: evaluate message a8a7c3a6-de39-4594-adb3-6fb5f5e71245
[92mINFO [0m:      Sent reply
02/06/2025 18:22:27:INFO:Sent reply
[92mINFO [0m:      
02/06/2025 18:22:55:INFO:
[92mINFO [0m:      Received: train message 9ff1a791-865e-45ca-9ead-fc06cf263585
02/06/2025 18:22:55:INFO:Received: train message 9ff1a791-865e-45ca-9ead-fc06cf263585
/home/dgxuser16/anaconda3/envs/ihpc/lib/python3.8/site-packages/torch/nn/modules/module.py:1640: FutureWarning: Using a non-full backward hook when the forward contains multiple autograd Nodes is deprecated and will be removed in future versions. This hook will be missing some grad_input. Please use register_full_backward_hook to get the documented behavior.
  self._maybe_warn_non_full_backward_hook(args, result, grad_fn)
[92mINFO [0m:      Sent reply
02/06/2025 19:01:06:INFO:Sent reply
[92mINFO [0m:      
02/06/2025 19:01:47:INFO:
[92mINFO [0m:      Received: evaluate message f9bdc08a-761b-4150-b226-07f2e5e7501f
02/06/2025 19:01:47:INFO:Received: evaluate message f9bdc08a-761b-4150-b226-07f2e5e7501f
[92mINFO [0m:      Sent reply
02/06/2025 19:07:16:INFO:Sent reply
[92mINFO [0m:      
02/06/2025 19:08:00:INFO:
[92mINFO [0m:      Received: train message aa19a4ff-562b-4cab-b810-8c26102c2757
02/06/2025 19:08:00:INFO:Received: train message aa19a4ff-562b-4cab-b810-8c26102c2757
/home/dgxuser16/anaconda3/envs/ihpc/lib/python3.8/site-packages/torch/nn/modules/module.py:1640: FutureWarning: Using a non-full backward hook when the forward contains multiple autograd Nodes is deprecated and will be removed in future versions. This hook will be missing some grad_input. Please use register_full_backward_hook to get the documented behavior.
  self._maybe_warn_non_full_backward_hook(args, result, grad_fn)
[92mINFO [0m:      Sent reply
02/06/2025 19:50:55:INFO:Sent reply
[92mINFO [0m:      
02/06/2025 19:51:37:INFO:
[92mINFO [0m:      Received: evaluate message cbf04202-349d-4b01-b4ec-8f0ae2eb0ffb
02/06/2025 19:51:37:INFO:Received: evaluate message cbf04202-349d-4b01-b4ec-8f0ae2eb0ffb
[92mINFO [0m:      Sent reply
02/06/2025 19:57:38:INFO:Sent reply
[92mINFO [0m:      
02/06/2025 19:57:51:INFO:
[92mINFO [0m:      Received: train message c32343d5-49df-4f21-aee1-1634270d59ef
02/06/2025 19:57:51:INFO:Received: train message c32343d5-49df-4f21-aee1-1634270d59ef
/home/dgxuser16/anaconda3/envs/ihpc/lib/python3.8/site-packages/torch/nn/modules/module.py:1640: FutureWarning: Using a non-full backward hook when the forward contains multiple autograd Nodes is deprecated and will be removed in future versions. This hook will be missing some grad_input. Please use register_full_backward_hook to get the documented behavior.
  self._maybe_warn_non_full_backward_hook(args, result, grad_fn)
[92mINFO [0m:      Sent reply
02/06/2025 20:43:28:INFO:Sent reply
[92mINFO [0m:      
02/06/2025 20:44:16:INFO:
[92mINFO [0m:      Received: evaluate message 4052547c-24d2-4b54-bbc4-e16f39aeca94
02/06/2025 20:44:16:INFO:Received: evaluate message 4052547c-24d2-4b54-bbc4-e16f39aeca94
[92mINFO [0m:      Sent reply
02/06/2025 20:50:23:INFO:Sent reply
[92mINFO [0m:      
02/06/2025 20:50:51:INFO:
[92mINFO [0m:      Received: train message c9f0d409-2090-41e2-b5a3-6fcfb9cecab5
02/06/2025 20:50:51:INFO:Received: train message c9f0d409-2090-41e2-b5a3-6fcfb9cecab5
/home/dgxuser16/anaconda3/envs/ihpc/lib/python3.8/site-packages/torch/nn/modules/module.py:1640: FutureWarning: Using a non-full backward hook when the forward contains multiple autograd Nodes is deprecated and will be removed in future versions. This hook will be missing some grad_input. Please use register_full_backward_hook to get the documented behavior.
  self._maybe_warn_non_full_backward_hook(args, result, grad_fn)
[92mINFO [0m:      Sent reply
02/06/2025 21:40:49:INFO:Sent reply
[92mINFO [0m:      
02/06/2025 21:41:25:INFO:
[92mINFO [0m:      Received: evaluate message 01976682-1aff-4d00-bf77-3503cc25f33d
02/06/2025 21:41:25:INFO:Received: evaluate message 01976682-1aff-4d00-bf77-3503cc25f33d
[92mINFO [0m:      Sent reply
02/06/2025 21:47:21:INFO:Sent reply
[92mINFO [0m:      
02/06/2025 21:48:00:INFO:
[92mINFO [0m:      Received: train message 902d83e8-598a-4a1f-94da-18166e732975
02/06/2025 21:48:00:INFO:Received: train message 902d83e8-598a-4a1f-94da-18166e732975
/home/dgxuser16/anaconda3/envs/ihpc/lib/python3.8/site-packages/torch/nn/modules/module.py:1640: FutureWarning: Using a non-full backward hook when the forward contains multiple autograd Nodes is deprecated and will be removed in future versions. This hook will be missing some grad_input. Please use register_full_backward_hook to get the documented behavior.
  self._maybe_warn_non_full_backward_hook(args, result, grad_fn)
[92mINFO [0m:      Sent reply
02/06/2025 22:29:45:INFO:Sent reply
[92mINFO [0m:      
02/06/2025 22:30:17:INFO:
[92mINFO [0m:      Received: evaluate message 79b6c961-f830-4986-8c52-59ec064738a7
02/06/2025 22:30:17:INFO:Received: evaluate message 79b6c961-f830-4986-8c52-59ec064738a7
['/raid/home/dgxuser16/NTL/mccarthy/ahmad/github/adaptive_privacy_fl/isic/fixed_noise/0.84, e=10', '/home/dgxuser16/anaconda3/envs/ihpc/lib/python38.zip', '/home/dgxuser16/anaconda3/envs/ihpc/lib/python3.8', '/home/dgxuser16/anaconda3/envs/ihpc/lib/python3.8/lib-dynload', '/home/dgxuser16/anaconda3/envs/ihpc/lib/python3.8/site-packages', '/raid/home/dgxuser16/NTL/mccarthy/ahmad/github/adaptive_privacy_fl/isic/fixed_noise/0.84, e=10']
Device: cuda:0
Params: {'batch_size': 32, 'local_epochs': 3, 'full_dataset_size': 18597, 'number_of_classes': 8}
Privacy Params: {'target_delta': 1e-05, 'noise_multiplier': 0.84, 'max_grad_norm': 1.0}
Epsilon = 0.86

{'loss': [1.612203709886192], 'accuracy': [0.47603705195328233], 'auc': [0.7152230125869112]}

Epsilon = 1.12

{'loss': [1.612203709886192, 1.5498765971072008], 'accuracy': [0.47603705195328233, 0.5412807088199758], 'auc': [0.7152230125869112, 0.7535819291970225]}

Epsilon = 1.34

{'loss': [1.612203709886192, 1.5498765971072008, 1.5264019519630767], 'accuracy': [0.47603705195328233, 0.5412807088199758, 0.5638340716874748], 'auc': [0.7152230125869112, 0.7535819291970225, 0.7737306622352944]}

Epsilon = 1.52

{'loss': [1.612203709886192, 1.5498765971072008, 1.5264019519630767, 1.50121472388854], 'accuracy': [0.47603705195328233, 0.5412807088199758, 0.5638340716874748, 0.5771244462343939], 'auc': [0.7152230125869112, 0.7535819291970225, 0.7737306622352944, 0.7885938176190107]}

Epsilon = 1.69

{'loss': [1.612203709886192, 1.5498765971072008, 1.5264019519630767, 1.50121472388854, 1.4716596522736445], 'accuracy': [0.47603705195328233, 0.5412807088199758, 0.5638340716874748, 0.5771244462343939, 0.5839710028191704], 'auc': [0.7152230125869112, 0.7535819291970225, 0.7737306622352944, 0.7885938176190107, 0.8006292382434419]}

Epsilon = 1.85

{'loss': [1.612203709886192, 1.5498765971072008, 1.5264019519630767, 1.50121472388854, 1.4716596522736445, 1.4459196044896525], 'accuracy': [0.47603705195328233, 0.5412807088199758, 0.5638340716874748, 0.5771244462343939, 0.5839710028191704, 0.5879983890455095], 'auc': [0.7152230125869112, 0.7535819291970225, 0.7737306622352944, 0.7885938176190107, 0.8006292382434419, 0.8075879261298846]}

Epsilon = 1.99

{'loss': [1.612203709886192, 1.5498765971072008, 1.5264019519630767, 1.50121472388854, 1.4716596522736445, 1.4459196044896525, 1.4413828845471564], 'accuracy': [0.47603705195328233, 0.5412807088199758, 0.5638340716874748, 0.5771244462343939, 0.5839710028191704, 0.5879983890455095, 0.5956504228755538], 'auc': [0.7152230125869112, 0.7535819291970225, 0.7737306622352944, 0.7885938176190107, 0.8006292382434419, 0.8075879261298846, 0.8136677240893866]}

Epsilon = 2.13

{'loss': [1.612203709886192, 1.5498765971072008, 1.5264019519630767, 1.50121472388854, 1.4716596522736445, 1.4459196044896525, 1.4413828845471564, 1.4259670824952726], 'accuracy': [0.47603705195328233, 0.5412807088199758, 0.5638340716874748, 0.5771244462343939, 0.5839710028191704, 0.5879983890455095, 0.5956504228755538, 0.5980668546113572], 'auc': [0.7152230125869112, 0.7535819291970225, 0.7737306622352944, 0.7885938176190107, 0.8006292382434419, 0.8075879261298846, 0.8136677240893866, 0.8219293485719117]}

Epsilon = 2.26

{'loss': [1.612203709886192, 1.5498765971072008, 1.5264019519630767, 1.50121472388854, 1.4716596522736445, 1.4459196044896525, 1.4413828845471564, 1.4259670824952726, 1.4360762971858079], 'accuracy': [0.47603705195328233, 0.5412807088199758, 0.5638340716874748, 0.5771244462343939, 0.5839710028191704, 0.5879983890455095, 0.5956504228755538, 0.5980668546113572, 0.6008860249697946], 'auc': [0.7152230125869112, 0.7535819291970225, 0.7737306622352944, 0.7885938176190107, 0.8006292382434419, 0.8075879261298846, 0.8136677240893866, 0.8219293485719117, 0.8241303977207267]}

Epsilon = 2.39

{'loss': [1.612203709886192, 1.5498765971072008, 1.5264019519630767, 1.50121472388854, 1.4716596522736445, 1.4459196044896525, 1.4413828845471564, 1.4259670824952726, 1.4360762971858079, 1.4011732590952277], 'accuracy': [0.47603705195328233, 0.5412807088199758, 0.5638340716874748, 0.5771244462343939, 0.5839710028191704, 0.5879983890455095, 0.5956504228755538, 0.5980668546113572, 0.6008860249697946, 0.6065243656866693], 'auc': [0.7152230125869112, 0.7535819291970225, 0.7737306622352944, 0.7885938176190107, 0.8006292382434419, 0.8075879261298846, 0.8136677240893866, 0.8219293485719117, 0.8241303977207267, 0.8298322621965688]}

Epsilon = 2.51

{'loss': [1.612203709886192, 1.5498765971072008, 1.5264019519630767, 1.50121472388854, 1.4716596522736445, 1.4459196044896525, 1.4413828845471564, 1.4259670824952726, 1.4360762971858079, 1.4011732590952277, 1.4261231002815298], 'accuracy': [0.47603705195328233, 0.5412807088199758, 0.5638340716874748, 0.5771244462343939, 0.5839710028191704, 0.5879983890455095, 0.5956504228755538, 0.5980668546113572, 0.6008860249697946, 0.6065243656866693, 0.6053161498187676], 'auc': [0.7152230125869112, 0.7535819291970225, 0.7737306622352944, 0.7885938176190107, 0.8006292382434419, 0.8075879261298846, 0.8136677240893866, 0.8219293485719117, 0.8241303977207267, 0.8298322621965688, 0.8289443367302878]}

Epsilon = 2.62

{'loss': [1.612203709886192, 1.5498765971072008, 1.5264019519630767, 1.50121472388854, 1.4716596522736445, 1.4459196044896525, 1.4413828845471564, 1.4259670824952726, 1.4360762971858079, 1.4011732590952277, 1.4261231002815298, 1.4108627575614305], 'accuracy': [0.47603705195328233, 0.5412807088199758, 0.5638340716874748, 0.5771244462343939, 0.5839710028191704, 0.5879983890455095, 0.5956504228755538, 0.5980668546113572, 0.6008860249697946, 0.6065243656866693, 0.6053161498187676, 0.6061216270640355], 'auc': [0.7152230125869112, 0.7535819291970225, 0.7737306622352944, 0.7885938176190107, 0.8006292382434419, 0.8075879261298846, 0.8136677240893866, 0.8219293485719117, 0.8241303977207267, 0.8298322621965688, 0.8289443367302878, 0.831405015855841]}

Epsilon = 2.74

{'loss': [1.612203709886192, 1.5498765971072008, 1.5264019519630767, 1.50121472388854, 1.4716596522736445, 1.4459196044896525, 1.4413828845471564, 1.4259670824952726, 1.4360762971858079, 1.4011732590952277, 1.4261231002815298, 1.4108627575614305, 1.4047074290806374], 'accuracy': [0.47603705195328233, 0.5412807088199758, 0.5638340716874748, 0.5771244462343939, 0.5839710028191704, 0.5879983890455095, 0.5956504228755538, 0.5980668546113572, 0.6008860249697946, 0.6065243656866693, 0.6053161498187676, 0.6061216270640355, 0.6129681836488119], 'auc': [0.7152230125869112, 0.7535819291970225, 0.7737306622352944, 0.7885938176190107, 0.8006292382434419, 0.8075879261298846, 0.8136677240893866, 0.8219293485719117, 0.8241303977207267, 0.8298322621965688, 0.8289443367302878, 0.831405015855841, 0.8325967648363795]}

Epsilon = 2.84

{'loss': [1.612203709886192, 1.5498765971072008, 1.5264019519630767, 1.50121472388854, 1.4716596522736445, 1.4459196044896525, 1.4413828845471564, 1.4259670824952726, 1.4360762971858079, 1.4011732590952277, 1.4261231002815298, 1.4108627575614305, 1.4047074290806374, 1.4151098598552432], 'accuracy': [0.47603705195328233, 0.5412807088199758, 0.5638340716874748, 0.5771244462343939, 0.5839710028191704, 0.5879983890455095, 0.5956504228755538, 0.5980668546113572, 0.6008860249697946, 0.6065243656866693, 0.6053161498187676, 0.6061216270640355, 0.6129681836488119, 0.6129681836488119], 'auc': [0.7152230125869112, 0.7535819291970225, 0.7737306622352944, 0.7885938176190107, 0.8006292382434419, 0.8075879261298846, 0.8136677240893866, 0.8219293485719117, 0.8241303977207267, 0.8298322621965688, 0.8289443367302878, 0.831405015855841, 0.8325967648363795, 0.8311804311418014]}

Epsilon = 2.95
[92mINFO [0m:      Sent reply
02/06/2025 22:36:09:INFO:Sent reply
[92mINFO [0m:      
02/06/2025 22:36:55:INFO:
[92mINFO [0m:      Received: train message 7cc2464d-e5ee-4950-bce7-a831c0e2a7e4
02/06/2025 22:36:55:INFO:Received: train message 7cc2464d-e5ee-4950-bce7-a831c0e2a7e4
/home/dgxuser16/anaconda3/envs/ihpc/lib/python3.8/site-packages/torch/nn/modules/module.py:1640: FutureWarning: Using a non-full backward hook when the forward contains multiple autograd Nodes is deprecated and will be removed in future versions. This hook will be missing some grad_input. Please use register_full_backward_hook to get the documented behavior.
  self._maybe_warn_non_full_backward_hook(args, result, grad_fn)
[92mINFO [0m:      Sent reply
02/06/2025 23:19:05:INFO:Sent reply
[92mINFO [0m:      
02/06/2025 23:19:45:INFO:
[92mINFO [0m:      Received: evaluate message 8da8a276-fd02-4e9e-b7e3-b51d5864f927
02/06/2025 23:19:45:INFO:Received: evaluate message 8da8a276-fd02-4e9e-b7e3-b51d5864f927
[92mINFO [0m:      Sent reply
02/06/2025 23:25:07:INFO:Sent reply
[92mINFO [0m:      
02/06/2025 23:25:37:INFO:
[92mINFO [0m:      Received: train message c5b2bd70-8431-4242-a66d-13d02eda07ad
02/06/2025 23:25:37:INFO:Received: train message c5b2bd70-8431-4242-a66d-13d02eda07ad
/home/dgxuser16/anaconda3/envs/ihpc/lib/python3.8/site-packages/torch/nn/modules/module.py:1640: FutureWarning: Using a non-full backward hook when the forward contains multiple autograd Nodes is deprecated and will be removed in future versions. This hook will be missing some grad_input. Please use register_full_backward_hook to get the documented behavior.
  self._maybe_warn_non_full_backward_hook(args, result, grad_fn)
[92mINFO [0m:      Sent reply
02/07/2025 00:03:21:INFO:Sent reply
[92mINFO [0m:      
02/07/2025 00:04:05:INFO:
[92mINFO [0m:      Received: evaluate message d781fe78-a787-4b63-ae16-30297c031ff5
02/07/2025 00:04:05:INFO:Received: evaluate message d781fe78-a787-4b63-ae16-30297c031ff5
[92mINFO [0m:      Sent reply
02/07/2025 00:09:24:INFO:Sent reply
[92mINFO [0m:      
02/07/2025 00:09:57:INFO:
[92mINFO [0m:      Received: train message d399b9e2-58e1-4bcd-92df-c7146e2b13e3
02/07/2025 00:09:57:INFO:Received: train message d399b9e2-58e1-4bcd-92df-c7146e2b13e3
/home/dgxuser16/anaconda3/envs/ihpc/lib/python3.8/site-packages/torch/nn/modules/module.py:1640: FutureWarning: Using a non-full backward hook when the forward contains multiple autograd Nodes is deprecated and will be removed in future versions. This hook will be missing some grad_input. Please use register_full_backward_hook to get the documented behavior.
  self._maybe_warn_non_full_backward_hook(args, result, grad_fn)
[92mINFO [0m:      Sent reply
02/07/2025 00:48:30:INFO:Sent reply
[92mINFO [0m:      
02/07/2025 00:48:56:INFO:
[92mINFO [0m:      Received: evaluate message 0970fd13-8fae-42e6-ba47-834bc6c8f11a
02/07/2025 00:48:56:INFO:Received: evaluate message 0970fd13-8fae-42e6-ba47-834bc6c8f11a
[92mINFO [0m:      Sent reply
02/07/2025 00:53:57:INFO:Sent reply
[92mINFO [0m:      
02/07/2025 00:54:54:INFO:
[92mINFO [0m:      Received: train message 27fd154f-c028-48ed-81bb-da52805c72dc
02/07/2025 00:54:54:INFO:Received: train message 27fd154f-c028-48ed-81bb-da52805c72dc
/home/dgxuser16/anaconda3/envs/ihpc/lib/python3.8/site-packages/torch/nn/modules/module.py:1640: FutureWarning: Using a non-full backward hook when the forward contains multiple autograd Nodes is deprecated and will be removed in future versions. This hook will be missing some grad_input. Please use register_full_backward_hook to get the documented behavior.
  self._maybe_warn_non_full_backward_hook(args, result, grad_fn)
[92mINFO [0m:      Sent reply
02/07/2025 01:33:42:INFO:Sent reply
[92mINFO [0m:      
02/07/2025 01:34:17:INFO:
[92mINFO [0m:      Received: evaluate message ce5d6574-9582-4552-a368-860c2f8a6c3d
02/07/2025 01:34:17:INFO:Received: evaluate message ce5d6574-9582-4552-a368-860c2f8a6c3d
[92mINFO [0m:      Sent reply
02/07/2025 01:39:39:INFO:Sent reply
[92mINFO [0m:      
02/07/2025 01:40:07:INFO:
[92mINFO [0m:      Received: train message ed2c6b3a-2078-44e1-bd6b-95c942c419a7
02/07/2025 01:40:07:INFO:Received: train message ed2c6b3a-2078-44e1-bd6b-95c942c419a7
/home/dgxuser16/anaconda3/envs/ihpc/lib/python3.8/site-packages/torch/nn/modules/module.py:1640: FutureWarning: Using a non-full backward hook when the forward contains multiple autograd Nodes is deprecated and will be removed in future versions. This hook will be missing some grad_input. Please use register_full_backward_hook to get the documented behavior.
  self._maybe_warn_non_full_backward_hook(args, result, grad_fn)
[92mINFO [0m:      Sent reply
02/07/2025 02:16:36:INFO:Sent reply
[92mINFO [0m:      
02/07/2025 02:17:38:INFO:
[92mINFO [0m:      Received: evaluate message 42ed25cd-0f94-4c21-8fab-7b6ba6afafe0
02/07/2025 02:17:38:INFO:Received: evaluate message 42ed25cd-0f94-4c21-8fab-7b6ba6afafe0
[92mINFO [0m:      Sent reply
02/07/2025 02:23:19:INFO:Sent reply
[92mINFO [0m:      
02/07/2025 02:23:48:INFO:
[92mINFO [0m:      Received: train message d2cc7f46-26c3-4e82-a222-339dcaf003fb
02/07/2025 02:23:48:INFO:Received: train message d2cc7f46-26c3-4e82-a222-339dcaf003fb
/home/dgxuser16/anaconda3/envs/ihpc/lib/python3.8/site-packages/torch/nn/modules/module.py:1640: FutureWarning: Using a non-full backward hook when the forward contains multiple autograd Nodes is deprecated and will be removed in future versions. This hook will be missing some grad_input. Please use register_full_backward_hook to get the documented behavior.
  self._maybe_warn_non_full_backward_hook(args, result, grad_fn)
[92mINFO [0m:      Sent reply
02/07/2025 03:01:51:INFO:Sent reply
[92mINFO [0m:      
02/07/2025 03:02:18:INFO:
[92mINFO [0m:      Received: evaluate message f4c3bc8b-4f07-423b-97ac-fe662a74f2e9
02/07/2025 03:02:18:INFO:Received: evaluate message f4c3bc8b-4f07-423b-97ac-fe662a74f2e9
[92mINFO [0m:      Sent reply
02/07/2025 03:08:02:INFO:Sent reply
[92mINFO [0m:      
02/07/2025 03:09:01:INFO:
[92mINFO [0m:      Received: train message 868d9e0e-81ac-4b66-8666-ae9466632996
02/07/2025 03:09:01:INFO:Received: train message 868d9e0e-81ac-4b66-8666-ae9466632996
/home/dgxuser16/anaconda3/envs/ihpc/lib/python3.8/site-packages/torch/nn/modules/module.py:1640: FutureWarning: Using a non-full backward hook when the forward contains multiple autograd Nodes is deprecated and will be removed in future versions. This hook will be missing some grad_input. Please use register_full_backward_hook to get the documented behavior.
  self._maybe_warn_non_full_backward_hook(args, result, grad_fn)
[92mINFO [0m:      Sent reply
02/07/2025 03:49:17:INFO:Sent reply
[92mINFO [0m:      
02/07/2025 03:49:55:INFO:
[92mINFO [0m:      Received: evaluate message 9446903c-322d-4ca6-9a5a-c4ee939d5480
02/07/2025 03:49:55:INFO:Received: evaluate message 9446903c-322d-4ca6-9a5a-c4ee939d5480

{'loss': [1.612203709886192, 1.5498765971072008, 1.5264019519630767, 1.50121472388854, 1.4716596522736445, 1.4459196044896525, 1.4413828845471564, 1.4259670824952726, 1.4360762971858079, 1.4011732590952277, 1.4261231002815298, 1.4108627575614305, 1.4047074290806374, 1.4151098598552432, 1.4189596336021377], 'accuracy': [0.47603705195328233, 0.5412807088199758, 0.5638340716874748, 0.5771244462343939, 0.5839710028191704, 0.5879983890455095, 0.5956504228755538, 0.5980668546113572, 0.6008860249697946, 0.6065243656866693, 0.6053161498187676, 0.6061216270640355, 0.6129681836488119, 0.6129681836488119, 0.6133709222714459], 'auc': [0.7152230125869112, 0.7535819291970225, 0.7737306622352944, 0.7885938176190107, 0.8006292382434419, 0.8075879261298846, 0.8136677240893866, 0.8219293485719117, 0.8241303977207267, 0.8298322621965688, 0.8289443367302878, 0.831405015855841, 0.8325967648363795, 0.8311804311418014, 0.8312914926029793]}

Epsilon = 3.05

{'loss': [1.612203709886192, 1.5498765971072008, 1.5264019519630767, 1.50121472388854, 1.4716596522736445, 1.4459196044896525, 1.4413828845471564, 1.4259670824952726, 1.4360762971858079, 1.4011732590952277, 1.4261231002815298, 1.4108627575614305, 1.4047074290806374, 1.4151098598552432, 1.4189596336021377, 1.4216385440772645], 'accuracy': [0.47603705195328233, 0.5412807088199758, 0.5638340716874748, 0.5771244462343939, 0.5839710028191704, 0.5879983890455095, 0.5956504228755538, 0.5980668546113572, 0.6008860249697946, 0.6065243656866693, 0.6053161498187676, 0.6061216270640355, 0.6129681836488119, 0.6129681836488119, 0.6133709222714459, 0.6149818767619815], 'auc': [0.7152230125869112, 0.7535819291970225, 0.7737306622352944, 0.7885938176190107, 0.8006292382434419, 0.8075879261298846, 0.8136677240893866, 0.8219293485719117, 0.8241303977207267, 0.8298322621965688, 0.8289443367302878, 0.831405015855841, 0.8325967648363795, 0.8311804311418014, 0.8312914926029793, 0.8324331713224761]}

Epsilon = 3.15

{'loss': [1.612203709886192, 1.5498765971072008, 1.5264019519630767, 1.50121472388854, 1.4716596522736445, 1.4459196044896525, 1.4413828845471564, 1.4259670824952726, 1.4360762971858079, 1.4011732590952277, 1.4261231002815298, 1.4108627575614305, 1.4047074290806374, 1.4151098598552432, 1.4189596336021377, 1.4216385440772645, 1.3929945329865092], 'accuracy': [0.47603705195328233, 0.5412807088199758, 0.5638340716874748, 0.5771244462343939, 0.5839710028191704, 0.5879983890455095, 0.5956504228755538, 0.5980668546113572, 0.6008860249697946, 0.6065243656866693, 0.6053161498187676, 0.6061216270640355, 0.6129681836488119, 0.6129681836488119, 0.6133709222714459, 0.6149818767619815, 0.6194120016109544], 'auc': [0.7152230125869112, 0.7535819291970225, 0.7737306622352944, 0.7885938176190107, 0.8006292382434419, 0.8075879261298846, 0.8136677240893866, 0.8219293485719117, 0.8241303977207267, 0.8298322621965688, 0.8289443367302878, 0.831405015855841, 0.8325967648363795, 0.8311804311418014, 0.8312914926029793, 0.8324331713224761, 0.8378948351799218]}

Epsilon = 3.25

{'loss': [1.612203709886192, 1.5498765971072008, 1.5264019519630767, 1.50121472388854, 1.4716596522736445, 1.4459196044896525, 1.4413828845471564, 1.4259670824952726, 1.4360762971858079, 1.4011732590952277, 1.4261231002815298, 1.4108627575614305, 1.4047074290806374, 1.4151098598552432, 1.4189596336021377, 1.4216385440772645, 1.3929945329865092, 1.3900920830087895], 'accuracy': [0.47603705195328233, 0.5412807088199758, 0.5638340716874748, 0.5771244462343939, 0.5839710028191704, 0.5879983890455095, 0.5956504228755538, 0.5980668546113572, 0.6008860249697946, 0.6065243656866693, 0.6053161498187676, 0.6061216270640355, 0.6129681836488119, 0.6129681836488119, 0.6133709222714459, 0.6149818767619815, 0.6194120016109544, 0.6165928312525171], 'auc': [0.7152230125869112, 0.7535819291970225, 0.7737306622352944, 0.7885938176190107, 0.8006292382434419, 0.8075879261298846, 0.8136677240893866, 0.8219293485719117, 0.8241303977207267, 0.8298322621965688, 0.8289443367302878, 0.831405015855841, 0.8325967648363795, 0.8311804311418014, 0.8312914926029793, 0.8324331713224761, 0.8378948351799218, 0.8401591200749314]}

Epsilon = 3.35

{'loss': [1.612203709886192, 1.5498765971072008, 1.5264019519630767, 1.50121472388854, 1.4716596522736445, 1.4459196044896525, 1.4413828845471564, 1.4259670824952726, 1.4360762971858079, 1.4011732590952277, 1.4261231002815298, 1.4108627575614305, 1.4047074290806374, 1.4151098598552432, 1.4189596336021377, 1.4216385440772645, 1.3929945329865092, 1.3900920830087895, 1.3871657193979332], 'accuracy': [0.47603705195328233, 0.5412807088199758, 0.5638340716874748, 0.5771244462343939, 0.5839710028191704, 0.5879983890455095, 0.5956504228755538, 0.5980668546113572, 0.6008860249697946, 0.6065243656866693, 0.6053161498187676, 0.6061216270640355, 0.6129681836488119, 0.6129681836488119, 0.6133709222714459, 0.6149818767619815, 0.6194120016109544, 0.6165928312525171, 0.6190092629883206], 'auc': [0.7152230125869112, 0.7535819291970225, 0.7737306622352944, 0.7885938176190107, 0.8006292382434419, 0.8075879261298846, 0.8136677240893866, 0.8219293485719117, 0.8241303977207267, 0.8298322621965688, 0.8289443367302878, 0.831405015855841, 0.8325967648363795, 0.8311804311418014, 0.8312914926029793, 0.8324331713224761, 0.8378948351799218, 0.8401591200749314, 0.8449566356244014]}

Epsilon = 3.44

{'loss': [1.612203709886192, 1.5498765971072008, 1.5264019519630767, 1.50121472388854, 1.4716596522736445, 1.4459196044896525, 1.4413828845471564, 1.4259670824952726, 1.4360762971858079, 1.4011732590952277, 1.4261231002815298, 1.4108627575614305, 1.4047074290806374, 1.4151098598552432, 1.4189596336021377, 1.4216385440772645, 1.3929945329865092, 1.3900920830087895, 1.3871657193979332, 1.3706634365355252], 'accuracy': [0.47603705195328233, 0.5412807088199758, 0.5638340716874748, 0.5771244462343939, 0.5839710028191704, 0.5879983890455095, 0.5956504228755538, 0.5980668546113572, 0.6008860249697946, 0.6065243656866693, 0.6053161498187676, 0.6061216270640355, 0.6129681836488119, 0.6129681836488119, 0.6133709222714459, 0.6149818767619815, 0.6194120016109544, 0.6165928312525171, 0.6190092629883206, 0.6230366492146597], 'auc': [0.7152230125869112, 0.7535819291970225, 0.7737306622352944, 0.7885938176190107, 0.8006292382434419, 0.8075879261298846, 0.8136677240893866, 0.8219293485719117, 0.8241303977207267, 0.8298322621965688, 0.8289443367302878, 0.831405015855841, 0.8325967648363795, 0.8311804311418014, 0.8312914926029793, 0.8324331713224761, 0.8378948351799218, 0.8401591200749314, 0.8449566356244014, 0.8468116600395964]}

Epsilon = 3.53

{'loss': [1.612203709886192, 1.5498765971072008, 1.5264019519630767, 1.50121472388854, 1.4716596522736445, 1.4459196044896525, 1.4413828845471564, 1.4259670824952726, 1.4360762971858079, 1.4011732590952277, 1.4261231002815298, 1.4108627575614305, 1.4047074290806374, 1.4151098598552432, 1.4189596336021377, 1.4216385440772645, 1.3929945329865092, 1.3900920830087895, 1.3871657193979332, 1.3706634365355252, 1.3700746106995818], 'accuracy': [0.47603705195328233, 0.5412807088199758, 0.5638340716874748, 0.5771244462343939, 0.5839710028191704, 0.5879983890455095, 0.5956504228755538, 0.5980668546113572, 0.6008860249697946, 0.6065243656866693, 0.6053161498187676, 0.6061216270640355, 0.6129681836488119, 0.6129681836488119, 0.6133709222714459, 0.6149818767619815, 0.6194120016109544, 0.6165928312525171, 0.6190092629883206, 0.6230366492146597, 0.6206202174788562], 'auc': [0.7152230125869112, 0.7535819291970225, 0.7737306622352944, 0.7885938176190107, 0.8006292382434419, 0.8075879261298846, 0.8136677240893866, 0.8219293485719117, 0.8241303977207267, 0.8298322621965688, 0.8289443367302878, 0.831405015855841, 0.8325967648363795, 0.8311804311418014, 0.8312914926029793, 0.8324331713224761, 0.8378948351799218, 0.8401591200749314, 0.8449566356244014, 0.8468116600395964, 0.8466257624922202]}

Epsilon = 3.62
[92mINFO [0m:      Sent reply
02/07/2025 03:54:59:INFO:Sent reply
[92mINFO [0m:      
02/07/2025 03:55:34:INFO:
[92mINFO [0m:      Received: train message 04203e37-626c-40db-8064-5e366481d004
02/07/2025 03:55:34:INFO:Received: train message 04203e37-626c-40db-8064-5e366481d004
/home/dgxuser16/anaconda3/envs/ihpc/lib/python3.8/site-packages/torch/nn/modules/module.py:1640: FutureWarning: Using a non-full backward hook when the forward contains multiple autograd Nodes is deprecated and will be removed in future versions. This hook will be missing some grad_input. Please use register_full_backward_hook to get the documented behavior.
  self._maybe_warn_non_full_backward_hook(args, result, grad_fn)
[92mINFO [0m:      Sent reply
02/07/2025 04:34:39:INFO:Sent reply
[92mINFO [0m:      
02/07/2025 04:35:18:INFO:
[92mINFO [0m:      Received: evaluate message 5b84fe9c-315c-480d-8bfa-3b71a1faf70d
02/07/2025 04:35:18:INFO:Received: evaluate message 5b84fe9c-315c-480d-8bfa-3b71a1faf70d
[92mINFO [0m:      Sent reply
02/07/2025 04:41:12:INFO:Sent reply
[92mINFO [0m:      
02/07/2025 04:41:48:INFO:
[92mINFO [0m:      Received: train message 2a7a85ac-a655-4eab-ada2-55359c9ebeb8
02/07/2025 04:41:48:INFO:Received: train message 2a7a85ac-a655-4eab-ada2-55359c9ebeb8
/home/dgxuser16/anaconda3/envs/ihpc/lib/python3.8/site-packages/torch/nn/modules/module.py:1640: FutureWarning: Using a non-full backward hook when the forward contains multiple autograd Nodes is deprecated and will be removed in future versions. This hook will be missing some grad_input. Please use register_full_backward_hook to get the documented behavior.
  self._maybe_warn_non_full_backward_hook(args, result, grad_fn)
[92mINFO [0m:      Sent reply
02/07/2025 05:20:01:INFO:Sent reply
[92mINFO [0m:      
02/07/2025 05:20:36:INFO:
[92mINFO [0m:      Received: evaluate message 1e0e09d4-3d37-4c7a-b827-334e859d2bdc
02/07/2025 05:20:36:INFO:Received: evaluate message 1e0e09d4-3d37-4c7a-b827-334e859d2bdc
[92mINFO [0m:      Sent reply
02/07/2025 05:25:36:INFO:Sent reply
[92mINFO [0m:      
02/07/2025 05:25:52:INFO:
[92mINFO [0m:      Received: train message 949bd264-494e-429d-8394-4f28d68d4329
02/07/2025 05:25:52:INFO:Received: train message 949bd264-494e-429d-8394-4f28d68d4329
/home/dgxuser16/anaconda3/envs/ihpc/lib/python3.8/site-packages/torch/nn/modules/module.py:1640: FutureWarning: Using a non-full backward hook when the forward contains multiple autograd Nodes is deprecated and will be removed in future versions. This hook will be missing some grad_input. Please use register_full_backward_hook to get the documented behavior.
  self._maybe_warn_non_full_backward_hook(args, result, grad_fn)
[92mINFO [0m:      Sent reply
02/07/2025 05:59:52:INFO:Sent reply
[92mINFO [0m:      
02/07/2025 06:00:33:INFO:
[92mINFO [0m:      Received: evaluate message 40d9e266-1ffa-4cad-a0cf-80b81d7ebd18
02/07/2025 06:00:33:INFO:Received: evaluate message 40d9e266-1ffa-4cad-a0cf-80b81d7ebd18
[92mINFO [0m:      Sent reply
02/07/2025 06:05:33:INFO:Sent reply
[92mINFO [0m:      
02/07/2025 06:06:10:INFO:
[92mINFO [0m:      Received: train message 59beeda8-11f0-4d6d-a0c6-fb8250b3363b
02/07/2025 06:06:10:INFO:Received: train message 59beeda8-11f0-4d6d-a0c6-fb8250b3363b
/home/dgxuser16/anaconda3/envs/ihpc/lib/python3.8/site-packages/torch/nn/modules/module.py:1640: FutureWarning: Using a non-full backward hook when the forward contains multiple autograd Nodes is deprecated and will be removed in future versions. This hook will be missing some grad_input. Please use register_full_backward_hook to get the documented behavior.
  self._maybe_warn_non_full_backward_hook(args, result, grad_fn)
[92mINFO [0m:      Sent reply
02/07/2025 06:40:04:INFO:Sent reply
[92mINFO [0m:      
02/07/2025 06:40:37:INFO:
[92mINFO [0m:      Received: evaluate message b0fd609a-4a10-4ee1-ac14-bc5d56d2b217
02/07/2025 06:40:37:INFO:Received: evaluate message b0fd609a-4a10-4ee1-ac14-bc5d56d2b217
[92mINFO [0m:      Sent reply
02/07/2025 06:45:37:INFO:Sent reply
[92mINFO [0m:      
02/07/2025 06:45:58:INFO:
[92mINFO [0m:      Received: train message 01e98841-8335-43fa-9155-6d6270e45033
02/07/2025 06:45:58:INFO:Received: train message 01e98841-8335-43fa-9155-6d6270e45033
/home/dgxuser16/anaconda3/envs/ihpc/lib/python3.8/site-packages/torch/nn/modules/module.py:1640: FutureWarning: Using a non-full backward hook when the forward contains multiple autograd Nodes is deprecated and will be removed in future versions. This hook will be missing some grad_input. Please use register_full_backward_hook to get the documented behavior.
  self._maybe_warn_non_full_backward_hook(args, result, grad_fn)
[92mINFO [0m:      Sent reply
02/07/2025 07:20:15:INFO:Sent reply
[92mINFO [0m:      
02/07/2025 07:20:56:INFO:
[92mINFO [0m:      Received: evaluate message 2cd1239b-3e37-44a5-b2e4-66d29a09237d
02/07/2025 07:20:56:INFO:Received: evaluate message 2cd1239b-3e37-44a5-b2e4-66d29a09237d

{'loss': [1.612203709886192, 1.5498765971072008, 1.5264019519630767, 1.50121472388854, 1.4716596522736445, 1.4459196044896525, 1.4413828845471564, 1.4259670824952726, 1.4360762971858079, 1.4011732590952277, 1.4261231002815298, 1.4108627575614305, 1.4047074290806374, 1.4151098598552432, 1.4189596336021377, 1.4216385440772645, 1.3929945329865092, 1.3900920830087895, 1.3871657193979332, 1.3706634365355252, 1.3700746106995818, 1.3502867205508813], 'accuracy': [0.47603705195328233, 0.5412807088199758, 0.5638340716874748, 0.5771244462343939, 0.5839710028191704, 0.5879983890455095, 0.5956504228755538, 0.5980668546113572, 0.6008860249697946, 0.6065243656866693, 0.6053161498187676, 0.6061216270640355, 0.6129681836488119, 0.6129681836488119, 0.6133709222714459, 0.6149818767619815, 0.6194120016109544, 0.6165928312525171, 0.6190092629883206, 0.6230366492146597, 0.6206202174788562, 0.6286749899315345], 'auc': [0.7152230125869112, 0.7535819291970225, 0.7737306622352944, 0.7885938176190107, 0.8006292382434419, 0.8075879261298846, 0.8136677240893866, 0.8219293485719117, 0.8241303977207267, 0.8298322621965688, 0.8289443367302878, 0.831405015855841, 0.8325967648363795, 0.8311804311418014, 0.8312914926029793, 0.8324331713224761, 0.8378948351799218, 0.8401591200749314, 0.8449566356244014, 0.8468116600395964, 0.8466257624922202, 0.849512076468996]}

Epsilon = 3.71

{'loss': [1.612203709886192, 1.5498765971072008, 1.5264019519630767, 1.50121472388854, 1.4716596522736445, 1.4459196044896525, 1.4413828845471564, 1.4259670824952726, 1.4360762971858079, 1.4011732590952277, 1.4261231002815298, 1.4108627575614305, 1.4047074290806374, 1.4151098598552432, 1.4189596336021377, 1.4216385440772645, 1.3929945329865092, 1.3900920830087895, 1.3871657193979332, 1.3706634365355252, 1.3700746106995818, 1.3502867205508813, 1.3713404947454488], 'accuracy': [0.47603705195328233, 0.5412807088199758, 0.5638340716874748, 0.5771244462343939, 0.5839710028191704, 0.5879983890455095, 0.5956504228755538, 0.5980668546113572, 0.6008860249697946, 0.6065243656866693, 0.6053161498187676, 0.6061216270640355, 0.6129681836488119, 0.6129681836488119, 0.6133709222714459, 0.6149818767619815, 0.6194120016109544, 0.6165928312525171, 0.6190092629883206, 0.6230366492146597, 0.6206202174788562, 0.6286749899315345, 0.6250503423278292], 'auc': [0.7152230125869112, 0.7535819291970225, 0.7737306622352944, 0.7885938176190107, 0.8006292382434419, 0.8075879261298846, 0.8136677240893866, 0.8219293485719117, 0.8241303977207267, 0.8298322621965688, 0.8289443367302878, 0.831405015855841, 0.8325967648363795, 0.8311804311418014, 0.8312914926029793, 0.8324331713224761, 0.8378948351799218, 0.8401591200749314, 0.8449566356244014, 0.8468116600395964, 0.8466257624922202, 0.849512076468996, 0.8489218477967857]}

Epsilon = 3.80

{'loss': [1.612203709886192, 1.5498765971072008, 1.5264019519630767, 1.50121472388854, 1.4716596522736445, 1.4459196044896525, 1.4413828845471564, 1.4259670824952726, 1.4360762971858079, 1.4011732590952277, 1.4261231002815298, 1.4108627575614305, 1.4047074290806374, 1.4151098598552432, 1.4189596336021377, 1.4216385440772645, 1.3929945329865092, 1.3900920830087895, 1.3871657193979332, 1.3706634365355252, 1.3700746106995818, 1.3502867205508813, 1.3713404947454488, 1.3804254175384727], 'accuracy': [0.47603705195328233, 0.5412807088199758, 0.5638340716874748, 0.5771244462343939, 0.5839710028191704, 0.5879983890455095, 0.5956504228755538, 0.5980668546113572, 0.6008860249697946, 0.6065243656866693, 0.6053161498187676, 0.6061216270640355, 0.6129681836488119, 0.6129681836488119, 0.6133709222714459, 0.6149818767619815, 0.6194120016109544, 0.6165928312525171, 0.6190092629883206, 0.6230366492146597, 0.6206202174788562, 0.6286749899315345, 0.6250503423278292, 0.6246476037051953], 'auc': [0.7152230125869112, 0.7535819291970225, 0.7737306622352944, 0.7885938176190107, 0.8006292382434419, 0.8075879261298846, 0.8136677240893866, 0.8219293485719117, 0.8241303977207267, 0.8298322621965688, 0.8289443367302878, 0.831405015855841, 0.8325967648363795, 0.8311804311418014, 0.8312914926029793, 0.8324331713224761, 0.8378948351799218, 0.8401591200749314, 0.8449566356244014, 0.8468116600395964, 0.8466257624922202, 0.849512076468996, 0.8489218477967857, 0.8505791346107185]}

Epsilon = 3.88

{'loss': [1.612203709886192, 1.5498765971072008, 1.5264019519630767, 1.50121472388854, 1.4716596522736445, 1.4459196044896525, 1.4413828845471564, 1.4259670824952726, 1.4360762971858079, 1.4011732590952277, 1.4261231002815298, 1.4108627575614305, 1.4047074290806374, 1.4151098598552432, 1.4189596336021377, 1.4216385440772645, 1.3929945329865092, 1.3900920830087895, 1.3871657193979332, 1.3706634365355252, 1.3700746106995818, 1.3502867205508813, 1.3713404947454488, 1.3804254175384727, 1.37693455946143], 'accuracy': [0.47603705195328233, 0.5412807088199758, 0.5638340716874748, 0.5771244462343939, 0.5839710028191704, 0.5879983890455095, 0.5956504228755538, 0.5980668546113572, 0.6008860249697946, 0.6065243656866693, 0.6053161498187676, 0.6061216270640355, 0.6129681836488119, 0.6129681836488119, 0.6133709222714459, 0.6149818767619815, 0.6194120016109544, 0.6165928312525171, 0.6190092629883206, 0.6230366492146597, 0.6206202174788562, 0.6286749899315345, 0.6250503423278292, 0.6246476037051953, 0.6258558195730971], 'auc': [0.7152230125869112, 0.7535819291970225, 0.7737306622352944, 0.7885938176190107, 0.8006292382434419, 0.8075879261298846, 0.8136677240893866, 0.8219293485719117, 0.8241303977207267, 0.8298322621965688, 0.8289443367302878, 0.831405015855841, 0.8325967648363795, 0.8311804311418014, 0.8312914926029793, 0.8324331713224761, 0.8378948351799218, 0.8401591200749314, 0.8449566356244014, 0.8468116600395964, 0.8466257624922202, 0.849512076468996, 0.8489218477967857, 0.8505791346107185, 0.8505834617142449]}

Epsilon = 3.97

{'loss': [1.612203709886192, 1.5498765971072008, 1.5264019519630767, 1.50121472388854, 1.4716596522736445, 1.4459196044896525, 1.4413828845471564, 1.4259670824952726, 1.4360762971858079, 1.4011732590952277, 1.4261231002815298, 1.4108627575614305, 1.4047074290806374, 1.4151098598552432, 1.4189596336021377, 1.4216385440772645, 1.3929945329865092, 1.3900920830087895, 1.3871657193979332, 1.3706634365355252, 1.3700746106995818, 1.3502867205508813, 1.3713404947454488, 1.3804254175384727, 1.37693455946143, 1.3781825023891943], 'accuracy': [0.47603705195328233, 0.5412807088199758, 0.5638340716874748, 0.5771244462343939, 0.5839710028191704, 0.5879983890455095, 0.5956504228755538, 0.5980668546113572, 0.6008860249697946, 0.6065243656866693, 0.6053161498187676, 0.6061216270640355, 0.6129681836488119, 0.6129681836488119, 0.6133709222714459, 0.6149818767619815, 0.6194120016109544, 0.6165928312525171, 0.6190092629883206, 0.6230366492146597, 0.6206202174788562, 0.6286749899315345, 0.6250503423278292, 0.6246476037051953, 0.6258558195730971, 0.6266612968183649], 'auc': [0.7152230125869112, 0.7535819291970225, 0.7737306622352944, 0.7885938176190107, 0.8006292382434419, 0.8075879261298846, 0.8136677240893866, 0.8219293485719117, 0.8241303977207267, 0.8298322621965688, 0.8289443367302878, 0.831405015855841, 0.8325967648363795, 0.8311804311418014, 0.8312914926029793, 0.8324331713224761, 0.8378948351799218, 0.8401591200749314, 0.8449566356244014, 0.8468116600395964, 0.8466257624922202, 0.849512076468996, 0.8489218477967857, 0.8505791346107185, 0.8505834617142449, 0.8502934906969408]}

Epsilon = 4.05
[92mINFO [0m:      Sent reply
02/07/2025 07:25:57:INFO:Sent reply
[92mINFO [0m:      
02/07/2025 07:26:36:INFO:
[92mINFO [0m:      Received: train message 62d2ab60-a325-4558-9e35-f4fbae48e4ab
02/07/2025 07:26:36:INFO:Received: train message 62d2ab60-a325-4558-9e35-f4fbae48e4ab
/home/dgxuser16/anaconda3/envs/ihpc/lib/python3.8/site-packages/torch/nn/modules/module.py:1640: FutureWarning: Using a non-full backward hook when the forward contains multiple autograd Nodes is deprecated and will be removed in future versions. This hook will be missing some grad_input. Please use register_full_backward_hook to get the documented behavior.
  self._maybe_warn_non_full_backward_hook(args, result, grad_fn)
[92mINFO [0m:      Sent reply
02/07/2025 08:01:12:INFO:Sent reply
[92mINFO [0m:      
02/07/2025 08:01:53:INFO:
[92mINFO [0m:      Received: evaluate message 2880f7bc-cf55-47a1-922f-f53af69e7df6
02/07/2025 08:01:53:INFO:Received: evaluate message 2880f7bc-cf55-47a1-922f-f53af69e7df6
[92mINFO [0m:      Sent reply
02/07/2025 08:06:55:INFO:Sent reply
[92mINFO [0m:      
02/07/2025 08:07:32:INFO:
[92mINFO [0m:      Received: train message f03846e4-c4c8-49c9-b5bb-0164fafcbab9
02/07/2025 08:07:32:INFO:Received: train message f03846e4-c4c8-49c9-b5bb-0164fafcbab9
/home/dgxuser16/anaconda3/envs/ihpc/lib/python3.8/site-packages/torch/nn/modules/module.py:1640: FutureWarning: Using a non-full backward hook when the forward contains multiple autograd Nodes is deprecated and will be removed in future versions. This hook will be missing some grad_input. Please use register_full_backward_hook to get the documented behavior.
  self._maybe_warn_non_full_backward_hook(args, result, grad_fn)
[92mINFO [0m:      Sent reply
02/07/2025 08:41:44:INFO:Sent reply
[92mINFO [0m:      
02/07/2025 08:42:16:INFO:
[92mINFO [0m:      Received: evaluate message c7cd21b5-c01c-4077-a567-9b9b9e7d5803
02/07/2025 08:42:16:INFO:Received: evaluate message c7cd21b5-c01c-4077-a567-9b9b9e7d5803
[92mINFO [0m:      Sent reply
02/07/2025 08:47:10:INFO:Sent reply
[92mINFO [0m:      
02/07/2025 08:47:55:INFO:
[92mINFO [0m:      Received: train message 42f03028-2a60-4b77-aa43-8158c40acf81
02/07/2025 08:47:55:INFO:Received: train message 42f03028-2a60-4b77-aa43-8158c40acf81
/home/dgxuser16/anaconda3/envs/ihpc/lib/python3.8/site-packages/torch/nn/modules/module.py:1640: FutureWarning: Using a non-full backward hook when the forward contains multiple autograd Nodes is deprecated and will be removed in future versions. This hook will be missing some grad_input. Please use register_full_backward_hook to get the documented behavior.
  self._maybe_warn_non_full_backward_hook(args, result, grad_fn)
[92mINFO [0m:      Sent reply
02/07/2025 09:21:05:INFO:Sent reply
[92mINFO [0m:      
02/07/2025 09:21:44:INFO:
[92mINFO [0m:      Received: evaluate message 112511a1-ba16-48db-a698-9fbb8f5ad389
02/07/2025 09:21:44:INFO:Received: evaluate message 112511a1-ba16-48db-a698-9fbb8f5ad389
[92mINFO [0m:      Sent reply
02/07/2025 09:26:37:INFO:Sent reply
[92mINFO [0m:      
02/07/2025 09:26:38:INFO:
[92mINFO [0m:      Received: reconnect message 2e38cd47-8b08-4145-8d0a-b6ccbd95ec7d
02/07/2025 09:26:38:INFO:Received: reconnect message 2e38cd47-8b08-4145-8d0a-b6ccbd95ec7d
02/07/2025 09:26:38:DEBUG:gRPC channel closed
[92mINFO [0m:      Disconnect and shut down
02/07/2025 09:26:38:INFO:Disconnect and shut down
F0000 00:00:1738949199.046288 1304729 thd.h:170] Check failed: state_ == FAILED 
*** Check failure stack trace: ***
