nohup: ignoring input
/home/dgxuser16/anaconda3/envs/ihpc/lib/python3.8/site-packages/opacus/privacy_engine.py:95: UserWarning: Secure RNG turned off. This is perfectly fine for experimentation as it allows for much faster training performance, but remember to turn it on and retrain one last time before production with ``secure_mode`` turned on.
  warnings.warn(
02/14/2025 12:10:08:WARNING:Ignoring drop_last as it is not compatible with DPDataLoader.
02/14/2025 12:10:08:DEBUG:Opened insecure gRPC connection (no certificates were passed)
02/14/2025 12:10:08:DEBUG:ChannelConnectivity.IDLE
02/14/2025 12:10:08:DEBUG:ChannelConnectivity.CONNECTING
02/14/2025 12:10:08:DEBUG:ChannelConnectivity.READY
WARNING: All log messages before absl::InitializeLog() is called are written to STDERR
I0000 00:00:1739563808.769874 1131123 fork_posix.cc:75] Other threads are currently calling into gRPC, skipping fork() handlers
[92mINFO [0m:      
02/14/2025 12:10:33:INFO:
[92mINFO [0m:      Received: train message 0fa214ea-0b16-483e-b7b9-b2b924a1a59e
02/14/2025 12:10:33:INFO:Received: train message 0fa214ea-0b16-483e-b7b9-b2b924a1a59e
/home/dgxuser16/anaconda3/envs/ihpc/lib/python3.8/site-packages/torch/nn/modules/module.py:1640: FutureWarning: Using a non-full backward hook when the forward contains multiple autograd Nodes is deprecated and will be removed in future versions. This hook will be missing some grad_input. Please use register_full_backward_hook to get the documented behavior.
  self._maybe_warn_non_full_backward_hook(args, result, grad_fn)
[92mINFO [0m:      Sent reply
02/14/2025 12:10:43:INFO:Sent reply
[92mINFO [0m:      
02/14/2025 12:11:49:INFO:
[92mINFO [0m:      Received: evaluate message 1453524a-336a-48ef-b8ab-33748ad264d1
02/14/2025 12:11:49:INFO:Received: evaluate message 1453524a-336a-48ef-b8ab-33748ad264d1
[92mINFO [0m:      Sent reply
02/14/2025 12:11:53:INFO:Sent reply
[92mINFO [0m:      
02/14/2025 12:12:30:INFO:
[92mINFO [0m:      Received: train message b3bc789c-b0b7-403e-b87c-01517064fbfa
02/14/2025 12:12:30:INFO:Received: train message b3bc789c-b0b7-403e-b87c-01517064fbfa
/home/dgxuser16/anaconda3/envs/ihpc/lib/python3.8/site-packages/torch/nn/modules/module.py:1640: FutureWarning: Using a non-full backward hook when the forward contains multiple autograd Nodes is deprecated and will be removed in future versions. This hook will be missing some grad_input. Please use register_full_backward_hook to get the documented behavior.
  self._maybe_warn_non_full_backward_hook(args, result, grad_fn)
[92mINFO [0m:      Sent reply
02/14/2025 12:12:43:INFO:Sent reply
[92mINFO [0m:      
02/14/2025 12:13:32:INFO:
[92mINFO [0m:      Received: evaluate message 02d80a65-3598-49c1-9d25-52973274ea81
02/14/2025 12:13:32:INFO:Received: evaluate message 02d80a65-3598-49c1-9d25-52973274ea81
[92mINFO [0m:      Sent reply
02/14/2025 12:13:35:INFO:Sent reply
[92mINFO [0m:      
02/14/2025 12:14:14:INFO:
[92mINFO [0m:      Received: train message 5494fb8e-7920-400e-9f63-8f2f7f933571
02/14/2025 12:14:14:INFO:Received: train message 5494fb8e-7920-400e-9f63-8f2f7f933571
/home/dgxuser16/anaconda3/envs/ihpc/lib/python3.8/site-packages/torch/nn/modules/module.py:1640: FutureWarning: Using a non-full backward hook when the forward contains multiple autograd Nodes is deprecated and will be removed in future versions. This hook will be missing some grad_input. Please use register_full_backward_hook to get the documented behavior.
  self._maybe_warn_non_full_backward_hook(args, result, grad_fn)
[92mINFO [0m:      Sent reply
02/14/2025 12:14:26:INFO:Sent reply
[92mINFO [0m:      
02/14/2025 12:15:09:INFO:
[92mINFO [0m:      Received: evaluate message 75dd9026-4553-490b-a3fe-cb96c40d4054
02/14/2025 12:15:09:INFO:Received: evaluate message 75dd9026-4553-490b-a3fe-cb96c40d4054
[92mINFO [0m:      Sent reply
02/14/2025 12:15:11:INFO:Sent reply
[92mINFO [0m:      
02/14/2025 12:15:52:INFO:
[92mINFO [0m:      Received: train message b0efc6ae-09b9-41aa-8cb7-a724a5968163
02/14/2025 12:15:52:INFO:Received: train message b0efc6ae-09b9-41aa-8cb7-a724a5968163
/home/dgxuser16/anaconda3/envs/ihpc/lib/python3.8/site-packages/torch/nn/modules/module.py:1640: FutureWarning: Using a non-full backward hook when the forward contains multiple autograd Nodes is deprecated and will be removed in future versions. This hook will be missing some grad_input. Please use register_full_backward_hook to get the documented behavior.
  self._maybe_warn_non_full_backward_hook(args, result, grad_fn)
[92mINFO [0m:      Sent reply
02/14/2025 12:16:04:INFO:Sent reply
[92mINFO [0m:      
02/14/2025 12:16:34:INFO:
[92mINFO [0m:      Received: evaluate message 2ddd3650-e950-40cc-b1fc-9b958255d977
02/14/2025 12:16:34:INFO:Received: evaluate message 2ddd3650-e950-40cc-b1fc-9b958255d977
[92mINFO [0m:      Sent reply
02/14/2025 12:16:37:INFO:Sent reply
[92mINFO [0m:      
02/14/2025 12:17:30:INFO:
[92mINFO [0m:      Received: train message c3300fa4-8811-4c56-9821-6ac4c0420fa8
02/14/2025 12:17:30:INFO:Received: train message c3300fa4-8811-4c56-9821-6ac4c0420fa8
/home/dgxuser16/anaconda3/envs/ihpc/lib/python3.8/site-packages/torch/nn/modules/module.py:1640: FutureWarning: Using a non-full backward hook when the forward contains multiple autograd Nodes is deprecated and will be removed in future versions. This hook will be missing some grad_input. Please use register_full_backward_hook to get the documented behavior.
  self._maybe_warn_non_full_backward_hook(args, result, grad_fn)
[92mINFO [0m:      Sent reply
02/14/2025 12:17:41:INFO:Sent reply
[92mINFO [0m:      
02/14/2025 12:18:26:INFO:
[92mINFO [0m:      Received: evaluate message e3059375-36d7-4312-b8fa-f7dfa336683b
02/14/2025 12:18:26:INFO:Received: evaluate message e3059375-36d7-4312-b8fa-f7dfa336683b
[92mINFO [0m:      Sent reply
02/14/2025 12:18:29:INFO:Sent reply
[92mINFO [0m:      
02/14/2025 12:19:12:INFO:
[92mINFO [0m:      Received: train message f8ecd02a-8e27-43f3-acd2-448cddd82292
02/14/2025 12:19:12:INFO:Received: train message f8ecd02a-8e27-43f3-acd2-448cddd82292
/home/dgxuser16/anaconda3/envs/ihpc/lib/python3.8/site-packages/torch/nn/modules/module.py:1640: FutureWarning: Using a non-full backward hook when the forward contains multiple autograd Nodes is deprecated and will be removed in future versions. This hook will be missing some grad_input. Please use register_full_backward_hook to get the documented behavior.
  self._maybe_warn_non_full_backward_hook(args, result, grad_fn)
[92mINFO [0m:      Sent reply
02/14/2025 12:19:26:INFO:Sent reply
[92mINFO [0m:      
02/14/2025 12:20:09:INFO:
[92mINFO [0m:      Received: evaluate message 390eaba8-2229-4d86-8f38-3a143f96513e
02/14/2025 12:20:09:INFO:Received: evaluate message 390eaba8-2229-4d86-8f38-3a143f96513e
[92mINFO [0m:      Sent reply
02/14/2025 12:20:12:INFO:Sent reply
[92mINFO [0m:      
02/14/2025 12:20:35:INFO:
[92mINFO [0m:      Received: train message 281d5f4a-b6c6-40d9-8c23-246baffa924a
02/14/2025 12:20:35:INFO:Received: train message 281d5f4a-b6c6-40d9-8c23-246baffa924a
/home/dgxuser16/anaconda3/envs/ihpc/lib/python3.8/site-packages/torch/nn/modules/module.py:1640: FutureWarning: Using a non-full backward hook when the forward contains multiple autograd Nodes is deprecated and will be removed in future versions. This hook will be missing some grad_input. Please use register_full_backward_hook to get the documented behavior.
  self._maybe_warn_non_full_backward_hook(args, result, grad_fn)
[92mINFO [0m:      Sent reply
02/14/2025 12:20:46:INFO:Sent reply
[92mINFO [0m:      
02/14/2025 12:21:41:INFO:
[92mINFO [0m:      Received: evaluate message 7f65442b-b752-4809-9846-b2bc391231db
02/14/2025 12:21:41:INFO:Received: evaluate message 7f65442b-b752-4809-9846-b2bc391231db
[92mINFO [0m:      Sent reply
02/14/2025 12:21:44:INFO:Sent reply
[92mINFO [0m:      
02/14/2025 12:22:33:INFO:
[92mINFO [0m:      Received: train message fa8add64-3d90-480a-bfdc-7aadbb410b4b
02/14/2025 12:22:33:INFO:Received: train message fa8add64-3d90-480a-bfdc-7aadbb410b4b
/home/dgxuser16/anaconda3/envs/ihpc/lib/python3.8/site-packages/torch/nn/modules/module.py:1640: FutureWarning: Using a non-full backward hook when the forward contains multiple autograd Nodes is deprecated and will be removed in future versions. This hook will be missing some grad_input. Please use register_full_backward_hook to get the documented behavior.
  self._maybe_warn_non_full_backward_hook(args, result, grad_fn)
[92mINFO [0m:      Sent reply
02/14/2025 12:22:48:INFO:Sent reply
[92mINFO [0m:      
02/14/2025 12:23:33:INFO:
[92mINFO [0m:      Received: evaluate message 6d0992cf-4cc7-4863-b63c-fcfbf57b5d9d
02/14/2025 12:23:33:INFO:Received: evaluate message 6d0992cf-4cc7-4863-b63c-fcfbf57b5d9d
[92mINFO [0m:      Sent reply
02/14/2025 12:23:37:INFO:Sent reply
[92mINFO [0m:      
02/14/2025 12:24:17:INFO:
[92mINFO [0m:      Received: train message bd24a6a9-3060-4466-8a39-8d75298e1312
02/14/2025 12:24:17:INFO:Received: train message bd24a6a9-3060-4466-8a39-8d75298e1312
/home/dgxuser16/anaconda3/envs/ihpc/lib/python3.8/site-packages/torch/nn/modules/module.py:1640: FutureWarning: Using a non-full backward hook when the forward contains multiple autograd Nodes is deprecated and will be removed in future versions. This hook will be missing some grad_input. Please use register_full_backward_hook to get the documented behavior.
  self._maybe_warn_non_full_backward_hook(args, result, grad_fn)
[92mINFO [0m:      Sent reply
02/14/2025 12:24:33:INFO:Sent reply
[92mINFO [0m:      
02/14/2025 12:25:04:INFO:
[92mINFO [0m:      Received: evaluate message 2a4227ea-a6c5-42e9-afae-6605354f77df
02/14/2025 12:25:04:INFO:Received: evaluate message 2a4227ea-a6c5-42e9-afae-6605354f77df
[92mINFO [0m:      Sent reply
02/14/2025 12:25:07:INFO:Sent reply
[92mINFO [0m:      
02/14/2025 12:25:42:INFO:
[92mINFO [0m:      Received: train message 8edf2484-9b38-49ac-b911-9c3294790a42
02/14/2025 12:25:42:INFO:Received: train message 8edf2484-9b38-49ac-b911-9c3294790a42
/home/dgxuser16/anaconda3/envs/ihpc/lib/python3.8/site-packages/torch/nn/modules/module.py:1640: FutureWarning: Using a non-full backward hook when the forward contains multiple autograd Nodes is deprecated and will be removed in future versions. This hook will be missing some grad_input. Please use register_full_backward_hook to get the documented behavior.
  self._maybe_warn_non_full_backward_hook(args, result, grad_fn)
[92mINFO [0m:      Sent reply
02/14/2025 12:25:56:INFO:Sent reply
[92mINFO [0m:      
02/14/2025 12:26:45:INFO:
[92mINFO [0m:      Received: evaluate message 81eb5223-70e3-403e-b74a-9b450413a5a9
02/14/2025 12:26:45:INFO:Received: evaluate message 81eb5223-70e3-403e-b74a-9b450413a5a9
[92mINFO [0m:      Sent reply
02/14/2025 12:26:48:INFO:Sent reply
[92mINFO [0m:      
02/14/2025 12:27:22:INFO:
[92mINFO [0m:      Received: train message d1c16fc5-59dc-4041-89a5-32b011e7e178
02/14/2025 12:27:22:INFO:Received: train message d1c16fc5-59dc-4041-89a5-32b011e7e178
/home/dgxuser16/anaconda3/envs/ihpc/lib/python3.8/site-packages/torch/nn/modules/module.py:1640: FutureWarning: Using a non-full backward hook when the forward contains multiple autograd Nodes is deprecated and will be removed in future versions. This hook will be missing some grad_input. Please use register_full_backward_hook to get the documented behavior.
  self._maybe_warn_non_full_backward_hook(args, result, grad_fn)
[92mINFO [0m:      Sent reply
02/14/2025 12:27:35:INFO:Sent reply
[92mINFO [0m:      
02/14/2025 12:28:29:INFO:
[92mINFO [0m:      Received: evaluate message 1e14dbc9-f306-486a-89a6-b34f8262ae69
02/14/2025 12:28:29:INFO:Received: evaluate message 1e14dbc9-f306-486a-89a6-b34f8262ae69
[92mINFO [0m:      Sent reply
02/14/2025 12:28:32:INFO:Sent reply
[92mINFO [0m:      
02/14/2025 12:29:13:INFO:
[92mINFO [0m:      Received: train message bddbb3ee-340e-44b1-9772-a309154085a2
02/14/2025 12:29:13:INFO:Received: train message bddbb3ee-340e-44b1-9772-a309154085a2
/home/dgxuser16/anaconda3/envs/ihpc/lib/python3.8/site-packages/torch/nn/modules/module.py:1640: FutureWarning: Using a non-full backward hook when the forward contains multiple autograd Nodes is deprecated and will be removed in future versions. This hook will be missing some grad_input. Please use register_full_backward_hook to get the documented behavior.
  self._maybe_warn_non_full_backward_hook(args, result, grad_fn)
[92mINFO [0m:      Sent reply
02/14/2025 12:29:28:INFO:Sent reply
[92mINFO [0m:      
02/14/2025 12:30:08:INFO:
[92mINFO [0m:      Received: evaluate message 25d5f14e-0b2e-49c0-b59c-399631f6e72e
02/14/2025 12:30:08:INFO:Received: evaluate message 25d5f14e-0b2e-49c0-b59c-399631f6e72e
[92mINFO [0m:      Sent reply
02/14/2025 12:30:10:INFO:Sent reply
[92mINFO [0m:      
02/14/2025 12:31:02:INFO:
[92mINFO [0m:      Received: train message a85e39b8-057d-4be6-ada2-128c698e4cbd
02/14/2025 12:31:02:INFO:Received: train message a85e39b8-057d-4be6-ada2-128c698e4cbd
/home/dgxuser16/anaconda3/envs/ihpc/lib/python3.8/site-packages/torch/nn/modules/module.py:1640: FutureWarning: Using a non-full backward hook when the forward contains multiple autograd Nodes is deprecated and will be removed in future versions. This hook will be missing some grad_input. Please use register_full_backward_hook to get the documented behavior.
  self._maybe_warn_non_full_backward_hook(args, result, grad_fn)
[92mINFO [0m:      Sent reply
02/14/2025 12:31:17:INFO:Sent reply
[92mINFO [0m:      
02/14/2025 12:31:56:INFO:
[92mINFO [0m:      Received: evaluate message c054a83b-f4a1-45df-966e-02eb610ff1c8
02/14/2025 12:31:56:INFO:Received: evaluate message c054a83b-f4a1-45df-966e-02eb610ff1c8
[92mINFO [0m:      Sent reply
02/14/2025 12:31:59:INFO:Sent reply
[92mINFO [0m:      
02/14/2025 12:32:52:INFO:
[92mINFO [0m:      Received: train message b244ded0-d599-4ea0-be1e-b563d85d0073
02/14/2025 12:32:52:INFO:Received: train message b244ded0-d599-4ea0-be1e-b563d85d0073
/home/dgxuser16/anaconda3/envs/ihpc/lib/python3.8/site-packages/torch/nn/modules/module.py:1640: FutureWarning: Using a non-full backward hook when the forward contains multiple autograd Nodes is deprecated and will be removed in future versions. This hook will be missing some grad_input. Please use register_full_backward_hook to get the documented behavior.
  self._maybe_warn_non_full_backward_hook(args, result, grad_fn)
[92mINFO [0m:      Sent reply
02/14/2025 12:33:09:INFO:Sent reply
[92mINFO [0m:      
02/14/2025 12:33:55:INFO:
[92mINFO [0m:      Received: evaluate message 373e49df-27d9-40d3-a49f-60f8f0522459
02/14/2025 12:33:55:INFO:Received: evaluate message 373e49df-27d9-40d3-a49f-60f8f0522459
[92mINFO [0m:      Sent reply
02/14/2025 12:33:59:INFO:Sent reply
[92mINFO [0m:      
02/14/2025 12:34:38:INFO:
[92mINFO [0m:      Received: train message 2072d0ea-a552-4556-b196-533b9bc6bdab
02/14/2025 12:34:38:INFO:Received: train message 2072d0ea-a552-4556-b196-533b9bc6bdab
/home/dgxuser16/anaconda3/envs/ihpc/lib/python3.8/site-packages/torch/nn/modules/module.py:1640: FutureWarning: Using a non-full backward hook when the forward contains multiple autograd Nodes is deprecated and will be removed in future versions. This hook will be missing some grad_input. Please use register_full_backward_hook to get the documented behavior.
  self._maybe_warn_non_full_backward_hook(args, result, grad_fn)
[92mINFO [0m:      Sent reply
02/14/2025 12:34:54:INFO:Sent reply
[92mINFO [0m:      
02/14/2025 12:35:34:INFO:
[92mINFO [0m:      Received: evaluate message 10cc85a8-7ea1-44f0-8964-0f5951007231
02/14/2025 12:35:34:INFO:Received: evaluate message 10cc85a8-7ea1-44f0-8964-0f5951007231
[92mINFO [0m:      Sent reply
02/14/2025 12:35:37:INFO:Sent reply
[92mINFO [0m:      
02/14/2025 12:36:17:INFO:
[92mINFO [0m:      Received: train message 75e84351-07ef-46dc-b3bb-99bc9b55d243
02/14/2025 12:36:17:INFO:Received: train message 75e84351-07ef-46dc-b3bb-99bc9b55d243
Device: cuda:0
Params: {'batch_size': 32, 'local_epochs': 3, 'full_dataset_size': 6400, 'number_of_classes': 4}
Privacy Params: {'target_delta': 1e-05, 'noise_multiplier': 0.43, 'max_grad_norm': 1.0}
Epsilon = 22.2150

{'loss': [1.2778113055639289], 'accuracy': [0.3502736512900704], 'auc': [0.5475943563601562]}

Epsilon = 29.7993

{'loss': [1.2778113055639289, 1.2070881306332848], 'accuracy': [0.3502736512900704, 0.3502736512900704], 'auc': [0.5475943563601562, 0.5724054357746555]}

Epsilon = 36.0706

{'loss': [1.2778113055639289, 1.2070881306332848, 1.166713836418641], 'accuracy': [0.3502736512900704, 0.3502736512900704, 0.364347146207975], 'auc': [0.5475943563601562, 0.5724054357746555, 0.5882719732153724]}

Epsilon = 41.6771

{'loss': [1.2778113055639289, 1.2070881306332848, 1.166713836418641, 1.1380206070158796], 'accuracy': [0.3502736512900704, 0.3502736512900704, 0.364347146207975, 0.38702111024237684], 'auc': [0.5475943563601562, 0.5724054357746555, 0.5882719732153724, 0.5935583705907388]}

Epsilon = 46.8634

{'loss': [1.2778113055639289, 1.2070881306332848, 1.166713836418641, 1.1380206070158796, 1.112346348210738], 'accuracy': [0.3502736512900704, 0.3502736512900704, 0.364347146207975, 0.38702111024237684, 0.43862392494136043], 'auc': [0.5475943563601562, 0.5724054357746555, 0.5882719732153724, 0.5935583705907388, 0.6032238217432531]}

Epsilon = 51.7533

{'loss': [1.2778113055639289, 1.2070881306332848, 1.166713836418641, 1.1380206070158796, 1.112346348210738, 1.0899181154857305], 'accuracy': [0.3502736512900704, 0.3502736512900704, 0.364347146207975, 0.38702111024237684, 0.43862392494136043, 0.4659890539483972], 'auc': [0.5475943563601562, 0.5724054357746555, 0.5882719732153724, 0.5935583705907388, 0.6032238217432531, 0.6150154763414883]}

Epsilon = 56.4196

{'loss': [1.2778113055639289, 1.2070881306332848, 1.166713836418641, 1.1380206070158796, 1.112346348210738, 1.0899181154857305, 1.0743246741645311], 'accuracy': [0.3502736512900704, 0.3502736512900704, 0.364347146207975, 0.38702111024237684, 0.43862392494136043, 0.4659890539483972, 0.4910086004691165], 'auc': [0.5475943563601562, 0.5724054357746555, 0.5882719732153724, 0.5935583705907388, 0.6032238217432531, 0.6150154763414883, 0.6209727122785562]}

Epsilon = 60.9095

{'loss': [1.2778113055639289, 1.2070881306332848, 1.166713836418641, 1.1380206070158796, 1.112346348210738, 1.0899181154857305, 1.0743246741645311, 1.0605815405301324], 'accuracy': [0.3502736512900704, 0.3502736512900704, 0.364347146207975, 0.38702111024237684, 0.43862392494136043, 0.4659890539483972, 0.4910086004691165, 0.5043002345582487], 'auc': [0.5475943563601562, 0.5724054357746555, 0.5882719732153724, 0.5935583705907388, 0.6032238217432531, 0.6150154763414883, 0.6209727122785562, 0.6286110513429131]}

Epsilon = 65.2556

{'loss': [1.2778113055639289, 1.2070881306332848, 1.166713836418641, 1.1380206070158796, 1.112346348210738, 1.0899181154857305, 1.0743246741645311, 1.0605815405301324, 1.0491225073074717], 'accuracy': [0.3502736512900704, 0.3502736512900704, 0.364347146207975, 0.38702111024237684, 0.43862392494136043, 0.4659890539483972, 0.4910086004691165, 0.5043002345582487, 0.527756059421423], 'auc': [0.5475943563601562, 0.5724054357746555, 0.5882719732153724, 0.5935583705907388, 0.6032238217432531, 0.6150154763414883, 0.6209727122785562, 0.6286110513429131, 0.6357009963140028]}

Epsilon = 69.4817

{'loss': [1.2778113055639289, 1.2070881306332848, 1.166713836418641, 1.1380206070158796, 1.112346348210738, 1.0899181154857305, 1.0743246741645311, 1.0605815405301324, 1.0491225073074717, 1.0403849222028134], 'accuracy': [0.3502736512900704, 0.3502736512900704, 0.364347146207975, 0.38702111024237684, 0.43862392494136043, 0.4659890539483972, 0.4910086004691165, 0.5043002345582487, 0.527756059421423, 0.5363565285379203], 'auc': [0.5475943563601562, 0.5724054357746555, 0.5882719732153724, 0.5935583705907388, 0.6032238217432531, 0.6150154763414883, 0.6209727122785562, 0.6286110513429131, 0.6357009963140028, 0.640485171653917]}

Epsilon = 73.6054

{'loss': [1.2778113055639289, 1.2070881306332848, 1.166713836418641, 1.1380206070158796, 1.112346348210738, 1.0899181154857305, 1.0743246741645311, 1.0605815405301324, 1.0491225073074717, 1.0403849222028134, 1.0331682643450453], 'accuracy': [0.3502736512900704, 0.3502736512900704, 0.364347146207975, 0.38702111024237684, 0.43862392494136043, 0.4659890539483972, 0.4910086004691165, 0.5043002345582487, 0.527756059421423, 0.5363565285379203, 0.5347928068803753], 'auc': [0.5475943563601562, 0.5724054357746555, 0.5882719732153724, 0.5935583705907388, 0.6032238217432531, 0.6150154763414883, 0.6209727122785562, 0.6286110513429131, 0.6357009963140028, 0.640485171653917, 0.6451831706384412]}

Epsilon = 77.6406

{'loss': [1.2778113055639289, 1.2070881306332848, 1.166713836418641, 1.1380206070158796, 1.112346348210738, 1.0899181154857305, 1.0743246741645311, 1.0605815405301324, 1.0491225073074717, 1.0403849222028134, 1.0331682643450453, 1.0268494522226705], 'accuracy': [0.3502736512900704, 0.3502736512900704, 0.364347146207975, 0.38702111024237684, 0.43862392494136043, 0.4659890539483972, 0.4910086004691165, 0.5043002345582487, 0.527756059421423, 0.5363565285379203, 0.5347928068803753, 0.5402658326817826], 'auc': [0.5475943563601562, 0.5724054357746555, 0.5882719732153724, 0.5935583705907388, 0.6032238217432531, 0.6150154763414883, 0.6209727122785562, 0.6286110513429131, 0.6357009963140028, 0.640485171653917, 0.6451831706384412, 0.6494855236237937]}

Epsilon = 81.5982

{'loss': [1.2778113055639289, 1.2070881306332848, 1.166713836418641, 1.1380206070158796, 1.112346348210738, 1.0899181154857305, 1.0743246741645311, 1.0605815405301324, 1.0491225073074717, 1.0403849222028134, 1.0331682643450453, 1.0268494522226705, 1.021503525893142], 'accuracy': [0.3502736512900704, 0.3502736512900704, 0.364347146207975, 0.38702111024237684, 0.43862392494136043, 0.4659890539483972, 0.4910086004691165, 0.5043002345582487, 0.527756059421423, 0.5363565285379203, 0.5347928068803753, 0.5402658326817826, 0.5387021110242377], 'auc': [0.5475943563601562, 0.5724054357746555, 0.5882719732153724, 0.5935583705907388, 0.6032238217432531, 0.6150154763414883, 0.6209727122785562, 0.6286110513429131, 0.6357009963140028, 0.640485171653917, 0.6451831706384412, 0.6494855236237937, 0.6523690188976428]}

Epsilon = 85.4872

{'loss': [1.2778113055639289, 1.2070881306332848, 1.166713836418641, 1.1380206070158796, 1.112346348210738, 1.0899181154857305, 1.0743246741645311, 1.0605815405301324, 1.0491225073074717, 1.0403849222028134, 1.0331682643450453, 1.0268494522226705, 1.021503525893142, 1.0174000698015782], 'accuracy': [0.3502736512900704, 0.3502736512900704, 0.364347146207975, 0.38702111024237684, 0.43862392494136043, 0.4659890539483972, 0.4910086004691165, 0.5043002345582487, 0.527756059421423, 0.5363565285379203, 0.5347928068803753, 0.5402658326817826, 0.5387021110242377, 0.5355746677091477], 'auc': [0.5475943563601562, 0.5724054357746555, 0.5882719732153724, 0.5935583705907388, 0.6032238217432531, 0.6150154763414883, 0.6209727122785562, 0.6286110513429131, 0.6357009963140028, 0.640485171653917, 0.6451831706384412, 0.6494855236237937, 0.6523690188976428, 0.6557485920811256]}

Epsilon = 89.3148

{'loss': [1.2778113055639289, 1.2070881306332848, 1.166713836418641, 1.1380206070158796, 1.112346348210738, 1.0899181154857305, 1.0743246741645311, 1.0605815405301324, 1.0491225073074717, 1.0403849222028134, 1.0331682643450453, 1.0268494522226705, 1.021503525893142, 1.0174000698015782, 1.0133530688621366], 'accuracy': [0.3502736512900704, 0.3502736512900704, 0.364347146207975, 0.38702111024237684, 0.43862392494136043, 0.4659890539483972, 0.4910086004691165, 0.5043002345582487, 0.527756059421423, 0.5363565285379203, 0.5347928068803753, 0.5402658326817826, 0.5387021110242377, 0.5355746677091477, 0.5269741985926505], 'auc': [0.5475943563601562, 0.5724054357746555, 0.5882719732153724, 0.5935583705907388, 0.6032238217432531, 0.6150154763414883, 0.6209727122785562, 0.6286110513429131, 0.6357009963140028, 0.640485171653917, 0.6451831706384412, 0.6494855236237937, 0.6523690188976428, 0.6557485920811256, 0.6570415597800776]}

/home/dgxuser16/anaconda3/envs/ihpc/lib/python3.8/site-packages/torch/nn/modules/module.py:1640: FutureWarning: Using a non-full backward hook when the forward contains multiple autograd Nodes is deprecated and will be removed in future versions. This hook will be missing some grad_input. Please use register_full_backward_hook to get the documented behavior.
  self._maybe_warn_non_full_backward_hook(args, result, grad_fn)
[92mINFO [0m:      Sent reply
02/14/2025 12:36:36:INFO:Sent reply
[92mINFO [0m:      
02/14/2025 12:37:23:INFO:
[92mINFO [0m:      Received: evaluate message fd88b786-c81e-40ab-95f6-4f7328c5a030
02/14/2025 12:37:23:INFO:Received: evaluate message fd88b786-c81e-40ab-95f6-4f7328c5a030
[92mINFO [0m:      Sent reply
02/14/2025 12:37:27:INFO:Sent reply
[92mINFO [0m:      
02/14/2025 12:38:02:INFO:
[92mINFO [0m:      Received: train message 6d47701c-721f-41b7-bbba-ce1d73797fb6
02/14/2025 12:38:02:INFO:Received: train message 6d47701c-721f-41b7-bbba-ce1d73797fb6
/home/dgxuser16/anaconda3/envs/ihpc/lib/python3.8/site-packages/torch/nn/modules/module.py:1640: FutureWarning: Using a non-full backward hook when the forward contains multiple autograd Nodes is deprecated and will be removed in future versions. This hook will be missing some grad_input. Please use register_full_backward_hook to get the documented behavior.
  self._maybe_warn_non_full_backward_hook(args, result, grad_fn)
[92mINFO [0m:      Sent reply
02/14/2025 12:38:24:INFO:Sent reply
[92mINFO [0m:      
02/14/2025 12:39:02:INFO:
[92mINFO [0m:      Received: evaluate message dda6f9df-6b41-482c-b878-79e94a67cead
02/14/2025 12:39:02:INFO:Received: evaluate message dda6f9df-6b41-482c-b878-79e94a67cead
[92mINFO [0m:      Sent reply
02/14/2025 12:39:05:INFO:Sent reply
[92mINFO [0m:      
02/14/2025 12:39:47:INFO:
[92mINFO [0m:      Received: train message f1556edf-689d-4597-b26c-988180a18c02
02/14/2025 12:39:47:INFO:Received: train message f1556edf-689d-4597-b26c-988180a18c02
/home/dgxuser16/anaconda3/envs/ihpc/lib/python3.8/site-packages/torch/nn/modules/module.py:1640: FutureWarning: Using a non-full backward hook when the forward contains multiple autograd Nodes is deprecated and will be removed in future versions. This hook will be missing some grad_input. Please use register_full_backward_hook to get the documented behavior.
  self._maybe_warn_non_full_backward_hook(args, result, grad_fn)
[92mINFO [0m:      Sent reply
02/14/2025 12:40:01:INFO:Sent reply
[92mINFO [0m:      
02/14/2025 12:40:59:INFO:
[92mINFO [0m:      Received: evaluate message 6c1bcff8-e650-441e-ae12-564b82fde58b
02/14/2025 12:40:59:INFO:Received: evaluate message 6c1bcff8-e650-441e-ae12-564b82fde58b
[92mINFO [0m:      Sent reply
02/14/2025 12:41:02:INFO:Sent reply
[92mINFO [0m:      
02/14/2025 12:41:50:INFO:
[92mINFO [0m:      Received: train message 30c1defd-69d1-48e0-86e5-535589926dd8
02/14/2025 12:41:50:INFO:Received: train message 30c1defd-69d1-48e0-86e5-535589926dd8
/home/dgxuser16/anaconda3/envs/ihpc/lib/python3.8/site-packages/torch/nn/modules/module.py:1640: FutureWarning: Using a non-full backward hook when the forward contains multiple autograd Nodes is deprecated and will be removed in future versions. This hook will be missing some grad_input. Please use register_full_backward_hook to get the documented behavior.
  self._maybe_warn_non_full_backward_hook(args, result, grad_fn)
[92mINFO [0m:      Sent reply
02/14/2025 12:42:10:INFO:Sent reply
[92mINFO [0m:      
02/14/2025 12:43:00:INFO:
[92mINFO [0m:      Received: evaluate message 635733f5-01a6-40cf-8f57-75a1756965a1
02/14/2025 12:43:00:INFO:Received: evaluate message 635733f5-01a6-40cf-8f57-75a1756965a1
[92mINFO [0m:      Sent reply
02/14/2025 12:43:02:INFO:Sent reply
[92mINFO [0m:      
02/14/2025 12:43:39:INFO:
[92mINFO [0m:      Received: train message 9db24a61-8117-45b9-8b00-b0f31ae3d3c6
02/14/2025 12:43:39:INFO:Received: train message 9db24a61-8117-45b9-8b00-b0f31ae3d3c6
/home/dgxuser16/anaconda3/envs/ihpc/lib/python3.8/site-packages/torch/nn/modules/module.py:1640: FutureWarning: Using a non-full backward hook when the forward contains multiple autograd Nodes is deprecated and will be removed in future versions. This hook will be missing some grad_input. Please use register_full_backward_hook to get the documented behavior.
  self._maybe_warn_non_full_backward_hook(args, result, grad_fn)
[92mINFO [0m:      Sent reply
02/14/2025 12:44:03:INFO:Sent reply
[92mINFO [0m:      
02/14/2025 12:44:46:INFO:
[92mINFO [0m:      Received: evaluate message 8af0cb6b-d52c-4112-aa48-0a8dd7ed801d
02/14/2025 12:44:46:INFO:Received: evaluate message 8af0cb6b-d52c-4112-aa48-0a8dd7ed801d
[92mINFO [0m:      Sent reply
02/14/2025 12:44:49:INFO:Sent reply
[92mINFO [0m:      
02/14/2025 12:45:11:INFO:
[92mINFO [0m:      Received: train message aa579906-189c-4c21-8940-c329fac88399
02/14/2025 12:45:11:INFO:Received: train message aa579906-189c-4c21-8940-c329fac88399
/home/dgxuser16/anaconda3/envs/ihpc/lib/python3.8/site-packages/torch/nn/modules/module.py:1640: FutureWarning: Using a non-full backward hook when the forward contains multiple autograd Nodes is deprecated and will be removed in future versions. This hook will be missing some grad_input. Please use register_full_backward_hook to get the documented behavior.
  self._maybe_warn_non_full_backward_hook(args, result, grad_fn)
[92mINFO [0m:      Sent reply
02/14/2025 12:45:28:INFO:Sent reply
[92mINFO [0m:      
02/14/2025 12:46:47:INFO:
[92mINFO [0m:      Received: evaluate message 8a632978-59ec-4401-bad5-5c9eb944194f
02/14/2025 12:46:47:INFO:Received: evaluate message 8a632978-59ec-4401-bad5-5c9eb944194f
[92mINFO [0m:      Sent reply
02/14/2025 12:46:50:INFO:Sent reply
[92mINFO [0m:      
02/14/2025 12:47:32:INFO:
[92mINFO [0m:      Received: train message af1a0c59-1b15-471e-b5e3-f2f01e3d7284
02/14/2025 12:47:32:INFO:Received: train message af1a0c59-1b15-471e-b5e3-f2f01e3d7284
/home/dgxuser16/anaconda3/envs/ihpc/lib/python3.8/site-packages/torch/nn/modules/module.py:1640: FutureWarning: Using a non-full backward hook when the forward contains multiple autograd Nodes is deprecated and will be removed in future versions. This hook will be missing some grad_input. Please use register_full_backward_hook to get the documented behavior.
  self._maybe_warn_non_full_backward_hook(args, result, grad_fn)
[92mINFO [0m:      Sent reply
02/14/2025 12:47:54:INFO:Sent reply
[92mINFO [0m:      
02/14/2025 12:48:49:INFO:
[92mINFO [0m:      Received: evaluate message cd22780d-c334-4bfa-a129-4cadafc8c264
02/14/2025 12:48:49:INFO:Received: evaluate message cd22780d-c334-4bfa-a129-4cadafc8c264
Epsilon = 93.0870

{'loss': [1.2778113055639289, 1.2070881306332848, 1.166713836418641, 1.1380206070158796, 1.112346348210738, 1.0899181154857305, 1.0743246741645311, 1.0605815405301324, 1.0491225073074717, 1.0403849222028134, 1.0331682643450453, 1.0268494522226705, 1.021503525893142, 1.0174000698015782, 1.0133530688621366, 1.0102738163916742], 'accuracy': [0.3502736512900704, 0.3502736512900704, 0.364347146207975, 0.38702111024237684, 0.43862392494136043, 0.4659890539483972, 0.4910086004691165, 0.5043002345582487, 0.527756059421423, 0.5363565285379203, 0.5347928068803753, 0.5402658326817826, 0.5387021110242377, 0.5355746677091477, 0.5269741985926505, 0.5293197810789679], 'auc': [0.5475943563601562, 0.5724054357746555, 0.5882719732153724, 0.5935583705907388, 0.6032238217432531, 0.6150154763414883, 0.6209727122785562, 0.6286110513429131, 0.6357009963140028, 0.640485171653917, 0.6451831706384412, 0.6494855236237937, 0.6523690188976428, 0.6557485920811256, 0.6570415597800776, 0.6594121684117098]}

Epsilon = 96.8091

{'loss': [1.2778113055639289, 1.2070881306332848, 1.166713836418641, 1.1380206070158796, 1.112346348210738, 1.0899181154857305, 1.0743246741645311, 1.0605815405301324, 1.0491225073074717, 1.0403849222028134, 1.0331682643450453, 1.0268494522226705, 1.021503525893142, 1.0174000698015782, 1.0133530688621366, 1.0102738163916742, 1.0063213361157768], 'accuracy': [0.3502736512900704, 0.3502736512900704, 0.364347146207975, 0.38702111024237684, 0.43862392494136043, 0.4659890539483972, 0.4910086004691165, 0.5043002345582487, 0.527756059421423, 0.5363565285379203, 0.5347928068803753, 0.5402658326817826, 0.5387021110242377, 0.5355746677091477, 0.5269741985926505, 0.5293197810789679, 0.527756059421423], 'auc': [0.5475943563601562, 0.5724054357746555, 0.5882719732153724, 0.5935583705907388, 0.6032238217432531, 0.6150154763414883, 0.6209727122785562, 0.6286110513429131, 0.6357009963140028, 0.640485171653917, 0.6451831706384412, 0.6494855236237937, 0.6523690188976428, 0.6557485920811256, 0.6570415597800776, 0.6594121684117098, 0.6645425291225376]}

Epsilon = 100.4854

{'loss': [1.2778113055639289, 1.2070881306332848, 1.166713836418641, 1.1380206070158796, 1.112346348210738, 1.0899181154857305, 1.0743246741645311, 1.0605815405301324, 1.0491225073074717, 1.0403849222028134, 1.0331682643450453, 1.0268494522226705, 1.021503525893142, 1.0174000698015782, 1.0133530688621366, 1.0102738163916742, 1.0063213361157768, 1.0039083016766899], 'accuracy': [0.3502736512900704, 0.3502736512900704, 0.364347146207975, 0.38702111024237684, 0.43862392494136043, 0.4659890539483972, 0.4910086004691165, 0.5043002345582487, 0.527756059421423, 0.5363565285379203, 0.5347928068803753, 0.5402658326817826, 0.5387021110242377, 0.5355746677091477, 0.5269741985926505, 0.5293197810789679, 0.527756059421423, 0.5285379202501954], 'auc': [0.5475943563601562, 0.5724054357746555, 0.5882719732153724, 0.5935583705907388, 0.6032238217432531, 0.6150154763414883, 0.6209727122785562, 0.6286110513429131, 0.6357009963140028, 0.640485171653917, 0.6451831706384412, 0.6494855236237937, 0.6523690188976428, 0.6557485920811256, 0.6570415597800776, 0.6594121684117098, 0.6645425291225376, 0.668468409380638]}

Epsilon = 104.1197

{'loss': [1.2778113055639289, 1.2070881306332848, 1.166713836418641, 1.1380206070158796, 1.112346348210738, 1.0899181154857305, 1.0743246741645311, 1.0605815405301324, 1.0491225073074717, 1.0403849222028134, 1.0331682643450453, 1.0268494522226705, 1.021503525893142, 1.0174000698015782, 1.0133530688621366, 1.0102738163916742, 1.0063213361157768, 1.0039083016766899, 1.0016139216773485], 'accuracy': [0.3502736512900704, 0.3502736512900704, 0.364347146207975, 0.38702111024237684, 0.43862392494136043, 0.4659890539483972, 0.4910086004691165, 0.5043002345582487, 0.527756059421423, 0.5363565285379203, 0.5347928068803753, 0.5402658326817826, 0.5387021110242377, 0.5355746677091477, 0.5269741985926505, 0.5293197810789679, 0.527756059421423, 0.5285379202501954, 0.527756059421423], 'auc': [0.5475943563601562, 0.5724054357746555, 0.5882719732153724, 0.5935583705907388, 0.6032238217432531, 0.6150154763414883, 0.6209727122785562, 0.6286110513429131, 0.6357009963140028, 0.640485171653917, 0.6451831706384412, 0.6494855236237937, 0.6523690188976428, 0.6557485920811256, 0.6570415597800776, 0.6594121684117098, 0.6645425291225376, 0.668468409380638, 0.6712201771697336]}

Epsilon = 107.7154

{'loss': [1.2778113055639289, 1.2070881306332848, 1.166713836418641, 1.1380206070158796, 1.112346348210738, 1.0899181154857305, 1.0743246741645311, 1.0605815405301324, 1.0491225073074717, 1.0403849222028134, 1.0331682643450453, 1.0268494522226705, 1.021503525893142, 1.0174000698015782, 1.0133530688621366, 1.0102738163916742, 1.0063213361157768, 1.0039083016766899, 1.0016139216773485, 1.0005521901982943], 'accuracy': [0.3502736512900704, 0.3502736512900704, 0.364347146207975, 0.38702111024237684, 0.43862392494136043, 0.4659890539483972, 0.4910086004691165, 0.5043002345582487, 0.527756059421423, 0.5363565285379203, 0.5347928068803753, 0.5402658326817826, 0.5387021110242377, 0.5355746677091477, 0.5269741985926505, 0.5293197810789679, 0.527756059421423, 0.5285379202501954, 0.527756059421423, 0.5285379202501954], 'auc': [0.5475943563601562, 0.5724054357746555, 0.5882719732153724, 0.5935583705907388, 0.6032238217432531, 0.6150154763414883, 0.6209727122785562, 0.6286110513429131, 0.6357009963140028, 0.640485171653917, 0.6451831706384412, 0.6494855236237937, 0.6523690188976428, 0.6557485920811256, 0.6570415597800776, 0.6594121684117098, 0.6645425291225376, 0.668468409380638, 0.6712201771697336, 0.6727165680319378]}

Epsilon = 111.2752

{'loss': [1.2778113055639289, 1.2070881306332848, 1.166713836418641, 1.1380206070158796, 1.112346348210738, 1.0899181154857305, 1.0743246741645311, 1.0605815405301324, 1.0491225073074717, 1.0403849222028134, 1.0331682643450453, 1.0268494522226705, 1.021503525893142, 1.0174000698015782, 1.0133530688621366, 1.0102738163916742, 1.0063213361157768, 1.0039083016766899, 1.0016139216773485, 1.0005521901982943, 0.9998296439135047], 'accuracy': [0.3502736512900704, 0.3502736512900704, 0.364347146207975, 0.38702111024237684, 0.43862392494136043, 0.4659890539483972, 0.4910086004691165, 0.5043002345582487, 0.527756059421423, 0.5363565285379203, 0.5347928068803753, 0.5402658326817826, 0.5387021110242377, 0.5355746677091477, 0.5269741985926505, 0.5293197810789679, 0.527756059421423, 0.5285379202501954, 0.527756059421423, 0.5285379202501954, 0.5308835027365129], 'auc': [0.5475943563601562, 0.5724054357746555, 0.5882719732153724, 0.5935583705907388, 0.6032238217432531, 0.6150154763414883, 0.6209727122785562, 0.6286110513429131, 0.6357009963140028, 0.640485171653917, 0.6451831706384412, 0.6494855236237937, 0.6523690188976428, 0.6557485920811256, 0.6570415597800776, 0.6594121684117098, 0.6645425291225376, 0.668468409380638, 0.6712201771697336, 0.6727165680319378, 0.6763378030383148]}

Epsilon = 114.8018
[92mINFO [0m:      Sent reply
02/14/2025 12:48:53:INFO:Sent reply
[92mINFO [0m:      
02/14/2025 12:49:35:INFO:
[92mINFO [0m:      Received: train message ad611096-2d53-4720-aa42-1b8f99ecddde
02/14/2025 12:49:35:INFO:Received: train message ad611096-2d53-4720-aa42-1b8f99ecddde
/home/dgxuser16/anaconda3/envs/ihpc/lib/python3.8/site-packages/torch/nn/modules/module.py:1640: FutureWarning: Using a non-full backward hook when the forward contains multiple autograd Nodes is deprecated and will be removed in future versions. This hook will be missing some grad_input. Please use register_full_backward_hook to get the documented behavior.
  self._maybe_warn_non_full_backward_hook(args, result, grad_fn)
[92mINFO [0m:      Sent reply
02/14/2025 12:49:57:INFO:Sent reply
[92mINFO [0m:      
02/14/2025 12:50:43:INFO:
[92mINFO [0m:      Received: evaluate message d00e8d6f-f47a-418c-a5c1-a996db73a55f
02/14/2025 12:50:43:INFO:Received: evaluate message d00e8d6f-f47a-418c-a5c1-a996db73a55f
[92mINFO [0m:      Sent reply
02/14/2025 12:50:45:INFO:Sent reply
[92mINFO [0m:      
02/14/2025 12:51:21:INFO:
[92mINFO [0m:      Received: train message fd9cabfd-6fb8-487d-8d6c-eacb1e1eccfe
02/14/2025 12:51:21:INFO:Received: train message fd9cabfd-6fb8-487d-8d6c-eacb1e1eccfe
/home/dgxuser16/anaconda3/envs/ihpc/lib/python3.8/site-packages/torch/nn/modules/module.py:1640: FutureWarning: Using a non-full backward hook when the forward contains multiple autograd Nodes is deprecated and will be removed in future versions. This hook will be missing some grad_input. Please use register_full_backward_hook to get the documented behavior.
  self._maybe_warn_non_full_backward_hook(args, result, grad_fn)
[92mINFO [0m:      Sent reply
02/14/2025 12:51:42:INFO:Sent reply
[92mINFO [0m:      
02/14/2025 12:52:45:INFO:
[92mINFO [0m:      Received: evaluate message 67cd89f5-6178-4770-bc33-06686182f2c3
02/14/2025 12:52:45:INFO:Received: evaluate message 67cd89f5-6178-4770-bc33-06686182f2c3
[92mINFO [0m:      Sent reply
02/14/2025 12:52:48:INFO:Sent reply
[92mINFO [0m:      
02/14/2025 12:53:13:INFO:
[92mINFO [0m:      Received: train message 7b62be4a-949e-4bed-a33d-d36c3d402579
02/14/2025 12:53:13:INFO:Received: train message 7b62be4a-949e-4bed-a33d-d36c3d402579
/home/dgxuser16/anaconda3/envs/ihpc/lib/python3.8/site-packages/torch/nn/modules/module.py:1640: FutureWarning: Using a non-full backward hook when the forward contains multiple autograd Nodes is deprecated and will be removed in future versions. This hook will be missing some grad_input. Please use register_full_backward_hook to get the documented behavior.
  self._maybe_warn_non_full_backward_hook(args, result, grad_fn)
[92mINFO [0m:      Sent reply
02/14/2025 12:53:35:INFO:Sent reply
[92mINFO [0m:      
02/14/2025 12:54:31:INFO:
[92mINFO [0m:      Received: evaluate message 458970b9-cadb-4636-bbab-2e7b76eb412b
02/14/2025 12:54:31:INFO:Received: evaluate message 458970b9-cadb-4636-bbab-2e7b76eb412b
[92mINFO [0m:      Sent reply
02/14/2025 12:54:33:INFO:Sent reply
[92mINFO [0m:      
02/14/2025 12:55:22:INFO:
[92mINFO [0m:      Received: train message 18e24fd2-8e93-455a-9efe-66fe5463187d
02/14/2025 12:55:22:INFO:Received: train message 18e24fd2-8e93-455a-9efe-66fe5463187d
/home/dgxuser16/anaconda3/envs/ihpc/lib/python3.8/site-packages/torch/nn/modules/module.py:1640: FutureWarning: Using a non-full backward hook when the forward contains multiple autograd Nodes is deprecated and will be removed in future versions. This hook will be missing some grad_input. Please use register_full_backward_hook to get the documented behavior.
  self._maybe_warn_non_full_backward_hook(args, result, grad_fn)
[92mINFO [0m:      Sent reply
02/14/2025 12:55:45:INFO:Sent reply
[92mINFO [0m:      
02/14/2025 12:56:48:INFO:
[92mINFO [0m:      Received: evaluate message 7b6bb623-af1c-44d2-8eb8-bc025d92add9
02/14/2025 12:56:48:INFO:Received: evaluate message 7b6bb623-af1c-44d2-8eb8-bc025d92add9
[92mINFO [0m:      Sent reply
02/14/2025 12:56:51:INFO:Sent reply
[92mINFO [0m:      
02/14/2025 12:57:22:INFO:
[92mINFO [0m:      Received: train message 11cde210-c9cd-4048-bff5-899f104423cb
02/14/2025 12:57:22:INFO:Received: train message 11cde210-c9cd-4048-bff5-899f104423cb
/home/dgxuser16/anaconda3/envs/ihpc/lib/python3.8/site-packages/torch/nn/modules/module.py:1640: FutureWarning: Using a non-full backward hook when the forward contains multiple autograd Nodes is deprecated and will be removed in future versions. This hook will be missing some grad_input. Please use register_full_backward_hook to get the documented behavior.
  self._maybe_warn_non_full_backward_hook(args, result, grad_fn)
[92mINFO [0m:      Sent reply
02/14/2025 12:57:48:INFO:Sent reply
[92mINFO [0m:      
02/14/2025 12:58:21:INFO:
[92mINFO [0m:      Received: evaluate message 27d0a516-ab84-4a37-a1f0-58c620b6a108
02/14/2025 12:58:21:INFO:Received: evaluate message 27d0a516-ab84-4a37-a1f0-58c620b6a108

{'loss': [1.2778113055639289, 1.2070881306332848, 1.166713836418641, 1.1380206070158796, 1.112346348210738, 1.0899181154857305, 1.0743246741645311, 1.0605815405301324, 1.0491225073074717, 1.0403849222028134, 1.0331682643450453, 1.0268494522226705, 1.021503525893142, 1.0174000698015782, 1.0133530688621366, 1.0102738163916742, 1.0063213361157768, 1.0039083016766899, 1.0016139216773485, 1.0005521901982943, 0.9998296439135047, 0.9978455956136929], 'accuracy': [0.3502736512900704, 0.3502736512900704, 0.364347146207975, 0.38702111024237684, 0.43862392494136043, 0.4659890539483972, 0.4910086004691165, 0.5043002345582487, 0.527756059421423, 0.5363565285379203, 0.5347928068803753, 0.5402658326817826, 0.5387021110242377, 0.5355746677091477, 0.5269741985926505, 0.5293197810789679, 0.527756059421423, 0.5285379202501954, 0.527756059421423, 0.5285379202501954, 0.5308835027365129, 0.5316653635652854], 'auc': [0.5475943563601562, 0.5724054357746555, 0.5882719732153724, 0.5935583705907388, 0.6032238217432531, 0.6150154763414883, 0.6209727122785562, 0.6286110513429131, 0.6357009963140028, 0.640485171653917, 0.6451831706384412, 0.6494855236237937, 0.6523690188976428, 0.6557485920811256, 0.6570415597800776, 0.6594121684117098, 0.6645425291225376, 0.668468409380638, 0.6712201771697336, 0.6727165680319378, 0.6763378030383148, 0.6795372409186189]}

Epsilon = 118.2974

{'loss': [1.2778113055639289, 1.2070881306332848, 1.166713836418641, 1.1380206070158796, 1.112346348210738, 1.0899181154857305, 1.0743246741645311, 1.0605815405301324, 1.0491225073074717, 1.0403849222028134, 1.0331682643450453, 1.0268494522226705, 1.021503525893142, 1.0174000698015782, 1.0133530688621366, 1.0102738163916742, 1.0063213361157768, 1.0039083016766899, 1.0016139216773485, 1.0005521901982943, 0.9998296439135047, 0.9978455956136929, 0.9975250469137673], 'accuracy': [0.3502736512900704, 0.3502736512900704, 0.364347146207975, 0.38702111024237684, 0.43862392494136043, 0.4659890539483972, 0.4910086004691165, 0.5043002345582487, 0.527756059421423, 0.5363565285379203, 0.5347928068803753, 0.5402658326817826, 0.5387021110242377, 0.5355746677091477, 0.5269741985926505, 0.5293197810789679, 0.527756059421423, 0.5285379202501954, 0.527756059421423, 0.5285379202501954, 0.5308835027365129, 0.5316653635652854, 0.527756059421423], 'auc': [0.5475943563601562, 0.5724054357746555, 0.5882719732153724, 0.5935583705907388, 0.6032238217432531, 0.6150154763414883, 0.6209727122785562, 0.6286110513429131, 0.6357009963140028, 0.640485171653917, 0.6451831706384412, 0.6494855236237937, 0.6523690188976428, 0.6557485920811256, 0.6570415597800776, 0.6594121684117098, 0.6645425291225376, 0.668468409380638, 0.6712201771697336, 0.6727165680319378, 0.6763378030383148, 0.6795372409186189, 0.6837029719972214]}

Epsilon = 121.7639

{'loss': [1.2778113055639289, 1.2070881306332848, 1.166713836418641, 1.1380206070158796, 1.112346348210738, 1.0899181154857305, 1.0743246741645311, 1.0605815405301324, 1.0491225073074717, 1.0403849222028134, 1.0331682643450453, 1.0268494522226705, 1.021503525893142, 1.0174000698015782, 1.0133530688621366, 1.0102738163916742, 1.0063213361157768, 1.0039083016766899, 1.0016139216773485, 1.0005521901982943, 0.9998296439135047, 0.9978455956136929, 0.9975250469137673, 0.9963118735936771], 'accuracy': [0.3502736512900704, 0.3502736512900704, 0.364347146207975, 0.38702111024237684, 0.43862392494136043, 0.4659890539483972, 0.4910086004691165, 0.5043002345582487, 0.527756059421423, 0.5363565285379203, 0.5347928068803753, 0.5402658326817826, 0.5387021110242377, 0.5355746677091477, 0.5269741985926505, 0.5293197810789679, 0.527756059421423, 0.5285379202501954, 0.527756059421423, 0.5285379202501954, 0.5308835027365129, 0.5316653635652854, 0.527756059421423, 0.5293197810789679], 'auc': [0.5475943563601562, 0.5724054357746555, 0.5882719732153724, 0.5935583705907388, 0.6032238217432531, 0.6150154763414883, 0.6209727122785562, 0.6286110513429131, 0.6357009963140028, 0.640485171653917, 0.6451831706384412, 0.6494855236237937, 0.6523690188976428, 0.6557485920811256, 0.6570415597800776, 0.6594121684117098, 0.6645425291225376, 0.668468409380638, 0.6712201771697336, 0.6727165680319378, 0.6763378030383148, 0.6795372409186189, 0.6837029719972214, 0.6853118393836826]}

Epsilon = 125.2033

{'loss': [1.2778113055639289, 1.2070881306332848, 1.166713836418641, 1.1380206070158796, 1.112346348210738, 1.0899181154857305, 1.0743246741645311, 1.0605815405301324, 1.0491225073074717, 1.0403849222028134, 1.0331682643450453, 1.0268494522226705, 1.021503525893142, 1.0174000698015782, 1.0133530688621366, 1.0102738163916742, 1.0063213361157768, 1.0039083016766899, 1.0016139216773485, 1.0005521901982943, 0.9998296439135047, 0.9978455956136929, 0.9975250469137673, 0.9963118735936771, 0.9954264600170694], 'accuracy': [0.3502736512900704, 0.3502736512900704, 0.364347146207975, 0.38702111024237684, 0.43862392494136043, 0.4659890539483972, 0.4910086004691165, 0.5043002345582487, 0.527756059421423, 0.5363565285379203, 0.5347928068803753, 0.5402658326817826, 0.5387021110242377, 0.5355746677091477, 0.5269741985926505, 0.5293197810789679, 0.527756059421423, 0.5285379202501954, 0.527756059421423, 0.5285379202501954, 0.5308835027365129, 0.5316653635652854, 0.527756059421423, 0.5293197810789679, 0.5285379202501954], 'auc': [0.5475943563601562, 0.5724054357746555, 0.5882719732153724, 0.5935583705907388, 0.6032238217432531, 0.6150154763414883, 0.6209727122785562, 0.6286110513429131, 0.6357009963140028, 0.640485171653917, 0.6451831706384412, 0.6494855236237937, 0.6523690188976428, 0.6557485920811256, 0.6570415597800776, 0.6594121684117098, 0.6645425291225376, 0.668468409380638, 0.6712201771697336, 0.6727165680319378, 0.6763378030383148, 0.6795372409186189, 0.6837029719972214, 0.6853118393836826, 0.6876137516610975]}

Epsilon = 128.6171

{'loss': [1.2778113055639289, 1.2070881306332848, 1.166713836418641, 1.1380206070158796, 1.112346348210738, 1.0899181154857305, 1.0743246741645311, 1.0605815405301324, 1.0491225073074717, 1.0403849222028134, 1.0331682643450453, 1.0268494522226705, 1.021503525893142, 1.0174000698015782, 1.0133530688621366, 1.0102738163916742, 1.0063213361157768, 1.0039083016766899, 1.0016139216773485, 1.0005521901982943, 0.9998296439135047, 0.9978455956136929, 0.9975250469137673, 0.9963118735936771, 0.9954264600170694, 0.9952477140758446], 'accuracy': [0.3502736512900704, 0.3502736512900704, 0.364347146207975, 0.38702111024237684, 0.43862392494136043, 0.4659890539483972, 0.4910086004691165, 0.5043002345582487, 0.527756059421423, 0.5363565285379203, 0.5347928068803753, 0.5402658326817826, 0.5387021110242377, 0.5355746677091477, 0.5269741985926505, 0.5293197810789679, 0.527756059421423, 0.5285379202501954, 0.527756059421423, 0.5285379202501954, 0.5308835027365129, 0.5316653635652854, 0.527756059421423, 0.5293197810789679, 0.5285379202501954, 0.5230648944487881], 'auc': [0.5475943563601562, 0.5724054357746555, 0.5882719732153724, 0.5935583705907388, 0.6032238217432531, 0.6150154763414883, 0.6209727122785562, 0.6286110513429131, 0.6357009963140028, 0.640485171653917, 0.6451831706384412, 0.6494855236237937, 0.6523690188976428, 0.6557485920811256, 0.6570415597800776, 0.6594121684117098, 0.6645425291225376, 0.668468409380638, 0.6712201771697336, 0.6727165680319378, 0.6763378030383148, 0.6795372409186189, 0.6837029719972214, 0.6853118393836826, 0.6876137516610975, 0.69015310539726]}

Epsilon = 132.0068
[92mINFO [0m:      Sent reply
02/14/2025 12:58:24:INFO:Sent reply
[92mINFO [0m:      
02/14/2025 12:59:20:INFO:
[92mINFO [0m:      Received: train message 035916a6-aae2-4268-8dd3-bf688c304517
02/14/2025 12:59:20:INFO:Received: train message 035916a6-aae2-4268-8dd3-bf688c304517
/home/dgxuser16/anaconda3/envs/ihpc/lib/python3.8/site-packages/torch/nn/modules/module.py:1640: FutureWarning: Using a non-full backward hook when the forward contains multiple autograd Nodes is deprecated and will be removed in future versions. This hook will be missing some grad_input. Please use register_full_backward_hook to get the documented behavior.
  self._maybe_warn_non_full_backward_hook(args, result, grad_fn)
[92mINFO [0m:      Sent reply
02/14/2025 12:59:46:INFO:Sent reply
[92mINFO [0m:      
02/14/2025 13:00:27:INFO:
[92mINFO [0m:      Received: evaluate message 1e467568-77bd-4692-8c7a-3a543306ad16
02/14/2025 13:00:27:INFO:Received: evaluate message 1e467568-77bd-4692-8c7a-3a543306ad16
[92mINFO [0m:      Sent reply
02/14/2025 13:00:30:INFO:Sent reply
[92mINFO [0m:      
02/14/2025 13:01:08:INFO:
[92mINFO [0m:      Received: train message 3342d956-7d71-455c-97f4-854e0ce81ae6
02/14/2025 13:01:08:INFO:Received: train message 3342d956-7d71-455c-97f4-854e0ce81ae6
/home/dgxuser16/anaconda3/envs/ihpc/lib/python3.8/site-packages/torch/nn/modules/module.py:1640: FutureWarning: Using a non-full backward hook when the forward contains multiple autograd Nodes is deprecated and will be removed in future versions. This hook will be missing some grad_input. Please use register_full_backward_hook to get the documented behavior.
  self._maybe_warn_non_full_backward_hook(args, result, grad_fn)
[92mINFO [0m:      Sent reply
02/14/2025 13:01:32:INFO:Sent reply
[92mINFO [0m:      
02/14/2025 13:02:15:INFO:
[92mINFO [0m:      Received: evaluate message 0c954504-1dda-4d22-9a57-f3a8566c0e08
02/14/2025 13:02:15:INFO:Received: evaluate message 0c954504-1dda-4d22-9a57-f3a8566c0e08
[92mINFO [0m:      Sent reply
02/14/2025 13:02:19:INFO:Sent reply
[92mINFO [0m:      
02/14/2025 13:02:37:INFO:
[92mINFO [0m:      Received: train message 2d9aa3f2-67ab-479b-8d92-c8a14f6ebc0b
02/14/2025 13:02:37:INFO:Received: train message 2d9aa3f2-67ab-479b-8d92-c8a14f6ebc0b
/home/dgxuser16/anaconda3/envs/ihpc/lib/python3.8/site-packages/torch/nn/modules/module.py:1640: FutureWarning: Using a non-full backward hook when the forward contains multiple autograd Nodes is deprecated and will be removed in future versions. This hook will be missing some grad_input. Please use register_full_backward_hook to get the documented behavior.
  self._maybe_warn_non_full_backward_hook(args, result, grad_fn)
[92mINFO [0m:      Sent reply
02/14/2025 13:03:02:INFO:Sent reply
[92mINFO [0m:      
02/14/2025 13:04:12:INFO:
[92mINFO [0m:      Received: evaluate message 9fc9dbb0-06c0-498b-a2c8-6409048e1f69
02/14/2025 13:04:12:INFO:Received: evaluate message 9fc9dbb0-06c0-498b-a2c8-6409048e1f69
[92mINFO [0m:      Sent reply
02/14/2025 13:04:14:INFO:Sent reply
[92mINFO [0m:      
02/14/2025 13:04:16:INFO:
[92mINFO [0m:      Received: reconnect message 04b75cf6-0bd8-4318-8775-f8c8e19a1433
02/14/2025 13:04:16:INFO:Received: reconnect message 04b75cf6-0bd8-4318-8775-f8c8e19a1433
02/14/2025 13:04:17:DEBUG:gRPC channel closed
[92mINFO [0m:      Disconnect and shut down
02/14/2025 13:04:17:INFO:Disconnect and shut down

{'loss': [1.2778113055639289, 1.2070881306332848, 1.166713836418641, 1.1380206070158796, 1.112346348210738, 1.0899181154857305, 1.0743246741645311, 1.0605815405301324, 1.0491225073074717, 1.0403849222028134, 1.0331682643450453, 1.0268494522226705, 1.021503525893142, 1.0174000698015782, 1.0133530688621366, 1.0102738163916742, 1.0063213361157768, 1.0039083016766899, 1.0016139216773485, 1.0005521901982943, 0.9998296439135047, 0.9978455956136929, 0.9975250469137673, 0.9963118735936771, 0.9954264600170694, 0.9952477140758446, 0.9931882945143496], 'accuracy': [0.3502736512900704, 0.3502736512900704, 0.364347146207975, 0.38702111024237684, 0.43862392494136043, 0.4659890539483972, 0.4910086004691165, 0.5043002345582487, 0.527756059421423, 0.5363565285379203, 0.5347928068803753, 0.5402658326817826, 0.5387021110242377, 0.5355746677091477, 0.5269741985926505, 0.5293197810789679, 0.527756059421423, 0.5285379202501954, 0.527756059421423, 0.5285379202501954, 0.5308835027365129, 0.5316653635652854, 0.527756059421423, 0.5293197810789679, 0.5285379202501954, 0.5230648944487881, 0.524628616106333], 'auc': [0.5475943563601562, 0.5724054357746555, 0.5882719732153724, 0.5935583705907388, 0.6032238217432531, 0.6150154763414883, 0.6209727122785562, 0.6286110513429131, 0.6357009963140028, 0.640485171653917, 0.6451831706384412, 0.6494855236237937, 0.6523690188976428, 0.6557485920811256, 0.6570415597800776, 0.6594121684117098, 0.6645425291225376, 0.668468409380638, 0.6712201771697336, 0.6727165680319378, 0.6763378030383148, 0.6795372409186189, 0.6837029719972214, 0.6853118393836826, 0.6876137516610975, 0.69015310539726, 0.6917980055133526]}

Epsilon = 135.3738

{'loss': [1.2778113055639289, 1.2070881306332848, 1.166713836418641, 1.1380206070158796, 1.112346348210738, 1.0899181154857305, 1.0743246741645311, 1.0605815405301324, 1.0491225073074717, 1.0403849222028134, 1.0331682643450453, 1.0268494522226705, 1.021503525893142, 1.0174000698015782, 1.0133530688621366, 1.0102738163916742, 1.0063213361157768, 1.0039083016766899, 1.0016139216773485, 1.0005521901982943, 0.9998296439135047, 0.9978455956136929, 0.9975250469137673, 0.9963118735936771, 0.9954264600170694, 0.9952477140758446, 0.9931882945143496, 0.9925277714994012], 'accuracy': [0.3502736512900704, 0.3502736512900704, 0.364347146207975, 0.38702111024237684, 0.43862392494136043, 0.4659890539483972, 0.4910086004691165, 0.5043002345582487, 0.527756059421423, 0.5363565285379203, 0.5347928068803753, 0.5402658326817826, 0.5387021110242377, 0.5355746677091477, 0.5269741985926505, 0.5293197810789679, 0.527756059421423, 0.5285379202501954, 0.527756059421423, 0.5285379202501954, 0.5308835027365129, 0.5316653635652854, 0.527756059421423, 0.5293197810789679, 0.5285379202501954, 0.5230648944487881, 0.524628616106333, 0.5261923377638781], 'auc': [0.5475943563601562, 0.5724054357746555, 0.5882719732153724, 0.5935583705907388, 0.6032238217432531, 0.6150154763414883, 0.6209727122785562, 0.6286110513429131, 0.6357009963140028, 0.640485171653917, 0.6451831706384412, 0.6494855236237937, 0.6523690188976428, 0.6557485920811256, 0.6570415597800776, 0.6594121684117098, 0.6645425291225376, 0.668468409380638, 0.6712201771697336, 0.6727165680319378, 0.6763378030383148, 0.6795372409186189, 0.6837029719972214, 0.6853118393836826, 0.6876137516610975, 0.69015310539726, 0.6917980055133526, 0.6909697296376579]}

Epsilon = 138.7191

{'loss': [1.2778113055639289, 1.2070881306332848, 1.166713836418641, 1.1380206070158796, 1.112346348210738, 1.0899181154857305, 1.0743246741645311, 1.0605815405301324, 1.0491225073074717, 1.0403849222028134, 1.0331682643450453, 1.0268494522226705, 1.021503525893142, 1.0174000698015782, 1.0133530688621366, 1.0102738163916742, 1.0063213361157768, 1.0039083016766899, 1.0016139216773485, 1.0005521901982943, 0.9998296439135047, 0.9978455956136929, 0.9975250469137673, 0.9963118735936771, 0.9954264600170694, 0.9952477140758446, 0.9931882945143496, 0.9925277714994012, 0.9929172416698941], 'accuracy': [0.3502736512900704, 0.3502736512900704, 0.364347146207975, 0.38702111024237684, 0.43862392494136043, 0.4659890539483972, 0.4910086004691165, 0.5043002345582487, 0.527756059421423, 0.5363565285379203, 0.5347928068803753, 0.5402658326817826, 0.5387021110242377, 0.5355746677091477, 0.5269741985926505, 0.5293197810789679, 0.527756059421423, 0.5285379202501954, 0.527756059421423, 0.5285379202501954, 0.5308835027365129, 0.5316653635652854, 0.527756059421423, 0.5293197810789679, 0.5285379202501954, 0.5230648944487881, 0.524628616106333, 0.5261923377638781, 0.5238467552775606], 'auc': [0.5475943563601562, 0.5724054357746555, 0.5882719732153724, 0.5935583705907388, 0.6032238217432531, 0.6150154763414883, 0.6209727122785562, 0.6286110513429131, 0.6357009963140028, 0.640485171653917, 0.6451831706384412, 0.6494855236237937, 0.6523690188976428, 0.6557485920811256, 0.6570415597800776, 0.6594121684117098, 0.6645425291225376, 0.668468409380638, 0.6712201771697336, 0.6727165680319378, 0.6763378030383148, 0.6795372409186189, 0.6837029719972214, 0.6853118393836826, 0.6876137516610975, 0.69015310539726, 0.6917980055133526, 0.6909697296376579, 0.6919200085645554]}

Epsilon = 142.0441

{'loss': [1.2778113055639289, 1.2070881306332848, 1.166713836418641, 1.1380206070158796, 1.112346348210738, 1.0899181154857305, 1.0743246741645311, 1.0605815405301324, 1.0491225073074717, 1.0403849222028134, 1.0331682643450453, 1.0268494522226705, 1.021503525893142, 1.0174000698015782, 1.0133530688621366, 1.0102738163916742, 1.0063213361157768, 1.0039083016766899, 1.0016139216773485, 1.0005521901982943, 0.9998296439135047, 0.9978455956136929, 0.9975250469137673, 0.9963118735936771, 0.9954264600170694, 0.9952477140758446, 0.9931882945143496, 0.9925277714994012, 0.9929172416698941, 0.9932432880245027], 'accuracy': [0.3502736512900704, 0.3502736512900704, 0.364347146207975, 0.38702111024237684, 0.43862392494136043, 0.4659890539483972, 0.4910086004691165, 0.5043002345582487, 0.527756059421423, 0.5363565285379203, 0.5347928068803753, 0.5402658326817826, 0.5387021110242377, 0.5355746677091477, 0.5269741985926505, 0.5293197810789679, 0.527756059421423, 0.5285379202501954, 0.527756059421423, 0.5285379202501954, 0.5308835027365129, 0.5316653635652854, 0.527756059421423, 0.5293197810789679, 0.5285379202501954, 0.5230648944487881, 0.524628616106333, 0.5261923377638781, 0.5238467552775606, 0.5183737294761532], 'auc': [0.5475943563601562, 0.5724054357746555, 0.5882719732153724, 0.5935583705907388, 0.6032238217432531, 0.6150154763414883, 0.6209727122785562, 0.6286110513429131, 0.6357009963140028, 0.640485171653917, 0.6451831706384412, 0.6494855236237937, 0.6523690188976428, 0.6557485920811256, 0.6570415597800776, 0.6594121684117098, 0.6645425291225376, 0.668468409380638, 0.6712201771697336, 0.6727165680319378, 0.6763378030383148, 0.6795372409186189, 0.6837029719972214, 0.6853118393836826, 0.6876137516610975, 0.69015310539726, 0.6917980055133526, 0.6909697296376579, 0.6919200085645554, 0.6939640271310454]}



{'loss': [1.2778113055639289, 1.2070881306332848, 1.166713836418641, 1.1380206070158796, 1.112346348210738, 1.0899181154857305, 1.0743246741645311, 1.0605815405301324, 1.0491225073074717, 1.0403849222028134, 1.0331682643450453, 1.0268494522226705, 1.021503525893142, 1.0174000698015782, 1.0133530688621366, 1.0102738163916742, 1.0063213361157768, 1.0039083016766899, 1.0016139216773485, 1.0005521901982943, 0.9998296439135047, 0.9978455956136929, 0.9975250469137673, 0.9963118735936771, 0.9954264600170694, 0.9952477140758446, 0.9931882945143496, 0.9925277714994012, 0.9929172416698941, 0.9932432880245027], 'accuracy': [0.3502736512900704, 0.3502736512900704, 0.364347146207975, 0.38702111024237684, 0.43862392494136043, 0.4659890539483972, 0.4910086004691165, 0.5043002345582487, 0.527756059421423, 0.5363565285379203, 0.5347928068803753, 0.5402658326817826, 0.5387021110242377, 0.5355746677091477, 0.5269741985926505, 0.5293197810789679, 0.527756059421423, 0.5285379202501954, 0.527756059421423, 0.5285379202501954, 0.5308835027365129, 0.5316653635652854, 0.527756059421423, 0.5293197810789679, 0.5285379202501954, 0.5230648944487881, 0.524628616106333, 0.5261923377638781, 0.5238467552775606, 0.5183737294761532], 'auc': [0.5475943563601562, 0.5724054357746555, 0.5882719732153724, 0.5935583705907388, 0.6032238217432531, 0.6150154763414883, 0.6209727122785562, 0.6286110513429131, 0.6357009963140028, 0.640485171653917, 0.6451831706384412, 0.6494855236237937, 0.6523690188976428, 0.6557485920811256, 0.6570415597800776, 0.6594121684117098, 0.6645425291225376, 0.668468409380638, 0.6712201771697336, 0.6727165680319378, 0.6763378030383148, 0.6795372409186189, 0.6837029719972214, 0.6853118393836826, 0.6876137516610975, 0.69015310539726, 0.6917980055133526, 0.6909697296376579, 0.6919200085645554, 0.6939640271310454]}
